== Node distribution == 
== p=384 processes on 8 nodes ==
--  Node: 'c506-072.stampede2.tacc.utexas.edu' (48/384)
        Ranks: 0, 1, 2, 3, 4, 5, 6, 7, 8, 9, 10, 11, 12, 13, 14, 15, 16, 17, 18, 19, 20, 21, 22, 23, 24, 25, 26, 27, 28, 29, 30, 31, 32, 33, 34, 35, 36, 37, 38, 39, 40, 41, 42, 43, 44, 45, 46, 47
--  Node: 'c506-073.stampede2.tacc.utexas.edu' (48/384)
        Ranks: 48, 49, 50, 51, 52, 53, 54, 55, 56, 57, 58, 59, 60, 61, 62, 63, 64, 65, 66, 67, 68, 69, 70, 71, 72, 73, 74, 75, 76, 77, 78, 79, 80, 81, 82, 83, 84, 85, 86, 87, 88, 89, 90, 91, 92, 93, 94, 95
--  Node: 'c506-074.stampede2.tacc.utexas.edu' (48/384)
        Ranks: 96, 97, 98, 99, 100, 101, 102, 103, 104, 105, 106, 107, 108, 109, 110, 111, 112, 113, 114, 115, 116, 117, 118, 119, 120, 121, 122, 123, 124, 125, 126, 127, 128, 129, 130, 131, 132, 133, 134, 135, 136, 137, 138, 139, 140, 141, 142, 143
--  Node: 'c506-102.stampede2.tacc.utexas.edu' (48/384)
        Ranks: 144, 145, 146, 147, 148, 149, 150, 151, 152, 153, 154, 155, 156, 157, 158, 159, 160, 161, 162, 163, 164, 165, 166, 167, 168, 169, 170, 171, 172, 173, 174, 175, 176, 177, 178, 179, 180, 181, 182, 183, 184, 185, 186, 187, 188, 189, 190, 191
--  Node: 'c506-103.stampede2.tacc.utexas.edu' (48/384)
        Ranks: 192, 193, 194, 195, 196, 197, 198, 199, 200, 201, 202, 203, 204, 205, 206, 207, 208, 209, 210, 211, 212, 213, 214, 215, 216, 217, 218, 219, 220, 221, 222, 223, 224, 225, 226, 227, 228, 229, 230, 231, 232, 233, 234, 235, 236, 237, 238, 239
--  Node: 'c506-104.stampede2.tacc.utexas.edu' (48/384)
        Ranks: 240, 241, 242, 243, 244, 245, 246, 247, 248, 249, 250, 251, 252, 253, 254, 255, 256, 257, 258, 259, 260, 261, 262, 263, 264, 265, 266, 267, 268, 269, 270, 271, 272, 273, 274, 275, 276, 277, 278, 279, 280, 281, 282, 283, 284, 285, 286, 287
--  Node: 'c506-111.stampede2.tacc.utexas.edu' (48/384)
        Ranks: 288, 289, 290, 291, 292, 293, 294, 295, 296, 297, 298, 299, 300, 301, 302, 303, 304, 305, 306, 307, 308, 309, 310, 311, 312, 313, 314, 315, 316, 317, 318, 319, 320, 321, 322, 323, 324, 325, 326, 327, 328, 329, 330, 331, 332, 333, 334, 335
--  Node: 'c506-123.stampede2.tacc.utexas.edu' (48/384)
        Ranks: 336, 337, 338, 339, 340, 341, 342, 343, 344, 345, 346, 347, 348, 349, 350, 351, 352, 353, 354, 355, 356, 357, 358, 359, 360, 361, 362, 363, 364, 365, 366, 367, 368, 369, 370, 371, 372, 373, 374, 375, 376, 377, 378, 379, 380, 381, 382, 383
TIMER	5.891e+02	5.904e+02	5.917e+02	2	desa_read: read str
TIMER	9.110e+03	9.110e+03	9.110e+03	2	desa_read: read SA
TIMER	2.026e+02	2.044e+02	2.059e+02	2	desa_read: init q-mer hist
TIMER	1.341e-01	1.974e+00	3.859e+00	3	repartition: 1D-partition
TIMER	5.350e+02	5.368e+02	5.499e+02	3	repartition: redistribute
TIMER	5.583e+02	5.583e+02	5.596e+02	2	desa_read: repartition
TIMER	9.290e+01	1.089e+02	2.557e+02	2	desa_read: RMQ construct
TIMER	1.153e+04	4.787e+04	5.540e+04	1	read patterns file
TIMER	1.058e+03	1.119e+03	1.371e+03	2	Phase I: local queries
TIMER	7.242e+02	7.395e+02	7.519e+02	2	Phase I: all2all patterns
TIMER	3.343e+03	3.884e+03	5.093e+03	2	Phase II: local_locate_possible
TIMER	1.028e+03	1.043e+03	1.052e+03	2	all2all patterns for cmp
TIMER	1.432e+02	1.500e+02	1.897e+02	2	Phase III: local strcmp
TIMER	3.608e+01	3.710e+01	3.907e+01	2	return P3 results
TIMER	9.066e+01	9.700e+01	1.115e+02	2	return P2 results
TIMER	8.618e+03	8.629e+03	8.638e+03	1	bulk_locate
TIMER	1.028e+03	1.075e+03	1.173e+03	2	Phase I: local queries
TIMER	7.049e+02	7.146e+02	7.218e+02	2	Phase I: all2all patterns
TIMER	3.340e+03	3.849e+03	4.965e+03	2	Phase II: local_locate_possible
TIMER	9.710e+02	9.877e+02	1.001e+03	2	all2all patterns for cmp
TIMER	1.427e+02	1.474e+02	1.612e+02	2	Phase III: local strcmp
TIMER	3.449e+01	3.508e+01	3.667e+01	2	return P3 results
TIMER	9.273e+01	9.564e+01	1.047e+02	2	return P2 results
TIMER	8.170e+03	8.181e+03	8.186e+03	1	bulk_locate
TIMER	1.030e+03	1.070e+03	1.186e+03	2	Phase I: local queries
TIMER	7.518e+02	7.613e+02	7.704e+02	2	Phase I: all2all patterns
TIMER	3.346e+03	3.836e+03	4.960e+03	2	Phase II: local_locate_possible
TIMER	9.842e+02	9.926e+02	9.981e+02	2	all2all patterns for cmp
TIMER	1.425e+02	1.478e+02	1.919e+02	2	Phase III: local strcmp
TIMER	3.447e+01	3.520e+01	3.722e+01	2	return P3 results
TIMER	8.898e+01	9.091e+01	9.655e+01	2	return P2 results
TIMER	8.246e+03	8.257e+03	8.262e+03	1	bulk_locate
TIMER	1.026e+03	1.072e+03	1.148e+03	2	Phase I: local queries
TIMER	7.043e+02	7.131e+02	7.216e+02	2	Phase I: all2all patterns
TIMER	3.341e+03	3.832e+03	4.962e+03	2	Phase II: local_locate_possible
TIMER	9.759e+02	9.940e+02	1.006e+03	2	all2all patterns for cmp
TIMER	1.426e+02	1.471e+02	1.566e+02	2	Phase III: local strcmp
TIMER	3.487e+01	3.581e+01	3.788e+01	2	return P3 results
TIMER	8.989e+01	9.241e+01	9.440e+01	2	return P2 results
TIMER	8.133e+03	8.143e+03	8.148e+03	1	bulk_locate
TIMER	1.028e+03	1.067e+03	1.132e+03	2	Phase I: local queries
TIMER	7.132e+02	7.257e+02	7.308e+02	2	Phase I: all2all patterns
TIMER	3.340e+03	3.831e+03	4.959e+03	2	Phase II: local_locate_possible
TIMER	9.699e+02	9.824e+02	9.946e+02	2	all2all patterns for cmp
TIMER	1.424e+02	1.472e+02	1.597e+02	2	Phase III: local strcmp
TIMER	3.476e+01	3.527e+01	3.717e+01	2	return P3 results
TIMER	9.027e+01	9.273e+01	9.465e+01	2	return P2 results
TIMER	8.114e+03	8.125e+03	8.128e+03	1	bulk_locate
TIMER	1.026e+03	1.067e+03	1.130e+03	2	Phase I: local queries
TIMER	7.109e+02	7.333e+02	7.465e+02	2	Phase I: all2all patterns
TIMER	3.345e+03	3.833e+03	4.965e+03	2	Phase II: local_locate_possible
TIMER	1.000e+03	1.019e+03	1.032e+03	2	all2all patterns for cmp
TIMER	1.426e+02	1.473e+02	1.540e+02	2	Phase III: local strcmp
TIMER	3.412e+01	3.462e+01	3.634e+01	2	return P3 results
TIMER	8.978e+01	9.382e+01	9.595e+01	2	return P2 results
TIMER	8.167e+03	8.177e+03	8.182e+03	1	bulk_locate
TIMER	1.025e+03	1.068e+03	1.127e+03	2	Phase I: local queries
TIMER	7.292e+02	7.437e+02	7.538e+02	2	Phase I: all2all patterns
TIMER	3.342e+03	3.831e+03	4.951e+03	2	Phase II: local_locate_possible
TIMER	9.758e+02	9.991e+02	1.007e+03	2	all2all patterns for cmp
TIMER	1.424e+02	1.472e+02	1.542e+02	2	Phase III: local strcmp
TIMER	3.442e+01	3.506e+01	3.582e+01	2	return P3 results
TIMER	8.742e+01	9.036e+01	9.327e+01	2	return P2 results
TIMER	8.129e+03	8.140e+03	8.143e+03	1	bulk_locate
TIMER	1.028e+03	1.067e+03	1.115e+03	2	Phase I: local queries
TIMER	7.224e+02	7.330e+02	7.403e+02	2	Phase I: all2all patterns
TIMER	3.342e+03	3.831e+03	4.962e+03	2	Phase II: local_locate_possible
TIMER	9.668e+02	9.756e+02	9.827e+02	2	all2all patterns for cmp
TIMER	1.421e+02	1.473e+02	1.925e+02	2	Phase III: local strcmp
TIMER	3.392e+01	3.482e+01	3.625e+01	2	return P3 results
TIMER	8.806e+01	9.080e+01	9.438e+01	2	return P2 results
TIMER	8.130e+03	8.141e+03	8.147e+03	1	bulk_locate
TIMER	1.026e+03	1.067e+03	1.151e+03	2	Phase I: local queries
TIMER	7.274e+02	7.518e+02	7.638e+02	2	Phase I: all2all patterns
TIMER	3.346e+03	3.830e+03	4.954e+03	2	Phase II: local_locate_possible
TIMER	9.619e+02	9.733e+02	9.806e+02	2	all2all patterns for cmp
TIMER	1.424e+02	1.470e+02	1.541e+02	2	Phase III: local strcmp
TIMER	3.465e+01	3.505e+01	3.675e+01	2	return P3 results
TIMER	8.907e+01	9.150e+01	9.325e+01	2	return P2 results
TIMER	8.140e+03	8.150e+03	8.153e+03	1	bulk_locate
TIMER	1.027e+03	1.066e+03	1.099e+03	2	Phase I: local queries
TIMER	7.488e+02	7.611e+02	7.706e+02	2	Phase I: all2all patterns
TIMER	3.338e+03	3.831e+03	4.955e+03	2	Phase II: local_locate_possible
TIMER	9.284e+02	9.380e+02	9.462e+02	2	all2all patterns for cmp
TIMER	1.424e+02	1.472e+02	1.556e+02	2	Phase III: local strcmp
TIMER	3.374e+01	3.423e+01	3.605e+01	2	return P3 results
TIMER	8.807e+01	9.208e+01	9.512e+01	2	return P2 results
TIMER	8.065e+03	8.076e+03	8.080e+03	1	bulk_locate
