== Node distribution == 
== p=96 processes on 2 nodes ==
--  Node: 'c506-072.stampede2.tacc.utexas.edu' (48/96)
        Ranks: 0, 1, 2, 3, 4, 5, 6, 7, 8, 9, 10, 11, 12, 13, 14, 15, 16, 17, 18, 19, 20, 21, 22, 23, 24, 25, 26, 27, 28, 29, 30, 31, 32, 33, 34, 35, 36, 37, 38, 39, 40, 41, 42, 43, 44, 45, 46, 47
--  Node: 'c506-073.stampede2.tacc.utexas.edu' (48/96)
        Ranks: 48, 49, 50, 51, 52, 53, 54, 55, 56, 57, 58, 59, 60, 61, 62, 63, 64, 65, 66, 67, 68, 69, 70, 71, 72, 73, 74, 75, 76, 77, 78, 79, 80, 81, 82, 83, 84, 85, 86, 87, 88, 89, 90, 91, 92, 93, 94, 95
TIMER	7.043e+02	7.045e+02	7.046e+02	2	desa_read: read str
TIMER	9.355e+03	9.355e+03	9.355e+03	2	desa_read: read SA
TIMER	6.089e+02	6.090e+02	6.090e+02	2	desa_read: init q-mer hist
TIMER	3.221e-02	1.532e-01	2.728e-01	3	repartition: 1D-partition
TIMER	6.730e+02	6.744e+02	6.752e+02	3	repartition: redistribute
TIMER	6.759e+02	6.759e+02	6.762e+02	2	desa_read: repartition
TIMER	3.931e+02	3.992e+02	4.058e+02	2	desa_read: RMQ construct
TIMER	1.239e+04	1.821e+04	2.402e+04	1	read patterns file
TIMER	7.765e+02	7.915e+02	8.211e+02	2	Phase I: local queries
TIMER	4.759e+02	4.937e+02	5.035e+02	2	Phase I: all2all patterns
TIMER	4.178e+03	4.664e+03	5.363e+03	2	Phase II: local_locate_possible
TIMER	6.966e+02	7.184e+02	7.421e+02	2	all2all patterns for cmp
TIMER	2.233e+02	2.298e+02	2.672e+02	2	Phase III: local strcmp
TIMER	2.778e+01	3.100e+01	3.254e+01	2	return P3 results
TIMER	5.771e+01	6.131e+01	6.464e+01	2	return P2 results
TIMER	7.804e+03	7.840e+03	7.909e+03	1	bulk_locate
TIMER	7.852e+02	7.975e+02	8.263e+02	2	Phase I: local queries
TIMER	4.752e+02	5.016e+02	5.169e+02	2	Phase I: all2all patterns
TIMER	4.178e+03	4.662e+03	5.362e+03	2	Phase II: local_locate_possible
TIMER	6.683e+02	7.029e+02	7.240e+02	2	all2all patterns for cmp
TIMER	2.225e+02	2.287e+02	2.386e+02	2	Phase III: local strcmp
TIMER	2.014e+01	2.269e+01	2.411e+01	2	return P3 results
TIMER	5.927e+01	6.117e+01	6.292e+01	2	return P2 results
TIMER	7.766e+03	7.801e+03	7.870e+03	1	bulk_locate
TIMER	7.733e+02	7.871e+02	8.190e+02	2	Phase I: local queries
TIMER	4.760e+02	4.981e+02	5.103e+02	2	Phase I: all2all patterns
TIMER	4.177e+03	4.661e+03	5.359e+03	2	Phase II: local_locate_possible
TIMER	6.642e+02	6.947e+02	7.154e+02	2	all2all patterns for cmp
TIMER	2.232e+02	2.285e+02	2.386e+02	2	Phase III: local strcmp
TIMER	2.023e+01	2.260e+01	2.409e+01	2	return P3 results
TIMER	5.799e+01	6.021e+01	6.267e+01	2	return P2 results
TIMER	7.739e+03	7.775e+03	7.846e+03	1	bulk_locate
TIMER	7.754e+02	7.864e+02	8.159e+02	2	Phase I: local queries
TIMER	4.839e+02	4.990e+02	5.063e+02	2	Phase I: all2all patterns
TIMER	4.185e+03	4.663e+03	5.361e+03	2	Phase II: local_locate_possible
TIMER	6.606e+02	6.924e+02	7.104e+02	2	all2all patterns for cmp
TIMER	2.226e+02	2.287e+02	2.378e+02	2	Phase III: local strcmp
TIMER	2.299e+01	2.487e+01	2.635e+01	2	return P3 results
TIMER	5.660e+01	6.063e+01	6.264e+01	2	return P2 results
TIMER	7.730e+03	7.766e+03	7.837e+03	1	bulk_locate
TIMER	7.715e+02	7.852e+02	8.201e+02	2	Phase I: local queries
TIMER	4.773e+02	4.964e+02	5.025e+02	2	Phase I: all2all patterns
TIMER	4.186e+03	4.664e+03	5.353e+03	2	Phase II: local_locate_possible
TIMER	6.624e+02	6.925e+02	7.196e+02	2	all2all patterns for cmp
TIMER	2.230e+02	2.287e+02	2.390e+02	2	Phase III: local strcmp
TIMER	1.996e+01	2.207e+01	2.397e+01	2	return P3 results
TIMER	5.765e+01	6.096e+01	6.323e+01	2	return P2 results
TIMER	7.733e+03	7.767e+03	7.837e+03	1	bulk_locate
TIMER	7.751e+02	7.860e+02	8.106e+02	2	Phase I: local queries
TIMER	4.850e+02	4.997e+02	5.078e+02	2	Phase I: all2all patterns
TIMER	4.183e+03	4.660e+03	5.352e+03	2	Phase II: local_locate_possible
TIMER	6.596e+02	6.967e+02	7.222e+02	2	all2all patterns for cmp
TIMER	2.222e+02	2.284e+02	2.379e+02	2	Phase III: local strcmp
TIMER	2.030e+01	2.254e+01	2.408e+01	2	return P3 results
TIMER	5.757e+01	6.064e+01	6.168e+01	2	return P2 results
TIMER	7.727e+03	7.762e+03	7.834e+03	1	bulk_locate
TIMER	7.718e+02	7.836e+02	8.130e+02	2	Phase I: local queries
TIMER	4.721e+02	4.954e+02	5.069e+02	2	Phase I: all2all patterns
TIMER	4.184e+03	4.661e+03	5.358e+03	2	Phase II: local_locate_possible
TIMER	6.660e+02	6.944e+02	7.172e+02	2	all2all patterns for cmp
TIMER	2.228e+02	2.285e+02	2.392e+02	2	Phase III: local strcmp
TIMER	2.011e+01	2.246e+01	2.384e+01	2	return P3 results
TIMER	5.761e+01	6.053e+01	6.278e+01	2	return P2 results
TIMER	7.733e+03	7.767e+03	7.837e+03	1	bulk_locate
TIMER	7.754e+02	7.868e+02	8.236e+02	2	Phase I: local queries
TIMER	4.726e+02	4.983e+02	5.084e+02	2	Phase I: all2all patterns
TIMER	4.176e+03	4.663e+03	5.364e+03	2	Phase II: local_locate_possible
TIMER	6.608e+02	6.873e+02	7.108e+02	2	all2all patterns for cmp
TIMER	2.236e+02	2.288e+02	2.376e+02	2	Phase III: local strcmp
TIMER	1.999e+01	2.234e+01	2.380e+01	2	return P3 results
TIMER	5.809e+01	6.066e+01	6.285e+01	2	return P2 results
TIMER	7.742e+03	7.776e+03	7.847e+03	1	bulk_locate
TIMER	7.741e+02	7.858e+02	8.126e+02	2	Phase I: local queries
TIMER	4.647e+02	4.905e+02	4.991e+02	2	Phase I: all2all patterns
TIMER	4.178e+03	4.661e+03	5.358e+03	2	Phase II: local_locate_possible
TIMER	6.625e+02	6.920e+02	7.158e+02	2	all2all patterns for cmp
TIMER	2.226e+02	2.285e+02	2.374e+02	2	Phase III: local strcmp
TIMER	2.010e+01	2.250e+01	2.397e+01	2	return P3 results
TIMER	5.807e+01	6.081e+01	6.209e+01	2	return P2 results
TIMER	7.720e+03	7.754e+03	7.825e+03	1	bulk_locate
TIMER	7.744e+02	7.854e+02	8.111e+02	2	Phase I: local queries
TIMER	4.742e+02	4.946e+02	5.021e+02	2	Phase I: all2all patterns
TIMER	4.178e+03	4.660e+03	5.359e+03	2	Phase II: local_locate_possible
TIMER	6.617e+02	6.969e+02	7.155e+02	2	all2all patterns for cmp
TIMER	2.226e+02	2.278e+02	2.382e+02	2	Phase III: local strcmp
TIMER	2.223e+01	2.463e+01	2.595e+01	2	return P3 results
TIMER	5.758e+01	6.057e+01	6.164e+01	2	return P2 results
TIMER	7.725e+03	7.760e+03	7.829e+03	1	bulk_locate
