== Node distribution == 
== p=384 processes on 8 nodes ==
--  Node: 'c479-052.stampede2.tacc.utexas.edu' (48/384)
        Ranks: 0, 1, 2, 3, 4, 5, 6, 7, 8, 9, 10, 11, 12, 13, 14, 15, 16, 17, 18, 19, 20, 21, 22, 23, 24, 25, 26, 27, 28, 29, 30, 31, 32, 33, 34, 35, 36, 37, 38, 39, 40, 41, 42, 43, 44, 45, 46, 47
--  Node: 'c479-093.stampede2.tacc.utexas.edu' (48/384)
        Ranks: 48, 49, 50, 51, 52, 53, 54, 55, 56, 57, 58, 59, 60, 61, 62, 63, 64, 65, 66, 67, 68, 69, 70, 71, 72, 73, 74, 75, 76, 77, 78, 79, 80, 81, 82, 83, 84, 85, 86, 87, 88, 89, 90, 91, 92, 93, 94, 95
--  Node: 'c479-094.stampede2.tacc.utexas.edu' (48/384)
        Ranks: 96, 97, 98, 99, 100, 101, 102, 103, 104, 105, 106, 107, 108, 109, 110, 111, 112, 113, 114, 115, 116, 117, 118, 119, 120, 121, 122, 123, 124, 125, 126, 127, 128, 129, 130, 131, 132, 133, 134, 135, 136, 137, 138, 139, 140, 141, 142, 143
--  Node: 'c480-064.stampede2.tacc.utexas.edu' (48/384)
        Ranks: 144, 145, 146, 147, 148, 149, 150, 151, 152, 153, 154, 155, 156, 157, 158, 159, 160, 161, 162, 163, 164, 165, 166, 167, 168, 169, 170, 171, 172, 173, 174, 175, 176, 177, 178, 179, 180, 181, 182, 183, 184, 185, 186, 187, 188, 189, 190, 191
--  Node: 'c480-102.stampede2.tacc.utexas.edu' (48/384)
        Ranks: 192, 193, 194, 195, 196, 197, 198, 199, 200, 201, 202, 203, 204, 205, 206, 207, 208, 209, 210, 211, 212, 213, 214, 215, 216, 217, 218, 219, 220, 221, 222, 223, 224, 225, 226, 227, 228, 229, 230, 231, 232, 233, 234, 235, 236, 237, 238, 239
--  Node: 'c480-134.stampede2.tacc.utexas.edu' (48/384)
        Ranks: 240, 241, 242, 243, 244, 245, 246, 247, 248, 249, 250, 251, 252, 253, 254, 255, 256, 257, 258, 259, 260, 261, 262, 263, 264, 265, 266, 267, 268, 269, 270, 271, 272, 273, 274, 275, 276, 277, 278, 279, 280, 281, 282, 283, 284, 285, 286, 287
--  Node: 'c481-014.stampede2.tacc.utexas.edu' (48/384)
        Ranks: 288, 289, 290, 291, 292, 293, 294, 295, 296, 297, 298, 299, 300, 301, 302, 303, 304, 305, 306, 307, 308, 309, 310, 311, 312, 313, 314, 315, 316, 317, 318, 319, 320, 321, 322, 323, 324, 325, 326, 327, 328, 329, 330, 331, 332, 333, 334, 335
--  Node: 'c483-111.stampede2.tacc.utexas.edu' (48/384)
        Ranks: 336, 337, 338, 339, 340, 341, 342, 343, 344, 345, 346, 347, 348, 349, 350, 351, 352, 353, 354, 355, 356, 357, 358, 359, 360, 361, 362, 363, 364, 365, 366, 367, 368, 369, 370, 371, 372, 373, 374, 375, 376, 377, 378, 379, 380, 381, 382, 383
TIMER	5.404e+02	5.406e+02	5.407e+02	2	desa_read: read str
TIMER	9.687e+03	9.687e+03	9.687e+03	2	desa_read: read SA
TIMER	1.723e+02	1.726e+02	1.728e+02	2	desa_read: init q-mer hist
TIMER	1.293e-01	2.795e-01	3.855e-01	3	repartition: 1D-partition
TIMER	1.775e+02	1.778e+02	1.786e+02	3	repartition: redistribute
TIMER	1.810e+02	1.810e+02	1.818e+02	2	desa_read: repartition
TIMER	9.298e+01	9.627e+01	9.922e+01	2	desa_read: RMQ construct
TIMER	1.139e+04	1.455e+04	1.971e+04	1	read patterns file
TIMER	1.051e+03	1.081e+03	1.173e+03	2	Phase I: local queries
TIMER	7.634e+02	7.768e+02	7.858e+02	2	Phase I: all2all patterns
TIMER	3.351e+03	3.828e+03	4.968e+03	2	Phase II: local_locate_possible
TIMER	9.041e+02	9.182e+02	9.309e+02	2	all2all patterns for cmp
TIMER	1.429e+02	1.497e+02	1.859e+02	2	Phase III: local strcmp
TIMER	3.381e+01	3.495e+01	3.675e+01	2	return P3 results
TIMER	9.301e+01	9.789e+01	1.003e+02	2	return P2 results
TIMER	8.188e+03	8.207e+03	8.343e+03	1	bulk_locate
TIMER	1.048e+03	1.077e+03	1.197e+03	2	Phase I: local queries
TIMER	7.416e+02	7.644e+02	7.776e+02	2	Phase I: all2all patterns
TIMER	3.360e+03	3.826e+03	4.968e+03	2	Phase II: local_locate_possible
TIMER	8.696e+02	8.867e+02	9.002e+02	2	all2all patterns for cmp
TIMER	1.428e+02	1.491e+02	1.884e+02	2	Phase III: local strcmp
TIMER	3.459e+01	3.570e+01	3.866e+01	2	return P3 results
TIMER	9.662e+01	9.868e+01	1.006e+02	2	return P2 results
TIMER	8.180e+03	8.199e+03	8.339e+03	1	bulk_locate
TIMER	1.049e+03	1.074e+03	1.158e+03	2	Phase I: local queries
TIMER	7.424e+02	7.597e+02	7.715e+02	2	Phase I: all2all patterns
TIMER	3.345e+03	3.828e+03	4.973e+03	2	Phase II: local_locate_possible
TIMER	8.992e+02	9.128e+02	9.280e+02	2	all2all patterns for cmp
TIMER	1.432e+02	1.496e+02	1.910e+02	2	Phase III: local strcmp
TIMER	3.333e+01	3.475e+01	3.655e+01	2	return P3 results
TIMER	9.700e+01	9.979e+01	1.018e+02	2	return P2 results
TIMER	8.169e+03	8.188e+03	8.330e+03	1	bulk_locate
TIMER	1.039e+03	1.076e+03	1.167e+03	2	Phase I: local queries
TIMER	7.459e+02	7.619e+02	7.725e+02	2	Phase I: all2all patterns
TIMER	3.360e+03	3.826e+03	4.964e+03	2	Phase II: local_locate_possible
TIMER	8.943e+02	9.202e+02	9.374e+02	2	all2all patterns for cmp
TIMER	1.427e+02	1.489e+02	1.953e+02	2	Phase III: local strcmp
TIMER	3.554e+01	3.621e+01	3.777e+01	2	return P3 results
TIMER	9.783e+01	1.003e+02	1.044e+02	2	return P2 results
TIMER	8.190e+03	8.209e+03	8.349e+03	1	bulk_locate
TIMER	1.037e+03	1.073e+03	1.158e+03	2	Phase I: local queries
TIMER	7.438e+02	7.521e+02	7.600e+02	2	Phase I: all2all patterns
TIMER	3.353e+03	3.826e+03	4.969e+03	2	Phase II: local_locate_possible
TIMER	9.056e+02	9.159e+02	9.342e+02	2	all2all patterns for cmp
TIMER	1.427e+02	1.491e+02	1.908e+02	2	Phase III: local strcmp
TIMER	3.398e+01	3.484e+01	3.767e+01	2	return P3 results
TIMER	9.659e+01	1.001e+02	1.037e+02	2	return P2 results
TIMER	8.163e+03	8.181e+03	8.322e+03	1	bulk_locate
TIMER	1.037e+03	1.075e+03	1.161e+03	2	Phase I: local queries
TIMER	7.471e+02	7.606e+02	7.724e+02	2	Phase I: all2all patterns
TIMER	3.353e+03	3.827e+03	4.962e+03	2	Phase II: local_locate_possible
TIMER	8.712e+02	8.795e+02	8.900e+02	2	all2all patterns for cmp
TIMER	1.431e+02	1.495e+02	1.899e+02	2	Phase III: local strcmp
TIMER	3.487e+01	3.556e+01	3.835e+01	2	return P3 results
TIMER	9.672e+01	9.943e+01	1.018e+02	2	return P2 results
TIMER	8.125e+03	8.144e+03	8.291e+03	1	bulk_locate
TIMER	1.036e+03	1.075e+03	1.157e+03	2	Phase I: local queries
TIMER	7.657e+02	7.781e+02	7.859e+02	2	Phase I: all2all patterns
TIMER	3.352e+03	3.826e+03	4.968e+03	2	Phase II: local_locate_possible
TIMER	8.858e+02	8.988e+02	9.048e+02	2	all2all patterns for cmp
TIMER	1.427e+02	1.492e+02	1.865e+02	2	Phase III: local strcmp
TIMER	3.523e+01	3.574e+01	3.617e+01	2	return P3 results
TIMER	9.671e+01	9.868e+01	1.014e+02	2	return P2 results
TIMER	8.149e+03	8.168e+03	8.312e+03	1	bulk_locate
TIMER	1.035e+03	1.073e+03	1.157e+03	2	Phase I: local queries
TIMER	7.354e+02	7.495e+02	7.583e+02	2	Phase I: all2all patterns
TIMER	3.353e+03	3.826e+03	4.968e+03	2	Phase II: local_locate_possible
TIMER	9.043e+02	9.192e+02	9.309e+02	2	all2all patterns for cmp
TIMER	1.429e+02	1.490e+02	1.876e+02	2	Phase III: local strcmp
TIMER	3.652e+01	3.741e+01	3.828e+01	2	return P3 results
TIMER	9.609e+01	9.823e+01	1.006e+02	2	return P2 results
TIMER	8.150e+03	8.169e+03	8.311e+03	1	bulk_locate
TIMER	1.035e+03	1.072e+03	1.158e+03	2	Phase I: local queries
TIMER	7.422e+02	7.527e+02	7.631e+02	2	Phase I: all2all patterns
TIMER	3.356e+03	3.826e+03	4.968e+03	2	Phase II: local_locate_possible
TIMER	8.940e+02	9.071e+02	9.197e+02	2	all2all patterns for cmp
TIMER	1.427e+02	1.492e+02	1.876e+02	2	Phase III: local strcmp
TIMER	3.461e+01	3.521e+01	3.789e+01	2	return P3 results
TIMER	9.747e+01	1.016e+02	1.045e+02	2	return P2 results
TIMER	8.148e+03	8.166e+03	8.309e+03	1	bulk_locate
TIMER	1.036e+03	1.072e+03	1.157e+03	2	Phase I: local queries
TIMER	7.666e+02	7.834e+02	7.942e+02	2	Phase I: all2all patterns
TIMER	3.354e+03	3.826e+03	4.972e+03	2	Phase II: local_locate_possible
TIMER	8.768e+02	8.918e+02	9.013e+02	2	all2all patterns for cmp
TIMER	1.431e+02	1.494e+02	1.898e+02	2	Phase III: local strcmp
TIMER	3.402e+01	3.495e+01	3.664e+01	2	return P3 results
TIMER	1.047e+02	1.086e+02	1.115e+02	2	return P2 results
TIMER	8.172e+03	8.191e+03	8.336e+03	1	bulk_locate
