== Node distribution == 
== p=768 processes on 16 nodes ==
--  Node: 'c479-052.stampede2.tacc.utexas.edu' (48/768)
        Ranks: 0, 1, 2, 3, 4, 5, 6, 7, 8, 9, 10, 11, 12, 13, 14, 15, 16, 17, 18, 19, 20, 21, 22, 23, 24, 25, 26, 27, 28, 29, 30, 31, 32, 33, 34, 35, 36, 37, 38, 39, 40, 41, 42, 43, 44, 45, 46, 47
--  Node: 'c479-093.stampede2.tacc.utexas.edu' (48/768)
        Ranks: 48, 49, 50, 51, 52, 53, 54, 55, 56, 57, 58, 59, 60, 61, 62, 63, 64, 65, 66, 67, 68, 69, 70, 71, 72, 73, 74, 75, 76, 77, 78, 79, 80, 81, 82, 83, 84, 85, 86, 87, 88, 89, 90, 91, 92, 93, 94, 95
--  Node: 'c479-094.stampede2.tacc.utexas.edu' (48/768)
        Ranks: 96, 97, 98, 99, 100, 101, 102, 103, 104, 105, 106, 107, 108, 109, 110, 111, 112, 113, 114, 115, 116, 117, 118, 119, 120, 121, 122, 123, 124, 125, 126, 127, 128, 129, 130, 131, 132, 133, 134, 135, 136, 137, 138, 139, 140, 141, 142, 143
--  Node: 'c480-064.stampede2.tacc.utexas.edu' (48/768)
        Ranks: 144, 145, 146, 147, 148, 149, 150, 151, 152, 153, 154, 155, 156, 157, 158, 159, 160, 161, 162, 163, 164, 165, 166, 167, 168, 169, 170, 171, 172, 173, 174, 175, 176, 177, 178, 179, 180, 181, 182, 183, 184, 185, 186, 187, 188, 189, 190, 191
--  Node: 'c480-102.stampede2.tacc.utexas.edu' (48/768)
        Ranks: 192, 193, 194, 195, 196, 197, 198, 199, 200, 201, 202, 203, 204, 205, 206, 207, 208, 209, 210, 211, 212, 213, 214, 215, 216, 217, 218, 219, 220, 221, 222, 223, 224, 225, 226, 227, 228, 229, 230, 231, 232, 233, 234, 235, 236, 237, 238, 239
--  Node: 'c480-134.stampede2.tacc.utexas.edu' (48/768)
        Ranks: 240, 241, 242, 243, 244, 245, 246, 247, 248, 249, 250, 251, 252, 253, 254, 255, 256, 257, 258, 259, 260, 261, 262, 263, 264, 265, 266, 267, 268, 269, 270, 271, 272, 273, 274, 275, 276, 277, 278, 279, 280, 281, 282, 283, 284, 285, 286, 287
--  Node: 'c481-014.stampede2.tacc.utexas.edu' (48/768)
        Ranks: 288, 289, 290, 291, 292, 293, 294, 295, 296, 297, 298, 299, 300, 301, 302, 303, 304, 305, 306, 307, 308, 309, 310, 311, 312, 313, 314, 315, 316, 317, 318, 319, 320, 321, 322, 323, 324, 325, 326, 327, 328, 329, 330, 331, 332, 333, 334, 335
--  Node: 'c483-111.stampede2.tacc.utexas.edu' (48/768)
        Ranks: 336, 337, 338, 339, 340, 341, 342, 343, 344, 345, 346, 347, 348, 349, 350, 351, 352, 353, 354, 355, 356, 357, 358, 359, 360, 361, 362, 363, 364, 365, 366, 367, 368, 369, 370, 371, 372, 373, 374, 375, 376, 377, 378, 379, 380, 381, 382, 383
--  Node: 'c483-132.stampede2.tacc.utexas.edu' (48/768)
        Ranks: 384, 385, 386, 387, 388, 389, 390, 391, 392, 393, 394, 395, 396, 397, 398, 399, 400, 401, 402, 403, 404, 405, 406, 407, 408, 409, 410, 411, 412, 413, 414, 415, 416, 417, 418, 419, 420, 421, 422, 423, 424, 425, 426, 427, 428, 429, 430, 431
--  Node: 'c484-064.stampede2.tacc.utexas.edu' (48/768)
        Ranks: 432, 433, 434, 435, 436, 437, 438, 439, 440, 441, 442, 443, 444, 445, 446, 447, 448, 449, 450, 451, 452, 453, 454, 455, 456, 457, 458, 459, 460, 461, 462, 463, 464, 465, 466, 467, 468, 469, 470, 471, 472, 473, 474, 475, 476, 477, 478, 479
--  Node: 'c484-071.stampede2.tacc.utexas.edu' (48/768)
        Ranks: 480, 481, 482, 483, 484, 485, 486, 487, 488, 489, 490, 491, 492, 493, 494, 495, 496, 497, 498, 499, 500, 501, 502, 503, 504, 505, 506, 507, 508, 509, 510, 511, 512, 513, 514, 515, 516, 517, 518, 519, 520, 521, 522, 523, 524, 525, 526, 527
--  Node: 'c485-022.stampede2.tacc.utexas.edu' (48/768)
        Ranks: 528, 529, 530, 531, 532, 533, 534, 535, 536, 537, 538, 539, 540, 541, 542, 543, 544, 545, 546, 547, 548, 549, 550, 551, 552, 553, 554, 555, 556, 557, 558, 559, 560, 561, 562, 563, 564, 565, 566, 567, 568, 569, 570, 571, 572, 573, 574, 575
--  Node: 'c486-103.stampede2.tacc.utexas.edu' (48/768)
        Ranks: 576, 577, 578, 579, 580, 581, 582, 583, 584, 585, 586, 587, 588, 589, 590, 591, 592, 593, 594, 595, 596, 597, 598, 599, 600, 601, 602, 603, 604, 605, 606, 607, 608, 609, 610, 611, 612, 613, 614, 615, 616, 617, 618, 619, 620, 621, 622, 623
--  Node: 'c487-002.stampede2.tacc.utexas.edu' (48/768)
        Ranks: 624, 625, 626, 627, 628, 629, 630, 631, 632, 633, 634, 635, 636, 637, 638, 639, 640, 641, 642, 643, 644, 645, 646, 647, 648, 649, 650, 651, 652, 653, 654, 655, 656, 657, 658, 659, 660, 661, 662, 663, 664, 665, 666, 667, 668, 669, 670, 671
--  Node: 'c487-004.stampede2.tacc.utexas.edu' (48/768)
        Ranks: 672, 673, 674, 675, 676, 677, 678, 679, 680, 681, 682, 683, 684, 685, 686, 687, 688, 689, 690, 691, 692, 693, 694, 695, 696, 697, 698, 699, 700, 701, 702, 703, 704, 705, 706, 707, 708, 709, 710, 711, 712, 713, 714, 715, 716, 717, 718, 719
--  Node: 'c487-054.stampede2.tacc.utexas.edu' (48/768)
        Ranks: 720, 721, 722, 723, 724, 725, 726, 727, 728, 729, 730, 731, 732, 733, 734, 735, 736, 737, 738, 739, 740, 741, 742, 743, 744, 745, 746, 747, 748, 749, 750, 751, 752, 753, 754, 755, 756, 757, 758, 759, 760, 761, 762, 763, 764, 765, 766, 767
TIMER	5.698e+02	5.700e+02	5.701e+02	2	desa_read: read str
TIMER	2.421e+04	2.421e+04	2.421e+04	2	desa_read: read SA
TIMER	1.382e+02	1.387e+02	1.395e+02	2	desa_read: init q-mer hist
TIMER	2.048e-01	4.873e-01	6.317e-01	3	repartition: 1D-partition
TIMER	2.797e+02	2.802e+02	2.815e+02	3	repartition: redistribute
TIMER	2.863e+02	2.863e+02	2.879e+02	2	desa_read: repartition
TIMER	4.573e+01	4.981e+01	1.042e+02	2	desa_read: RMQ construct
TIMER	6.639e+04	7.305e+04	8.476e+04	1	read patterns file
TIMER	1.294e+03	1.384e+03	1.470e+03	2	Phase I: local queries
TIMER	8.318e+02	8.417e+02	8.531e+02	2	Phase I: all2all patterns
TIMER	2.890e+03	3.393e+03	5.012e+03	2	Phase II: local_locate_possible
TIMER	1.115e+03	1.125e+03	1.134e+03	2	all2all patterns for cmp
TIMER	1.375e+02	1.407e+02	1.677e+02	2	Phase III: local strcmp
TIMER	3.607e+01	3.691e+01	3.898e+01	2	return P3 results
TIMER	1.130e+02	1.160e+02	1.183e+02	2	return P2 results
TIMER	8.799e+03	8.814e+03	8.905e+03	1	bulk_locate
TIMER	1.295e+03	1.380e+03	1.466e+03	2	Phase I: local queries
TIMER	8.250e+02	8.381e+02	8.501e+02	2	Phase I: all2all patterns
TIMER	2.894e+03	3.390e+03	5.015e+03	2	Phase II: local_locate_possible
TIMER	1.078e+03	1.089e+03	1.101e+03	2	all2all patterns for cmp
TIMER	1.369e+02	1.403e+02	1.868e+02	2	Phase III: local strcmp
TIMER	3.568e+01	3.623e+01	3.806e+01	2	return P3 results
TIMER	1.141e+02	1.168e+02	1.199e+02	2	return P2 results
TIMER	8.782e+03	8.796e+03	8.884e+03	1	bulk_locate
TIMER	1.295e+03	1.381e+03	1.464e+03	2	Phase I: local queries
TIMER	8.184e+02	8.347e+02	8.543e+02	2	Phase I: all2all patterns
TIMER	2.889e+03	3.386e+03	5.008e+03	2	Phase II: local_locate_possible
TIMER	1.077e+03	1.088e+03	1.096e+03	2	all2all patterns for cmp
TIMER	1.370e+02	1.400e+02	1.845e+02	2	Phase III: local strcmp
TIMER	3.977e+01	4.070e+01	4.300e+01	2	return P3 results
TIMER	1.179e+02	1.196e+02	1.228e+02	2	return P2 results
TIMER	8.779e+03	8.793e+03	8.883e+03	1	bulk_locate
TIMER	1.294e+03	1.380e+03	1.465e+03	2	Phase I: local queries
TIMER	8.124e+02	8.247e+02	8.367e+02	2	Phase I: all2all patterns
TIMER	2.888e+03	3.387e+03	5.012e+03	2	Phase II: local_locate_possible
TIMER	1.059e+03	1.072e+03	1.079e+03	2	all2all patterns for cmp
TIMER	1.369e+02	1.400e+02	1.591e+02	2	Phase III: local strcmp
TIMER	3.639e+01	3.692e+01	3.890e+01	2	return P3 results
TIMER	1.174e+02	1.200e+02	1.238e+02	2	return P2 results
TIMER	8.721e+03	8.735e+03	8.825e+03	1	bulk_locate
TIMER	1.295e+03	1.380e+03	1.476e+03	2	Phase I: local queries
TIMER	8.220e+02	8.327e+02	8.436e+02	2	Phase I: all2all patterns
TIMER	2.891e+03	3.387e+03	5.007e+03	2	Phase II: local_locate_possible
TIMER	1.035e+03	1.049e+03	1.058e+03	2	all2all patterns for cmp
TIMER	1.367e+02	1.399e+02	1.848e+02	2	Phase III: local strcmp
TIMER	3.578e+01	3.624e+01	3.835e+01	2	return P3 results
TIMER	1.189e+02	1.224e+02	1.261e+02	2	return P2 results
TIMER	8.738e+03	8.752e+03	8.845e+03	1	bulk_locate
TIMER	1.303e+03	1.386e+03	1.470e+03	2	Phase I: local queries
TIMER	8.239e+02	8.382e+02	8.548e+02	2	Phase I: all2all patterns
TIMER	2.886e+03	3.387e+03	5.009e+03	2	Phase II: local_locate_possible
TIMER	1.054e+03	1.068e+03	1.082e+03	2	all2all patterns for cmp
TIMER	1.368e+02	1.398e+02	1.487e+02	2	Phase III: local strcmp
TIMER	3.598e+01	3.683e+01	3.896e+01	2	return P3 results
TIMER	1.173e+02	1.198e+02	1.226e+02	2	return P2 results
TIMER	8.732e+03	8.746e+03	8.834e+03	1	bulk_locate
TIMER	1.294e+03	1.380e+03	1.478e+03	2	Phase I: local queries
TIMER	8.424e+02	8.600e+02	8.757e+02	2	Phase I: all2all patterns
TIMER	2.889e+03	3.387e+03	5.008e+03	2	Phase II: local_locate_possible
TIMER	1.026e+03	1.039e+03	1.047e+03	2	all2all patterns for cmp
TIMER	1.368e+02	1.401e+02	1.857e+02	2	Phase III: local strcmp
TIMER	3.546e+01	3.593e+01	3.776e+01	2	return P3 results
TIMER	1.100e+02	1.126e+02	1.163e+02	2	return P2 results
TIMER	8.752e+03	8.766e+03	8.857e+03	1	bulk_locate
TIMER	1.296e+03	1.379e+03	1.463e+03	2	Phase I: local queries
TIMER	8.631e+02	8.733e+02	8.835e+02	2	Phase I: all2all patterns
TIMER	2.886e+03	3.386e+03	5.008e+03	2	Phase II: local_locate_possible
TIMER	1.057e+03	1.069e+03	1.084e+03	2	all2all patterns for cmp
TIMER	1.367e+02	1.400e+02	1.879e+02	2	Phase III: local strcmp
TIMER	3.601e+01	3.649e+01	3.830e+01	2	return P3 results
TIMER	1.119e+02	1.139e+02	1.171e+02	2	return P2 results
TIMER	8.786e+03	8.800e+03	8.894e+03	1	bulk_locate
TIMER	1.293e+03	1.379e+03	1.477e+03	2	Phase I: local queries
TIMER	8.181e+02	8.274e+02	8.364e+02	2	Phase I: all2all patterns
TIMER	2.886e+03	3.387e+03	5.015e+03	2	Phase II: local_locate_possible
TIMER	1.029e+03	1.040e+03	1.049e+03	2	all2all patterns for cmp
TIMER	1.370e+02	1.399e+02	1.686e+02	2	Phase III: local strcmp
TIMER	3.602e+01	3.656e+01	3.820e+01	2	return P3 results
TIMER	1.041e+02	1.071e+02	1.104e+02	2	return P2 results
TIMER	8.699e+03	8.713e+03	8.799e+03	1	bulk_locate
TIMER	1.295e+03	1.378e+03	1.463e+03	2	Phase I: local queries
TIMER	8.227e+02	8.563e+02	8.876e+02	2	Phase I: all2all patterns
TIMER	2.889e+03	3.386e+03	5.017e+03	2	Phase II: local_locate_possible
TIMER	1.021e+03	1.037e+03	1.047e+03	2	all2all patterns for cmp
TIMER	1.370e+02	1.400e+02	1.858e+02	2	Phase III: local strcmp
TIMER	3.500e+01	3.550e+01	3.684e+01	2	return P3 results
TIMER	1.169e+02	1.210e+02	1.251e+02	2	return P2 results
TIMER	8.767e+03	8.780e+03	8.872e+03	1	bulk_locate
