== Node distribution == 
== p=192 processes on 4 nodes ==
--  Node: 'c506-072.stampede2.tacc.utexas.edu' (48/192)
        Ranks: 0, 1, 2, 3, 4, 5, 6, 7, 8, 9, 10, 11, 12, 13, 14, 15, 16, 17, 18, 19, 20, 21, 22, 23, 24, 25, 26, 27, 28, 29, 30, 31, 32, 33, 34, 35, 36, 37, 38, 39, 40, 41, 42, 43, 44, 45, 46, 47
--  Node: 'c506-073.stampede2.tacc.utexas.edu' (48/192)
        Ranks: 48, 49, 50, 51, 52, 53, 54, 55, 56, 57, 58, 59, 60, 61, 62, 63, 64, 65, 66, 67, 68, 69, 70, 71, 72, 73, 74, 75, 76, 77, 78, 79, 80, 81, 82, 83, 84, 85, 86, 87, 88, 89, 90, 91, 92, 93, 94, 95
--  Node: 'c506-074.stampede2.tacc.utexas.edu' (48/192)
        Ranks: 96, 97, 98, 99, 100, 101, 102, 103, 104, 105, 106, 107, 108, 109, 110, 111, 112, 113, 114, 115, 116, 117, 118, 119, 120, 121, 122, 123, 124, 125, 126, 127, 128, 129, 130, 131, 132, 133, 134, 135, 136, 137, 138, 139, 140, 141, 142, 143
--  Node: 'c506-102.stampede2.tacc.utexas.edu' (48/192)
        Ranks: 144, 145, 146, 147, 148, 149, 150, 151, 152, 153, 154, 155, 156, 157, 158, 159, 160, 161, 162, 163, 164, 165, 166, 167, 168, 169, 170, 171, 172, 173, 174, 175, 176, 177, 178, 179, 180, 181, 182, 183, 184, 185, 186, 187, 188, 189, 190, 191
TIMER	5.058e+02	5.059e+02	5.060e+02	2	desa_read: read str
TIMER	8.143e+03	8.143e+03	8.143e+03	2	desa_read: read SA
TIMER	3.160e+02	3.162e+02	3.167e+02	2	desa_read: init q-mer hist
TIMER	4.426e-02	1.939e-01	3.366e-01	3	repartition: 1D-partition
TIMER	3.372e+02	3.378e+02	3.385e+02	3	repartition: redistribute
TIMER	3.398e+02	3.398e+02	3.402e+02	2	desa_read: repartition
TIMER	1.891e+02	1.947e+02	1.983e+02	2	desa_read: RMQ construct
TIMER	1.010e+04	2.831e+04	3.656e+04	1	read patterns file
TIMER	8.608e+02	8.814e+02	9.200e+02	2	Phase I: local queries
TIMER	6.292e+02	6.447e+02	6.551e+02	2	Phase I: all2all patterns
TIMER	3.758e+03	4.248e+03	5.136e+03	2	Phase II: local_locate_possible
TIMER	7.510e+02	7.689e+02	7.796e+02	2	all2all patterns for cmp
TIMER	1.656e+02	1.682e+02	2.097e+02	2	Phase III: local strcmp
TIMER	2.353e+01	2.451e+01	2.621e+01	2	return P3 results
TIMER	7.929e+01	8.260e+01	8.512e+01	2	return P2 results
TIMER	7.823e+03	7.827e+03	7.831e+03	1	bulk_locate
TIMER	8.649e+02	8.811e+02	9.479e+02	2	Phase I: local queries
TIMER	6.632e+02	6.874e+02	7.012e+02	2	Phase I: all2all patterns
TIMER	3.753e+03	4.250e+03	5.137e+03	2	Phase II: local_locate_possible
TIMER	7.335e+02	7.466e+02	7.549e+02	2	all2all patterns for cmp
TIMER	1.654e+02	1.678e+02	1.756e+02	2	Phase III: local strcmp
TIMER	2.345e+01	2.425e+01	2.562e+01	2	return P3 results
TIMER	8.040e+01	8.298e+01	8.502e+01	2	return P2 results
TIMER	7.839e+03	7.844e+03	7.848e+03	1	bulk_locate
TIMER	8.628e+02	8.803e+02	9.564e+02	2	Phase I: local queries
TIMER	6.186e+02	6.292e+02	6.403e+02	2	Phase I: all2all patterns
TIMER	3.750e+03	4.248e+03	5.138e+03	2	Phase II: local_locate_possible
TIMER	7.557e+02	7.689e+02	7.801e+02	2	all2all patterns for cmp
TIMER	1.655e+02	1.674e+02	1.720e+02	2	Phase III: local strcmp
TIMER	2.329e+01	2.435e+01	2.488e+01	2	return P3 results
TIMER	7.963e+01	8.199e+01	8.405e+01	2	return P2 results
TIMER	7.807e+03	7.812e+03	7.815e+03	1	bulk_locate
TIMER	8.637e+02	8.793e+02	9.194e+02	2	Phase I: local queries
TIMER	6.158e+02	6.335e+02	6.441e+02	2	Phase I: all2all patterns
TIMER	3.752e+03	4.249e+03	5.137e+03	2	Phase II: local_locate_possible
TIMER	7.429e+02	7.663e+02	7.794e+02	2	all2all patterns for cmp
TIMER	1.654e+02	1.677e+02	2.117e+02	2	Phase III: local strcmp
TIMER	2.383e+01	2.447e+01	2.587e+01	2	return P3 results
TIMER	7.941e+01	8.199e+01	8.466e+01	2	return P2 results
TIMER	7.815e+03	7.820e+03	7.824e+03	1	bulk_locate
TIMER	8.561e+02	8.795e+02	9.254e+02	2	Phase I: local queries
TIMER	6.173e+02	6.339e+02	6.430e+02	2	Phase I: all2all patterns
TIMER	3.761e+03	4.250e+03	5.145e+03	2	Phase II: local_locate_possible
TIMER	7.537e+02	7.715e+02	7.833e+02	2	all2all patterns for cmp
TIMER	1.655e+02	1.676e+02	1.723e+02	2	Phase III: local strcmp
TIMER	2.366e+01	2.440e+01	2.600e+01	2	return P3 results
TIMER	7.879e+01	8.087e+01	8.258e+01	2	return P2 results
TIMER	7.790e+03	7.795e+03	7.798e+03	1	bulk_locate
TIMER	8.561e+02	8.794e+02	9.511e+02	2	Phase I: local queries
TIMER	6.181e+02	6.307e+02	6.380e+02	2	Phase I: all2all patterns
TIMER	3.752e+03	4.247e+03	5.139e+03	2	Phase II: local_locate_possible
TIMER	7.497e+02	7.633e+02	7.799e+02	2	all2all patterns for cmp
TIMER	1.655e+02	1.676e+02	2.101e+02	2	Phase III: local strcmp
TIMER	2.351e+01	2.445e+01	2.674e+01	2	return P3 results
TIMER	8.252e+01	8.379e+01	8.688e+01	2	return P2 results
TIMER	7.845e+03	7.849e+03	7.853e+03	1	bulk_locate
TIMER	8.563e+02	8.792e+02	9.192e+02	2	Phase I: local queries
TIMER	6.464e+02	6.609e+02	6.686e+02	2	Phase I: all2all patterns
TIMER	3.753e+03	4.248e+03	5.137e+03	2	Phase II: local_locate_possible
TIMER	7.351e+02	7.526e+02	7.629e+02	2	all2all patterns for cmp
TIMER	1.654e+02	1.674e+02	1.726e+02	2	Phase III: local strcmp
TIMER	2.418e+01	2.513e+01	2.601e+01	2	return P3 results
TIMER	7.906e+01	8.114e+01	8.320e+01	2	return P2 results
TIMER	7.781e+03	7.786e+03	7.790e+03	1	bulk_locate
TIMER	8.554e+02	8.788e+02	9.213e+02	2	Phase I: local queries
TIMER	6.375e+02	6.549e+02	6.678e+02	2	Phase I: all2all patterns
TIMER	3.748e+03	4.248e+03	5.138e+03	2	Phase II: local_locate_possible
TIMER	7.571e+02	7.742e+02	7.875e+02	2	all2all patterns for cmp
TIMER	1.655e+02	1.677e+02	2.102e+02	2	Phase III: local strcmp
TIMER	2.391e+01	2.459e+01	2.653e+01	2	return P3 results
TIMER	7.955e+01	8.263e+01	8.678e+01	2	return P2 results
TIMER	7.850e+03	7.856e+03	7.861e+03	1	bulk_locate
TIMER	8.562e+02	8.796e+02	9.194e+02	2	Phase I: local queries
TIMER	6.194e+02	6.352e+02	6.450e+02	2	Phase I: all2all patterns
TIMER	3.756e+03	4.249e+03	5.142e+03	2	Phase II: local_locate_possible
TIMER	7.480e+02	7.673e+02	7.751e+02	2	all2all patterns for cmp
TIMER	1.654e+02	1.676e+02	1.724e+02	2	Phase III: local strcmp
TIMER	2.326e+01	2.434e+01	2.591e+01	2	return P3 results
TIMER	7.919e+01	8.248e+01	8.427e+01	2	return P2 results
TIMER	7.776e+03	7.781e+03	7.784e+03	1	bulk_locate
TIMER	8.545e+02	8.795e+02	9.368e+02	2	Phase I: local queries
TIMER	6.184e+02	6.312e+02	6.422e+02	2	Phase I: all2all patterns
TIMER	3.750e+03	4.246e+03	5.134e+03	2	Phase II: local_locate_possible
TIMER	7.328e+02	7.499e+02	7.573e+02	2	all2all patterns for cmp
TIMER	1.655e+02	1.675e+02	1.738e+02	2	Phase III: local strcmp
TIMER	2.390e+01	2.476e+01	2.569e+01	2	return P3 results
TIMER	7.985e+01	8.171e+01	8.357e+01	2	return P2 results
TIMER	7.766e+03	7.770e+03	7.773e+03	1	bulk_locate
