== Node distribution == 
== p=96 processes on 2 nodes ==
--  Node: 'c499-074.stampede2.tacc.utexas.edu' (48/96)
        Ranks: 0, 1, 2, 3, 4, 5, 6, 7, 8, 9, 10, 11, 12, 13, 14, 15, 16, 17, 18, 19, 20, 21, 22, 23, 24, 25, 26, 27, 28, 29, 30, 31, 32, 33, 34, 35, 36, 37, 38, 39, 40, 41, 42, 43, 44, 45, 46, 47
--  Node: 'c499-081.stampede2.tacc.utexas.edu' (48/96)
        Ranks: 48, 49, 50, 51, 52, 53, 54, 55, 56, 57, 58, 59, 60, 61, 62, 63, 64, 65, 66, 67, 68, 69, 70, 71, 72, 73, 74, 75, 76, 77, 78, 79, 80, 81, 82, 83, 84, 85, 86, 87, 88, 89, 90, 91, 92, 93, 94, 95
TIMER	9.043e+01	9.056e+01	9.063e+01	2	desa_read: read str
TIMER	1.540e+03	1.540e+03	1.540e+03	2	desa_read: read SA
TIMER	5.317e+01	5.326e+01	5.332e+01	2	desa_read: init q-mer hist
TIMER	3.447e-02	1.594e-01	2.434e-01	3	repartition: 1D-partition
TIMER	5.648e+01	5.662e+01	5.691e+01	3	repartition: redistribute
TIMER	5.761e+01	5.762e+01	5.795e+01	2	desa_read: repartition
TIMER	2.806e+01	2.913e+01	2.976e+01	2	desa_read: RMQ construct
TIMER	1.806e+03	1.834e+03	1.875e+03	1	read patterns file
TIMER	7.754e+01	7.828e+01	7.964e+01	2	Phase I: local queries
TIMER	2.782e+01	2.895e+01	2.936e+01	2	Phase I: all2all patterns
TIMER	2.545e+02	2.793e+02	3.161e+02	2	Phase II: local_locate_possible
TIMER	2.948e+01	2.989e+01	3.013e+01	2	all2all patterns for cmp
TIMER	8.063e+00	9.273e+00	9.889e+00	2	Phase III: local strcmp
TIMER	2.215e+00	2.287e+00	2.368e+00	2	return P3 results
TIMER	5.458e+00	5.987e+00	6.182e+00	2	return P2 results
TIMER	4.746e+02	4.746e+02	4.746e+02	1	bulk_locate
TIMER	7.724e+01	7.806e+01	7.924e+01	2	Phase I: local queries
TIMER	1.672e+01	1.772e+01	1.817e+01	2	Phase I: all2all patterns
TIMER	2.543e+02	2.793e+02	3.162e+02	2	Phase II: local_locate_possible
TIMER	2.680e+01	2.817e+01	2.842e+01	2	all2all patterns for cmp
TIMER	7.441e+00	8.726e+00	9.214e+00	2	Phase III: local strcmp
TIMER	1.924e+00	2.018e+00	2.066e+00	2	return P3 results
TIMER	5.922e+00	6.048e+00	6.158e+00	2	return P2 results
TIMER	4.600e+02	4.600e+02	4.600e+02	1	bulk_locate
TIMER	7.735e+01	7.801e+01	7.898e+01	2	Phase I: local queries
TIMER	1.733e+01	1.782e+01	1.804e+01	2	Phase I: all2all patterns
TIMER	2.541e+02	2.797e+02	3.166e+02	2	Phase II: local_locate_possible
TIMER	2.935e+01	3.059e+01	3.173e+01	2	all2all patterns for cmp
TIMER	7.524e+00	8.860e+00	1.073e+01	2	Phase III: local strcmp
TIMER	1.913e+00	2.034e+00	2.632e+00	2	return P3 results
TIMER	5.849e+00	6.074e+00	6.547e+00	2	return P2 results
TIMER	4.659e+02	4.659e+02	4.660e+02	1	bulk_locate
TIMER	7.754e+01	7.976e+01	9.077e+01	2	Phase I: local queries
TIMER	1.877e+01	1.992e+01	2.056e+01	2	Phase I: all2all patterns
TIMER	2.543e+02	2.805e+02	3.198e+02	2	Phase II: local_locate_possible
TIMER	2.886e+01	3.017e+01	3.052e+01	2	all2all patterns for cmp
TIMER	8.040e+00	9.003e+00	9.644e+00	2	Phase III: local strcmp
TIMER	1.911e+00	2.059e+00	2.125e+00	2	return P3 results
TIMER	5.597e+00	6.138e+00	6.450e+00	2	return P2 results
TIMER	4.806e+02	4.806e+02	4.806e+02	1	bulk_locate
TIMER	7.739e+01	7.888e+01	8.814e+01	2	Phase I: local queries
TIMER	1.664e+01	1.774e+01	1.828e+01	2	Phase I: all2all patterns
TIMER	2.544e+02	2.793e+02	3.159e+02	2	Phase II: local_locate_possible
TIMER	2.680e+01	2.824e+01	2.853e+01	2	all2all patterns for cmp
TIMER	7.485e+00	8.730e+00	9.183e+00	2	Phase III: local strcmp
TIMER	1.981e+00	2.067e+00	2.122e+00	2	return P3 results
TIMER	5.864e+00	6.009e+00	6.117e+00	2	return P2 results
TIMER	4.689e+02	4.689e+02	4.689e+02	1	bulk_locate
TIMER	7.734e+01	7.802e+01	7.911e+01	2	Phase I: local queries
TIMER	1.679e+01	1.774e+01	1.818e+01	2	Phase I: all2all patterns
TIMER	2.545e+02	2.793e+02	3.159e+02	2	Phase II: local_locate_possible
TIMER	2.702e+01	2.830e+01	2.852e+01	2	all2all patterns for cmp
TIMER	7.467e+00	8.727e+00	9.190e+00	2	Phase III: local strcmp
TIMER	1.932e+00	2.040e+00	2.101e+00	2	return P3 results
TIMER	5.869e+00	6.013e+00	6.109e+00	2	return P2 results
TIMER	4.597e+02	4.598e+02	4.598e+02	1	bulk_locate
TIMER	7.732e+01	7.804e+01	7.923e+01	2	Phase I: local queries
TIMER	1.661e+01	1.775e+01	1.821e+01	2	Phase I: all2all patterns
TIMER	2.540e+02	2.793e+02	3.162e+02	2	Phase II: local_locate_possible
TIMER	2.685e+01	2.820e+01	2.839e+01	2	all2all patterns for cmp
TIMER	7.436e+00	8.721e+00	9.253e+00	2	Phase III: local strcmp
TIMER	1.920e+00	2.013e+00	2.073e+00	2	return P3 results
TIMER	5.823e+00	5.975e+00	6.083e+00	2	return P2 results
TIMER	4.601e+02	4.601e+02	4.601e+02	1	bulk_locate
TIMER	7.715e+01	7.806e+01	7.893e+01	2	Phase I: local queries
TIMER	1.693e+01	1.776e+01	1.818e+01	2	Phase I: all2all patterns
TIMER	2.543e+02	2.793e+02	3.160e+02	2	Phase II: local_locate_possible
TIMER	2.992e+01	3.108e+01	3.196e+01	2	all2all patterns for cmp
TIMER	7.462e+00	8.773e+00	1.087e+01	2	Phase III: local strcmp
TIMER	1.969e+00	2.123e+00	2.724e+00	2	return P3 results
TIMER	6.100e+00	6.249e+00	6.809e+00	2	return P2 results
TIMER	4.665e+02	4.665e+02	4.665e+02	1	bulk_locate
TIMER	7.719e+01	7.873e+01	9.062e+01	2	Phase I: local queries
TIMER	1.797e+01	1.909e+01	1.965e+01	2	Phase I: all2all patterns
TIMER	2.544e+02	2.794e+02	3.161e+02	2	Phase II: local_locate_possible
TIMER	2.804e+01	2.935e+01	2.964e+01	2	all2all patterns for cmp
TIMER	7.456e+00	8.778e+00	9.509e+00	2	Phase III: local strcmp
TIMER	1.944e+00	2.033e+00	2.083e+00	2	return P3 results
TIMER	5.858e+00	6.007e+00	6.548e+00	2	return P2 results
TIMER	4.748e+02	4.748e+02	4.748e+02	1	bulk_locate
TIMER	7.736e+01	7.814e+01	8.887e+01	2	Phase I: local queries
TIMER	1.676e+01	1.774e+01	1.816e+01	2	Phase I: all2all patterns
TIMER	2.569e+02	2.800e+02	3.161e+02	2	Phase II: local_locate_possible
TIMER	2.982e+01	3.050e+01	3.071e+01	2	all2all patterns for cmp
TIMER	7.481e+00	8.861e+00	9.584e+00	2	Phase III: local strcmp
TIMER	1.859e+00	1.995e+00	2.047e+00	2	return P3 results
TIMER	5.848e+00	6.046e+00	6.410e+00	2	return P2 results
TIMER	4.726e+02	4.726e+02	4.726e+02	1	bulk_locate
