== Node distribution == 
== p=384 processes on 8 nodes ==
--  Node: 'c499-074.stampede2.tacc.utexas.edu' (48/384)
        Ranks: 0, 1, 2, 3, 4, 5, 6, 7, 8, 9, 10, 11, 12, 13, 14, 15, 16, 17, 18, 19, 20, 21, 22, 23, 24, 25, 26, 27, 28, 29, 30, 31, 32, 33, 34, 35, 36, 37, 38, 39, 40, 41, 42, 43, 44, 45, 46, 47
--  Node: 'c499-081.stampede2.tacc.utexas.edu' (48/384)
        Ranks: 48, 49, 50, 51, 52, 53, 54, 55, 56, 57, 58, 59, 60, 61, 62, 63, 64, 65, 66, 67, 68, 69, 70, 71, 72, 73, 74, 75, 76, 77, 78, 79, 80, 81, 82, 83, 84, 85, 86, 87, 88, 89, 90, 91, 92, 93, 94, 95
--  Node: 'c499-082.stampede2.tacc.utexas.edu' (48/384)
        Ranks: 96, 97, 98, 99, 100, 101, 102, 103, 104, 105, 106, 107, 108, 109, 110, 111, 112, 113, 114, 115, 116, 117, 118, 119, 120, 121, 122, 123, 124, 125, 126, 127, 128, 129, 130, 131, 132, 133, 134, 135, 136, 137, 138, 139, 140, 141, 142, 143
--  Node: 'c500-091.stampede2.tacc.utexas.edu' (48/384)
        Ranks: 144, 145, 146, 147, 148, 149, 150, 151, 152, 153, 154, 155, 156, 157, 158, 159, 160, 161, 162, 163, 164, 165, 166, 167, 168, 169, 170, 171, 172, 173, 174, 175, 176, 177, 178, 179, 180, 181, 182, 183, 184, 185, 186, 187, 188, 189, 190, 191
--  Node: 'c500-092.stampede2.tacc.utexas.edu' (48/384)
        Ranks: 192, 193, 194, 195, 196, 197, 198, 199, 200, 201, 202, 203, 204, 205, 206, 207, 208, 209, 210, 211, 212, 213, 214, 215, 216, 217, 218, 219, 220, 221, 222, 223, 224, 225, 226, 227, 228, 229, 230, 231, 232, 233, 234, 235, 236, 237, 238, 239
--  Node: 'c501-002.stampede2.tacc.utexas.edu' (48/384)
        Ranks: 240, 241, 242, 243, 244, 245, 246, 247, 248, 249, 250, 251, 252, 253, 254, 255, 256, 257, 258, 259, 260, 261, 262, 263, 264, 265, 266, 267, 268, 269, 270, 271, 272, 273, 274, 275, 276, 277, 278, 279, 280, 281, 282, 283, 284, 285, 286, 287
--  Node: 'c501-003.stampede2.tacc.utexas.edu' (48/384)
        Ranks: 288, 289, 290, 291, 292, 293, 294, 295, 296, 297, 298, 299, 300, 301, 302, 303, 304, 305, 306, 307, 308, 309, 310, 311, 312, 313, 314, 315, 316, 317, 318, 319, 320, 321, 322, 323, 324, 325, 326, 327, 328, 329, 330, 331, 332, 333, 334, 335
--  Node: 'c501-004.stampede2.tacc.utexas.edu' (48/384)
        Ranks: 336, 337, 338, 339, 340, 341, 342, 343, 344, 345, 346, 347, 348, 349, 350, 351, 352, 353, 354, 355, 356, 357, 358, 359, 360, 361, 362, 363, 364, 365, 366, 367, 368, 369, 370, 371, 372, 373, 374, 375, 376, 377, 378, 379, 380, 381, 382, 383
TIMER	6.095e+01	6.226e+01	6.346e+01	2	desa_read: read str
TIMER	1.214e+03	1.214e+03	1.215e+03	2	desa_read: read SA
TIMER	4.436e+01	4.623e+01	4.764e+01	2	desa_read: init q-mer hist
TIMER	1.610e-01	1.920e+00	3.639e+00	3	repartition: 1D-partition
TIMER	2.348e+01	2.354e+01	2.360e+01	3	repartition: redistribute
TIMER	2.909e+01	2.909e+01	2.998e+01	2	desa_read: repartition
TIMER	6.288e+00	6.639e+00	7.074e+00	2	desa_read: RMQ construct
TIMER	1.383e+03	1.415e+03	1.444e+03	1	read patterns file
TIMER	3.046e+01	3.104e+01	3.296e+01	2	Phase I: local queries
TIMER	1.189e+01	1.227e+01	1.263e+01	2	Phase I: all2all patterns
TIMER	4.168e+01	4.938e+01	6.666e+01	2	Phase II: local_locate_possible
TIMER	1.678e+01	1.716e+01	1.747e+01	2	all2all patterns for cmp
TIMER	1.377e+00	1.653e+00	2.451e+00	2	Phase III: local strcmp
TIMER	5.443e+00	5.499e+00	5.907e+00	2	return P3 results
TIMER	6.743e+00	6.906e+00	7.518e+00	2	return P2 results
TIMER	1.503e+02	1.504e+02	1.505e+02	1	bulk_locate
TIMER	2.784e+01	3.000e+01	3.321e+01	2	Phase I: local queries
TIMER	8.858e+00	9.288e+00	1.001e+01	2	Phase I: all2all patterns
TIMER	4.183e+01	4.924e+01	6.806e+01	2	Phase II: local_locate_possible
TIMER	1.264e+01	1.288e+01	1.311e+01	2	all2all patterns for cmp
TIMER	1.266e+00	1.614e+00	1.865e+00	2	Phase III: local strcmp
TIMER	1.156e+00	1.200e+00	1.289e+00	2	return P3 results
TIMER	3.190e+00	3.289e+00	3.466e+00	2	return P2 results
TIMER	1.319e+02	1.319e+02	1.319e+02	1	bulk_locate
TIMER	2.766e+01	2.833e+01	3.227e+01	2	Phase I: local queries
TIMER	8.370e+00	8.457e+00	8.548e+00	2	Phase I: all2all patterns
TIMER	4.175e+01	4.888e+01	6.695e+01	2	Phase II: local_locate_possible
TIMER	1.354e+01	1.366e+01	1.381e+01	2	all2all patterns for cmp
TIMER	1.266e+00	1.566e+00	1.702e+00	2	Phase III: local strcmp
TIMER	1.420e+00	1.754e+00	1.905e+00	2	return P3 results
TIMER	3.235e+00	3.360e+00	3.451e+00	2	return P2 results
TIMER	1.296e+02	1.296e+02	1.296e+02	1	bulk_locate
TIMER	2.757e+01	2.809e+01	2.996e+01	2	Phase I: local queries
TIMER	8.138e+00	8.223e+00	8.314e+00	2	Phase I: all2all patterns
TIMER	4.183e+01	4.888e+01	6.687e+01	2	Phase II: local_locate_possible
TIMER	1.204e+01	1.216e+01	1.239e+01	2	all2all patterns for cmp
TIMER	1.274e+00	1.560e+00	1.698e+00	2	Phase III: local strcmp
TIMER	1.524e+00	1.578e+00	1.625e+00	2	return P3 results
TIMER	3.322e+00	3.473e+00	3.581e+00	2	return P2 results
TIMER	1.250e+02	1.250e+02	1.250e+02	1	bulk_locate
TIMER	2.759e+01	2.806e+01	2.913e+01	2	Phase I: local queries
TIMER	8.172e+00	8.298e+00	8.412e+00	2	Phase I: all2all patterns
TIMER	4.178e+01	4.889e+01	6.697e+01	2	Phase II: local_locate_possible
TIMER	1.177e+01	1.189e+01	1.206e+01	2	all2all patterns for cmp
TIMER	1.318e+00	1.564e+00	1.733e+00	2	Phase III: local strcmp
TIMER	1.160e+00	1.195e+00	1.229e+00	2	return P3 results
TIMER	3.237e+00	3.333e+00	3.395e+00	2	return P2 results
TIMER	1.235e+02	1.235e+02	1.235e+02	1	bulk_locate
TIMER	2.761e+01	2.806e+01	2.922e+01	2	Phase I: local queries
TIMER	8.222e+00	8.336e+00	8.401e+00	2	Phase I: all2all patterns
TIMER	4.180e+01	4.890e+01	6.682e+01	2	Phase II: local_locate_possible
TIMER	1.170e+01	1.186e+01	1.196e+01	2	all2all patterns for cmp
TIMER	1.277e+00	1.561e+00	1.714e+00	2	Phase III: local strcmp
TIMER	1.163e+00	1.246e+00	1.297e+00	2	return P3 results
TIMER	3.531e+00	3.625e+00	3.715e+00	2	return P2 results
TIMER	1.237e+02	1.237e+02	1.237e+02	1	bulk_locate
TIMER	2.759e+01	2.803e+01	2.923e+01	2	Phase I: local queries
TIMER	8.063e+00	8.231e+00	8.343e+00	2	Phase I: all2all patterns
TIMER	4.178e+01	4.891e+01	6.684e+01	2	Phase II: local_locate_possible
TIMER	1.168e+01	1.181e+01	1.197e+01	2	all2all patterns for cmp
TIMER	1.207e+00	1.554e+00	1.672e+00	2	Phase III: local strcmp
TIMER	1.140e+00	1.196e+00	1.230e+00	2	return P3 results
TIMER	3.213e+00	3.266e+00	3.316e+00	2	return P2 results
TIMER	1.233e+02	1.233e+02	1.233e+02	1	bulk_locate
TIMER	2.762e+01	2.807e+01	2.925e+01	2	Phase I: local queries
TIMER	8.074e+00	8.162e+00	8.237e+00	2	Phase I: all2all patterns
TIMER	4.175e+01	4.885e+01	6.680e+01	2	Phase II: local_locate_possible
TIMER	1.169e+01	1.178e+01	1.187e+01	2	all2all patterns for cmp
TIMER	1.274e+00	1.556e+00	1.683e+00	2	Phase III: local strcmp
TIMER	1.135e+00	1.175e+00	1.206e+00	2	return P3 results
TIMER	3.364e+00	3.462e+00	3.532e+00	2	return P2 results
TIMER	1.232e+02	1.232e+02	1.232e+02	1	bulk_locate
TIMER	2.756e+01	2.805e+01	2.917e+01	2	Phase I: local queries
TIMER	8.161e+00	8.317e+00	8.421e+00	2	Phase I: all2all patterns
TIMER	4.178e+01	4.890e+01	6.685e+01	2	Phase II: local_locate_possible
TIMER	1.172e+01	1.188e+01	1.200e+01	2	all2all patterns for cmp
TIMER	1.299e+00	1.571e+00	1.717e+00	2	Phase III: local strcmp
TIMER	1.175e+00	1.215e+00	1.247e+00	2	return P3 results
TIMER	3.130e+00	3.501e+00	3.662e+00	2	return P2 results
TIMER	1.237e+02	1.237e+02	1.237e+02	1	bulk_locate
TIMER	2.757e+01	2.808e+01	2.919e+01	2	Phase I: local queries
TIMER	8.295e+00	8.427e+00	8.515e+00	2	Phase I: all2all patterns
TIMER	4.191e+01	4.890e+01	6.679e+01	2	Phase II: local_locate_possible
TIMER	1.159e+01	1.173e+01	1.184e+01	2	all2all patterns for cmp
TIMER	1.278e+00	1.568e+00	1.705e+00	2	Phase III: local strcmp
TIMER	1.164e+00	1.225e+00	1.275e+00	2	return P3 results
TIMER	3.285e+00	3.385e+00	3.480e+00	2	return P2 results
TIMER	1.234e+02	1.234e+02	1.234e+02	1	bulk_locate
