== Node distribution == 
== p=192 processes on 4 nodes ==
--  Node: 'c499-074.stampede2.tacc.utexas.edu' (48/192)
        Ranks: 0, 1, 2, 3, 4, 5, 6, 7, 8, 9, 10, 11, 12, 13, 14, 15, 16, 17, 18, 19, 20, 21, 22, 23, 24, 25, 26, 27, 28, 29, 30, 31, 32, 33, 34, 35, 36, 37, 38, 39, 40, 41, 42, 43, 44, 45, 46, 47
--  Node: 'c499-081.stampede2.tacc.utexas.edu' (48/192)
        Ranks: 48, 49, 50, 51, 52, 53, 54, 55, 56, 57, 58, 59, 60, 61, 62, 63, 64, 65, 66, 67, 68, 69, 70, 71, 72, 73, 74, 75, 76, 77, 78, 79, 80, 81, 82, 83, 84, 85, 86, 87, 88, 89, 90, 91, 92, 93, 94, 95
--  Node: 'c499-082.stampede2.tacc.utexas.edu' (48/192)
        Ranks: 96, 97, 98, 99, 100, 101, 102, 103, 104, 105, 106, 107, 108, 109, 110, 111, 112, 113, 114, 115, 116, 117, 118, 119, 120, 121, 122, 123, 124, 125, 126, 127, 128, 129, 130, 131, 132, 133, 134, 135, 136, 137, 138, 139, 140, 141, 142, 143
--  Node: 'c500-091.stampede2.tacc.utexas.edu' (48/192)
        Ranks: 144, 145, 146, 147, 148, 149, 150, 151, 152, 153, 154, 155, 156, 157, 158, 159, 160, 161, 162, 163, 164, 165, 166, 167, 168, 169, 170, 171, 172, 173, 174, 175, 176, 177, 178, 179, 180, 181, 182, 183, 184, 185, 186, 187, 188, 189, 190, 191
TIMER	6.853e+01	6.867e+01	6.914e+01	2	desa_read: read str
TIMER	1.031e+03	1.031e+03	1.031e+03	2	desa_read: read SA
TIMER	3.363e+01	3.386e+01	3.408e+01	2	desa_read: init q-mer hist
TIMER	5.761e-02	1.906e-01	3.222e-01	3	repartition: 1D-partition
TIMER	2.988e+01	3.006e+01	3.041e+01	3	repartition: redistribute
TIMER	3.188e+01	3.189e+01	3.255e+01	2	desa_read: repartition
TIMER	1.368e+01	1.423e+01	1.519e+01	2	desa_read: RMQ construct
TIMER	1.203e+03	1.234e+03	1.276e+03	1	read patterns file
TIMER	4.511e+01	4.572e+01	4.735e+01	2	Phase I: local queries
TIMER	1.691e+01	1.760e+01	1.798e+01	2	Phase I: all2all patterns
TIMER	1.050e+02	1.176e+02	1.391e+02	2	Phase II: local_locate_possible
TIMER	2.312e+01	2.358e+01	2.439e+01	2	all2all patterns for cmp
TIMER	3.052e+00	3.754e+00	4.880e+00	2	Phase III: local strcmp
TIMER	2.000e+00	2.145e+00	2.384e+00	2	return P3 results
TIMER	4.936e+00	5.202e+00	5.829e+00	2	return P2 results
TIMER	2.436e+02	2.436e+02	2.437e+02	1	bulk_locate
TIMER	4.405e+01	4.681e+01	5.162e+01	2	Phase I: local queries
TIMER	1.303e+01	1.355e+01	1.381e+01	2	Phase I: all2all patterns
TIMER	1.049e+02	1.170e+02	1.394e+02	2	Phase II: local_locate_possible
TIMER	1.997e+01	2.032e+01	2.061e+01	2	all2all patterns for cmp
TIMER	2.748e+00	3.511e+00	4.006e+00	2	Phase III: local strcmp
TIMER	1.408e+00	1.466e+00	1.529e+00	2	return P3 results
TIMER	4.408e+00	4.603e+00	4.839e+00	2	return P2 results
TIMER	2.365e+02	2.365e+02	2.365e+02	1	bulk_locate
TIMER	4.396e+01	4.455e+01	4.568e+01	2	Phase I: local queries
TIMER	1.274e+01	1.316e+01	1.330e+01	2	Phase I: all2all patterns
TIMER	1.048e+02	1.168e+02	1.391e+02	2	Phase II: local_locate_possible
TIMER	1.892e+01	1.947e+01	1.972e+01	2	all2all patterns for cmp
TIMER	2.782e+00	3.485e+00	3.695e+00	2	Phase III: local strcmp
TIMER	1.409e+00	1.483e+00	1.539e+00	2	return P3 results
TIMER	4.466e+00	4.588e+00	4.699e+00	2	return P2 results
TIMER	2.284e+02	2.284e+02	2.284e+02	1	bulk_locate
TIMER	4.409e+01	4.454e+01	4.652e+01	2	Phase I: local queries
TIMER	1.304e+01	1.345e+01	1.362e+01	2	Phase I: all2all patterns
TIMER	1.048e+02	1.168e+02	1.394e+02	2	Phase II: local_locate_possible
TIMER	1.952e+01	2.009e+01	2.045e+01	2	all2all patterns for cmp
TIMER	2.778e+00	3.477e+00	3.894e+00	2	Phase III: local strcmp
TIMER	1.456e+00	1.507e+00	1.565e+00	2	return P3 results
TIMER	4.548e+00	4.738e+00	4.937e+00	2	return P2 results
TIMER	2.311e+02	2.311e+02	2.311e+02	1	bulk_locate
TIMER	4.409e+01	4.458e+01	4.631e+01	2	Phase I: local queries
TIMER	1.244e+01	1.310e+01	1.334e+01	2	Phase I: all2all patterns
TIMER	1.049e+02	1.168e+02	1.392e+02	2	Phase II: local_locate_possible
TIMER	1.880e+01	1.940e+01	1.986e+01	2	all2all patterns for cmp
TIMER	2.783e+00	3.471e+00	3.698e+00	2	Phase III: local strcmp
TIMER	1.421e+00	1.485e+00	1.544e+00	2	return P3 results
TIMER	4.452e+00	4.712e+00	4.894e+00	2	return P2 results
TIMER	2.296e+02	2.296e+02	2.296e+02	1	bulk_locate
TIMER	4.395e+01	4.453e+01	4.533e+01	2	Phase I: local queries
TIMER	1.297e+01	1.331e+01	1.350e+01	2	Phase I: all2all patterns
TIMER	1.050e+02	1.168e+02	1.393e+02	2	Phase II: local_locate_possible
TIMER	1.882e+01	1.929e+01	1.941e+01	2	all2all patterns for cmp
TIMER	2.769e+00	3.489e+00	3.722e+00	2	Phase III: local strcmp
TIMER	1.418e+00	1.501e+00	1.588e+00	2	return P3 results
TIMER	4.698e+00	4.862e+00	4.989e+00	2	return P2 results
TIMER	2.285e+02	2.285e+02	2.285e+02	1	bulk_locate
TIMER	4.403e+01	4.453e+01	4.545e+01	2	Phase I: local queries
TIMER	1.240e+01	1.308e+01	1.334e+01	2	Phase I: all2all patterns
TIMER	1.050e+02	1.168e+02	1.393e+02	2	Phase II: local_locate_possible
TIMER	1.883e+01	1.934e+01	1.956e+01	2	all2all patterns for cmp
TIMER	2.774e+00	3.482e+00	3.683e+00	2	Phase III: local strcmp
TIMER	1.439e+00	1.498e+00	1.556e+00	2	return P3 results
TIMER	4.515e+00	4.668e+00	4.777e+00	2	return P2 results
TIMER	2.284e+02	2.284e+02	2.284e+02	1	bulk_locate
TIMER	4.401e+01	4.453e+01	4.546e+01	2	Phase I: local queries
TIMER	1.289e+01	1.316e+01	1.328e+01	2	Phase I: all2all patterns
TIMER	1.047e+02	1.169e+02	1.394e+02	2	Phase II: local_locate_possible
TIMER	2.062e+01	2.090e+01	2.115e+01	2	all2all patterns for cmp
TIMER	2.773e+00	3.491e+00	4.114e+00	2	Phase III: local strcmp
TIMER	1.462e+00	1.515e+00	1.572e+00	2	return P3 results
TIMER	4.501e+00	4.696e+00	5.050e+00	2	return P2 results
TIMER	2.308e+02	2.308e+02	2.308e+02	1	bulk_locate
TIMER	4.409e+01	4.468e+01	5.043e+01	2	Phase I: local queries
TIMER	1.320e+01	1.368e+01	1.382e+01	2	Phase I: all2all patterns
TIMER	1.047e+02	1.169e+02	1.391e+02	2	Phase II: local_locate_possible
TIMER	1.951e+01	1.990e+01	2.022e+01	2	all2all patterns for cmp
TIMER	2.770e+00	3.494e+00	4.218e+00	2	Phase III: local strcmp
TIMER	1.424e+00	1.477e+00	2.040e+00	2	return P3 results
TIMER	4.735e+00	4.987e+00	5.259e+00	2	return P2 results
TIMER	2.358e+02	2.358e+02	2.358e+02	1	bulk_locate
TIMER	4.400e+01	4.474e+01	5.131e+01	2	Phase I: local queries
TIMER	1.412e+01	1.458e+01	1.472e+01	2	Phase I: all2all patterns
TIMER	1.050e+02	1.169e+02	1.406e+02	2	Phase II: local_locate_possible
TIMER	2.033e+01	2.091e+01	2.122e+01	2	all2all patterns for cmp
TIMER	2.789e+00	3.509e+00	3.982e+00	2	Phase III: local strcmp
TIMER	1.491e+00	1.566e+00	1.672e+00	2	return P3 results
TIMER	4.462e+00	4.762e+00	5.064e+00	2	return P2 results
TIMER	2.392e+02	2.392e+02	2.392e+02	1	bulk_locate
