== Node distribution == 
== p=24 processes on 1 nodes ==
--  Node: 'c506-094.stampede2.tacc.utexas.edu' (24/24)
        Ranks: 0, 1, 2, 3, 4, 5, 6, 7, 8, 9, 10, 11, 12, 13, 14, 15, 16, 17, 18, 19, 20, 21, 22, 23
TIMER	6.349e+01	6.355e+01	6.357e+01	2	desa_read: read str
TIMER	2.588e+02	2.588e+02	2.588e+02	2	desa_read: read SA
TIMER	1.762e+02	1.762e+02	1.763e+02	2	desa_read: init q-mer hist
TIMER	1.520e-02	6.430e-02	1.063e-01	3	repartition: 1D-partition
TIMER	1.062e+02	1.062e+02	1.063e+02	3	repartition: redistribute
TIMER	1.065e+02	1.065e+02	1.066e+02	2	desa_read: repartition
TIMER	8.502e+01	8.773e+01	9.013e+01	2	desa_read: RMQ construct
TIMER	7.650e+02	7.695e+02	7.720e+02	1	read patterns file
TIMER	2.395e+02	2.440e+02	2.473e+02	2	Phase I: local queries
TIMER	2.688e+01	2.736e+01	2.763e+01	2	Phase I: all2all patterns
TIMER	1.125e+03	1.202e+03	1.261e+03	2	Phase II: local_locate_possible
TIMER	5.916e+01	6.032e+01	6.146e+01	2	all2all patterns for cmp
TIMER	3.703e+01	4.115e+01	4.319e+01	2	Phase III: local strcmp
TIMER	5.546e+00	6.282e+00	6.645e+00	2	return P3 results
TIMER	8.106e+00	8.948e+00	9.415e+00	2	return P2 results
TIMER	1.658e+03	1.660e+03	1.660e+03	1	bulk_locate
TIMER	2.358e+02	2.399e+02	2.458e+02	2	Phase I: local queries
TIMER	2.660e+01	2.683e+01	2.708e+01	2	Phase I: all2all patterns
TIMER	1.121e+03	1.199e+03	1.260e+03	2	Phase II: local_locate_possible
TIMER	5.700e+01	5.767e+01	5.803e+01	2	all2all patterns for cmp
TIMER	3.601e+01	3.979e+01	4.152e+01	2	Phase III: local strcmp
TIMER	2.894e+00	3.013e+00	3.113e+00	2	return P3 results
TIMER	7.814e+00	7.936e+00	8.904e+00	2	return P2 results
TIMER	1.647e+03	1.648e+03	1.648e+03	1	bulk_locate
TIMER	2.311e+02	2.364e+02	2.426e+02	2	Phase I: local queries
TIMER	2.637e+01	2.663e+01	2.681e+01	2	Phase I: all2all patterns
TIMER	1.128e+03	1.204e+03	1.264e+03	2	Phase II: local_locate_possible
TIMER	5.800e+01	5.866e+01	5.899e+01	2	all2all patterns for cmp
TIMER	3.651e+01	4.038e+01	4.227e+01	2	Phase III: local strcmp
TIMER	2.893e+00	3.017e+00	3.125e+00	2	return P3 results
TIMER	7.006e+00	8.491e+00	8.948e+00	2	return P2 results
TIMER	1.649e+03	1.650e+03	1.650e+03	1	bulk_locate
TIMER	2.324e+02	2.383e+02	2.446e+02	2	Phase I: local queries
TIMER	2.673e+01	2.696e+01	2.715e+01	2	Phase I: all2all patterns
TIMER	1.127e+03	1.203e+03	1.265e+03	2	Phase II: local_locate_possible
TIMER	5.777e+01	5.846e+01	5.886e+01	2	all2all patterns for cmp
TIMER	3.638e+01	4.035e+01	4.214e+01	2	Phase III: local strcmp
TIMER	2.916e+00	2.998e+00	3.061e+00	2	return P3 results
TIMER	7.814e+00	8.502e+00	8.798e+00	2	return P2 results
TIMER	1.651e+03	1.652e+03	1.653e+03	1	bulk_locate
TIMER	2.323e+02	2.382e+02	2.449e+02	2	Phase I: local queries
TIMER	2.620e+01	2.640e+01	2.655e+01	2	Phase I: all2all patterns
TIMER	1.122e+03	1.200e+03	1.261e+03	2	Phase II: local_locate_possible
TIMER	5.599e+01	5.686e+01	5.721e+01	2	all2all patterns for cmp
TIMER	3.634e+01	3.999e+01	4.148e+01	2	Phase III: local strcmp
TIMER	2.888e+00	3.005e+00	3.068e+00	2	return P3 results
TIMER	7.854e+00	7.938e+00	8.018e+00	2	return P2 results
TIMER	1.644e+03	1.645e+03	1.646e+03	1	bulk_locate
TIMER	2.309e+02	2.368e+02	2.436e+02	2	Phase I: local queries
TIMER	2.619e+01	2.641e+01	2.658e+01	2	Phase I: all2all patterns
TIMER	1.123e+03	1.202e+03	1.264e+03	2	Phase II: local_locate_possible
TIMER	5.728e+01	5.795e+01	5.836e+01	2	all2all patterns for cmp
TIMER	3.638e+01	4.010e+01	4.144e+01	2	Phase III: local strcmp
TIMER	2.869e+00	2.991e+00	3.066e+00	2	return P3 results
TIMER	7.635e+00	8.088e+00	8.647e+00	2	return P2 results
TIMER	1.647e+03	1.649e+03	1.649e+03	1	bulk_locate
TIMER	2.317e+02	2.383e+02	2.461e+02	2	Phase I: local queries
TIMER	2.711e+01	2.735e+01	2.756e+01	2	Phase I: all2all patterns
TIMER	1.122e+03	1.200e+03	1.261e+03	2	Phase II: local_locate_possible
TIMER	5.790e+01	5.860e+01	5.892e+01	2	all2all patterns for cmp
TIMER	3.649e+01	4.024e+01	4.207e+01	2	Phase III: local strcmp
TIMER	2.877e+00	2.969e+00	3.057e+00	2	return P3 results
TIMER	7.746e+00	8.100e+00	8.714e+00	2	return P2 results
TIMER	1.649e+03	1.650e+03	1.650e+03	1	bulk_locate
TIMER	2.310e+02	2.373e+02	2.447e+02	2	Phase I: local queries
TIMER	2.603e+01	2.623e+01	2.644e+01	2	Phase I: all2all patterns
TIMER	1.122e+03	1.200e+03	1.261e+03	2	Phase II: local_locate_possible
TIMER	5.608e+01	5.683e+01	5.714e+01	2	all2all patterns for cmp
TIMER	3.602e+01	3.980e+01	4.125e+01	2	Phase III: local strcmp
TIMER	2.895e+00	3.007e+00	3.057e+00	2	return P3 results
TIMER	7.848e+00	7.955e+00	8.017e+00	2	return P2 results
TIMER	1.644e+03	1.645e+03	1.645e+03	1	bulk_locate
TIMER	2.309e+02	2.371e+02	2.440e+02	2	Phase I: local queries
TIMER	2.635e+01	2.654e+01	2.671e+01	2	Phase I: all2all patterns
TIMER	1.121e+03	1.200e+03	1.262e+03	2	Phase II: local_locate_possible
TIMER	5.670e+01	5.740e+01	5.767e+01	2	all2all patterns for cmp
TIMER	3.581e+01	3.976e+01	4.127e+01	2	Phase III: local strcmp
TIMER	2.857e+00	2.998e+00	3.121e+00	2	return P3 results
TIMER	7.727e+00	7.866e+00	8.826e+00	2	return P2 results
TIMER	1.645e+03	1.646e+03	1.646e+03	1	bulk_locate
TIMER	2.312e+02	2.373e+02	2.438e+02	2	Phase I: local queries
TIMER	2.695e+01	2.717e+01	2.736e+01	2	Phase I: all2all patterns
TIMER	1.121e+03	1.201e+03	1.263e+03	2	Phase II: local_locate_possible
TIMER	5.701e+01	5.763e+01	5.799e+01	2	all2all patterns for cmp
TIMER	3.623e+01	3.996e+01	4.138e+01	2	Phase III: local strcmp
TIMER	2.875e+00	2.981e+00	3.053e+00	2	return P3 results
TIMER	6.962e+00	7.947e+00	8.477e+00	2	return P2 results
TIMER	1.647e+03	1.648e+03	1.648e+03	1	bulk_locate
