== Node distribution == 
== p=4 processes on 1 nodes ==
--  Node: 'c506-094.stampede2.tacc.utexas.edu' (4/4)
        Ranks: 0, 1, 2, 3
TIMER	1.894e+02	1.894e+02	1.894e+02	2	desa_read: read str
TIMER	5.298e+02	5.298e+02	5.298e+02	2	desa_read: read SA
TIMER	8.881e+02	8.881e+02	8.881e+02	2	desa_read: init q-mer hist
TIMER	3.730e-03	1.178e-02	1.575e-02	3	repartition: 1D-partition
TIMER	4.489e+02	4.490e+02	4.491e+02	3	repartition: redistribute
TIMER	4.492e+02	4.492e+02	4.492e+02	2	desa_read: repartition
TIMER	4.588e+02	4.676e+02	4.779e+02	2	desa_read: RMQ construct
TIMER	2.906e+03	2.913e+03	2.920e+03	1	read patterns file
TIMER	2.485e+03	2.506e+03	2.550e+03	2	Phase I: local queries
TIMER	9.956e+01	1.001e+02	1.012e+02	2	Phase I: all2all patterns
TIMER	5.677e+03	5.808e+03	5.877e+03	2	Phase II: local_locate_possible
TIMER	2.025e+02	2.029e+02	2.032e+02	2	all2all patterns for cmp
TIMER	1.471e+02	1.508e+02	1.539e+02	2	Phase III: local strcmp
TIMER	9.941e+00	9.988e+00	1.007e+01	2	return P3 results
TIMER	2.509e+01	2.549e+01	2.594e+01	2	return P2 results
TIMER	8.925e+03	8.925e+03	8.925e+03	1	bulk_locate
TIMER	2.472e+03	2.491e+03	2.534e+03	2	Phase I: local queries
TIMER	9.939e+01	9.989e+01	1.009e+02	2	Phase I: all2all patterns
TIMER	5.669e+03	5.788e+03	5.866e+03	2	Phase II: local_locate_possible
TIMER	2.013e+02	2.017e+02	2.022e+02	2	all2all patterns for cmp
TIMER	1.462e+02	1.503e+02	1.536e+02	2	Phase III: local strcmp
TIMER	1.007e+01	1.016e+01	1.030e+01	2	return P3 results
TIMER	2.507e+01	2.531e+01	2.563e+01	2	return P2 results
TIMER	8.896e+03	8.896e+03	8.896e+03	1	bulk_locate
TIMER	2.452e+03	2.481e+03	2.532e+03	2	Phase I: local queries
TIMER	9.937e+01	1.001e+02	1.006e+02	2	Phase I: all2all patterns
TIMER	5.649e+03	5.773e+03	5.858e+03	2	Phase II: local_locate_possible
TIMER	2.024e+02	2.029e+02	2.035e+02	2	all2all patterns for cmp
TIMER	1.465e+02	1.501e+02	1.530e+02	2	Phase III: local strcmp
TIMER	9.751e+00	1.018e+01	1.043e+01	2	return P3 results
TIMER	2.502e+01	2.524e+01	2.560e+01	2	return P2 results
TIMER	8.886e+03	8.887e+03	8.887e+03	1	bulk_locate
TIMER	2.449e+03	2.482e+03	2.532e+03	2	Phase I: local queries
TIMER	1.003e+02	1.009e+02	1.019e+02	2	Phase I: all2all patterns
TIMER	5.657e+03	5.772e+03	5.855e+03	2	Phase II: local_locate_possible
TIMER	2.010e+02	2.016e+02	2.021e+02	2	all2all patterns for cmp
TIMER	1.464e+02	1.501e+02	1.533e+02	2	Phase III: local strcmp
TIMER	9.658e+00	1.009e+01	1.034e+01	2	return P3 results
TIMER	2.460e+01	2.519e+01	2.566e+01	2	return P2 results
TIMER	8.883e+03	8.883e+03	8.884e+03	1	bulk_locate
TIMER	2.448e+03	2.479e+03	2.533e+03	2	Phase I: local queries
TIMER	9.871e+01	9.925e+01	1.003e+02	2	Phase I: all2all patterns
TIMER	5.654e+03	5.768e+03	5.852e+03	2	Phase II: local_locate_possible
TIMER	2.018e+02	2.025e+02	2.028e+02	2	all2all patterns for cmp
TIMER	1.463e+02	1.502e+02	1.533e+02	2	Phase III: local strcmp
TIMER	9.745e+00	1.017e+01	1.045e+01	2	return P3 results
TIMER	2.507e+01	2.527e+01	2.541e+01	2	return P2 results
TIMER	8.881e+03	8.881e+03	8.881e+03	1	bulk_locate
TIMER	2.445e+03	2.478e+03	2.533e+03	2	Phase I: local queries
TIMER	9.869e+01	9.932e+01	1.005e+02	2	Phase I: all2all patterns
TIMER	5.672e+03	5.773e+03	5.870e+03	2	Phase II: local_locate_possible
TIMER	2.023e+02	2.030e+02	2.036e+02	2	all2all patterns for cmp
TIMER	1.458e+02	1.500e+02	1.530e+02	2	Phase III: local strcmp
TIMER	9.893e+00	1.021e+01	1.043e+01	2	return P3 results
TIMER	2.452e+01	2.490e+01	2.527e+01	2	return P2 results
TIMER	8.899e+03	8.899e+03	8.899e+03	1	bulk_locate
TIMER	2.443e+03	2.480e+03	2.535e+03	2	Phase I: local queries
TIMER	9.887e+01	9.936e+01	1.003e+02	2	Phase I: all2all patterns
TIMER	5.665e+03	5.766e+03	5.865e+03	2	Phase II: local_locate_possible
TIMER	2.008e+02	2.013e+02	2.017e+02	2	all2all patterns for cmp
TIMER	1.462e+02	1.500e+02	1.536e+02	2	Phase III: local strcmp
TIMER	9.857e+00	9.981e+00	1.015e+01	2	return P3 results
TIMER	2.431e+01	2.475e+01	2.501e+01	2	return P2 results
TIMER	8.894e+03	8.894e+03	8.895e+03	1	bulk_locate
TIMER	2.455e+03	2.491e+03	2.546e+03	2	Phase I: local queries
TIMER	9.961e+01	1.001e+02	1.011e+02	2	Phase I: all2all patterns
TIMER	5.671e+03	5.794e+03	5.874e+03	2	Phase II: local_locate_possible
TIMER	2.010e+02	2.015e+02	2.019e+02	2	all2all patterns for cmp
TIMER	1.457e+02	1.498e+02	1.530e+02	2	Phase III: local strcmp
TIMER	9.803e+00	1.028e+01	1.055e+01	2	return P3 results
TIMER	2.451e+01	2.507e+01	2.540e+01	2	return P2 results
TIMER	8.915e+03	8.916e+03	8.916e+03	1	bulk_locate
TIMER	2.436e+03	2.474e+03	2.532e+03	2	Phase I: local queries
TIMER	9.870e+01	9.916e+01	1.001e+02	2	Phase I: all2all patterns
TIMER	5.654e+03	5.760e+03	5.853e+03	2	Phase II: local_locate_possible
TIMER	2.011e+02	2.017e+02	2.022e+02	2	all2all patterns for cmp
TIMER	1.456e+02	1.500e+02	1.529e+02	2	Phase III: local strcmp
TIMER	9.814e+00	1.007e+01	1.020e+01	2	return P3 results
TIMER	2.506e+01	2.523e+01	2.536e+01	2	return P2 results
TIMER	8.878e+03	8.878e+03	8.879e+03	1	bulk_locate
TIMER	2.438e+03	2.476e+03	2.533e+03	2	Phase I: local queries
TIMER	9.845e+01	9.906e+01	1.001e+02	2	Phase I: all2all patterns
TIMER	5.652e+03	5.759e+03	5.851e+03	2	Phase II: local_locate_possible
TIMER	2.009e+02	2.015e+02	2.020e+02	2	all2all patterns for cmp
TIMER	1.457e+02	1.498e+02	1.533e+02	2	Phase III: local strcmp
TIMER	9.797e+00	1.020e+01	1.043e+01	2	return P3 results
TIMER	2.427e+01	2.455e+01	2.476e+01	2	return P2 results
TIMER	8.878e+03	8.878e+03	8.878e+03	1	bulk_locate
