== Node distribution == 
== p=2 processes on 1 nodes ==
--  Node: 'c506-094.stampede2.tacc.utexas.edu' (2/2)
        Ranks: 0, 1
TIMER	3.564e+02	3.564e+02	3.564e+02	2	desa_read: read str
TIMER	9.780e+02	9.780e+02	9.780e+02	2	desa_read: read SA
TIMER	1.681e+03	1.681e+03	1.681e+03	2	desa_read: init q-mer hist
TIMER	9.546e-03	1.577e-02	2.199e-02	3	repartition: 1D-partition
TIMER	8.625e+02	8.630e+02	8.635e+02	3	repartition: redistribute
TIMER	8.637e+02	8.637e+02	8.637e+02	2	desa_read: repartition
TIMER	8.959e+02	9.018e+02	9.076e+02	2	desa_read: RMQ construct
TIMER	5.508e+03	5.509e+03	5.511e+03	1	read patterns file
TIMER	8.298e+03	8.364e+03	8.429e+03	2	Phase I: local queries
TIMER	1.495e+02	1.501e+02	1.507e+02	2	Phase I: all2all patterns
TIMER	7.519e+03	7.665e+03	7.811e+03	2	Phase II: local_locate_possible
TIMER	2.531e+02	2.532e+02	2.534e+02	2	all2all patterns for cmp
TIMER	1.370e+02	1.371e+02	1.372e+02	2	Phase III: local strcmp
TIMER	1.297e+01	1.316e+01	1.336e+01	2	return P3 results
TIMER	4.215e+01	4.238e+01	4.261e+01	2	return P2 results
TIMER	1.684e+04	1.684e+04	1.684e+04	1	bulk_locate
TIMER	8.205e+03	8.312e+03	8.418e+03	2	Phase I: local queries
TIMER	1.503e+02	1.507e+02	1.510e+02	2	Phase I: all2all patterns
TIMER	7.479e+03	7.642e+03	7.806e+03	2	Phase II: local_locate_possible
TIMER	2.502e+02	2.505e+02	2.508e+02	2	all2all patterns for cmp
TIMER	1.364e+02	1.367e+02	1.370e+02	2	Phase III: local strcmp
TIMER	1.289e+01	1.307e+01	1.325e+01	2	return P3 results
TIMER	4.161e+01	4.179e+01	4.198e+01	2	return P2 results
TIMER	1.682e+04	1.682e+04	1.682e+04	1	bulk_locate
TIMER	8.193e+03	8.303e+03	8.414e+03	2	Phase I: local queries
TIMER	1.502e+02	1.502e+02	1.503e+02	2	Phase I: all2all patterns
TIMER	7.523e+03	7.699e+03	7.874e+03	2	Phase II: local_locate_possible
TIMER	2.506e+02	2.507e+02	2.509e+02	2	all2all patterns for cmp
TIMER	1.369e+02	1.373e+02	1.378e+02	2	Phase III: local strcmp
TIMER	1.288e+01	1.305e+01	1.322e+01	2	return P3 results
TIMER	4.134e+01	4.153e+01	4.172e+01	2	return P2 results
TIMER	1.689e+04	1.689e+04	1.689e+04	1	bulk_locate
TIMER	8.185e+03	8.300e+03	8.416e+03	2	Phase I: local queries
TIMER	1.490e+02	1.492e+02	1.493e+02	2	Phase I: all2all patterns
TIMER	7.472e+03	7.648e+03	7.825e+03	2	Phase II: local_locate_possible
TIMER	2.496e+02	2.499e+02	2.502e+02	2	all2all patterns for cmp
TIMER	1.366e+02	1.369e+02	1.372e+02	2	Phase III: local strcmp
TIMER	1.284e+01	1.302e+01	1.320e+01	2	return P3 results
TIMER	4.169e+01	4.199e+01	4.230e+01	2	return P2 results
TIMER	1.684e+04	1.684e+04	1.684e+04	1	bulk_locate
TIMER	8.189e+03	8.301e+03	8.414e+03	2	Phase I: local queries
TIMER	1.497e+02	1.499e+02	1.501e+02	2	Phase I: all2all patterns
TIMER	7.469e+03	7.638e+03	7.808e+03	2	Phase II: local_locate_possible
TIMER	2.495e+02	2.497e+02	2.500e+02	2	all2all patterns for cmp
TIMER	1.364e+02	1.365e+02	1.367e+02	2	Phase III: local strcmp
TIMER	1.289e+01	1.304e+01	1.320e+01	2	return P3 results
TIMER	4.138e+01	4.162e+01	4.187e+01	2	return P2 results
TIMER	1.682e+04	1.682e+04	1.682e+04	1	bulk_locate
TIMER	8.190e+03	8.297e+03	8.403e+03	2	Phase I: local queries
TIMER	1.488e+02	1.490e+02	1.492e+02	2	Phase I: all2all patterns
TIMER	7.469e+03	7.635e+03	7.801e+03	2	Phase II: local_locate_possible
TIMER	2.493e+02	2.496e+02	2.499e+02	2	all2all patterns for cmp
TIMER	1.368e+02	1.369e+02	1.370e+02	2	Phase III: local strcmp
TIMER	1.290e+01	1.308e+01	1.327e+01	2	return P3 results
TIMER	4.134e+01	4.141e+01	4.147e+01	2	return P2 results
TIMER	1.680e+04	1.680e+04	1.680e+04	1	bulk_locate
TIMER	8.218e+03	8.312e+03	8.406e+03	2	Phase I: local queries
TIMER	1.491e+02	1.493e+02	1.494e+02	2	Phase I: all2all patterns
TIMER	7.506e+03	7.659e+03	7.811e+03	2	Phase II: local_locate_possible
TIMER	2.503e+02	2.506e+02	2.509e+02	2	all2all patterns for cmp
TIMER	1.372e+02	1.375e+02	1.378e+02	2	Phase III: local strcmp
TIMER	1.323e+01	1.324e+01	1.324e+01	2	return P3 results
TIMER	4.219e+01	4.251e+01	4.282e+01	2	return P2 results
TIMER	1.682e+04	1.682e+04	1.682e+04	1	bulk_locate
TIMER	8.260e+03	8.335e+03	8.410e+03	2	Phase I: local queries
TIMER	1.495e+02	1.496e+02	1.498e+02	2	Phase I: all2all patterns
TIMER	7.556e+03	7.684e+03	7.812e+03	2	Phase II: local_locate_possible
TIMER	2.502e+02	2.504e+02	2.507e+02	2	all2all patterns for cmp
TIMER	1.372e+02	1.376e+02	1.381e+02	2	Phase III: local strcmp
TIMER	1.321e+01	1.322e+01	1.322e+01	2	return P3 results
TIMER	4.129e+01	4.149e+01	4.169e+01	2	return P2 results
TIMER	1.682e+04	1.682e+04	1.682e+04	1	bulk_locate
TIMER	8.226e+03	8.314e+03	8.402e+03	2	Phase I: local queries
TIMER	1.489e+02	1.491e+02	1.493e+02	2	Phase I: all2all patterns
TIMER	7.508e+03	7.658e+03	7.807e+03	2	Phase II: local_locate_possible
TIMER	2.506e+02	2.508e+02	2.511e+02	2	all2all patterns for cmp
TIMER	1.365e+02	1.373e+02	1.381e+02	2	Phase III: local strcmp
TIMER	1.321e+01	1.324e+01	1.328e+01	2	return P3 results
TIMER	4.160e+01	4.171e+01	4.182e+01	2	return P2 results
TIMER	1.681e+04	1.681e+04	1.681e+04	1	bulk_locate
TIMER	8.247e+03	8.326e+03	8.404e+03	2	Phase I: local queries
TIMER	1.494e+02	1.497e+02	1.499e+02	2	Phase I: all2all patterns
TIMER	7.887e+03	7.969e+03	8.051e+03	2	Phase II: local_locate_possible
TIMER	2.667e+02	2.671e+02	2.675e+02	2	all2all patterns for cmp
TIMER	1.403e+02	1.441e+02	1.478e+02	2	Phase III: local strcmp
TIMER	1.347e+01	1.362e+01	1.378e+01	2	return P3 results
TIMER	4.411e+01	4.548e+01	4.685e+01	2	return P2 results
TIMER	1.708e+04	1.708e+04	1.709e+04	1	bulk_locate
