== Node distribution == 
== p=1 processes on 1 nodes ==
--  Node: 'c506-094.stampede2.tacc.utexas.edu' (1/1)
        Ranks: 0
TIMER	7.139e+02	7.139e+02	7.139e+02	2	desa_read: read str
TIMER	1.902e+03	1.902e+03	1.902e+03	2	desa_read: read SA
TIMER	3.409e+03	3.409e+03	3.409e+03	2	desa_read: init q-mer hist
TIMER	3.124e-03	3.124e-03	3.124e-03	3	repartition: 1D-partition
TIMER	1.721e+03	1.721e+03	1.721e+03	3	repartition: redistribute
TIMER	1.721e+03	1.721e+03	1.721e+03	2	desa_read: repartition
TIMER	1.785e+03	1.785e+03	1.785e+03	2	desa_read: RMQ construct
TIMER	1.098e+04	1.098e+04	1.098e+04	1	read patterns file
TIMER	3.410e+04	3.410e+04	3.410e+04	2	Phase I: local queries
TIMER	1.348e+01	1.348e+01	1.348e+01	2	Phase I: all2all patterns
TIMER	6.630e-04	6.630e-04	6.630e-04	2	Phase II: local_locate_possible
TIMER	4.940e-03	4.940e-03	4.940e-03	2	all2all patterns for cmp
TIMER	3.060e-04	3.060e-04	3.060e-04	2	Phase III: local strcmp
TIMER	3.699e-03	3.699e-03	3.699e-03	2	return P3 results
TIMER	6.312e+00	6.312e+00	6.312e+00	2	return P2 results
TIMER	3.412e+04	3.412e+04	3.412e+04	1	bulk_locate
TIMER	3.405e+04	3.405e+04	3.405e+04	2	Phase I: local queries
TIMER	1.359e+01	1.359e+01	1.359e+01	2	Phase I: all2all patterns
TIMER	9.330e-04	9.330e-04	9.330e-04	2	Phase II: local_locate_possible
TIMER	4.717e-03	4.717e-03	4.717e-03	2	all2all patterns for cmp
TIMER	2.860e-04	2.860e-04	2.860e-04	2	Phase III: local strcmp
TIMER	1.908e-03	1.908e-03	1.908e-03	2	return P3 results
TIMER	6.331e+00	6.331e+00	6.331e+00	2	return P2 results
TIMER	3.407e+04	3.407e+04	3.407e+04	1	bulk_locate
TIMER	3.408e+04	3.408e+04	3.408e+04	2	Phase I: local queries
TIMER	1.341e+01	1.341e+01	1.341e+01	2	Phase I: all2all patterns
TIMER	6.940e-04	6.940e-04	6.940e-04	2	Phase II: local_locate_possible
TIMER	4.563e-03	4.563e-03	4.563e-03	2	all2all patterns for cmp
TIMER	3.010e-04	3.010e-04	3.010e-04	2	Phase III: local strcmp
TIMER	1.838e-03	1.838e-03	1.838e-03	2	return P3 results
TIMER	6.340e+00	6.340e+00	6.340e+00	2	return P2 results
TIMER	3.410e+04	3.410e+04	3.410e+04	1	bulk_locate
TIMER	3.406e+04	3.406e+04	3.406e+04	2	Phase I: local queries
TIMER	1.281e+01	1.281e+01	1.281e+01	2	Phase I: all2all patterns
TIMER	6.770e-04	6.770e-04	6.770e-04	2	Phase II: local_locate_possible
TIMER	4.734e-03	4.734e-03	4.734e-03	2	all2all patterns for cmp
TIMER	2.700e-04	2.700e-04	2.700e-04	2	Phase III: local strcmp
TIMER	1.805e-03	1.805e-03	1.805e-03	2	return P3 results
TIMER	6.295e+00	6.295e+00	6.295e+00	2	return P2 results
TIMER	3.408e+04	3.408e+04	3.408e+04	1	bulk_locate
TIMER	3.411e+04	3.411e+04	3.411e+04	2	Phase I: local queries
TIMER	1.346e+01	1.346e+01	1.346e+01	2	Phase I: all2all patterns
TIMER	7.650e-04	7.650e-04	7.650e-04	2	Phase II: local_locate_possible
TIMER	4.346e-03	4.346e-03	4.346e-03	2	all2all patterns for cmp
TIMER	2.990e-04	2.990e-04	2.990e-04	2	Phase III: local strcmp
TIMER	1.707e-03	1.707e-03	1.707e-03	2	return P3 results
TIMER	6.348e+00	6.348e+00	6.348e+00	2	return P2 results
TIMER	3.413e+04	3.413e+04	3.413e+04	1	bulk_locate
TIMER	3.420e+04	3.420e+04	3.420e+04	2	Phase I: local queries
TIMER	1.351e+01	1.351e+01	1.351e+01	2	Phase I: all2all patterns
TIMER	7.510e-04	7.510e-04	7.510e-04	2	Phase II: local_locate_possible
TIMER	5.087e-03	5.087e-03	5.087e-03	2	all2all patterns for cmp
TIMER	6.310e-04	6.310e-04	6.310e-04	2	Phase III: local strcmp
TIMER	1.954e-03	1.954e-03	1.954e-03	2	return P3 results
TIMER	6.331e+00	6.331e+00	6.331e+00	2	return P2 results
TIMER	3.422e+04	3.422e+04	3.422e+04	1	bulk_locate
TIMER	3.421e+04	3.421e+04	3.421e+04	2	Phase I: local queries
TIMER	1.348e+01	1.348e+01	1.348e+01	2	Phase I: all2all patterns
TIMER	5.800e-04	5.800e-04	5.800e-04	2	Phase II: local_locate_possible
TIMER	4.325e-03	4.325e-03	4.325e-03	2	all2all patterns for cmp
TIMER	3.010e-04	3.010e-04	3.010e-04	2	Phase III: local strcmp
TIMER	1.992e-03	1.992e-03	1.992e-03	2	return P3 results
TIMER	6.331e+00	6.331e+00	6.331e+00	2	return P2 results
TIMER	3.423e+04	3.423e+04	3.423e+04	1	bulk_locate
TIMER	3.424e+04	3.424e+04	3.424e+04	2	Phase I: local queries
TIMER	1.350e+01	1.350e+01	1.350e+01	2	Phase I: all2all patterns
TIMER	5.960e-04	5.960e-04	5.960e-04	2	Phase II: local_locate_possible
TIMER	4.581e-03	4.581e-03	4.581e-03	2	all2all patterns for cmp
TIMER	3.250e-04	3.250e-04	3.250e-04	2	Phase III: local strcmp
TIMER	1.614e-03	1.614e-03	1.614e-03	2	return P3 results
TIMER	6.331e+00	6.331e+00	6.331e+00	2	return P2 results
TIMER	3.426e+04	3.426e+04	3.426e+04	1	bulk_locate
TIMER	3.615e+04	3.615e+04	3.615e+04	2	Phase I: local queries
TIMER	1.572e+01	1.572e+01	1.572e+01	2	Phase I: all2all patterns
TIMER	9.720e-04	9.720e-04	9.720e-04	2	Phase II: local_locate_possible
TIMER	5.369e-03	5.369e-03	5.369e-03	2	all2all patterns for cmp
TIMER	3.310e-04	3.310e-04	3.310e-04	2	Phase III: local strcmp
TIMER	2.314e-03	2.314e-03	2.314e-03	2	return P3 results
TIMER	7.402e+00	7.402e+00	7.402e+00	2	return P2 results
TIMER	3.617e+04	3.617e+04	3.617e+04	1	bulk_locate
TIMER	3.680e+04	3.680e+04	3.680e+04	2	Phase I: local queries
TIMER	1.534e+01	1.534e+01	1.534e+01	2	Phase I: all2all patterns
TIMER	9.030e-04	9.030e-04	9.030e-04	2	Phase II: local_locate_possible
TIMER	5.909e-03	5.909e-03	5.909e-03	2	all2all patterns for cmp
TIMER	3.530e-04	3.530e-04	3.530e-04	2	Phase III: local strcmp
TIMER	2.286e-03	2.286e-03	2.286e-03	2	return P3 results
TIMER	7.182e+00	7.182e+00	7.182e+00	2	return P2 results
TIMER	3.683e+04	3.683e+04	3.683e+04	1	bulk_locate
