== Node distribution == 
== p=48 processes on 1 nodes ==
--  Node: 'c506-094.stampede2.tacc.utexas.edu' (48/48)
        Ranks: 0, 1, 2, 3, 4, 5, 6, 7, 8, 9, 10, 11, 12, 13, 14, 15, 16, 17, 18, 19, 20, 21, 22, 23, 24, 25, 26, 27, 28, 29, 30, 31, 32, 33, 34, 35, 36, 37, 38, 39, 40, 41, 42, 43, 44, 45, 46, 47
TIMER	4.123e+01	4.135e+01	4.141e+01	2	desa_read: read str
TIMER	3.870e+02	3.870e+02	3.870e+02	2	desa_read: read SA
TIMER	9.677e+01	9.684e+01	9.688e+01	2	desa_read: init q-mer hist
TIMER	3.253e-02	1.410e-01	1.998e-01	3	repartition: 1D-partition
TIMER	1.079e+02	1.080e+02	1.080e+02	3	repartition: redistribute
TIMER	1.085e+02	1.085e+02	1.086e+02	2	desa_read: repartition
TIMER	5.794e+01	5.945e+01	6.034e+01	2	desa_read: RMQ construct
TIMER	7.387e+02	7.530e+02	7.553e+02	1	read patterns file
TIMER	1.390e+02	1.403e+02	1.417e+02	2	Phase I: local queries
TIMER	3.774e+01	3.814e+01	3.855e+01	2	Phase I: all2all patterns
TIMER	5.941e+02	6.426e+02	6.990e+02	2	Phase II: local_locate_possible
TIMER	4.798e+01	4.854e+01	4.874e+01	2	all2all patterns for cmp
TIMER	1.880e+01	2.213e+01	2.295e+01	2	Phase III: local strcmp
TIMER	2.989e+00	3.093e+00	3.200e+00	2	return P3 results
TIMER	9.060e+00	9.428e+00	9.650e+00	2	return P2 results
TIMER	9.645e+02	9.645e+02	9.645e+02	1	bulk_locate
TIMER	1.399e+02	1.417e+02	1.436e+02	2	Phase I: local queries
TIMER	2.575e+01	2.592e+01	2.602e+01	2	Phase I: all2all patterns
TIMER	5.905e+02	6.390e+02	6.941e+02	2	Phase II: local_locate_possible
TIMER	4.572e+01	4.596e+01	4.608e+01	2	all2all patterns for cmp
TIMER	1.878e+01	2.163e+01	2.232e+01	2	Phase III: local strcmp
TIMER	2.601e+00	2.916e+00	3.014e+00	2	return P3 results
TIMER	8.582e+00	8.771e+00	8.938e+00	2	return P2 results
TIMER	9.445e+02	9.445e+02	9.445e+02	1	bulk_locate
TIMER	1.383e+02	1.400e+02	1.418e+02	2	Phase I: local queries
TIMER	2.585e+01	2.612e+01	2.628e+01	2	Phase I: all2all patterns
TIMER	5.906e+02	6.386e+02	6.937e+02	2	Phase II: local_locate_possible
TIMER	4.576e+01	4.616e+01	4.630e+01	2	all2all patterns for cmp
TIMER	1.880e+01	2.164e+01	2.233e+01	2	Phase III: local strcmp
TIMER	2.803e+00	2.907e+00	3.008e+00	2	return P3 results
TIMER	8.575e+00	8.746e+00	8.901e+00	2	return P2 results
TIMER	9.427e+02	9.427e+02	9.427e+02	1	bulk_locate
TIMER	1.387e+02	1.401e+02	1.415e+02	2	Phase I: local queries
TIMER	2.566e+01	2.585e+01	2.599e+01	2	Phase I: all2all patterns
TIMER	5.910e+02	6.388e+02	6.941e+02	2	Phase II: local_locate_possible
TIMER	4.566e+01	4.589e+01	4.601e+01	2	all2all patterns for cmp
TIMER	1.875e+01	2.164e+01	2.238e+01	2	Phase III: local strcmp
TIMER	2.700e+00	2.908e+00	2.995e+00	2	return P3 results
TIMER	8.581e+00	8.739e+00	8.861e+00	2	return P2 results
TIMER	9.422e+02	9.422e+02	9.422e+02	1	bulk_locate
TIMER	1.383e+02	1.401e+02	1.419e+02	2	Phase I: local queries
TIMER	2.595e+01	2.608e+01	2.621e+01	2	Phase I: all2all patterns
TIMER	5.940e+02	6.422e+02	6.977e+02	2	Phase II: local_locate_possible
TIMER	4.763e+01	4.785e+01	4.798e+01	2	all2all patterns for cmp
TIMER	1.881e+01	2.215e+01	2.292e+01	2	Phase III: local strcmp
TIMER	2.792e+00	2.915e+00	3.010e+00	2	return P3 results
TIMER	8.912e+00	9.295e+00	9.471e+00	2	return P2 results
TIMER	9.496e+02	9.496e+02	9.496e+02	1	bulk_locate
TIMER	1.399e+02	1.417e+02	1.433e+02	2	Phase I: local queries
TIMER	2.589e+01	2.607e+01	2.617e+01	2	Phase I: all2all patterns
TIMER	5.909e+02	6.388e+02	6.938e+02	2	Phase II: local_locate_possible
TIMER	4.566e+01	4.595e+01	4.609e+01	2	all2all patterns for cmp
TIMER	1.885e+01	2.165e+01	2.238e+01	2	Phase III: local strcmp
TIMER	2.814e+00	2.907e+00	3.022e+00	2	return P3 results
TIMER	8.484e+00	8.713e+00	8.833e+00	2	return P2 results
TIMER	9.440e+02	9.440e+02	9.440e+02	1	bulk_locate
TIMER	1.385e+02	1.401e+02	1.418e+02	2	Phase I: local queries
TIMER	2.566e+01	2.590e+01	2.603e+01	2	Phase I: all2all patterns
TIMER	5.909e+02	6.389e+02	6.933e+02	2	Phase II: local_locate_possible
TIMER	4.595e+01	4.620e+01	4.635e+01	2	all2all patterns for cmp
TIMER	1.878e+01	2.165e+01	2.236e+01	2	Phase III: local strcmp
TIMER	2.802e+00	2.911e+00	2.980e+00	2	return P3 results
TIMER	8.564e+00	8.743e+00	8.863e+00	2	return P2 results
TIMER	9.422e+02	9.422e+02	9.422e+02	1	bulk_locate
TIMER	1.385e+02	1.400e+02	1.419e+02	2	Phase I: local queries
TIMER	2.578e+01	2.595e+01	2.611e+01	2	Phase I: all2all patterns
TIMER	5.909e+02	6.389e+02	6.977e+02	2	Phase II: local_locate_possible
TIMER	4.729e+01	4.759e+01	4.773e+01	2	all2all patterns for cmp
TIMER	1.890e+01	2.189e+01	2.288e+01	2	Phase III: local strcmp
TIMER	2.743e+00	2.907e+00	3.022e+00	2	return P3 results
TIMER	8.714e+00	9.039e+00	9.390e+00	2	return P2 results
TIMER	9.492e+02	9.492e+02	9.492e+02	1	bulk_locate
TIMER	1.412e+02	1.441e+02	1.463e+02	2	Phase I: local queries
TIMER	2.631e+01	2.660e+01	2.684e+01	2	Phase I: all2all patterns
TIMER	5.910e+02	6.389e+02	6.942e+02	2	Phase II: local_locate_possible
TIMER	4.639e+01	4.680e+01	4.703e+01	2	all2all patterns for cmp
TIMER	1.870e+01	2.187e+01	2.292e+01	2	Phase III: local strcmp
TIMER	2.793e+00	2.912e+00	3.038e+00	2	return P3 results
TIMER	8.534e+00	8.866e+00	9.175e+00	2	return P2 results
TIMER	9.499e+02	9.499e+02	9.499e+02	1	bulk_locate
TIMER	1.387e+02	1.401e+02	1.417e+02	2	Phase I: local queries
TIMER	2.581e+01	2.599e+01	2.610e+01	2	Phase I: all2all patterns
TIMER	5.902e+02	6.385e+02	6.943e+02	2	Phase II: local_locate_possible
TIMER	4.555e+01	4.586e+01	4.600e+01	2	all2all patterns for cmp
TIMER	1.885e+01	2.165e+01	2.233e+01	2	Phase III: local strcmp
TIMER	2.757e+00	2.903e+00	3.030e+00	2	return P3 results
TIMER	8.550e+00	8.744e+00	8.877e+00	2	return P2 results
TIMER	9.427e+02	9.427e+02	9.427e+02	1	bulk_locate
