== Node distribution == 
== p=48 processes on 1 nodes ==
--  Node: 'c499-074.stampede2.tacc.utexas.edu' (48/48)
        Ranks: 0, 1, 2, 3, 4, 5, 6, 7, 8, 9, 10, 11, 12, 13, 14, 15, 16, 17, 18, 19, 20, 21, 22, 23, 24, 25, 26, 27, 28, 29, 30, 31, 32, 33, 34, 35, 36, 37, 38, 39, 40, 41, 42, 43, 44, 45, 46, 47
TIMER	7.158e+01	7.168e+01	7.174e+01	2	desa_read: read str
TIMER	1.010e+03	1.010e+03	1.010e+03	2	desa_read: read SA
TIMER	9.678e+01	9.683e+01	9.686e+01	2	desa_read: init q-mer hist
TIMER	2.408e-02	1.202e-01	2.007e-01	3	repartition: 1D-partition
TIMER	1.090e+02	1.093e+02	1.101e+02	3	repartition: redistribute
TIMER	1.105e+02	1.105e+02	1.107e+02	2	desa_read: repartition
TIMER	5.763e+01	5.974e+01	6.114e+01	2	desa_read: RMQ construct
TIMER	1.407e+03	1.423e+03	1.459e+03	1	read patterns file
TIMER	1.388e+02	1.406e+02	1.443e+02	2	Phase I: local queries
TIMER	3.870e+01	3.914e+01	3.945e+01	2	Phase I: all2all patterns
TIMER	5.938e+02	6.415e+02	6.966e+02	2	Phase II: local_locate_possible
TIMER	4.813e+01	4.851e+01	4.870e+01	2	all2all patterns for cmp
TIMER	2.028e+01	2.215e+01	2.318e+01	2	Phase III: local strcmp
TIMER	2.905e+00	3.078e+00	3.193e+00	2	return P3 results
TIMER	8.623e+00	9.170e+00	9.726e+00	2	return P2 results
TIMER	9.660e+02	9.660e+02	9.660e+02	1	bulk_locate
TIMER	1.387e+02	1.406e+02	1.428e+02	2	Phase I: local queries
TIMER	2.573e+01	2.607e+01	2.624e+01	2	Phase I: all2all patterns
TIMER	5.944e+02	6.409e+02	6.970e+02	2	Phase II: local_locate_possible
TIMER	4.675e+01	4.816e+01	4.887e+01	2	all2all patterns for cmp
TIMER	1.947e+01	2.182e+01	2.493e+01	2	Phase III: local strcmp
TIMER	2.666e+00	3.069e+00	3.511e+00	2	return P3 results
TIMER	8.364e+00	8.979e+00	1.050e+01	2	return P2 results
TIMER	9.544e+02	9.544e+02	9.544e+02	1	bulk_locate
TIMER	1.383e+02	1.410e+02	1.453e+02	2	Phase I: local queries
TIMER	2.584e+01	2.622e+01	2.645e+01	2	Phase I: all2all patterns
TIMER	5.950e+02	6.403e+02	6.964e+02	2	Phase II: local_locate_possible
TIMER	4.688e+01	4.709e+01	4.720e+01	2	all2all patterns for cmp
TIMER	1.963e+01	2.165e+01	2.256e+01	2	Phase III: local strcmp
TIMER	2.618e+00	2.902e+00	3.034e+00	2	return P3 results
TIMER	8.432e+00	8.855e+00	9.703e+00	2	return P2 results
TIMER	9.511e+02	9.511e+02	9.511e+02	1	bulk_locate
TIMER	1.388e+02	1.400e+02	1.412e+02	2	Phase I: local queries
TIMER	2.587e+01	2.615e+01	2.634e+01	2	Phase I: all2all patterns
TIMER	5.950e+02	6.409e+02	6.966e+02	2	Phase II: local_locate_possible
TIMER	4.762e+01	4.785e+01	4.907e+01	2	all2all patterns for cmp
TIMER	2.078e+01	2.183e+01	2.357e+01	2	Phase III: local strcmp
TIMER	2.823e+00	3.027e+00	3.581e+00	2	return P3 results
TIMER	8.483e+00	8.966e+00	9.810e+00	2	return P2 results
TIMER	9.507e+02	9.507e+02	9.507e+02	1	bulk_locate
TIMER	1.382e+02	1.413e+02	1.465e+02	2	Phase I: local queries
TIMER	2.697e+01	2.743e+01	2.767e+01	2	Phase I: all2all patterns
TIMER	5.941e+02	6.414e+02	6.971e+02	2	Phase II: local_locate_possible
TIMER	4.740e+01	4.796e+01	4.837e+01	2	all2all patterns for cmp
TIMER	1.968e+01	2.190e+01	2.419e+01	2	Phase III: local strcmp
TIMER	2.743e+00	2.905e+00	3.478e+00	2	return P3 results
TIMER	8.357e+00	9.019e+00	9.568e+00	2	return P2 results
TIMER	9.574e+02	9.574e+02	9.575e+02	1	bulk_locate
TIMER	1.385e+02	1.407e+02	1.447e+02	2	Phase I: local queries
TIMER	2.583e+01	2.620e+01	2.642e+01	2	Phase I: all2all patterns
TIMER	5.950e+02	6.412e+02	6.974e+02	2	Phase II: local_locate_possible
TIMER	4.635e+01	4.711e+01	4.742e+01	2	all2all patterns for cmp
TIMER	1.957e+01	2.174e+01	2.297e+01	2	Phase III: local strcmp
TIMER	2.744e+00	2.909e+00	3.008e+00	2	return P3 results
TIMER	8.336e+00	8.933e+00	1.044e+01	2	return P2 results
TIMER	9.528e+02	9.528e+02	9.528e+02	1	bulk_locate
TIMER	1.387e+02	1.403e+02	1.424e+02	2	Phase I: local queries
TIMER	2.542e+01	2.592e+01	2.621e+01	2	Phase I: all2all patterns
TIMER	5.950e+02	6.409e+02	6.972e+02	2	Phase II: local_locate_possible
TIMER	4.702e+01	4.738e+01	4.766e+01	2	all2all patterns for cmp
TIMER	1.970e+01	2.168e+01	2.261e+01	2	Phase III: local strcmp
TIMER	2.790e+00	2.917e+00	3.019e+00	2	return P3 results
TIMER	8.424e+00	8.847e+00	9.757e+00	2	return P2 results
TIMER	9.493e+02	9.494e+02	9.494e+02	1	bulk_locate
TIMER	1.388e+02	1.406e+02	1.447e+02	2	Phase I: local queries
TIMER	2.607e+01	2.649e+01	2.677e+01	2	Phase I: all2all patterns
TIMER	5.957e+02	6.411e+02	7.000e+02	2	Phase II: local_locate_possible
TIMER	4.677e+01	4.718e+01	4.762e+01	2	all2all patterns for cmp
TIMER	2.031e+01	2.178e+01	2.312e+01	2	Phase III: local strcmp
TIMER	2.672e+00	2.897e+00	3.036e+00	2	return P3 results
TIMER	8.283e+00	8.957e+00	9.676e+00	2	return P2 results
TIMER	9.555e+02	9.555e+02	9.555e+02	1	bulk_locate
TIMER	1.390e+02	1.413e+02	1.455e+02	2	Phase I: local queries
TIMER	2.602e+01	2.651e+01	2.676e+01	2	Phase I: all2all patterns
TIMER	5.944e+02	6.404e+02	6.968e+02	2	Phase II: local_locate_possible
TIMER	4.619e+01	4.678e+01	4.709e+01	2	all2all patterns for cmp
TIMER	1.968e+01	2.179e+01	2.309e+01	2	Phase III: local strcmp
TIMER	2.835e+00	2.933e+00	3.022e+00	2	return P3 results
TIMER	8.479e+00	8.888e+00	9.516e+00	2	return P2 results
TIMER	9.523e+02	9.523e+02	9.523e+02	1	bulk_locate
TIMER	1.387e+02	1.400e+02	1.411e+02	2	Phase I: local queries
TIMER	2.554e+01	2.595e+01	2.616e+01	2	Phase I: all2all patterns
TIMER	5.951e+02	6.404e+02	6.968e+02	2	Phase II: local_locate_possible
TIMER	4.754e+01	4.782e+01	4.801e+01	2	all2all patterns for cmp
TIMER	1.981e+01	2.167e+01	2.259e+01	2	Phase III: local strcmp
TIMER	2.805e+00	2.918e+00	3.036e+00	2	return P3 results
TIMER	8.418e+00	8.826e+00	9.596e+00	2	return P2 results
TIMER	9.479e+02	9.479e+02	9.479e+02	1	bulk_locate
