== Node distribution == 
== p=12 processes on 1 nodes ==
--  Node: 'c506-094.stampede2.tacc.utexas.edu' (12/12)
        Ranks: 0, 1, 2, 3, 4, 5, 6, 7, 8, 9, 10, 11
TIMER	7.665e+01	7.668e+01	7.669e+01	2	desa_read: read str
TIMER	2.537e+02	2.537e+02	2.537e+02	2	desa_read: read SA
TIMER	3.066e+02	3.066e+02	3.066e+02	2	desa_read: init q-mer hist
TIMER	5.975e-03	2.504e-02	3.867e-02	3	repartition: 1D-partition
TIMER	1.609e+02	1.611e+02	1.612e+02	3	repartition: redistribute
TIMER	1.613e+02	1.613e+02	1.614e+02	2	desa_read: repartition
TIMER	1.658e+02	1.702e+02	1.741e+02	2	desa_read: RMQ construct
TIMER	1.094e+03	1.097e+03	1.099e+03	1	read patterns file
TIMER	4.943e+02	5.054e+02	5.147e+02	2	Phase I: local queries
TIMER	3.940e+01	4.053e+01	4.195e+01	2	Phase I: all2all patterns
TIMER	2.183e+03	2.326e+03	2.431e+03	2	Phase II: local_locate_possible
TIMER	9.153e+01	9.180e+01	9.214e+01	2	all2all patterns for cmp
TIMER	6.836e+01	7.426e+01	7.792e+01	2	Phase III: local strcmp
TIMER	4.219e+00	4.356e+00	4.434e+00	2	return P3 results
TIMER	9.451e+00	1.067e+01	1.153e+01	2	return P2 results
TIMER	3.175e+03	3.176e+03	3.176e+03	1	bulk_locate
TIMER	4.900e+02	5.024e+02	5.109e+02	2	Phase I: local queries
TIMER	3.633e+01	3.772e+01	3.875e+01	2	Phase I: all2all patterns
TIMER	2.181e+03	2.324e+03	2.431e+03	2	Phase II: local_locate_possible
TIMER	8.881e+01	8.929e+01	9.014e+01	2	all2all patterns for cmp
TIMER	6.798e+01	7.411e+01	7.741e+01	2	Phase III: local strcmp
TIMER	4.110e+00	4.252e+00	4.328e+00	2	return P3 results
TIMER	9.056e+00	1.040e+01	1.124e+01	2	return P2 results
TIMER	3.167e+03	3.168e+03	3.168e+03	1	bulk_locate
TIMER	4.901e+02	5.008e+02	5.087e+02	2	Phase I: local queries
TIMER	3.810e+01	3.942e+01	4.066e+01	2	Phase I: all2all patterns
TIMER	2.180e+03	2.324e+03	2.430e+03	2	Phase II: local_locate_possible
TIMER	8.860e+01	8.916e+01	9.007e+01	2	all2all patterns for cmp
TIMER	6.822e+01	7.414e+01	7.727e+01	2	Phase III: local strcmp
TIMER	4.123e+00	4.232e+00	4.335e+00	2	return P3 results
TIMER	9.184e+00	1.056e+01	1.133e+01	2	return P2 results
TIMER	3.165e+03	3.165e+03	3.166e+03	1	bulk_locate
TIMER	4.891e+02	5.006e+02	5.086e+02	2	Phase I: local queries
TIMER	3.799e+01	3.938e+01	4.052e+01	2	Phase I: all2all patterns
TIMER	2.176e+03	2.318e+03	2.423e+03	2	Phase II: local_locate_possible
TIMER	8.683e+01	8.737e+01	8.831e+01	2	all2all patterns for cmp
TIMER	6.758e+01	7.344e+01	7.688e+01	2	Phase III: local strcmp
TIMER	4.086e+00	4.226e+00	4.335e+00	2	return P3 results
TIMER	9.152e+00	9.211e+00	9.254e+00	2	return P2 results
TIMER	3.154e+03	3.154e+03	3.154e+03	1	bulk_locate
TIMER	4.897e+02	5.016e+02	5.110e+02	2	Phase I: local queries
TIMER	3.800e+01	3.939e+01	4.063e+01	2	Phase I: all2all patterns
TIMER	2.180e+03	2.322e+03	2.429e+03	2	Phase II: local_locate_possible
TIMER	8.813e+01	8.859e+01	8.946e+01	2	all2all patterns for cmp
TIMER	6.785e+01	7.404e+01	7.735e+01	2	Phase III: local strcmp
TIMER	4.118e+00	4.239e+00	4.297e+00	2	return P3 results
TIMER	8.748e+00	1.028e+01	1.121e+01	2	return P2 results
TIMER	3.165e+03	3.165e+03	3.166e+03	1	bulk_locate
TIMER	4.892e+02	5.005e+02	5.082e+02	2	Phase I: local queries
TIMER	3.832e+01	3.953e+01	4.066e+01	2	Phase I: all2all patterns
TIMER	2.174e+03	2.317e+03	2.424e+03	2	Phase II: local_locate_possible
TIMER	8.699e+01	8.743e+01	8.835e+01	2	all2all patterns for cmp
TIMER	6.727e+01	7.342e+01	7.672e+01	2	Phase III: local strcmp
TIMER	4.113e+00	4.250e+00	4.309e+00	2	return P3 results
TIMER	9.127e+00	9.223e+00	9.292e+00	2	return P2 results
TIMER	3.154e+03	3.154e+03	3.154e+03	1	bulk_locate
TIMER	4.904e+02	5.007e+02	5.086e+02	2	Phase I: local queries
TIMER	3.805e+01	3.939e+01	4.059e+01	2	Phase I: all2all patterns
TIMER	2.174e+03	2.319e+03	2.426e+03	2	Phase II: local_locate_possible
TIMER	8.728e+01	8.780e+01	8.881e+01	2	all2all patterns for cmp
TIMER	6.772e+01	7.357e+01	7.663e+01	2	Phase III: local strcmp
TIMER	4.135e+00	4.232e+00	4.297e+00	2	return P3 results
TIMER	9.005e+00	9.316e+00	1.068e+01	2	return P2 results
TIMER	3.158e+03	3.158e+03	3.158e+03	1	bulk_locate
TIMER	4.890e+02	5.003e+02	5.082e+02	2	Phase I: local queries
TIMER	3.771e+01	3.922e+01	4.039e+01	2	Phase I: all2all patterns
TIMER	2.176e+03	2.320e+03	2.430e+03	2	Phase II: local_locate_possible
TIMER	8.708e+01	8.760e+01	8.847e+01	2	all2all patterns for cmp
TIMER	6.734e+01	7.366e+01	7.688e+01	2	Phase III: local strcmp
TIMER	4.129e+00	4.226e+00	4.338e+00	2	return P3 results
TIMER	8.641e+00	9.618e+00	1.104e+01	2	return P2 results
TIMER	3.162e+03	3.162e+03	3.162e+03	1	bulk_locate
TIMER	4.891e+02	5.006e+02	5.099e+02	2	Phase I: local queries
TIMER	3.789e+01	3.924e+01	4.041e+01	2	Phase I: all2all patterns
TIMER	2.182e+03	2.320e+03	2.424e+03	2	Phase II: local_locate_possible
TIMER	8.728e+01	8.772e+01	8.857e+01	2	all2all patterns for cmp
TIMER	6.745e+01	7.370e+01	7.722e+01	2	Phase III: local strcmp
TIMER	4.110e+00	4.207e+00	4.283e+00	2	return P3 results
TIMER	9.159e+00	9.943e+00	1.132e+01	2	return P2 results
TIMER	3.158e+03	3.158e+03	3.158e+03	1	bulk_locate
TIMER	4.890e+02	5.004e+02	5.088e+02	2	Phase I: local queries
TIMER	3.787e+01	3.935e+01	4.047e+01	2	Phase I: all2all patterns
TIMER	2.176e+03	2.318e+03	2.425e+03	2	Phase II: local_locate_possible
TIMER	8.690e+01	8.751e+01	8.850e+01	2	all2all patterns for cmp
TIMER	6.733e+01	7.367e+01	7.662e+01	2	Phase III: local strcmp
TIMER	4.185e+00	4.233e+00	4.286e+00	2	return P3 results
TIMER	9.144e+00	9.246e+00	9.403e+00	2	return P2 results
TIMER	3.155e+03	3.156e+03	3.156e+03	1	bulk_locate
