== Node distribution == 
== p=2 processes on 1 nodes ==
--  Node: 'c506-044.stampede2.tacc.utexas.edu' (2/2)
        Ranks: 0, 1
TIMER	3.547e+02	3.564e+02	3.581e+02	1	read input file
TIMER	4.199e+01	4.199e+01	4.199e+01	2	desa_construct: cpy str
Alphabet: {sigma=4, l=3, A=[A, C, G, T]}
TIMER	7.070e+01	7.072e+01	7.073e+01	3	get alphabet
TIMER	4.560e+02	4.575e+02	4.589e+02	4	kmer-gen
TIMER	3.708e+02	3.709e+02	3.709e+02	5	shift-buckets
TIMER	1.785e+04	1.785e+04	1.785e+04	5	ISA-to-SA
TIMER	1.251e+03	1.269e+03	1.287e+03	5	init-lcp
iteration 21: unfinished buckets = 3772201, unfinished elements = 14712244
TIMER	4.525e+02	4.529e+02	4.533e+02	5	rebucket
TIMER	6.193e+03	6.195e+03	6.196e+03	5	SA-to-ISA
TIMER	2.616e+04	2.616e+04	2.616e+04	5	sac-iteration
Starting Bucket chasing algorithm
unresolved = 14712245, unfinished = 3772201
TIMER	2.350e+02	2.350e+02	2.350e+02	5	get active elements
TIMER	7.474e-03	7.997e-03	8.520e-03	6	bulk_query: get recv_counts
TIMER	2.994e+01	2.994e+01	2.994e+01	6	bulk_query: all2all queries
Avg queries: 7.356e+06, max queries on proc 1: 8310271
Inbalance factor: 1.130e+00x
TIMER	7.257e+01	8.566e+01	9.874e+01	6	bulk_query: local query
TIMER	2.802e+01	2.802e+01	2.802e+01	6	bulk_query: all2all query results
TIMER	1.614e+03	1.616e+03	1.617e+03	7	resolve_next_lcp: bulk_rmq
TIMER	3.475e+01	3.539e+01	3.603e+01	7	resolve_next_lcp: set LCP
TIMER	1.653e+03	1.653e+03	1.653e+03	7	LCP update
unresolved = 5543898, unfinished = 1943843
TIMER	3.250e+03	3.250e+03	3.250e+03	5	bucket-chaising iteration
TIMER	1.077e-02	1.104e-02	1.131e-02	6	bulk_query: get recv_counts
TIMER	1.254e+01	1.254e+01	1.255e+01	6	bulk_query: all2all queries
Avg queries: 2.772e+06, max queries on proc 1: 3647518
Inbalance factor: 1.316e+00x
TIMER	1.594e+01	2.533e+01	3.473e+01	6	bulk_query: local query
TIMER	1.158e+01	1.158e+01	1.158e+01	6	bulk_query: all2all query results
TIMER	1.055e+03	1.055e+03	1.055e+03	7	resolve_next_lcp: bulk_rmq
TIMER	1.538e+01	1.550e+01	1.562e+01	7	resolve_next_lcp: set LCP
TIMER	1.071e+03	1.071e+03	1.071e+03	7	LCP update
unresolved = 3214279, unfinished = 1330905
TIMER	1.758e+03	1.758e+03	1.758e+03	5	bucket-chaising iteration
TIMER	8.207e-03	8.408e-03	8.608e-03	6	bulk_query: get recv_counts
TIMER	7.773e+00	7.775e+00	7.777e+00	6	bulk_query: all2all queries
Avg queries: 1.607e+06, max queries on proc 1: 2200634
Inbalance factor: 1.369e+00x
TIMER	7.400e+00	1.285e+01	1.830e+01	6	bulk_query: local query
TIMER	6.775e+00	6.775e+00	6.776e+00	6	bulk_query: all2all query results
TIMER	9.541e+02	9.542e+02	9.542e+02	7	resolve_next_lcp: bulk_rmq
TIMER	8.981e+00	9.025e+00	9.070e+00	7	resolve_next_lcp: set LCP
TIMER	9.634e+02	9.634e+02	9.634e+02	7	LCP update
unresolved = 2059860, unfinished = 924799
TIMER	1.377e+03	1.377e+03	1.377e+03	5	bucket-chaising iteration
TIMER	7.115e-03	7.210e-03	7.306e-03	6	bulk_query: get recv_counts
TIMER	4.573e+00	4.574e+00	4.574e+00	6	bulk_query: all2all queries
Avg queries: 1.030e+06, max queries on proc 1: 1391257
Inbalance factor: 1.351e+00x
TIMER	4.435e+00	7.708e+00	1.098e+01	6	bulk_query: local query
TIMER	4.224e+00	4.224e+00	4.225e+00	6	bulk_query: all2all query results
TIMER	9.319e+02	9.321e+02	9.322e+02	7	resolve_next_lcp: bulk_rmq
TIMER	5.257e+00	5.273e+00	5.288e+00	7	resolve_next_lcp: set LCP
TIMER	9.376e+02	9.376e+02	9.376e+02	7	LCP update
unresolved = 1420247, unfinished = 659187
TIMER	1.211e+03	1.212e+03	1.212e+03	5	bucket-chaising iteration
TIMER	6.892e-03	6.960e-03	7.028e-03	6	bulk_query: get recv_counts
TIMER	3.570e+00	3.571e+00	3.572e+00	6	bulk_query: all2all queries
Avg queries: 7.101e+05, max queries on proc 1: 919855
Inbalance factor: 1.295e+00x
TIMER	2.095e+00	4.292e+00	6.490e+00	6	bulk_query: local query
TIMER	1.799e+00	1.800e+00	1.800e+00	6	bulk_query: all2all query results
TIMER	9.211e+02	9.212e+02	9.214e+02	7	resolve_next_lcp: bulk_rmq
TIMER	3.410e+00	3.451e+00	3.492e+00	7	resolve_next_lcp: set LCP
TIMER	9.249e+02	9.249e+02	9.249e+02	7	LCP update
unresolved = 983947, unfinished = 476015
TIMER	1.118e+03	1.118e+03	1.118e+03	5	bucket-chaising iteration
TIMER	6.207e-03	6.433e-03	6.659e-03	6	bulk_query: get recv_counts
TIMER	1.453e+00	1.455e+00	1.456e+00	6	bulk_query: all2all queries
Avg queries: 4.920e+05, max queries on proc 1: 587251
Inbalance factor: 1.194e+00x
TIMER	1.694e+00	2.428e+00	3.162e+00	6	bulk_query: local query
TIMER	1.399e+00	1.399e+00	1.399e+00	6	bulk_query: all2all query results
TIMER	9.200e+02	9.202e+02	9.203e+02	7	resolve_next_lcp: bulk_rmq
TIMER	2.740e+00	2.757e+00	2.774e+00	7	resolve_next_lcp: set LCP
TIMER	9.232e+02	9.232e+02	9.232e+02	7	LCP update
unresolved = 630245, unfinished = 309523
TIMER	1.051e+03	1.051e+03	1.051e+03	5	bucket-chaising iteration
TIMER	4.467e-03	4.805e-03	5.144e-03	6	bulk_query: get recv_counts
TIMER	8.194e-01	8.198e-01	8.202e-01	6	bulk_query: all2all queries
Avg queries: 3.151e+05, max queries on proc 1: 327479
Inbalance factor: 1.039e+00x
TIMER	1.039e+00	1.307e+00	1.575e+00	6	bulk_query: local query
TIMER	4.846e-01	4.849e-01	4.852e-01	6	bulk_query: all2all query results
TIMER	9.166e+02	9.166e+02	9.167e+02	7	resolve_next_lcp: bulk_rmq
TIMER	2.358e+00	2.378e+00	2.399e+00	7	resolve_next_lcp: set LCP
TIMER	9.191e+02	9.191e+02	9.191e+02	7	LCP update
unresolved = 346601, unfinished = 170433
TIMER	9.972e+02	9.972e+02	9.972e+02	5	bucket-chaising iteration
TIMER	4.339e-03	4.398e-03	4.456e-03	6	bulk_query: get recv_counts
TIMER	3.151e-01	3.153e-01	3.154e-01	6	bulk_query: all2all queries
Avg queries: 1.733e+05, max queries on proc 0: 197062
Inbalance factor: 1.137e+00x
TIMER	6.035e-01	6.217e-01	6.400e-01	6	bulk_query: local query
TIMER	3.634e-01	3.635e-01	3.637e-01	6	bulk_query: all2all query results
TIMER	9.131e+02	9.135e+02	9.139e+02	7	resolve_next_lcp: bulk_rmq
TIMER	1.544e+00	1.566e+00	1.588e+00	7	resolve_next_lcp: set LCP
TIMER	9.155e+02	9.155e+02	9.155e+02	7	LCP update
unresolved = 162762, unfinished = 81381
TIMER	9.604e+02	9.604e+02	9.604e+02	5	bucket-chaising iteration
TIMER	4.788e-03	4.856e-03	4.923e-03	6	bulk_query: get recv_counts
TIMER	2.022e-01	2.033e-01	2.045e-01	6	bulk_query: all2all queries
Avg queries: 8.138e+04, max queries on proc 0: 128272
Inbalance factor: 1.576e+00x
TIMER	1.309e-01	2.838e-01	4.367e-01	6	bulk_query: local query
TIMER	2.143e-01	2.143e-01	2.143e-01	6	bulk_query: all2all query results
TIMER	9.087e+02	9.091e+02	9.095e+02	7	resolve_next_lcp: bulk_rmq
TIMER	5.784e-01	6.206e-01	6.627e-01	7	resolve_next_lcp: set LCP
TIMER	9.103e+02	9.103e+02	9.103e+02	7	LCP update
unresolved = 92256, unfinished = 46128
TIMER	9.285e+02	9.285e+02	9.285e+02	5	bucket-chaising iteration
TIMER	3.039e-03	3.262e-03	3.485e-03	6	bulk_query: get recv_counts
TIMER	1.574e-01	1.575e-01	1.575e-01	6	bulk_query: all2all queries
Avg queries: 4.613e+04, max queries on proc 0: 92256
Inbalance factor: 2.000e+00x
TIMER	2.559e-02	1.541e-01	2.827e-01	6	bulk_query: local query
TIMER	1.572e-01	1.593e-01	1.615e-01	6	bulk_query: all2all query results
TIMER	9.109e+02	9.114e+02	9.119e+02	7	resolve_next_lcp: bulk_rmq
TIMER	3.762e-01	4.243e-01	4.724e-01	7	resolve_next_lcp: set LCP
TIMER	9.124e+02	9.124e+02	9.124e+02	7	LCP update
unresolved = 49248, unfinished = 24624
TIMER	9.233e+02	9.233e+02	9.234e+02	5	bucket-chaising iteration
TIMER	3.158e-03	3.240e-03	3.322e-03	6	bulk_query: get recv_counts
TIMER	8.946e-02	9.032e-02	9.118e-02	6	bulk_query: all2all queries
Avg queries: 2.462e+04, max queries on proc 0: 49248
Inbalance factor: 2.000e+00x
TIMER	2.492e-02	1.132e-01	2.015e-01	6	bulk_query: local query
TIMER	8.643e-02	8.871e-02	9.100e-02	6	bulk_query: all2all query results
TIMER	9.092e+02	9.097e+02	9.102e+02	7	resolve_next_lcp: bulk_rmq
TIMER	4.658e-01	4.770e-01	4.881e-01	7	resolve_next_lcp: set LCP
TIMER	9.107e+02	9.107e+02	9.107e+02	7	LCP update
unresolved = 0, unfinished = 0
TIMER	9.167e+02	9.167e+02	9.167e+02	5	bucket-chaising iteration
TIMER	1.473e+04	1.473e+04	1.473e+04	4	construct-msgs
TIMER	7.550e+01	7.581e+01	7.613e+01	4	fix-isa
TIMER	4.150e+04	4.150e+04	4.150e+04	2	desa_construct: SA/LCP construct
TIMER	1.687e+03	1.687e+03	1.687e+03	2	desa_construct: TLI construct
TIMER	1.300e-03	1.404e-03	1.507e-03	3	repartition: 1D-partition
TIMER	1.823e-02	1.844e-02	1.865e-02	2	desa_construct: 1-D partition
TIMER	1.246e+03	1.246e+03	1.247e+03	3	repartition: redistribute
TIMER	1.247e+03	1.247e+03	1.247e+03	2	desa_construct: repartition
TIMER	9.012e+02	9.016e+02	9.019e+02	2	desa_construct: RMQ construct
TIMER	1.271e-02	1.396e-02	1.521e-02	3	bulk_query: get recv_counts
TIMER	4.294e+02	4.294e+02	4.294e+02	3	bulk_query: all2all queries
Avg queries: 1.126e+08, max queries on proc 1: 112640307
Inbalance factor: 1.000e+00x
TIMER	1.335e+03	1.337e+03	1.338e+03	3	bulk_query: local query
TIMER	6.258e+01	6.258e+01	6.258e+01	3	bulk_query: all2all query results
TIMER	5.923e+03	5.923e+03	5.924e+03	2	desa_construct: Lc naive construct
TIMER	5.131e+04	5.131e+04	5.131e+04	1	construct idx
