== Node distribution == 
== p=24 processes on 1 nodes ==
--  Node: 'c506-044.stampede2.tacc.utexas.edu' (24/24)
        Ranks: 0, 1, 2, 3, 4, 5, 6, 7, 8, 9, 10, 11, 12, 13, 14, 15, 16, 17, 18, 19, 20, 21, 22, 23
TIMER	4.250e+01	4.668e+01	4.820e+01	1	read input file
TIMER	5.050e+00	5.051e+00	5.052e+00	2	desa_construct: cpy str
Alphabet: {sigma=4, l=3, A=[A, C, G, T]}
TIMER	7.084e+00	7.086e+00	7.109e+00	3	get alphabet
TIMER	5.051e+01	5.139e+01	5.262e+01	4	kmer-gen
TIMER	5.335e+01	5.463e+01	5.530e+01	5	shift-buckets
TIMER	2.139e+03	2.152e+03	2.163e+03	5	ISA-to-SA
TIMER	1.243e+02	1.280e+02	1.309e+02	5	init-lcp
iteration 21: unfinished buckets = 3772201, unfinished elements = 14712244
TIMER	5.331e+01	5.389e+01	5.450e+01	5	rebucket
TIMER	8.415e+02	8.446e+02	8.479e+02	5	SA-to-ISA
TIMER	3.252e+03	3.252e+03	3.252e+03	5	sac-iteration
Starting Bucket chasing algorithm
unresolved = 14712245, unfinished = 3772201
TIMER	2.714e+01	2.714e+01	2.716e+01	5	get active elements
TIMER	2.011e-02	2.115e-02	2.327e-02	6	bulk_query: get recv_counts
TIMER	6.536e+00	7.761e+00	9.620e+00	6	bulk_query: all2all queries
Avg queries: 6.130e+05, max queries on proc 13: 2177756
Inbalance factor: 3.553e+00x
TIMER	3.717e+00	7.498e+00	2.200e+01	6	bulk_query: local query
TIMER	4.044e+00	4.251e+00	4.487e+00	6	bulk_query: all2all query results
TIMER	1.822e+02	1.848e+02	1.880e+02	7	resolve_next_lcp: bulk_rmq
TIMER	3.580e+00	4.467e+00	5.123e+00	7	resolve_next_lcp: set LCP
TIMER	1.932e+02	1.932e+02	1.932e+02	7	LCP update
unresolved = 5543898, unfinished = 1943843
TIMER	4.238e+02	4.238e+02	4.238e+02	5	bucket-chaising iteration
TIMER	1.855e-02	1.940e-02	2.056e-02	6	bulk_query: get recv_counts
TIMER	5.070e+00	5.691e+00	6.574e+00	6	bulk_query: all2all queries
Avg queries: 2.310e+05, max queries on proc 13: 1505535
Inbalance factor: 6.518e+00x
TIMER	2.699e-01	1.898e+00	1.279e+01	6	bulk_query: local query
TIMER	1.842e+00	2.288e+00	2.496e+00	6	bulk_query: all2all query results
TIMER	1.133e+02	1.136e+02	1.138e+02	7	resolve_next_lcp: bulk_rmq
TIMER	1.639e+00	1.799e+00	2.128e+00	7	resolve_next_lcp: set LCP
TIMER	1.160e+02	1.160e+02	1.160e+02	7	LCP update
unresolved = 3214279, unfinished = 1330905
TIMER	2.257e+02	2.262e+02	2.280e+02	5	bucket-chaising iteration
TIMER	1.770e-02	1.902e-02	2.006e-02	6	bulk_query: get recv_counts
TIMER	2.083e+00	2.944e+00	4.019e+00	6	bulk_query: all2all queries
Avg queries: 1.339e+05, max queries on proc 13: 1152578
Inbalance factor: 8.606e+00x
TIMER	8.141e-02	9.100e-01	8.065e+00	6	bulk_query: local query
TIMER	9.797e-01	1.246e+00	1.439e+00	6	bulk_query: all2all query results
TIMER	9.573e+01	9.582e+01	9.588e+01	7	resolve_next_lcp: bulk_rmq
TIMER	8.214e-01	9.125e-01	9.546e-01	7	resolve_next_lcp: set LCP
TIMER	9.692e+01	9.692e+01	9.692e+01	7	LCP update
unresolved = 2059860, unfinished = 924799
TIMER	1.644e+02	1.644e+02	1.644e+02	5	bucket-chaising iteration
TIMER	1.674e-02	1.806e-02	1.944e-02	6	bulk_query: get recv_counts
TIMER	1.205e+00	1.793e+00	2.587e+00	6	bulk_query: all2all queries
Avg queries: 8.583e+04, max queries on proc 13: 863657
Inbalance factor: 1.006e+01x
TIMER	3.052e-02	5.140e-01	5.432e+00	6	bulk_query: local query
TIMER	4.336e-01	7.196e-01	8.535e-01	6	bulk_query: all2all query results
TIMER	8.871e+01	8.876e+01	8.880e+01	7	resolve_next_lcp: bulk_rmq
TIMER	4.433e-01	5.077e-01	5.433e-01	7	resolve_next_lcp: set LCP
TIMER	8.942e+01	8.942e+01	8.942e+01	7	LCP update
unresolved = 1420247, unfinished = 659187
TIMER	1.338e+02	1.338e+02	1.339e+02	5	bucket-chaising iteration
TIMER	1.595e-02	1.676e-02	1.799e-02	6	bulk_query: get recv_counts
TIMER	7.265e-01	1.265e+00	1.810e+00	6	bulk_query: all2all queries
Avg queries: 5.918e+04, max queries on proc 13: 641955
Inbalance factor: 1.085e+01x
TIMER	3.509e-02	3.073e-01	3.277e+00	6	bulk_query: local query
TIMER	3.143e-01	4.069e-01	5.592e-01	6	bulk_query: all2all query results
TIMER	8.759e+01	8.763e+01	8.768e+01	7	resolve_next_lcp: bulk_rmq
TIMER	2.766e-01	3.219e-01	3.540e-01	7	resolve_next_lcp: set LCP
TIMER	8.811e+01	8.811e+01	8.811e+01	7	LCP update
unresolved = 983947, unfinished = 476015
TIMER	1.171e+02	1.171e+02	1.171e+02	5	bucket-chaising iteration
TIMER	1.566e-02	1.646e-02	1.737e-02	6	bulk_query: get recv_counts
TIMER	4.545e-01	8.149e-01	1.211e+00	6	bulk_query: all2all queries
Avg queries: 4.100e+04, max queries on proc 13: 450465
Inbalance factor: 1.099e+01x
TIMER	2.285e-02	1.788e-01	1.844e+00	6	bulk_query: local query
TIMER	2.076e-01	2.621e-01	3.596e-01	6	bulk_query: all2all query results
TIMER	8.733e+01	8.736e+01	8.738e+01	7	resolve_next_lcp: bulk_rmq
TIMER	2.090e-01	2.519e-01	2.807e-01	7	resolve_next_lcp: set LCP
TIMER	8.773e+01	8.773e+01	8.773e+01	7	LCP update
unresolved = 630245, unfinished = 309523
TIMER	1.074e+02	1.074e+02	1.074e+02	5	bucket-chaising iteration
TIMER	1.366e-02	1.418e-02	1.503e-02	6	bulk_query: get recv_counts
TIMER	2.900e-01	5.225e-01	7.846e-01	6	bulk_query: all2all queries
Avg queries: 2.626e+04, max queries on proc 13: 272698
Inbalance factor: 1.038e+01x
TIMER	2.224e-02	1.145e-01	9.856e-01	6	bulk_query: local query
TIMER	1.489e-01	2.569e-01	2.998e-01	6	bulk_query: all2all query results
TIMER	8.691e+01	8.692e+01	8.693e+01	7	resolve_next_lcp: bulk_rmq
TIMER	1.866e-01	2.156e-01	2.408e-01	7	resolve_next_lcp: set LCP
TIMER	8.727e+01	8.727e+01	8.727e+01	7	LCP update
unresolved = 346601, unfinished = 170433
TIMER	9.938e+01	9.938e+01	9.939e+01	5	bucket-chaising iteration
TIMER	1.204e-02	1.287e-02	1.360e-02	6	bulk_query: get recv_counts
TIMER	1.407e-01	1.654e-01	3.158e-01	6	bulk_query: all2all queries
Avg queries: 1.444e+04, max queries on proc 10: 135806
Inbalance factor: 9.404e+00x
TIMER	1.973e-02	6.575e-02	4.651e-01	6	bulk_query: local query
TIMER	7.795e-02	1.466e-01	2.139e-01	6	bulk_query: all2all query results
TIMER	8.817e+01	8.818e+01	8.820e+01	7	resolve_next_lcp: bulk_rmq
TIMER	1.293e-01	1.649e-01	2.639e-01	7	resolve_next_lcp: set LCP
TIMER	8.853e+01	8.853e+01	8.854e+01	7	LCP update
unresolved = 162762, unfinished = 81381
TIMER	9.491e+01	9.491e+01	9.492e+01	5	bucket-chaising iteration
TIMER	1.192e-02	1.245e-02	1.314e-02	6	bulk_query: get recv_counts
TIMER	8.102e-02	9.487e-02	2.113e-01	6	bulk_query: all2all queries
Avg queries: 6.782e+03, max queries on proc 10: 114302
Inbalance factor: 1.685e+01x
TIMER	1.965e-02	3.990e-02	3.141e-01	6	bulk_query: local query
TIMER	3.496e-02	1.023e-01	1.678e-01	6	bulk_query: all2all query results
TIMER	9.021e+01	9.021e+01	9.022e+01	7	resolve_next_lcp: bulk_rmq
TIMER	4.146e-02	8.000e-02	2.270e-01	7	resolve_next_lcp: set LCP
TIMER	9.052e+01	9.052e+01	9.052e+01	7	LCP update
unresolved = 92256, unfinished = 46128
TIMER	9.443e+01	9.443e+01	9.444e+01	5	bucket-chaising iteration
TIMER	1.043e-02	1.110e-02	1.209e-02	6	bulk_query: get recv_counts
TIMER	6.294e-02	7.210e-02	1.599e-01	6	bulk_query: all2all queries
Avg queries: 3.844e+03, max queries on proc 10: 92256
Inbalance factor: 2.400e+01x
TIMER	2.051e-02	3.317e-02	2.846e-01	6	bulk_query: local query
TIMER	1.546e-02	8.134e-02	1.367e-01	6	bulk_query: all2all query results
TIMER	8.592e+01	8.592e+01	8.594e+01	7	resolve_next_lcp: bulk_rmq
TIMER	2.080e-02	4.664e-02	1.263e-01	7	resolve_next_lcp: set LCP
TIMER	8.613e+01	8.613e+01	8.613e+01	7	LCP update
unresolved = 49248, unfinished = 24624
TIMER	8.888e+01	8.888e+01	8.889e+01	5	bucket-chaising iteration
TIMER	9.853e-03	1.066e-02	1.141e-02	6	bulk_query: get recv_counts
TIMER	2.931e-02	3.350e-02	8.152e-02	6	bulk_query: all2all queries
Avg queries: 2.052e+03, max queries on proc 10: 49248
Inbalance factor: 2.400e+01x
TIMER	1.920e-02	2.626e-02	1.579e-01	6	bulk_query: local query
TIMER	1.119e-02	4.461e-02	7.390e-02	6	bulk_query: all2all query results
TIMER	8.599e+01	8.599e+01	8.600e+01	7	resolve_next_lcp: bulk_rmq
TIMER	2.774e-02	4.846e-02	1.002e-01	7	resolve_next_lcp: set LCP
TIMER	8.616e+01	8.616e+01	8.617e+01	7	LCP update
unresolved = 0, unfinished = 0
TIMER	8.760e+01	8.760e+01	8.761e+01	5	bucket-chaising iteration
TIMER	1.670e+03	1.670e+03	1.670e+03	4	construct-msgs
TIMER	1.915e+01	1.979e+01	2.026e+01	4	fix-isa
TIMER	5.003e+03	5.003e+03	5.003e+03	2	desa_construct: SA/LCP construct
TIMER	1.641e+02	1.641e+02	1.641e+02	2	desa_construct: TLI construct
TIMER	4.159e-03	4.650e-03	5.049e-03	3	repartition: 1D-partition
TIMER	3.563e-02	3.596e-02	3.636e-02	2	desa_construct: 1-D partition
TIMER	1.561e+02	1.562e+02	1.568e+02	3	repartition: redistribute
TIMER	1.569e+02	1.569e+02	1.570e+02	2	desa_construct: repartition
TIMER	8.193e+01	8.374e+01	8.599e+01	2	desa_construct: RMQ construct
TIMER	1.738e-02	2.103e-02	2.387e-02	3	bulk_query: get recv_counts
TIMER	5.708e+01	5.805e+01	5.915e+01	3	bulk_query: all2all queries
Avg queries: 9.387e+06, max queries on proc 8: 9386941
Inbalance factor: 1.000e+00x
TIMER	1.033e+02	1.130e+02	1.165e+02	3	bulk_query: local query
TIMER	7.336e+00	7.440e+00	7.596e+00	3	bulk_query: all2all query results
TIMER	5.768e+02	5.812e+02	5.854e+02	2	desa_construct: Lc naive construct
TIMER	6.001e+03	6.001e+03	6.001e+03	1	construct idx
