== Node distribution == 
== p=1 processes on 1 nodes ==
--  Node: 'c506-044.stampede2.tacc.utexas.edu' (1/1)
        Ranks: 0
TIMER	7.112e+02	7.112e+02	7.112e+02	1	read input file
TIMER	8.461e+01	8.461e+01	8.461e+01	2	desa_construct: cpy str
Alphabet: {sigma=4, l=3, A=[A, C, G, T]}
TIMER	1.415e+02	1.415e+02	1.415e+02	3	get alphabet
TIMER	9.122e+02	9.122e+02	9.122e+02	4	kmer-gen
TIMER	7.466e+02	7.466e+02	7.466e+02	5	shift-buckets
TIMER	2.906e+04	2.906e+04	2.906e+04	5	ISA-to-SA
TIMER	2.466e+03	2.466e+03	2.466e+03	5	init-lcp
iteration 21: unfinished buckets = 3772201, unfinished elements = 14712245
TIMER	9.000e+02	9.000e+02	9.000e+02	5	rebucket
TIMER	8.135e+03	8.135e+03	8.135e+03	5	SA-to-ISA
TIMER	4.131e+04	4.131e+04	4.131e+04	5	sac-iteration
Starting Bucket chasing algorithm
unresolved = 14712245, unfinished = 3772201
TIMER	4.652e+02	4.652e+02	4.652e+02	5	get active elements
TIMER	4.041e-03	4.041e-03	4.041e-03	6	bulk_query: get recv_counts
TIMER	5.242e+01	5.242e+01	5.242e+01	6	bulk_query: all2all queries
Avg queries: 1.471e+07, max queries on proc 0: 14712245
Inbalance factor: 1.000e+00x
TIMER	1.885e+02	1.885e+02	1.885e+02	6	bulk_query: local query
TIMER	5.219e+01	5.219e+01	5.219e+01	6	bulk_query: all2all query results
TIMER	3.084e+03	3.084e+03	3.084e+03	7	resolve_next_lcp: bulk_rmq
TIMER	7.069e+01	7.069e+01	7.069e+01	7	resolve_next_lcp: set LCP
TIMER	3.155e+03	3.155e+03	3.155e+03	7	LCP update
unresolved = 5543898, unfinished = 1943843
TIMER	6.046e+03	6.046e+03	6.046e+03	5	bucket-chaising iteration
TIMER	4.096e-03	4.096e-03	4.096e-03	6	bulk_query: get recv_counts
TIMER	1.854e+01	1.854e+01	1.854e+01	6	bulk_query: all2all queries
Avg queries: 5.544e+06, max queries on proc 0: 5543898
Inbalance factor: 1.000e+00x
TIMER	5.970e+01	5.970e+01	5.970e+01	6	bulk_query: local query
TIMER	1.831e+01	1.831e+01	1.831e+01	6	bulk_query: all2all query results
TIMER	2.061e+03	2.061e+03	2.061e+03	7	resolve_next_lcp: bulk_rmq
TIMER	3.126e+01	3.126e+01	3.126e+01	7	resolve_next_lcp: set LCP
TIMER	2.092e+03	2.092e+03	2.092e+03	7	LCP update
unresolved = 3214279, unfinished = 1330905
TIMER	3.357e+03	3.357e+03	3.357e+03	5	bucket-chaising iteration
TIMER	3.751e-03	3.751e-03	3.751e-03	6	bulk_query: get recv_counts
TIMER	9.972e+00	9.972e+00	9.972e+00	6	bulk_query: all2all queries
Avg queries: 3.214e+06, max queries on proc 0: 3214279
Inbalance factor: 1.000e+00x
TIMER	3.013e+01	3.013e+01	3.013e+01	6	bulk_query: local query
TIMER	6.301e+00	6.301e+00	6.301e+00	6	bulk_query: all2all query results
TIMER	1.959e+03	1.959e+03	1.959e+03	7	resolve_next_lcp: bulk_rmq
TIMER	1.819e+01	1.819e+01	1.819e+01	7	resolve_next_lcp: set LCP
TIMER	1.977e+03	1.977e+03	1.977e+03	7	LCP update
unresolved = 2059860, unfinished = 924799
TIMER	2.734e+03	2.734e+03	2.734e+03	5	bucket-chaising iteration
TIMER	3.605e-03	3.605e-03	3.605e-03	6	bulk_query: get recv_counts
TIMER	6.051e+00	6.051e+00	6.051e+00	6	bulk_query: all2all queries
Avg queries: 2.060e+06, max queries on proc 0: 2059860
Inbalance factor: 1.000e+00x
TIMER	1.732e+01	1.732e+01	1.732e+01	6	bulk_query: local query
TIMER	3.774e+00	3.774e+00	3.774e+00	6	bulk_query: all2all query results
TIMER	1.830e+03	1.830e+03	1.830e+03	7	resolve_next_lcp: bulk_rmq
TIMER	1.067e+01	1.067e+01	1.067e+01	7	resolve_next_lcp: set LCP
TIMER	1.841e+03	1.841e+03	1.841e+03	7	LCP update
unresolved = 1420247, unfinished = 659187
TIMER	2.327e+03	2.327e+03	2.327e+03	5	bucket-chaising iteration
TIMER	2.375e-03	2.375e-03	2.375e-03	6	bulk_query: get recv_counts
TIMER	3.350e+00	3.350e+00	3.350e+00	6	bulk_query: all2all queries
Avg queries: 1.420e+06, max queries on proc 0: 1420247
Inbalance factor: 1.000e+00x
TIMER	1.164e+01	1.164e+01	1.164e+01	6	bulk_query: local query
TIMER	2.312e+00	2.312e+00	2.312e+00	6	bulk_query: all2all query results
TIMER	1.837e+03	1.837e+03	1.837e+03	7	resolve_next_lcp: bulk_rmq
TIMER	7.073e+00	7.073e+00	7.073e+00	7	resolve_next_lcp: set LCP
TIMER	1.844e+03	1.844e+03	1.844e+03	7	LCP update
unresolved = 983947, unfinished = 476015
TIMER	2.173e+03	2.173e+03	2.173e+03	5	bucket-chaising iteration
TIMER	1.434e-03	1.434e-03	1.434e-03	6	bulk_query: get recv_counts
TIMER	1.941e+00	1.941e+00	1.941e+00	6	bulk_query: all2all queries
Avg queries: 9.839e+05, max queries on proc 0: 983947
Inbalance factor: 1.000e+00x
TIMER	6.009e+00	6.009e+00	6.009e+00	6	bulk_query: local query
TIMER	1.368e+00	1.368e+00	1.368e+00	6	bulk_query: all2all query results
TIMER	1.832e+03	1.832e+03	1.832e+03	7	resolve_next_lcp: bulk_rmq
TIMER	5.654e+00	5.654e+00	5.654e+00	7	resolve_next_lcp: set LCP
TIMER	1.838e+03	1.838e+03	1.838e+03	7	LCP update
unresolved = 630245, unfinished = 309523
TIMER	2.070e+03	2.070e+03	2.070e+03	5	bucket-chaising iteration
TIMER	1.646e-03	1.646e-03	1.646e-03	6	bulk_query: get recv_counts
TIMER	1.293e+00	1.293e+00	1.293e+00	6	bulk_query: all2all queries
Avg queries: 6.302e+05, max queries on proc 0: 630245
Inbalance factor: 1.000e+00x
TIMER	3.284e+00	3.284e+00	3.284e+00	6	bulk_query: local query
TIMER	7.000e-01	7.000e-01	7.000e-01	6	bulk_query: all2all query results
TIMER	1.826e+03	1.826e+03	1.826e+03	7	resolve_next_lcp: bulk_rmq
TIMER	4.753e+00	4.753e+00	4.753e+00	7	resolve_next_lcp: set LCP
TIMER	1.831e+03	1.831e+03	1.831e+03	7	LCP update
unresolved = 346601, unfinished = 170433
TIMER	1.983e+03	1.983e+03	1.983e+03	5	bucket-chaising iteration
TIMER	1.581e-03	1.581e-03	1.581e-03	6	bulk_query: get recv_counts
TIMER	4.135e-01	4.135e-01	4.135e-01	6	bulk_query: all2all queries
Avg queries: 3.466e+05, max queries on proc 0: 346601
Inbalance factor: 1.000e+00x
TIMER	1.453e+00	1.453e+00	1.453e+00	6	bulk_query: local query
TIMER	3.461e-01	3.461e-01	3.461e-01	6	bulk_query: all2all query results
TIMER	1.824e+03	1.824e+03	1.824e+03	7	resolve_next_lcp: bulk_rmq
TIMER	3.174e+00	3.174e+00	3.174e+00	7	resolve_next_lcp: set LCP
TIMER	1.827e+03	1.827e+03	1.827e+03	7	LCP update
unresolved = 162762, unfinished = 81381
TIMER	1.906e+03	1.906e+03	1.906e+03	5	bucket-chaising iteration
TIMER	1.766e-03	1.766e-03	1.766e-03	6	bulk_query: get recv_counts
TIMER	1.696e-01	1.696e-01	1.696e-01	6	bulk_query: all2all queries
Avg queries: 1.628e+05, max queries on proc 0: 162762
Inbalance factor: 1.000e+00x
TIMER	5.546e-01	5.546e-01	5.546e-01	6	bulk_query: local query
TIMER	1.480e-01	1.480e-01	1.480e-01	6	bulk_query: all2all query results
TIMER	1.816e+03	1.816e+03	1.816e+03	7	resolve_next_lcp: bulk_rmq
TIMER	1.189e+00	1.189e+00	1.189e+00	7	resolve_next_lcp: set LCP
TIMER	1.817e+03	1.817e+03	1.817e+03	7	LCP update
unresolved = 92256, unfinished = 46128
TIMER	1.852e+03	1.852e+03	1.852e+03	5	bucket-chaising iteration
TIMER	1.034e-03	1.034e-03	1.034e-03	6	bulk_query: get recv_counts
TIMER	9.282e-02	9.282e-02	9.282e-02	6	bulk_query: all2all queries
Avg queries: 9.226e+04, max queries on proc 0: 92256
Inbalance factor: 1.000e+00x
TIMER	2.783e-01	2.783e-01	2.783e-01	6	bulk_query: local query
TIMER	7.073e-02	7.073e-02	7.073e-02	6	bulk_query: all2all query results
TIMER	1.818e+03	1.818e+03	1.818e+03	7	resolve_next_lcp: bulk_rmq
TIMER	7.311e-01	7.311e-01	7.311e-01	7	resolve_next_lcp: set LCP
TIMER	1.819e+03	1.819e+03	1.819e+03	7	LCP update
unresolved = 49248, unfinished = 24624
TIMER	1.837e+03	1.837e+03	1.837e+03	5	bucket-chaising iteration
TIMER	1.044e-03	1.044e-03	1.044e-03	6	bulk_query: get recv_counts
TIMER	3.905e-02	3.905e-02	3.905e-02	6	bulk_query: all2all queries
Avg queries: 4.925e+04, max queries on proc 0: 49248
Inbalance factor: 1.000e+00x
TIMER	1.950e-01	1.950e-01	1.950e-01	6	bulk_query: local query
TIMER	2.832e-02	2.832e-02	2.832e-02	6	bulk_query: all2all query results
TIMER	1.816e+03	1.816e+03	1.816e+03	7	resolve_next_lcp: bulk_rmq
TIMER	8.594e-01	8.594e-01	8.594e-01	7	resolve_next_lcp: set LCP
TIMER	1.817e+03	1.817e+03	1.817e+03	7	LCP update
unresolved = 0, unfinished = 0
TIMER	1.827e+03	1.827e+03	1.827e+03	5	bucket-chaising iteration
TIMER	2.858e+04	2.858e+04	2.858e+04	4	construct-msgs
TIMER	1.504e+02	1.504e+02	1.504e+02	4	fix-isa
TIMER	7.110e+04	7.110e+04	7.110e+04	2	desa_construct: SA/LCP construct
TIMER	3.372e+03	3.372e+03	3.372e+03	2	desa_construct: TLI construct
TIMER	8.830e-04	8.830e-04	8.830e-04	3	repartition: 1D-partition
TIMER	2.546e-02	2.546e-02	2.546e-02	2	desa_construct: 1-D partition
TIMER	2.519e+03	2.519e+03	2.519e+03	3	repartition: redistribute
TIMER	2.519e+03	2.519e+03	2.519e+03	2	desa_construct: repartition
TIMER	1.868e+03	1.868e+03	1.868e+03	2	desa_construct: RMQ construct
TIMER	6.053e-03	6.053e-03	6.053e-03	3	bulk_query: get recv_counts
TIMER	7.961e+02	7.961e+02	7.961e+02	3	bulk_query: all2all queries
Avg queries: 2.253e+08, max queries on proc 0: 225280603
Inbalance factor: 1.000e+00x
TIMER	2.889e+03	2.889e+03	2.889e+03	3	bulk_query: local query
TIMER	1.001e+02	1.001e+02	1.001e+02	3	bulk_query: all2all query results
TIMER	9.626e+03	9.626e+03	9.626e+03	2	desa_construct: Lc naive construct
TIMER	8.857e+04	8.857e+04	8.857e+04	1	construct idx
