== Node distribution == 
== p=192 processes on 4 nodes ==
--  Node: 'c506-083.stampede2.tacc.utexas.edu' (48/192)
        Ranks: 0, 1, 2, 3, 4, 5, 6, 7, 8, 9, 10, 11, 12, 13, 14, 15, 16, 17, 18, 19, 20, 21, 22, 23, 24, 25, 26, 27, 28, 29, 30, 31, 32, 33, 34, 35, 36, 37, 38, 39, 40, 41, 42, 43, 44, 45, 46, 47
--  Node: 'c506-084.stampede2.tacc.utexas.edu' (48/192)
        Ranks: 48, 49, 50, 51, 52, 53, 54, 55, 56, 57, 58, 59, 60, 61, 62, 63, 64, 65, 66, 67, 68, 69, 70, 71, 72, 73, 74, 75, 76, 77, 78, 79, 80, 81, 82, 83, 84, 85, 86, 87, 88, 89, 90, 91, 92, 93, 94, 95
--  Node: 'c506-102.stampede2.tacc.utexas.edu' (48/192)
        Ranks: 96, 97, 98, 99, 100, 101, 102, 103, 104, 105, 106, 107, 108, 109, 110, 111, 112, 113, 114, 115, 116, 117, 118, 119, 120, 121, 122, 123, 124, 125, 126, 127, 128, 129, 130, 131, 132, 133, 134, 135, 136, 137, 138, 139, 140, 141, 142, 143
--  Node: 'c506-121.stampede2.tacc.utexas.edu' (48/192)
        Ranks: 144, 145, 146, 147, 148, 149, 150, 151, 152, 153, 154, 155, 156, 157, 158, 159, 160, 161, 162, 163, 164, 165, 166, 167, 168, 169, 170, 171, 172, 173, 174, 175, 176, 177, 178, 179, 180, 181, 182, 183, 184, 185, 186, 187, 188, 189, 190, 191
TIMER	1.327e+01	2.181e+01	2.550e+01	1	read input file
TIMER	9.530e-01	9.554e-01	9.571e-01	2	desa_construct: cpy str
Alphabet: {sigma=4, l=3, A=[A, C, G, T]}
TIMER	1.617e+00	1.620e+00	1.652e+00	3	get alphabet
TIMER	1.026e+01	1.139e+01	1.212e+01	4	kmer-gen
TIMER	1.155e+01	1.284e+01	1.476e+01	5	shift-buckets
TIMER	5.159e+02	5.207e+02	5.225e+02	5	ISA-to-SA
TIMER	2.025e+01	2.102e+01	2.202e+01	5	init-lcp
iteration 21: unfinished buckets = 3772201, unfinished elements = 14712237
TIMER	1.168e+01	1.186e+01	1.208e+01	5	rebucket
TIMER	2.092e+02	2.128e+02	2.164e+02	5	SA-to-ISA
TIMER	7.882e+02	7.882e+02	7.882e+02	5	sac-iteration
Starting Bucket chasing algorithm
unresolved = 14712245, unfinished = 3772201
TIMER	4.300e+00	4.302e+00	4.319e+00	5	get active elements
TIMER	5.518e-02	6.355e-02	8.505e-02	6	bulk_query: get recv_counts
TIMER	5.495e+00	5.754e+00	6.112e+00	6	bulk_query: all2all queries
Avg queries: 7.663e+04, max queries on proc 106: 856331
Inbalance factor: 1.118e+01x
TIMER	3.707e-01	8.331e-01	7.214e+00	6	bulk_query: local query
TIMER	6.191e+00	6.412e+00	6.689e+00	6	bulk_query: all2all query results
TIMER	4.460e+01	4.549e+01	4.751e+01	7	resolve_next_lcp: bulk_rmq
TIMER	4.540e-01	7.694e-01	1.165e+00	7	resolve_next_lcp: set LCP
TIMER	4.883e+01	4.883e+01	4.883e+01	7	LCP update
unresolved = 5543898, unfinished = 1943843
TIMER	1.404e+02	1.404e+02	1.404e+02	5	bucket-chaising iteration
TIMER	5.646e-02	6.490e-02	9.379e-02	6	bulk_query: get recv_counts
TIMER	3.127e+00	3.323e+00	3.581e+00	6	bulk_query: all2all queries
Avg queries: 2.887e+04, max queries on proc 106: 755708
Inbalance factor: 2.617e+01x
TIMER	6.084e-02	2.375e-01	5.680e+00	6	bulk_query: local query
TIMER	2.848e+00	3.117e+00	3.392e+00	6	bulk_query: all2all query results
TIMER	1.967e+01	1.975e+01	1.988e+01	7	resolve_next_lcp: bulk_rmq
TIMER	1.582e-01	2.073e-01	2.525e-01	7	resolve_next_lcp: set LCP
TIMER	2.026e+01	2.026e+01	2.026e+01	7	LCP update
unresolved = 3214279, unfinished = 1330905
TIMER	5.558e+01	5.558e+01	5.560e+01	5	bucket-chaising iteration
TIMER	5.208e-02	7.417e-02	9.838e-02	6	bulk_query: get recv_counts
TIMER	1.990e+00	2.288e+00	2.473e+00	6	bulk_query: all2all queries
Avg queries: 1.674e+04, max queries on proc 106: 629968
Inbalance factor: 3.763e+01x
TIMER	5.547e-02	1.512e-01	4.365e+00	6	bulk_query: local query
TIMER	1.606e+00	1.784e+00	1.973e+00	6	bulk_query: all2all query results
TIMER	1.730e+01	1.733e+01	1.738e+01	7	resolve_next_lcp: bulk_rmq
TIMER	8.382e-02	1.051e-01	1.319e-01	7	resolve_next_lcp: set LCP
TIMER	1.763e+01	1.763e+01	1.763e+01	7	LCP update
unresolved = 2059860, unfinished = 924799
TIMER	4.232e+01	4.232e+01	4.234e+01	5	bucket-chaising iteration
TIMER	5.802e-02	7.763e-02	1.061e-01	6	bulk_query: get recv_counts
TIMER	7.333e-01	1.419e+00	1.732e+00	6	bulk_query: all2all queries
Avg queries: 1.073e+04, max queries on proc 106: 489306
Inbalance factor: 4.561e+01x
TIMER	3.989e-02	9.508e-02	3.013e+00	6	bulk_query: local query
TIMER	8.712e-01	9.916e-01	1.117e+00	6	bulk_query: all2all query results
TIMER	1.619e+01	1.621e+01	1.624e+01	7	resolve_next_lcp: bulk_rmq
TIMER	4.771e-02	6.105e-02	7.965e-02	7	resolve_next_lcp: set LCP
TIMER	1.645e+01	1.645e+01	1.645e+01	7	LCP update
unresolved = 1420247, unfinished = 659187
TIMER	3.369e+01	3.369e+01	3.371e+01	5	bucket-chaising iteration
TIMER	5.202e-02	6.922e-02	8.027e-02	6	bulk_query: get recv_counts
TIMER	5.494e-01	8.745e-01	1.286e+00	6	bulk_query: all2all queries
Avg queries: 7.397e+03, max queries on proc 106: 361472
Inbalance factor: 4.887e+01x
TIMER	3.850e-02	7.269e-02	1.958e+00	6	bulk_query: local query
TIMER	6.305e-01	7.252e-01	8.648e-01	6	bulk_query: all2all query results
TIMER	1.585e+01	1.587e+01	1.590e+01	7	resolve_next_lcp: bulk_rmq
TIMER	2.723e-02	4.250e-02	5.537e-02	7	resolve_next_lcp: set LCP
TIMER	1.608e+01	1.608e+01	1.609e+01	7	LCP update
unresolved = 983947, unfinished = 476015
TIMER	2.863e+01	2.864e+01	2.866e+01	5	bucket-chaising iteration
TIMER	4.725e-02	6.063e-02	6.777e-02	6	bulk_query: get recv_counts
TIMER	4.578e-01	5.805e-01	8.533e-01	6	bulk_query: all2all queries
Avg queries: 5.125e+03, max queries on proc 106: 249991
Inbalance factor: 4.878e+01x
TIMER	3.670e-02	5.977e-02	1.200e+00	6	bulk_query: local query
TIMER	3.317e-01	4.287e-01	5.308e-01	6	bulk_query: all2all query results
TIMER	1.575e+01	1.576e+01	1.578e+01	7	resolve_next_lcp: bulk_rmq
TIMER	2.438e-02	3.364e-02	4.247e-02	7	resolve_next_lcp: set LCP
TIMER	1.594e+01	1.594e+01	1.595e+01	7	LCP update
unresolved = 630245, unfinished = 309523
TIMER	2.454e+01	2.454e+01	2.455e+01	5	bucket-chaising iteration
TIMER	5.305e-02	7.360e-02	9.892e-02	6	bulk_query: get recv_counts
TIMER	3.077e-01	4.101e-01	5.901e-01	6	bulk_query: all2all queries
Avg queries: 3.283e+03, max queries on proc 106: 149584
Inbalance factor: 4.557e+01x
TIMER	3.660e-02	5.046e-02	6.831e-01	6	bulk_query: local query
TIMER	2.145e-01	2.841e-01	3.498e-01	6	bulk_query: all2all query results
TIMER	1.563e+01	1.563e+01	1.564e+01	7	resolve_next_lcp: bulk_rmq
TIMER	2.411e-02	3.083e-02	4.242e-02	7	resolve_next_lcp: set LCP
TIMER	1.580e+01	1.580e+01	1.580e+01	7	LCP update
unresolved = 346601, unfinished = 170433
TIMER	2.126e+01	2.127e+01	2.128e+01	5	bucket-chaising iteration
TIMER	4.955e-02	7.007e-02	9.853e-02	6	bulk_query: get recv_counts
TIMER	2.179e-01	3.038e-01	5.101e-01	6	bulk_query: all2all queries
Avg queries: 1.805e+03, max queries on proc 87: 135806
Inbalance factor: 7.523e+01x
TIMER	3.568e-02	4.362e-02	4.336e-01	6	bulk_query: local query
TIMER	1.396e-01	2.033e-01	2.686e-01	6	bulk_query: all2all query results
TIMER	1.554e+01	1.554e+01	1.555e+01	7	resolve_next_lcp: bulk_rmq
TIMER	1.541e-02	1.999e-02	2.545e-02	7	resolve_next_lcp: set LCP
TIMER	1.569e+01	1.569e+01	1.569e+01	7	LCP update
unresolved = 162762, unfinished = 81381
TIMER	1.974e+01	1.974e+01	1.975e+01	5	bucket-chaising iteration
TIMER	4.803e-02	6.128e-02	8.954e-02	6	bulk_query: get recv_counts
TIMER	1.575e-01	2.493e-01	4.649e-01	6	bulk_query: all2all queries
Avg queries: 8.477e+02, max queries on proc 87: 114302
Inbalance factor: 1.348e+02x
TIMER	3.511e-02	3.944e-02	3.588e-01	6	bulk_query: local query
TIMER	1.215e-01	1.677e-01	2.362e-01	6	bulk_query: all2all query results
TIMER	1.521e+01	1.521e+01	1.522e+01	7	resolve_next_lcp: bulk_rmq
TIMER	4.499e-03	8.374e-03	1.162e-02	7	resolve_next_lcp: set LCP
TIMER	1.536e+01	1.536e+01	1.536e+01	7	LCP update
unresolved = 92256, unfinished = 46128
TIMER	1.876e+01	1.877e+01	1.878e+01	5	bucket-chaising iteration
TIMER	5.130e-02	6.477e-02	8.608e-02	6	bulk_query: get recv_counts
TIMER	7.562e-02	1.665e-01	3.889e-01	6	bulk_query: all2all queries
Avg queries: 4.805e+02, max queries on proc 87: 92256
Inbalance factor: 1.920e+02x
TIMER	3.549e-02	3.876e-02	3.423e-01	6	bulk_query: local query
TIMER	2.472e-02	1.237e-01	2.118e-01	6	bulk_query: all2all query results
TIMER	1.516e+01	1.517e+01	1.518e+01	7	resolve_next_lcp: bulk_rmq
TIMER	2.794e-03	5.911e-03	9.981e-03	7	resolve_next_lcp: set LCP
TIMER	1.530e+01	1.530e+01	1.530e+01	7	LCP update
unresolved = 49248, unfinished = 24624
TIMER	1.823e+01	1.823e+01	1.824e+01	5	bucket-chaising iteration
TIMER	4.675e-02	6.525e-02	9.415e-02	6	bulk_query: get recv_counts
TIMER	4.857e-02	1.157e-01	2.617e-01	6	bulk_query: all2all queries
Avg queries: 2.565e+02, max queries on proc 87: 49248
Inbalance factor: 1.920e+02x
TIMER	3.491e-02	3.816e-02	2.206e-01	6	bulk_query: local query
TIMER	1.733e-02	1.024e-01	1.728e-01	6	bulk_query: all2all query results
TIMER	1.518e+01	1.519e+01	1.520e+01	7	resolve_next_lcp: bulk_rmq
TIMER	2.617e-03	6.610e-03	1.066e-02	7	resolve_next_lcp: set LCP
TIMER	1.533e+01	1.533e+01	1.533e+01	7	LCP update
unresolved = 0, unfinished = 0
TIMER	1.731e+01	1.731e+01	1.733e+01	5	bucket-chaising iteration
TIMER	4.258e+02	4.258e+02	4.258e+02	4	construct-msgs
TIMER	3.345e+00	4.275e+00	4.538e+00	4	fix-isa
TIMER	1.233e+03	1.233e+03	1.233e+03	2	desa_construct: SA/LCP construct
TIMER	2.759e+01	2.770e+01	2.784e+01	2	desa_construct: TLI construct
TIMER	3.126e-02	3.573e-02	5.727e-02	3	repartition: 1D-partition
TIMER	4.082e-01	4.093e-01	4.103e-01	2	desa_construct: 1-D partition
TIMER	3.255e+01	3.261e+01	3.266e+01	3	repartition: redistribute
TIMER	3.275e+01	3.275e+01	3.325e+01	2	desa_construct: repartition
TIMER	1.376e+01	1.428e+01	1.487e+01	2	desa_construct: RMQ construct
TIMER	5.146e-02	6.296e-02	8.476e-02	3	bulk_query: get recv_counts
TIMER	3.581e+01	3.700e+01	3.786e+01	3	bulk_query: all2all queries
Avg queries: 1.173e+06, max queries on proc 11: 1174576
Inbalance factor: 1.001e+00x
TIMER	4.639e+00	6.204e+00	8.466e+00	3	bulk_query: local query
TIMER	5.951e+00	6.090e+00	6.140e+00	3	bulk_query: all2all query results
TIMER	1.112e+02	1.120e+02	1.140e+02	2	desa_construct: Lc naive construct
TIMER	1.425e+03	1.425e+03	1.425e+03	1	construct idx
