== Node distribution == 
== p=24 processes on 1 nodes ==
--  Node: 'c506-044.stampede2.tacc.utexas.edu' (24/24)
        Ranks: 0, 1, 2, 3, 4, 5, 6, 7, 8, 9, 10, 11, 12, 13, 14, 15, 16, 17, 18, 19, 20, 21, 22, 23
TIMER	4.641e+01	4.753e+01	4.898e+01	1	read input file
TIMER	4.999e+00	5.001e+00	5.002e+00	2	desa_construct: cpy str
Alphabet: {sigma=4, l=3, A=[A, C, G, T]}
TIMER	7.156e+00	7.157e+00	7.181e+00	3	get alphabet
TIMER	5.087e+01	5.153e+01	5.204e+01	4	kmer-gen
TIMER	5.291e+01	5.441e+01	5.516e+01	5	shift-buckets
TIMER	2.142e+03	2.152e+03	2.164e+03	5	ISA-to-SA
TIMER	1.206e+02	1.273e+02	1.308e+02	5	init-lcp
iteration 21: unfinished buckets = 3772201, unfinished elements = 14712244
TIMER	5.314e+01	5.368e+01	5.433e+01	5	rebucket
TIMER	8.404e+02	8.430e+02	8.452e+02	5	SA-to-ISA
TIMER	3.250e+03	3.250e+03	3.250e+03	5	sac-iteration
Starting Bucket chasing algorithm
unresolved = 14712245, unfinished = 3772201
TIMER	2.727e+01	2.727e+01	2.729e+01	5	get active elements
TIMER	2.022e-02	2.108e-02	2.349e-02	6	bulk_query: get recv_counts
TIMER	6.566e+00	7.724e+00	9.387e+00	6	bulk_query: all2all queries
Avg queries: 6.130e+05, max queries on proc 13: 2177756
Inbalance factor: 3.553e+00x
TIMER	3.979e+00	7.511e+00	2.221e+01	6	bulk_query: local query
TIMER	4.126e+00	4.330e+00	4.530e+00	6	bulk_query: all2all query results
TIMER	1.836e+02	1.862e+02	1.894e+02	7	resolve_next_lcp: bulk_rmq
TIMER	3.656e+00	4.505e+00	5.153e+00	7	resolve_next_lcp: set LCP
TIMER	1.946e+02	1.946e+02	1.946e+02	7	LCP update
unresolved = 5543898, unfinished = 1943843
TIMER	4.274e+02	4.274e+02	4.274e+02	5	bucket-chaising iteration
TIMER	1.897e-02	1.974e-02	2.088e-02	6	bulk_query: get recv_counts
TIMER	5.616e+00	6.289e+00	7.247e+00	6	bulk_query: all2all queries
Avg queries: 2.310e+05, max queries on proc 13: 1505535
Inbalance factor: 6.518e+00x
TIMER	2.890e-01	1.901e+00	1.294e+01	6	bulk_query: local query
TIMER	1.864e+00	2.205e+00	2.452e+00	6	bulk_query: all2all query results
TIMER	1.113e+02	1.116e+02	1.118e+02	7	resolve_next_lcp: bulk_rmq
TIMER	1.598e+00	1.771e+00	1.977e+00	7	resolve_next_lcp: set LCP
TIMER	1.139e+02	1.139e+02	1.139e+02	7	LCP update
unresolved = 3214279, unfinished = 1330905
TIMER	2.231e+02	2.235e+02	2.252e+02	5	bucket-chaising iteration
TIMER	1.775e-02	1.906e-02	2.001e-02	6	bulk_query: get recv_counts
TIMER	1.486e+00	2.379e+00	3.451e+00	6	bulk_query: all2all queries
Avg queries: 1.339e+05, max queries on proc 13: 1152578
Inbalance factor: 8.606e+00x
TIMER	7.913e-02	9.353e-01	8.044e+00	6	bulk_query: local query
TIMER	1.005e+00	1.249e+00	1.417e+00	6	bulk_query: all2all query results
TIMER	9.574e+01	9.582e+01	9.586e+01	7	resolve_next_lcp: bulk_rmq
TIMER	8.388e-01	9.103e-01	9.647e-01	7	resolve_next_lcp: set LCP
TIMER	9.691e+01	9.692e+01	9.692e+01	7	LCP update
unresolved = 2059860, unfinished = 924799
TIMER	1.638e+02	1.638e+02	1.638e+02	5	bucket-chaising iteration
TIMER	1.677e-02	1.724e-02	1.795e-02	6	bulk_query: get recv_counts
TIMER	1.224e+00	1.795e+00	2.566e+00	6	bulk_query: all2all queries
Avg queries: 8.583e+04, max queries on proc 13: 863657
Inbalance factor: 1.006e+01x
TIMER	2.991e-02	5.142e-01	5.416e+00	6	bulk_query: local query
TIMER	4.009e-01	5.814e-01	7.253e-01	6	bulk_query: all2all query results
TIMER	8.893e+01	8.897e+01	8.901e+01	7	resolve_next_lcp: bulk_rmq
TIMER	4.655e-01	5.095e-01	5.420e-01	7	resolve_next_lcp: set LCP
TIMER	8.963e+01	8.963e+01	8.963e+01	7	LCP update
unresolved = 1420247, unfinished = 659187
TIMER	1.317e+02	1.317e+02	1.317e+02	5	bucket-chaising iteration
TIMER	1.600e-02	1.657e-02	1.752e-02	6	bulk_query: get recv_counts
TIMER	7.319e-01	1.274e+00	1.822e+00	6	bulk_query: all2all queries
Avg queries: 5.918e+04, max queries on proc 13: 641955
Inbalance factor: 1.085e+01x
TIMER	2.431e-02	2.946e-01	3.203e+00	6	bulk_query: local query
TIMER	3.309e-01	4.086e-01	5.814e-01	6	bulk_query: all2all query results
TIMER	8.778e+01	8.781e+01	8.784e+01	7	resolve_next_lcp: bulk_rmq
TIMER	2.920e-01	3.352e-01	3.757e-01	7	resolve_next_lcp: set LCP
TIMER	8.831e+01	8.831e+01	8.831e+01	7	LCP update
unresolved = 983947, unfinished = 476015
TIMER	1.175e+02	1.175e+02	1.176e+02	5	bucket-chaising iteration
TIMER	1.619e-02	1.725e-02	1.875e-02	6	bulk_query: get recv_counts
TIMER	4.754e-01	8.095e-01	1.202e+00	6	bulk_query: all2all queries
Avg queries: 4.100e+04, max queries on proc 13: 450465
Inbalance factor: 1.099e+01x
TIMER	2.356e-02	1.811e-01	1.887e+00	6	bulk_query: local query
TIMER	1.619e-01	2.605e-01	3.414e-01	6	bulk_query: all2all query results
TIMER	8.728e+01	8.730e+01	8.733e+01	7	resolve_next_lcp: bulk_rmq
TIMER	2.291e-01	2.643e-01	2.957e-01	7	resolve_next_lcp: set LCP
TIMER	8.770e+01	8.770e+01	8.770e+01	7	LCP update
unresolved = 630245, unfinished = 309523
TIMER	1.075e+02	1.075e+02	1.075e+02	5	bucket-chaising iteration
TIMER	1.316e-02	1.397e-02	1.469e-02	6	bulk_query: get recv_counts
TIMER	3.022e-01	5.402e-01	8.131e-01	6	bulk_query: all2all queries
Avg queries: 2.626e+04, max queries on proc 13: 272698
Inbalance factor: 1.038e+01x
TIMER	2.245e-02	1.133e-01	9.977e-01	6	bulk_query: local query
TIMER	1.540e-01	2.251e-01	2.829e-01	6	bulk_query: all2all query results
TIMER	8.672e+01	8.673e+01	8.675e+01	7	resolve_next_lcp: bulk_rmq
TIMER	1.914e-01	2.233e-01	2.480e-01	7	resolve_next_lcp: set LCP
TIMER	8.707e+01	8.707e+01	8.707e+01	7	LCP update
unresolved = 346601, unfinished = 170433
TIMER	9.924e+01	9.924e+01	9.925e+01	5	bucket-chaising iteration
TIMER	1.239e-02	1.302e-02	1.337e-02	6	bulk_query: get recv_counts
TIMER	1.364e-01	1.612e-01	3.160e-01	6	bulk_query: all2all queries
Avg queries: 1.444e+04, max queries on proc 10: 135806
Inbalance factor: 9.404e+00x
TIMER	2.074e-02	6.815e-02	4.883e-01	6	bulk_query: local query
TIMER	7.856e-02	1.468e-01	2.127e-01	6	bulk_query: all2all query results
TIMER	8.825e+01	8.826e+01	8.827e+01	7	resolve_next_lcp: bulk_rmq
TIMER	1.355e-01	1.706e-01	2.670e-01	7	resolve_next_lcp: set LCP
TIMER	8.861e+01	8.861e+01	8.861e+01	7	LCP update
unresolved = 162762, unfinished = 81381
TIMER	9.507e+01	9.507e+01	9.508e+01	5	bucket-chaising iteration
TIMER	1.179e-02	1.231e-02	1.285e-02	6	bulk_query: get recv_counts
TIMER	8.521e-02	9.878e-02	2.163e-01	6	bulk_query: all2all queries
Avg queries: 6.782e+03, max queries on proc 10: 114302
Inbalance factor: 1.685e+01x
TIMER	1.998e-02	4.013e-02	3.073e-01	6	bulk_query: local query
TIMER	3.258e-02	1.022e-01	1.693e-01	6	bulk_query: all2all query results
TIMER	8.984e+01	8.984e+01	8.985e+01	7	resolve_next_lcp: bulk_rmq
TIMER	4.553e-02	8.047e-02	2.211e-01	7	resolve_next_lcp: set LCP
TIMER	9.014e+01	9.014e+01	9.014e+01	7	LCP update
unresolved = 92256, unfinished = 46128
TIMER	9.413e+01	9.413e+01	9.414e+01	5	bucket-chaising iteration
TIMER	1.073e-02	1.115e-02	1.168e-02	6	bulk_query: get recv_counts
TIMER	6.409e-02	7.314e-02	1.677e-01	6	bulk_query: all2all queries
Avg queries: 3.844e+03, max queries on proc 10: 92256
Inbalance factor: 2.400e+01x
TIMER	1.992e-02	3.171e-02	2.715e-01	6	bulk_query: local query
TIMER	1.665e-02	8.125e-02	1.350e-01	6	bulk_query: all2all query results
TIMER	8.597e+01	8.598e+01	8.599e+01	7	resolve_next_lcp: bulk_rmq
TIMER	2.484e-02	4.515e-02	1.268e-01	7	resolve_next_lcp: set LCP
TIMER	8.618e+01	8.618e+01	8.619e+01	7	LCP update
unresolved = 49248, unfinished = 24624
TIMER	8.894e+01	8.894e+01	8.895e+01	5	bucket-chaising iteration
TIMER	1.022e-02	1.076e-02	1.124e-02	6	bulk_query: get recv_counts
TIMER	2.777e-02	3.204e-02	8.223e-02	6	bulk_query: all2all queries
Avg queries: 2.052e+03, max queries on proc 10: 49248
Inbalance factor: 2.400e+01x
TIMER	1.857e-02	2.557e-02	1.559e-01	6	bulk_query: local query
TIMER	1.235e-02	4.590e-02	7.675e-02	6	bulk_query: all2all query results
TIMER	8.580e+01	8.581e+01	8.582e+01	7	resolve_next_lcp: bulk_rmq
TIMER	2.927e-02	4.839e-02	9.453e-02	7	resolve_next_lcp: set LCP
TIMER	8.598e+01	8.598e+01	8.598e+01	7	LCP update
unresolved = 0, unfinished = 0
TIMER	8.735e+01	8.735e+01	8.735e+01	5	bucket-chaising iteration
TIMER	1.668e+03	1.668e+03	1.668e+03	4	construct-msgs
TIMER	1.904e+01	1.975e+01	2.036e+01	4	fix-isa
TIMER	4.998e+03	4.998e+03	4.999e+03	2	desa_construct: SA/LCP construct
TIMER	1.658e+02	1.658e+02	1.658e+02	2	desa_construct: TLI construct
TIMER	4.136e-03	4.528e-03	4.960e-03	3	repartition: 1D-partition
TIMER	3.541e-02	3.564e-02	3.796e-02	2	desa_construct: 1-D partition
TIMER	1.559e+02	1.560e+02	1.566e+02	3	repartition: redistribute
TIMER	1.567e+02	1.567e+02	1.568e+02	2	desa_construct: repartition
TIMER	7.979e+01	8.321e+01	8.598e+01	2	desa_construct: RMQ construct
TIMER	1.565e-02	1.887e-02	2.042e-02	3	bulk_query: get recv_counts
TIMER	5.613e+01	5.901e+01	6.230e+01	3	bulk_query: all2all queries
Avg queries: 9.387e+06, max queries on proc 8: 9386941
Inbalance factor: 1.000e+00x
TIMER	1.043e+02	1.130e+02	1.156e+02	3	bulk_query: local query
TIMER	7.250e+00	7.372e+00	7.490e+00	3	bulk_query: all2all query results
TIMER	5.785e+02	5.829e+02	5.873e+02	2	desa_construct: Lc naive construct
TIMER	6.000e+03	6.000e+03	6.000e+03	1	construct idx
