== Node distribution == 
== p=2 processes on 1 nodes ==
--  Node: 'c506-044.stampede2.tacc.utexas.edu' (2/2)
        Ranks: 0, 1
TIMER	3.561e+02	3.611e+02	3.660e+02	1	read input file
TIMER	4.239e+01	4.240e+01	4.240e+01	2	desa_construct: cpy str
Alphabet: {sigma=4, l=3, A=[A, C, G, T]}
TIMER	7.317e+01	7.318e+01	7.320e+01	3	get alphabet
TIMER	4.587e+02	4.635e+02	4.683e+02	4	kmer-gen
TIMER	3.722e+02	3.734e+02	3.745e+02	5	shift-buckets
TIMER	1.752e+04	1.752e+04	1.753e+04	5	ISA-to-SA
TIMER	1.243e+03	1.254e+03	1.265e+03	5	init-lcp
iteration 21: unfinished buckets = 3772201, unfinished elements = 14712244
TIMER	4.564e+02	4.573e+02	4.581e+02	5	rebucket
TIMER	6.274e+03	6.275e+03	6.276e+03	5	SA-to-ISA
TIMER	2.590e+04	2.590e+04	2.590e+04	5	sac-iteration
Starting Bucket chasing algorithm
unresolved = 14712245, unfinished = 3772201
TIMER	2.398e+02	2.398e+02	2.398e+02	5	get active elements
TIMER	1.047e-02	1.070e-02	1.093e-02	6	bulk_query: get recv_counts
TIMER	2.998e+01	2.998e+01	2.998e+01	6	bulk_query: all2all queries
Avg queries: 7.356e+06, max queries on proc 1: 8310271
Inbalance factor: 1.130e+00x
TIMER	7.339e+01	8.610e+01	9.882e+01	6	bulk_query: local query
TIMER	2.749e+01	2.749e+01	2.749e+01	6	bulk_query: all2all query results
TIMER	1.629e+03	1.631e+03	1.632e+03	7	resolve_next_lcp: bulk_rmq
TIMER	3.542e+01	3.575e+01	3.607e+01	7	resolve_next_lcp: set LCP
TIMER	1.668e+03	1.668e+03	1.668e+03	7	LCP update
unresolved = 5543898, unfinished = 1943843
TIMER	3.238e+03	3.238e+03	3.238e+03	5	bucket-chaising iteration
TIMER	1.208e-02	1.291e-02	1.375e-02	6	bulk_query: get recv_counts
TIMER	1.272e+01	1.272e+01	1.272e+01	6	bulk_query: all2all queries
Avg queries: 2.772e+06, max queries on proc 1: 3647518
Inbalance factor: 1.316e+00x
TIMER	1.592e+01	2.527e+01	3.462e+01	6	bulk_query: local query
TIMER	1.193e+01	1.193e+01	1.193e+01	6	bulk_query: all2all query results
TIMER	1.064e+03	1.064e+03	1.064e+03	7	resolve_next_lcp: bulk_rmq
TIMER	1.557e+01	1.562e+01	1.567e+01	7	resolve_next_lcp: set LCP
TIMER	1.080e+03	1.080e+03	1.080e+03	7	LCP update
unresolved = 3214279, unfinished = 1330905
TIMER	1.750e+03	1.750e+03	1.750e+03	5	bucket-chaising iteration
TIMER	7.781e-03	7.794e-03	7.806e-03	6	bulk_query: get recv_counts
TIMER	7.308e+00	7.310e+00	7.311e+00	6	bulk_query: all2all queries
Avg queries: 1.607e+06, max queries on proc 1: 2200634
Inbalance factor: 1.369e+00x
TIMER	7.295e+00	1.296e+01	1.863e+01	6	bulk_query: local query
TIMER	6.960e+00	6.960e+00	6.960e+00	6	bulk_query: all2all query results
TIMER	9.552e+02	9.552e+02	9.553e+02	7	resolve_next_lcp: bulk_rmq
TIMER	8.920e+00	8.987e+00	9.053e+00	7	resolve_next_lcp: set LCP
TIMER	9.644e+02	9.644e+02	9.644e+02	7	LCP update
unresolved = 2059860, unfinished = 924799
TIMER	1.366e+03	1.366e+03	1.366e+03	5	bucket-chaising iteration
TIMER	7.522e-03	7.711e-03	7.900e-03	6	bulk_query: get recv_counts
TIMER	5.003e+00	5.004e+00	5.006e+00	6	bulk_query: all2all queries
Avg queries: 1.030e+06, max queries on proc 1: 1391257
Inbalance factor: 1.351e+00x
TIMER	4.515e+00	7.404e+00	1.029e+01	6	bulk_query: local query
TIMER	4.091e+00	4.091e+00	4.091e+00	6	bulk_query: all2all query results
TIMER	9.333e+02	9.334e+02	9.334e+02	7	resolve_next_lcp: bulk_rmq
TIMER	5.243e+00	5.259e+00	5.274e+00	7	resolve_next_lcp: set LCP
TIMER	9.388e+02	9.388e+02	9.388e+02	7	LCP update
unresolved = 1420247, unfinished = 659187
TIMER	1.198e+03	1.198e+03	1.199e+03	5	bucket-chaising iteration
TIMER	6.528e-03	6.861e-03	7.193e-03	6	bulk_query: get recv_counts
TIMER	3.615e+00	3.616e+00	3.617e+00	6	bulk_query: all2all queries
Avg queries: 7.101e+05, max queries on proc 1: 919855
Inbalance factor: 1.295e+00x
TIMER	2.330e+00	4.356e+00	6.382e+00	6	bulk_query: local query
TIMER	1.846e+00	1.846e+00	1.847e+00	6	bulk_query: all2all query results
TIMER	9.241e+02	9.246e+02	9.251e+02	7	resolve_next_lcp: bulk_rmq
TIMER	3.433e+00	3.455e+00	3.477e+00	7	resolve_next_lcp: set LCP
TIMER	9.286e+02	9.286e+02	9.286e+02	7	LCP update
unresolved = 983947, unfinished = 476015
TIMER	1.110e+03	1.110e+03	1.110e+03	5	bucket-chaising iteration
TIMER	6.600e-03	6.728e-03	6.856e-03	6	bulk_query: get recv_counts
TIMER	1.424e+00	1.425e+00	1.425e+00	6	bulk_query: all2all queries
Avg queries: 4.920e+05, max queries on proc 1: 587251
Inbalance factor: 1.194e+00x
TIMER	1.744e+00	2.439e+00	3.134e+00	6	bulk_query: local query
TIMER	1.371e+00	1.372e+00	1.373e+00	6	bulk_query: all2all query results
TIMER	9.153e+02	9.155e+02	9.157e+02	7	resolve_next_lcp: bulk_rmq
TIMER	2.755e+00	2.804e+00	2.854e+00	7	resolve_next_lcp: set LCP
TIMER	9.186e+02	9.186e+02	9.186e+02	7	LCP update
unresolved = 630245, unfinished = 309523
TIMER	1.040e+03	1.040e+03	1.040e+03	5	bucket-chaising iteration
TIMER	5.204e-03	5.273e-03	5.342e-03	6	bulk_query: get recv_counts
TIMER	8.238e-01	8.242e-01	8.247e-01	6	bulk_query: all2all queries
Avg queries: 3.151e+05, max queries on proc 1: 327479
Inbalance factor: 1.039e+00x
TIMER	1.086e+00	1.373e+00	1.660e+00	6	bulk_query: local query
TIMER	4.713e-01	4.723e-01	4.734e-01	6	bulk_query: all2all query results
TIMER	9.197e+02	9.199e+02	9.200e+02	7	resolve_next_lcp: bulk_rmq
TIMER	2.393e+00	2.409e+00	2.425e+00	7	resolve_next_lcp: set LCP
TIMER	9.225e+02	9.225e+02	9.225e+02	7	LCP update
unresolved = 346601, unfinished = 170433
TIMER	9.954e+02	9.954e+02	9.954e+02	5	bucket-chaising iteration
TIMER	4.776e-03	4.934e-03	5.093e-03	6	bulk_query: get recv_counts
TIMER	3.290e-01	3.293e-01	3.297e-01	6	bulk_query: all2all queries
Avg queries: 1.733e+05, max queries on proc 0: 197062
Inbalance factor: 1.137e+00x
TIMER	6.003e-01	6.244e-01	6.485e-01	6	bulk_query: local query
TIMER	3.757e-01	3.759e-01	3.760e-01	6	bulk_query: all2all query results
TIMER	9.143e+02	9.146e+02	9.150e+02	7	resolve_next_lcp: bulk_rmq
TIMER	1.573e+00	1.610e+00	1.648e+00	7	resolve_next_lcp: set LCP
TIMER	9.167e+02	9.167e+02	9.167e+02	7	LCP update
unresolved = 162762, unfinished = 81381
TIMER	9.599e+02	9.600e+02	9.600e+02	5	bucket-chaising iteration
TIMER	4.210e-03	4.293e-03	4.375e-03	6	bulk_query: get recv_counts
TIMER	2.031e-01	2.038e-01	2.045e-01	6	bulk_query: all2all queries
Avg queries: 8.138e+04, max queries on proc 0: 128272
Inbalance factor: 1.576e+00x
TIMER	1.325e-01	2.763e-01	4.202e-01	6	bulk_query: local query
TIMER	1.948e-01	1.948e-01	1.948e-01	6	bulk_query: all2all query results
TIMER	9.106e+02	9.109e+02	9.112e+02	7	resolve_next_lcp: bulk_rmq
TIMER	5.701e-01	6.092e-01	6.483e-01	7	resolve_next_lcp: set LCP
TIMER	9.119e+02	9.119e+02	9.119e+02	7	LCP update
unresolved = 92256, unfinished = 46128
TIMER	9.285e+02	9.285e+02	9.285e+02	5	bucket-chaising iteration
TIMER	3.228e-03	3.384e-03	3.540e-03	6	bulk_query: get recv_counts
TIMER	1.553e-01	1.572e-01	1.590e-01	6	bulk_query: all2all queries
Avg queries: 4.613e+04, max queries on proc 0: 92256
Inbalance factor: 2.000e+00x
TIMER	2.437e-02	1.535e-01	2.826e-01	6	bulk_query: local query
TIMER	1.583e-01	1.603e-01	1.623e-01	6	bulk_query: all2all query results
TIMER	9.084e+02	9.087e+02	9.091e+02	7	resolve_next_lcp: bulk_rmq
TIMER	4.368e-01	4.503e-01	4.637e-01	7	resolve_next_lcp: set LCP
TIMER	9.096e+02	9.096e+02	9.096e+02	7	LCP update
unresolved = 49248, unfinished = 24624
TIMER	9.200e+02	9.200e+02	9.200e+02	5	bucket-chaising iteration
TIMER	3.165e-03	3.248e-03	3.331e-03	6	bulk_query: get recv_counts
TIMER	1.043e-01	1.055e-01	1.067e-01	6	bulk_query: all2all queries
Avg queries: 2.462e+04, max queries on proc 0: 49248
Inbalance factor: 2.000e+00x
TIMER	2.408e-02	1.199e-01	2.156e-01	6	bulk_query: local query
TIMER	9.572e-02	9.843e-02	1.012e-01	6	bulk_query: all2all query results
TIMER	9.082e+02	9.083e+02	9.085e+02	7	resolve_next_lcp: bulk_rmq
TIMER	4.677e-01	4.949e-01	5.221e-01	7	resolve_next_lcp: set LCP
TIMER	9.091e+02	9.091e+02	9.091e+02	7	LCP update
unresolved = 0, unfinished = 0
TIMER	9.149e+02	9.149e+02	9.149e+02	5	bucket-chaising iteration
TIMER	1.467e+04	1.467e+04	1.467e+04	4	construct-msgs
TIMER	7.554e+01	7.563e+01	7.572e+01	4	fix-isa
TIMER	4.118e+04	4.119e+04	4.119e+04	2	desa_construct: SA/LCP construct
TIMER	1.697e+03	1.697e+03	1.697e+03	2	desa_construct: TLI construct
TIMER	1.466e-03	1.684e-03	1.901e-03	3	repartition: 1D-partition
TIMER	1.866e-02	1.868e-02	1.870e-02	2	desa_construct: 1-D partition
TIMER	1.232e+03	1.232e+03	1.233e+03	3	repartition: redistribute
TIMER	1.233e+03	1.233e+03	1.233e+03	2	desa_construct: repartition
TIMER	8.892e+02	8.944e+02	8.996e+02	2	desa_construct: RMQ construct
TIMER	1.347e-02	1.370e-02	1.392e-02	3	bulk_query: get recv_counts
TIMER	4.286e+02	4.286e+02	4.286e+02	3	bulk_query: all2all queries
Avg queries: 1.126e+08, max queries on proc 1: 112640307
Inbalance factor: 1.000e+00x
TIMER	1.335e+03	1.336e+03	1.336e+03	3	bulk_query: local query
TIMER	6.446e+01	6.446e+01	6.446e+01	3	bulk_query: all2all query results
TIMER	5.989e+03	5.993e+03	5.996e+03	2	desa_construct: Lc naive construct
TIMER	5.105e+04	5.105e+04	5.105e+04	1	construct idx
