== Node distribution == 
== p=4 processes on 1 nodes ==
--  Node: 'c506-044.stampede2.tacc.utexas.edu' (4/4)
        Ranks: 0, 1, 2, 3
TIMER	1.811e+02	1.836e+02	1.861e+02	1	read input file
TIMER	2.114e+01	2.114e+01	2.114e+01	2	desa_construct: cpy str
Alphabet: {sigma=4, l=3, A=[A, C, G, T]}
TIMER	3.744e+01	3.744e+01	3.746e+01	3	get alphabet
TIMER	2.315e+02	2.345e+02	2.375e+02	4	kmer-gen
TIMER	1.894e+02	1.916e+02	1.942e+02	5	shift-buckets
TIMER	9.339e+03	9.348e+03	9.357e+03	5	ISA-to-SA
TIMER	6.229e+02	6.544e+02	6.730e+02	5	init-lcp
iteration 21: unfinished buckets = 3772201, unfinished elements = 14712244
TIMER	2.356e+02	2.372e+02	2.388e+02	5	rebucket
TIMER	3.214e+03	3.217e+03	3.220e+03	5	SA-to-ISA
TIMER	1.368e+04	1.368e+04	1.368e+04	5	sac-iteration
Starting Bucket chasing algorithm
unresolved = 14712245, unfinished = 3772201
TIMER	1.248e+02	1.248e+02	1.248e+02	5	get active elements
TIMER	8.692e-03	9.032e-03	9.476e-03	6	bulk_query: get recv_counts
TIMER	1.800e+01	1.897e+01	1.994e+01	6	bulk_query: all2all queries
Avg queries: 3.678e+06, max queries on proc 2: 5440348
Inbalance factor: 1.479e+00x
TIMER	2.832e+01	4.145e+01	6.310e+01	6	bulk_query: local query
TIMER	1.541e+01	1.546e+01	1.552e+01	6	bulk_query: all2all query results
TIMER	8.664e+02	8.697e+02	8.735e+02	7	resolve_next_lcp: bulk_rmq
TIMER	1.700e+01	1.837e+01	1.944e+01	7	resolve_next_lcp: set LCP
TIMER	8.931e+02	8.931e+02	8.931e+02	7	LCP update
unresolved = 5543898, unfinished = 1943843
TIMER	1.751e+03	1.751e+03	1.751e+03	5	bucket-chaising iteration
TIMER	9.583e-03	1.140e-02	1.334e-02	6	bulk_query: get recv_counts
TIMER	7.590e+00	9.056e+00	9.942e+00	6	bulk_query: all2all queries
Avg queries: 1.386e+06, max queries on proc 2: 2855804
Inbalance factor: 2.061e+00x
TIMER	6.951e+00	1.219e+01	2.569e+01	6	bulk_query: local query
TIMER	6.503e+00	6.697e+00	6.790e+00	6	bulk_query: all2all query results
TIMER	5.490e+02	5.493e+02	5.497e+02	7	resolve_next_lcp: bulk_rmq
TIMER	7.919e+00	8.097e+00	8.255e+00	7	resolve_next_lcp: set LCP
TIMER	5.580e+02	5.580e+02	5.580e+02	7	LCP update
unresolved = 3214279, unfinished = 1330905
TIMER	9.245e+02	9.251e+02	9.270e+02	5	bucket-chaising iteration
TIMER	7.594e-03	8.199e-03	8.558e-03	6	bulk_query: get recv_counts
TIMER	2.988e+00	4.212e+00	4.959e+00	6	bulk_query: all2all queries
Avg queries: 8.036e+05, max queries on proc 2: 1873133
Inbalance factor: 2.331e+00x
TIMER	1.974e+00	5.362e+00	1.284e+01	6	bulk_query: local query
TIMER	3.632e+00	3.691e+00	3.730e+00	6	bulk_query: all2all query results
TIMER	5.001e+02	5.004e+02	5.009e+02	7	resolve_next_lcp: bulk_rmq
TIMER	4.575e+00	4.638e+00	4.710e+00	7	resolve_next_lcp: set LCP
TIMER	5.057e+02	5.057e+02	5.057e+02	7	LCP update
unresolved = 2059860, unfinished = 924799
TIMER	7.223e+02	7.229e+02	7.247e+02	5	bucket-chaising iteration
TIMER	6.971e-03	7.424e-03	7.922e-03	6	bulk_query: get recv_counts
TIMER	3.667e+00	4.212e+00	4.570e+00	6	bulk_query: all2all queries
Avg queries: 5.150e+05, max queries on proc 2: 1256460
Inbalance factor: 2.440e+00x
TIMER	7.007e-01	3.400e+00	9.626e+00	6	bulk_query: local query
TIMER	1.598e+00	1.632e+00	1.669e+00	6	bulk_query: all2all query results
TIMER	4.773e+02	4.787e+02	4.796e+02	7	resolve_next_lcp: bulk_rmq
TIMER	2.651e+00	2.698e+00	2.758e+00	7	resolve_next_lcp: set LCP
TIMER	4.825e+02	4.825e+02	4.825e+02	7	LCP update
unresolved = 1420247, unfinished = 659187
TIMER	6.302e+02	6.303e+02	6.303e+02	5	bucket-chaising iteration
TIMER	7.225e-03	8.029e-03	8.530e-03	6	bulk_query: get recv_counts
TIMER	1.236e+00	1.782e+00	2.118e+00	6	bulk_query: all2all queries
Avg queries: 3.551e+05, max queries on proc 2: 853494
Inbalance factor: 2.404e+00x
TIMER	2.924e-01	1.763e+00	4.504e+00	6	bulk_query: local query
TIMER	1.142e+00	1.157e+00	1.172e+00	6	bulk_query: all2all query results
TIMER	4.791e+02	4.800e+02	4.806e+02	7	resolve_next_lcp: bulk_rmq
TIMER	1.737e+00	1.793e+00	1.837e+00	7	resolve_next_lcp: set LCP
TIMER	4.825e+02	4.825e+02	4.825e+02	7	LCP update
unresolved = 983947, unfinished = 476015
TIMER	5.852e+02	5.852e+02	5.852e+02	5	bucket-chaising iteration
TIMER	5.840e-03	6.531e-03	7.166e-03	6	bulk_query: get recv_counts
TIMER	8.935e-01	1.253e+00	1.478e+00	6	bulk_query: all2all queries
Avg queries: 2.460e+05, max queries on proc 2: 554804
Inbalance factor: 2.255e+00x
TIMER	1.416e-01	1.120e+00	2.583e+00	6	bulk_query: local query
TIMER	6.199e-01	7.102e-01	7.686e-01	6	bulk_query: all2all query results
TIMER	4.826e+02	4.833e+02	4.839e+02	7	resolve_next_lcp: bulk_rmq
TIMER	1.391e+00	1.440e+00	1.470e+00	7	resolve_next_lcp: set LCP
TIMER	4.854e+02	4.854e+02	4.854e+02	7	LCP update
unresolved = 630245, unfinished = 309523
TIMER	5.569e+02	5.569e+02	5.569e+02	5	bucket-chaising iteration
TIMER	5.944e-03	6.780e-03	7.247e-03	6	bulk_query: get recv_counts
TIMER	4.454e-01	6.361e-01	7.572e-01	6	bulk_query: all2all queries
Avg queries: 1.576e+05, max queries on proc 2: 314249
Inbalance factor: 1.994e+00x
TIMER	5.634e-02	6.347e-01	1.417e+00	6	bulk_query: local query
TIMER	4.635e-01	4.795e-01	4.966e-01	6	bulk_query: all2all query results
TIMER	4.819e+02	4.823e+02	4.826e+02	7	resolve_next_lcp: bulk_rmq
TIMER	1.200e+00	1.229e+00	1.257e+00	7	resolve_next_lcp: set LCP
TIMER	4.840e+02	4.840e+02	4.840e+02	7	LCP update
unresolved = 346601, unfinished = 170433
TIMER	5.303e+02	5.303e+02	5.303e+02	5	bucket-chaising iteration
TIMER	5.318e-03	5.488e-03	5.801e-03	6	bulk_query: get recv_counts
TIMER	2.624e-01	2.999e-01	3.208e-01	6	bulk_query: all2all queries
Avg queries: 8.665e+04, max queries on proc 2: 145741
Inbalance factor: 1.682e+00x
TIMER	3.187e-02	3.410e-01	5.915e-01	6	bulk_query: local query
TIMER	2.527e-01	2.681e-01	2.774e-01	6	bulk_query: all2all query results
TIMER	4.792e+02	4.799e+02	4.804e+02	7	resolve_next_lcp: bulk_rmq
TIMER	8.145e-01	8.260e-01	8.439e-01	7	resolve_next_lcp: set LCP
TIMER	4.813e+02	4.813e+02	4.813e+02	7	LCP update
unresolved = 162762, unfinished = 81381
TIMER	5.063e+02	5.064e+02	5.064e+02	5	bucket-chaising iteration
TIMER	4.885e-03	5.147e-03	5.796e-03	6	bulk_query: get recv_counts
TIMER	1.433e-01	2.032e-01	2.349e-01	6	bulk_query: all2all queries
Avg queries: 4.069e+04, max queries on proc 1: 114302
Inbalance factor: 2.809e+00x
TIMER	2.233e-02	1.491e-01	3.594e-01	6	bulk_query: local query
TIMER	1.630e-01	1.662e-01	1.690e-01	6	bulk_query: all2all query results
TIMER	4.780e+02	4.786e+02	4.790e+02	7	resolve_next_lcp: bulk_rmq
TIMER	3.002e-01	3.357e-01	3.915e-01	7	resolve_next_lcp: set LCP
TIMER	4.795e+02	4.795e+02	4.795e+02	7	LCP update
unresolved = 92256, unfinished = 46128
TIMER	4.900e+02	4.900e+02	4.900e+02	5	bucket-chaising iteration
TIMER	3.800e-03	4.725e-03	5.245e-03	6	bulk_query: get recv_counts
TIMER	1.274e-01	1.719e-01	1.975e-01	6	bulk_query: all2all queries
Avg queries: 2.306e+04, max queries on proc 1: 92256
Inbalance factor: 4.000e+00x
TIMER	2.029e-02	1.020e-01	3.298e-01	6	bulk_query: local query
TIMER	7.906e-02	9.753e-02	1.082e-01	6	bulk_query: all2all query results
TIMER	4.778e+02	4.783e+02	4.788e+02	7	resolve_next_lcp: bulk_rmq
TIMER	1.883e-01	2.212e-01	2.998e-01	7	resolve_next_lcp: set LCP
TIMER	4.792e+02	4.792e+02	4.792e+02	7	LCP update
unresolved = 49248, unfinished = 24624
TIMER	4.859e+02	4.859e+02	4.859e+02	5	bucket-chaising iteration
TIMER	4.133e-03	4.752e-03	5.286e-03	6	bulk_query: get recv_counts
TIMER	7.301e-02	9.762e-02	1.115e-01	6	bulk_query: all2all queries
Avg queries: 1.231e+04, max queries on proc 1: 49248
Inbalance factor: 4.000e+00x
TIMER	1.900e-02	7.069e-02	2.090e-01	6	bulk_query: local query
TIMER	4.358e-02	6.197e-02	7.321e-02	6	bulk_query: all2all query results
TIMER	4.774e+02	4.780e+02	4.785e+02	7	resolve_next_lcp: bulk_rmq
TIMER	2.196e-01	2.384e-01	2.660e-01	7	resolve_next_lcp: set LCP
TIMER	4.788e+02	4.788e+02	4.788e+02	7	LCP update
unresolved = 0, unfinished = 0
TIMER	4.825e+02	4.825e+02	4.825e+02	5	bucket-chaising iteration
TIMER	7.798e+03	7.798e+03	7.798e+03	4	construct-msgs
TIMER	3.945e+01	3.983e+01	4.008e+01	4	fix-isa
TIMER	2.180e+04	2.180e+04	2.180e+04	2	desa_construct: SA/LCP construct
TIMER	8.863e+02	8.863e+02	8.863e+02	2	desa_construct: TLI construct
TIMER	1.472e-03	1.669e-03	1.850e-03	3	repartition: 1D-partition
TIMER	3.880e-02	3.899e-02	3.911e-02	2	desa_construct: 1-D partition
TIMER	6.544e+02	6.544e+02	6.544e+02	3	repartition: redistribute
TIMER	6.545e+02	6.545e+02	6.545e+02	2	desa_construct: repartition
TIMER	4.482e+02	4.653e+02	4.754e+02	2	desa_construct: RMQ construct
TIMER	8.440e-03	9.379e-03	9.810e-03	3	bulk_query: get recv_counts
TIMER	2.250e+02	2.277e+02	2.292e+02	3	bulk_query: all2all queries
Avg queries: 5.632e+07, max queries on proc 2: 56320154
Inbalance factor: 1.000e+00x
TIMER	6.732e+02	6.794e+02	6.837e+02	3	bulk_query: local query
TIMER	2.766e+01	2.825e+01	2.874e+01	3	bulk_query: all2all query results
TIMER	2.813e+03	2.843e+03	2.863e+03	2	desa_construct: Lc naive construct
TIMER	2.670e+04	2.670e+04	2.670e+04	1	construct idx
