== Node distribution == 
== p=48 processes on 1 nodes ==
--  Node: 'c506-083.stampede2.tacc.utexas.edu' (48/48)
        Ranks: 0, 1, 2, 3, 4, 5, 6, 7, 8, 9, 10, 11, 12, 13, 14, 15, 16, 17, 18, 19, 20, 21, 22, 23, 24, 25, 26, 27, 28, 29, 30, 31, 32, 33, 34, 35, 36, 37, 38, 39, 40, 41, 42, 43, 44, 45, 46, 47
TIMER	3.437e+01	3.966e+01	4.107e+01	1	read input file
TIMER	4.123e+00	4.124e+00	4.126e+00	2	desa_construct: cpy str
Alphabet: {sigma=4, l=3, A=[A, C, G, T]}
TIMER	4.463e+00	4.465e+00	4.495e+00	3	get alphabet
TIMER	4.740e+01	4.817e+01	4.910e+01	4	kmer-gen
TIMER	5.341e+01	5.483e+01	5.555e+01	5	shift-buckets
TIMER	1.695e+03	1.701e+03	1.710e+03	5	ISA-to-SA
TIMER	8.995e+01	9.115e+01	9.481e+01	5	init-lcp
iteration 21: unfinished buckets = 3772201, unfinished elements = 14712244
TIMER	4.535e+01	4.585e+01	4.613e+01	5	rebucket
TIMER	5.933e+02	5.964e+02	5.989e+02	5	SA-to-ISA
TIMER	2.505e+03	2.505e+03	2.505e+03	5	sac-iteration
Starting Bucket chasing algorithm
unresolved = 14712245, unfinished = 3772201
TIMER	1.649e+01	1.650e+01	1.652e+01	5	get active elements
TIMER	2.535e-02	2.686e-02	2.799e-02	6	bulk_query: get recv_counts
TIMER	2.007e+01	2.137e+01	2.258e+01	6	bulk_query: all2all queries
Avg queries: 3.065e+05, max queries on proc 26: 1855201
Inbalance factor: 6.053e+00x
TIMER	2.170e+00	4.854e+00	1.937e+01	6	bulk_query: local query
TIMER	6.736e+00	7.011e+00	7.384e+00	6	bulk_query: all2all query results
TIMER	1.215e+02	1.235e+02	1.257e+02	7	resolve_next_lcp: bulk_rmq
TIMER	2.835e+00	3.707e+00	4.253e+00	7	resolve_next_lcp: set LCP
TIMER	1.301e+02	1.301e+02	1.301e+02	7	LCP update
unresolved = 5543898, unfinished = 1943843
TIMER	3.176e+02	3.176e+02	3.176e+02	5	bucket-chaising iteration
TIMER	2.473e-02	2.599e-02	2.743e-02	6	bulk_query: get recv_counts
TIMER	3.613e+00	4.688e+00	5.750e+00	6	bulk_query: all2all queries
Avg queries: 1.155e+05, max queries on proc 26: 1461566
Inbalance factor: 1.265e+01x
TIMER	2.242e-01	9.737e-01	1.205e+01	6	bulk_query: local query
TIMER	1.506e+00	1.662e+00	1.934e+00	6	bulk_query: all2all query results
TIMER	7.240e+01	7.259e+01	7.273e+01	7	resolve_next_lcp: bulk_rmq
TIMER	1.103e+00	1.298e+00	1.400e+00	7	resolve_next_lcp: set LCP
TIMER	7.423e+01	7.423e+01	7.423e+01	7	LCP update
unresolved = 3214279, unfinished = 1330905
TIMER	1.564e+02	1.572e+02	1.597e+02	5	bucket-chaising iteration
TIMER	2.453e-02	2.581e-02	2.719e-02	6	bulk_query: get recv_counts
TIMER	2.171e+00	3.014e+00	3.896e+00	6	bulk_query: all2all queries
Avg queries: 6.696e+04, max queries on proc 26: 1142255
Inbalance factor: 1.706e+01x
TIMER	5.194e-02	4.805e-01	8.178e+00	6	bulk_query: local query
TIMER	8.899e-01	1.086e+00	1.249e+00	6	bulk_query: all2all query results
TIMER	6.546e+01	6.553e+01	6.558e+01	7	resolve_next_lcp: bulk_rmq
TIMER	5.108e-01	5.930e-01	6.337e-01	7	resolve_next_lcp: set LCP
TIMER	6.631e+01	6.631e+01	6.631e+01	7	LCP update
unresolved = 2059860, unfinished = 924799
TIMER	1.193e+02	1.195e+02	1.211e+02	5	bucket-chaising iteration
TIMER	2.136e-02	2.251e-02	2.390e-02	6	bulk_query: get recv_counts
TIMER	1.568e+00	2.220e+00	2.922e+00	6	bulk_query: all2all queries
Avg queries: 4.291e+04, max queries on proc 26: 861890
Inbalance factor: 2.008e+01x
TIMER	3.112e-02	2.759e-01	5.571e+00	6	bulk_query: local query
TIMER	7.695e-01	9.093e-01	1.141e+00	6	bulk_query: all2all query results
TIMER	6.349e+01	6.352e+01	6.355e+01	7	resolve_next_lcp: bulk_rmq
TIMER	2.550e-01	3.031e-01	3.419e-01	7	resolve_next_lcp: set LCP
TIMER	6.398e+01	6.398e+01	6.398e+01	7	LCP update
unresolved = 1420247, unfinished = 659187
TIMER	9.909e+01	9.911e+01	1.002e+02	5	bucket-chaising iteration
TIMER	2.079e-02	2.214e-02	2.357e-02	6	bulk_query: get recv_counts
TIMER	6.402e-01	1.432e+00	2.019e+00	6	bulk_query: all2all queries
Avg queries: 2.959e+04, max queries on proc 26: 641955
Inbalance factor: 2.170e+01x
TIMER	2.898e-02	1.706e-01	3.409e+00	6	bulk_query: local query
TIMER	2.989e-01	4.274e-01	5.109e-01	6	bulk_query: all2all query results
TIMER	6.227e+01	6.230e+01	6.232e+01	7	resolve_next_lcp: bulk_rmq
TIMER	1.439e-01	1.794e-01	2.094e-01	7	resolve_next_lcp: set LCP
TIMER	6.262e+01	6.262e+01	6.262e+01	7	LCP update
unresolved = 983947, unfinished = 476015
TIMER	8.672e+01	8.673e+01	8.674e+01	5	bucket-chaising iteration
TIMER	1.904e-02	2.075e-02	2.235e-02	6	bulk_query: get recv_counts
TIMER	4.130e-01	9.219e-01	1.396e+00	6	bulk_query: all2all queries
Avg queries: 2.050e+04, max queries on proc 26: 450465
Inbalance factor: 2.198e+01x
TIMER	2.729e-02	1.145e-01	2.062e+00	6	bulk_query: local query
TIMER	2.214e-01	3.693e-01	4.498e-01	6	bulk_query: all2all query results
TIMER	6.159e+01	6.161e+01	6.162e+01	7	resolve_next_lcp: bulk_rmq
TIMER	1.091e-01	1.418e-01	1.601e-01	7	resolve_next_lcp: set LCP
TIMER	6.187e+01	6.187e+01	6.187e+01	7	LCP update
unresolved = 630245, unfinished = 309523
TIMER	7.825e+01	7.825e+01	7.827e+01	5	bucket-chaising iteration
TIMER	1.836e-02	1.898e-02	1.987e-02	6	bulk_query: get recv_counts
TIMER	1.872e-01	2.330e-01	5.606e-01	6	bulk_query: all2all queries
Avg queries: 1.313e+04, max queries on proc 26: 272698
Inbalance factor: 2.077e+01x
TIMER	2.691e-02	7.560e-02	1.051e+00	6	bulk_query: local query
TIMER	1.539e-01	3.503e-01	4.956e-01	6	bulk_query: all2all query results
TIMER	6.133e+01	6.134e+01	6.135e+01	7	resolve_next_lcp: bulk_rmq
TIMER	1.019e-01	1.233e-01	1.436e-01	7	resolve_next_lcp: set LCP
TIMER	6.158e+01	6.158e+01	6.158e+01	7	LCP update
unresolved = 346601, unfinished = 170433
TIMER	7.117e+01	7.117e+01	7.119e+01	5	bucket-chaising iteration
TIMER	1.739e-02	1.821e-02	1.922e-02	6	bulk_query: get recv_counts
TIMER	1.318e-01	1.598e-01	3.380e-01	6	bulk_query: all2all queries
Avg queries: 7.221e+03, max queries on proc 21: 135806
Inbalance factor: 1.881e+01x
TIMER	2.717e-02	5.349e-02	5.156e-01	6	bulk_query: local query
TIMER	8.237e-02	1.733e-01	2.330e-01	6	bulk_query: all2all query results
TIMER	6.097e+01	6.098e+01	6.098e+01	7	resolve_next_lcp: bulk_rmq
TIMER	6.663e-02	7.596e-02	8.674e-02	7	resolve_next_lcp: set LCP
TIMER	6.115e+01	6.115e+01	6.115e+01	7	LCP update
unresolved = 162762, unfinished = 81381
TIMER	6.582e+01	6.582e+01	6.583e+01	5	bucket-chaising iteration
TIMER	1.547e-02	1.629e-02	1.736e-02	6	bulk_query: get recv_counts
TIMER	1.070e-01	1.197e-01	2.646e-01	6	bulk_query: all2all queries
Avg queries: 3.391e+03, max queries on proc 21: 114302
Inbalance factor: 3.371e+01x
TIMER	2.663e-02	3.990e-02	4.182e-01	6	bulk_query: local query
TIMER	3.578e-02	1.165e-01	1.906e-01	6	bulk_query: all2all query results
TIMER	6.083e+01	6.084e+01	6.084e+01	7	resolve_next_lcp: bulk_rmq
TIMER	2.089e-02	2.840e-02	3.585e-02	7	resolve_next_lcp: set LCP
TIMER	6.096e+01	6.096e+01	6.096e+01	7	LCP update
unresolved = 92256, unfinished = 46128
TIMER	6.413e+01	6.413e+01	6.414e+01	5	bucket-chaising iteration
TIMER	1.401e-02	1.509e-02	1.613e-02	6	bulk_query: get recv_counts
TIMER	3.816e-02	4.495e-02	1.492e-01	6	bulk_query: all2all queries
Avg queries: 1.922e+03, max queries on proc 21: 92256
Inbalance factor: 4.800e+01x
TIMER	2.532e-02	3.276e-02	2.642e-01	6	bulk_query: local query
TIMER	1.381e-02	8.230e-02	1.469e-01	6	bulk_query: all2all query results
TIMER	6.086e+01	6.086e+01	6.087e+01	7	resolve_next_lcp: bulk_rmq
TIMER	7.891e-03	1.866e-02	2.859e-02	7	resolve_next_lcp: set LCP
TIMER	6.098e+01	6.098e+01	6.098e+01	7	LCP update
unresolved = 49248, unfinished = 24624
TIMER	6.325e+01	6.325e+01	6.326e+01	5	bucket-chaising iteration
TIMER	1.367e-02	1.456e-02	1.559e-02	6	bulk_query: get recv_counts
TIMER	4.528e-02	4.916e-02	1.161e-01	6	bulk_query: all2all queries
Avg queries: 1.026e+03, max queries on proc 21: 49248
Inbalance factor: 4.800e+01x
TIMER	2.473e-02	2.945e-02	1.752e-01	6	bulk_query: local query
TIMER	1.118e-02	4.593e-02	8.285e-02	6	bulk_query: all2all query results
TIMER	6.064e+01	6.064e+01	6.065e+01	7	resolve_next_lcp: bulk_rmq
TIMER	1.417e-02	2.240e-02	2.970e-02	7	resolve_next_lcp: set LCP
TIMER	6.076e+01	6.076e+01	6.076e+01	7	LCP update
unresolved = 0, unfinished = 0
TIMER	6.212e+01	6.212e+01	6.213e+01	5	bucket-chaising iteration
TIMER	1.210e+03	1.210e+03	1.210e+03	4	construct-msgs
TIMER	1.806e+01	1.883e+01	1.923e+01	4	fix-isa
TIMER	3.790e+03	3.791e+03	3.791e+03	2	desa_construct: SA/LCP construct
TIMER	9.546e+01	9.547e+01	9.548e+01	2	desa_construct: TLI construct
TIMER	8.767e-03	9.871e-03	1.329e-02	3	repartition: 1D-partition
TIMER	7.730e-02	7.792e-02	8.009e-02	2	desa_construct: 1-D partition
TIMER	1.553e+02	1.553e+02	1.554e+02	3	repartition: redistribute
TIMER	1.555e+02	1.555e+02	1.556e+02	2	desa_construct: repartition
TIMER	5.880e+01	5.976e+01	6.070e+01	2	desa_construct: RMQ construct
TIMER	2.506e-02	2.597e-02	2.742e-02	3	bulk_query: get recv_counts
TIMER	5.620e+01	5.768e+01	5.862e+01	3	bulk_query: all2all queries
Avg queries: 4.693e+06, max queries on proc 16: 4693589
Inbalance factor: 1.000e+00x
TIMER	5.732e+01	6.223e+01	6.369e+01	3	bulk_query: local query
TIMER	6.644e+00	6.777e+00	6.890e+00	3	bulk_query: all2all query results
TIMER	3.609e+02	3.666e+02	3.721e+02	2	desa_construct: Lc naive construct
TIMER	4.480e+03	4.480e+03	4.480e+03	1	construct idx
