== Node distribution == 
== p=24 processes on 1 nodes ==
--  Node: 'c506-044.stampede2.tacc.utexas.edu' (24/24)
        Ranks: 0, 1, 2, 3, 4, 5, 6, 7, 8, 9, 10, 11, 12, 13, 14, 15, 16, 17, 18, 19, 20, 21, 22, 23
TIMER	4.605e+01	4.787e+01	4.997e+01	1	read input file
TIMER	5.027e+00	5.028e+00	5.028e+00	2	desa_construct: cpy str
Alphabet: {sigma=4, l=3, A=[A, C, G, T]}
TIMER	7.139e+00	7.140e+00	7.164e+00	3	get alphabet
TIMER	5.099e+01	5.170e+01	5.226e+01	4	kmer-gen
TIMER	5.320e+01	5.443e+01	5.508e+01	5	shift-buckets
TIMER	2.130e+03	2.144e+03	2.155e+03	5	ISA-to-SA
TIMER	1.211e+02	1.281e+02	1.316e+02	5	init-lcp
iteration 21: unfinished buckets = 3772201, unfinished elements = 14712244
TIMER	5.359e+01	5.439e+01	5.521e+01	5	rebucket
TIMER	8.429e+02	8.459e+02	8.496e+02	5	SA-to-ISA
TIMER	3.247e+03	3.247e+03	3.247e+03	5	sac-iteration
Starting Bucket chasing algorithm
unresolved = 14712245, unfinished = 3772201
TIMER	2.772e+01	2.772e+01	2.774e+01	5	get active elements
TIMER	2.020e-02	2.120e-02	2.369e-02	6	bulk_query: get recv_counts
TIMER	6.502e+00	7.735e+00	9.481e+00	6	bulk_query: all2all queries
Avg queries: 6.130e+05, max queries on proc 13: 2177756
Inbalance factor: 3.553e+00x
TIMER	4.605e+00	7.545e+00	2.263e+01	6	bulk_query: local query
TIMER	4.084e+00	4.314e+00	4.560e+00	6	bulk_query: all2all query results
TIMER	1.829e+02	1.855e+02	1.887e+02	7	resolve_next_lcp: bulk_rmq
TIMER	3.537e+00	4.460e+00	5.109e+00	7	resolve_next_lcp: set LCP
TIMER	1.939e+02	1.939e+02	1.939e+02	7	LCP update
unresolved = 5543898, unfinished = 1943843
TIMER	4.274e+02	4.274e+02	4.274e+02	5	bucket-chaising iteration
TIMER	1.893e-02	1.980e-02	2.109e-02	6	bulk_query: get recv_counts
TIMER	4.951e+00	5.573e+00	6.447e+00	6	bulk_query: all2all queries
Avg queries: 2.310e+05, max queries on proc 13: 1505535
Inbalance factor: 6.518e+00x
TIMER	2.646e-01	1.899e+00	1.302e+01	6	bulk_query: local query
TIMER	1.900e+00	2.148e+00	2.372e+00	6	bulk_query: all2all query results
TIMER	1.120e+02	1.123e+02	1.127e+02	7	resolve_next_lcp: bulk_rmq
TIMER	1.516e+00	1.880e+00	2.362e+00	7	resolve_next_lcp: set LCP
TIMER	1.151e+02	1.151e+02	1.151e+02	7	LCP update
unresolved = 3214279, unfinished = 1330905
TIMER	2.233e+02	2.238e+02	2.254e+02	5	bucket-chaising iteration
TIMER	1.813e-02	1.891e-02	1.961e-02	6	bulk_query: get recv_counts
TIMER	1.445e+00	2.331e+00	3.385e+00	6	bulk_query: all2all queries
Avg queries: 1.339e+05, max queries on proc 13: 1152578
Inbalance factor: 8.606e+00x
TIMER	8.107e-02	9.290e-01	8.090e+00	6	bulk_query: local query
TIMER	9.501e-01	1.218e+00	1.415e+00	6	bulk_query: all2all query results
TIMER	9.462e+01	9.471e+01	9.477e+01	7	resolve_next_lcp: bulk_rmq
TIMER	7.979e-01	8.922e-01	9.453e-01	7	resolve_next_lcp: set LCP
TIMER	9.579e+01	9.579e+01	9.579e+01	7	LCP update
unresolved = 2059860, unfinished = 924799
TIMER	1.627e+02	1.627e+02	1.627e+02	5	bucket-chaising iteration
TIMER	1.769e-02	1.872e-02	1.991e-02	6	bulk_query: get recv_counts
TIMER	1.195e+00	1.772e+00	2.544e+00	6	bulk_query: all2all queries
Avg queries: 8.583e+04, max queries on proc 13: 863657
Inbalance factor: 1.006e+01x
TIMER	3.024e-02	5.112e-01	5.480e+00	6	bulk_query: local query
TIMER	3.859e-01	6.625e-01	8.621e-01	6	bulk_query: all2all query results
TIMER	8.865e+01	8.870e+01	8.873e+01	7	resolve_next_lcp: bulk_rmq
TIMER	4.504e-01	4.970e-01	5.348e-01	7	resolve_next_lcp: set LCP
TIMER	8.934e+01	8.934e+01	8.934e+01	7	LCP update
unresolved = 1420247, unfinished = 659187
TIMER	1.330e+02	1.330e+02	1.331e+02	5	bucket-chaising iteration
TIMER	1.627e-02	1.767e-02	1.936e-02	6	bulk_query: get recv_counts
TIMER	7.456e-01	1.273e+00	1.825e+00	6	bulk_query: all2all queries
Avg queries: 5.918e+04, max queries on proc 13: 641955
Inbalance factor: 1.085e+01x
TIMER	2.449e-02	2.991e-01	3.289e+00	6	bulk_query: local query
TIMER	3.020e-01	3.894e-01	5.498e-01	6	bulk_query: all2all query results
TIMER	8.707e+01	8.711e+01	8.715e+01	7	resolve_next_lcp: bulk_rmq
TIMER	2.812e-01	3.260e-01	3.595e-01	7	resolve_next_lcp: set LCP
TIMER	8.758e+01	8.758e+01	8.758e+01	7	LCP update
unresolved = 983947, unfinished = 476015
TIMER	1.161e+02	1.161e+02	1.161e+02	5	bucket-chaising iteration
TIMER	1.553e-02	1.622e-02	1.680e-02	6	bulk_query: get recv_counts
TIMER	4.714e-01	8.104e-01	1.202e+00	6	bulk_query: all2all queries
Avg queries: 4.100e+04, max queries on proc 13: 450465
Inbalance factor: 1.099e+01x
TIMER	2.213e-02	1.812e-01	1.911e+00	6	bulk_query: local query
TIMER	1.757e-01	2.456e-01	3.360e-01	6	bulk_query: all2all query results
TIMER	8.662e+01	8.665e+01	8.667e+01	7	resolve_next_lcp: bulk_rmq
TIMER	2.378e-01	2.643e-01	2.988e-01	7	resolve_next_lcp: set LCP
TIMER	8.704e+01	8.704e+01	8.704e+01	7	LCP update
unresolved = 630245, unfinished = 309523
TIMER	1.064e+02	1.064e+02	1.064e+02	5	bucket-chaising iteration
TIMER	1.425e-02	1.479e-02	1.615e-02	6	bulk_query: get recv_counts
TIMER	2.837e-01	5.208e-01	7.877e-01	6	bulk_query: all2all queries
Avg queries: 2.626e+04, max queries on proc 13: 272698
Inbalance factor: 1.038e+01x
TIMER	2.250e-02	1.143e-01	9.943e-01	6	bulk_query: local query
TIMER	1.437e-01	2.550e-01	2.952e-01	6	bulk_query: all2all query results
TIMER	8.620e+01	8.621e+01	8.623e+01	7	resolve_next_lcp: bulk_rmq
TIMER	1.831e-01	2.137e-01	2.355e-01	7	resolve_next_lcp: set LCP
TIMER	8.654e+01	8.654e+01	8.654e+01	7	LCP update
unresolved = 346601, unfinished = 170433
TIMER	9.838e+01	9.838e+01	9.839e+01	5	bucket-chaising iteration
TIMER	1.239e-02	1.329e-02	1.401e-02	6	bulk_query: get recv_counts
TIMER	1.326e-01	1.578e-01	3.110e-01	6	bulk_query: all2all queries
Avg queries: 1.444e+04, max queries on proc 10: 135806
Inbalance factor: 9.404e+00x
TIMER	2.115e-02	6.934e-02	4.769e-01	6	bulk_query: local query
TIMER	7.642e-02	1.454e-01	2.139e-01	6	bulk_query: all2all query results
TIMER	8.800e+01	8.801e+01	8.802e+01	7	resolve_next_lcp: bulk_rmq
TIMER	1.276e-01	1.548e-01	2.602e-01	7	resolve_next_lcp: set LCP
TIMER	8.835e+01	8.835e+01	8.835e+01	7	LCP update
unresolved = 162762, unfinished = 81381
TIMER	9.489e+01	9.489e+01	9.491e+01	5	bucket-chaising iteration
TIMER	1.145e-02	1.226e-02	1.289e-02	6	bulk_query: get recv_counts
TIMER	8.915e-02	1.031e-01	2.226e-01	6	bulk_query: all2all queries
Avg queries: 6.782e+03, max queries on proc 10: 114302
Inbalance factor: 1.685e+01x
TIMER	2.050e-02	4.074e-02	3.240e-01	6	bulk_query: local query
TIMER	3.211e-02	1.033e-01	1.723e-01	6	bulk_query: all2all query results
TIMER	8.900e+01	8.900e+01	8.901e+01	7	resolve_next_lcp: bulk_rmq
TIMER	4.197e-02	6.894e-02	2.219e-01	7	resolve_next_lcp: set LCP
TIMER	8.930e+01	8.930e+01	8.930e+01	7	LCP update
unresolved = 92256, unfinished = 46128
TIMER	9.322e+01	9.322e+01	9.323e+01	5	bucket-chaising iteration
TIMER	1.010e-02	1.073e-02	1.241e-02	6	bulk_query: get recv_counts
TIMER	4.852e-02	5.795e-02	1.473e-01	6	bulk_query: all2all queries
Avg queries: 3.844e+03, max queries on proc 10: 92256
Inbalance factor: 2.400e+01x
TIMER	1.964e-02	3.115e-02	2.563e-01	6	bulk_query: local query
TIMER	1.560e-02	8.131e-02	1.363e-01	6	bulk_query: all2all query results
TIMER	8.572e+01	8.573e+01	8.574e+01	7	resolve_next_lcp: bulk_rmq
TIMER	1.983e-02	4.212e-02	1.306e-01	7	resolve_next_lcp: set LCP
TIMER	8.594e+01	8.594e+01	8.594e+01	7	LCP update
unresolved = 49248, unfinished = 24624
TIMER	8.879e+01	8.880e+01	8.880e+01	5	bucket-chaising iteration
TIMER	9.853e-03	1.116e-02	1.225e-02	6	bulk_query: get recv_counts
TIMER	2.970e-02	3.382e-02	8.128e-02	6	bulk_query: all2all queries
Avg queries: 2.052e+03, max queries on proc 10: 49248
Inbalance factor: 2.400e+01x
TIMER	1.840e-02	2.621e-02	1.701e-01	6	bulk_query: local query
TIMER	1.167e-02	4.379e-02	7.512e-02	6	bulk_query: all2all query results
TIMER	8.510e+01	8.510e+01	8.511e+01	7	resolve_next_lcp: bulk_rmq
TIMER	2.625e-02	4.450e-02	9.666e-02	7	resolve_next_lcp: set LCP
TIMER	8.527e+01	8.527e+01	8.527e+01	7	LCP update
unresolved = 0, unfinished = 0
TIMER	8.668e+01	8.668e+01	8.669e+01	5	bucket-chaising iteration
TIMER	1.663e+03	1.663e+03	1.663e+03	4	construct-msgs
TIMER	1.916e+01	1.985e+01	2.034e+01	4	fix-isa
TIMER	4.991e+03	4.992e+03	4.992e+03	2	desa_construct: SA/LCP construct
TIMER	1.622e+02	1.622e+02	1.622e+02	2	desa_construct: TLI construct
TIMER	4.220e-03	4.580e-03	5.052e-03	3	repartition: 1D-partition
TIMER	5.046e-02	5.093e-02	5.131e-02	2	desa_construct: 1-D partition
TIMER	1.561e+02	1.562e+02	1.564e+02	3	repartition: redistribute
TIMER	1.565e+02	1.565e+02	1.565e+02	2	desa_construct: repartition
TIMER	8.189e+01	8.351e+01	8.582e+01	2	desa_construct: RMQ construct
TIMER	1.650e-02	1.987e-02	2.172e-02	3	bulk_query: get recv_counts
TIMER	5.739e+01	5.875e+01	6.125e+01	3	bulk_query: all2all queries
Avg queries: 9.387e+06, max queries on proc 8: 9386941
Inbalance factor: 1.000e+00x
TIMER	1.054e+02	1.133e+02	1.167e+02	3	bulk_query: local query
TIMER	7.222e+00	7.354e+00	7.464e+00	3	bulk_query: all2all query results
TIMER	5.819e+02	5.913e+02	6.496e+02	2	desa_construct: Lc naive construct
TIMER	6.051e+03	6.051e+03	6.051e+03	1	construct idx
