== Node distribution == 
== p=48 processes on 1 nodes ==
--  Node: 'c506-044.stampede2.tacc.utexas.edu' (48/48)
        Ranks: 0, 1, 2, 3, 4, 5, 6, 7, 8, 9, 10, 11, 12, 13, 14, 15, 16, 17, 18, 19, 20, 21, 22, 23, 24, 25, 26, 27, 28, 29, 30, 31, 32, 33, 34, 35, 36, 37, 38, 39, 40, 41, 42, 43, 44, 45, 46, 47
TIMER	2.607e+01	3.764e+01	3.977e+01	1	read input file
TIMER	4.058e+00	4.059e+00	4.061e+00	2	desa_construct: cpy str
Alphabet: {sigma=4, l=3, A=[A, C, G, T]}
TIMER	4.483e+00	4.485e+00	4.516e+00	3	get alphabet
TIMER	4.697e+01	4.810e+01	4.907e+01	4	kmer-gen
TIMER	5.334e+01	5.462e+01	5.507e+01	5	shift-buckets
TIMER	1.695e+03	1.699e+03	1.710e+03	5	ISA-to-SA
TIMER	8.933e+01	9.009e+01	9.154e+01	5	init-lcp
iteration 21: unfinished buckets = 3772201, unfinished elements = 14712244
TIMER	4.545e+01	4.590e+01	4.627e+01	5	rebucket
TIMER	5.932e+02	5.950e+02	5.970e+02	5	SA-to-ISA
TIMER	2.500e+03	2.500e+03	2.500e+03	5	sac-iteration
Starting Bucket chasing algorithm
unresolved = 14712245, unfinished = 3772201
TIMER	1.652e+01	1.653e+01	1.655e+01	5	get active elements
TIMER	2.559e-02	2.717e-02	2.949e-02	6	bulk_query: get recv_counts
TIMER	1.876e+01	1.989e+01	2.108e+01	6	bulk_query: all2all queries
Avg queries: 3.065e+05, max queries on proc 26: 1855201
Inbalance factor: 6.053e+00x
TIMER	2.328e+00	4.886e+00	1.911e+01	6	bulk_query: local query
TIMER	6.551e+00	6.742e+00	7.093e+00	6	bulk_query: all2all query results
TIMER	1.215e+02	1.234e+02	1.259e+02	7	resolve_next_lcp: bulk_rmq
TIMER	2.948e+00	3.714e+00	4.305e+00	7	resolve_next_lcp: set LCP
TIMER	1.303e+02	1.303e+02	1.303e+02	7	LCP update
unresolved = 5543898, unfinished = 1943843
TIMER	3.161e+02	3.161e+02	3.161e+02	5	bucket-chaising iteration
TIMER	2.431e-02	2.514e-02	2.629e-02	6	bulk_query: get recv_counts
TIMER	2.998e+00	4.059e+00	5.108e+00	6	bulk_query: all2all queries
Avg queries: 1.155e+05, max queries on proc 26: 1461566
Inbalance factor: 1.265e+01x
TIMER	2.065e-01	9.653e-01	1.181e+01	6	bulk_query: local query
TIMER	1.290e+00	1.423e+00	1.526e+00	6	bulk_query: all2all query results
TIMER	7.246e+01	7.265e+01	7.279e+01	7	resolve_next_lcp: bulk_rmq
TIMER	1.136e+00	1.303e+00	1.410e+00	7	resolve_next_lcp: set LCP
TIMER	7.429e+01	7.429e+01	7.429e+01	7	LCP update
unresolved = 3214279, unfinished = 1330905
TIMER	1.550e+02	1.558e+02	1.582e+02	5	bucket-chaising iteration
TIMER	2.684e-02	2.768e-02	2.886e-02	6	bulk_query: get recv_counts
TIMER	2.151e+00	2.981e+00	3.836e+00	6	bulk_query: all2all queries
Avg queries: 6.696e+04, max queries on proc 26: 1142255
Inbalance factor: 1.706e+01x
TIMER	5.088e-02	4.786e-01	8.011e+00	6	bulk_query: local query
TIMER	9.762e-01	1.291e+00	1.414e+00	6	bulk_query: all2all query results
TIMER	6.552e+01	6.558e+01	6.563e+01	7	resolve_next_lcp: bulk_rmq
TIMER	5.472e-01	5.941e-01	6.457e-01	7	resolve_next_lcp: set LCP
TIMER	6.638e+01	6.638e+01	6.638e+01	7	LCP update
unresolved = 2059860, unfinished = 924799
TIMER	1.192e+02	1.193e+02	1.208e+02	5	bucket-chaising iteration
TIMER	2.163e-02	2.251e-02	2.341e-02	6	bulk_query: get recv_counts
TIMER	1.525e+00	2.149e+00	2.827e+00	6	bulk_query: all2all queries
Avg queries: 4.291e+04, max queries on proc 26: 861890
Inbalance factor: 2.008e+01x
TIMER	3.183e-02	2.720e-01	5.404e+00	6	bulk_query: local query
TIMER	7.911e-01	1.146e+00	1.507e+00	6	bulk_query: all2all query results
TIMER	6.319e+01	6.322e+01	6.325e+01	7	resolve_next_lcp: bulk_rmq
TIMER	2.738e-01	3.081e-01	3.451e-01	7	resolve_next_lcp: set LCP
TIMER	6.368e+01	6.368e+01	6.368e+01	7	LCP update
unresolved = 1420247, unfinished = 659187
TIMER	9.921e+01	9.923e+01	1.004e+02	5	bucket-chaising iteration
TIMER	2.048e-02	2.213e-02	2.370e-02	6	bulk_query: get recv_counts
TIMER	6.163e-01	1.387e+00	1.977e+00	6	bulk_query: all2all queries
Avg queries: 2.959e+04, max queries on proc 26: 641955
Inbalance factor: 2.170e+01x
TIMER	2.971e-02	1.686e-01	3.304e+00	6	bulk_query: local query
TIMER	3.222e-01	5.319e-01	7.047e-01	6	bulk_query: all2all query results
TIMER	6.256e+01	6.258e+01	6.261e+01	7	resolve_next_lcp: bulk_rmq
TIMER	1.479e-01	1.785e-01	2.085e-01	7	resolve_next_lcp: set LCP
TIMER	6.290e+01	6.290e+01	6.290e+01	7	LCP update
unresolved = 983947, unfinished = 476015
TIMER	8.713e+01	8.713e+01	8.715e+01	5	bucket-chaising iteration
TIMER	1.878e-02	2.024e-02	2.169e-02	6	bulk_query: get recv_counts
TIMER	3.951e-01	8.827e-01	1.346e+00	6	bulk_query: all2all queries
Avg queries: 2.050e+04, max queries on proc 26: 450465
Inbalance factor: 2.198e+01x
TIMER	2.904e-02	1.145e-01	2.033e+00	6	bulk_query: local query
TIMER	2.165e-01	3.576e-01	4.292e-01	6	bulk_query: all2all query results
TIMER	6.169e+01	6.171e+01	6.172e+01	7	resolve_next_lcp: bulk_rmq
TIMER	1.141e-01	1.391e-01	1.572e-01	7	resolve_next_lcp: set LCP
TIMER	6.196e+01	6.196e+01	6.196e+01	7	LCP update
unresolved = 630245, unfinished = 309523
TIMER	7.837e+01	7.837e+01	7.840e+01	5	bucket-chaising iteration
TIMER	1.816e-02	1.935e-02	2.040e-02	6	bulk_query: get recv_counts
TIMER	1.939e-01	2.366e-01	5.531e-01	6	bulk_query: all2all queries
Avg queries: 1.313e+04, max queries on proc 26: 272698
Inbalance factor: 2.077e+01x
TIMER	2.634e-02	7.321e-02	1.023e+00	6	bulk_query: local query
TIMER	1.545e-01	3.539e-01	5.111e-01	6	bulk_query: all2all query results
TIMER	6.171e+01	6.172e+01	6.173e+01	7	resolve_next_lcp: bulk_rmq
TIMER	1.047e-01	1.229e-01	1.384e-01	7	resolve_next_lcp: set LCP
TIMER	6.195e+01	6.195e+01	6.195e+01	7	LCP update
unresolved = 346601, unfinished = 170433
TIMER	7.160e+01	7.160e+01	7.162e+01	5	bucket-chaising iteration
TIMER	1.724e-02	1.811e-02	1.920e-02	6	bulk_query: get recv_counts
TIMER	1.340e-01	1.618e-01	3.415e-01	6	bulk_query: all2all queries
Avg queries: 7.221e+03, max queries on proc 21: 135806
Inbalance factor: 1.881e+01x
TIMER	2.533e-02	5.140e-02	5.186e-01	6	bulk_query: local query
TIMER	8.098e-02	1.730e-01	2.327e-01	6	bulk_query: all2all query results
TIMER	6.114e+01	6.114e+01	6.115e+01	7	resolve_next_lcp: bulk_rmq
TIMER	6.726e-02	7.568e-02	8.447e-02	7	resolve_next_lcp: set LCP
TIMER	6.131e+01	6.131e+01	6.131e+01	7	LCP update
unresolved = 162762, unfinished = 81381
TIMER	6.605e+01	6.605e+01	6.606e+01	5	bucket-chaising iteration
TIMER	2.172e-02	2.324e-02	2.749e-02	6	bulk_query: get recv_counts
TIMER	1.041e-01	1.155e-01	2.577e-01	6	bulk_query: all2all queries
Avg queries: 3.391e+03, max queries on proc 21: 114302
Inbalance factor: 3.371e+01x
TIMER	2.277e-02	3.638e-02	4.124e-01	6	bulk_query: local query
TIMER	3.323e-02	1.119e-01	1.796e-01	6	bulk_query: all2all query results
TIMER	6.069e+01	6.069e+01	6.070e+01	7	resolve_next_lcp: bulk_rmq
TIMER	2.055e-02	2.984e-02	3.686e-02	7	resolve_next_lcp: set LCP
TIMER	6.081e+01	6.081e+01	6.081e+01	7	LCP update
unresolved = 92256, unfinished = 46128
TIMER	6.395e+01	6.395e+01	6.396e+01	5	bucket-chaising iteration
TIMER	1.348e-02	1.470e-02	1.563e-02	6	bulk_query: get recv_counts
TIMER	3.989e-02	4.543e-02	1.500e-01	6	bulk_query: all2all queries
Avg queries: 1.922e+03, max queries on proc 21: 92256
Inbalance factor: 4.800e+01x
TIMER	2.312e-02	2.960e-02	2.525e-01	6	bulk_query: local query
TIMER	1.298e-02	8.005e-02	1.434e-01	6	bulk_query: all2all query results
TIMER	6.134e+01	6.134e+01	6.135e+01	7	resolve_next_lcp: bulk_rmq
TIMER	1.047e-02	1.875e-02	3.025e-02	7	resolve_next_lcp: set LCP
TIMER	6.146e+01	6.146e+01	6.146e+01	7	LCP update
unresolved = 49248, unfinished = 24624
TIMER	6.370e+01	6.370e+01	6.371e+01	5	bucket-chaising iteration
TIMER	1.360e-02	1.494e-02	1.616e-02	6	bulk_query: get recv_counts
TIMER	5.065e-02	5.482e-02	1.222e-01	6	bulk_query: all2all queries
Avg queries: 1.026e+03, max queries on proc 21: 49248
Inbalance factor: 4.800e+01x
TIMER	2.187e-02	2.702e-02	1.724e-01	6	bulk_query: local query
TIMER	1.035e-02	5.383e-02	9.454e-02	6	bulk_query: all2all query results
TIMER	6.101e+01	6.101e+01	6.101e+01	7	resolve_next_lcp: bulk_rmq
TIMER	1.456e-02	2.212e-02	2.832e-02	7	resolve_next_lcp: set LCP
TIMER	6.112e+01	6.112e+01	6.112e+01	7	LCP update
unresolved = 0, unfinished = 0
TIMER	6.247e+01	6.247e+01	6.248e+01	5	bucket-chaising iteration
TIMER	1.209e+03	1.209e+03	1.209e+03	4	construct-msgs
TIMER	1.834e+01	1.887e+01	1.917e+01	4	fix-isa
TIMER	3.784e+03	3.784e+03	3.785e+03	2	desa_construct: SA/LCP construct
TIMER	9.523e+01	9.523e+01	9.524e+01	2	desa_construct: TLI construct
TIMER	9.190e-03	1.002e-02	1.294e-02	3	repartition: 1D-partition
TIMER	7.751e-02	7.818e-02	8.157e-02	2	desa_construct: 1-D partition
TIMER	1.546e+02	1.547e+02	1.553e+02	3	repartition: redistribute
TIMER	1.554e+02	1.554e+02	1.555e+02	2	desa_construct: repartition
TIMER	5.856e+01	5.962e+01	6.046e+01	2	desa_construct: RMQ construct
TIMER	2.467e-02	2.570e-02	2.887e-02	3	bulk_query: get recv_counts
TIMER	5.787e+01	5.853e+01	5.901e+01	3	bulk_query: all2all queries
Avg queries: 4.693e+06, max queries on proc 16: 4693589
Inbalance factor: 1.000e+00x
TIMER	5.523e+01	6.275e+01	6.560e+01	3	bulk_query: local query
TIMER	6.596e+00	6.717e+00	6.960e+00	3	bulk_query: all2all query results
TIMER	3.622e+02	3.683e+02	3.868e+02	2	desa_construct: Lc naive construct
TIMER	4.487e+03	4.487e+03	4.487e+03	1	construct idx
