== Node distribution == 
== p=384 processes on 8 nodes ==
--  Node: 'c506-083.stampede2.tacc.utexas.edu' (48/384)
        Ranks: 0, 1, 2, 3, 4, 5, 6, 7, 8, 9, 10, 11, 12, 13, 14, 15, 16, 17, 18, 19, 20, 21, 22, 23, 24, 25, 26, 27, 28, 29, 30, 31, 32, 33, 34, 35, 36, 37, 38, 39, 40, 41, 42, 43, 44, 45, 46, 47
--  Node: 'c506-084.stampede2.tacc.utexas.edu' (48/384)
        Ranks: 48, 49, 50, 51, 52, 53, 54, 55, 56, 57, 58, 59, 60, 61, 62, 63, 64, 65, 66, 67, 68, 69, 70, 71, 72, 73, 74, 75, 76, 77, 78, 79, 80, 81, 82, 83, 84, 85, 86, 87, 88, 89, 90, 91, 92, 93, 94, 95
--  Node: 'c506-102.stampede2.tacc.utexas.edu' (48/384)
        Ranks: 96, 97, 98, 99, 100, 101, 102, 103, 104, 105, 106, 107, 108, 109, 110, 111, 112, 113, 114, 115, 116, 117, 118, 119, 120, 121, 122, 123, 124, 125, 126, 127, 128, 129, 130, 131, 132, 133, 134, 135, 136, 137, 138, 139, 140, 141, 142, 143
--  Node: 'c506-121.stampede2.tacc.utexas.edu' (48/384)
        Ranks: 144, 145, 146, 147, 148, 149, 150, 151, 152, 153, 154, 155, 156, 157, 158, 159, 160, 161, 162, 163, 164, 165, 166, 167, 168, 169, 170, 171, 172, 173, 174, 175, 176, 177, 178, 179, 180, 181, 182, 183, 184, 185, 186, 187, 188, 189, 190, 191
--  Node: 'c506-122.stampede2.tacc.utexas.edu' (48/384)
        Ranks: 192, 193, 194, 195, 196, 197, 198, 199, 200, 201, 202, 203, 204, 205, 206, 207, 208, 209, 210, 211, 212, 213, 214, 215, 216, 217, 218, 219, 220, 221, 222, 223, 224, 225, 226, 227, 228, 229, 230, 231, 232, 233, 234, 235, 236, 237, 238, 239
--  Node: 'c506-132.stampede2.tacc.utexas.edu' (48/384)
        Ranks: 240, 241, 242, 243, 244, 245, 246, 247, 248, 249, 250, 251, 252, 253, 254, 255, 256, 257, 258, 259, 260, 261, 262, 263, 264, 265, 266, 267, 268, 269, 270, 271, 272, 273, 274, 275, 276, 277, 278, 279, 280, 281, 282, 283, 284, 285, 286, 287
--  Node: 'c506-133.stampede2.tacc.utexas.edu' (48/384)
        Ranks: 288, 289, 290, 291, 292, 293, 294, 295, 296, 297, 298, 299, 300, 301, 302, 303, 304, 305, 306, 307, 308, 309, 310, 311, 312, 313, 314, 315, 316, 317, 318, 319, 320, 321, 322, 323, 324, 325, 326, 327, 328, 329, 330, 331, 332, 333, 334, 335
--  Node: 'c506-134.stampede2.tacc.utexas.edu' (48/384)
        Ranks: 336, 337, 338, 339, 340, 341, 342, 343, 344, 345, 346, 347, 348, 349, 350, 351, 352, 353, 354, 355, 356, 357, 358, 359, 360, 361, 362, 363, 364, 365, 366, 367, 368, 369, 370, 371, 372, 373, 374, 375, 376, 377, 378, 379, 380, 381, 382, 383
TIMER	7.333e+00	2.214e+01	2.720e+01	1	read input file
TIMER	4.473e-01	4.499e-01	4.523e-01	2	desa_construct: cpy str
Alphabet: {sigma=4, l=3, A=[A, C, G, T]}
TIMER	1.040e+00	1.043e+00	1.072e+00	3	get alphabet
TIMER	4.034e+00	5.098e+00	5.469e+00	4	kmer-gen
TIMER	3.240e+00	5.643e+00	7.023e+00	5	shift-buckets
TIMER	2.809e+02	2.851e+02	2.871e+02	5	ISA-to-SA
TIMER	9.311e+00	1.003e+01	1.064e+01	5	init-lcp
iteration 21: unfinished buckets = 3772201, unfinished elements = 14712234
TIMER	6.029e+00	6.115e+00	6.266e+00	5	rebucket
TIMER	1.360e+02	1.377e+02	1.387e+02	5	SA-to-ISA
TIMER	4.503e+02	4.503e+02	4.503e+02	5	sac-iteration
Starting Bucket chasing algorithm
unresolved = 14712245, unfinished = 3772201
TIMER	2.311e+00	2.314e+00	2.330e+00	5	get active elements
TIMER	6.537e-02	1.673e-01	2.067e-01	6	bulk_query: get recv_counts
TIMER	3.344e+00	3.481e+00	3.682e+00	6	bulk_query: all2all queries
Avg queries: 3.831e+04, max queries on proc 213: 483519
Inbalance factor: 1.262e+01x
TIMER	1.658e-01	4.095e-01	4.196e+00	6	bulk_query: local query
TIMER	3.200e+00	3.400e+00	3.544e+00	6	bulk_query: all2all query results
TIMER	2.635e+01	2.683e+01	2.867e+01	7	resolve_next_lcp: bulk_rmq
TIMER	1.430e-01	3.059e-01	5.693e-01	7	resolve_next_lcp: set LCP
TIMER	2.938e+01	2.938e+01	2.939e+01	7	LCP update
unresolved = 5543898, unfinished = 1943843
TIMER	9.276e+01	9.276e+01	9.279e+01	5	bucket-chaising iteration
TIMER	8.371e-02	1.192e-01	1.366e-01	6	bulk_query: get recv_counts
TIMER	2.015e+00	2.087e+00	2.235e+00	6	bulk_query: all2all queries
Avg queries: 1.444e+04, max queries on proc 213: 404639
Inbalance factor: 2.803e+01x
TIMER	5.165e-02	1.459e-01	3.170e+00	6	bulk_query: local query
TIMER	2.030e+00	2.195e+00	2.362e+00	6	bulk_query: all2all query results
TIMER	1.087e+01	1.095e+01	1.104e+01	7	resolve_next_lcp: bulk_rmq
TIMER	5.727e-02	9.076e-02	1.211e-01	7	resolve_next_lcp: set LCP
TIMER	1.130e+01	1.130e+01	1.131e+01	7	LCP update
unresolved = 3214279, unfinished = 1330905
TIMER	3.293e+01	3.294e+01	3.296e+01	5	bucket-chaising iteration
TIMER	8.022e-02	1.075e-01	1.337e-01	6	bulk_query: get recv_counts
TIMER	7.547e-01	1.502e+00	1.629e+00	6	bulk_query: all2all queries
Avg queries: 8.371e+03, max queries on proc 212: 330742
Inbalance factor: 3.951e+01x
TIMER	4.391e-02	9.196e-02	2.285e+00	6	bulk_query: local query
TIMER	1.302e+00	1.462e+00	1.608e+00	6	bulk_query: all2all query results
TIMER	1.096e+01	1.098e+01	1.101e+01	7	resolve_next_lcp: bulk_rmq
TIMER	3.522e-02	5.045e-02	6.626e-02	7	resolve_next_lcp: set LCP
TIMER	1.121e+01	1.122e+01	1.122e+01	7	LCP update
unresolved = 2059860, unfinished = 924799
TIMER	2.648e+01	2.649e+01	2.651e+01	5	bucket-chaising iteration
TIMER	8.684e-02	1.068e-01	1.264e-01	6	bulk_query: get recv_counts
TIMER	4.425e-01	9.630e-01	1.285e+00	6	bulk_query: all2all queries
Avg queries: 5.364e+03, max queries on proc 212: 301618
Inbalance factor: 5.623e+01x
TIMER	5.746e-02	8.688e-02	1.842e+00	6	bulk_query: local query
TIMER	8.376e-01	9.498e-01	1.064e+00	6	bulk_query: all2all query results
TIMER	8.699e+00	8.720e+00	8.762e+00	7	resolve_next_lcp: bulk_rmq
TIMER	1.982e-02	3.033e-02	4.011e-02	7	resolve_next_lcp: set LCP
TIMER	8.934e+00	8.936e+00	8.938e+00	7	LCP update
unresolved = 1420247, unfinished = 659187
TIMER	2.072e+01	2.072e+01	2.075e+01	5	bucket-chaising iteration
TIMER	7.704e-02	1.056e-01	1.279e-01	6	bulk_query: get recv_counts
TIMER	4.779e-01	7.315e-01	1.176e+00	6	bulk_query: all2all queries
Avg queries: 3.699e+03, max queries on proc 212: 259488
Inbalance factor: 7.016e+01x
TIMER	5.657e-02	7.976e-02	1.396e+00	6	bulk_query: local query
TIMER	5.376e-01	6.540e-01	7.588e-01	6	bulk_query: all2all query results
TIMER	8.445e+00	8.458e+00	8.479e+00	7	resolve_next_lcp: bulk_rmq
TIMER	9.778e-03	2.129e-02	3.438e-02	7	resolve_next_lcp: set LCP
TIMER	8.648e+00	8.649e+00	8.650e+00	7	LCP update
unresolved = 983947, unfinished = 476015
TIMER	1.816e+01	1.816e+01	1.818e+01	5	bucket-chaising iteration
TIMER	7.762e-02	1.075e-01	1.250e-01	6	bulk_query: get recv_counts
TIMER	3.356e-01	5.985e-01	9.925e-01	6	bulk_query: all2all queries
Avg queries: 2.562e+03, max queries on proc 212: 202505
Inbalance factor: 7.903e+01x
TIMER	4.461e-02	5.746e-02	9.551e-01	6	bulk_query: local query
TIMER	3.760e-01	4.703e-01	5.602e-01	6	bulk_query: all2all query results
TIMER	8.215e+00	8.244e+00	8.280e+00	7	resolve_next_lcp: bulk_rmq
TIMER	9.827e-03	1.683e-02	2.199e-02	7	resolve_next_lcp: set LCP
TIMER	8.439e+00	8.441e+00	8.444e+00	7	LCP update
unresolved = 630245, unfinished = 309523
TIMER	1.552e+01	1.552e+01	1.554e+01	5	bucket-chaising iteration
TIMER	7.916e-02	1.096e-01	1.433e-01	6	bulk_query: get recv_counts
TIMER	2.506e-01	4.652e-01	7.212e-01	6	bulk_query: all2all queries
Avg queries: 1.641e+03, max queries on proc 175: 146558
Inbalance factor: 8.930e+01x
TIMER	5.667e-02	6.495e-02	5.763e-01	6	bulk_query: local query
TIMER	2.563e-01	3.277e-01	3.920e-01	6	bulk_query: all2all query results
TIMER	8.152e+00	8.163e+00	8.193e+00	7	resolve_next_lcp: bulk_rmq
TIMER	9.046e-03	1.579e-02	2.312e-02	7	resolve_next_lcp: set LCP
TIMER	8.353e+00	8.355e+00	8.357e+00	7	LCP update
unresolved = 346601, unfinished = 170433
TIMER	1.357e+01	1.357e+01	1.358e+01	5	bucket-chaising iteration
TIMER	7.994e-02	1.075e-01	1.308e-01	6	bulk_query: get recv_counts
TIMER	1.441e-01	3.705e-01	6.817e-01	6	bulk_query: all2all queries
Avg queries: 9.026e+02, max queries on proc 175: 135806
Inbalance factor: 1.505e+02x
TIMER	3.758e-02	4.420e-02	4.094e-01	6	bulk_query: local query
TIMER	1.918e-01	2.905e-01	3.550e-01	6	bulk_query: all2all query results
TIMER	7.831e+00	7.845e+00	7.855e+00	7	resolve_next_lcp: bulk_rmq
TIMER	5.959e-03	1.026e-02	1.384e-02	7	resolve_next_lcp: set LCP
TIMER	8.007e+00	8.010e+00	8.017e+00	7	LCP update
unresolved = 162762, unfinished = 81381
TIMER	1.258e+01	1.259e+01	1.260e+01	5	bucket-chaising iteration
TIMER	8.191e-02	1.058e-01	1.240e-01	6	bulk_query: get recv_counts
TIMER	1.132e-01	3.114e-01	6.125e-01	6	bulk_query: all2all queries
Avg queries: 4.239e+02, max queries on proc 175: 114302
Inbalance factor: 2.697e+02x
TIMER	3.787e-02	4.191e-02	3.553e-01	6	bulk_query: local query
TIMER	1.517e-01	2.269e-01	3.148e-01	6	bulk_query: all2all query results
TIMER	7.440e+00	7.447e+00	7.454e+00	7	resolve_next_lcp: bulk_rmq
TIMER	2.296e-03	4.319e-03	6.620e-03	7	resolve_next_lcp: set LCP
TIMER	7.594e+00	7.596e+00	7.598e+00	7	LCP update
unresolved = 92256, unfinished = 46128
TIMER	1.160e+01	1.160e+01	1.161e+01	5	bucket-chaising iteration
TIMER	7.519e-02	9.998e-02	1.258e-01	6	bulk_query: get recv_counts
TIMER	8.206e-02	2.796e-01	6.935e-01	6	bulk_query: all2all queries
Avg queries: 2.402e+02, max queries on proc 175: 92256
Inbalance factor: 3.840e+02x
TIMER	4.589e-02	4.873e-02	3.034e-01	6	bulk_query: local query
TIMER	2.084e-02	1.634e-01	3.049e-01	6	bulk_query: all2all query results
TIMER	7.279e+00	7.288e+00	7.294e+00	7	resolve_next_lcp: bulk_rmq
TIMER	1.007e-03	3.084e-03	6.610e-03	7	resolve_next_lcp: set LCP
TIMER	7.433e+00	7.436e+00	7.437e+00	7	LCP update
unresolved = 49248, unfinished = 24624
TIMER	1.112e+01	1.112e+01	1.113e+01	5	bucket-chaising iteration
TIMER	6.880e-02	9.938e-02	1.236e-01	6	bulk_query: get recv_counts
TIMER	5.473e-02	2.236e-01	5.071e-01	6	bulk_query: all2all queries
Avg queries: 1.282e+02, max queries on proc 175: 49248
Inbalance factor: 3.840e+02x
TIMER	4.588e-02	4.873e-02	2.046e-01	6	bulk_query: local query
TIMER	2.849e-02	1.451e-01	2.514e-01	6	bulk_query: all2all query results
TIMER	7.331e+00	7.339e+00	7.346e+00	7	resolve_next_lcp: bulk_rmq
TIMER	1.314e-03	3.484e-03	6.064e-03	7	resolve_next_lcp: set LCP
TIMER	7.480e+00	7.482e+00	7.484e+00	7	LCP update
unresolved = 0, unfinished = 0
TIMER	1.021e+01	1.022e+01	1.023e+01	5	bucket-chaising iteration
TIMER	2.692e+02	2.692e+02	2.692e+02	4	construct-msgs
TIMER	1.836e+00	2.037e+00	2.165e+00	4	fix-isa
TIMER	7.290e+02	7.290e+02	7.290e+02	2	desa_construct: SA/LCP construct
TIMER	1.896e+01	1.904e+01	1.913e+01	2	desa_construct: TLI construct
TIMER	8.362e-02	9.288e-02	1.117e-01	3	repartition: 1D-partition
TIMER	1.203e+00	1.205e+00	1.206e+00	2	desa_construct: 1-D partition
TIMER	1.643e+01	1.645e+01	1.648e+01	3	repartition: redistribute
TIMER	1.658e+01	1.659e+01	1.753e+01	2	desa_construct: repartition
TIMER	6.552e+00	6.799e+00	7.049e+00	2	desa_construct: RMQ construct
TIMER	8.919e-02	1.132e-01	1.571e-01	3	bulk_query: get recv_counts
TIMER	4.045e+01	4.168e+01	4.285e+01	3	bulk_query: all2all queries
Avg queries: 5.867e+05, max queries on proc 22: 587918
Inbalance factor: 1.002e+00x
TIMER	1.753e+00	2.144e+00	3.077e+00	3	bulk_query: local query
TIMER	3.591e+00	3.652e+00	3.709e+00	3	bulk_query: all2all query results
TIMER	7.692e+01	7.773e+01	7.926e+01	2	desa_construct: Lc naive construct
TIMER	8.542e+02	8.542e+02	8.542e+02	1	construct idx
