== Node distribution == 
== p=96 processes on 2 nodes ==
--  Node: 'c506-083.stampede2.tacc.utexas.edu' (48/96)
        Ranks: 0, 1, 2, 3, 4, 5, 6, 7, 8, 9, 10, 11, 12, 13, 14, 15, 16, 17, 18, 19, 20, 21, 22, 23, 24, 25, 26, 27, 28, 29, 30, 31, 32, 33, 34, 35, 36, 37, 38, 39, 40, 41, 42, 43, 44, 45, 46, 47
--  Node: 'c506-084.stampede2.tacc.utexas.edu' (48/96)
        Ranks: 48, 49, 50, 51, 52, 53, 54, 55, 56, 57, 58, 59, 60, 61, 62, 63, 64, 65, 66, 67, 68, 69, 70, 71, 72, 73, 74, 75, 76, 77, 78, 79, 80, 81, 82, 83, 84, 85, 86, 87, 88, 89, 90, 91, 92, 93, 94, 95
TIMER	2.173e+01	5.356e+01	9.353e+01	1	read input file
TIMER	2.274e+00	2.277e+00	2.279e+00	2	desa_construct: cpy str
Alphabet: {sigma=4, l=3, A=[A, C, G, T]}
TIMER	2.509e+00	2.510e+00	2.543e+00	3	get alphabet
TIMER	2.317e+01	2.368e+01	2.447e+01	4	kmer-gen
TIMER	2.581e+01	2.721e+01	2.956e+01	5	shift-buckets
TIMER	9.336e+02	9.367e+02	9.404e+02	5	ISA-to-SA
TIMER	4.108e+01	4.234e+01	4.388e+01	5	init-lcp
iteration 21: unfinished buckets = 3772201, unfinished elements = 14712242
TIMER	2.391e+01	2.422e+01	2.449e+01	5	rebucket
TIMER	3.280e+02	3.331e+02	3.377e+02	5	SA-to-ISA
TIMER	1.379e+03	1.379e+03	1.379e+03	5	sac-iteration
Starting Bucket chasing algorithm
unresolved = 14712245, unfinished = 3772201
TIMER	7.632e+00	7.634e+00	7.650e+00	5	get active elements
TIMER	4.694e-02	5.112e-02	5.810e-02	6	bulk_query: get recv_counts
TIMER	8.647e+00	9.644e+00	1.005e+01	6	bulk_query: all2all queries
Avg queries: 1.533e+05, max queries on proc 53: 1225737
Inbalance factor: 7.998e+00x
TIMER	9.324e-01	1.913e+00	1.117e+01	6	bulk_query: local query
TIMER	6.593e+00	7.238e+00	7.716e+00	6	bulk_query: all2all query results
TIMER	7.493e+01	7.616e+01	7.863e+01	7	resolve_next_lcp: bulk_rmq
TIMER	1.269e+00	1.798e+00	2.340e+00	7	resolve_next_lcp: set LCP
TIMER	8.109e+01	8.110e+01	8.110e+01	7	LCP update
unresolved = 5543898, unfinished = 1943843
TIMER	2.037e+02	2.037e+02	2.038e+02	5	bucket-chaising iteration
TIMER	4.868e-02	5.540e-02	6.370e-02	6	bulk_query: get recv_counts
TIMER	2.853e+00	3.455e+00	3.612e+00	6	bulk_query: all2all queries
Avg queries: 5.775e+04, max queries on proc 53: 981645
Inbalance factor: 1.700e+01x
TIMER	1.105e-01	4.600e-01	7.665e+00	6	bulk_query: local query
TIMER	2.363e+00	2.712e+00	3.215e+00	6	bulk_query: all2all query results
TIMER	3.737e+01	3.747e+01	3.763e+01	7	resolve_next_lcp: bulk_rmq
TIMER	4.192e-01	5.272e-01	5.990e-01	7	resolve_next_lcp: set LCP
TIMER	3.838e+01	3.838e+01	3.839e+01	7	LCP update
unresolved = 3214279, unfinished = 1330905
TIMER	8.675e+01	8.675e+01	8.677e+01	5	bucket-chaising iteration
TIMER	3.759e-02	4.666e-02	5.745e-02	6	bulk_query: get recv_counts
TIMER	2.060e+00	2.857e+00	3.183e+00	6	bulk_query: all2all queries
Avg queries: 3.348e+04, max queries on proc 53: 745565
Inbalance factor: 2.227e+01x
TIMER	4.147e-02	2.445e-01	5.434e+00	6	bulk_query: local query
TIMER	9.609e-01	1.583e+00	2.469e+00	6	bulk_query: all2all query results
TIMER	3.316e+01	3.320e+01	3.326e+01	7	resolve_next_lcp: bulk_rmq
TIMER	2.024e-01	2.523e-01	2.968e-01	7	resolve_next_lcp: set LCP
TIMER	3.366e+01	3.366e+01	3.367e+01	7	LCP update
unresolved = 2059860, unfinished = 924799
TIMER	6.633e+01	6.633e+01	6.634e+01	5	bucket-chaising iteration
TIMER	3.487e-02	4.155e-02	5.509e-02	6	bulk_query: get recv_counts
TIMER	9.014e-01	1.406e+00	1.791e+00	6	bulk_query: all2all queries
Avg queries: 2.146e+04, max queries on proc 53: 532776
Inbalance factor: 2.483e+01x
TIMER	3.608e-02	1.579e-01	3.429e+00	6	bulk_query: local query
TIMER	5.570e-01	7.674e-01	1.049e+00	6	bulk_query: all2all query results
TIMER	3.418e+01	3.420e+01	3.425e+01	7	resolve_next_lcp: bulk_rmq
TIMER	1.038e-01	1.328e-01	2.446e-01	7	resolve_next_lcp: set LCP
TIMER	3.461e+01	3.461e+01	3.461e+01	7	LCP update
unresolved = 1420247, unfinished = 659187
TIMER	5.878e+01	5.878e+01	5.880e+01	5	bucket-chaising iteration
TIMER	1.249e-01	1.001e+00	1.976e+00	6	bulk_query: get recv_counts
TIMER	6.858e-01	1.766e+00	2.188e+00	6	bulk_query: all2all queries
Avg queries: 1.479e+04, max queries on proc 53: 376346
Inbalance factor: 2.544e+01x
TIMER	9.885e-01	1.980e+00	4.097e+00	6	bulk_query: local query
TIMER	4.094e-01	5.550e-01	7.170e-01	6	bulk_query: all2all query results
TIMER	3.372e+01	3.375e+01	3.377e+01	7	resolve_next_lcp: bulk_rmq
TIMER	6.724e-02	1.075e-01	2.099e-01	7	resolve_next_lcp: set LCP
TIMER	3.410e+01	3.411e+01	3.411e+01	7	LCP update
unresolved = 983947, unfinished = 476015
TIMER	6.880e+01	6.880e+01	6.882e+01	5	bucket-chaising iteration
TIMER	3.618e-02	4.127e-02	5.471e-02	6	bulk_query: get recv_counts
TIMER	3.855e-01	6.554e-01	9.760e-01	6	bulk_query: all2all queries
Avg queries: 1.025e+04, max queries on proc 53: 253800
Inbalance factor: 2.476e+01x
TIMER	3.599e-02	8.032e-02	1.250e+00	6	bulk_query: local query
TIMER	2.479e-01	3.748e-01	4.876e-01	6	bulk_query: all2all query results
TIMER	3.176e+01	3.177e+01	3.178e+01	7	resolve_next_lcp: bulk_rmq
TIMER	5.197e-02	6.966e-02	1.067e-01	7	resolve_next_lcp: set LCP
TIMER	3.199e+01	3.200e+01	3.200e+01	7	LCP update
unresolved = 630245, unfinished = 309523
TIMER	4.218e+01	4.219e+01	4.220e+01	5	bucket-chaising iteration
TIMER	3.645e-02	4.351e-02	5.649e-02	6	bulk_query: get recv_counts
TIMER	2.679e-01	4.076e-01	5.376e-01	6	bulk_query: all2all queries
Avg queries: 6.565e+03, max queries on proc 53: 149584
Inbalance factor: 2.278e+01x
TIMER	3.235e-02	5.999e-02	6.749e-01	6	bulk_query: local query
TIMER	1.509e-01	2.309e-01	2.858e-01	6	bulk_query: all2all query results
TIMER	3.118e+01	3.119e+01	3.120e+01	7	resolve_next_lcp: bulk_rmq
TIMER	4.512e-02	6.090e-02	7.311e-02	7	resolve_next_lcp: set LCP
TIMER	3.138e+01	3.138e+01	3.138e+01	7	LCP update
unresolved = 346601, unfinished = 170433
TIMER	3.708e+01	3.708e+01	3.709e+01	5	bucket-chaising iteration
TIMER	3.206e-02	3.678e-02	4.217e-02	6	bulk_query: get recv_counts
TIMER	1.682e-01	2.688e-01	4.410e-01	6	bulk_query: all2all queries
Avg queries: 3.610e+03, max queries on proc 43: 135806
Inbalance factor: 3.761e+01x
TIMER	3.142e-02	4.614e-02	4.421e-01	6	bulk_query: local query
TIMER	7.621e-02	1.800e-01	2.614e-01	6	bulk_query: all2all query results
TIMER	3.163e+01	3.164e+01	3.165e+01	7	resolve_next_lcp: bulk_rmq
TIMER	3.164e-02	4.176e-02	4.910e-02	7	resolve_next_lcp: set LCP
TIMER	3.180e+01	3.180e+01	3.180e+01	7	LCP update
unresolved = 162762, unfinished = 81381
TIMER	3.593e+01	3.593e+01	3.594e+01	5	bucket-chaising iteration
TIMER	2.688e-02	3.241e-02	3.997e-02	6	bulk_query: get recv_counts
TIMER	1.653e-01	2.099e-01	3.762e-01	6	bulk_query: all2all queries
Avg queries: 1.695e+03, max queries on proc 43: 114302
Inbalance factor: 6.742e+01x
TIMER	3.092e-02	3.957e-02	4.464e-01	6	bulk_query: local query
TIMER	4.225e-02	1.328e-01	1.974e-01	6	bulk_query: all2all query results
TIMER	3.153e+01	3.153e+01	3.154e+01	7	resolve_next_lcp: bulk_rmq
TIMER	8.838e-03	1.626e-02	2.336e-02	7	resolve_next_lcp: set LCP
TIMER	3.166e+01	3.167e+01	3.167e+01	7	LCP update
unresolved = 92256, unfinished = 46128
TIMER	3.497e+01	3.497e+01	3.499e+01	5	bucket-chaising iteration
TIMER	2.742e-02	3.002e-02	3.388e-02	6	bulk_query: get recv_counts
TIMER	3.510e-02	8.297e-02	2.528e-01	6	bulk_query: all2all queries
Avg queries: 9.610e+02, max queries on proc 43: 92256
Inbalance factor: 9.600e+01x
TIMER	3.295e-02	3.758e-02	2.987e-01	6	bulk_query: local query
TIMER	1.521e-02	9.321e-02	1.662e-01	6	bulk_query: all2all query results
TIMER	3.147e+01	3.148e+01	3.151e+01	7	resolve_next_lcp: bulk_rmq
TIMER	4.749e-03	1.122e-02	1.870e-02	7	resolve_next_lcp: set LCP
TIMER	3.163e+01	3.163e+01	3.163e+01	7	LCP update
unresolved = 49248, unfinished = 24624
TIMER	3.411e+01	3.412e+01	3.413e+01	5	bucket-chaising iteration
TIMER	3.322e-02	3.774e-02	5.238e-02	6	bulk_query: get recv_counts
TIMER	2.796e-02	5.481e-02	1.584e-01	6	bulk_query: all2all queries
Avg queries: 5.130e+02, max queries on proc 43: 49248
Inbalance factor: 9.600e+01x
TIMER	4.254e-02	4.647e-02	2.100e-01	6	bulk_query: local query
TIMER	1.305e-02	6.304e-02	1.078e-01	6	bulk_query: all2all query results
TIMER	3.059e+01	3.059e+01	3.060e+01	7	resolve_next_lcp: bulk_rmq
TIMER	6.492e-03	1.251e-02	1.736e-02	7	resolve_next_lcp: set LCP
TIMER	3.072e+01	3.072e+01	3.073e+01	7	LCP update
unresolved = 0, unfinished = 0
TIMER	3.231e+01	3.231e+01	3.232e+01	5	bucket-chaising iteration
TIMER	7.097e+02	7.097e+02	7.097e+02	4	construct-msgs
TIMER	8.302e+00	9.288e+00	9.631e+00	4	fix-isa
TIMER	2.129e+03	2.130e+03	2.131e+03	2	desa_construct: SA/LCP construct
TIMER	4.945e+01	4.951e+01	4.958e+01	2	desa_construct: TLI construct
TIMER	1.626e-02	1.867e-02	2.467e-02	3	repartition: 1D-partition
TIMER	1.638e-01	1.653e-01	1.694e-01	2	desa_construct: 1-D partition
TIMER	6.900e+01	6.902e+01	6.904e+01	3	repartition: redistribute
TIMER	6.913e+01	6.914e+01	6.939e+01	2	desa_construct: repartition
TIMER	2.861e+01	2.954e+01	3.119e+01	2	desa_construct: RMQ construct
TIMER	4.213e-02	4.668e-02	5.294e-02	3	bulk_query: get recv_counts
TIMER	4.842e+01	5.068e+01	5.154e+01	3	bulk_query: all2all queries
Avg queries: 2.347e+06, max queries on proc 32: 2346913
Inbalance factor: 1.000e+00x
TIMER	1.870e+01	2.213e+01	2.313e+01	3	bulk_query: local query
TIMER	5.657e+00	6.412e+00	6.591e+00	3	bulk_query: all2all query results
TIMER	1.807e+02	1.833e+02	1.913e+02	2	desa_construct: Lc naive construct
TIMER	2.475e+03	2.475e+03	2.475e+03	1	construct idx
