== Node distribution == 
== p=48 processes on 1 nodes ==
--  Node: 'c506-083.stampede2.tacc.utexas.edu' (48/48)
        Ranks: 0, 1, 2, 3, 4, 5, 6, 7, 8, 9, 10, 11, 12, 13, 14, 15, 16, 17, 18, 19, 20, 21, 22, 23, 24, 25, 26, 27, 28, 29, 30, 31, 32, 33, 34, 35, 36, 37, 38, 39, 40, 41, 42, 43, 44, 45, 46, 47
TIMER	2.745e+01	3.834e+01	4.005e+01	1	read input file
TIMER	4.063e+00	4.064e+00	4.065e+00	2	desa_construct: cpy str
Alphabet: {sigma=4, l=3, A=[A, C, G, T]}
TIMER	4.463e+00	4.464e+00	4.495e+00	3	get alphabet
TIMER	4.699e+01	4.790e+01	4.871e+01	4	kmer-gen
TIMER	5.334e+01	5.526e+01	5.605e+01	5	shift-buckets
TIMER	1.696e+03	1.704e+03	1.712e+03	5	ISA-to-SA
TIMER	8.957e+01	9.048e+01	9.198e+01	5	init-lcp
iteration 21: unfinished buckets = 3772201, unfinished elements = 14712244
TIMER	4.534e+01	4.578e+01	4.608e+01	5	rebucket
TIMER	5.933e+02	5.969e+02	6.001e+02	5	SA-to-ISA
TIMER	2.506e+03	2.506e+03	2.506e+03	5	sac-iteration
Starting Bucket chasing algorithm
unresolved = 14712245, unfinished = 3772201
TIMER	1.651e+01	1.651e+01	1.653e+01	5	get active elements
TIMER	2.600e-02	2.753e-02	2.888e-02	6	bulk_query: get recv_counts
TIMER	1.790e+01	1.903e+01	2.024e+01	6	bulk_query: all2all queries
Avg queries: 3.065e+05, max queries on proc 26: 1855201
Inbalance factor: 6.053e+00x
TIMER	2.196e+00	4.922e+00	1.945e+01	6	bulk_query: local query
TIMER	6.452e+00	6.778e+00	7.148e+00	6	bulk_query: all2all query results
TIMER	1.213e+02	1.232e+02	1.255e+02	7	resolve_next_lcp: bulk_rmq
TIMER	2.873e+00	3.704e+00	4.272e+00	7	resolve_next_lcp: set LCP
TIMER	1.299e+02	1.299e+02	1.299e+02	7	LCP update
unresolved = 5543898, unfinished = 1943843
TIMER	3.152e+02	3.152e+02	3.152e+02	5	bucket-chaising iteration
TIMER	2.440e-02	2.573e-02	2.724e-02	6	bulk_query: get recv_counts
TIMER	3.616e+00	4.710e+00	5.774e+00	6	bulk_query: all2all queries
Avg queries: 1.155e+05, max queries on proc 26: 1461566
Inbalance factor: 1.265e+01x
TIMER	2.106e-01	9.666e-01	1.218e+01	6	bulk_query: local query
TIMER	1.567e+00	1.684e+00	1.816e+00	6	bulk_query: all2all query results
TIMER	7.224e+01	7.242e+01	7.257e+01	7	resolve_next_lcp: bulk_rmq
TIMER	1.137e+00	1.307e+00	1.408e+00	7	resolve_next_lcp: set LCP
TIMER	7.407e+01	7.407e+01	7.408e+01	7	LCP update
unresolved = 3214279, unfinished = 1330905
TIMER	1.563e+02	1.571e+02	1.596e+02	5	bucket-chaising iteration
TIMER	2.314e-02	2.460e-02	2.609e-02	6	bulk_query: get recv_counts
TIMER	2.187e+00	3.045e+00	3.926e+00	6	bulk_query: all2all queries
Avg queries: 6.696e+04, max queries on proc 26: 1142255
Inbalance factor: 1.706e+01x
TIMER	5.213e-02	4.831e-01	8.206e+00	6	bulk_query: local query
TIMER	7.713e-01	1.175e+00	1.313e+00	6	bulk_query: all2all query results
TIMER	6.549e+01	6.554e+01	6.559e+01	7	resolve_next_lcp: bulk_rmq
TIMER	5.426e-01	6.013e-01	6.495e-01	7	resolve_next_lcp: set LCP
TIMER	6.634e+01	6.634e+01	6.634e+01	7	LCP update
unresolved = 2059860, unfinished = 924799
TIMER	1.189e+02	1.191e+02	1.206e+02	5	bucket-chaising iteration
TIMER	2.204e-02	2.315e-02	2.438e-02	6	bulk_query: get recv_counts
TIMER	1.546e+00	2.204e+00	2.903e+00	6	bulk_query: all2all queries
Avg queries: 4.291e+04, max queries on proc 26: 861890
Inbalance factor: 2.008e+01x
TIMER	3.167e-02	2.719e-01	5.481e+00	6	bulk_query: local query
TIMER	7.470e-01	8.974e-01	1.137e+00	6	bulk_query: all2all query results
TIMER	6.350e+01	6.353e+01	6.356e+01	7	resolve_next_lcp: bulk_rmq
TIMER	2.568e-01	3.005e-01	3.384e-01	7	resolve_next_lcp: set LCP
TIMER	6.399e+01	6.399e+01	6.399e+01	7	LCP update
unresolved = 1420247, unfinished = 659187
TIMER	9.892e+01	9.895e+01	1.002e+02	5	bucket-chaising iteration
TIMER	2.067e-02	2.188e-02	2.290e-02	6	bulk_query: get recv_counts
TIMER	6.408e-01	1.439e+00	2.040e+00	6	bulk_query: all2all queries
Avg queries: 2.959e+04, max queries on proc 26: 641955
Inbalance factor: 2.170e+01x
TIMER	3.056e-02	1.690e-01	3.357e+00	6	bulk_query: local query
TIMER	2.961e-01	4.354e-01	5.124e-01	6	bulk_query: all2all query results
TIMER	6.230e+01	6.233e+01	6.236e+01	7	resolve_next_lcp: bulk_rmq
TIMER	1.471e-01	1.793e-01	2.058e-01	7	resolve_next_lcp: set LCP
TIMER	6.266e+01	6.266e+01	6.266e+01	7	LCP update
unresolved = 983947, unfinished = 476015
TIMER	8.678e+01	8.678e+01	8.680e+01	5	bucket-chaising iteration
TIMER	2.015e-02	2.099e-02	2.192e-02	6	bulk_query: get recv_counts
TIMER	4.031e-01	9.203e-01	1.395e+00	6	bulk_query: all2all queries
Avg queries: 2.050e+04, max queries on proc 26: 450465
Inbalance factor: 2.198e+01x
TIMER	2.729e-02	1.129e-01	2.073e+00	6	bulk_query: local query
TIMER	2.278e-01	4.810e-01	6.054e-01	6	bulk_query: all2all query results
TIMER	6.184e+01	6.186e+01	6.187e+01	7	resolve_next_lcp: bulk_rmq
TIMER	1.081e-01	1.382e-01	1.574e-01	7	resolve_next_lcp: set LCP
TIMER	6.212e+01	6.212e+01	6.213e+01	7	LCP update
unresolved = 630245, unfinished = 309523
TIMER	7.866e+01	7.866e+01	7.868e+01	5	bucket-chaising iteration
TIMER	1.810e-02	1.963e-02	2.206e-02	6	bulk_query: get recv_counts
TIMER	1.908e-01	2.339e-01	5.659e-01	6	bulk_query: all2all queries
Avg queries: 1.313e+04, max queries on proc 26: 272698
Inbalance factor: 2.077e+01x
TIMER	2.733e-02	7.519e-02	1.043e+00	6	bulk_query: local query
TIMER	1.549e-01	3.525e-01	4.988e-01	6	bulk_query: all2all query results
TIMER	6.134e+01	6.135e+01	6.136e+01	7	resolve_next_lcp: bulk_rmq
TIMER	1.046e-01	1.245e-01	1.481e-01	7	resolve_next_lcp: set LCP
TIMER	6.159e+01	6.159e+01	6.159e+01	7	LCP update
unresolved = 346601, unfinished = 170433
TIMER	7.117e+01	7.117e+01	7.119e+01	5	bucket-chaising iteration
TIMER	1.694e-02	1.808e-02	1.915e-02	6	bulk_query: get recv_counts
TIMER	1.358e-01	1.637e-01	3.363e-01	6	bulk_query: all2all queries
Avg queries: 7.221e+03, max queries on proc 21: 135806
Inbalance factor: 1.881e+01x
TIMER	2.589e-02	5.213e-02	5.153e-01	6	bulk_query: local query
TIMER	8.298e-02	1.742e-01	2.336e-01	6	bulk_query: all2all query results
TIMER	6.150e+01	6.150e+01	6.151e+01	7	resolve_next_lcp: bulk_rmq
TIMER	6.739e-02	7.570e-02	8.395e-02	7	resolve_next_lcp: set LCP
TIMER	6.168e+01	6.168e+01	6.169e+01	7	LCP update
unresolved = 162762, unfinished = 81381
TIMER	6.643e+01	6.643e+01	6.645e+01	5	bucket-chaising iteration
TIMER	1.562e-02	1.646e-02	1.828e-02	6	bulk_query: get recv_counts
TIMER	9.896e-02	1.114e-01	2.561e-01	6	bulk_query: all2all queries
Avg queries: 3.391e+03, max queries on proc 21: 114302
Inbalance factor: 3.371e+01x
TIMER	2.549e-02	3.915e-02	4.364e-01	6	bulk_query: local query
TIMER	3.775e-02	1.189e-01	1.876e-01	6	bulk_query: all2all query results
TIMER	6.081e+01	6.081e+01	6.081e+01	7	resolve_next_lcp: bulk_rmq
TIMER	2.052e-02	2.989e-02	3.680e-02	7	resolve_next_lcp: set LCP
TIMER	6.094e+01	6.094e+01	6.095e+01	7	LCP update
unresolved = 92256, unfinished = 46128
TIMER	6.419e+01	6.419e+01	6.420e+01	5	bucket-chaising iteration
TIMER	1.464e-02	1.556e-02	1.699e-02	6	bulk_query: get recv_counts
TIMER	3.935e-02	4.503e-02	1.493e-01	6	bulk_query: all2all queries
Avg queries: 1.922e+03, max queries on proc 21: 92256
Inbalance factor: 4.800e+01x
TIMER	2.680e-02	3.368e-02	2.760e-01	6	bulk_query: local query
TIMER	1.503e-02	8.295e-02	1.468e-01	6	bulk_query: all2all query results
TIMER	6.111e+01	6.112e+01	6.112e+01	7	resolve_next_lcp: bulk_rmq
TIMER	8.426e-03	1.927e-02	3.262e-02	7	resolve_next_lcp: set LCP
TIMER	6.124e+01	6.124e+01	6.124e+01	7	LCP update
unresolved = 49248, unfinished = 24624
TIMER	6.352e+01	6.352e+01	6.353e+01	5	bucket-chaising iteration
TIMER	1.562e-02	1.841e-02	2.456e-02	6	bulk_query: get recv_counts
TIMER	4.943e-02	5.259e-02	1.201e-01	6	bulk_query: all2all queries
Avg queries: 1.026e+03, max queries on proc 21: 49248
Inbalance factor: 4.800e+01x
TIMER	2.425e-02	2.899e-02	1.798e-01	6	bulk_query: local query
TIMER	1.181e-02	5.028e-02	8.775e-02	6	bulk_query: all2all query results
TIMER	6.075e+01	6.076e+01	6.076e+01	7	resolve_next_lcp: bulk_rmq
TIMER	1.074e-02	2.205e-02	2.828e-02	7	resolve_next_lcp: set LCP
TIMER	6.087e+01	6.087e+01	6.087e+01	7	LCP update
unresolved = 0, unfinished = 0
TIMER	6.227e+01	6.227e+01	6.228e+01	5	bucket-chaising iteration
TIMER	1.209e+03	1.209e+03	1.209e+03	4	construct-msgs
TIMER	1.761e+01	1.863e+01	1.913e+01	4	fix-isa
TIMER	3.789e+03	3.790e+03	3.790e+03	2	desa_construct: SA/LCP construct
TIMER	9.556e+01	9.557e+01	9.558e+01	2	desa_construct: TLI construct
TIMER	8.948e-03	9.814e-03	1.322e-02	3	repartition: 1D-partition
TIMER	1.016e-01	1.024e-01	1.044e-01	2	desa_construct: 1-D partition
TIMER	1.570e+02	1.571e+02	1.576e+02	3	repartition: redistribute
TIMER	1.577e+02	1.577e+02	1.578e+02	2	desa_construct: repartition
TIMER	5.878e+01	5.971e+01	6.086e+01	2	desa_construct: RMQ construct
TIMER	2.486e-02	2.570e-02	2.668e-02	3	bulk_query: get recv_counts
TIMER	5.655e+01	5.754e+01	5.837e+01	3	bulk_query: all2all queries
Avg queries: 4.693e+06, max queries on proc 16: 4693589
Inbalance factor: 1.000e+00x
TIMER	5.726e+01	6.232e+01	6.559e+01	3	bulk_query: local query
TIMER	6.643e+00	6.709e+00	6.794e+00	3	bulk_query: all2all query results
TIMER	3.636e+02	3.690e+02	3.740e+02	2	desa_construct: Lc naive construct
TIMER	4.483e+03	4.483e+03	4.483e+03	1	construct idx
