== Node distribution == 
== p=48 processes on 1 nodes ==
--  Node: 'c506-044.stampede2.tacc.utexas.edu' (48/48)
        Ranks: 0, 1, 2, 3, 4, 5, 6, 7, 8, 9, 10, 11, 12, 13, 14, 15, 16, 17, 18, 19, 20, 21, 22, 23, 24, 25, 26, 27, 28, 29, 30, 31, 32, 33, 34, 35, 36, 37, 38, 39, 40, 41, 42, 43, 44, 45, 46, 47
TIMER	3.408e+01	3.918e+01	4.136e+01	1	read input file
TIMER	4.016e+00	4.017e+00	4.018e+00	2	desa_construct: cpy str
Alphabet: {sigma=4, l=3, A=[A, C, G, T]}
TIMER	4.349e+00	4.351e+00	4.379e+00	3	get alphabet
TIMER	4.680e+01	4.764e+01	4.849e+01	4	kmer-gen
TIMER	5.382e+01	5.500e+01	5.556e+01	5	shift-buckets
TIMER	1.693e+03	1.699e+03	1.709e+03	5	ISA-to-SA
TIMER	8.973e+01	9.067e+01	9.281e+01	5	init-lcp
iteration 21: unfinished buckets = 3772201, unfinished elements = 14712244
TIMER	4.533e+01	4.572e+01	4.605e+01	5	rebucket
TIMER	5.919e+02	5.935e+02	5.955e+02	5	SA-to-ISA
TIMER	2.499e+03	2.499e+03	2.499e+03	5	sac-iteration
Starting Bucket chasing algorithm
unresolved = 14712245, unfinished = 3772201
TIMER	1.629e+01	1.629e+01	1.631e+01	5	get active elements
TIMER	2.567e-02	2.761e-02	3.182e-02	6	bulk_query: get recv_counts
TIMER	1.746e+01	1.838e+01	1.956e+01	6	bulk_query: all2all queries
Avg queries: 3.065e+05, max queries on proc 26: 1855201
Inbalance factor: 6.053e+00x
TIMER	2.217e+00	4.857e+00	1.907e+01	6	bulk_query: local query
TIMER	6.126e+00	6.326e+00	6.686e+00	6	bulk_query: all2all query results
TIMER	1.213e+02	1.233e+02	1.255e+02	7	resolve_next_lcp: bulk_rmq
TIMER	2.884e+00	3.723e+00	4.299e+00	7	resolve_next_lcp: set LCP
TIMER	1.299e+02	1.299e+02	1.299e+02	7	LCP update
unresolved = 5543898, unfinished = 1943843
TIMER	3.136e+02	3.136e+02	3.136e+02	5	bucket-chaising iteration
TIMER	2.413e-02	2.546e-02	2.654e-02	6	bulk_query: get recv_counts
TIMER	3.158e+00	4.239e+00	5.294e+00	6	bulk_query: all2all queries
Avg queries: 1.155e+05, max queries on proc 26: 1461566
Inbalance factor: 1.265e+01x
TIMER	2.170e-01	9.651e-01	1.191e+01	6	bulk_query: local query
TIMER	1.542e+00	1.755e+00	1.938e+00	6	bulk_query: all2all query results
TIMER	7.277e+01	7.294e+01	7.309e+01	7	resolve_next_lcp: bulk_rmq
TIMER	1.087e+00	1.306e+00	1.427e+00	7	resolve_next_lcp: set LCP
TIMER	7.461e+01	7.461e+01	7.461e+01	7	LCP update
unresolved = 3214279, unfinished = 1330905
TIMER	1.556e+02	1.564e+02	1.589e+02	5	bucket-chaising iteration
TIMER	2.516e-02	2.693e-02	2.822e-02	6	bulk_query: get recv_counts
TIMER	2.171e+00	2.978e+00	3.817e+00	6	bulk_query: all2all queries
Avg queries: 6.696e+04, max queries on proc 26: 1142255
Inbalance factor: 1.706e+01x
TIMER	5.727e-02	4.847e-01	8.077e+00	6	bulk_query: local query
TIMER	8.342e-01	9.894e-01	1.121e+00	6	bulk_query: all2all query results
TIMER	6.552e+01	6.558e+01	6.563e+01	7	resolve_next_lcp: bulk_rmq
TIMER	5.189e-01	5.996e-01	6.520e-01	7	resolve_next_lcp: set LCP
TIMER	6.638e+01	6.638e+01	6.638e+01	7	LCP update
unresolved = 2059860, unfinished = 924799
TIMER	1.184e+02	1.185e+02	1.201e+02	5	bucket-chaising iteration
TIMER	2.221e-02	2.328e-02	2.426e-02	6	bulk_query: get recv_counts
TIMER	1.532e+00	2.153e+00	2.830e+00	6	bulk_query: all2all queries
Avg queries: 4.291e+04, max queries on proc 26: 861890
Inbalance factor: 2.008e+01x
TIMER	3.082e-02	2.718e-01	5.451e+00	6	bulk_query: local query
TIMER	6.849e-01	9.261e-01	1.232e+00	6	bulk_query: all2all query results
TIMER	6.351e+01	6.355e+01	6.357e+01	7	resolve_next_lcp: bulk_rmq
TIMER	2.506e-01	3.013e-01	3.350e-01	7	resolve_next_lcp: set LCP
TIMER	6.401e+01	6.401e+01	6.401e+01	7	LCP update
unresolved = 1420247, unfinished = 659187
TIMER	9.875e+01	9.878e+01	9.998e+01	5	bucket-chaising iteration
TIMER	2.090e-02	2.199e-02	2.342e-02	6	bulk_query: get recv_counts
TIMER	6.179e-01	1.382e+00	1.957e+00	6	bulk_query: all2all queries
Avg queries: 2.959e+04, max queries on proc 26: 641955
Inbalance factor: 2.170e+01x
TIMER	2.946e-02	1.688e-01	3.310e+00	6	bulk_query: local query
TIMER	3.056e-01	4.468e-01	5.259e-01	6	bulk_query: all2all query results
TIMER	6.249e+01	6.252e+01	6.254e+01	7	resolve_next_lcp: bulk_rmq
TIMER	1.437e-01	1.789e-01	2.100e-01	7	resolve_next_lcp: set LCP
TIMER	6.286e+01	6.286e+01	6.286e+01	7	LCP update
unresolved = 983947, unfinished = 476015
TIMER	8.662e+01	8.662e+01	8.664e+01	5	bucket-chaising iteration
TIMER	1.913e-02	2.029e-02	2.175e-02	6	bulk_query: get recv_counts
TIMER	4.007e-01	8.830e-01	1.349e+00	6	bulk_query: all2all queries
Avg queries: 2.050e+04, max queries on proc 26: 450465
Inbalance factor: 2.198e+01x
TIMER	3.195e-02	1.160e-01	2.029e+00	6	bulk_query: local query
TIMER	2.307e-01	3.157e-01	3.744e-01	6	bulk_query: all2all query results
TIMER	6.217e+01	6.219e+01	6.220e+01	7	resolve_next_lcp: bulk_rmq
TIMER	1.103e-01	1.380e-01	1.564e-01	7	resolve_next_lcp: set LCP
TIMER	6.246e+01	6.246e+01	6.246e+01	7	LCP update
unresolved = 630245, unfinished = 309523
TIMER	7.861e+01	7.861e+01	7.863e+01	5	bucket-chaising iteration
TIMER	1.956e-02	2.569e-02	3.002e-02	6	bulk_query: get recv_counts
TIMER	1.783e-01	2.199e-01	5.341e-01	6	bulk_query: all2all queries
Avg queries: 1.313e+04, max queries on proc 26: 272698
Inbalance factor: 2.077e+01x
TIMER	2.882e-02	7.763e-02	1.049e+00	6	bulk_query: local query
TIMER	1.568e-01	3.561e-01	5.058e-01	6	bulk_query: all2all query results
TIMER	6.205e+01	6.206e+01	6.208e+01	7	resolve_next_lcp: bulk_rmq
TIMER	9.964e-02	1.224e-01	1.397e-01	7	resolve_next_lcp: set LCP
TIMER	6.232e+01	6.233e+01	6.233e+01	7	LCP update
unresolved = 346601, unfinished = 170433
TIMER	7.188e+01	7.188e+01	7.191e+01	5	bucket-chaising iteration
TIMER	1.672e-02	1.815e-02	1.942e-02	6	bulk_query: get recv_counts
TIMER	1.338e-01	1.628e-01	3.443e-01	6	bulk_query: all2all queries
Avg queries: 7.221e+03, max queries on proc 21: 135806
Inbalance factor: 1.881e+01x
TIMER	2.718e-02	5.382e-02	5.128e-01	6	bulk_query: local query
TIMER	8.329e-02	1.723e-01	2.344e-01	6	bulk_query: all2all query results
TIMER	6.188e+01	6.188e+01	6.189e+01	7	resolve_next_lcp: bulk_rmq
TIMER	6.704e-02	7.622e-02	8.441e-02	7	resolve_next_lcp: set LCP
TIMER	6.207e+01	6.207e+01	6.207e+01	7	LCP update
unresolved = 162762, unfinished = 81381
TIMER	6.687e+01	6.687e+01	6.689e+01	5	bucket-chaising iteration
TIMER	1.541e-02	1.628e-02	1.727e-02	6	bulk_query: get recv_counts
TIMER	1.079e-01	1.208e-01	2.693e-01	6	bulk_query: all2all queries
Avg queries: 3.391e+03, max queries on proc 21: 114302
Inbalance factor: 3.371e+01x
TIMER	2.609e-02	3.940e-02	4.160e-01	6	bulk_query: local query
TIMER	3.501e-02	1.145e-01	1.812e-01	6	bulk_query: all2all query results
TIMER	6.141e+01	6.142e+01	6.142e+01	7	resolve_next_lcp: bulk_rmq
TIMER	2.083e-02	2.890e-02	3.570e-02	7	resolve_next_lcp: set LCP
TIMER	6.155e+01	6.155e+01	6.155e+01	7	LCP update
unresolved = 92256, unfinished = 46128
TIMER	6.477e+01	6.477e+01	6.479e+01	5	bucket-chaising iteration
TIMER	1.366e-02	1.473e-02	1.589e-02	6	bulk_query: get recv_counts
TIMER	4.038e-02	4.612e-02	1.503e-01	6	bulk_query: all2all queries
Avg queries: 1.922e+03, max queries on proc 21: 92256
Inbalance factor: 4.800e+01x
TIMER	2.576e-02	3.270e-02	2.620e-01	6	bulk_query: local query
TIMER	1.388e-02	8.133e-02	1.448e-01	6	bulk_query: all2all query results
TIMER	6.116e+01	6.117e+01	6.117e+01	7	resolve_next_lcp: bulk_rmq
TIMER	1.080e-02	1.902e-02	3.003e-02	7	resolve_next_lcp: set LCP
TIMER	6.130e+01	6.130e+01	6.130e+01	7	LCP update
unresolved = 49248, unfinished = 24624
TIMER	6.365e+01	6.365e+01	6.366e+01	5	bucket-chaising iteration
TIMER	1.478e-02	1.592e-02	1.750e-02	6	bulk_query: get recv_counts
TIMER	5.033e-02	5.351e-02	1.200e-01	6	bulk_query: all2all queries
Avg queries: 1.026e+03, max queries on proc 21: 49248
Inbalance factor: 4.800e+01x
TIMER	2.601e-02	3.083e-02	1.841e-01	6	bulk_query: local query
TIMER	1.111e-02	4.716e-02	8.488e-02	6	bulk_query: all2all query results
TIMER	6.143e+01	6.143e+01	6.144e+01	7	resolve_next_lcp: bulk_rmq
TIMER	1.461e-02	2.230e-02	2.926e-02	7	resolve_next_lcp: set LCP
TIMER	6.156e+01	6.156e+01	6.156e+01	7	LCP update
unresolved = 0, unfinished = 0
TIMER	6.297e+01	6.298e+01	6.299e+01	5	bucket-chaising iteration
TIMER	1.208e+03	1.208e+03	1.208e+03	4	construct-msgs
TIMER	1.787e+01	1.864e+01	1.914e+01	4	fix-isa
TIMER	3.781e+03	3.782e+03	3.782e+03	2	desa_construct: SA/LCP construct
TIMER	1.022e+02	1.022e+02	1.022e+02	2	desa_construct: TLI construct
TIMER	9.398e-03	1.009e-02	1.355e-02	3	repartition: 1D-partition
TIMER	1.162e-01	1.173e-01	1.191e-01	2	desa_construct: 1-D partition
TIMER	1.555e+02	1.555e+02	1.560e+02	3	repartition: redistribute
TIMER	1.560e+02	1.560e+02	1.562e+02	2	desa_construct: repartition
TIMER	5.852e+01	5.964e+01	6.070e+01	2	desa_construct: RMQ construct
TIMER	2.606e-02	2.744e-02	2.863e-02	3	bulk_query: get recv_counts
TIMER	5.699e+01	5.784e+01	5.848e+01	3	bulk_query: all2all queries
Avg queries: 4.693e+06, max queries on proc 16: 4693589
Inbalance factor: 1.000e+00x
TIMER	5.760e+01	6.243e+01	6.553e+01	3	bulk_query: local query
TIMER	6.555e+00	6.672e+00	6.835e+00	3	bulk_query: all2all query results
TIMER	3.620e+02	3.681e+02	3.857e+02	2	desa_construct: Lc naive construct
TIMER	4.491e+03	4.491e+03	4.491e+03	1	construct idx
