== Node distribution == 
== p=192 processes on 4 nodes ==
--  Node: 'c506-083.stampede2.tacc.utexas.edu' (48/192)
        Ranks: 0, 1, 2, 3, 4, 5, 6, 7, 8, 9, 10, 11, 12, 13, 14, 15, 16, 17, 18, 19, 20, 21, 22, 23, 24, 25, 26, 27, 28, 29, 30, 31, 32, 33, 34, 35, 36, 37, 38, 39, 40, 41, 42, 43, 44, 45, 46, 47
--  Node: 'c506-084.stampede2.tacc.utexas.edu' (48/192)
        Ranks: 48, 49, 50, 51, 52, 53, 54, 55, 56, 57, 58, 59, 60, 61, 62, 63, 64, 65, 66, 67, 68, 69, 70, 71, 72, 73, 74, 75, 76, 77, 78, 79, 80, 81, 82, 83, 84, 85, 86, 87, 88, 89, 90, 91, 92, 93, 94, 95
--  Node: 'c506-102.stampede2.tacc.utexas.edu' (48/192)
        Ranks: 96, 97, 98, 99, 100, 101, 102, 103, 104, 105, 106, 107, 108, 109, 110, 111, 112, 113, 114, 115, 116, 117, 118, 119, 120, 121, 122, 123, 124, 125, 126, 127, 128, 129, 130, 131, 132, 133, 134, 135, 136, 137, 138, 139, 140, 141, 142, 143
--  Node: 'c506-121.stampede2.tacc.utexas.edu' (48/192)
        Ranks: 144, 145, 146, 147, 148, 149, 150, 151, 152, 153, 154, 155, 156, 157, 158, 159, 160, 161, 162, 163, 164, 165, 166, 167, 168, 169, 170, 171, 172, 173, 174, 175, 176, 177, 178, 179, 180, 181, 182, 183, 184, 185, 186, 187, 188, 189, 190, 191
TIMER	1.329e+01	2.044e+01	2.560e+01	1	read input file
TIMER	9.588e-01	9.607e-01	9.625e-01	2	desa_construct: cpy str
Alphabet: {sigma=4, l=3, A=[A, C, G, T]}
TIMER	1.515e+00	1.517e+00	1.546e+00	3	get alphabet
TIMER	1.030e+01	1.124e+01	1.185e+01	4	kmer-gen
TIMER	1.112e+01	1.277e+01	1.481e+01	5	shift-buckets
TIMER	5.155e+02	5.199e+02	5.223e+02	5	ISA-to-SA
TIMER	2.028e+01	2.099e+01	2.168e+01	5	init-lcp
iteration 21: unfinished buckets = 3772201, unfinished elements = 14712237
TIMER	1.160e+01	1.184e+01	1.207e+01	5	rebucket
TIMER	2.053e+02	2.084e+02	2.109e+02	5	SA-to-ISA
TIMER	7.822e+02	7.822e+02	7.822e+02	5	sac-iteration
Starting Bucket chasing algorithm
unresolved = 14712245, unfinished = 3772201
TIMER	4.321e+00	4.325e+00	4.345e+00	5	get active elements
TIMER	5.796e-02	7.707e-02	1.150e-01	6	bulk_query: get recv_counts
TIMER	5.168e+00	5.388e+00	5.634e+00	6	bulk_query: all2all queries
Avg queries: 7.663e+04, max queries on proc 106: 856331
Inbalance factor: 1.118e+01x
TIMER	3.508e-01	8.227e-01	7.232e+00	6	bulk_query: local query
TIMER	6.598e+00	6.766e+00	7.010e+00	6	bulk_query: all2all query results
TIMER	4.477e+01	4.565e+01	4.762e+01	7	resolve_next_lcp: bulk_rmq
TIMER	4.326e-01	7.671e-01	1.178e+00	7	resolve_next_lcp: set LCP
TIMER	4.895e+01	4.895e+01	4.895e+01	7	LCP update
unresolved = 5543898, unfinished = 1943843
TIMER	1.399e+02	1.399e+02	1.400e+02	5	bucket-chaising iteration
TIMER	6.055e-02	7.478e-02	9.086e-02	6	bulk_query: get recv_counts
TIMER	2.960e+00	3.119e+00	3.338e+00	6	bulk_query: all2all queries
Avg queries: 2.887e+04, max queries on proc 106: 755708
Inbalance factor: 2.617e+01x
TIMER	6.078e-02	2.366e-01	5.602e+00	6	bulk_query: local query
TIMER	2.992e+00	3.276e+00	3.562e+00	6	bulk_query: all2all query results
TIMER	1.972e+01	1.981e+01	1.994e+01	7	resolve_next_lcp: bulk_rmq
TIMER	1.519e-01	2.067e-01	2.551e-01	7	resolve_next_lcp: set LCP
TIMER	2.032e+01	2.032e+01	2.033e+01	7	LCP update
unresolved = 3214279, unfinished = 1330905
TIMER	5.575e+01	5.575e+01	5.578e+01	5	bucket-chaising iteration
TIMER	5.338e-02	7.062e-02	1.041e-01	6	bulk_query: get recv_counts
TIMER	2.101e+00	2.266e+00	2.512e+00	6	bulk_query: all2all queries
Avg queries: 1.674e+04, max queries on proc 106: 629968
Inbalance factor: 3.763e+01x
TIMER	4.346e-02	1.385e-01	4.220e+00	6	bulk_query: local query
TIMER	1.654e+00	1.855e+00	2.066e+00	6	bulk_query: all2all query results
TIMER	1.737e+01	1.740e+01	1.744e+01	7	resolve_next_lcp: bulk_rmq
TIMER	8.610e-02	1.065e-01	1.444e-01	7	resolve_next_lcp: set LCP
TIMER	1.771e+01	1.771e+01	1.771e+01	7	LCP update
unresolved = 2059860, unfinished = 924799
TIMER	4.207e+01	4.208e+01	4.210e+01	5	bucket-chaising iteration
TIMER	5.204e-02	6.732e-02	9.511e-02	6	bulk_query: get recv_counts
TIMER	7.074e-01	1.417e+00	1.735e+00	6	bulk_query: all2all queries
Avg queries: 1.073e+04, max queries on proc 106: 489306
Inbalance factor: 4.561e+01x
TIMER	4.267e-02	1.005e-01	3.015e+00	6	bulk_query: local query
TIMER	8.816e-01	1.015e+00	1.134e+00	6	bulk_query: all2all query results
TIMER	1.627e+01	1.629e+01	1.631e+01	7	resolve_next_lcp: bulk_rmq
TIMER	5.003e-02	6.085e-02	7.872e-02	7	resolve_next_lcp: set LCP
TIMER	1.650e+01	1.651e+01	1.651e+01	7	LCP update
unresolved = 1420247, unfinished = 659187
TIMER	3.370e+01	3.370e+01	3.372e+01	5	bucket-chaising iteration
TIMER	5.067e-02	6.404e-02	9.130e-02	6	bulk_query: get recv_counts
TIMER	5.422e-01	8.965e-01	1.311e+00	6	bulk_query: all2all queries
Avg queries: 7.397e+03, max queries on proc 106: 361472
Inbalance factor: 4.887e+01x
TIMER	5.210e-02	8.678e-02	2.011e+00	6	bulk_query: local query
TIMER	6.363e-01	7.152e-01	8.513e-01	6	bulk_query: all2all query results
TIMER	1.608e+01	1.610e+01	1.612e+01	7	resolve_next_lcp: bulk_rmq
TIMER	2.877e-02	4.080e-02	5.422e-02	7	resolve_next_lcp: set LCP
TIMER	1.630e+01	1.630e+01	1.630e+01	7	LCP update
unresolved = 983947, unfinished = 476015
TIMER	2.885e+01	2.885e+01	2.887e+01	5	bucket-chaising iteration
TIMER	5.229e-02	7.040e-02	9.436e-02	6	bulk_query: get recv_counts
TIMER	3.886e-01	5.679e-01	8.407e-01	6	bulk_query: all2all queries
Avg queries: 5.125e+03, max queries on proc 106: 249991
Inbalance factor: 4.878e+01x
TIMER	3.809e-02	5.906e-02	1.202e+00	6	bulk_query: local query
TIMER	3.277e-01	4.236e-01	5.359e-01	6	bulk_query: all2all query results
TIMER	1.594e+01	1.597e+01	1.600e+01	7	resolve_next_lcp: bulk_rmq
TIMER	2.619e-02	3.358e-02	4.362e-02	7	resolve_next_lcp: set LCP
TIMER	1.616e+01	1.617e+01	1.618e+01	7	LCP update
unresolved = 630245, unfinished = 309523
TIMER	2.483e+01	2.484e+01	2.486e+01	5	bucket-chaising iteration
TIMER	4.608e-02	6.841e-02	9.600e-02	6	bulk_query: get recv_counts
TIMER	3.158e-01	4.062e-01	5.688e-01	6	bulk_query: all2all queries
Avg queries: 3.283e+03, max queries on proc 106: 149584
Inbalance factor: 4.557e+01x
TIMER	3.688e-02	5.121e-02	6.735e-01	6	bulk_query: local query
TIMER	2.091e-01	2.643e-01	3.282e-01	6	bulk_query: all2all query results
TIMER	1.578e+01	1.580e+01	1.581e+01	7	resolve_next_lcp: bulk_rmq
TIMER	2.086e-02	3.093e-02	4.130e-02	7	resolve_next_lcp: set LCP
TIMER	1.597e+01	1.598e+01	1.598e+01	7	LCP update
unresolved = 346601, unfinished = 170433
TIMER	2.137e+01	2.137e+01	2.138e+01	5	bucket-chaising iteration
TIMER	4.624e-02	6.172e-02	9.049e-02	6	bulk_query: get recv_counts
TIMER	2.156e-01	3.127e-01	5.223e-01	6	bulk_query: all2all queries
Avg queries: 1.805e+03, max queries on proc 87: 135806
Inbalance factor: 7.523e+01x
TIMER	3.686e-02	4.511e-02	4.368e-01	6	bulk_query: local query
TIMER	1.444e-01	2.070e-01	2.687e-01	6	bulk_query: all2all query results
TIMER	1.566e+01	1.566e+01	1.568e+01	7	resolve_next_lcp: bulk_rmq
TIMER	1.505e-02	2.022e-02	2.630e-02	7	resolve_next_lcp: set LCP
TIMER	1.582e+01	1.582e+01	1.582e+01	7	LCP update
unresolved = 162762, unfinished = 81381
TIMER	1.981e+01	1.981e+01	1.982e+01	5	bucket-chaising iteration
TIMER	4.648e-02	5.951e-02	7.312e-02	6	bulk_query: get recv_counts
TIMER	1.482e-01	2.528e-01	4.690e-01	6	bulk_query: all2all queries
Avg queries: 8.477e+02, max queries on proc 87: 114302
Inbalance factor: 1.348e+02x
TIMER	3.554e-02	3.979e-02	3.332e-01	6	bulk_query: local query
TIMER	1.155e-01	1.689e-01	2.397e-01	6	bulk_query: all2all query results
TIMER	1.539e+01	1.540e+01	1.541e+01	7	resolve_next_lcp: bulk_rmq
TIMER	3.873e-03	8.405e-03	1.238e-02	7	resolve_next_lcp: set LCP
TIMER	1.554e+01	1.554e+01	1.554e+01	7	LCP update
unresolved = 92256, unfinished = 46128
TIMER	1.893e+01	1.893e+01	1.895e+01	5	bucket-chaising iteration
TIMER	4.661e-02	6.384e-02	8.936e-02	6	bulk_query: get recv_counts
TIMER	8.376e-02	1.783e-01	3.986e-01	6	bulk_query: all2all queries
Avg queries: 4.805e+02, max queries on proc 87: 92256
Inbalance factor: 1.920e+02x
TIMER	3.490e-02	3.827e-02	2.981e-01	6	bulk_query: local query
TIMER	1.747e-02	1.196e-01	2.051e-01	6	bulk_query: all2all query results
TIMER	1.530e+01	1.531e+01	1.532e+01	7	resolve_next_lcp: bulk_rmq
TIMER	2.613e-03	5.745e-03	1.076e-02	7	resolve_next_lcp: set LCP
TIMER	1.544e+01	1.545e+01	1.545e+01	7	LCP update
unresolved = 49248, unfinished = 24624
TIMER	1.829e+01	1.830e+01	1.830e+01	5	bucket-chaising iteration
TIMER	4.440e-02	5.083e-02	6.135e-02	6	bulk_query: get recv_counts
TIMER	5.041e-02	1.182e-01	2.715e-01	6	bulk_query: all2all queries
Avg queries: 2.565e+02, max queries on proc 87: 49248
Inbalance factor: 1.920e+02x
TIMER	3.406e-02	3.807e-02	2.279e-01	6	bulk_query: local query
TIMER	1.559e-02	9.221e-02	1.634e-01	6	bulk_query: all2all query results
TIMER	1.535e+01	1.536e+01	1.537e+01	7	resolve_next_lcp: bulk_rmq
TIMER	3.728e-03	6.556e-03	9.814e-03	7	resolve_next_lcp: set LCP
TIMER	1.549e+01	1.549e+01	1.549e+01	7	LCP update
unresolved = 0, unfinished = 0
TIMER	1.747e+01	1.747e+01	1.748e+01	5	bucket-chaising iteration
TIMER	4.265e+02	4.265e+02	4.266e+02	4	construct-msgs
TIMER	3.525e+00	4.373e+00	4.787e+00	4	fix-isa
TIMER	1.228e+03	1.228e+03	1.228e+03	2	desa_construct: SA/LCP construct
TIMER	2.728e+01	2.738e+01	2.752e+01	2	desa_construct: TLI construct
TIMER	3.157e-02	3.605e-02	5.583e-02	3	repartition: 1D-partition
TIMER	3.878e-01	3.888e-01	3.901e-01	2	desa_construct: 1-D partition
TIMER	3.234e+01	3.235e+01	3.237e+01	3	repartition: redistribute
TIMER	3.248e+01	3.249e+01	3.296e+01	2	desa_construct: repartition
TIMER	1.382e+01	1.427e+01	1.486e+01	2	desa_construct: RMQ construct
TIMER	5.565e-02	6.643e-02	8.813e-02	3	bulk_query: get recv_counts
TIMER	3.644e+01	3.730e+01	3.808e+01	3	bulk_query: all2all queries
Avg queries: 1.173e+06, max queries on proc 11: 1174576
Inbalance factor: 1.001e+00x
TIMER	4.526e+00	6.212e+00	8.548e+00	3	bulk_query: local query
TIMER	5.787e+00	5.959e+00	6.013e+00	3	bulk_query: all2all query results
TIMER	1.111e+02	1.119e+02	1.134e+02	2	desa_construct: Lc naive construct
TIMER	1.418e+03	1.418e+03	1.418e+03	1	construct idx
