== Node distribution == 
== p=192 processes on 4 nodes ==
--  Node: 'c506-083.stampede2.tacc.utexas.edu' (48/192)
        Ranks: 0, 1, 2, 3, 4, 5, 6, 7, 8, 9, 10, 11, 12, 13, 14, 15, 16, 17, 18, 19, 20, 21, 22, 23, 24, 25, 26, 27, 28, 29, 30, 31, 32, 33, 34, 35, 36, 37, 38, 39, 40, 41, 42, 43, 44, 45, 46, 47
--  Node: 'c506-084.stampede2.tacc.utexas.edu' (48/192)
        Ranks: 48, 49, 50, 51, 52, 53, 54, 55, 56, 57, 58, 59, 60, 61, 62, 63, 64, 65, 66, 67, 68, 69, 70, 71, 72, 73, 74, 75, 76, 77, 78, 79, 80, 81, 82, 83, 84, 85, 86, 87, 88, 89, 90, 91, 92, 93, 94, 95
--  Node: 'c506-102.stampede2.tacc.utexas.edu' (48/192)
        Ranks: 96, 97, 98, 99, 100, 101, 102, 103, 104, 105, 106, 107, 108, 109, 110, 111, 112, 113, 114, 115, 116, 117, 118, 119, 120, 121, 122, 123, 124, 125, 126, 127, 128, 129, 130, 131, 132, 133, 134, 135, 136, 137, 138, 139, 140, 141, 142, 143
--  Node: 'c506-121.stampede2.tacc.utexas.edu' (48/192)
        Ranks: 144, 145, 146, 147, 148, 149, 150, 151, 152, 153, 154, 155, 156, 157, 158, 159, 160, 161, 162, 163, 164, 165, 166, 167, 168, 169, 170, 171, 172, 173, 174, 175, 176, 177, 178, 179, 180, 181, 182, 183, 184, 185, 186, 187, 188, 189, 190, 191
TIMER	1.198e+01	1.927e+01	2.123e+01	1	read input file
TIMER	9.775e-01	9.797e-01	9.827e-01	2	desa_construct: cpy str
Alphabet: {sigma=4, l=3, A=[A, C, G, T]}
TIMER	1.519e+00	1.521e+00	1.549e+00	3	get alphabet
TIMER	1.048e+01	1.150e+01	1.237e+01	4	kmer-gen
TIMER	1.088e+01	1.280e+01	1.435e+01	5	shift-buckets
TIMER	5.196e+02	5.232e+02	5.254e+02	5	ISA-to-SA
TIMER	2.036e+01	2.100e+01	2.570e+01	5	init-lcp
iteration 21: unfinished buckets = 3772201, unfinished elements = 14712237
TIMER	1.166e+01	1.185e+01	1.206e+01	5	rebucket
TIMER	2.054e+02	2.079e+02	2.094e+02	5	SA-to-ISA
TIMER	7.873e+02	7.873e+02	7.873e+02	5	sac-iteration
Starting Bucket chasing algorithm
unresolved = 14712245, unfinished = 3772201
TIMER	4.331e+00	4.333e+00	4.351e+00	5	get active elements
TIMER	5.599e-02	6.181e-02	7.888e-02	6	bulk_query: get recv_counts
TIMER	5.107e+00	5.312e+00	5.589e+00	6	bulk_query: all2all queries
Avg queries: 7.663e+04, max queries on proc 106: 856331
Inbalance factor: 1.118e+01x
TIMER	3.377e-01	8.152e-01	7.106e+00	6	bulk_query: local query
TIMER	6.320e+00	6.767e+00	7.110e+00	6	bulk_query: all2all query results
TIMER	4.484e+01	4.571e+01	4.771e+01	7	resolve_next_lcp: bulk_rmq
TIMER	4.497e-01	7.672e-01	1.147e+00	7	resolve_next_lcp: set LCP
TIMER	4.899e+01	4.899e+01	4.899e+01	7	LCP update
unresolved = 5543898, unfinished = 1943843
TIMER	1.406e+02	1.406e+02	1.407e+02	5	bucket-chaising iteration
TIMER	6.094e-02	7.826e-02	1.060e-01	6	bulk_query: get recv_counts
TIMER	2.897e+00	3.092e+00	3.327e+00	6	bulk_query: all2all queries
Avg queries: 2.887e+04, max queries on proc 106: 755708
Inbalance factor: 2.617e+01x
TIMER	6.007e-02	2.344e-01	5.623e+00	6	bulk_query: local query
TIMER	2.980e+00	3.260e+00	3.549e+00	6	bulk_query: all2all query results
TIMER	1.952e+01	1.961e+01	1.973e+01	7	resolve_next_lcp: bulk_rmq
TIMER	1.548e-01	2.072e-01	2.571e-01	7	resolve_next_lcp: set LCP
TIMER	2.011e+01	2.011e+01	2.012e+01	7	LCP update
unresolved = 3214279, unfinished = 1330905
TIMER	5.537e+01	5.537e+01	5.540e+01	5	bucket-chaising iteration
TIMER	5.343e-02	7.188e-02	8.928e-02	6	bulk_query: get recv_counts
TIMER	1.959e+00	2.247e+00	2.485e+00	6	bulk_query: all2all queries
Avg queries: 1.674e+04, max queries on proc 106: 629968
Inbalance factor: 3.763e+01x
TIMER	4.252e-02	1.369e-01	4.343e+00	6	bulk_query: local query
TIMER	1.725e+00	1.832e+00	2.043e+00	6	bulk_query: all2all query results
TIMER	1.726e+01	1.729e+01	1.733e+01	7	resolve_next_lcp: bulk_rmq
TIMER	8.491e-02	1.054e-01	1.311e-01	7	resolve_next_lcp: set LCP
TIMER	1.758e+01	1.758e+01	1.758e+01	7	LCP update
unresolved = 2059860, unfinished = 924799
TIMER	4.230e+01	4.231e+01	4.232e+01	5	bucket-chaising iteration
TIMER	5.237e-02	6.659e-02	9.397e-02	6	bulk_query: get recv_counts
TIMER	7.393e-01	1.427e+00	1.723e+00	6	bulk_query: all2all queries
Avg queries: 1.073e+04, max queries on proc 106: 489306
Inbalance factor: 4.561e+01x
TIMER	3.977e-02	9.503e-02	2.975e+00	6	bulk_query: local query
TIMER	9.458e-01	1.056e+00	1.196e+00	6	bulk_query: all2all query results
TIMER	1.613e+01	1.615e+01	1.617e+01	7	resolve_next_lcp: bulk_rmq
TIMER	4.962e-02	6.038e-02	7.382e-02	7	resolve_next_lcp: set LCP
TIMER	1.636e+01	1.637e+01	1.637e+01	7	LCP update
unresolved = 1420247, unfinished = 659187
TIMER	3.389e+01	3.389e+01	3.391e+01	5	bucket-chaising iteration
TIMER	4.832e-02	6.575e-02	7.588e-02	6	bulk_query: get recv_counts
TIMER	5.533e-01	8.559e-01	1.255e+00	6	bulk_query: all2all queries
Avg queries: 7.397e+03, max queries on proc 106: 361472
Inbalance factor: 4.887e+01x
TIMER	3.651e-02	7.955e-02	1.934e+00	6	bulk_query: local query
TIMER	6.288e-01	7.182e-01	8.613e-01	6	bulk_query: all2all query results
TIMER	1.579e+01	1.580e+01	1.583e+01	7	resolve_next_lcp: bulk_rmq
TIMER	2.995e-02	4.090e-02	5.151e-02	7	resolve_next_lcp: set LCP
TIMER	1.600e+01	1.600e+01	1.600e+01	7	LCP update
unresolved = 983947, unfinished = 476015
TIMER	2.888e+01	2.888e+01	2.889e+01	5	bucket-chaising iteration
TIMER	5.069e-02	7.059e-02	8.516e-02	6	bulk_query: get recv_counts
TIMER	4.072e-01	5.689e-01	8.452e-01	6	bulk_query: all2all queries
Avg queries: 5.125e+03, max queries on proc 106: 249991
Inbalance factor: 4.878e+01x
TIMER	3.734e-02	5.911e-02	1.182e+00	6	bulk_query: local query
TIMER	3.343e-01	4.254e-01	5.341e-01	6	bulk_query: all2all query results
TIMER	1.559e+01	1.560e+01	1.561e+01	7	resolve_next_lcp: bulk_rmq
TIMER	2.433e-02	3.322e-02	4.160e-02	7	resolve_next_lcp: set LCP
TIMER	1.577e+01	1.577e+01	1.578e+01	7	LCP update
unresolved = 630245, unfinished = 309523
TIMER	2.440e+01	2.441e+01	2.442e+01	5	bucket-chaising iteration
TIMER	5.209e-02	6.586e-02	8.858e-02	6	bulk_query: get recv_counts
TIMER	2.981e-01	3.999e-01	5.717e-01	6	bulk_query: all2all queries
Avg queries: 3.283e+03, max queries on proc 106: 149584
Inbalance factor: 4.557e+01x
TIMER	4.012e-02	5.414e-02	6.646e-01	6	bulk_query: local query
TIMER	2.129e-01	2.695e-01	3.353e-01	6	bulk_query: all2all query results
TIMER	1.566e+01	1.568e+01	1.570e+01	7	resolve_next_lcp: bulk_rmq
TIMER	2.269e-02	3.194e-02	4.093e-02	7	resolve_next_lcp: set LCP
TIMER	1.586e+01	1.586e+01	1.587e+01	7	LCP update
unresolved = 346601, unfinished = 170433
TIMER	2.130e+01	2.131e+01	2.132e+01	5	bucket-chaising iteration
TIMER	4.661e-02	6.463e-02	9.279e-02	6	bulk_query: get recv_counts
TIMER	2.219e-01	3.158e-01	4.988e-01	6	bulk_query: all2all queries
Avg queries: 1.805e+03, max queries on proc 87: 135806
Inbalance factor: 7.523e+01x
TIMER	3.544e-02	4.347e-02	4.429e-01	6	bulk_query: local query
TIMER	1.538e-01	2.146e-01	2.769e-01	6	bulk_query: all2all query results
TIMER	1.541e+01	1.545e+01	1.549e+01	7	resolve_next_lcp: bulk_rmq
TIMER	1.579e-02	2.040e-02	2.559e-02	7	resolve_next_lcp: set LCP
TIMER	1.563e+01	1.563e+01	1.564e+01	7	LCP update
unresolved = 162762, unfinished = 81381
TIMER	1.968e+01	1.968e+01	1.969e+01	5	bucket-chaising iteration
TIMER	4.270e-02	5.213e-02	7.618e-02	6	bulk_query: get recv_counts
TIMER	1.642e-01	2.538e-01	4.714e-01	6	bulk_query: all2all queries
Avg queries: 8.477e+02, max queries on proc 87: 114302
Inbalance factor: 1.348e+02x
TIMER	4.056e-02	4.574e-02	3.625e-01	6	bulk_query: local query
TIMER	1.167e-01	1.668e-01	2.352e-01	6	bulk_query: all2all query results
TIMER	1.515e+01	1.516e+01	1.517e+01	7	resolve_next_lcp: bulk_rmq
TIMER	4.370e-03	8.197e-03	1.286e-02	7	resolve_next_lcp: set LCP
TIMER	1.531e+01	1.531e+01	1.531e+01	7	LCP update
unresolved = 92256, unfinished = 46128
TIMER	1.875e+01	1.875e+01	1.876e+01	5	bucket-chaising iteration
TIMER	4.828e-02	5.827e-02	8.189e-02	6	bulk_query: get recv_counts
TIMER	7.427e-02	1.669e-01	3.898e-01	6	bulk_query: all2all queries
Avg queries: 4.805e+02, max queries on proc 87: 92256
Inbalance factor: 1.920e+02x
TIMER	3.404e-02	3.794e-02	3.662e-01	6	bulk_query: local query
TIMER	1.568e-02	1.107e-01	1.942e-01	6	bulk_query: all2all query results
TIMER	1.507e+01	1.507e+01	1.508e+01	7	resolve_next_lcp: bulk_rmq
TIMER	2.525e-03	5.707e-03	1.059e-02	7	resolve_next_lcp: set LCP
TIMER	1.520e+01	1.521e+01	1.521e+01	7	LCP update
unresolved = 49248, unfinished = 24624
TIMER	1.808e+01	1.808e+01	1.809e+01	5	bucket-chaising iteration
TIMER	4.584e-02	5.921e-02	9.040e-02	6	bulk_query: get recv_counts
TIMER	5.050e-02	1.170e-01	2.676e-01	6	bulk_query: all2all queries
Avg queries: 2.565e+02, max queries on proc 87: 49248
Inbalance factor: 1.920e+02x
TIMER	3.330e-02	3.659e-02	2.224e-01	6	bulk_query: local query
TIMER	1.940e-02	9.566e-02	1.626e-01	6	bulk_query: all2all query results
TIMER	1.513e+01	1.514e+01	1.514e+01	7	resolve_next_lcp: bulk_rmq
TIMER	2.766e-03	6.528e-03	9.886e-03	7	resolve_next_lcp: set LCP
TIMER	1.527e+01	1.527e+01	1.527e+01	7	LCP update
unresolved = 0, unfinished = 0
TIMER	1.723e+01	1.723e+01	1.724e+01	5	bucket-chaising iteration
TIMER	4.260e+02	4.260e+02	4.260e+02	4	construct-msgs
TIMER	3.622e+00	4.389e+00	4.703e+00	4	fix-isa
TIMER	1.233e+03	1.233e+03	1.233e+03	2	desa_construct: SA/LCP construct
TIMER	2.730e+01	2.741e+01	2.754e+01	2	desa_construct: TLI construct
TIMER	3.142e-02	3.582e-02	5.559e-02	3	repartition: 1D-partition
TIMER	3.777e-01	3.788e-01	3.802e-01	2	desa_construct: 1-D partition
TIMER	3.240e+01	3.245e+01	3.251e+01	3	repartition: redistribute
TIMER	3.262e+01	3.262e+01	3.309e+01	2	desa_construct: repartition
TIMER	1.379e+01	1.425e+01	1.474e+01	2	desa_construct: RMQ construct
TIMER	5.820e-02	7.694e-02	1.115e-01	3	bulk_query: get recv_counts
TIMER	3.577e+01	3.664e+01	3.756e+01	3	bulk_query: all2all queries
Avg queries: 1.173e+06, max queries on proc 11: 1174576
Inbalance factor: 1.001e+00x
TIMER	4.748e+00	6.229e+00	8.377e+00	3	bulk_query: local query
TIMER	5.804e+00	6.009e+00	6.120e+00	3	bulk_query: all2all query results
TIMER	1.107e+02	1.115e+02	1.133e+02	2	desa_construct: Lc naive construct
TIMER	1.423e+03	1.423e+03	1.423e+03	1	construct idx
