== Node distribution == 
== p=4 processes on 1 nodes ==
--  Node: 'c506-044.stampede2.tacc.utexas.edu' (4/4)
        Ranks: 0, 1, 2, 3
TIMER	1.864e+02	1.875e+02	1.887e+02	1	read input file
TIMER	2.125e+01	2.125e+01	2.125e+01	2	desa_construct: cpy str
Alphabet: {sigma=4, l=3, A=[A, C, G, T]}
TIMER	3.744e+01	3.744e+01	3.746e+01	3	get alphabet
TIMER	2.376e+02	2.391e+02	2.401e+02	4	kmer-gen
TIMER	1.901e+02	1.910e+02	1.918e+02	5	shift-buckets
TIMER	9.380e+03	9.389e+03	9.398e+03	5	ISA-to-SA
TIMER	6.485e+02	6.650e+02	6.815e+02	5	init-lcp
iteration 21: unfinished buckets = 3772201, unfinished elements = 14712244
TIMER	2.358e+02	2.370e+02	2.385e+02	5	rebucket
TIMER	3.224e+03	3.229e+03	3.234e+03	5	SA-to-ISA
TIMER	1.374e+04	1.374e+04	1.374e+04	5	sac-iteration
Starting Bucket chasing algorithm
unresolved = 14712245, unfinished = 3772201
TIMER	1.256e+02	1.256e+02	1.256e+02	5	get active elements
TIMER	7.174e-03	8.729e-03	9.631e-03	6	bulk_query: get recv_counts
TIMER	1.834e+01	1.947e+01	2.061e+01	6	bulk_query: all2all queries
Avg queries: 3.678e+06, max queries on proc 2: 5440348
Inbalance factor: 1.479e+00x
TIMER	2.784e+01	4.137e+01	6.327e+01	6	bulk_query: local query
TIMER	1.481e+01	1.522e+01	1.564e+01	6	bulk_query: all2all query results
TIMER	8.699e+02	8.734e+02	8.774e+02	7	resolve_next_lcp: bulk_rmq
TIMER	1.697e+01	1.840e+01	1.945e+01	7	resolve_next_lcp: set LCP
TIMER	8.969e+02	8.969e+02	8.969e+02	7	LCP update
unresolved = 5543898, unfinished = 1943843
TIMER	1.760e+03	1.760e+03	1.760e+03	5	bucket-chaising iteration
TIMER	8.906e-03	9.369e-03	1.006e-02	6	bulk_query: get recv_counts
TIMER	8.612e+00	1.015e+01	1.111e+01	6	bulk_query: all2all queries
Avg queries: 1.386e+06, max queries on proc 2: 2855804
Inbalance factor: 2.061e+00x
TIMER	6.981e+00	1.242e+01	2.583e+01	6	bulk_query: local query
TIMER	6.778e+00	6.901e+00	7.010e+00	6	bulk_query: all2all query results
TIMER	5.439e+02	5.441e+02	5.446e+02	7	resolve_next_lcp: bulk_rmq
TIMER	7.918e+00	8.074e+00	8.193e+00	7	resolve_next_lcp: set LCP
TIMER	5.529e+02	5.529e+02	5.529e+02	7	LCP update
unresolved = 3214279, unfinished = 1330905
TIMER	9.190e+02	9.197e+02	9.216e+02	5	bucket-chaising iteration
TIMER	7.799e-03	8.452e-03	9.235e-03	6	bulk_query: get recv_counts
TIMER	2.890e+00	4.103e+00	4.833e+00	6	bulk_query: all2all queries
Avg queries: 8.036e+05, max queries on proc 2: 1873133
Inbalance factor: 2.331e+00x
TIMER	2.062e+00	5.463e+00	1.264e+01	6	bulk_query: local query
TIMER	3.666e+00	3.750e+00	3.835e+00	6	bulk_query: all2all query results
TIMER	5.013e+02	5.017e+02	5.021e+02	7	resolve_next_lcp: bulk_rmq
TIMER	4.611e+00	4.684e+00	4.743e+00	7	resolve_next_lcp: set LCP
TIMER	5.069e+02	5.069e+02	5.069e+02	7	LCP update
unresolved = 2059860, unfinished = 924799
TIMER	7.218e+02	7.224e+02	7.240e+02	5	bucket-chaising iteration
TIMER	7.013e-03	8.012e-03	8.673e-03	6	bulk_query: get recv_counts
TIMER	3.646e+00	4.052e+00	4.358e+00	6	bulk_query: all2all queries
Avg queries: 5.150e+05, max queries on proc 2: 1256460
Inbalance factor: 2.440e+00x
TIMER	6.758e-01	3.443e+00	9.686e+00	6	bulk_query: local query
TIMER	1.491e+00	1.558e+00	1.583e+00	6	bulk_query: all2all query results
TIMER	4.813e+02	4.828e+02	4.837e+02	7	resolve_next_lcp: bulk_rmq
TIMER	2.652e+00	2.701e+00	2.755e+00	7	resolve_next_lcp: set LCP
TIMER	4.866e+02	4.866e+02	4.866e+02	7	LCP update
unresolved = 1420247, unfinished = 659187
TIMER	6.337e+02	6.337e+02	6.337e+02	5	bucket-chaising iteration
TIMER	7.937e-03	8.247e-03	8.394e-03	6	bulk_query: get recv_counts
TIMER	1.240e+00	1.742e+00	2.050e+00	6	bulk_query: all2all queries
Avg queries: 3.551e+05, max queries on proc 2: 853494
Inbalance factor: 2.404e+00x
TIMER	2.778e-01	1.759e+00	4.460e+00	6	bulk_query: local query
TIMER	1.021e+00	1.273e+00	1.372e+00	6	bulk_query: all2all query results
TIMER	4.811e+02	4.817e+02	4.823e+02	7	resolve_next_lcp: bulk_rmq
TIMER	1.720e+00	1.779e+00	1.844e+00	7	resolve_next_lcp: set LCP
TIMER	4.842e+02	4.842e+02	4.842e+02	7	LCP update
unresolved = 983947, unfinished = 476015
TIMER	5.865e+02	5.865e+02	5.865e+02	5	bucket-chaising iteration
TIMER	5.839e-03	6.732e-03	7.196e-03	6	bulk_query: get recv_counts
TIMER	8.713e-01	1.233e+00	1.463e+00	6	bulk_query: all2all queries
Avg queries: 2.460e+05, max queries on proc 2: 554804
Inbalance factor: 2.255e+00x
TIMER	1.479e-01	1.258e+00	3.014e+00	6	bulk_query: local query
TIMER	6.994e-01	7.523e-01	7.763e-01	6	bulk_query: all2all query results
TIMER	4.828e+02	4.835e+02	4.841e+02	7	resolve_next_lcp: bulk_rmq
TIMER	1.375e+00	1.437e+00	1.471e+00	7	resolve_next_lcp: set LCP
TIMER	4.856e+02	4.856e+02	4.856e+02	7	LCP update
unresolved = 630245, unfinished = 309523
TIMER	5.571e+02	5.571e+02	5.571e+02	5	bucket-chaising iteration
TIMER	5.501e-03	5.829e-03	6.110e-03	6	bulk_query: get recv_counts
TIMER	4.589e-01	6.482e-01	7.695e-01	6	bulk_query: all2all queries
Avg queries: 1.576e+05, max queries on proc 2: 314249
Inbalance factor: 1.994e+00x
TIMER	5.482e-02	6.275e-01	1.422e+00	6	bulk_query: local query
TIMER	4.134e-01	4.575e-01	4.944e-01	6	bulk_query: all2all query results
TIMER	4.829e+02	4.832e+02	4.836e+02	7	resolve_next_lcp: bulk_rmq
TIMER	1.194e+00	1.224e+00	1.261e+00	7	resolve_next_lcp: set LCP
TIMER	4.849e+02	4.849e+02	4.849e+02	7	LCP update
unresolved = 346601, unfinished = 170433
TIMER	5.334e+02	5.334e+02	5.334e+02	5	bucket-chaising iteration
TIMER	5.119e-03	5.315e-03	5.466e-03	6	bulk_query: get recv_counts
TIMER	2.546e-01	2.945e-01	3.190e-01	6	bulk_query: all2all queries
Avg queries: 8.665e+04, max queries on proc 2: 145741
Inbalance factor: 1.682e+00x
TIMER	3.285e-02	3.209e-01	5.653e-01	6	bulk_query: local query
TIMER	2.059e-01	2.266e-01	2.469e-01	6	bulk_query: all2all query results
TIMER	4.797e+02	4.802e+02	4.806e+02	7	resolve_next_lcp: bulk_rmq
TIMER	8.142e-01	8.302e-01	8.696e-01	7	resolve_next_lcp: set LCP
TIMER	4.816e+02	4.816e+02	4.816e+02	7	LCP update
unresolved = 162762, unfinished = 81381
TIMER	5.065e+02	5.065e+02	5.065e+02	5	bucket-chaising iteration
TIMER	4.846e-03	5.608e-03	6.188e-03	6	bulk_query: get recv_counts
TIMER	1.389e-01	2.001e-01	2.331e-01	6	bulk_query: all2all queries
Avg queries: 4.069e+04, max queries on proc 1: 114302
Inbalance factor: 2.809e+00x
TIMER	2.248e-02	1.600e-01	4.110e-01	6	bulk_query: local query
TIMER	9.517e-02	1.024e-01	1.089e-01	6	bulk_query: all2all query results
TIMER	4.778e+02	4.782e+02	4.787e+02	7	resolve_next_lcp: bulk_rmq
TIMER	3.028e-01	3.115e-01	3.339e-01	7	resolve_next_lcp: set LCP
TIMER	4.791e+02	4.791e+02	4.791e+02	7	LCP update
unresolved = 92256, unfinished = 46128
TIMER	4.896e+02	4.896e+02	4.896e+02	5	bucket-chaising iteration
TIMER	3.997e-03	4.393e-03	4.778e-03	6	bulk_query: get recv_counts
TIMER	1.392e-01	1.948e-01	2.308e-01	6	bulk_query: all2all queries
Avg queries: 2.306e+04, max queries on proc 1: 92256
Inbalance factor: 4.000e+00x
TIMER	2.237e-02	1.046e-01	3.315e-01	6	bulk_query: local query
TIMER	1.219e-01	1.381e-01	1.486e-01	6	bulk_query: all2all query results
TIMER	4.781e+02	4.786e+02	4.791e+02	7	resolve_next_lcp: bulk_rmq
TIMER	1.723e-01	2.231e-01	3.297e-01	7	resolve_next_lcp: set LCP
TIMER	4.795e+02	4.795e+02	4.795e+02	7	LCP update
unresolved = 49248, unfinished = 24624
TIMER	4.864e+02	4.864e+02	4.864e+02	5	bucket-chaising iteration
TIMER	4.433e-03	4.546e-03	4.785e-03	6	bulk_query: get recv_counts
TIMER	6.479e-02	9.303e-02	1.071e-01	6	bulk_query: all2all queries
Avg queries: 1.231e+04, max queries on proc 1: 49248
Inbalance factor: 4.000e+00x
TIMER	2.058e-02	6.676e-02	1.878e-01	6	bulk_query: local query
TIMER	4.900e-02	6.678e-02	7.734e-02	6	bulk_query: all2all query results
TIMER	4.768e+02	4.772e+02	4.775e+02	7	resolve_next_lcp: bulk_rmq
TIMER	2.013e-01	2.368e-01	2.943e-01	7	resolve_next_lcp: set LCP
TIMER	4.779e+02	4.779e+02	4.779e+02	7	LCP update
unresolved = 0, unfinished = 0
TIMER	4.816e+02	4.816e+02	4.816e+02	5	bucket-chaising iteration
TIMER	7.809e+03	7.809e+03	7.809e+03	4	construct-msgs
TIMER	3.941e+01	3.965e+01	3.984e+01	4	fix-isa
TIMER	2.187e+04	2.187e+04	2.187e+04	2	desa_construct: SA/LCP construct
TIMER	8.902e+02	8.902e+02	8.902e+02	2	desa_construct: TLI construct
TIMER	1.220e-03	9.614e-03	1.804e-02	3	repartition: 1D-partition
TIMER	3.936e-02	3.958e-02	3.982e-02	2	desa_construct: 1-D partition
TIMER	6.533e+02	6.536e+02	6.539e+02	3	repartition: redistribute
TIMER	6.540e+02	6.540e+02	6.540e+02	2	desa_construct: repartition
TIMER	4.562e+02	4.671e+02	4.758e+02	2	desa_construct: RMQ construct
TIMER	8.944e-03	9.220e-03	9.471e-03	3	bulk_query: get recv_counts
TIMER	2.240e+02	2.278e+02	2.295e+02	3	bulk_query: all2all queries
Avg queries: 5.632e+07, max queries on proc 2: 56320154
Inbalance factor: 1.000e+00x
TIMER	6.727e+02	6.764e+02	6.826e+02	3	bulk_query: local query
TIMER	2.729e+01	2.840e+01	2.919e+01	3	bulk_query: all2all query results
TIMER	2.895e+03	2.922e+03	2.950e+03	2	desa_construct: Lc naive construct
TIMER	2.686e+04	2.686e+04	2.686e+04	1	construct idx
