== Node distribution == 
== p=48 processes on 1 nodes ==
--  Node: 'c506-044.stampede2.tacc.utexas.edu' (48/48)
        Ranks: 0, 1, 2, 3, 4, 5, 6, 7, 8, 9, 10, 11, 12, 13, 14, 15, 16, 17, 18, 19, 20, 21, 22, 23, 24, 25, 26, 27, 28, 29, 30, 31, 32, 33, 34, 35, 36, 37, 38, 39, 40, 41, 42, 43, 44, 45, 46, 47
TIMER	2.512e+01	3.877e+01	4.148e+01	1	read input file
TIMER	4.175e+00	4.176e+00	4.178e+00	2	desa_construct: cpy str
Alphabet: {sigma=4, l=3, A=[A, C, G, T]}
TIMER	4.428e+00	4.429e+00	4.458e+00	3	get alphabet
TIMER	4.649e+01	4.819e+01	4.947e+01	4	kmer-gen
TIMER	5.433e+01	5.511e+01	5.568e+01	5	shift-buckets
TIMER	1.694e+03	1.698e+03	1.707e+03	5	ISA-to-SA
TIMER	8.889e+01	9.072e+01	9.242e+01	5	init-lcp
iteration 21: unfinished buckets = 3772201, unfinished elements = 14712244
TIMER	4.518e+01	4.570e+01	4.603e+01	5	rebucket
TIMER	6.006e+02	6.041e+02	6.068e+02	5	SA-to-ISA
TIMER	2.509e+03	2.509e+03	2.509e+03	5	sac-iteration
Starting Bucket chasing algorithm
unresolved = 14712245, unfinished = 3772201
TIMER	1.626e+01	1.626e+01	1.628e+01	5	get active elements
TIMER	2.535e-02	2.669e-02	2.795e-02	6	bulk_query: get recv_counts
TIMER	1.853e+01	1.962e+01	2.079e+01	6	bulk_query: all2all queries
Avg queries: 3.065e+05, max queries on proc 26: 1855201
Inbalance factor: 6.053e+00x
TIMER	2.283e+00	4.883e+00	1.847e+01	6	bulk_query: local query
TIMER	6.315e+00	6.595e+00	6.970e+00	6	bulk_query: all2all query results
TIMER	1.216e+02	1.238e+02	1.260e+02	7	resolve_next_lcp: bulk_rmq
TIMER	2.900e+00	3.714e+00	4.258e+00	7	resolve_next_lcp: set LCP
TIMER	1.304e+02	1.304e+02	1.304e+02	7	LCP update
unresolved = 5543898, unfinished = 1943843
TIMER	3.147e+02	3.147e+02	3.147e+02	5	bucket-chaising iteration
TIMER	2.486e-02	2.624e-02	2.828e-02	6	bulk_query: get recv_counts
TIMER	3.000e+00	4.060e+00	5.112e+00	6	bulk_query: all2all queries
Avg queries: 1.155e+05, max queries on proc 26: 1461566
Inbalance factor: 1.265e+01x
TIMER	2.113e-01	9.704e-01	1.182e+01	6	bulk_query: local query
TIMER	1.551e+00	1.641e+00	1.732e+00	6	bulk_query: all2all query results
TIMER	7.259e+01	7.278e+01	7.292e+01	7	resolve_next_lcp: bulk_rmq
TIMER	1.147e+00	1.301e+00	1.399e+00	7	resolve_next_lcp: set LCP
TIMER	7.441e+01	7.441e+01	7.441e+01	7	LCP update
unresolved = 3214279, unfinished = 1330905
TIMER	1.546e+02	1.554e+02	1.579e+02	5	bucket-chaising iteration
TIMER	2.470e-02	2.595e-02	2.738e-02	6	bulk_query: get recv_counts
TIMER	2.177e+00	3.008e+00	3.863e+00	6	bulk_query: all2all queries
Avg queries: 6.696e+04, max queries on proc 26: 1142255
Inbalance factor: 1.706e+01x
TIMER	5.103e-02	4.790e-01	8.106e+00	6	bulk_query: local query
TIMER	8.582e-01	1.026e+00	1.150e+00	6	bulk_query: all2all query results
TIMER	6.563e+01	6.568e+01	6.573e+01	7	resolve_next_lcp: bulk_rmq
TIMER	5.363e-01	5.928e-01	6.552e-01	7	resolve_next_lcp: set LCP
TIMER	6.647e+01	6.647e+01	6.647e+01	7	LCP update
unresolved = 2059860, unfinished = 924799
TIMER	1.180e+02	1.182e+02	1.201e+02	5	bucket-chaising iteration
TIMER	2.074e-02	2.190e-02	2.319e-02	6	bulk_query: get recv_counts
TIMER	1.545e+00	2.184e+00	2.868e+00	6	bulk_query: all2all queries
Avg queries: 4.291e+04, max queries on proc 26: 861890
Inbalance factor: 2.008e+01x
TIMER	2.966e-02	2.724e-01	5.481e+00	6	bulk_query: local query
TIMER	7.386e-01	1.005e+00	1.355e+00	6	bulk_query: all2all query results
TIMER	6.326e+01	6.329e+01	6.331e+01	7	resolve_next_lcp: bulk_rmq
TIMER	2.541e-01	3.060e-01	3.528e-01	7	resolve_next_lcp: set LCP
TIMER	6.375e+01	6.375e+01	6.375e+01	7	LCP update
unresolved = 1420247, unfinished = 659187
TIMER	9.907e+01	9.907e+01	9.909e+01	5	bucket-chaising iteration
TIMER	2.737e-02	2.993e-02	3.207e-02	6	bulk_query: get recv_counts
TIMER	6.357e-01	1.427e+00	2.026e+00	6	bulk_query: all2all queries
Avg queries: 2.959e+04, max queries on proc 26: 641955
Inbalance factor: 2.170e+01x
TIMER	2.802e-02	1.696e-01	3.432e+00	6	bulk_query: local query
TIMER	3.033e-01	4.435e-01	5.351e-01	6	bulk_query: all2all query results
TIMER	6.214e+01	6.216e+01	6.219e+01	7	resolve_next_lcp: bulk_rmq
TIMER	1.408e-01	1.786e-01	2.129e-01	7	resolve_next_lcp: set LCP
TIMER	6.250e+01	6.250e+01	6.250e+01	7	LCP update
unresolved = 983947, unfinished = 476015
TIMER	8.656e+01	8.656e+01	8.658e+01	5	bucket-chaising iteration
TIMER	1.960e-02	2.091e-02	2.221e-02	6	bulk_query: get recv_counts
TIMER	4.129e-01	9.079e-01	1.370e+00	6	bulk_query: all2all queries
Avg queries: 2.050e+04, max queries on proc 26: 450465
Inbalance factor: 2.198e+01x
TIMER	2.614e-02	1.120e-01	2.076e+00	6	bulk_query: local query
TIMER	2.329e-01	3.481e-01	4.151e-01	6	bulk_query: all2all query results
TIMER	6.157e+01	6.159e+01	6.160e+01	7	resolve_next_lcp: bulk_rmq
TIMER	1.083e-01	1.380e-01	1.529e-01	7	resolve_next_lcp: set LCP
TIMER	6.184e+01	6.184e+01	6.184e+01	7	LCP update
unresolved = 630245, unfinished = 309523
TIMER	7.813e+01	7.813e+01	7.815e+01	5	bucket-chaising iteration
TIMER	1.810e-02	1.920e-02	2.032e-02	6	bulk_query: get recv_counts
TIMER	1.890e-01	2.320e-01	5.580e-01	6	bulk_query: all2all queries
Avg queries: 1.313e+04, max queries on proc 26: 272698
Inbalance factor: 2.077e+01x
TIMER	2.518e-02	7.297e-02	1.042e+00	6	bulk_query: local query
TIMER	1.555e-01	3.486e-01	4.934e-01	6	bulk_query: all2all query results
TIMER	6.147e+01	6.148e+01	6.149e+01	7	resolve_next_lcp: bulk_rmq
TIMER	1.021e-01	1.220e-01	1.435e-01	7	resolve_next_lcp: set LCP
TIMER	6.171e+01	6.171e+01	6.171e+01	7	LCP update
unresolved = 346601, unfinished = 170433
TIMER	7.142e+01	7.142e+01	7.144e+01	5	bucket-chaising iteration
TIMER	1.702e-02	1.817e-02	1.966e-02	6	bulk_query: get recv_counts
TIMER	1.313e-01	1.594e-01	3.382e-01	6	bulk_query: all2all queries
Avg queries: 7.221e+03, max queries on proc 21: 135806
Inbalance factor: 1.881e+01x
TIMER	2.392e-02	5.027e-02	4.976e-01	6	bulk_query: local query
TIMER	7.862e-02	1.825e-01	2.409e-01	6	bulk_query: all2all query results
TIMER	6.119e+01	6.120e+01	6.120e+01	7	resolve_next_lcp: bulk_rmq
TIMER	6.736e-02	7.557e-02	8.339e-02	7	resolve_next_lcp: set LCP
TIMER	6.136e+01	6.136e+01	6.136e+01	7	LCP update
unresolved = 162762, unfinished = 81381
TIMER	6.612e+01	6.612e+01	6.613e+01	5	bucket-chaising iteration
TIMER	1.544e-02	1.624e-02	1.711e-02	6	bulk_query: get recv_counts
TIMER	1.100e-01	1.207e-01	2.656e-01	6	bulk_query: all2all queries
Avg queries: 3.391e+03, max queries on proc 21: 114302
Inbalance factor: 3.371e+01x
TIMER	2.422e-02	3.737e-02	4.308e-01	6	bulk_query: local query
TIMER	3.579e-02	1.146e-01	1.818e-01	6	bulk_query: all2all query results
TIMER	6.074e+01	6.075e+01	6.075e+01	7	resolve_next_lcp: bulk_rmq
TIMER	2.277e-02	2.899e-02	3.627e-02	7	resolve_next_lcp: set LCP
TIMER	6.087e+01	6.087e+01	6.087e+01	7	LCP update
unresolved = 92256, unfinished = 46128
TIMER	6.406e+01	6.406e+01	6.407e+01	5	bucket-chaising iteration
TIMER	1.390e-02	1.513e-02	1.664e-02	6	bulk_query: get recv_counts
TIMER	4.168e-02	4.681e-02	1.529e-01	6	bulk_query: all2all queries
Avg queries: 1.922e+03, max queries on proc 21: 92256
Inbalance factor: 4.800e+01x
TIMER	2.229e-02	2.958e-02	2.576e-01	6	bulk_query: local query
TIMER	1.328e-02	8.041e-02	1.436e-01	6	bulk_query: all2all query results
TIMER	6.095e+01	6.095e+01	6.096e+01	7	resolve_next_lcp: bulk_rmq
TIMER	1.020e-02	1.886e-02	3.030e-02	7	resolve_next_lcp: set LCP
TIMER	6.106e+01	6.106e+01	6.107e+01	7	LCP update
unresolved = 49248, unfinished = 24624
TIMER	6.333e+01	6.333e+01	6.334e+01	5	bucket-chaising iteration
TIMER	1.414e-02	1.488e-02	1.600e-02	6	bulk_query: get recv_counts
TIMER	4.940e-02	5.248e-02	1.188e-01	6	bulk_query: all2all queries
Avg queries: 1.026e+03, max queries on proc 21: 49248
Inbalance factor: 4.800e+01x
TIMER	2.251e-02	2.757e-02	1.733e-01	6	bulk_query: local query
TIMER	9.993e-03	4.577e-02	8.220e-02	6	bulk_query: all2all query results
TIMER	6.082e+01	6.082e+01	6.083e+01	7	resolve_next_lcp: bulk_rmq
TIMER	1.276e-02	2.156e-02	2.972e-02	7	resolve_next_lcp: set LCP
TIMER	6.093e+01	6.093e+01	6.093e+01	7	LCP update
unresolved = 0, unfinished = 0
TIMER	6.230e+01	6.230e+01	6.231e+01	5	bucket-chaising iteration
TIMER	1.204e+03	1.204e+03	1.204e+03	4	construct-msgs
TIMER	1.774e+01	1.863e+01	1.906e+01	4	fix-isa
TIMER	3.787e+03	3.788e+03	3.788e+03	2	desa_construct: SA/LCP construct
TIMER	9.602e+01	9.602e+01	9.603e+01	2	desa_construct: TLI construct
TIMER	9.110e-03	9.927e-03	1.260e-02	3	repartition: 1D-partition
TIMER	7.360e-02	7.412e-02	7.679e-02	2	desa_construct: 1-D partition
TIMER	1.554e+02	1.555e+02	1.556e+02	3	repartition: redistribute
TIMER	1.557e+02	1.557e+02	1.558e+02	2	desa_construct: repartition
TIMER	5.778e+01	5.959e+01	6.083e+01	2	desa_construct: RMQ construct
TIMER	2.521e-02	2.609e-02	2.682e-02	3	bulk_query: get recv_counts
TIMER	5.682e+01	5.785e+01	5.836e+01	3	bulk_query: all2all queries
Avg queries: 4.693e+06, max queries on proc 16: 4693589
Inbalance factor: 1.000e+00x
TIMER	5.771e+01	6.229e+01	6.400e+01	3	bulk_query: local query
TIMER	6.551e+00	6.659e+00	6.778e+00	3	bulk_query: all2all query results
TIMER	3.603e+02	3.663e+02	3.836e+02	2	desa_construct: Lc naive construct
TIMER	4.489e+03	4.489e+03	4.489e+03	1	construct idx
