== Node distribution == 
== p=12 processes on 1 nodes ==
--  Node: 'c506-044.stampede2.tacc.utexas.edu' (12/12)
        Ranks: 0, 1, 2, 3, 4, 5, 6, 7, 8, 9, 10, 11
TIMER	7.350e+01	7.477e+01	7.800e+01	1	read input file
TIMER	8.564e+00	8.564e+00	8.565e+00	2	desa_construct: cpy str
Alphabet: {sigma=4, l=3, A=[A, C, G, T]}
TIMER	1.297e+01	1.297e+01	1.299e+01	3	get alphabet
TIMER	8.266e+01	8.347e+01	8.440e+01	4	kmer-gen
TIMER	7.341e+01	7.412e+01	7.461e+01	5	shift-buckets
TIMER	3.582e+03	3.591e+03	3.609e+03	5	ISA-to-SA
TIMER	2.253e+02	2.341e+02	2.362e+02	5	init-lcp
iteration 21: unfinished buckets = 3772201, unfinished elements = 14712242
TIMER	8.267e+01	8.349e+01	8.429e+01	5	rebucket
TIMER	1.119e+03	1.121e+03	1.126e+03	5	SA-to-ISA
TIMER	5.130e+03	5.130e+03	5.130e+03	5	sac-iteration
Starting Bucket chasing algorithm
unresolved = 14712245, unfinished = 3772201
TIMER	4.792e+01	4.792e+01	4.793e+01	5	get active elements
TIMER	1.507e-02	1.928e-02	2.211e-02	6	bulk_query: get recv_counts
TIMER	1.026e+01	1.194e+01	1.411e+01	6	bulk_query: all2all queries
Avg queries: 1.226e+06, max queries on proc 6: 3581587
Inbalance factor: 2.921e+00x
TIMER	8.401e+00	1.361e+01	3.764e+01	6	bulk_query: local query
TIMER	6.140e+00	6.563e+00	7.257e+00	6	bulk_query: all2all query results
TIMER	3.205e+02	3.242e+02	3.278e+02	7	resolve_next_lcp: bulk_rmq
TIMER	5.413e+00	6.587e+00	7.624e+00	7	resolve_next_lcp: set LCP
TIMER	3.355e+02	3.355e+02	3.355e+02	7	LCP update
unresolved = 5543898, unfinished = 1943843
TIMER	7.120e+02	7.123e+02	7.123e+02	5	bucket-chaising iteration
TIMER	1.252e-02	1.358e-02	1.432e-02	6	bulk_query: get recv_counts
TIMER	2.975e+00	4.720e+00	6.619e+00	6	bulk_query: all2all queries
Avg queries: 4.620e+05, max queries on proc 6: 2362138
Inbalance factor: 5.113e+00x
TIMER	1.058e+00	3.672e+00	1.846e+01	6	bulk_query: local query
TIMER	2.737e+00	2.914e+00	3.117e+00	6	bulk_query: all2all query results
TIMER	1.926e+02	1.929e+02	1.940e+02	7	resolve_next_lcp: bulk_rmq
TIMER	2.730e+00	2.870e+00	3.030e+00	7	resolve_next_lcp: set LCP
TIMER	1.971e+02	1.971e+02	1.971e+02	7	LCP update
unresolved = 3214279, unfinished = 1330905
TIMER	3.580e+02	3.582e+02	3.600e+02	5	bucket-chaising iteration
TIMER	1.229e-02	1.336e-02	1.428e-02	6	bulk_query: get recv_counts
TIMER	4.896e+00	5.741e+00	6.760e+00	6	bulk_query: all2all queries
Avg queries: 2.679e+05, max queries on proc 6: 1698925
Inbalance factor: 6.343e+00x
TIMER	1.447e-01	1.875e+00	1.407e+01	6	bulk_query: local query
TIMER	1.601e+00	1.662e+00	1.764e+00	6	bulk_query: all2all query results
TIMER	1.712e+02	1.712e+02	1.713e+02	7	resolve_next_lcp: bulk_rmq
TIMER	1.583e+00	1.653e+00	1.702e+00	7	resolve_next_lcp: set LCP
TIMER	1.730e+02	1.730e+02	1.730e+02	7	LCP update
unresolved = 2059860, unfinished = 924799
TIMER	2.797e+02	2.800e+02	2.813e+02	5	bucket-chaising iteration
TIMER	1.114e-02	1.232e-02	1.419e-02	6	bulk_query: get recv_counts
TIMER	1.493e+00	2.394e+00	3.347e+00	6	bulk_query: all2all queries
Avg queries: 1.717e+05, max queries on proc 6: 1188693
Inbalance factor: 6.925e+00x
TIMER	4.060e-02	1.085e+00	7.601e+00	6	bulk_query: local query
TIMER	1.055e+00	1.520e+00	1.724e+00	6	bulk_query: all2all query results
TIMER	1.690e+02	1.691e+02	1.691e+02	7	resolve_next_lcp: bulk_rmq
TIMER	9.021e-01	9.451e-01	9.839e-01	7	resolve_next_lcp: set LCP
TIMER	1.702e+02	1.702e+02	1.702e+02	7	LCP update
unresolved = 1420247, unfinished = 659187
TIMER	2.386e+02	2.391e+02	2.407e+02	5	bucket-chaising iteration
TIMER	1.084e-02	1.178e-02	1.242e-02	6	bulk_query: get recv_counts
TIMER	9.872e-01	1.522e+00	2.123e+00	6	bulk_query: all2all queries
Avg queries: 1.184e+05, max queries on proc 6: 820634
Inbalance factor: 6.934e+00x
TIMER	2.838e-02	6.369e-01	4.643e+00	6	bulk_query: local query
TIMER	4.055e-01	4.581e-01	5.157e-01	6	bulk_query: all2all query results
TIMER	1.668e+02	1.669e+02	1.669e+02	7	resolve_next_lcp: bulk_rmq
TIMER	5.724e-01	6.156e-01	6.514e-01	7	resolve_next_lcp: set LCP
TIMER	1.676e+02	1.676e+02	1.676e+02	7	LCP update
unresolved = 983947, unfinished = 476015
TIMER	2.195e+02	2.195e+02	2.195e+02	5	bucket-chaising iteration
TIMER	9.479e-03	1.113e-02	1.262e-02	6	bulk_query: get recv_counts
TIMER	6.992e-01	1.014e+00	1.406e+00	6	bulk_query: all2all queries
Avg queries: 8.200e+04, max queries on proc 6: 536446
Inbalance factor: 6.542e+00x
TIMER	2.324e-02	3.914e-01	2.566e+00	6	bulk_query: local query
TIMER	2.952e-01	4.821e-01	5.559e-01	6	bulk_query: all2all query results
TIMER	1.597e+02	1.597e+02	1.597e+02	7	resolve_next_lcp: bulk_rmq
TIMER	4.430e-01	4.914e-01	5.282e-01	7	resolve_next_lcp: set LCP
TIMER	1.603e+02	1.603e+02	1.603e+02	7	LCP update
unresolved = 630245, unfinished = 309523
TIMER	1.914e+02	1.914e+02	1.915e+02	5	bucket-chaising iteration
TIMER	9.708e-03	1.023e-02	1.149e-02	6	bulk_query: get recv_counts
TIMER	3.793e-01	5.578e-01	7.651e-01	6	bulk_query: all2all queries
Avg queries: 5.252e+04, max queries on proc 6: 304865
Inbalance factor: 5.805e+00x
TIMER	2.267e-02	2.327e-01	1.379e+00	6	bulk_query: local query
TIMER	2.418e-01	3.385e-01	4.252e-01	6	bulk_query: all2all query results
TIMER	1.592e+02	1.592e+02	1.592e+02	7	resolve_next_lcp: bulk_rmq
TIMER	3.965e-01	4.268e-01	4.547e-01	7	resolve_next_lcp: set LCP
TIMER	1.598e+02	1.598e+02	1.598e+02	7	LCP update
unresolved = 346601, unfinished = 170433
TIMER	1.779e+02	1.779e+02	1.779e+02	5	bucket-chaising iteration
TIMER	7.812e-03	9.062e-03	1.040e-02	6	bulk_query: get recv_counts
TIMER	2.000e-01	3.313e-01	4.128e-01	6	bulk_query: all2all queries
Avg queries: 2.888e+04, max queries on proc 6: 141733
Inbalance factor: 4.907e+00x
TIMER	2.090e-02	1.255e-01	5.356e-01	6	bulk_query: local query
TIMER	9.946e-02	1.548e-01	1.780e-01	6	bulk_query: all2all query results
TIMER	1.581e+02	1.581e+02	1.581e+02	7	resolve_next_lcp: bulk_rmq
TIMER	2.650e-01	2.753e-01	2.892e-01	7	resolve_next_lcp: set LCP
TIMER	1.585e+02	1.585e+02	1.585e+02	7	LCP update
unresolved = 162762, unfinished = 81381
TIMER	1.676e+02	1.676e+02	1.676e+02	5	bucket-chaising iteration
TIMER	8.014e-03	8.489e-03	9.148e-03	6	bulk_query: get recv_counts
TIMER	9.566e-02	2.022e-01	2.993e-01	6	bulk_query: all2all queries
Avg queries: 1.356e+04, max queries on proc 5: 114302
Inbalance factor: 8.427e+00x
TIMER	1.827e-02	6.387e-02	3.872e-01	6	bulk_query: local query
TIMER	5.038e-02	1.142e-01	1.486e-01	6	bulk_query: all2all query results
TIMER	1.575e+02	1.575e+02	1.575e+02	7	resolve_next_lcp: bulk_rmq
TIMER	8.570e-02	1.010e-01	1.188e-01	7	resolve_next_lcp: set LCP
TIMER	1.577e+02	1.577e+02	1.577e+02	7	LCP update
unresolved = 92256, unfinished = 46128
TIMER	1.629e+02	1.629e+02	1.629e+02	5	bucket-chaising iteration
TIMER	6.789e-03	8.365e-03	1.002e-02	6	bulk_query: get recv_counts
TIMER	6.423e-02	1.126e-01	2.236e-01	6	bulk_query: all2all queries
Avg queries: 7.688e+03, max queries on proc 5: 92256
Inbalance factor: 1.200e+01x
TIMER	1.824e-02	4.175e-02	2.704e-01	6	bulk_query: local query
TIMER	2.792e-02	7.976e-02	1.107e-01	6	bulk_query: all2all query results
TIMER	1.574e+02	1.574e+02	1.575e+02	7	resolve_next_lcp: bulk_rmq
TIMER	4.714e-02	6.206e-02	8.850e-02	7	resolve_next_lcp: set LCP
TIMER	1.576e+02	1.576e+02	1.576e+02	7	LCP update
unresolved = 49248, unfinished = 24624
TIMER	1.612e+02	1.613e+02	1.613e+02	5	bucket-chaising iteration
TIMER	7.177e-03	7.782e-03	9.533e-03	6	bulk_query: get recv_counts
TIMER	2.406e-02	2.878e-02	6.577e-02	6	bulk_query: all2all queries
Avg queries: 4.104e+03, max queries on proc 5: 49248
Inbalance factor: 1.200e+01x
TIMER	1.804e-02	3.139e-02	1.547e-01	6	bulk_query: local query
TIMER	1.640e-02	4.860e-02	7.426e-02	6	bulk_query: all2all query results
TIMER	1.575e+02	1.575e+02	1.575e+02	7	resolve_next_lcp: bulk_rmq
TIMER	5.112e-02	7.195e-02	8.538e-02	7	resolve_next_lcp: set LCP
TIMER	1.576e+02	1.576e+02	1.576e+02	7	LCP update
unresolved = 0, unfinished = 0
TIMER	1.595e+02	1.595e+02	1.595e+02	5	bucket-chaising iteration
TIMER	2.885e+03	2.885e+03	2.885e+03	4	construct-msgs
TIMER	2.122e+01	2.157e+01	2.187e+01	4	fix-isa
TIMER	8.134e+03	8.135e+03	8.135e+03	2	desa_construct: SA/LCP construct
TIMER	3.093e+02	3.093e+02	3.093e+02	2	desa_construct: TLI construct
TIMER	2.898e-03	3.069e-03	3.221e-03	3	repartition: 1D-partition
TIMER	2.509e-02	2.546e-02	2.582e-02	2	desa_construct: 1-D partition
TIMER	2.333e+02	2.334e+02	2.334e+02	3	repartition: redistribute
TIMER	2.335e+02	2.335e+02	2.335e+02	2	desa_construct: repartition
TIMER	1.553e+02	1.585e+02	1.617e+02	2	desa_construct: RMQ construct
TIMER	1.263e-02	1.397e-02	1.536e-02	3	bulk_query: get recv_counts
TIMER	8.235e+01	8.399e+01	8.497e+01	3	bulk_query: all2all queries
Avg queries: 1.877e+07, max queries on proc 4: 18773619
Inbalance factor: 1.000e+00x
TIMER	2.200e+02	2.243e+02	2.270e+02	3	bulk_query: local query
TIMER	1.049e+01	1.072e+01	1.081e+01	3	bulk_query: all2all query results
TIMER	8.888e+02	8.947e+02	9.019e+02	2	desa_construct: Lc naive construct
TIMER	9.750e+03	9.750e+03	9.750e+03	1	construct idx
