== Node distribution == 
== p=48 processes on 1 nodes ==
--  Node: 'c506-083.stampede2.tacc.utexas.edu' (48/48)
        Ranks: 0, 1, 2, 3, 4, 5, 6, 7, 8, 9, 10, 11, 12, 13, 14, 15, 16, 17, 18, 19, 20, 21, 22, 23, 24, 25, 26, 27, 28, 29, 30, 31, 32, 33, 34, 35, 36, 37, 38, 39, 40, 41, 42, 43, 44, 45, 46, 47
TIMER	3.221e+01	5.049e+01	8.616e+01	1	read input file
TIMER	4.223e+00	4.225e+00	4.229e+00	2	desa_construct: cpy str
Alphabet: {sigma=4, l=3, A=[A, C, G, T]}
TIMER	4.507e+00	4.508e+00	4.535e+00	3	get alphabet
TIMER	4.708e+01	4.801e+01	4.892e+01	4	kmer-gen
TIMER	5.365e+01	5.539e+01	5.616e+01	5	shift-buckets
TIMER	1.692e+03	1.699e+03	1.708e+03	5	ISA-to-SA
TIMER	8.820e+01	8.921e+01	9.057e+01	5	init-lcp
iteration 21: unfinished buckets = 3772201, unfinished elements = 14712244
TIMER	4.559e+01	4.598e+01	4.637e+01	5	rebucket
TIMER	6.042e+02	6.060e+02	6.071e+02	5	SA-to-ISA
TIMER	2.508e+03	2.508e+03	2.508e+03	5	sac-iteration
Starting Bucket chasing algorithm
unresolved = 14712245, unfinished = 3772201
TIMER	1.649e+01	1.650e+01	1.651e+01	5	get active elements
TIMER	2.563e-02	2.656e-02	2.763e-02	6	bulk_query: get recv_counts
TIMER	1.878e+01	1.995e+01	2.117e+01	6	bulk_query: all2all queries
Avg queries: 3.065e+05, max queries on proc 26: 1855201
Inbalance factor: 6.053e+00x
TIMER	2.272e+00	4.913e+00	1.996e+01	6	bulk_query: local query
TIMER	6.453e+00	6.779e+00	7.194e+00	6	bulk_query: all2all query results
TIMER	1.213e+02	1.232e+02	1.256e+02	7	resolve_next_lcp: bulk_rmq
TIMER	2.904e+00	3.716e+00	4.278e+00	7	resolve_next_lcp: set LCP
TIMER	1.300e+02	1.300e+02	1.300e+02	7	LCP update
unresolved = 5543898, unfinished = 1943843
TIMER	3.178e+02	3.178e+02	3.178e+02	5	bucket-chaising iteration
TIMER	2.469e-02	2.599e-02	2.728e-02	6	bulk_query: get recv_counts
TIMER	3.127e+00	4.209e+00	5.271e+00	6	bulk_query: all2all queries
Avg queries: 1.155e+05, max queries on proc 26: 1461566
Inbalance factor: 1.265e+01x
TIMER	2.116e-01	9.893e-01	1.243e+01	6	bulk_query: local query
TIMER	1.463e+00	1.643e+00	1.784e+00	6	bulk_query: all2all query results
TIMER	7.204e+01	7.223e+01	7.237e+01	7	resolve_next_lcp: bulk_rmq
TIMER	1.113e+00	1.306e+00	1.414e+00	7	resolve_next_lcp: set LCP
TIMER	7.389e+01	7.389e+01	7.389e+01	7	LCP update
unresolved = 3214279, unfinished = 1330905
TIMER	1.562e+02	1.571e+02	1.596e+02	5	bucket-chaising iteration
TIMER	2.539e-02	2.665e-02	2.807e-02	6	bulk_query: get recv_counts
TIMER	2.205e+00	3.043e+00	3.923e+00	6	bulk_query: all2all queries
Avg queries: 6.696e+04, max queries on proc 26: 1142255
Inbalance factor: 1.706e+01x
TIMER	5.257e-02	4.816e-01	8.183e+00	6	bulk_query: local query
TIMER	8.895e-01	1.033e+00	1.168e+00	6	bulk_query: all2all query results
TIMER	6.600e+01	6.606e+01	6.611e+01	7	resolve_next_lcp: bulk_rmq
TIMER	5.211e-01	5.941e-01	6.374e-01	7	resolve_next_lcp: set LCP
TIMER	6.684e+01	6.684e+01	6.685e+01	7	LCP update
unresolved = 2059860, unfinished = 924799
TIMER	1.179e+02	1.180e+02	1.196e+02	5	bucket-chaising iteration
TIMER	2.189e-02	2.265e-02	2.359e-02	6	bulk_query: get recv_counts
TIMER	1.548e+00	2.193e+00	2.892e+00	6	bulk_query: all2all queries
Avg queries: 4.291e+04, max queries on proc 26: 861890
Inbalance factor: 2.008e+01x
TIMER	3.106e-02	2.716e-01	5.432e+00	6	bulk_query: local query
TIMER	6.684e-01	9.609e-01	1.330e+00	6	bulk_query: all2all query results
TIMER	6.330e+01	6.333e+01	6.336e+01	7	resolve_next_lcp: bulk_rmq
TIMER	2.500e-01	3.080e-01	3.432e-01	7	resolve_next_lcp: set LCP
TIMER	6.379e+01	6.379e+01	6.379e+01	7	LCP update
unresolved = 1420247, unfinished = 659187
TIMER	9.889e+01	9.891e+01	1.002e+02	5	bucket-chaising iteration
TIMER	2.148e-02	2.233e-02	2.341e-02	6	bulk_query: get recv_counts
TIMER	6.290e-01	1.409e+00	1.994e+00	6	bulk_query: all2all queries
Avg queries: 2.959e+04, max queries on proc 26: 641955
Inbalance factor: 2.170e+01x
TIMER	3.043e-02	1.700e-01	3.326e+00	6	bulk_query: local query
TIMER	3.034e-01	4.473e-01	5.305e-01	6	bulk_query: all2all query results
TIMER	6.234e+01	6.238e+01	6.240e+01	7	resolve_next_lcp: bulk_rmq
TIMER	1.468e-01	1.796e-01	2.067e-01	7	resolve_next_lcp: set LCP
TIMER	6.269e+01	6.270e+01	6.270e+01	7	LCP update
unresolved = 983947, unfinished = 476015
TIMER	8.664e+01	8.665e+01	8.666e+01	5	bucket-chaising iteration
TIMER	1.920e-02	2.070e-02	2.175e-02	6	bulk_query: get recv_counts
TIMER	3.931e-01	8.840e-01	1.358e+00	6	bulk_query: all2all queries
Avg queries: 2.050e+04, max queries on proc 26: 450465
Inbalance factor: 2.198e+01x
TIMER	2.927e-02	1.141e-01	2.053e+00	6	bulk_query: local query
TIMER	2.226e-01	3.076e-01	3.622e-01	6	bulk_query: all2all query results
TIMER	6.157e+01	6.159e+01	6.160e+01	7	resolve_next_lcp: bulk_rmq
TIMER	1.116e-01	1.381e-01	1.554e-01	7	resolve_next_lcp: set LCP
TIMER	6.184e+01	6.184e+01	6.184e+01	7	LCP update
unresolved = 630245, unfinished = 309523
TIMER	7.814e+01	7.814e+01	7.816e+01	5	bucket-chaising iteration
TIMER	1.853e-02	1.945e-02	2.032e-02	6	bulk_query: get recv_counts
TIMER	1.836e-01	2.270e-01	5.477e-01	6	bulk_query: all2all queries
Avg queries: 1.313e+04, max queries on proc 26: 272698
Inbalance factor: 2.077e+01x
TIMER	2.797e-02	7.718e-02	1.040e+00	6	bulk_query: local query
TIMER	1.561e-01	3.553e-01	5.054e-01	6	bulk_query: all2all query results
TIMER	6.126e+01	6.127e+01	6.128e+01	7	resolve_next_lcp: bulk_rmq
TIMER	1.017e-01	1.230e-01	1.388e-01	7	resolve_next_lcp: set LCP
TIMER	6.150e+01	6.150e+01	6.150e+01	7	LCP update
unresolved = 346601, unfinished = 170433
TIMER	7.096e+01	7.096e+01	7.098e+01	5	bucket-chaising iteration
TIMER	1.713e-02	1.812e-02	1.971e-02	6	bulk_query: get recv_counts
TIMER	1.321e-01	1.617e-01	3.392e-01	6	bulk_query: all2all queries
Avg queries: 7.221e+03, max queries on proc 21: 135806
Inbalance factor: 1.881e+01x
TIMER	2.362e-02	5.044e-02	5.080e-01	6	bulk_query: local query
TIMER	8.644e-02	1.777e-01	2.347e-01	6	bulk_query: all2all query results
TIMER	6.113e+01	6.113e+01	6.114e+01	7	resolve_next_lcp: bulk_rmq
TIMER	6.163e-02	7.620e-02	8.602e-02	7	resolve_next_lcp: set LCP
TIMER	6.130e+01	6.130e+01	6.130e+01	7	LCP update
unresolved = 162762, unfinished = 81381
TIMER	6.595e+01	6.595e+01	6.596e+01	5	bucket-chaising iteration
TIMER	1.541e-02	1.650e-02	1.813e-02	6	bulk_query: get recv_counts
TIMER	1.050e-01	1.178e-01	2.721e-01	6	bulk_query: all2all queries
Avg queries: 3.391e+03, max queries on proc 21: 114302
Inbalance factor: 3.371e+01x
TIMER	2.371e-02	3.780e-02	4.410e-01	6	bulk_query: local query
TIMER	3.508e-02	1.152e-01	1.818e-01	6	bulk_query: all2all query results
TIMER	6.100e+01	6.100e+01	6.101e+01	7	resolve_next_lcp: bulk_rmq
TIMER	2.026e-02	2.962e-02	3.577e-02	7	resolve_next_lcp: set LCP
TIMER	6.112e+01	6.113e+01	6.113e+01	7	LCP update
unresolved = 92256, unfinished = 46128
TIMER	6.430e+01	6.430e+01	6.431e+01	5	bucket-chaising iteration
TIMER	1.413e-02	1.618e-02	2.214e-02	6	bulk_query: get recv_counts
TIMER	3.966e-02	4.572e-02	1.494e-01	6	bulk_query: all2all queries
Avg queries: 1.922e+03, max queries on proc 21: 92256
Inbalance factor: 4.800e+01x
TIMER	2.265e-02	2.937e-02	2.639e-01	6	bulk_query: local query
TIMER	1.335e-02	8.043e-02	1.439e-01	6	bulk_query: all2all query results
TIMER	6.102e+01	6.102e+01	6.103e+01	7	resolve_next_lcp: bulk_rmq
TIMER	9.451e-03	1.912e-02	3.242e-02	7	resolve_next_lcp: set LCP
TIMER	6.114e+01	6.114e+01	6.114e+01	7	LCP update
unresolved = 49248, unfinished = 24624
TIMER	6.338e+01	6.338e+01	6.339e+01	5	bucket-chaising iteration
TIMER	1.493e-02	1.571e-02	1.690e-02	6	bulk_query: get recv_counts
TIMER	4.909e-02	5.324e-02	1.188e-01	6	bulk_query: all2all queries
Avg queries: 1.026e+03, max queries on proc 21: 49248
Inbalance factor: 4.800e+01x
TIMER	2.257e-02	2.751e-02	1.787e-01	6	bulk_query: local query
TIMER	9.612e-03	4.609e-02	8.260e-02	6	bulk_query: all2all query results
TIMER	6.083e+01	6.084e+01	6.084e+01	7	resolve_next_lcp: bulk_rmq
TIMER	1.833e-02	2.726e-02	3.874e-02	7	resolve_next_lcp: set LCP
TIMER	6.096e+01	6.096e+01	6.096e+01	7	LCP update
unresolved = 0, unfinished = 0
TIMER	6.231e+01	6.232e+01	6.232e+01	5	bucket-chaising iteration
TIMER	1.209e+03	1.209e+03	1.209e+03	4	construct-msgs
TIMER	1.801e+01	1.883e+01	1.928e+01	4	fix-isa
TIMER	3.792e+03	3.792e+03	3.793e+03	2	desa_construct: SA/LCP construct
TIMER	9.598e+01	9.598e+01	9.599e+01	2	desa_construct: TLI construct
TIMER	8.849e-03	9.685e-03	1.247e-02	3	repartition: 1D-partition
TIMER	9.803e-02	9.889e-02	1.010e-01	2	desa_construct: 1-D partition
TIMER	1.560e+02	1.561e+02	1.565e+02	3	repartition: redistribute
TIMER	1.565e+02	1.565e+02	1.567e+02	2	desa_construct: repartition
TIMER	5.889e+01	5.972e+01	6.054e+01	2	desa_construct: RMQ construct
TIMER	2.532e-02	2.627e-02	2.751e-02	3	bulk_query: get recv_counts
TIMER	5.617e+01	5.780e+01	5.837e+01	3	bulk_query: all2all queries
Avg queries: 4.693e+06, max queries on proc 16: 4693589
Inbalance factor: 1.000e+00x
TIMER	5.653e+01	6.241e+01	6.470e+01	3	bulk_query: local query
TIMER	6.554e+00	6.653e+00	6.848e+00	3	bulk_query: all2all query results
TIMER	3.605e+02	3.660e+02	3.708e+02	2	desa_construct: Lc naive construct
TIMER	4.481e+03	4.481e+03	4.481e+03	1	construct idx
