== Node distribution == 
== p=384 processes on 8 nodes ==
--  Node: 'c506-083.stampede2.tacc.utexas.edu' (48/384)
        Ranks: 0, 1, 2, 3, 4, 5, 6, 7, 8, 9, 10, 11, 12, 13, 14, 15, 16, 17, 18, 19, 20, 21, 22, 23, 24, 25, 26, 27, 28, 29, 30, 31, 32, 33, 34, 35, 36, 37, 38, 39, 40, 41, 42, 43, 44, 45, 46, 47
--  Node: 'c506-084.stampede2.tacc.utexas.edu' (48/384)
        Ranks: 48, 49, 50, 51, 52, 53, 54, 55, 56, 57, 58, 59, 60, 61, 62, 63, 64, 65, 66, 67, 68, 69, 70, 71, 72, 73, 74, 75, 76, 77, 78, 79, 80, 81, 82, 83, 84, 85, 86, 87, 88, 89, 90, 91, 92, 93, 94, 95
--  Node: 'c506-102.stampede2.tacc.utexas.edu' (48/384)
        Ranks: 96, 97, 98, 99, 100, 101, 102, 103, 104, 105, 106, 107, 108, 109, 110, 111, 112, 113, 114, 115, 116, 117, 118, 119, 120, 121, 122, 123, 124, 125, 126, 127, 128, 129, 130, 131, 132, 133, 134, 135, 136, 137, 138, 139, 140, 141, 142, 143
--  Node: 'c506-121.stampede2.tacc.utexas.edu' (48/384)
        Ranks: 144, 145, 146, 147, 148, 149, 150, 151, 152, 153, 154, 155, 156, 157, 158, 159, 160, 161, 162, 163, 164, 165, 166, 167, 168, 169, 170, 171, 172, 173, 174, 175, 176, 177, 178, 179, 180, 181, 182, 183, 184, 185, 186, 187, 188, 189, 190, 191
--  Node: 'c506-122.stampede2.tacc.utexas.edu' (48/384)
        Ranks: 192, 193, 194, 195, 196, 197, 198, 199, 200, 201, 202, 203, 204, 205, 206, 207, 208, 209, 210, 211, 212, 213, 214, 215, 216, 217, 218, 219, 220, 221, 222, 223, 224, 225, 226, 227, 228, 229, 230, 231, 232, 233, 234, 235, 236, 237, 238, 239
--  Node: 'c506-132.stampede2.tacc.utexas.edu' (48/384)
        Ranks: 240, 241, 242, 243, 244, 245, 246, 247, 248, 249, 250, 251, 252, 253, 254, 255, 256, 257, 258, 259, 260, 261, 262, 263, 264, 265, 266, 267, 268, 269, 270, 271, 272, 273, 274, 275, 276, 277, 278, 279, 280, 281, 282, 283, 284, 285, 286, 287
--  Node: 'c506-133.stampede2.tacc.utexas.edu' (48/384)
        Ranks: 288, 289, 290, 291, 292, 293, 294, 295, 296, 297, 298, 299, 300, 301, 302, 303, 304, 305, 306, 307, 308, 309, 310, 311, 312, 313, 314, 315, 316, 317, 318, 319, 320, 321, 322, 323, 324, 325, 326, 327, 328, 329, 330, 331, 332, 333, 334, 335
--  Node: 'c506-134.stampede2.tacc.utexas.edu' (48/384)
        Ranks: 336, 337, 338, 339, 340, 341, 342, 343, 344, 345, 346, 347, 348, 349, 350, 351, 352, 353, 354, 355, 356, 357, 358, 359, 360, 361, 362, 363, 364, 365, 366, 367, 368, 369, 370, 371, 372, 373, 374, 375, 376, 377, 378, 379, 380, 381, 382, 383
TIMER	7.758e+00	2.115e+01	2.596e+01	1	read input file
TIMER	4.345e-01	4.364e-01	4.381e-01	2	desa_construct: cpy str
Alphabet: {sigma=4, l=3, A=[A, C, G, T]}
TIMER	1.024e+00	1.026e+00	1.065e+00	3	get alphabet
TIMER	4.343e+00	5.163e+00	5.645e+00	4	kmer-gen
TIMER	3.553e+00	5.617e+00	1.016e+01	5	shift-buckets
TIMER	2.761e+02	2.806e+02	2.832e+02	5	ISA-to-SA
TIMER	9.099e+00	9.996e+00	1.104e+01	5	init-lcp
iteration 21: unfinished buckets = 3772201, unfinished elements = 14712234
TIMER	6.075e+00	6.167e+00	6.383e+00	5	rebucket
TIMER	1.358e+02	1.378e+02	1.388e+02	5	SA-to-ISA
TIMER	4.502e+02	4.502e+02	4.502e+02	5	sac-iteration
Starting Bucket chasing algorithm
unresolved = 14712245, unfinished = 3772201
TIMER	2.345e+00	2.348e+00	2.371e+00	5	get active elements
TIMER	9.560e-02	1.215e-01	1.535e-01	6	bulk_query: get recv_counts
TIMER	3.198e+00	3.344e+00	3.573e+00	6	bulk_query: all2all queries
Avg queries: 3.831e+04, max queries on proc 213: 483519
Inbalance factor: 1.262e+01x
TIMER	1.848e-01	4.294e-01	4.225e+00	6	bulk_query: local query
TIMER	3.149e+00	3.369e+00	3.529e+00	6	bulk_query: all2all query results
TIMER	2.664e+01	2.713e+01	2.903e+01	7	resolve_next_lcp: bulk_rmq
TIMER	1.576e-01	3.062e-01	5.517e-01	7	resolve_next_lcp: set LCP
TIMER	2.974e+01	2.975e+01	2.975e+01	7	LCP update
unresolved = 5543898, unfinished = 1943843
TIMER	9.275e+01	9.275e+01	9.278e+01	5	bucket-chaising iteration
TIMER	9.520e-02	1.245e-01	1.446e-01	6	bulk_query: get recv_counts
TIMER	2.035e+00	2.143e+00	2.275e+00	6	bulk_query: all2all queries
Avg queries: 1.444e+04, max queries on proc 213: 404639
Inbalance factor: 2.803e+01x
TIMER	6.735e-02	1.596e-01	3.164e+00	6	bulk_query: local query
TIMER	2.018e+00	2.120e+00	2.259e+00	6	bulk_query: all2all query results
TIMER	1.078e+01	1.085e+01	1.093e+01	7	resolve_next_lcp: bulk_rmq
TIMER	5.420e-02	8.899e-02	1.259e-01	7	resolve_next_lcp: set LCP
TIMER	1.123e+01	1.123e+01	1.124e+01	7	LCP update
unresolved = 3214279, unfinished = 1330905
TIMER	3.297e+01	3.297e+01	3.300e+01	5	bucket-chaising iteration
TIMER	8.770e-02	1.120e-01	1.447e-01	6	bulk_query: get recv_counts
TIMER	6.906e-01	1.496e+00	1.618e+00	6	bulk_query: all2all queries
Avg queries: 8.371e+03, max queries on proc 212: 330742
Inbalance factor: 3.951e+01x
TIMER	6.039e-02	1.082e-01	2.358e+00	6	bulk_query: local query
TIMER	1.313e+00	1.471e+00	1.609e+00	6	bulk_query: all2all query results
TIMER	9.530e+00	9.554e+00	9.577e+00	7	resolve_next_lcp: bulk_rmq
TIMER	3.904e-02	5.155e-02	6.696e-02	7	resolve_next_lcp: set LCP
TIMER	9.812e+00	9.815e+00	9.818e+00	7	LCP update
unresolved = 2059860, unfinished = 924799
TIMER	2.519e+01	2.520e+01	2.522e+01	5	bucket-chaising iteration
TIMER	8.479e-02	1.106e-01	1.338e-01	6	bulk_query: get recv_counts
TIMER	4.583e-01	9.772e-01	1.293e+00	6	bulk_query: all2all queries
Avg queries: 5.364e+03, max queries on proc 212: 301618
Inbalance factor: 5.623e+01x
TIMER	5.629e-02	9.176e-02	1.875e+00	6	bulk_query: local query
TIMER	8.248e-01	9.379e-01	1.059e+00	6	bulk_query: all2all query results
TIMER	8.859e+00	8.873e+00	8.925e+00	7	resolve_next_lcp: bulk_rmq
TIMER	2.145e-02	3.059e-02	3.969e-02	7	resolve_next_lcp: set LCP
TIMER	9.125e+00	9.129e+00	9.139e+00	7	LCP update
unresolved = 1420247, unfinished = 659187
TIMER	2.107e+01	2.107e+01	2.109e+01	5	bucket-chaising iteration
TIMER	7.429e-02	1.135e-01	1.477e-01	6	bulk_query: get recv_counts
TIMER	4.596e-01	7.409e-01	1.182e+00	6	bulk_query: all2all queries
Avg queries: 3.699e+03, max queries on proc 212: 259488
Inbalance factor: 7.016e+01x
TIMER	6.188e-02	8.260e-02	1.407e+00	6	bulk_query: local query
TIMER	5.593e-01	6.705e-01	7.707e-01	6	bulk_query: all2all query results
TIMER	8.478e+00	8.495e+00	8.516e+00	7	resolve_next_lcp: bulk_rmq
TIMER	1.091e-02	2.037e-02	2.821e-02	7	resolve_next_lcp: set LCP
TIMER	8.712e+00	8.715e+00	8.717e+00	7	LCP update
unresolved = 983947, unfinished = 476015
TIMER	1.843e+01	1.843e+01	1.845e+01	5	bucket-chaising iteration
TIMER	7.495e-02	1.032e-01	1.287e-01	6	bulk_query: get recv_counts
TIMER	2.885e-01	6.039e-01	1.030e+00	6	bulk_query: all2all queries
Avg queries: 2.562e+03, max queries on proc 212: 202505
Inbalance factor: 7.903e+01x
TIMER	4.403e-02	6.761e-02	9.829e-01	6	bulk_query: local query
TIMER	3.674e-01	4.650e-01	5.581e-01	6	bulk_query: all2all query results
TIMER	8.274e+00	8.288e+00	8.307e+00	7	resolve_next_lcp: bulk_rmq
TIMER	1.156e-02	1.693e-02	2.226e-02	7	resolve_next_lcp: set LCP
TIMER	8.500e+00	8.503e+00	8.505e+00	7	LCP update
unresolved = 630245, unfinished = 309523
TIMER	1.566e+01	1.566e+01	1.568e+01	5	bucket-chaising iteration
TIMER	8.186e-02	1.093e-01	1.312e-01	6	bulk_query: get recv_counts
TIMER	2.624e-01	4.923e-01	7.622e-01	6	bulk_query: all2all queries
Avg queries: 1.641e+03, max queries on proc 175: 146558
Inbalance factor: 8.930e+01x
TIMER	5.021e-02	5.960e-02	6.143e-01	6	bulk_query: local query
TIMER	2.627e-01	3.369e-01	3.952e-01	6	bulk_query: all2all query results
TIMER	8.066e+00	8.074e+00	8.087e+00	7	resolve_next_lcp: bulk_rmq
TIMER	1.003e-02	1.560e-02	2.306e-02	7	resolve_next_lcp: set LCP
TIMER	8.274e+00	8.278e+00	8.282e+00	7	LCP update
unresolved = 346601, unfinished = 170433
TIMER	1.369e+01	1.369e+01	1.370e+01	5	bucket-chaising iteration
TIMER	7.309e-02	1.024e-01	1.234e-01	6	bulk_query: get recv_counts
TIMER	1.286e-01	3.633e-01	6.492e-01	6	bulk_query: all2all queries
Avg queries: 9.026e+02, max queries on proc 175: 135806
Inbalance factor: 1.505e+02x
TIMER	5.023e-02	5.661e-02	4.551e-01	6	bulk_query: local query
TIMER	1.894e-01	2.897e-01	3.607e-01	6	bulk_query: all2all query results
TIMER	7.796e+00	7.812e+00	7.845e+00	7	resolve_next_lcp: bulk_rmq
TIMER	7.111e-03	1.027e-02	1.436e-02	7	resolve_next_lcp: set LCP
TIMER	8.023e+00	8.025e+00	8.027e+00	7	LCP update
unresolved = 162762, unfinished = 81381
TIMER	1.276e+01	1.277e+01	1.278e+01	5	bucket-chaising iteration
TIMER	7.922e-02	1.110e-01	1.341e-01	6	bulk_query: get recv_counts
TIMER	1.220e-01	3.135e-01	6.068e-01	6	bulk_query: all2all queries
Avg queries: 4.239e+02, max queries on proc 175: 114302
Inbalance factor: 2.697e+02x
TIMER	5.033e-02	5.547e-02	3.774e-01	6	bulk_query: local query
TIMER	1.437e-01	2.246e-01	3.072e-01	6	bulk_query: all2all query results
TIMER	7.462e+00	7.467e+00	7.474e+00	7	resolve_next_lcp: bulk_rmq
TIMER	2.258e-03	4.386e-03	7.126e-03	7	resolve_next_lcp: set LCP
TIMER	7.666e+00	7.668e+00	7.670e+00	7	LCP update
unresolved = 92256, unfinished = 46128
TIMER	1.181e+01	1.181e+01	1.182e+01	5	bucket-chaising iteration
TIMER	7.114e-02	1.051e-01	1.294e-01	6	bulk_query: get recv_counts
TIMER	5.104e-02	2.453e-01	5.957e-01	6	bulk_query: all2all queries
Avg queries: 2.402e+02, max queries on proc 175: 92256
Inbalance factor: 3.840e+02x
TIMER	4.941e-02	5.381e-02	3.310e-01	6	bulk_query: local query
TIMER	2.687e-02	1.699e-01	2.991e-01	6	bulk_query: all2all query results
TIMER	7.235e+00	7.244e+00	7.261e+00	7	resolve_next_lcp: bulk_rmq
TIMER	1.302e-03	3.154e-03	1.054e-02	7	resolve_next_lcp: set LCP
TIMER	7.442e+00	7.444e+00	7.446e+00	7	LCP update
unresolved = 49248, unfinished = 24624
TIMER	1.110e+01	1.110e+01	1.111e+01	5	bucket-chaising iteration
TIMER	7.826e-02	9.703e-02	1.226e-01	6	bulk_query: get recv_counts
TIMER	3.094e-02	1.904e-01	4.776e-01	6	bulk_query: all2all queries
Avg queries: 1.282e+02, max queries on proc 175: 49248
Inbalance factor: 3.840e+02x
TIMER	5.497e-02	6.037e-02	2.183e-01	6	bulk_query: local query
TIMER	2.229e-02	1.481e-01	2.588e-01	6	bulk_query: all2all query results
TIMER	7.253e+00	7.262e+00	7.270e+00	7	resolve_next_lcp: bulk_rmq
TIMER	1.288e-03	4.404e-03	1.379e-02	7	resolve_next_lcp: set LCP
TIMER	7.459e+00	7.461e+00	7.462e+00	7	LCP update
unresolved = 0, unfinished = 0
TIMER	1.025e+01	1.026e+01	1.027e+01	5	bucket-chaising iteration
TIMER	2.695e+02	2.695e+02	2.695e+02	4	construct-msgs
TIMER	1.902e+00	2.040e+00	2.178e+00	4	fix-isa
TIMER	7.294e+02	7.294e+02	7.294e+02	2	desa_construct: SA/LCP construct
TIMER	1.879e+01	1.887e+01	1.895e+01	2	desa_construct: TLI construct
TIMER	7.992e-02	9.322e-02	1.360e-01	3	repartition: 1D-partition
TIMER	1.241e+00	1.242e+00	1.245e+00	2	desa_construct: 1-D partition
TIMER	1.629e+01	1.630e+01	1.633e+01	3	repartition: redistribute
TIMER	1.647e+01	1.648e+01	1.774e+01	2	desa_construct: repartition
TIMER	6.516e+00	6.785e+00	7.017e+00	2	desa_construct: RMQ construct
TIMER	8.482e-02	1.087e-01	1.392e-01	3	bulk_query: get recv_counts
TIMER	4.175e+01	4.235e+01	4.263e+01	3	bulk_query: all2all queries
Avg queries: 5.867e+05, max queries on proc 22: 587918
Inbalance factor: 1.002e+00x
TIMER	1.879e+00	2.177e+00	2.944e+00	3	bulk_query: local query
TIMER	3.636e+00	3.695e+00	3.771e+00	3	bulk_query: all2all query results
TIMER	7.673e+01	7.756e+01	7.905e+01	2	desa_construct: Lc naive construct
TIMER	8.547e+02	8.547e+02	8.547e+02	1	construct idx
