== Node distribution == 
== p=12 processes on 1 nodes ==
--  Node: 'c506-044.stampede2.tacc.utexas.edu' (12/12)
        Ranks: 0, 1, 2, 3, 4, 5, 6, 7, 8, 9, 10, 11
TIMER	7.300e+01	7.512e+01	7.810e+01	1	read input file
TIMER	8.242e+00	8.243e+00	8.243e+00	2	desa_construct: cpy str
Alphabet: {sigma=4, l=3, A=[A, C, G, T]}
TIMER	1.302e+01	1.302e+01	1.304e+01	3	get alphabet
TIMER	8.334e+01	8.416e+01	8.809e+01	4	kmer-gen
TIMER	7.318e+01	7.402e+01	7.480e+01	5	shift-buckets
TIMER	3.578e+03	3.588e+03	3.605e+03	5	ISA-to-SA
TIMER	2.154e+02	2.314e+02	2.357e+02	5	init-lcp
iteration 21: unfinished buckets = 3772201, unfinished elements = 14712242
TIMER	8.257e+01	8.332e+01	8.416e+01	5	rebucket
TIMER	1.128e+03	1.131e+03	1.135e+03	5	SA-to-ISA
TIMER	5.134e+03	5.134e+03	5.134e+03	5	sac-iteration
Starting Bucket chasing algorithm
unresolved = 14712245, unfinished = 3772201
TIMER	4.778e+01	4.778e+01	4.780e+01	5	get active elements
TIMER	1.622e-02	2.098e-02	2.418e-02	6	bulk_query: get recv_counts
TIMER	1.030e+01	1.208e+01	1.447e+01	6	bulk_query: all2all queries
Avg queries: 1.226e+06, max queries on proc 6: 3581587
Inbalance factor: 2.921e+00x
TIMER	8.262e+00	1.350e+01	3.679e+01	6	bulk_query: local query
TIMER	6.801e+00	6.964e+00	7.223e+00	6	bulk_query: all2all query results
TIMER	3.198e+02	3.238e+02	3.274e+02	7	resolve_next_lcp: bulk_rmq
TIMER	5.334e+00	6.602e+00	7.659e+00	7	resolve_next_lcp: set LCP
TIMER	3.352e+02	3.352e+02	3.352e+02	7	LCP update
unresolved = 5543898, unfinished = 1943843
TIMER	7.090e+02	7.093e+02	7.094e+02	5	bucket-chaising iteration
TIMER	1.347e-02	1.422e-02	1.517e-02	6	bulk_query: get recv_counts
TIMER	2.980e+00	4.688e+00	6.571e+00	6	bulk_query: all2all queries
Avg queries: 4.620e+05, max queries on proc 6: 2362138
Inbalance factor: 5.113e+00x
TIMER	6.809e-01	3.584e+00	1.763e+01	6	bulk_query: local query
TIMER	2.743e+00	2.988e+00	3.266e+00	6	bulk_query: all2all query results
TIMER	1.929e+02	1.932e+02	1.946e+02	7	resolve_next_lcp: bulk_rmq
TIMER	2.715e+00	2.862e+00	3.040e+00	7	resolve_next_lcp: set LCP
TIMER	1.977e+02	1.977e+02	1.977e+02	7	LCP update
unresolved = 3214279, unfinished = 1330905
TIMER	3.615e+02	3.618e+02	3.636e+02	5	bucket-chaising iteration
TIMER	1.218e-02	1.322e-02	1.414e-02	6	bulk_query: get recv_counts
TIMER	4.930e+00	5.777e+00	6.817e+00	6	bulk_query: all2all queries
Avg queries: 2.679e+05, max queries on proc 6: 1698925
Inbalance factor: 6.343e+00x
TIMER	1.477e-01	1.838e+00	1.360e+01	6	bulk_query: local query
TIMER	1.866e+00	2.185e+00	2.383e+00	6	bulk_query: all2all query results
TIMER	1.750e+02	1.751e+02	1.751e+02	7	resolve_next_lcp: bulk_rmq
TIMER	1.598e+00	1.654e+00	1.705e+00	7	resolve_next_lcp: set LCP
TIMER	1.769e+02	1.769e+02	1.769e+02	7	LCP update
unresolved = 2059860, unfinished = 924799
TIMER	2.866e+02	2.868e+02	2.880e+02	5	bucket-chaising iteration
TIMER	1.147e-02	1.274e-02	1.407e-02	6	bulk_query: get recv_counts
TIMER	1.422e+00	2.497e+00	3.493e+00	6	bulk_query: all2all queries
Avg queries: 1.717e+05, max queries on proc 6: 1188693
Inbalance factor: 6.925e+00x
TIMER	4.038e-02	1.175e+00	7.708e+00	6	bulk_query: local query
TIMER	1.220e+00	1.441e+00	1.536e+00	6	bulk_query: all2all query results
TIMER	1.699e+02	1.699e+02	1.699e+02	7	resolve_next_lcp: bulk_rmq
TIMER	9.080e-01	9.447e-01	9.781e-01	7	resolve_next_lcp: set LCP
TIMER	1.710e+02	1.710e+02	1.710e+02	7	LCP update
unresolved = 1420247, unfinished = 659187
TIMER	2.420e+02	2.425e+02	2.441e+02	5	bucket-chaising iteration
TIMER	1.059e-02	1.190e-02	1.337e-02	6	bulk_query: get recv_counts
TIMER	1.007e+00	1.582e+00	2.248e+00	6	bulk_query: all2all queries
Avg queries: 1.184e+05, max queries on proc 6: 820634
Inbalance factor: 6.934e+00x
TIMER	2.771e-02	6.348e-01	4.698e+00	6	bulk_query: local query
TIMER	6.957e-01	8.712e-01	9.205e-01	6	bulk_query: all2all query results
TIMER	1.684e+02	1.684e+02	1.684e+02	7	resolve_next_lcp: bulk_rmq
TIMER	5.818e-01	6.189e-01	6.615e-01	7	resolve_next_lcp: set LCP
TIMER	1.692e+02	1.692e+02	1.692e+02	7	LCP update
unresolved = 983947, unfinished = 476015
TIMER	2.223e+02	2.223e+02	2.224e+02	5	bucket-chaising iteration
TIMER	1.274e-02	1.456e-02	1.623e-02	6	bulk_query: get recv_counts
TIMER	7.146e-01	1.036e+00	1.438e+00	6	bulk_query: all2all queries
Avg queries: 8.200e+04, max queries on proc 6: 536446
Inbalance factor: 6.542e+00x
TIMER	2.300e-02	4.046e-01	2.776e+00	6	bulk_query: local query
TIMER	2.797e-01	5.391e-01	6.587e-01	6	bulk_query: all2all query results
TIMER	1.597e+02	1.597e+02	1.597e+02	7	resolve_next_lcp: bulk_rmq
TIMER	4.465e-01	4.958e-01	5.296e-01	7	resolve_next_lcp: set LCP
TIMER	1.603e+02	1.603e+02	1.603e+02	7	LCP update
unresolved = 630245, unfinished = 309523
TIMER	1.934e+02	1.934e+02	1.934e+02	5	bucket-chaising iteration
TIMER	8.359e-03	9.905e-03	1.089e-02	6	bulk_query: get recv_counts
TIMER	3.752e-01	5.524e-01	7.596e-01	6	bulk_query: all2all queries
Avg queries: 5.252e+04, max queries on proc 6: 304865
Inbalance factor: 5.805e+00x
TIMER	2.251e-02	2.362e-01	1.369e+00	6	bulk_query: local query
TIMER	1.808e-01	2.340e-01	2.818e-01	6	bulk_query: all2all query results
TIMER	1.596e+02	1.596e+02	1.596e+02	7	resolve_next_lcp: bulk_rmq
TIMER	4.037e-01	4.249e-01	4.594e-01	7	resolve_next_lcp: set LCP
TIMER	1.601e+02	1.601e+02	1.601e+02	7	LCP update
unresolved = 346601, unfinished = 170433
TIMER	1.787e+02	1.787e+02	1.787e+02	5	bucket-chaising iteration
TIMER	7.424e-03	8.936e-03	1.023e-02	6	bulk_query: get recv_counts
TIMER	1.989e-01	3.328e-01	4.143e-01	6	bulk_query: all2all queries
Avg queries: 2.888e+04, max queries on proc 6: 141733
Inbalance factor: 4.907e+00x
TIMER	2.157e-02	1.218e-01	5.221e-01	6	bulk_query: local query
TIMER	1.142e-01	1.512e-01	1.815e-01	6	bulk_query: all2all query results
TIMER	1.586e+02	1.586e+02	1.586e+02	7	resolve_next_lcp: bulk_rmq
TIMER	2.684e-01	2.737e-01	2.842e-01	7	resolve_next_lcp: set LCP
TIMER	1.590e+02	1.590e+02	1.590e+02	7	LCP update
unresolved = 162762, unfinished = 81381
TIMER	1.682e+02	1.682e+02	1.682e+02	5	bucket-chaising iteration
TIMER	7.803e-03	8.528e-03	9.823e-03	6	bulk_query: get recv_counts
TIMER	9.204e-02	1.987e-01	3.021e-01	6	bulk_query: all2all queries
Avg queries: 1.356e+04, max queries on proc 5: 114302
Inbalance factor: 8.427e+00x
TIMER	1.954e-02	6.695e-02	4.041e-01	6	bulk_query: local query
TIMER	5.244e-02	9.299e-02	1.183e-01	6	bulk_query: all2all query results
TIMER	1.577e+02	1.577e+02	1.577e+02	7	resolve_next_lcp: bulk_rmq
TIMER	8.862e-02	9.891e-02	1.134e-01	7	resolve_next_lcp: set LCP
TIMER	1.579e+02	1.579e+02	1.579e+02	7	LCP update
unresolved = 92256, unfinished = 46128
TIMER	1.630e+02	1.630e+02	1.630e+02	5	bucket-chaising iteration
TIMER	7.477e-03	8.379e-03	9.621e-03	6	bulk_query: get recv_counts
TIMER	6.269e-02	1.065e-01	2.047e-01	6	bulk_query: all2all queries
Avg queries: 7.688e+03, max queries on proc 5: 92256
Inbalance factor: 1.200e+01x
TIMER	1.940e-02	4.270e-02	2.757e-01	6	bulk_query: local query
TIMER	2.763e-02	7.827e-02	1.121e-01	6	bulk_query: all2all query results
TIMER	1.581e+02	1.582e+02	1.582e+02	7	resolve_next_lcp: bulk_rmq
TIMER	4.639e-02	6.272e-02	9.015e-02	7	resolve_next_lcp: set LCP
TIMER	1.583e+02	1.583e+02	1.583e+02	7	LCP update
unresolved = 49248, unfinished = 24624
TIMER	1.620e+02	1.620e+02	1.620e+02	5	bucket-chaising iteration
TIMER	7.220e-03	7.720e-03	8.794e-03	6	bulk_query: get recv_counts
TIMER	2.455e-02	2.994e-02	6.775e-02	6	bulk_query: all2all queries
Avg queries: 4.104e+03, max queries on proc 5: 49248
Inbalance factor: 1.200e+01x
TIMER	1.817e-02	3.187e-02	1.562e-01	6	bulk_query: local query
TIMER	1.646e-02	4.917e-02	7.557e-02	6	bulk_query: all2all query results
TIMER	1.575e+02	1.575e+02	1.575e+02	7	resolve_next_lcp: bulk_rmq
TIMER	5.607e-02	7.292e-02	8.680e-02	7	resolve_next_lcp: set LCP
TIMER	1.576e+02	1.576e+02	1.576e+02	7	LCP update
unresolved = 0, unfinished = 0
TIMER	1.595e+02	1.595e+02	1.595e+02	5	bucket-chaising iteration
TIMER	2.902e+03	2.902e+03	2.902e+03	4	construct-msgs
TIMER	2.126e+01	2.144e+01	2.163e+01	4	fix-isa
TIMER	8.160e+03	8.160e+03	8.160e+03	2	desa_construct: SA/LCP construct
TIMER	3.352e+02	3.352e+02	3.352e+02	2	desa_construct: TLI construct
TIMER	2.888e-03	3.035e-03	3.313e-03	3	repartition: 1D-partition
TIMER	2.585e-02	2.639e-02	2.855e-02	2	desa_construct: 1-D partition
TIMER	2.326e+02	2.327e+02	2.328e+02	3	repartition: redistribute
TIMER	2.329e+02	2.329e+02	2.329e+02	2	desa_construct: repartition
TIMER	1.559e+02	1.583e+02	1.616e+02	2	desa_construct: RMQ construct
TIMER	1.345e-02	1.413e-02	1.614e-02	3	bulk_query: get recv_counts
TIMER	8.247e+01	8.542e+01	8.797e+01	3	bulk_query: all2all queries
Avg queries: 1.877e+07, max queries on proc 4: 18773619
Inbalance factor: 1.000e+00x
TIMER	2.122e+02	2.243e+02	2.309e+02	3	bulk_query: local query
TIMER	1.059e+01	1.076e+01	1.099e+01	3	bulk_query: all2all query results
TIMER	8.964e+02	9.022e+02	9.087e+02	2	desa_construct: Lc naive construct
TIMER	9.808e+03	9.808e+03	9.808e+03	1	construct idx
