== Node distribution == 
== p=96 processes on 2 nodes ==
--  Node: 'c506-083.stampede2.tacc.utexas.edu' (48/96)
        Ranks: 0, 1, 2, 3, 4, 5, 6, 7, 8, 9, 10, 11, 12, 13, 14, 15, 16, 17, 18, 19, 20, 21, 22, 23, 24, 25, 26, 27, 28, 29, 30, 31, 32, 33, 34, 35, 36, 37, 38, 39, 40, 41, 42, 43, 44, 45, 46, 47
--  Node: 'c506-084.stampede2.tacc.utexas.edu' (48/96)
        Ranks: 48, 49, 50, 51, 52, 53, 54, 55, 56, 57, 58, 59, 60, 61, 62, 63, 64, 65, 66, 67, 68, 69, 70, 71, 72, 73, 74, 75, 76, 77, 78, 79, 80, 81, 82, 83, 84, 85, 86, 87, 88, 89, 90, 91, 92, 93, 94, 95
TIMER	1.479e+01	2.664e+01	3.018e+01	1	read input file
TIMER	2.142e+00	2.143e+00	2.145e+00	2	desa_construct: cpy str
Alphabet: {sigma=4, l=3, A=[A, C, G, T]}
TIMER	2.494e+00	2.495e+00	2.527e+00	3	get alphabet
TIMER	2.284e+01	2.357e+01	2.422e+01	4	kmer-gen
TIMER	2.593e+01	2.702e+01	3.032e+01	5	shift-buckets
TIMER	9.467e+02	9.499e+02	9.538e+02	5	ISA-to-SA
TIMER	4.123e+01	4.240e+01	4.371e+01	5	init-lcp
iteration 21: unfinished buckets = 3772201, unfinished elements = 14712242
TIMER	2.367e+01	2.396e+01	2.422e+01	5	rebucket
TIMER	3.318e+02	3.342e+02	3.367e+02	5	SA-to-ISA
TIMER	1.392e+03	1.392e+03	1.392e+03	5	sac-iteration
Starting Bucket chasing algorithm
unresolved = 14712245, unfinished = 3772201
TIMER	7.551e+00	7.552e+00	7.573e+00	5	get active elements
TIMER	4.691e-02	5.358e-02	6.027e-02	6	bulk_query: get recv_counts
TIMER	8.504e+00	9.556e+00	9.945e+00	6	bulk_query: all2all queries
Avg queries: 1.533e+05, max queries on proc 53: 1225737
Inbalance factor: 7.998e+00x
TIMER	9.078e-01	1.916e+00	1.110e+01	6	bulk_query: local query
TIMER	6.387e+00	7.186e+00	7.584e+00	6	bulk_query: all2all query results
TIMER	7.382e+01	7.506e+01	7.750e+01	7	resolve_next_lcp: bulk_rmq
TIMER	1.285e+00	1.805e+00	2.361e+00	7	resolve_next_lcp: set LCP
TIMER	8.000e+01	8.000e+01	8.000e+01	7	LCP update
unresolved = 5543898, unfinished = 1943843
TIMER	2.052e+02	2.052e+02	2.052e+02	5	bucket-chaising iteration
TIMER	4.232e-02	4.814e-02	6.082e-02	6	bulk_query: get recv_counts
TIMER	2.920e+00	3.404e+00	3.540e+00	6	bulk_query: all2all queries
Avg queries: 5.775e+04, max queries on proc 53: 981645
Inbalance factor: 1.700e+01x
TIMER	1.108e-01	4.599e-01	7.659e+00	6	bulk_query: local query
TIMER	2.398e+00	2.766e+00	3.354e+00	6	bulk_query: all2all query results
TIMER	3.751e+01	3.761e+01	3.777e+01	7	resolve_next_lcp: bulk_rmq
TIMER	4.117e-01	5.242e-01	6.117e-01	7	resolve_next_lcp: set LCP
TIMER	3.852e+01	3.852e+01	3.852e+01	7	LCP update
unresolved = 3214279, unfinished = 1330905
TIMER	8.667e+01	8.667e+01	8.669e+01	5	bucket-chaising iteration
TIMER	3.827e-02	4.603e-02	5.220e-02	6	bulk_query: get recv_counts
TIMER	2.113e+00	2.883e+00	3.206e+00	6	bulk_query: all2all queries
Avg queries: 3.348e+04, max queries on proc 53: 745565
Inbalance factor: 2.227e+01x
TIMER	4.518e-02	2.468e-01	5.438e+00	6	bulk_query: local query
TIMER	1.075e+00	1.733e+00	2.642e+00	6	bulk_query: all2all query results
TIMER	3.325e+01	3.329e+01	3.335e+01	7	resolve_next_lcp: bulk_rmq
TIMER	2.103e-01	2.506e-01	3.024e-01	7	resolve_next_lcp: set LCP
TIMER	3.376e+01	3.376e+01	3.376e+01	7	LCP update
unresolved = 2059860, unfinished = 924799
TIMER	6.678e+01	6.678e+01	6.680e+01	5	bucket-chaising iteration
TIMER	3.583e-02	4.094e-02	4.609e-02	6	bulk_query: get recv_counts
TIMER	9.019e-01	1.441e+00	1.837e+00	6	bulk_query: all2all queries
Avg queries: 2.146e+04, max queries on proc 53: 532776
Inbalance factor: 2.483e+01x
TIMER	3.480e-02	1.541e-01	3.453e+00	6	bulk_query: local query
TIMER	6.059e-01	8.312e-01	1.120e+00	6	bulk_query: all2all query results
TIMER	3.198e+01	3.201e+01	3.204e+01	7	resolve_next_lcp: bulk_rmq
TIMER	1.085e-01	1.302e-01	1.664e-01	7	resolve_next_lcp: set LCP
TIMER	3.231e+01	3.231e+01	3.231e+01	7	LCP update
unresolved = 1420247, unfinished = 659187
TIMER	5.325e+01	5.325e+01	5.327e+01	5	bucket-chaising iteration
TIMER	3.380e-02	4.193e-02	5.695e-02	6	bulk_query: get recv_counts
TIMER	6.825e-01	9.275e-01	1.289e+00	6	bulk_query: all2all queries
Avg queries: 1.479e+04, max queries on proc 53: 376346
Inbalance factor: 2.544e+01x
TIMER	3.344e-02	1.057e-01	2.138e+00	6	bulk_query: local query
TIMER	3.844e-01	5.324e-01	7.125e-01	6	bulk_query: all2all query results
TIMER	3.845e+01	3.849e+01	3.858e+01	7	resolve_next_lcp: bulk_rmq
TIMER	6.847e-02	1.904e-01	9.665e-01	7	resolve_next_lcp: set LCP
TIMER	4.014e+01	4.014e+01	4.017e+01	7	LCP update
unresolved = 983947, unfinished = 476015
TIMER	5.816e+01	5.817e+01	5.819e+01	5	bucket-chaising iteration
TIMER	4.987e-02	5.772e-02	9.571e-02	6	bulk_query: get recv_counts
TIMER	3.921e-01	6.576e-01	1.634e+00	6	bulk_query: all2all queries
Avg queries: 1.025e+04, max queries on proc 53: 253800
Inbalance factor: 2.476e+01x
TIMER	6.499e-02	1.107e-01	1.227e+00	6	bulk_query: local query
TIMER	3.429e-01	4.834e-01	1.484e+00	6	bulk_query: all2all query results
TIMER	3.307e+01	3.309e+01	3.311e+01	7	resolve_next_lcp: bulk_rmq
TIMER	5.301e-02	8.898e-02	1.321e-01	7	resolve_next_lcp: set LCP
TIMER	3.336e+01	3.337e+01	3.337e+01	7	LCP update
unresolved = 630245, unfinished = 309523
TIMER	5.791e+01	5.792e+01	5.794e+01	5	bucket-chaising iteration
TIMER	2.886e-02	4.056e-02	4.531e-02	6	bulk_query: get recv_counts
TIMER	2.760e-01	3.854e-01	5.454e-01	6	bulk_query: all2all queries
Avg queries: 6.565e+03, max queries on proc 53: 149584
Inbalance factor: 2.278e+01x
TIMER	3.263e-02	6.171e-02	7.260e-01	6	bulk_query: local query
TIMER	1.699e-01	2.647e-01	3.258e-01	6	bulk_query: all2all query results
TIMER	3.159e+01	3.160e+01	3.162e+01	7	resolve_next_lcp: bulk_rmq
TIMER	5.335e-02	6.686e-02	9.068e-02	7	resolve_next_lcp: set LCP
TIMER	3.181e+01	3.181e+01	3.181e+01	7	LCP update
unresolved = 346601, unfinished = 170433
TIMER	3.767e+01	3.767e+01	3.768e+01	5	bucket-chaising iteration
TIMER	3.462e-02	4.287e-02	5.376e-02	6	bulk_query: get recv_counts
TIMER	1.854e-01	2.770e-01	4.584e-01	6	bulk_query: all2all queries
Avg queries: 3.610e+03, max queries on proc 43: 135806
Inbalance factor: 3.761e+01x
TIMER	3.102e-02	4.679e-02	5.187e-01	6	bulk_query: local query
TIMER	7.068e-02	1.982e-01	2.726e-01	6	bulk_query: all2all query results
TIMER	3.158e+01	3.159e+01	3.160e+01	7	resolve_next_lcp: bulk_rmq
TIMER	3.217e-02	4.004e-02	4.957e-02	7	resolve_next_lcp: set LCP
TIMER	3.175e+01	3.175e+01	3.175e+01	7	LCP update
unresolved = 162762, unfinished = 81381
TIMER	3.615e+01	3.615e+01	3.616e+01	5	bucket-chaising iteration
TIMER	3.320e-02	3.858e-02	5.078e-02	6	bulk_query: get recv_counts
TIMER	1.641e-01	2.138e-01	3.840e-01	6	bulk_query: all2all queries
Avg queries: 1.695e+03, max queries on proc 43: 114302
Inbalance factor: 6.742e+01x
TIMER	3.001e-02	3.870e-02	5.023e-01	6	bulk_query: local query
TIMER	4.471e-02	1.533e-01	2.248e-01	6	bulk_query: all2all query results
TIMER	3.170e+01	3.170e+01	3.171e+01	7	resolve_next_lcp: bulk_rmq
TIMER	8.428e-03	1.688e-02	2.596e-02	7	resolve_next_lcp: set LCP
TIMER	3.184e+01	3.184e+01	3.184e+01	7	LCP update
unresolved = 92256, unfinished = 46128
TIMER	3.526e+01	3.526e+01	3.527e+01	5	bucket-chaising iteration
TIMER	2.844e-02	3.576e-02	5.398e-02	6	bulk_query: get recv_counts
TIMER	5.303e-02	1.063e-01	2.835e-01	6	bulk_query: all2all queries
Avg queries: 9.610e+02, max queries on proc 43: 92256
Inbalance factor: 9.600e+01x
TIMER	3.122e-02	3.627e-02	3.592e-01	6	bulk_query: local query
TIMER	1.748e-02	1.117e-01	1.993e-01	6	bulk_query: all2all query results
TIMER	3.130e+01	3.131e+01	3.132e+01	7	resolve_next_lcp: bulk_rmq
TIMER	5.781e-03	1.101e-02	1.916e-02	7	resolve_next_lcp: set LCP
TIMER	3.145e+01	3.145e+01	3.145e+01	7	LCP update
unresolved = 49248, unfinished = 24624
TIMER	3.416e+01	3.416e+01	3.417e+01	5	bucket-chaising iteration
TIMER	2.778e-02	4.723e-02	6.574e-02	6	bulk_query: get recv_counts
TIMER	3.365e-02	7.715e-02	1.866e-01	6	bulk_query: all2all queries
Avg queries: 5.130e+02, max queries on proc 43: 49248
Inbalance factor: 9.600e+01x
TIMER	2.998e-02	3.463e-02	2.561e-01	6	bulk_query: local query
TIMER	1.551e-02	8.099e-02	1.466e-01	6	bulk_query: all2all query results
TIMER	3.079e+01	3.080e+01	3.081e+01	7	resolve_next_lcp: bulk_rmq
TIMER	4.855e-03	1.243e-02	1.800e-02	7	resolve_next_lcp: set LCP
TIMER	3.092e+01	3.093e+01	3.093e+01	7	LCP update
unresolved = 0, unfinished = 0
TIMER	3.278e+01	3.279e+01	3.280e+01	5	bucket-chaising iteration
TIMER	7.146e+02	7.146e+02	7.146e+02	4	construct-msgs
TIMER	7.705e+00	9.272e+00	9.738e+00	4	fix-isa
TIMER	2.146e+03	2.147e+03	2.148e+03	2	desa_construct: SA/LCP construct
TIMER	4.966e+01	4.974e+01	4.981e+01	2	desa_construct: TLI construct
TIMER	1.572e-02	1.866e-02	2.547e-02	3	repartition: 1D-partition
TIMER	1.651e-01	1.666e-01	1.703e-01	2	desa_construct: 1-D partition
TIMER	7.075e+01	7.079e+01	7.084e+01	3	repartition: redistribute
TIMER	7.092e+01	7.093e+01	7.117e+01	2	desa_construct: repartition
TIMER	2.863e+01	2.949e+01	3.109e+01	2	desa_construct: RMQ construct
TIMER	4.038e-02	4.528e-02	5.088e-02	3	bulk_query: get recv_counts
TIMER	5.086e+01	5.156e+01	5.223e+01	3	bulk_query: all2all queries
Avg queries: 2.347e+06, max queries on proc 32: 2346913
Inbalance factor: 1.000e+00x
TIMER	1.787e+01	2.207e+01	2.311e+01	3	bulk_query: local query
TIMER	5.787e+00	6.375e+00	6.651e+00	3	bulk_query: all2all query results
TIMER	1.824e+02	1.849e+02	1.914e+02	2	desa_construct: Lc naive construct
TIMER	2.494e+03	2.494e+03	2.494e+03	1	construct idx
