== Node distribution == 
== p=8 processes on 1 nodes ==
--  Node: 'c506-044.stampede2.tacc.utexas.edu' (8/8)
        Ranks: 0, 1, 2, 3, 4, 5, 6, 7
TIMER	9.830e+01	1.002e+02	1.022e+02	1	read input file
TIMER	1.154e+01	1.154e+01	1.154e+01	2	desa_construct: cpy str
Alphabet: {sigma=4, l=3, A=[A, C, G, T]}
TIMER	1.942e+01	1.942e+01	1.944e+01	3	get alphabet
TIMER	1.221e+02	1.231e+02	1.241e+02	4	kmer-gen
TIMER	9.849e+01	9.965e+01	1.004e+02	5	shift-buckets
TIMER	5.014e+03	5.025e+03	5.035e+03	5	ISA-to-SA
TIMER	3.300e+02	3.424e+02	3.512e+02	5	init-lcp
iteration 21: unfinished buckets = 3772201, unfinished elements = 14712244
TIMER	1.223e+02	1.233e+02	1.241e+02	5	rebucket
TIMER	1.785e+03	1.787e+03	1.790e+03	5	SA-to-ISA
TIMER	7.401e+03	7.401e+03	7.401e+03	5	sac-iteration
Starting Bucket chasing algorithm
unresolved = 14712245, unfinished = 3772201
TIMER	7.314e+01	7.314e+01	7.316e+01	5	get active elements
TIMER	1.790e-02	1.835e-02	1.907e-02	6	bulk_query: get recv_counts
TIMER	1.243e+01	1.442e+01	1.665e+01	6	bulk_query: all2all queries
Avg queries: 1.839e+06, max queries on proc 4: 4223136
Inbalance factor: 2.296e+00x
TIMER	1.211e+01	2.043e+01	4.569e+01	6	bulk_query: local query
TIMER	8.042e+00	8.418e+00	8.748e+00	6	bulk_query: all2all query results
TIMER	4.686e+02	4.733e+02	4.770e+02	7	resolve_next_lcp: bulk_rmq
TIMER	8.354e+00	9.668e+00	1.086e+01	7	resolve_next_lcp: set LCP
TIMER	4.880e+02	4.880e+02	4.880e+02	7	LCP update
unresolved = 5543898, unfinished = 1943843
TIMER	1.017e+03	1.017e+03	1.017e+03	5	bucket-chaising iteration
TIMER	1.453e-02	1.490e-02	1.512e-02	6	bulk_query: get recv_counts
TIMER	4.537e+00	6.408e+00	8.204e+00	6	bulk_query: all2all queries
Avg queries: 6.930e+05, max queries on proc 4: 2568719
Inbalance factor: 3.707e+00x
TIMER	1.273e+00	5.395e+00	2.269e+01	6	bulk_query: local query
TIMER	1.830e+00	3.063e+00	3.373e+00	6	bulk_query: all2all query results
TIMER	2.821e+02	2.822e+02	2.823e+02	7	resolve_next_lcp: bulk_rmq
TIMER	4.078e+00	4.205e+00	4.354e+00	7	resolve_next_lcp: set LCP
TIMER	2.868e+02	2.868e+02	2.868e+02	7	LCP update
unresolved = 3214279, unfinished = 1330905
TIMER	5.103e+02	5.114e+02	5.131e+02	5	bucket-chaising iteration
TIMER	1.288e-02	1.354e-02	1.436e-02	6	bulk_query: get recv_counts
TIMER	2.421e+00	3.915e+00	5.187e+00	6	bulk_query: all2all queries
Avg queries: 4.018e+05, max queries on proc 4: 1798501
Inbalance factor: 4.476e+00x
TIMER	2.250e-01	2.884e+00	1.274e+01	6	bulk_query: local query
TIMER	2.368e+00	2.592e+00	2.720e+00	6	bulk_query: all2all query results
TIMER	2.602e+02	2.603e+02	2.604e+02	7	resolve_next_lcp: bulk_rmq
TIMER	2.348e+00	2.416e+00	2.492e+00	7	resolve_next_lcp: set LCP
TIMER	2.629e+02	2.629e+02	2.629e+02	7	LCP update
unresolved = 2059860, unfinished = 924799
TIMER	4.085e+02	4.090e+02	4.104e+02	5	bucket-chaising iteration
TIMER	1.145e-02	1.184e-02	1.225e-02	6	bulk_query: get recv_counts
TIMER	1.657e+00	2.553e+00	3.421e+00	6	bulk_query: all2all queries
Avg queries: 2.575e+05, max queries on proc 4: 1243213
Inbalance factor: 4.828e+00x
TIMER	5.934e-02	1.571e+00	7.707e+00	6	bulk_query: local query
TIMER	8.064e-01	9.987e-01	1.104e+00	6	bulk_query: all2all query results
TIMER	2.512e+02	2.513e+02	2.513e+02	7	resolve_next_lcp: bulk_rmq
TIMER	1.356e+00	1.388e+00	1.460e+00	7	resolve_next_lcp: set LCP
TIMER	2.529e+02	2.529e+02	2.529e+02	7	LCP update
unresolved = 1420247, unfinished = 659187
TIMER	3.409e+02	3.409e+02	3.409e+02	5	bucket-chaising iteration
TIMER	1.071e-02	1.102e-02	1.134e-02	6	bulk_query: get recv_counts
TIMER	1.068e+00	1.731e+00	2.341e+00	6	bulk_query: all2all queries
Avg queries: 1.775e+05, max queries on proc 4: 852966
Inbalance factor: 4.805e+00x
TIMER	3.994e-02	9.632e-01	4.775e+00	6	bulk_query: local query
TIMER	4.895e-01	6.621e-01	7.397e-01	6	bulk_query: all2all query results
TIMER	2.388e+02	2.389e+02	2.389e+02	7	resolve_next_lcp: bulk_rmq
TIMER	8.429e-01	9.013e-01	9.626e-01	7	resolve_next_lcp: set LCP
TIMER	2.400e+02	2.400e+02	2.400e+02	7	LCP update
unresolved = 983947, unfinished = 476015
TIMER	3.000e+02	3.000e+02	3.000e+02	5	bucket-chaising iteration
TIMER	9.506e-03	1.068e-02	1.152e-02	6	bulk_query: get recv_counts
TIMER	6.963e-01	1.055e+00	1.446e+00	6	bulk_query: all2all queries
Avg queries: 1.230e+05, max queries on proc 4: 554804
Inbalance factor: 4.511e+00x
TIMER	3.671e-02	5.999e-01	2.795e+00	6	bulk_query: local query
TIMER	5.324e-01	5.377e-01	5.456e-01	6	bulk_query: all2all query results
TIMER	2.379e+02	2.379e+02	2.379e+02	7	resolve_next_lcp: bulk_rmq
TIMER	6.741e-01	7.459e-01	7.872e-01	7	resolve_next_lcp: set LCP
TIMER	2.388e+02	2.388e+02	2.388e+02	7	LCP update
unresolved = 630245, unfinished = 309523
TIMER	2.798e+02	2.798e+02	2.798e+02	5	bucket-chaising iteration
TIMER	9.143e-03	9.492e-03	9.885e-03	6	bulk_query: get recv_counts
TIMER	4.361e-01	6.231e-01	8.273e-01	6	bulk_query: all2all queries
Avg queries: 7.878e+04, max queries on proc 4: 314249
Inbalance factor: 3.989e+00x
TIMER	2.126e-02	3.345e-01	1.283e+00	6	bulk_query: local query
TIMER	2.731e-01	3.183e-01	3.699e-01	6	bulk_query: all2all query results
TIMER	2.376e+02	2.376e+02	2.377e+02	7	resolve_next_lcp: bulk_rmq
TIMER	5.960e-01	6.232e-01	6.569e-01	7	resolve_next_lcp: set LCP
TIMER	2.384e+02	2.384e+02	2.384e+02	7	LCP update
unresolved = 346601, unfinished = 170433
TIMER	2.630e+02	2.630e+02	2.630e+02	5	bucket-chaising iteration
TIMER	8.166e-03	8.326e-03	8.622e-03	6	bulk_query: get recv_counts
TIMER	2.579e-01	3.814e-01	4.522e-01	6	bulk_query: all2all queries
Avg queries: 4.333e+04, max queries on proc 4: 145741
Inbalance factor: 3.364e+00x
TIMER	2.068e-02	1.667e-01	5.696e-01	6	bulk_query: local query
TIMER	1.791e-01	2.081e-01	2.322e-01	6	bulk_query: all2all query results
TIMER	2.351e+02	2.351e+02	2.351e+02	7	resolve_next_lcp: bulk_rmq
TIMER	3.903e-01	4.049e-01	4.219e-01	7	resolve_next_lcp: set LCP
TIMER	2.356e+02	2.356e+02	2.356e+02	7	LCP update
unresolved = 162762, unfinished = 81381
TIMER	2.479e+02	2.479e+02	2.480e+02	5	bucket-chaising iteration
TIMER	7.542e-03	7.792e-03	8.151e-03	6	bulk_query: get recv_counts
TIMER	1.244e-01	2.221e-01	2.916e-01	6	bulk_query: all2all queries
Avg queries: 2.035e+04, max queries on proc 3: 114302
Inbalance factor: 5.618e+00x
TIMER	1.810e-02	8.275e-02	3.704e-01	6	bulk_query: local query
TIMER	1.092e-01	1.270e-01	1.360e-01	6	bulk_query: all2all query results
TIMER	2.343e+02	2.344e+02	2.344e+02	7	resolve_next_lcp: bulk_rmq
TIMER	1.371e-01	1.478e-01	1.716e-01	7	resolve_next_lcp: set LCP
TIMER	2.346e+02	2.346e+02	2.346e+02	7	LCP update
unresolved = 92256, unfinished = 46128
TIMER	2.410e+02	2.410e+02	2.411e+02	5	bucket-chaising iteration
TIMER	6.750e-03	7.071e-03	7.318e-03	6	bulk_query: get recv_counts
TIMER	1.035e-01	1.865e-01	2.461e-01	6	bulk_query: all2all queries
Avg queries: 1.153e+04, max queries on proc 3: 92256
Inbalance factor: 8.000e+00x
TIMER	1.856e-02	5.168e-02	2.624e-01	6	bulk_query: local query
TIMER	7.121e-02	9.301e-02	1.095e-01	6	bulk_query: all2all query results
TIMER	2.392e+02	2.392e+02	2.392e+02	7	resolve_next_lcp: bulk_rmq
TIMER	6.519e-02	9.314e-02	1.214e-01	7	resolve_next_lcp: set LCP
TIMER	2.394e+02	2.394e+02	2.394e+02	7	LCP update
unresolved = 49248, unfinished = 24624
TIMER	2.436e+02	2.436e+02	2.436e+02	5	bucket-chaising iteration
TIMER	6.264e-03	6.534e-03	6.832e-03	6	bulk_query: get recv_counts
TIMER	4.267e-02	5.173e-02	9.142e-02	6	bulk_query: all2all queries
Avg queries: 6.156e+03, max queries on proc 3: 49248
Inbalance factor: 8.000e+00x
TIMER	1.864e-02	3.954e-02	1.655e-01	6	bulk_query: local query
TIMER	2.121e-02	5.708e-02	8.456e-02	6	bulk_query: all2all query results
TIMER	2.346e+02	2.346e+02	2.346e+02	7	resolve_next_lcp: bulk_rmq
TIMER	8.640e-02	1.038e-01	1.195e-01	7	resolve_next_lcp: set LCP
TIMER	2.348e+02	2.348e+02	2.348e+02	7	LCP update
unresolved = 0, unfinished = 0
TIMER	2.370e+02	2.370e+02	2.371e+02	5	bucket-chaising iteration
TIMER	4.169e+03	4.169e+03	4.169e+03	4	construct-msgs
TIMER	2.431e+01	2.465e+01	2.492e+01	4	fix-isa
TIMER	1.174e+04	1.174e+04	1.174e+04	2	desa_construct: SA/LCP construct
TIMER	4.598e+02	4.598e+02	4.598e+02	2	desa_construct: TLI construct
TIMER	1.978e-03	2.320e-03	2.527e-03	3	repartition: 1D-partition
TIMER	3.741e-02	3.859e-02	4.124e-02	2	desa_construct: 1-D partition
TIMER	3.391e+02	3.392e+02	3.393e+02	3	repartition: redistribute
TIMER	3.393e+02	3.394e+02	3.394e+02	2	desa_construct: repartition
TIMER	2.266e+02	2.351e+02	2.419e+02	2	desa_construct: RMQ construct
TIMER	1.372e-02	1.506e-02	1.611e-02	3	bulk_query: get recv_counts
TIMER	1.191e+02	1.215e+02	1.269e+02	3	bulk_query: all2all queries
Avg queries: 2.816e+07, max queries on proc 1: 28160084
Inbalance factor: 1.000e+00x
TIMER	3.274e+02	3.382e+02	3.426e+02	3	bulk_query: local query
TIMER	1.479e+01	1.531e+01	1.545e+01	3	bulk_query: all2all query results
TIMER	1.541e+03	1.545e+03	1.552e+03	2	desa_construct: Lc naive construct
TIMER	1.435e+04	1.435e+04	1.435e+04	1	construct idx
