== Node distribution == 
== p=2 processes on 1 nodes ==
--  Node: 'c506-044.stampede2.tacc.utexas.edu' (2/2)
        Ranks: 0, 1
TIMER	3.543e+02	3.563e+02	3.583e+02	1	read input file
TIMER	4.229e+01	4.229e+01	4.229e+01	2	desa_construct: cpy str
Alphabet: {sigma=4, l=3, A=[A, C, G, T]}
TIMER	7.067e+01	7.068e+01	7.069e+01	3	get alphabet
TIMER	4.551e+02	4.562e+02	4.572e+02	4	kmer-gen
TIMER	3.704e+02	3.708e+02	3.712e+02	5	shift-buckets
TIMER	1.720e+04	1.720e+04	1.720e+04	5	ISA-to-SA
TIMER	1.289e+03	1.290e+03	1.291e+03	5	init-lcp
iteration 21: unfinished buckets = 3772201, unfinished elements = 14712244
TIMER	4.525e+02	4.528e+02	4.531e+02	5	rebucket
TIMER	6.194e+03	6.197e+03	6.201e+03	5	SA-to-ISA
TIMER	2.551e+04	2.551e+04	2.551e+04	5	sac-iteration
Starting Bucket chasing algorithm
unresolved = 14712245, unfinished = 3772201
TIMER	2.504e+02	2.504e+02	2.505e+02	5	get active elements
TIMER	1.476e-02	1.509e-02	1.542e-02	6	bulk_query: get recv_counts
TIMER	3.049e+01	3.049e+01	3.049e+01	6	bulk_query: all2all queries
Avg queries: 7.356e+06, max queries on proc 1: 8310271
Inbalance factor: 1.130e+00x
TIMER	7.323e+01	8.623e+01	9.922e+01	6	bulk_query: local query
TIMER	2.783e+01	2.783e+01	2.783e+01	6	bulk_query: all2all query results
TIMER	1.688e+03	1.689e+03	1.690e+03	7	resolve_next_lcp: bulk_rmq
TIMER	3.500e+01	3.560e+01	3.620e+01	7	resolve_next_lcp: set LCP
TIMER	1.727e+03	1.727e+03	1.727e+03	7	LCP update
unresolved = 5543898, unfinished = 1943843
TIMER	3.339e+03	3.339e+03	3.339e+03	5	bucket-chaising iteration
TIMER	1.212e-02	1.236e-02	1.260e-02	6	bulk_query: get recv_counts
TIMER	1.292e+01	1.292e+01	1.292e+01	6	bulk_query: all2all queries
Avg queries: 2.772e+06, max queries on proc 1: 3647518
Inbalance factor: 1.316e+00x
TIMER	1.617e+01	2.584e+01	3.551e+01	6	bulk_query: local query
TIMER	1.156e+01	1.156e+01	1.156e+01	6	bulk_query: all2all query results
TIMER	1.089e+03	1.089e+03	1.089e+03	7	resolve_next_lcp: bulk_rmq
TIMER	1.548e+01	1.555e+01	1.562e+01	7	resolve_next_lcp: set LCP
TIMER	1.105e+03	1.105e+03	1.105e+03	7	LCP update
unresolved = 3214279, unfinished = 1330905
TIMER	1.779e+03	1.779e+03	1.779e+03	5	bucket-chaising iteration
TIMER	6.988e-03	7.425e-03	7.862e-03	6	bulk_query: get recv_counts
TIMER	7.218e+00	7.219e+00	7.219e+00	6	bulk_query: all2all queries
Avg queries: 1.607e+06, max queries on proc 1: 2200634
Inbalance factor: 1.369e+00x
TIMER	8.146e+00	1.363e+01	1.911e+01	6	bulk_query: local query
TIMER	6.449e+00	6.449e+00	6.450e+00	6	bulk_query: all2all query results
TIMER	9.573e+02	9.573e+02	9.573e+02	7	resolve_next_lcp: bulk_rmq
TIMER	9.023e+00	9.026e+00	9.030e+00	7	resolve_next_lcp: set LCP
TIMER	9.665e+02	9.665e+02	9.665e+02	7	LCP update
unresolved = 2059860, unfinished = 924799
TIMER	1.365e+03	1.365e+03	1.366e+03	5	bucket-chaising iteration
TIMER	7.105e-03	7.498e-03	7.892e-03	6	bulk_query: get recv_counts
TIMER	5.017e+00	5.017e+00	5.018e+00	6	bulk_query: all2all queries
Avg queries: 1.030e+06, max queries on proc 1: 1391257
Inbalance factor: 1.351e+00x
TIMER	4.856e+00	7.576e+00	1.030e+01	6	bulk_query: local query
TIMER	4.252e+00	4.253e+00	4.253e+00	6	bulk_query: all2all query results
TIMER	9.308e+02	9.310e+02	9.312e+02	7	resolve_next_lcp: bulk_rmq
TIMER	5.240e+00	5.256e+00	5.271e+00	7	resolve_next_lcp: set LCP
TIMER	9.366e+02	9.366e+02	9.366e+02	7	LCP update
unresolved = 1420247, unfinished = 659187
TIMER	1.196e+03	1.196e+03	1.197e+03	5	bucket-chaising iteration
TIMER	6.847e-03	7.105e-03	7.364e-03	6	bulk_query: get recv_counts
TIMER	2.963e+00	2.963e+00	2.964e+00	6	bulk_query: all2all queries
Avg queries: 7.101e+05, max queries on proc 1: 919855
Inbalance factor: 1.295e+00x
TIMER	2.399e+00	4.619e+00	6.838e+00	6	bulk_query: local query
TIMER	1.880e+00	1.880e+00	1.880e+00	6	bulk_query: all2all query results
TIMER	9.214e+02	9.214e+02	9.215e+02	7	resolve_next_lcp: bulk_rmq
TIMER	3.447e+00	3.474e+00	3.502e+00	7	resolve_next_lcp: set LCP
TIMER	9.251e+02	9.251e+02	9.251e+02	7	LCP update
unresolved = 983947, unfinished = 476015
TIMER	1.107e+03	1.107e+03	1.107e+03	5	bucket-chaising iteration
TIMER	5.686e-03	6.254e-03	6.823e-03	6	bulk_query: get recv_counts
TIMER	1.482e+00	1.483e+00	1.485e+00	6	bulk_query: all2all queries
Avg queries: 4.920e+05, max queries on proc 1: 587251
Inbalance factor: 1.194e+00x
TIMER	1.746e+00	2.395e+00	3.043e+00	6	bulk_query: local query
TIMER	1.326e+00	1.326e+00	1.326e+00	6	bulk_query: all2all query results
TIMER	9.185e+02	9.188e+02	9.190e+02	7	resolve_next_lcp: bulk_rmq
TIMER	2.751e+00	2.787e+00	2.822e+00	7	resolve_next_lcp: set LCP
TIMER	9.219e+02	9.219e+02	9.219e+02	7	LCP update
unresolved = 630245, unfinished = 309523
TIMER	1.043e+03	1.043e+03	1.043e+03	5	bucket-chaising iteration
TIMER	4.745e-03	4.837e-03	4.929e-03	6	bulk_query: get recv_counts
TIMER	8.367e-01	8.371e-01	8.375e-01	6	bulk_query: all2all queries
Avg queries: 3.151e+05, max queries on proc 1: 327479
Inbalance factor: 1.039e+00x
TIMER	1.068e+00	1.399e+00	1.730e+00	6	bulk_query: local query
TIMER	4.910e-01	4.913e-01	4.916e-01	6	bulk_query: all2all query results
TIMER	9.167e+02	9.169e+02	9.170e+02	7	resolve_next_lcp: bulk_rmq
TIMER	2.360e+00	2.369e+00	2.378e+00	7	resolve_next_lcp: set LCP
TIMER	9.194e+02	9.194e+02	9.194e+02	7	LCP update
unresolved = 346601, unfinished = 170433
TIMER	9.931e+02	9.931e+02	9.931e+02	5	bucket-chaising iteration
TIMER	4.136e-03	4.170e-03	4.204e-03	6	bulk_query: get recv_counts
TIMER	3.147e-01	3.153e-01	3.159e-01	6	bulk_query: all2all queries
Avg queries: 1.733e+05, max queries on proc 0: 197062
Inbalance factor: 1.137e+00x
TIMER	6.167e-01	6.342e-01	6.516e-01	6	bulk_query: local query
TIMER	3.582e-01	3.585e-01	3.587e-01	6	bulk_query: all2all query results
TIMER	9.122e+02	9.126e+02	9.131e+02	7	resolve_next_lcp: bulk_rmq
TIMER	1.564e+00	1.566e+00	1.567e+00	7	resolve_next_lcp: set LCP
TIMER	9.147e+02	9.147e+02	9.147e+02	7	LCP update
unresolved = 162762, unfinished = 81381
TIMER	9.523e+02	9.523e+02	9.523e+02	5	bucket-chaising iteration
TIMER	3.533e-03	3.914e-03	4.295e-03	6	bulk_query: get recv_counts
TIMER	1.925e-01	1.930e-01	1.935e-01	6	bulk_query: all2all queries
Avg queries: 8.138e+04, max queries on proc 0: 128272
Inbalance factor: 1.576e+00x
TIMER	1.341e-01	2.785e-01	4.229e-01	6	bulk_query: local query
TIMER	1.978e-01	1.978e-01	1.979e-01	6	bulk_query: all2all query results
TIMER	9.083e+02	9.091e+02	9.099e+02	7	resolve_next_lcp: bulk_rmq
TIMER	5.751e-01	6.081e-01	6.410e-01	7	resolve_next_lcp: set LCP
TIMER	9.106e+02	9.106e+02	9.106e+02	7	LCP update
unresolved = 92256, unfinished = 46128
TIMER	9.279e+02	9.279e+02	9.279e+02	5	bucket-chaising iteration
TIMER	3.511e-03	3.572e-03	3.633e-03	6	bulk_query: get recv_counts
TIMER	1.484e-01	1.499e-01	1.513e-01	6	bulk_query: all2all queries
Avg queries: 4.613e+04, max queries on proc 0: 92256
Inbalance factor: 2.000e+00x
TIMER	2.480e-02	1.590e-01	2.933e-01	6	bulk_query: local query
TIMER	1.606e-01	1.622e-01	1.638e-01	6	bulk_query: all2all query results
TIMER	9.071e+02	9.078e+02	9.085e+02	7	resolve_next_lcp: bulk_rmq
TIMER	4.351e-01	4.442e-01	4.534e-01	7	resolve_next_lcp: set LCP
TIMER	9.090e+02	9.090e+02	9.090e+02	7	LCP update
unresolved = 49248, unfinished = 24624
TIMER	9.193e+02	9.193e+02	9.193e+02	5	bucket-chaising iteration
TIMER	3.202e-03	3.209e-03	3.217e-03	6	bulk_query: get recv_counts
TIMER	7.593e-02	7.740e-02	7.887e-02	6	bulk_query: all2all queries
Avg queries: 2.462e+04, max queries on proc 0: 49248
Inbalance factor: 2.000e+00x
TIMER	2.379e-02	1.136e-01	2.033e-01	6	bulk_query: local query
TIMER	9.308e-02	9.613e-02	9.918e-02	6	bulk_query: all2all query results
TIMER	9.090e+02	9.098e+02	9.105e+02	7	resolve_next_lcp: bulk_rmq
TIMER	4.216e-01	4.486e-01	4.757e-01	7	resolve_next_lcp: set LCP
TIMER	9.111e+02	9.111e+02	9.111e+02	7	LCP update
unresolved = 0, unfinished = 0
TIMER	9.169e+02	9.169e+02	9.169e+02	5	bucket-chaising iteration
TIMER	1.480e+04	1.480e+04	1.480e+04	4	construct-msgs
TIMER	7.570e+01	7.572e+01	7.574e+01	4	fix-isa
TIMER	4.092e+04	4.092e+04	4.092e+04	2	desa_construct: SA/LCP construct
TIMER	1.698e+03	1.698e+03	1.698e+03	2	desa_construct: TLI construct
TIMER	1.158e-03	1.288e-03	1.418e-03	3	repartition: 1D-partition
TIMER	1.822e-02	1.833e-02	1.844e-02	2	desa_construct: 1-D partition
TIMER	1.251e+03	1.251e+03	1.252e+03	3	repartition: redistribute
TIMER	1.252e+03	1.252e+03	1.252e+03	2	desa_construct: repartition
TIMER	9.001e+02	9.021e+02	9.042e+02	2	desa_construct: RMQ construct
TIMER	1.312e-02	1.397e-02	1.481e-02	3	bulk_query: get recv_counts
TIMER	4.289e+02	4.289e+02	4.289e+02	3	bulk_query: all2all queries
Avg queries: 1.126e+08, max queries on proc 1: 112640307
Inbalance factor: 1.000e+00x
TIMER	1.331e+03	1.333e+03	1.335e+03	3	bulk_query: local query
TIMER	6.403e+01	6.403e+01	6.403e+01	3	bulk_query: all2all query results
TIMER	5.918e+03	5.920e+03	5.921e+03	2	desa_construct: Lc naive construct
TIMER	5.073e+04	5.073e+04	5.073e+04	1	construct idx
