== Node distribution == 
== p=4 processes on 1 nodes ==
--  Node: 'c506-044.stampede2.tacc.utexas.edu' (4/4)
        Ranks: 0, 1, 2, 3
TIMER	1.863e+02	1.874e+02	1.897e+02	1	read input file
TIMER	2.111e+01	2.111e+01	2.111e+01	2	desa_construct: cpy str
Alphabet: {sigma=4, l=3, A=[A, C, G, T]}
TIMER	3.718e+01	3.719e+01	3.720e+01	3	get alphabet
TIMER	2.310e+02	2.350e+02	2.388e+02	4	kmer-gen
TIMER	1.893e+02	1.909e+02	1.922e+02	5	shift-buckets
TIMER	9.426e+03	9.438e+03	9.452e+03	5	ISA-to-SA
TIMER	6.517e+02	6.658e+02	6.800e+02	5	init-lcp
iteration 21: unfinished buckets = 3772201, unfinished elements = 14712244
TIMER	2.385e+02	2.396e+02	2.403e+02	5	rebucket
TIMER	3.227e+03	3.232e+03	3.237e+03	5	SA-to-ISA
TIMER	1.380e+04	1.380e+04	1.380e+04	5	sac-iteration
Starting Bucket chasing algorithm
unresolved = 14712245, unfinished = 3772201
TIMER	1.256e+02	1.256e+02	1.257e+02	5	get active elements
TIMER	7.366e-03	1.084e-02	1.406e-02	6	bulk_query: get recv_counts
TIMER	1.824e+01	1.947e+01	2.070e+01	6	bulk_query: all2all queries
Avg queries: 3.678e+06, max queries on proc 2: 5440348
Inbalance factor: 1.479e+00x
TIMER	2.831e+01	4.160e+01	6.344e+01	6	bulk_query: local query
TIMER	1.482e+01	1.509e+01	1.535e+01	6	bulk_query: all2all query results
TIMER	8.668e+02	8.700e+02	8.738e+02	7	resolve_next_lcp: bulk_rmq
TIMER	1.677e+01	1.824e+01	1.927e+01	7	resolve_next_lcp: set LCP
TIMER	8.932e+02	8.932e+02	8.932e+02	7	LCP update
unresolved = 5543898, unfinished = 1943843
TIMER	1.753e+03	1.753e+03	1.753e+03	5	bucket-chaising iteration
TIMER	9.372e-03	1.001e-02	1.099e-02	6	bulk_query: get recv_counts
TIMER	7.835e+00	9.485e+00	1.046e+01	6	bulk_query: all2all queries
Avg queries: 1.386e+06, max queries on proc 2: 2855804
Inbalance factor: 2.061e+00x
TIMER	7.042e+00	1.232e+01	2.560e+01	6	bulk_query: local query
TIMER	7.044e+00	7.212e+00	7.273e+00	6	bulk_query: all2all query results
TIMER	5.420e+02	5.423e+02	5.429e+02	7	resolve_next_lcp: bulk_rmq
TIMER	7.800e+00	8.004e+00	8.163e+00	7	resolve_next_lcp: set LCP
TIMER	5.511e+02	5.511e+02	5.511e+02	7	LCP update
unresolved = 3214279, unfinished = 1330905
TIMER	9.202e+02	9.208e+02	9.226e+02	5	bucket-chaising iteration
TIMER	8.588e-03	8.880e-03	9.125e-03	6	bulk_query: get recv_counts
TIMER	2.834e+00	4.033e+00	4.757e+00	6	bulk_query: all2all queries
Avg queries: 8.036e+05, max queries on proc 2: 1873133
Inbalance factor: 2.331e+00x
TIMER	1.946e+00	5.434e+00	1.297e+01	6	bulk_query: local query
TIMER	3.707e+00	3.755e+00	3.791e+00	6	bulk_query: all2all query results
TIMER	4.986e+02	4.992e+02	4.998e+02	7	resolve_next_lcp: bulk_rmq
TIMER	4.598e+00	4.663e+00	4.741e+00	7	resolve_next_lcp: set LCP
TIMER	5.046e+02	5.046e+02	5.046e+02	7	LCP update
unresolved = 2059860, unfinished = 924799
TIMER	7.202e+02	7.208e+02	7.224e+02	5	bucket-chaising iteration
TIMER	6.972e-03	7.312e-03	7.806e-03	6	bulk_query: get recv_counts
TIMER	3.605e+00	4.173e+00	4.538e+00	6	bulk_query: all2all queries
Avg queries: 5.150e+05, max queries on proc 2: 1256460
Inbalance factor: 2.440e+00x
TIMER	6.869e-01	3.332e+00	9.497e+00	6	bulk_query: local query
TIMER	1.473e+00	1.601e+00	1.650e+00	6	bulk_query: all2all query results
TIMER	4.774e+02	4.788e+02	4.798e+02	7	resolve_next_lcp: bulk_rmq
TIMER	2.643e+00	2.698e+00	2.752e+00	7	resolve_next_lcp: set LCP
TIMER	4.826e+02	4.826e+02	4.826e+02	7	LCP update
unresolved = 1420247, unfinished = 659187
TIMER	6.287e+02	6.287e+02	6.287e+02	5	bucket-chaising iteration
TIMER	7.237e-03	7.706e-03	8.157e-03	6	bulk_query: get recv_counts
TIMER	1.309e+00	1.861e+00	2.202e+00	6	bulk_query: all2all queries
Avg queries: 3.551e+05, max queries on proc 2: 853494
Inbalance factor: 2.404e+00x
TIMER	2.820e-01	1.780e+00	4.709e+00	6	bulk_query: local query
TIMER	1.559e+00	1.563e+00	1.568e+00	6	bulk_query: all2all query results
TIMER	4.802e+02	4.808e+02	4.813e+02	7	resolve_next_lcp: bulk_rmq
TIMER	1.716e+00	1.763e+00	1.827e+00	7	resolve_next_lcp: set LCP
TIMER	4.832e+02	4.832e+02	4.832e+02	7	LCP update
unresolved = 983947, unfinished = 476015
TIMER	5.861e+02	5.861e+02	5.861e+02	5	bucket-chaising iteration
TIMER	5.880e-03	6.483e-03	7.075e-03	6	bulk_query: get recv_counts
TIMER	8.303e-01	1.222e+00	1.467e+00	6	bulk_query: all2all queries
Avg queries: 2.460e+05, max queries on proc 2: 554804
Inbalance factor: 2.255e+00x
TIMER	1.429e-01	1.173e+00	2.761e+00	6	bulk_query: local query
TIMER	7.325e-01	7.556e-01	7.801e-01	6	bulk_query: all2all query results
TIMER	4.824e+02	4.831e+02	4.835e+02	7	resolve_next_lcp: bulk_rmq
TIMER	1.361e+00	1.430e+00	1.465e+00	7	resolve_next_lcp: set LCP
TIMER	4.850e+02	4.850e+02	4.850e+02	7	LCP update
unresolved = 630245, unfinished = 309523
TIMER	5.566e+02	5.566e+02	5.566e+02	5	bucket-chaising iteration
TIMER	5.649e-03	5.868e-03	6.224e-03	6	bulk_query: get recv_counts
TIMER	4.855e-01	6.749e-01	7.974e-01	6	bulk_query: all2all queries
Avg queries: 1.576e+05, max queries on proc 2: 314249
Inbalance factor: 1.994e+00x
TIMER	5.367e-02	6.274e-01	1.449e+00	6	bulk_query: local query
TIMER	3.941e-01	4.393e-01	4.756e-01	6	bulk_query: all2all query results
TIMER	4.829e+02	4.832e+02	4.836e+02	7	resolve_next_lcp: bulk_rmq
TIMER	1.188e+00	1.232e+00	1.279e+00	7	resolve_next_lcp: set LCP
TIMER	4.849e+02	4.849e+02	4.849e+02	7	LCP update
unresolved = 346601, unfinished = 170433
TIMER	5.283e+02	5.283e+02	5.284e+02	5	bucket-chaising iteration
TIMER	5.016e-03	5.252e-03	5.543e-03	6	bulk_query: get recv_counts
TIMER	2.914e-01	3.305e-01	3.539e-01	6	bulk_query: all2all queries
Avg queries: 8.665e+04, max queries on proc 2: 145741
Inbalance factor: 1.682e+00x
TIMER	3.225e-02	3.413e-01	5.843e-01	6	bulk_query: local query
TIMER	1.760e-01	1.940e-01	2.045e-01	6	bulk_query: all2all query results
TIMER	4.810e+02	4.817e+02	4.822e+02	7	resolve_next_lcp: bulk_rmq
TIMER	8.108e-01	8.297e-01	8.665e-01	7	resolve_next_lcp: set LCP
TIMER	4.832e+02	4.832e+02	4.832e+02	7	LCP update
unresolved = 162762, unfinished = 81381
TIMER	5.080e+02	5.080e+02	5.080e+02	5	bucket-chaising iteration
TIMER	4.770e-03	4.927e-03	5.058e-03	6	bulk_query: get recv_counts
TIMER	1.322e-01	1.937e-01	2.272e-01	6	bulk_query: all2all queries
Avg queries: 4.069e+04, max queries on proc 1: 114302
Inbalance factor: 2.809e+00x
TIMER	2.332e-02	1.540e-01	3.930e-01	6	bulk_query: local query
TIMER	9.880e-02	1.086e-01	1.155e-01	6	bulk_query: all2all query results
TIMER	4.794e+02	4.800e+02	4.806e+02	7	resolve_next_lcp: bulk_rmq
TIMER	2.978e-01	3.115e-01	3.379e-01	7	resolve_next_lcp: set LCP
TIMER	4.811e+02	4.811e+02	4.811e+02	7	LCP update
unresolved = 92256, unfinished = 46128
TIMER	4.916e+02	4.916e+02	4.916e+02	5	bucket-chaising iteration
TIMER	3.966e-03	4.464e-03	5.107e-03	6	bulk_query: get recv_counts
TIMER	1.331e-01	1.811e-01	2.084e-01	6	bulk_query: all2all queries
Avg queries: 2.306e+04, max queries on proc 1: 92256
Inbalance factor: 4.000e+00x
TIMER	2.122e-02	1.065e-01	3.444e-01	6	bulk_query: local query
TIMER	1.007e-01	1.186e-01	1.285e-01	6	bulk_query: all2all query results
TIMER	4.782e+02	4.787e+02	4.792e+02	7	resolve_next_lcp: bulk_rmq
TIMER	1.656e-01	2.175e-01	3.400e-01	7	resolve_next_lcp: set LCP
TIMER	4.797e+02	4.797e+02	4.797e+02	7	LCP update
unresolved = 49248, unfinished = 24624
TIMER	4.865e+02	4.865e+02	4.866e+02	5	bucket-chaising iteration
TIMER	4.442e-03	4.783e-03	4.954e-03	6	bulk_query: get recv_counts
TIMER	6.472e-02	9.174e-02	1.036e-01	6	bulk_query: all2all queries
Avg queries: 1.231e+04, max queries on proc 1: 49248
Inbalance factor: 4.000e+00x
TIMER	1.988e-02	6.415e-02	1.793e-01	6	bulk_query: local query
TIMER	5.168e-02	7.206e-02	8.345e-02	6	bulk_query: all2all query results
TIMER	4.789e+02	4.793e+02	4.796e+02	7	resolve_next_lcp: bulk_rmq
TIMER	1.992e-01	2.305e-01	2.778e-01	7	resolve_next_lcp: set LCP
TIMER	4.800e+02	4.800e+02	4.800e+02	7	LCP update
unresolved = 0, unfinished = 0
TIMER	4.837e+02	4.837e+02	4.837e+02	5	bucket-chaising iteration
TIMER	7.797e+03	7.797e+03	7.797e+03	4	construct-msgs
TIMER	3.942e+01	3.967e+01	4.000e+01	4	fix-isa
TIMER	2.192e+04	2.192e+04	2.192e+04	2	desa_construct: SA/LCP construct
TIMER	8.942e+02	8.942e+02	8.942e+02	2	desa_construct: TLI construct
TIMER	1.418e-03	9.645e-03	1.779e-02	3	repartition: 1D-partition
TIMER	3.850e-02	3.913e-02	4.021e-02	2	desa_construct: 1-D partition
TIMER	6.489e+02	6.497e+02	6.499e+02	3	repartition: redistribute
TIMER	6.500e+02	6.500e+02	6.500e+02	2	desa_construct: repartition
TIMER	4.462e+02	4.630e+02	4.778e+02	2	desa_construct: RMQ construct
TIMER	8.666e-03	9.572e-03	1.060e-02	3	bulk_query: get recv_counts
TIMER	2.239e+02	2.247e+02	2.253e+02	3	bulk_query: all2all queries
Avg queries: 5.632e+07, max queries on proc 2: 56320154
Inbalance factor: 1.000e+00x
TIMER	6.707e+02	6.764e+02	6.806e+02	3	bulk_query: local query
TIMER	2.762e+01	2.825e+01	2.848e+01	3	bulk_query: all2all query results
TIMER	2.812e+03	2.838e+03	2.865e+03	2	desa_construct: Lc naive construct
TIMER	2.683e+04	2.683e+04	2.683e+04	1	construct idx
