== Node distribution == 
== p=384 processes on 8 nodes ==
--  Node: 'c506-083.stampede2.tacc.utexas.edu' (48/384)
        Ranks: 0, 1, 2, 3, 4, 5, 6, 7, 8, 9, 10, 11, 12, 13, 14, 15, 16, 17, 18, 19, 20, 21, 22, 23, 24, 25, 26, 27, 28, 29, 30, 31, 32, 33, 34, 35, 36, 37, 38, 39, 40, 41, 42, 43, 44, 45, 46, 47
--  Node: 'c506-084.stampede2.tacc.utexas.edu' (48/384)
        Ranks: 48, 49, 50, 51, 52, 53, 54, 55, 56, 57, 58, 59, 60, 61, 62, 63, 64, 65, 66, 67, 68, 69, 70, 71, 72, 73, 74, 75, 76, 77, 78, 79, 80, 81, 82, 83, 84, 85, 86, 87, 88, 89, 90, 91, 92, 93, 94, 95
--  Node: 'c506-102.stampede2.tacc.utexas.edu' (48/384)
        Ranks: 96, 97, 98, 99, 100, 101, 102, 103, 104, 105, 106, 107, 108, 109, 110, 111, 112, 113, 114, 115, 116, 117, 118, 119, 120, 121, 122, 123, 124, 125, 126, 127, 128, 129, 130, 131, 132, 133, 134, 135, 136, 137, 138, 139, 140, 141, 142, 143
--  Node: 'c506-121.stampede2.tacc.utexas.edu' (48/384)
        Ranks: 144, 145, 146, 147, 148, 149, 150, 151, 152, 153, 154, 155, 156, 157, 158, 159, 160, 161, 162, 163, 164, 165, 166, 167, 168, 169, 170, 171, 172, 173, 174, 175, 176, 177, 178, 179, 180, 181, 182, 183, 184, 185, 186, 187, 188, 189, 190, 191
--  Node: 'c506-122.stampede2.tacc.utexas.edu' (48/384)
        Ranks: 192, 193, 194, 195, 196, 197, 198, 199, 200, 201, 202, 203, 204, 205, 206, 207, 208, 209, 210, 211, 212, 213, 214, 215, 216, 217, 218, 219, 220, 221, 222, 223, 224, 225, 226, 227, 228, 229, 230, 231, 232, 233, 234, 235, 236, 237, 238, 239
--  Node: 'c506-132.stampede2.tacc.utexas.edu' (48/384)
        Ranks: 240, 241, 242, 243, 244, 245, 246, 247, 248, 249, 250, 251, 252, 253, 254, 255, 256, 257, 258, 259, 260, 261, 262, 263, 264, 265, 266, 267, 268, 269, 270, 271, 272, 273, 274, 275, 276, 277, 278, 279, 280, 281, 282, 283, 284, 285, 286, 287
--  Node: 'c506-133.stampede2.tacc.utexas.edu' (48/384)
        Ranks: 288, 289, 290, 291, 292, 293, 294, 295, 296, 297, 298, 299, 300, 301, 302, 303, 304, 305, 306, 307, 308, 309, 310, 311, 312, 313, 314, 315, 316, 317, 318, 319, 320, 321, 322, 323, 324, 325, 326, 327, 328, 329, 330, 331, 332, 333, 334, 335
--  Node: 'c506-134.stampede2.tacc.utexas.edu' (48/384)
        Ranks: 336, 337, 338, 339, 340, 341, 342, 343, 344, 345, 346, 347, 348, 349, 350, 351, 352, 353, 354, 355, 356, 357, 358, 359, 360, 361, 362, 363, 364, 365, 366, 367, 368, 369, 370, 371, 372, 373, 374, 375, 376, 377, 378, 379, 380, 381, 382, 383
TIMER	6.380e+00	2.070e+01	2.492e+01	1	read input file
TIMER	4.394e-01	4.416e-01	4.443e-01	2	desa_construct: cpy str
Alphabet: {sigma=4, l=3, A=[A, C, G, T]}
TIMER	1.047e+00	1.049e+00	1.079e+00	3	get alphabet
TIMER	4.115e+00	5.102e+00	5.429e+00	4	kmer-gen
TIMER	3.402e+00	5.609e+00	6.898e+00	5	shift-buckets
TIMER	2.735e+02	2.776e+02	2.803e+02	5	ISA-to-SA
TIMER	9.319e+00	1.008e+01	1.074e+01	5	init-lcp
iteration 21: unfinished buckets = 3772201, unfinished elements = 14712234
TIMER	5.900e+00	6.020e+00	6.159e+00	5	rebucket
TIMER	1.344e+02	1.369e+02	1.380e+02	5	SA-to-ISA
TIMER	4.426e+02	4.426e+02	4.426e+02	5	sac-iteration
Starting Bucket chasing algorithm
unresolved = 14712245, unfinished = 3772201
TIMER	2.345e+00	2.348e+00	2.367e+00	5	get active elements
TIMER	8.869e-02	1.191e-01	1.395e-01	6	bulk_query: get recv_counts
TIMER	3.367e+00	3.499e+00	3.712e+00	6	bulk_query: all2all queries
Avg queries: 3.831e+04, max queries on proc 213: 483519
Inbalance factor: 1.262e+01x
TIMER	1.687e-01	4.042e-01	4.187e+00	6	bulk_query: local query
TIMER	3.167e+00	3.361e+00	3.523e+00	6	bulk_query: all2all query results
TIMER	2.634e+01	2.684e+01	2.865e+01	7	resolve_next_lcp: bulk_rmq
TIMER	1.440e-01	3.069e-01	5.578e-01	7	resolve_next_lcp: set LCP
TIMER	2.936e+01	2.936e+01	2.937e+01	7	LCP update
unresolved = 5543898, unfinished = 1943843
TIMER	9.158e+01	9.158e+01	9.161e+01	5	bucket-chaising iteration
TIMER	8.492e-02	1.194e-01	1.539e-01	6	bulk_query: get recv_counts
TIMER	2.038e+00	2.149e+00	2.298e+00	6	bulk_query: all2all queries
Avg queries: 1.444e+04, max queries on proc 213: 404639
Inbalance factor: 2.803e+01x
TIMER	5.745e-02	1.472e-01	3.120e+00	6	bulk_query: local query
TIMER	1.980e+00	2.109e+00	2.247e+00	6	bulk_query: all2all query results
TIMER	1.086e+01	1.093e+01	1.103e+01	7	resolve_next_lcp: bulk_rmq
TIMER	5.874e-02	8.902e-02	1.199e-01	7	resolve_next_lcp: set LCP
TIMER	1.128e+01	1.129e+01	1.129e+01	7	LCP update
unresolved = 3214279, unfinished = 1330905
TIMER	3.297e+01	3.298e+01	3.300e+01	5	bucket-chaising iteration
TIMER	8.245e-02	1.035e-01	1.263e-01	6	bulk_query: get recv_counts
TIMER	7.109e-01	1.468e+00	1.603e+00	6	bulk_query: all2all queries
Avg queries: 8.371e+03, max queries on proc 212: 330742
Inbalance factor: 3.951e+01x
TIMER	4.980e-02	9.760e-02	2.279e+00	6	bulk_query: local query
TIMER	1.318e+00	1.455e+00	1.596e+00	6	bulk_query: all2all query results
TIMER	9.531e+00	9.560e+00	9.610e+00	7	resolve_next_lcp: bulk_rmq
TIMER	3.846e-02	5.050e-02	6.682e-02	7	resolve_next_lcp: set LCP
TIMER	9.808e+00	9.811e+00	9.813e+00	7	LCP update
unresolved = 2059860, unfinished = 924799
TIMER	2.508e+01	2.509e+01	2.511e+01	5	bucket-chaising iteration
TIMER	9.326e-02	1.141e-01	1.383e-01	6	bulk_query: get recv_counts
TIMER	4.695e-01	9.724e-01	1.286e+00	6	bulk_query: all2all queries
Avg queries: 5.364e+03, max queries on proc 212: 301618
Inbalance factor: 5.623e+01x
TIMER	4.523e-02	7.406e-02	1.859e+00	6	bulk_query: local query
TIMER	8.456e-01	9.582e-01	1.068e+00	6	bulk_query: all2all query results
TIMER	8.678e+00	8.693e+00	8.708e+00	7	resolve_next_lcp: bulk_rmq
TIMER	2.151e-02	3.068e-02	4.052e-02	7	resolve_next_lcp: set LCP
TIMER	8.897e+00	8.899e+00	8.901e+00	7	LCP update
unresolved = 1420247, unfinished = 659187
TIMER	2.082e+01	2.082e+01	2.084e+01	5	bucket-chaising iteration
TIMER	8.417e-02	1.080e-01	1.395e-01	6	bulk_query: get recv_counts
TIMER	5.230e-01	7.479e-01	1.197e+00	6	bulk_query: all2all queries
Avg queries: 3.699e+03, max queries on proc 212: 259488
Inbalance factor: 7.016e+01x
TIMER	4.962e-02	7.119e-02	1.503e+00	6	bulk_query: local query
TIMER	5.445e-01	6.588e-01	7.611e-01	6	bulk_query: all2all query results
TIMER	8.346e+00	8.363e+00	8.382e+00	7	resolve_next_lcp: bulk_rmq
TIMER	1.097e-02	2.029e-02	2.706e-02	7	resolve_next_lcp: set LCP
TIMER	8.546e+00	8.548e+00	8.550e+00	7	LCP update
unresolved = 983947, unfinished = 476015
TIMER	1.828e+01	1.829e+01	1.831e+01	5	bucket-chaising iteration
TIMER	7.537e-02	1.075e-01	1.425e-01	6	bulk_query: get recv_counts
TIMER	2.775e-01	5.885e-01	1.009e+00	6	bulk_query: all2all queries
Avg queries: 2.562e+03, max queries on proc 212: 202505
Inbalance factor: 7.903e+01x
TIMER	4.913e-02	6.582e-02	9.892e-01	6	bulk_query: local query
TIMER	3.519e-01	4.489e-01	5.462e-01	6	bulk_query: all2all query results
TIMER	8.244e+00	8.256e+00	8.271e+00	7	resolve_next_lcp: bulk_rmq
TIMER	9.247e-03	1.753e-02	2.799e-02	7	resolve_next_lcp: set LCP
TIMER	8.426e+00	8.429e+00	8.431e+00	7	LCP update
unresolved = 630245, unfinished = 309523
TIMER	1.550e+01	1.551e+01	1.553e+01	5	bucket-chaising iteration
TIMER	7.944e-02	1.015e-01	1.206e-01	6	bulk_query: get recv_counts
TIMER	2.289e-01	4.534e-01	7.033e-01	6	bulk_query: all2all queries
Avg queries: 1.641e+03, max queries on proc 175: 146558
Inbalance factor: 8.930e+01x
TIMER	3.864e-02	4.696e-02	5.577e-01	6	bulk_query: local query
TIMER	2.362e-01	3.094e-01	3.662e-01	6	bulk_query: all2all query results
TIMER	8.087e+00	8.097e+00	8.106e+00	7	resolve_next_lcp: bulk_rmq
TIMER	1.014e-02	1.566e-02	2.335e-02	7	resolve_next_lcp: set LCP
TIMER	8.260e+00	8.262e+00	8.265e+00	7	LCP update
unresolved = 346601, unfinished = 170433
TIMER	1.337e+01	1.337e+01	1.338e+01	5	bucket-chaising iteration
TIMER	7.579e-02	1.047e-01	1.229e-01	6	bulk_query: get recv_counts
TIMER	1.287e-01	3.629e-01	6.643e-01	6	bulk_query: all2all queries
Avg queries: 9.026e+02, max queries on proc 175: 135806
Inbalance factor: 1.505e+02x
TIMER	5.273e-02	5.879e-02	4.181e-01	6	bulk_query: local query
TIMER	1.802e-01	2.811e-01	3.610e-01	6	bulk_query: all2all query results
TIMER	7.760e+00	7.766e+00	7.775e+00	7	resolve_next_lcp: bulk_rmq
TIMER	6.951e-03	1.017e-02	1.353e-02	7	resolve_next_lcp: set LCP
TIMER	7.926e+00	7.928e+00	7.930e+00	7	LCP update
unresolved = 162762, unfinished = 81381
TIMER	1.245e+01	1.245e+01	1.246e+01	5	bucket-chaising iteration
TIMER	7.361e-02	1.106e-01	1.354e-01	6	bulk_query: get recv_counts
TIMER	1.217e-01	3.150e-01	6.200e-01	6	bulk_query: all2all queries
Avg queries: 4.239e+02, max queries on proc 175: 114302
Inbalance factor: 2.697e+02x
TIMER	4.797e-02	5.211e-02	3.593e-01	6	bulk_query: local query
TIMER	1.462e-01	2.214e-01	3.095e-01	6	bulk_query: all2all query results
TIMER	7.449e+00	7.456e+00	7.465e+00	7	resolve_next_lcp: bulk_rmq
TIMER	2.140e-03	4.350e-03	6.363e-03	7	resolve_next_lcp: set LCP
TIMER	7.608e+00	7.611e+00	7.613e+00	7	LCP update
unresolved = 92256, unfinished = 46128
TIMER	1.161e+01	1.162e+01	1.163e+01	5	bucket-chaising iteration
TIMER	7.405e-02	1.093e-01	1.314e-01	6	bulk_query: get recv_counts
TIMER	4.660e-02	2.431e-01	6.093e-01	6	bulk_query: all2all queries
Avg queries: 2.402e+02, max queries on proc 175: 92256
Inbalance factor: 3.840e+02x
TIMER	3.688e-02	3.979e-02	3.021e-01	6	bulk_query: local query
TIMER	2.011e-02	1.705e-01	3.003e-01	6	bulk_query: all2all query results
TIMER	7.322e+00	7.329e+00	7.338e+00	7	resolve_next_lcp: bulk_rmq
TIMER	1.022e-03	3.076e-03	6.588e-03	7	resolve_next_lcp: set LCP
TIMER	7.491e+00	7.492e+00	7.495e+00	7	LCP update
unresolved = 49248, unfinished = 24624
TIMER	1.112e+01	1.112e+01	1.113e+01	5	bucket-chaising iteration
TIMER	7.732e-02	1.106e-01	1.295e-01	6	bulk_query: get recv_counts
TIMER	6.193e-02	2.219e-01	5.055e-01	6	bulk_query: all2all queries
Avg queries: 1.282e+02, max queries on proc 175: 49248
Inbalance factor: 3.840e+02x
TIMER	3.746e-02	4.020e-02	2.016e-01	6	bulk_query: local query
TIMER	1.939e-02	1.427e-01	2.585e-01	6	bulk_query: all2all query results
TIMER	7.295e+00	7.307e+00	7.317e+00	7	resolve_next_lcp: bulk_rmq
TIMER	1.239e-03	3.453e-03	5.770e-03	7	resolve_next_lcp: set LCP
TIMER	7.457e+00	7.464e+00	7.467e+00	7	LCP update
unresolved = 0, unfinished = 0
TIMER	1.021e+01	1.022e+01	1.023e+01	5	bucket-chaising iteration
TIMER	2.666e+02	2.666e+02	2.666e+02	4	construct-msgs
TIMER	1.826e+00	2.056e+00	2.152e+00	4	fix-isa
TIMER	7.186e+02	7.186e+02	7.186e+02	2	desa_construct: SA/LCP construct
TIMER	1.871e+01	1.879e+01	1.887e+01	2	desa_construct: TLI construct
TIMER	8.198e-02	9.405e-02	1.140e-01	3	repartition: 1D-partition
TIMER	1.195e+00	1.197e+00	1.198e+00	2	desa_construct: 1-D partition
TIMER	1.649e+01	1.650e+01	1.654e+01	3	repartition: redistribute
TIMER	1.665e+01	1.665e+01	1.762e+01	2	desa_construct: repartition
TIMER	6.537e+00	6.791e+00	7.103e+00	2	desa_construct: RMQ construct
TIMER	9.495e-02	1.199e-01	1.570e-01	3	bulk_query: get recv_counts
TIMER	4.076e+01	4.159e+01	4.231e+01	3	bulk_query: all2all queries
Avg queries: 5.867e+05, max queries on proc 22: 587918
Inbalance factor: 1.002e+00x
TIMER	1.856e+00	2.155e+00	3.055e+00	3	bulk_query: local query
TIMER	3.547e+00	3.622e+00	3.710e+00	3	bulk_query: all2all query results
TIMER	7.619e+01	7.707e+01	7.820e+01	2	desa_construct: Lc naive construct
TIMER	8.427e+02	8.427e+02	8.427e+02	1	construct idx
