== Node distribution == 
== p=96 processes on 2 nodes ==
--  Node: 'c506-083.stampede2.tacc.utexas.edu' (48/96)
        Ranks: 0, 1, 2, 3, 4, 5, 6, 7, 8, 9, 10, 11, 12, 13, 14, 15, 16, 17, 18, 19, 20, 21, 22, 23, 24, 25, 26, 27, 28, 29, 30, 31, 32, 33, 34, 35, 36, 37, 38, 39, 40, 41, 42, 43, 44, 45, 46, 47
--  Node: 'c506-084.stampede2.tacc.utexas.edu' (48/96)
        Ranks: 48, 49, 50, 51, 52, 53, 54, 55, 56, 57, 58, 59, 60, 61, 62, 63, 64, 65, 66, 67, 68, 69, 70, 71, 72, 73, 74, 75, 76, 77, 78, 79, 80, 81, 82, 83, 84, 85, 86, 87, 88, 89, 90, 91, 92, 93, 94, 95
TIMER	1.553e+01	2.806e+01	3.002e+01	1	read input file
TIMER	2.137e+00	2.138e+00	2.141e+00	2	desa_construct: cpy str
Alphabet: {sigma=4, l=3, A=[A, C, G, T]}
TIMER	2.528e+00	2.529e+00	2.559e+00	3	get alphabet
TIMER	2.281e+01	2.360e+01	2.422e+01	4	kmer-gen
TIMER	2.593e+01	2.709e+01	3.029e+01	5	shift-buckets
TIMER	9.457e+02	9.498e+02	9.544e+02	5	ISA-to-SA
TIMER	4.097e+01	4.265e+01	4.458e+01	5	init-lcp
iteration 21: unfinished buckets = 3772201, unfinished elements = 14712242
TIMER	2.359e+01	2.391e+01	2.420e+01	5	rebucket
TIMER	3.310e+02	3.338e+02	3.354e+02	5	SA-to-ISA
TIMER	1.391e+03	1.391e+03	1.391e+03	5	sac-iteration
Starting Bucket chasing algorithm
unresolved = 14712245, unfinished = 3772201
TIMER	7.664e+00	7.666e+00	7.683e+00	5	get active elements
TIMER	4.487e-02	5.060e-02	5.713e-02	6	bulk_query: get recv_counts
TIMER	8.513e+00	9.162e+00	9.486e+00	6	bulk_query: all2all queries
Avg queries: 1.533e+05, max queries on proc 53: 1225737
Inbalance factor: 7.998e+00x
TIMER	9.012e-01	1.866e+00	1.055e+01	6	bulk_query: local query
TIMER	6.330e+00	7.338e+00	7.644e+00	6	bulk_query: all2all query results
TIMER	7.466e+01	7.590e+01	7.835e+01	7	resolve_next_lcp: bulk_rmq
TIMER	1.240e+00	1.794e+00	2.316e+00	7	resolve_next_lcp: set LCP
TIMER	8.079e+01	8.079e+01	8.079e+01	7	LCP update
unresolved = 5543898, unfinished = 1943843
TIMER	2.055e+02	2.055e+02	2.055e+02	5	bucket-chaising iteration
TIMER	4.312e-02	5.157e-02	6.351e-02	6	bulk_query: get recv_counts
TIMER	2.842e+00	3.518e+00	3.680e+00	6	bulk_query: all2all queries
Avg queries: 5.775e+04, max queries on proc 53: 981645
Inbalance factor: 1.700e+01x
TIMER	1.090e-01	4.534e-01	7.499e+00	6	bulk_query: local query
TIMER	2.318e+00	2.668e+00	3.232e+00	6	bulk_query: all2all query results
TIMER	3.726e+01	3.736e+01	3.753e+01	7	resolve_next_lcp: bulk_rmq
TIMER	4.326e-01	5.277e-01	6.083e-01	7	resolve_next_lcp: set LCP
TIMER	3.826e+01	3.827e+01	3.827e+01	7	LCP update
unresolved = 3214279, unfinished = 1330905
TIMER	8.591e+01	8.591e+01	8.593e+01	5	bucket-chaising iteration
TIMER	3.892e-02	4.888e-02	6.517e-02	6	bulk_query: get recv_counts
TIMER	2.032e+00	2.920e+00	3.257e+00	6	bulk_query: all2all queries
Avg queries: 3.348e+04, max queries on proc 53: 745565
Inbalance factor: 2.227e+01x
TIMER	5.007e-02	2.527e-01	5.409e+00	6	bulk_query: local query
TIMER	1.085e+00	1.706e+00	2.590e+00	6	bulk_query: all2all query results
TIMER	3.338e+01	3.341e+01	3.347e+01	7	resolve_next_lcp: bulk_rmq
TIMER	2.079e-01	2.479e-01	2.885e-01	7	resolve_next_lcp: set LCP
TIMER	3.387e+01	3.387e+01	3.387e+01	7	LCP update
unresolved = 2059860, unfinished = 924799
TIMER	6.657e+01	6.657e+01	6.659e+01	5	bucket-chaising iteration
TIMER	3.438e-02	4.062e-02	5.377e-02	6	bulk_query: get recv_counts
TIMER	9.100e-01	1.484e+00	1.854e+00	6	bulk_query: all2all queries
Avg queries: 2.146e+04, max queries on proc 53: 532776
Inbalance factor: 2.483e+01x
TIMER	3.461e-02	1.595e-01	3.366e+00	6	bulk_query: local query
TIMER	5.834e-01	7.902e-01	1.080e+00	6	bulk_query: all2all query results
TIMER	3.183e+01	3.186e+01	3.188e+01	7	resolve_next_lcp: bulk_rmq
TIMER	1.090e-01	1.311e-01	1.533e-01	7	resolve_next_lcp: set LCP
TIMER	3.215e+01	3.215e+01	3.215e+01	7	LCP update
unresolved = 1420247, unfinished = 659187
TIMER	5.282e+01	5.282e+01	5.285e+01	5	bucket-chaising iteration
TIMER	3.795e-02	4.592e-02	5.505e-02	6	bulk_query: get recv_counts
TIMER	4.532e-01	9.107e-01	1.257e+00	6	bulk_query: all2all queries
Avg queries: 1.479e+04, max queries on proc 53: 376346
Inbalance factor: 2.544e+01x
TIMER	3.320e-02	1.055e-01	2.125e+00	6	bulk_query: local query
TIMER	3.743e-01	5.301e-01	6.894e-01	6	bulk_query: all2all query results
TIMER	3.925e+01	3.928e+01	3.931e+01	7	resolve_next_lcp: bulk_rmq
TIMER	6.875e-02	1.325e-01	9.840e-01	7	resolve_next_lcp: set LCP
TIMER	4.361e+01	4.364e+01	4.460e+01	7	LCP update
unresolved = 983947, unfinished = 476015
TIMER	6.393e+01	6.393e+01	6.396e+01	5	bucket-chaising iteration
TIMER	4.184e-02	5.434e-02	7.325e-02	6	bulk_query: get recv_counts
TIMER	3.677e-01	6.401e-01	8.306e-01	6	bulk_query: all2all queries
Avg queries: 1.025e+04, max queries on proc 53: 253800
Inbalance factor: 2.476e+01x
TIMER	3.839e-02	8.299e-02	1.267e+00	6	bulk_query: local query
TIMER	2.300e-01	3.877e-01	4.973e-01	6	bulk_query: all2all query results
TIMER	3.364e+01	3.365e+01	3.367e+01	7	resolve_next_lcp: bulk_rmq
TIMER	5.679e-02	9.299e-02	2.090e-01	7	resolve_next_lcp: set LCP
TIMER	3.399e+01	3.399e+01	3.400e+01	7	LCP update
unresolved = 630245, unfinished = 309523
TIMER	4.841e+01	4.842e+01	4.843e+01	5	bucket-chaising iteration
TIMER	3.738e-02	4.099e-02	5.484e-02	6	bulk_query: get recv_counts
TIMER	2.669e-01	3.880e-01	5.500e-01	6	bulk_query: all2all queries
Avg queries: 6.565e+03, max queries on proc 53: 149584
Inbalance factor: 2.278e+01x
TIMER	3.197e-02	5.929e-02	6.053e-01	6	bulk_query: local query
TIMER	1.463e-01	2.363e-01	2.969e-01	6	bulk_query: all2all query results
TIMER	3.175e+01	3.176e+01	3.177e+01	7	resolve_next_lcp: bulk_rmq
TIMER	5.236e-02	6.546e-02	7.932e-02	7	resolve_next_lcp: set LCP
TIMER	3.195e+01	3.195e+01	3.195e+01	7	LCP update
unresolved = 346601, unfinished = 170433
TIMER	3.759e+01	3.759e+01	3.760e+01	5	bucket-chaising iteration
TIMER	3.350e-02	3.955e-02	4.545e-02	6	bulk_query: get recv_counts
TIMER	1.704e-01	2.726e-01	4.257e-01	6	bulk_query: all2all queries
Avg queries: 3.610e+03, max queries on proc 43: 135806
Inbalance factor: 3.761e+01x
TIMER	3.927e-02	5.190e-02	4.458e-01	6	bulk_query: local query
TIMER	6.729e-02	1.722e-01	2.415e-01	6	bulk_query: all2all query results
TIMER	3.174e+01	3.175e+01	3.176e+01	7	resolve_next_lcp: bulk_rmq
TIMER	3.412e-02	4.386e-02	5.474e-02	7	resolve_next_lcp: set LCP
TIMER	3.193e+01	3.193e+01	3.194e+01	7	LCP update
unresolved = 162762, unfinished = 81381
TIMER	3.609e+01	3.609e+01	3.610e+01	5	bucket-chaising iteration
TIMER	3.118e-02	3.517e-02	4.150e-02	6	bulk_query: get recv_counts
TIMER	1.412e-01	2.063e-01	3.647e-01	6	bulk_query: all2all queries
Avg queries: 1.695e+03, max queries on proc 43: 114302
Inbalance factor: 6.742e+01x
TIMER	2.997e-02	3.757e-02	4.456e-01	6	bulk_query: local query
TIMER	4.270e-02	1.311e-01	1.975e-01	6	bulk_query: all2all query results
TIMER	3.154e+01	3.154e+01	3.155e+01	7	resolve_next_lcp: bulk_rmq
TIMER	1.064e-02	1.720e-02	2.313e-02	7	resolve_next_lcp: set LCP
TIMER	3.168e+01	3.168e+01	3.168e+01	7	LCP update
unresolved = 92256, unfinished = 46128
TIMER	3.493e+01	3.493e+01	3.494e+01	5	bucket-chaising iteration
TIMER	2.825e-02	3.298e-02	3.796e-02	6	bulk_query: get recv_counts
TIMER	5.037e-02	8.746e-02	2.623e-01	6	bulk_query: all2all queries
Avg queries: 9.610e+02, max queries on proc 43: 92256
Inbalance factor: 9.600e+01x
TIMER	2.945e-02	3.468e-02	2.857e-01	6	bulk_query: local query
TIMER	1.500e-02	1.032e-01	1.811e-01	6	bulk_query: all2all query results
TIMER	3.149e+01	3.151e+01	3.153e+01	7	resolve_next_lcp: bulk_rmq
TIMER	4.796e-03	1.120e-02	1.998e-02	7	resolve_next_lcp: set LCP
TIMER	3.166e+01	3.166e+01	3.167e+01	7	LCP update
unresolved = 49248, unfinished = 24624
TIMER	3.416e+01	3.416e+01	3.417e+01	5	bucket-chaising iteration
TIMER	2.532e-02	2.915e-02	3.529e-02	6	bulk_query: get recv_counts
TIMER	2.184e-02	6.136e-02	1.565e-01	6	bulk_query: all2all queries
Avg queries: 5.130e+02, max queries on proc 43: 49248
Inbalance factor: 9.600e+01x
TIMER	2.881e-02	3.245e-02	1.849e-01	6	bulk_query: local query
TIMER	1.393e-02	6.313e-02	1.095e-01	6	bulk_query: all2all query results
TIMER	3.058e+01	3.059e+01	3.060e+01	7	resolve_next_lcp: bulk_rmq
TIMER	5.697e-03	1.283e-02	2.375e-02	7	resolve_next_lcp: set LCP
TIMER	3.072e+01	3.072e+01	3.072e+01	7	LCP update
unresolved = 0, unfinished = 0
TIMER	3.230e+01	3.230e+01	3.231e+01	5	bucket-chaising iteration
TIMER	7.087e+02	7.087e+02	7.087e+02	4	construct-msgs
TIMER	7.933e+00	9.215e+00	9.640e+00	4	fix-isa
TIMER	2.139e+03	2.141e+03	2.141e+03	2	desa_construct: SA/LCP construct
TIMER	5.224e+01	5.232e+01	5.239e+01	2	desa_construct: TLI construct
TIMER	1.587e-02	1.855e-02	2.603e-02	3	repartition: 1D-partition
TIMER	1.649e-01	1.668e-01	1.705e-01	2	desa_construct: 1-D partition
TIMER	6.806e+01	6.808e+01	6.811e+01	3	repartition: redistribute
TIMER	6.820e+01	6.821e+01	6.845e+01	2	desa_construct: repartition
TIMER	2.845e+01	2.958e+01	3.148e+01	2	desa_construct: RMQ construct
TIMER	4.192e-02	4.727e-02	5.211e-02	3	bulk_query: get recv_counts
TIMER	5.027e+01	5.114e+01	5.184e+01	3	bulk_query: all2all queries
Avg queries: 2.347e+06, max queries on proc 32: 2346913
Inbalance factor: 1.000e+00x
TIMER	1.859e+01	2.224e+01	2.315e+01	3	bulk_query: local query
TIMER	6.137e+00	6.537e+00	6.710e+00	3	bulk_query: all2all query results
TIMER	1.840e+02	1.861e+02	1.930e+02	2	desa_construct: Lc naive construct
TIMER	2.489e+03	2.489e+03	2.489e+03	1	construct idx
