== Node distribution == 
== p=1 processes on 1 nodes ==
--  Node: 'c506-044.stampede2.tacc.utexas.edu' (1/1)
        Ranks: 0
TIMER	7.132e+02	7.132e+02	7.132e+02	1	read input file
TIMER	8.427e+01	8.427e+01	8.427e+01	2	desa_construct: cpy str
Alphabet: {sigma=4, l=3, A=[A, C, G, T]}
TIMER	1.409e+02	1.409e+02	1.409e+02	3	get alphabet
TIMER	9.134e+02	9.134e+02	9.134e+02	4	kmer-gen
TIMER	7.430e+02	7.430e+02	7.430e+02	5	shift-buckets
TIMER	2.905e+04	2.905e+04	2.905e+04	5	ISA-to-SA
TIMER	2.369e+03	2.369e+03	2.369e+03	5	init-lcp
iteration 21: unfinished buckets = 3772201, unfinished elements = 14712245
TIMER	8.995e+02	8.995e+02	8.995e+02	5	rebucket
TIMER	8.140e+03	8.140e+03	8.140e+03	5	SA-to-ISA
TIMER	4.120e+04	4.120e+04	4.120e+04	5	sac-iteration
Starting Bucket chasing algorithm
unresolved = 14712245, unfinished = 3772201
TIMER	4.653e+02	4.653e+02	4.653e+02	5	get active elements
TIMER	3.047e-03	3.047e-03	3.047e-03	6	bulk_query: get recv_counts
TIMER	5.234e+01	5.234e+01	5.234e+01	6	bulk_query: all2all queries
Avg queries: 1.471e+07, max queries on proc 0: 14712245
Inbalance factor: 1.000e+00x
TIMER	1.876e+02	1.876e+02	1.876e+02	6	bulk_query: local query
TIMER	5.196e+01	5.196e+01	5.196e+01	6	bulk_query: all2all query results
TIMER	3.085e+03	3.085e+03	3.085e+03	7	resolve_next_lcp: bulk_rmq
TIMER	7.092e+01	7.092e+01	7.092e+01	7	resolve_next_lcp: set LCP
TIMER	3.156e+03	3.156e+03	3.156e+03	7	LCP update
unresolved = 5543898, unfinished = 1943843
TIMER	6.042e+03	6.042e+03	6.042e+03	5	bucket-chaising iteration
TIMER	2.142e-03	2.142e-03	2.142e-03	6	bulk_query: get recv_counts
TIMER	1.795e+01	1.795e+01	1.795e+01	6	bulk_query: all2all queries
Avg queries: 5.544e+06, max queries on proc 0: 5543898
Inbalance factor: 1.000e+00x
TIMER	5.931e+01	5.931e+01	5.931e+01	6	bulk_query: local query
TIMER	1.772e+01	1.772e+01	1.772e+01	6	bulk_query: all2all query results
TIMER	2.058e+03	2.058e+03	2.058e+03	7	resolve_next_lcp: bulk_rmq
TIMER	3.129e+01	3.129e+01	3.129e+01	7	resolve_next_lcp: set LCP
TIMER	2.090e+03	2.090e+03	2.090e+03	7	LCP update
unresolved = 3214279, unfinished = 1330905
TIMER	3.353e+03	3.353e+03	3.353e+03	5	bucket-chaising iteration
TIMER	2.509e-03	2.509e-03	2.509e-03	6	bulk_query: get recv_counts
TIMER	1.024e+01	1.024e+01	1.024e+01	6	bulk_query: all2all queries
Avg queries: 3.214e+06, max queries on proc 0: 3214279
Inbalance factor: 1.000e+00x
TIMER	2.890e+01	2.890e+01	2.890e+01	6	bulk_query: local query
TIMER	6.435e+00	6.435e+00	6.435e+00	6	bulk_query: all2all query results
TIMER	1.962e+03	1.962e+03	1.962e+03	7	resolve_next_lcp: bulk_rmq
TIMER	1.822e+01	1.822e+01	1.822e+01	7	resolve_next_lcp: set LCP
TIMER	1.980e+03	1.980e+03	1.980e+03	7	LCP update
unresolved = 2059860, unfinished = 924799
TIMER	2.732e+03	2.732e+03	2.732e+03	5	bucket-chaising iteration
TIMER	1.682e-03	1.682e-03	1.682e-03	6	bulk_query: get recv_counts
TIMER	6.000e+00	6.000e+00	6.000e+00	6	bulk_query: all2all queries
Avg queries: 2.060e+06, max queries on proc 0: 2059860
Inbalance factor: 1.000e+00x
TIMER	1.671e+01	1.671e+01	1.671e+01	6	bulk_query: local query
TIMER	3.616e+00	3.616e+00	3.616e+00	6	bulk_query: all2all query results
TIMER	1.827e+03	1.827e+03	1.827e+03	7	resolve_next_lcp: bulk_rmq
TIMER	1.067e+01	1.067e+01	1.067e+01	7	resolve_next_lcp: set LCP
TIMER	1.838e+03	1.838e+03	1.838e+03	7	LCP update
unresolved = 1420247, unfinished = 659187
TIMER	2.323e+03	2.323e+03	2.323e+03	5	bucket-chaising iteration
TIMER	1.985e-03	1.985e-03	1.985e-03	6	bulk_query: get recv_counts
TIMER	3.187e+00	3.187e+00	3.187e+00	6	bulk_query: all2all queries
Avg queries: 1.420e+06, max queries on proc 0: 1420247
Inbalance factor: 1.000e+00x
TIMER	1.132e+01	1.132e+01	1.132e+01	6	bulk_query: local query
TIMER	2.101e+00	2.101e+00	2.101e+00	6	bulk_query: all2all query results
TIMER	1.810e+03	1.810e+03	1.810e+03	7	resolve_next_lcp: bulk_rmq
TIMER	7.074e+00	7.074e+00	7.074e+00	7	resolve_next_lcp: set LCP
TIMER	1.817e+03	1.817e+03	1.817e+03	7	LCP update
unresolved = 983947, unfinished = 476015
TIMER	2.145e+03	2.145e+03	2.145e+03	5	bucket-chaising iteration
TIMER	1.983e-03	1.983e-03	1.983e-03	6	bulk_query: get recv_counts
TIMER	2.016e+00	2.016e+00	2.016e+00	6	bulk_query: all2all queries
Avg queries: 9.839e+05, max queries on proc 0: 983947
Inbalance factor: 1.000e+00x
TIMER	5.838e+00	5.838e+00	5.838e+00	6	bulk_query: local query
TIMER	1.415e+00	1.415e+00	1.415e+00	6	bulk_query: all2all query results
TIMER	1.801e+03	1.801e+03	1.801e+03	7	resolve_next_lcp: bulk_rmq
TIMER	5.632e+00	5.632e+00	5.632e+00	7	resolve_next_lcp: set LCP
TIMER	1.806e+03	1.806e+03	1.806e+03	7	LCP update
unresolved = 630245, unfinished = 309523
TIMER	2.040e+03	2.040e+03	2.040e+03	5	bucket-chaising iteration
TIMER	1.428e-03	1.428e-03	1.428e-03	6	bulk_query: get recv_counts
TIMER	1.284e+00	1.284e+00	1.284e+00	6	bulk_query: all2all queries
Avg queries: 6.302e+05, max queries on proc 0: 630245
Inbalance factor: 1.000e+00x
TIMER	3.124e+00	3.124e+00	3.124e+00	6	bulk_query: local query
TIMER	6.761e-01	6.761e-01	6.761e-01	6	bulk_query: all2all query results
TIMER	1.810e+03	1.810e+03	1.810e+03	7	resolve_next_lcp: bulk_rmq
TIMER	4.769e+00	4.769e+00	4.769e+00	7	resolve_next_lcp: set LCP
TIMER	1.815e+03	1.815e+03	1.815e+03	7	LCP update
unresolved = 346601, unfinished = 170433
TIMER	1.967e+03	1.967e+03	1.967e+03	5	bucket-chaising iteration
TIMER	1.708e-03	1.708e-03	1.708e-03	6	bulk_query: get recv_counts
TIMER	5.380e-01	5.380e-01	5.380e-01	6	bulk_query: all2all queries
Avg queries: 3.466e+05, max queries on proc 0: 346601
Inbalance factor: 1.000e+00x
TIMER	1.668e+00	1.668e+00	1.668e+00	6	bulk_query: local query
TIMER	3.866e-01	3.866e-01	3.866e-01	6	bulk_query: all2all query results
TIMER	1.795e+03	1.795e+03	1.795e+03	7	resolve_next_lcp: bulk_rmq
TIMER	3.251e+00	3.251e+00	3.251e+00	7	resolve_next_lcp: set LCP
TIMER	1.799e+03	1.799e+03	1.799e+03	7	LCP update
unresolved = 162762, unfinished = 81381
TIMER	1.876e+03	1.876e+03	1.876e+03	5	bucket-chaising iteration
TIMER	9.310e-04	9.310e-04	9.310e-04	6	bulk_query: get recv_counts
TIMER	1.745e-01	1.745e-01	1.745e-01	6	bulk_query: all2all queries
Avg queries: 1.628e+05, max queries on proc 0: 162762
Inbalance factor: 1.000e+00x
TIMER	5.658e-01	5.658e-01	5.658e-01	6	bulk_query: local query
TIMER	1.476e-01	1.476e-01	1.476e-01	6	bulk_query: all2all query results
TIMER	1.861e+03	1.861e+03	1.861e+03	7	resolve_next_lcp: bulk_rmq
TIMER	1.577e+00	1.577e+00	1.577e+00	7	resolve_next_lcp: set LCP
TIMER	1.863e+03	1.863e+03	1.863e+03	7	LCP update
unresolved = 92256, unfinished = 46128
TIMER	1.898e+03	1.898e+03	1.898e+03	5	bucket-chaising iteration
TIMER	1.387e-03	1.387e-03	1.387e-03	6	bulk_query: get recv_counts
TIMER	8.716e-02	8.716e-02	8.716e-02	6	bulk_query: all2all queries
Avg queries: 9.226e+04, max queries on proc 0: 92256
Inbalance factor: 1.000e+00x
TIMER	3.343e-01	3.343e-01	3.343e-01	6	bulk_query: local query
TIMER	7.489e-02	7.489e-02	7.489e-02	6	bulk_query: all2all query results
TIMER	2.130e+03	2.130e+03	2.130e+03	7	resolve_next_lcp: bulk_rmq
TIMER	8.018e-01	8.018e-01	8.018e-01	7	resolve_next_lcp: set LCP
TIMER	2.131e+03	2.131e+03	2.131e+03	7	LCP update
unresolved = 49248, unfinished = 24624
TIMER	2.153e+03	2.153e+03	2.153e+03	5	bucket-chaising iteration
TIMER	9.070e-04	9.070e-04	9.070e-04	6	bulk_query: get recv_counts
TIMER	4.246e-02	4.246e-02	4.246e-02	6	bulk_query: all2all queries
Avg queries: 4.925e+04, max queries on proc 0: 49248
Inbalance factor: 1.000e+00x
TIMER	2.250e-01	2.250e-01	2.250e-01	6	bulk_query: local query
TIMER	3.328e-02	3.328e-02	3.328e-02	6	bulk_query: all2all query results
TIMER	2.134e+03	2.134e+03	2.134e+03	7	resolve_next_lcp: bulk_rmq
TIMER	9.445e-01	9.445e-01	9.445e-01	7	resolve_next_lcp: set LCP
TIMER	2.135e+03	2.135e+03	2.135e+03	7	LCP update
unresolved = 0, unfinished = 0
TIMER	2.146e+03	2.146e+03	2.146e+03	5	bucket-chaising iteration
TIMER	2.915e+04	2.915e+04	2.915e+04	4	construct-msgs
TIMER	1.569e+02	1.569e+02	1.569e+02	4	fix-isa
TIMER	7.157e+04	7.157e+04	7.157e+04	2	desa_construct: SA/LCP construct
TIMER	4.438e+03	4.438e+03	4.438e+03	2	desa_construct: TLI construct
TIMER	1.418e-03	1.418e-03	1.418e-03	3	repartition: 1D-partition
TIMER	2.021e-02	2.021e-02	2.021e-02	2	desa_construct: 1-D partition
TIMER	2.603e+03	2.603e+03	2.603e+03	3	repartition: redistribute
TIMER	2.603e+03	2.603e+03	2.603e+03	2	desa_construct: repartition
TIMER	2.041e+03	2.041e+03	2.041e+03	2	desa_construct: RMQ construct
TIMER	4.953e-03	4.953e-03	4.953e-03	3	bulk_query: get recv_counts
TIMER	8.072e+02	8.072e+02	8.072e+02	3	bulk_query: all2all queries
Avg queries: 2.253e+08, max queries on proc 0: 225280603
Inbalance factor: 1.000e+00x
TIMER	2.943e+03	2.943e+03	2.943e+03	3	bulk_query: local query
TIMER	1.009e+02	1.009e+02	1.009e+02	3	bulk_query: all2all query results
TIMER	1.089e+04	1.089e+04	1.089e+04	2	desa_construct: Lc naive construct
TIMER	9.163e+04	9.163e+04	9.163e+04	1	construct idx
