== Node distribution == 
== p=192 processes on 4 nodes ==
--  Node: 'c506-083.stampede2.tacc.utexas.edu' (48/192)
        Ranks: 0, 1, 2, 3, 4, 5, 6, 7, 8, 9, 10, 11, 12, 13, 14, 15, 16, 17, 18, 19, 20, 21, 22, 23, 24, 25, 26, 27, 28, 29, 30, 31, 32, 33, 34, 35, 36, 37, 38, 39, 40, 41, 42, 43, 44, 45, 46, 47
--  Node: 'c506-084.stampede2.tacc.utexas.edu' (48/192)
        Ranks: 48, 49, 50, 51, 52, 53, 54, 55, 56, 57, 58, 59, 60, 61, 62, 63, 64, 65, 66, 67, 68, 69, 70, 71, 72, 73, 74, 75, 76, 77, 78, 79, 80, 81, 82, 83, 84, 85, 86, 87, 88, 89, 90, 91, 92, 93, 94, 95
--  Node: 'c506-102.stampede2.tacc.utexas.edu' (48/192)
        Ranks: 96, 97, 98, 99, 100, 101, 102, 103, 104, 105, 106, 107, 108, 109, 110, 111, 112, 113, 114, 115, 116, 117, 118, 119, 120, 121, 122, 123, 124, 125, 126, 127, 128, 129, 130, 131, 132, 133, 134, 135, 136, 137, 138, 139, 140, 141, 142, 143
--  Node: 'c506-121.stampede2.tacc.utexas.edu' (48/192)
        Ranks: 144, 145, 146, 147, 148, 149, 150, 151, 152, 153, 154, 155, 156, 157, 158, 159, 160, 161, 162, 163, 164, 165, 166, 167, 168, 169, 170, 171, 172, 173, 174, 175, 176, 177, 178, 179, 180, 181, 182, 183, 184, 185, 186, 187, 188, 189, 190, 191
TIMER	1.219e+01	2.080e+01	2.395e+01	1	read input file
TIMER	9.657e-01	9.673e-01	9.692e-01	2	desa_construct: cpy str
Alphabet: {sigma=4, l=3, A=[A, C, G, T]}
TIMER	1.585e+00	1.587e+00	1.617e+00	3	get alphabet
TIMER	1.032e+01	1.148e+01	1.211e+01	4	kmer-gen
TIMER	1.122e+01	1.278e+01	1.480e+01	5	shift-buckets
TIMER	5.083e+02	5.136e+02	5.160e+02	5	ISA-to-SA
TIMER	2.013e+01	2.091e+01	2.152e+01	5	init-lcp
iteration 21: unfinished buckets = 3772201, unfinished elements = 14712237
TIMER	1.159e+01	1.181e+01	1.197e+01	5	rebucket
TIMER	2.116e+02	2.143e+02	2.173e+02	5	SA-to-ISA
TIMER	7.820e+02	7.820e+02	7.820e+02	5	sac-iteration
Starting Bucket chasing algorithm
unresolved = 14712245, unfinished = 3772201
TIMER	4.287e+00	4.289e+00	4.308e+00	5	get active elements
TIMER	5.849e-02	6.543e-02	9.015e-02	6	bulk_query: get recv_counts
TIMER	5.377e+00	5.762e+00	6.168e+00	6	bulk_query: all2all queries
Avg queries: 7.663e+04, max queries on proc 106: 856331
Inbalance factor: 1.118e+01x
TIMER	3.587e-01	8.388e-01	7.232e+00	6	bulk_query: local query
TIMER	6.434e+00	6.659e+00	6.954e+00	6	bulk_query: all2all query results
TIMER	4.507e+01	4.593e+01	4.794e+01	7	resolve_next_lcp: bulk_rmq
TIMER	4.373e-01	7.645e-01	1.166e+00	7	resolve_next_lcp: set LCP
TIMER	4.925e+01	4.925e+01	4.925e+01	7	LCP update
unresolved = 5543898, unfinished = 1943843
TIMER	1.379e+02	1.379e+02	1.379e+02	5	bucket-chaising iteration
TIMER	5.711e-02	6.689e-02	8.469e-02	6	bulk_query: get recv_counts
TIMER	2.919e+00	3.201e+00	3.522e+00	6	bulk_query: all2all queries
Avg queries: 2.887e+04, max queries on proc 106: 755708
Inbalance factor: 2.617e+01x
TIMER	6.843e-02	2.423e-01	5.576e+00	6	bulk_query: local query
TIMER	3.078e+00	3.329e+00	3.610e+00	6	bulk_query: all2all query results
TIMER	1.962e+01	1.971e+01	1.983e+01	7	resolve_next_lcp: bulk_rmq
TIMER	1.586e-01	2.104e-01	2.598e-01	7	resolve_next_lcp: set LCP
TIMER	2.022e+01	2.022e+01	2.022e+01	7	LCP update
unresolved = 3214279, unfinished = 1330905
TIMER	5.556e+01	5.556e+01	5.559e+01	5	bucket-chaising iteration
TIMER	5.192e-02	6.534e-02	7.947e-02	6	bulk_query: get recv_counts
TIMER	2.094e+00	2.215e+00	2.494e+00	6	bulk_query: all2all queries
Avg queries: 1.674e+04, max queries on proc 106: 629968
Inbalance factor: 3.763e+01x
TIMER	5.754e-02	1.531e-01	4.340e+00	6	bulk_query: local query
TIMER	1.673e+00	1.848e+00	2.027e+00	6	bulk_query: all2all query results
TIMER	1.730e+01	1.733e+01	1.736e+01	7	resolve_next_lcp: bulk_rmq
TIMER	8.396e-02	1.055e-01	1.304e-01	7	resolve_next_lcp: set LCP
TIMER	1.762e+01	1.762e+01	1.762e+01	7	LCP update
unresolved = 2059860, unfinished = 924799
TIMER	4.200e+01	4.200e+01	4.202e+01	5	bucket-chaising iteration
TIMER	4.544e-02	6.132e-02	8.647e-02	6	bulk_query: get recv_counts
TIMER	7.553e-01	1.407e+00	1.711e+00	6	bulk_query: all2all queries
Avg queries: 1.073e+04, max queries on proc 106: 489306
Inbalance factor: 4.561e+01x
TIMER	5.847e-02	1.134e-01	2.997e+00	6	bulk_query: local query
TIMER	9.258e-01	1.027e+00	1.182e+00	6	bulk_query: all2all query results
TIMER	1.626e+01	1.627e+01	1.630e+01	7	resolve_next_lcp: bulk_rmq
TIMER	4.941e-02	6.203e-02	7.431e-02	7	resolve_next_lcp: set LCP
TIMER	1.649e+01	1.650e+01	1.650e+01	7	LCP update
unresolved = 1420247, unfinished = 659187
TIMER	3.381e+01	3.381e+01	3.383e+01	5	bucket-chaising iteration
TIMER	5.425e-02	6.927e-02	9.699e-02	6	bulk_query: get recv_counts
TIMER	5.759e-01	8.784e-01	1.268e+00	6	bulk_query: all2all queries
Avg queries: 7.397e+03, max queries on proc 106: 361472
Inbalance factor: 4.887e+01x
TIMER	4.785e-02	8.175e-02	1.998e+00	6	bulk_query: local query
TIMER	6.117e-01	6.982e-01	8.492e-01	6	bulk_query: all2all query results
TIMER	1.593e+01	1.595e+01	1.598e+01	7	resolve_next_lcp: bulk_rmq
TIMER	2.870e-02	4.236e-02	5.573e-02	7	resolve_next_lcp: set LCP
TIMER	1.616e+01	1.616e+01	1.617e+01	7	LCP update
unresolved = 983947, unfinished = 476015
TIMER	2.882e+01	2.882e+01	2.883e+01	5	bucket-chaising iteration
TIMER	5.981e-02	7.392e-02	9.856e-02	6	bulk_query: get recv_counts
TIMER	3.911e-01	5.908e-01	8.775e-01	6	bulk_query: all2all queries
Avg queries: 5.125e+03, max queries on proc 106: 249991
Inbalance factor: 4.878e+01x
TIMER	4.669e-02	6.808e-02	1.173e+00	6	bulk_query: local query
TIMER	3.293e-01	4.255e-01	5.355e-01	6	bulk_query: all2all query results
TIMER	1.585e+01	1.587e+01	1.588e+01	7	resolve_next_lcp: bulk_rmq
TIMER	2.488e-02	3.335e-02	4.016e-02	7	resolve_next_lcp: set LCP
TIMER	1.603e+01	1.604e+01	1.604e+01	7	LCP update
unresolved = 630245, unfinished = 309523
TIMER	2.467e+01	2.467e+01	2.468e+01	5	bucket-chaising iteration
TIMER	3.994e-02	6.253e-02	9.588e-02	6	bulk_query: get recv_counts
TIMER	2.979e-01	3.976e-01	5.816e-01	6	bulk_query: all2all queries
Avg queries: 3.283e+03, max queries on proc 106: 149584
Inbalance factor: 4.557e+01x
TIMER	4.675e-02	6.028e-02	6.087e-01	6	bulk_query: local query
TIMER	2.236e-01	2.835e-01	3.476e-01	6	bulk_query: all2all query results
TIMER	1.573e+01	1.574e+01	1.574e+01	7	resolve_next_lcp: bulk_rmq
TIMER	2.241e-02	3.038e-02	3.805e-02	7	resolve_next_lcp: set LCP
TIMER	1.590e+01	1.591e+01	1.591e+01	7	LCP update
unresolved = 346601, unfinished = 170433
TIMER	2.131e+01	2.131e+01	2.132e+01	5	bucket-chaising iteration
TIMER	4.442e-02	5.819e-02	8.521e-02	6	bulk_query: get recv_counts
TIMER	2.122e-01	3.125e-01	5.131e-01	6	bulk_query: all2all queries
Avg queries: 1.805e+03, max queries on proc 87: 135806
Inbalance factor: 7.523e+01x
TIMER	4.685e-02	5.459e-02	4.542e-01	6	bulk_query: local query
TIMER	1.630e-01	2.342e-01	3.040e-01	6	bulk_query: all2all query results
TIMER	1.535e+01	1.536e+01	1.537e+01	7	resolve_next_lcp: bulk_rmq
TIMER	1.475e-02	2.038e-02	2.475e-02	7	resolve_next_lcp: set LCP
TIMER	1.551e+01	1.552e+01	1.552e+01	7	LCP update
unresolved = 162762, unfinished = 81381
TIMER	1.961e+01	1.962e+01	1.963e+01	5	bucket-chaising iteration
TIMER	5.545e-02	7.119e-02	8.941e-02	6	bulk_query: get recv_counts
TIMER	1.612e-01	2.596e-01	4.820e-01	6	bulk_query: all2all queries
Avg queries: 8.477e+02, max queries on proc 87: 114302
Inbalance factor: 1.348e+02x
TIMER	4.674e-02	5.130e-02	3.722e-01	6	bulk_query: local query
TIMER	1.182e-01	1.649e-01	2.307e-01	6	bulk_query: all2all query results
TIMER	1.524e+01	1.525e+01	1.526e+01	7	resolve_next_lcp: bulk_rmq
TIMER	5.157e-03	8.412e-03	1.158e-02	7	resolve_next_lcp: set LCP
TIMER	1.541e+01	1.541e+01	1.541e+01	7	LCP update
unresolved = 92256, unfinished = 46128
TIMER	1.884e+01	1.884e+01	1.885e+01	5	bucket-chaising iteration
TIMER	4.530e-02	5.787e-02	7.228e-02	6	bulk_query: get recv_counts
TIMER	6.297e-02	1.525e-01	3.664e-01	6	bulk_query: all2all queries
Avg queries: 4.805e+02, max queries on proc 87: 92256
Inbalance factor: 1.920e+02x
TIMER	4.578e-02	5.001e-02	3.626e-01	6	bulk_query: local query
TIMER	1.423e-02	1.110e-01	1.948e-01	6	bulk_query: all2all query results
TIMER	1.511e+01	1.512e+01	1.513e+01	7	resolve_next_lcp: bulk_rmq
TIMER	2.351e-03	5.779e-03	1.018e-02	7	resolve_next_lcp: set LCP
TIMER	1.526e+01	1.526e+01	1.526e+01	7	LCP update
unresolved = 49248, unfinished = 24624
TIMER	1.817e+01	1.817e+01	1.819e+01	5	bucket-chaising iteration
TIMER	4.427e-02	5.558e-02	7.695e-02	6	bulk_query: get recv_counts
TIMER	4.041e-02	1.078e-01	2.600e-01	6	bulk_query: all2all queries
Avg queries: 2.565e+02, max queries on proc 87: 49248
Inbalance factor: 1.920e+02x
TIMER	4.514e-02	4.870e-02	2.079e-01	6	bulk_query: local query
TIMER	1.458e-02	1.107e-01	1.813e-01	6	bulk_query: all2all query results
TIMER	1.522e+01	1.523e+01	1.524e+01	7	resolve_next_lcp: bulk_rmq
TIMER	3.516e-03	6.691e-03	1.039e-02	7	resolve_next_lcp: set LCP
TIMER	1.536e+01	1.537e+01	1.537e+01	7	LCP update
unresolved = 0, unfinished = 0
TIMER	1.736e+01	1.736e+01	1.737e+01	5	bucket-chaising iteration
TIMER	4.235e+02	4.235e+02	4.235e+02	4	construct-msgs
TIMER	4.025e+00	4.382e+00	4.559e+00	4	fix-isa
TIMER	1.224e+03	1.224e+03	1.224e+03	2	desa_construct: SA/LCP construct
TIMER	2.757e+01	2.768e+01	2.782e+01	2	desa_construct: TLI construct
TIMER	3.142e-02	3.592e-02	5.678e-02	3	repartition: 1D-partition
TIMER	3.755e-01	3.768e-01	3.781e-01	2	desa_construct: 1-D partition
TIMER	3.266e+01	3.268e+01	3.274e+01	3	repartition: redistribute
TIMER	3.283e+01	3.284e+01	3.334e+01	2	desa_construct: repartition
TIMER	1.386e+01	1.428e+01	1.470e+01	2	desa_construct: RMQ construct
TIMER	5.369e-02	6.016e-02	8.257e-02	3	bulk_query: get recv_counts
TIMER	3.574e+01	3.705e+01	3.825e+01	3	bulk_query: all2all queries
Avg queries: 1.173e+06, max queries on proc 11: 1174576
Inbalance factor: 1.001e+00x
TIMER	4.637e+00	6.216e+00	8.435e+00	3	bulk_query: local query
TIMER	5.816e+00	6.009e+00	6.059e+00	3	bulk_query: all2all query results
TIMER	1.115e+02	1.121e+02	1.144e+02	2	desa_construct: Lc naive construct
TIMER	1.417e+03	1.417e+03	1.417e+03	1	construct idx
