== Node distribution == 
== p=24 processes on 1 nodes ==
--  Node: 'c506-044.stampede2.tacc.utexas.edu' (24/24)
        Ranks: 0, 1, 2, 3, 4, 5, 6, 7, 8, 9, 10, 11, 12, 13, 14, 15, 16, 17, 18, 19, 20, 21, 22, 23
TIMER	4.725e+01	4.884e+01	5.727e+01	1	read input file
TIMER	4.993e+00	4.994e+00	4.996e+00	2	desa_construct: cpy str
Alphabet: {sigma=4, l=3, A=[A, C, G, T]}
TIMER	7.132e+00	7.134e+00	7.158e+00	3	get alphabet
TIMER	5.047e+01	5.140e+01	5.209e+01	4	kmer-gen
TIMER	5.337e+01	5.440e+01	5.496e+01	5	shift-buckets
TIMER	2.147e+03	2.157e+03	2.169e+03	5	ISA-to-SA
TIMER	1.205e+02	1.281e+02	1.320e+02	5	init-lcp
iteration 21: unfinished buckets = 3772201, unfinished elements = 14712244
TIMER	5.369e+01	5.410e+01	5.468e+01	5	rebucket
TIMER	8.427e+02	8.461e+02	8.502e+02	5	SA-to-ISA
TIMER	3.261e+03	3.261e+03	3.261e+03	5	sac-iteration
Starting Bucket chasing algorithm
unresolved = 14712245, unfinished = 3772201
TIMER	2.723e+01	2.723e+01	2.725e+01	5	get active elements
TIMER	2.012e-02	2.082e-02	2.225e-02	6	bulk_query: get recv_counts
TIMER	6.584e+00	7.809e+00	9.658e+00	6	bulk_query: all2all queries
Avg queries: 6.130e+05, max queries on proc 13: 2177756
Inbalance factor: 3.553e+00x
TIMER	4.579e+00	7.556e+00	2.270e+01	6	bulk_query: local query
TIMER	4.493e+00	4.753e+00	5.072e+00	6	bulk_query: all2all query results
TIMER	1.803e+02	1.829e+02	1.860e+02	7	resolve_next_lcp: bulk_rmq
TIMER	3.604e+00	4.461e+00	5.125e+00	7	resolve_next_lcp: set LCP
TIMER	1.912e+02	1.912e+02	1.913e+02	7	LCP update
unresolved = 5543898, unfinished = 1943843
TIMER	4.259e+02	4.259e+02	4.259e+02	5	bucket-chaising iteration
TIMER	1.977e-02	2.106e-02	2.303e-02	6	bulk_query: get recv_counts
TIMER	5.032e+00	5.677e+00	6.574e+00	6	bulk_query: all2all queries
Avg queries: 2.310e+05, max queries on proc 13: 1505535
Inbalance factor: 6.518e+00x
TIMER	2.886e-01	1.904e+00	1.286e+01	6	bulk_query: local query
TIMER	1.913e+00	2.285e+00	2.556e+00	6	bulk_query: all2all query results
TIMER	1.118e+02	1.120e+02	1.122e+02	7	resolve_next_lcp: bulk_rmq
TIMER	1.618e+00	1.779e+00	1.984e+00	7	resolve_next_lcp: set LCP
TIMER	1.143e+02	1.143e+02	1.143e+02	7	LCP update
unresolved = 3214279, unfinished = 1330905
TIMER	2.242e+02	2.247e+02	2.265e+02	5	bucket-chaising iteration
TIMER	1.804e-02	1.868e-02	1.951e-02	6	bulk_query: get recv_counts
TIMER	2.070e+00	2.937e+00	4.018e+00	6	bulk_query: all2all queries
Avg queries: 1.339e+05, max queries on proc 13: 1152578
Inbalance factor: 8.606e+00x
TIMER	8.137e-02	9.112e-01	8.180e+00	6	bulk_query: local query
TIMER	1.006e+00	1.259e+00	1.417e+00	6	bulk_query: all2all query results
TIMER	9.557e+01	9.566e+01	9.572e+01	7	resolve_next_lcp: bulk_rmq
TIMER	8.113e-01	8.993e-01	9.578e-01	7	resolve_next_lcp: set LCP
TIMER	9.676e+01	9.676e+01	9.676e+01	7	LCP update
unresolved = 2059860, unfinished = 924799
TIMER	1.644e+02	1.644e+02	1.644e+02	5	bucket-chaising iteration
TIMER	1.725e-02	1.792e-02	1.849e-02	6	bulk_query: get recv_counts
TIMER	1.205e+00	1.788e+00	2.571e+00	6	bulk_query: all2all queries
Avg queries: 8.583e+04, max queries on proc 13: 863657
Inbalance factor: 1.006e+01x
TIMER	3.033e-02	5.068e-01	5.498e+00	6	bulk_query: local query
TIMER	3.812e-01	7.091e-01	9.478e-01	6	bulk_query: all2all query results
TIMER	8.879e+01	8.884e+01	8.887e+01	7	resolve_next_lcp: bulk_rmq
TIMER	4.621e-01	5.092e-01	5.444e-01	7	resolve_next_lcp: set LCP
TIMER	8.949e+01	8.950e+01	8.950e+01	7	LCP update
unresolved = 1420247, unfinished = 659187
TIMER	1.320e+02	1.320e+02	1.320e+02	5	bucket-chaising iteration
TIMER	1.633e-02	1.673e-02	1.721e-02	6	bulk_query: get recv_counts
TIMER	7.413e-01	1.258e+00	1.799e+00	6	bulk_query: all2all queries
Avg queries: 5.918e+04, max queries on proc 13: 641955
Inbalance factor: 1.085e+01x
TIMER	2.454e-02	2.928e-01	3.202e+00	6	bulk_query: local query
TIMER	2.268e-01	3.854e-01	5.498e-01	6	bulk_query: all2all query results
TIMER	8.763e+01	8.767e+01	8.771e+01	7	resolve_next_lcp: bulk_rmq
TIMER	2.664e-01	3.196e-01	3.518e-01	7	resolve_next_lcp: set LCP
TIMER	8.814e+01	8.814e+01	8.814e+01	7	LCP update
unresolved = 983947, unfinished = 476015
TIMER	1.170e+02	1.170e+02	1.170e+02	5	bucket-chaising iteration
TIMER	1.554e-02	1.586e-02	1.630e-02	6	bulk_query: get recv_counts
TIMER	4.748e-01	8.021e-01	1.207e+00	6	bulk_query: all2all queries
Avg queries: 4.100e+04, max queries on proc 13: 450465
Inbalance factor: 1.099e+01x
TIMER	1.977e-02	1.795e-01	1.874e+00	6	bulk_query: local query
TIMER	1.609e-01	2.979e-01	3.900e-01	6	bulk_query: all2all query results
TIMER	8.726e+01	8.730e+01	8.732e+01	7	resolve_next_lcp: bulk_rmq
TIMER	2.115e-01	2.494e-01	2.751e-01	7	resolve_next_lcp: set LCP
TIMER	8.767e+01	8.767e+01	8.767e+01	7	LCP update
unresolved = 630245, unfinished = 309523
TIMER	1.077e+02	1.077e+02	1.077e+02	5	bucket-chaising iteration
TIMER	1.304e-02	1.382e-02	1.468e-02	6	bulk_query: get recv_counts
TIMER	2.831e-01	5.211e-01	7.849e-01	6	bulk_query: all2all queries
Avg queries: 2.626e+04, max queries on proc 13: 272698
Inbalance factor: 1.038e+01x
TIMER	2.228e-02	1.112e-01	9.524e-01	6	bulk_query: local query
TIMER	1.571e-01	2.389e-01	2.878e-01	6	bulk_query: all2all query results
TIMER	8.695e+01	8.696e+01	8.698e+01	7	resolve_next_lcp: bulk_rmq
TIMER	1.875e-01	2.151e-01	2.366e-01	7	resolve_next_lcp: set LCP
TIMER	8.729e+01	8.729e+01	8.729e+01	7	LCP update
unresolved = 346601, unfinished = 170433
TIMER	9.948e+01	9.948e+01	9.950e+01	5	bucket-chaising iteration
TIMER	1.207e-02	1.259e-02	1.313e-02	6	bulk_query: get recv_counts
TIMER	1.339e-01	1.602e-01	3.252e-01	6	bulk_query: all2all queries
Avg queries: 1.444e+04, max queries on proc 10: 135806
Inbalance factor: 9.404e+00x
TIMER	2.121e-02	6.764e-02	4.745e-01	6	bulk_query: local query
TIMER	7.671e-02	1.484e-01	2.150e-01	6	bulk_query: all2all query results
TIMER	9.037e+01	9.038e+01	9.040e+01	7	resolve_next_lcp: bulk_rmq
TIMER	1.269e-01	1.912e-01	3.164e-01	7	resolve_next_lcp: set LCP
TIMER	9.080e+01	9.080e+01	9.080e+01	7	LCP update
unresolved = 162762, unfinished = 81381
TIMER	9.844e+01	9.844e+01	9.846e+01	5	bucket-chaising iteration
TIMER	1.181e-02	1.234e-02	1.302e-02	6	bulk_query: get recv_counts
TIMER	1.164e-01	1.307e-01	2.453e-01	6	bulk_query: all2all queries
Avg queries: 6.782e+03, max queries on proc 10: 114302
Inbalance factor: 1.685e+01x
TIMER	2.092e-02	4.179e-02	3.342e-01	6	bulk_query: local query
TIMER	3.167e-02	1.019e-01	1.667e-01	6	bulk_query: all2all query results
TIMER	8.775e+01	8.775e+01	8.776e+01	7	resolve_next_lcp: bulk_rmq
TIMER	4.592e-02	6.036e-02	1.110e-01	7	resolve_next_lcp: set LCP
TIMER	8.796e+01	8.796e+01	8.796e+01	7	LCP update
unresolved = 92256, unfinished = 46128
TIMER	9.204e+01	9.204e+01	9.205e+01	5	bucket-chaising iteration
TIMER	1.112e-02	1.175e-02	1.278e-02	6	bulk_query: get recv_counts
TIMER	4.951e-02	5.834e-02	1.513e-01	6	bulk_query: all2all queries
Avg queries: 3.844e+03, max queries on proc 10: 92256
Inbalance factor: 2.400e+01x
TIMER	1.820e-02	3.036e-02	2.516e-01	6	bulk_query: local query
TIMER	1.558e-02	8.105e-02	1.357e-01	6	bulk_query: all2all query results
TIMER	8.562e+01	8.562e+01	8.563e+01	7	resolve_next_lcp: bulk_rmq
TIMER	2.005e-02	3.798e-02	6.866e-02	7	resolve_next_lcp: set LCP
TIMER	8.577e+01	8.577e+01	8.577e+01	7	LCP update
unresolved = 49248, unfinished = 24624
TIMER	8.850e+01	8.850e+01	8.851e+01	5	bucket-chaising iteration
TIMER	9.927e-03	1.100e-02	1.192e-02	6	bulk_query: get recv_counts
TIMER	2.639e-02	3.079e-02	7.924e-02	6	bulk_query: all2all queries
Avg queries: 2.052e+03, max queries on proc 10: 49248
Inbalance factor: 2.400e+01x
TIMER	1.806e-02	2.575e-02	1.624e-01	6	bulk_query: local query
TIMER	1.089e-02	4.359e-02	7.309e-02	6	bulk_query: all2all query results
TIMER	8.585e+01	8.585e+01	8.586e+01	7	resolve_next_lcp: bulk_rmq
TIMER	2.570e-02	4.165e-02	6.241e-02	7	resolve_next_lcp: set LCP
TIMER	8.599e+01	8.599e+01	8.599e+01	7	LCP update
unresolved = 0, unfinished = 0
TIMER	8.736e+01	8.736e+01	8.736e+01	5	bucket-chaising iteration
TIMER	1.669e+03	1.669e+03	1.669e+03	4	construct-msgs
TIMER	1.912e+01	1.979e+01	2.030e+01	4	fix-isa
TIMER	5.011e+03	5.011e+03	5.012e+03	2	desa_construct: SA/LCP construct
TIMER	1.635e+02	1.635e+02	1.635e+02	2	desa_construct: TLI construct
TIMER	4.492e-03	4.792e-03	5.125e-03	3	repartition: 1D-partition
TIMER	3.603e-02	3.639e-02	3.885e-02	2	desa_construct: 1-D partition
TIMER	1.567e+02	1.568e+02	1.571e+02	3	repartition: redistribute
TIMER	1.572e+02	1.572e+02	1.572e+02	2	desa_construct: repartition
TIMER	8.013e+01	8.326e+01	8.544e+01	2	desa_construct: RMQ construct
TIMER	1.743e-02	2.041e-02	2.201e-02	3	bulk_query: get recv_counts
TIMER	5.689e+01	5.842e+01	6.005e+01	3	bulk_query: all2all queries
Avg queries: 9.387e+06, max queries on proc 8: 9386941
Inbalance factor: 1.000e+00x
TIMER	1.065e+02	1.130e+02	1.156e+02	3	bulk_query: local query
TIMER	7.270e+00	7.398e+00	7.515e+00	3	bulk_query: all2all query results
TIMER	5.767e+02	5.810e+02	5.852e+02	2	desa_construct: Lc naive construct
TIMER	6.009e+03	6.009e+03	6.009e+03	1	construct idx
