== Node distribution == 
== p=24 processes on 1 nodes ==
--  Node: 'c506-044.stampede2.tacc.utexas.edu' (24/24)
        Ranks: 0, 1, 2, 3, 4, 5, 6, 7, 8, 9, 10, 11, 12, 13, 14, 15, 16, 17, 18, 19, 20, 21, 22, 23
TIMER	4.147e+01	4.614e+01	4.778e+01	1	read input file
TIMER	4.998e+00	4.998e+00	4.999e+00	2	desa_construct: cpy str
Alphabet: {sigma=4, l=3, A=[A, C, G, T]}
TIMER	7.176e+00	7.177e+00	7.200e+00	3	get alphabet
TIMER	5.091e+01	5.185e+01	5.236e+01	4	kmer-gen
TIMER	5.376e+01	5.455e+01	5.533e+01	5	shift-buckets
TIMER	2.137e+03	2.150e+03	2.161e+03	5	ISA-to-SA
TIMER	1.214e+02	1.278e+02	1.317e+02	5	init-lcp
iteration 21: unfinished buckets = 3772201, unfinished elements = 14712244
TIMER	5.383e+01	5.437e+01	5.516e+01	5	rebucket
TIMER	8.410e+02	8.453e+02	8.485e+02	5	SA-to-ISA
TIMER	3.252e+03	3.252e+03	3.252e+03	5	sac-iteration
Starting Bucket chasing algorithm
unresolved = 14712245, unfinished = 3772201
TIMER	2.735e+01	2.736e+01	2.737e+01	5	get active elements
TIMER	2.093e-02	2.173e-02	2.371e-02	6	bulk_query: get recv_counts
TIMER	6.120e+00	7.263e+00	8.945e+00	6	bulk_query: all2all queries
Avg queries: 6.130e+05, max queries on proc 13: 2177756
Inbalance factor: 3.553e+00x
TIMER	3.714e+00	7.499e+00	2.184e+01	6	bulk_query: local query
TIMER	4.345e+00	4.598e+00	4.829e+00	6	bulk_query: all2all query results
TIMER	1.813e+02	1.838e+02	1.869e+02	7	resolve_next_lcp: bulk_rmq
TIMER	3.618e+00	4.469e+00	5.136e+00	7	resolve_next_lcp: set LCP
TIMER	1.922e+02	1.922e+02	1.922e+02	7	LCP update
unresolved = 5543898, unfinished = 1943843
TIMER	4.222e+02	4.222e+02	4.222e+02	5	bucket-chaising iteration
TIMER	1.944e-02	2.012e-02	2.070e-02	6	bulk_query: get recv_counts
TIMER	4.904e+00	5.554e+00	6.465e+00	6	bulk_query: all2all queries
Avg queries: 2.310e+05, max queries on proc 13: 1505535
Inbalance factor: 6.518e+00x
TIMER	2.679e-01	1.872e+00	1.266e+01	6	bulk_query: local query
TIMER	1.882e+00	2.219e+00	2.479e+00	6	bulk_query: all2all query results
TIMER	1.083e+02	1.085e+02	1.088e+02	7	resolve_next_lcp: bulk_rmq
TIMER	1.519e+00	1.888e+00	3.144e+00	7	resolve_next_lcp: set LCP
TIMER	1.121e+02	1.121e+02	1.121e+02	7	LCP update
unresolved = 3214279, unfinished = 1330905
TIMER	2.200e+02	2.206e+02	2.224e+02	5	bucket-chaising iteration
TIMER	1.892e-02	1.977e-02	2.083e-02	6	bulk_query: get recv_counts
TIMER	2.049e+00	2.907e+00	3.961e+00	6	bulk_query: all2all queries
Avg queries: 1.339e+05, max queries on proc 13: 1152578
Inbalance factor: 8.606e+00x
TIMER	8.085e-02	9.208e-01	7.980e+00	6	bulk_query: local query
TIMER	9.293e-01	1.168e+00	1.363e+00	6	bulk_query: all2all query results
TIMER	9.550e+01	9.559e+01	9.565e+01	7	resolve_next_lcp: bulk_rmq
TIMER	8.168e-01	9.027e-01	9.664e-01	7	resolve_next_lcp: set LCP
TIMER	9.670e+01	9.670e+01	9.670e+01	7	LCP update
unresolved = 2059860, unfinished = 924799
TIMER	1.644e+02	1.644e+02	1.644e+02	5	bucket-chaising iteration
TIMER	2.102e-02	2.168e-02	2.251e-02	6	bulk_query: get recv_counts
TIMER	1.182e+00	1.759e+00	2.541e+00	6	bulk_query: all2all queries
Avg queries: 8.583e+04, max queries on proc 13: 863657
Inbalance factor: 1.006e+01x
TIMER	2.974e-02	4.964e-01	5.297e+00	6	bulk_query: local query
TIMER	3.454e-01	7.068e-01	8.659e-01	6	bulk_query: all2all query results
TIMER	8.835e+01	8.839e+01	8.843e+01	7	resolve_next_lcp: bulk_rmq
TIMER	4.462e-01	5.021e-01	5.368e-01	7	resolve_next_lcp: set LCP
TIMER	8.904e+01	8.904e+01	8.905e+01	7	LCP update
unresolved = 1420247, unfinished = 659187
TIMER	1.338e+02	1.338e+02	1.338e+02	5	bucket-chaising iteration
TIMER	1.617e-02	1.715e-02	1.775e-02	6	bulk_query: get recv_counts
TIMER	7.409e-01	1.260e+00	1.825e+00	6	bulk_query: all2all queries
Avg queries: 5.918e+04, max queries on proc 13: 641955
Inbalance factor: 1.085e+01x
TIMER	2.489e-02	2.928e-01	3.191e+00	6	bulk_query: local query
TIMER	3.007e-01	3.910e-01	5.436e-01	6	bulk_query: all2all query results
TIMER	8.714e+01	8.718e+01	8.721e+01	7	resolve_next_lcp: bulk_rmq
TIMER	2.775e-01	3.208e-01	3.555e-01	7	resolve_next_lcp: set LCP
TIMER	8.764e+01	8.764e+01	8.764e+01	7	LCP update
unresolved = 983947, unfinished = 476015
TIMER	1.168e+02	1.168e+02	1.168e+02	5	bucket-chaising iteration
TIMER	1.606e-02	1.642e-02	1.730e-02	6	bulk_query: get recv_counts
TIMER	4.522e-01	7.933e-01	1.188e+00	6	bulk_query: all2all queries
Avg queries: 4.100e+04, max queries on proc 13: 450465
Inbalance factor: 1.099e+01x
TIMER	2.358e-02	1.803e-01	1.845e+00	6	bulk_query: local query
TIMER	1.803e-01	2.416e-01	3.386e-01	6	bulk_query: all2all query results
TIMER	8.672e+01	8.674e+01	8.676e+01	7	resolve_next_lcp: bulk_rmq
TIMER	2.159e-01	2.540e-01	2.810e-01	7	resolve_next_lcp: set LCP
TIMER	8.713e+01	8.713e+01	8.713e+01	7	LCP update
unresolved = 630245, unfinished = 309523
TIMER	1.069e+02	1.069e+02	1.069e+02	5	bucket-chaising iteration
TIMER	1.307e-02	1.350e-02	1.421e-02	6	bulk_query: get recv_counts
TIMER	2.763e-01	5.099e-01	7.707e-01	6	bulk_query: all2all queries
Avg queries: 2.626e+04, max queries on proc 13: 272698
Inbalance factor: 1.038e+01x
TIMER	2.188e-02	1.102e-01	9.533e-01	6	bulk_query: local query
TIMER	1.426e-01	2.490e-01	2.903e-01	6	bulk_query: all2all query results
TIMER	8.628e+01	8.630e+01	8.632e+01	7	resolve_next_lcp: bulk_rmq
TIMER	1.827e-01	2.155e-01	2.420e-01	7	resolve_next_lcp: set LCP
TIMER	8.663e+01	8.663e+01	8.663e+01	7	LCP update
unresolved = 346601, unfinished = 170433
TIMER	9.864e+01	9.864e+01	9.866e+01	5	bucket-chaising iteration
TIMER	1.179e-02	1.244e-02	1.327e-02	6	bulk_query: get recv_counts
TIMER	1.365e-01	1.610e-01	3.097e-01	6	bulk_query: all2all queries
Avg queries: 1.444e+04, max queries on proc 10: 135806
Inbalance factor: 9.404e+00x
TIMER	2.024e-02	6.817e-02	4.833e-01	6	bulk_query: local query
TIMER	7.604e-02	1.464e-01	2.119e-01	6	bulk_query: all2all query results
TIMER	8.724e+01	8.726e+01	8.727e+01	7	resolve_next_lcp: bulk_rmq
TIMER	1.326e-01	1.624e-01	2.541e-01	7	resolve_next_lcp: set LCP
TIMER	8.759e+01	8.759e+01	8.760e+01	7	LCP update
unresolved = 162762, unfinished = 81381
TIMER	9.401e+01	9.401e+01	9.402e+01	5	bucket-chaising iteration
TIMER	1.175e-02	1.218e-02	1.252e-02	6	bulk_query: get recv_counts
TIMER	7.667e-02	9.061e-02	2.009e-01	6	bulk_query: all2all queries
Avg queries: 6.782e+03, max queries on proc 10: 114302
Inbalance factor: 1.685e+01x
TIMER	2.085e-02	4.027e-02	3.066e-01	6	bulk_query: local query
TIMER	3.195e-02	1.012e-01	1.672e-01	6	bulk_query: all2all query results
TIMER	8.905e+01	8.905e+01	8.906e+01	7	resolve_next_lcp: bulk_rmq
TIMER	4.088e-02	6.952e-02	2.097e-01	7	resolve_next_lcp: set LCP
TIMER	8.934e+01	8.934e+01	8.934e+01	7	LCP update
unresolved = 92256, unfinished = 46128
TIMER	9.328e+01	9.328e+01	9.329e+01	5	bucket-chaising iteration
TIMER	1.038e-02	1.105e-02	1.226e-02	6	bulk_query: get recv_counts
TIMER	6.471e-02	7.335e-02	1.605e-01	6	bulk_query: all2all queries
Avg queries: 3.844e+03, max queries on proc 10: 92256
Inbalance factor: 2.400e+01x
TIMER	1.968e-02	3.295e-02	2.981e-01	6	bulk_query: local query
TIMER	1.510e-02	8.327e-02	1.406e-01	6	bulk_query: all2all query results
TIMER	8.594e+01	8.595e+01	8.596e+01	7	resolve_next_lcp: bulk_rmq
TIMER	2.086e-02	4.072e-02	9.041e-02	7	resolve_next_lcp: set LCP
TIMER	8.612e+01	8.612e+01	8.612e+01	7	LCP update
unresolved = 49248, unfinished = 24624
TIMER	8.897e+01	8.897e+01	8.898e+01	5	bucket-chaising iteration
TIMER	9.752e-03	1.099e-02	1.192e-02	6	bulk_query: get recv_counts
TIMER	2.480e-02	2.964e-02	7.790e-02	6	bulk_query: all2all queries
Avg queries: 2.052e+03, max queries on proc 10: 49248
Inbalance factor: 2.400e+01x
TIMER	1.746e-02	2.495e-02	1.573e-01	6	bulk_query: local query
TIMER	1.260e-02	4.527e-02	7.560e-02	6	bulk_query: all2all query results
TIMER	8.568e+01	8.568e+01	8.569e+01	7	resolve_next_lcp: bulk_rmq
TIMER	2.677e-02	4.517e-02	9.716e-02	7	resolve_next_lcp: set LCP
TIMER	8.586e+01	8.586e+01	8.586e+01	7	LCP update
unresolved = 0, unfinished = 0
TIMER	8.724e+01	8.724e+01	8.725e+01	5	bucket-chaising iteration
TIMER	1.659e+03	1.659e+03	1.659e+03	4	construct-msgs
TIMER	1.877e+01	1.980e+01	2.031e+01	4	fix-isa
TIMER	4.991e+03	4.991e+03	4.992e+03	2	desa_construct: SA/LCP construct
TIMER	1.632e+02	1.632e+02	1.632e+02	2	desa_construct: TLI construct
TIMER	4.244e-03	4.561e-03	5.253e-03	3	repartition: 1D-partition
TIMER	3.510e-02	3.546e-02	3.708e-02	2	desa_construct: 1-D partition
TIMER	1.556e+02	1.558e+02	1.564e+02	3	repartition: redistribute
TIMER	1.564e+02	1.564e+02	1.565e+02	2	desa_construct: repartition
TIMER	8.056e+01	8.335e+01	8.522e+01	2	desa_construct: RMQ construct
TIMER	1.578e-02	1.923e-02	2.071e-02	3	bulk_query: get recv_counts
TIMER	5.652e+01	5.781e+01	5.849e+01	3	bulk_query: all2all queries
Avg queries: 9.387e+06, max queries on proc 8: 9386941
Inbalance factor: 1.000e+00x
TIMER	1.074e+02	1.133e+02	1.160e+02	3	bulk_query: local query
TIMER	7.285e+00	7.431e+00	7.597e+00	3	bulk_query: all2all query results
TIMER	5.778e+02	5.817e+02	5.903e+02	2	desa_construct: Lc naive construct
TIMER	5.992e+03	5.992e+03	5.992e+03	1	construct idx
