== Node distribution == 
== p=1 processes on 1 nodes ==
--  Node: 'c506-044.stampede2.tacc.utexas.edu' (1/1)
        Ranks: 0
TIMER	7.091e+02	7.091e+02	7.091e+02	1	read input file
TIMER	8.392e+01	8.392e+01	8.392e+01	2	desa_construct: cpy str
Alphabet: {sigma=4, l=3, A=[A, C, G, T]}
TIMER	1.415e+02	1.415e+02	1.415e+02	3	get alphabet
TIMER	9.177e+02	9.177e+02	9.177e+02	4	kmer-gen
TIMER	7.502e+02	7.502e+02	7.502e+02	5	shift-buckets
TIMER	2.935e+04	2.935e+04	2.935e+04	5	ISA-to-SA
TIMER	2.478e+03	2.478e+03	2.478e+03	5	init-lcp
iteration 21: unfinished buckets = 3772201, unfinished elements = 14712245
TIMER	9.023e+02	9.023e+02	9.023e+02	5	rebucket
TIMER	8.160e+03	8.160e+03	8.160e+03	5	SA-to-ISA
TIMER	4.164e+04	4.164e+04	4.164e+04	5	sac-iteration
Starting Bucket chasing algorithm
unresolved = 14712245, unfinished = 3772201
TIMER	4.702e+02	4.702e+02	4.702e+02	5	get active elements
TIMER	4.462e-03	4.462e-03	4.462e-03	6	bulk_query: get recv_counts
TIMER	5.239e+01	5.239e+01	5.239e+01	6	bulk_query: all2all queries
Avg queries: 1.471e+07, max queries on proc 0: 14712245
Inbalance factor: 1.000e+00x
TIMER	1.886e+02	1.886e+02	1.886e+02	6	bulk_query: local query
TIMER	5.196e+01	5.196e+01	5.196e+01	6	bulk_query: all2all query results
TIMER	3.084e+03	3.084e+03	3.084e+03	7	resolve_next_lcp: bulk_rmq
TIMER	7.078e+01	7.078e+01	7.078e+01	7	resolve_next_lcp: set LCP
TIMER	3.155e+03	3.155e+03	3.155e+03	7	LCP update
unresolved = 5543898, unfinished = 1943843
TIMER	6.042e+03	6.042e+03	6.042e+03	5	bucket-chaising iteration
TIMER	3.533e-03	3.533e-03	3.533e-03	6	bulk_query: get recv_counts
TIMER	1.864e+01	1.864e+01	1.864e+01	6	bulk_query: all2all queries
Avg queries: 5.544e+06, max queries on proc 0: 5543898
Inbalance factor: 1.000e+00x
TIMER	5.932e+01	5.932e+01	5.932e+01	6	bulk_query: local query
TIMER	1.856e+01	1.856e+01	1.856e+01	6	bulk_query: all2all query results
TIMER	2.062e+03	2.062e+03	2.062e+03	7	resolve_next_lcp: bulk_rmq
TIMER	3.129e+01	3.129e+01	3.129e+01	7	resolve_next_lcp: set LCP
TIMER	2.094e+03	2.094e+03	2.094e+03	7	LCP update
unresolved = 3214279, unfinished = 1330905
TIMER	3.356e+03	3.356e+03	3.356e+03	5	bucket-chaising iteration
TIMER	3.698e-03	3.698e-03	3.698e-03	6	bulk_query: get recv_counts
TIMER	9.337e+00	9.337e+00	9.337e+00	6	bulk_query: all2all queries
Avg queries: 3.214e+06, max queries on proc 0: 3214279
Inbalance factor: 1.000e+00x
TIMER	2.905e+01	2.905e+01	2.905e+01	6	bulk_query: local query
TIMER	6.656e+00	6.656e+00	6.656e+00	6	bulk_query: all2all query results
TIMER	1.937e+03	1.937e+03	1.937e+03	7	resolve_next_lcp: bulk_rmq
TIMER	1.834e+01	1.834e+01	1.834e+01	7	resolve_next_lcp: set LCP
TIMER	1.956e+03	1.956e+03	1.956e+03	7	LCP update
unresolved = 2059860, unfinished = 924799
TIMER	2.709e+03	2.709e+03	2.709e+03	5	bucket-chaising iteration
TIMER	3.259e-03	3.259e-03	3.259e-03	6	bulk_query: get recv_counts
TIMER	6.082e+00	6.082e+00	6.082e+00	6	bulk_query: all2all queries
Avg queries: 2.060e+06, max queries on proc 0: 2059860
Inbalance factor: 1.000e+00x
TIMER	1.694e+01	1.694e+01	1.694e+01	6	bulk_query: local query
TIMER	3.858e+00	3.858e+00	3.858e+00	6	bulk_query: all2all query results
TIMER	1.826e+03	1.826e+03	1.826e+03	7	resolve_next_lcp: bulk_rmq
TIMER	1.071e+01	1.071e+01	1.071e+01	7	resolve_next_lcp: set LCP
TIMER	1.837e+03	1.837e+03	1.837e+03	7	LCP update
unresolved = 1420247, unfinished = 659187
TIMER	2.322e+03	2.322e+03	2.322e+03	5	bucket-chaising iteration
TIMER	2.722e-03	2.722e-03	2.722e-03	6	bulk_query: get recv_counts
TIMER	3.386e+00	3.386e+00	3.386e+00	6	bulk_query: all2all queries
Avg queries: 1.420e+06, max queries on proc 0: 1420247
Inbalance factor: 1.000e+00x
TIMER	1.066e+01	1.066e+01	1.066e+01	6	bulk_query: local query
TIMER	2.103e+00	2.103e+00	2.103e+00	6	bulk_query: all2all query results
TIMER	1.813e+03	1.813e+03	1.813e+03	7	resolve_next_lcp: bulk_rmq
TIMER	7.022e+00	7.022e+00	7.022e+00	7	resolve_next_lcp: set LCP
TIMER	1.820e+03	1.820e+03	1.820e+03	7	LCP update
unresolved = 983947, unfinished = 476015
TIMER	2.150e+03	2.150e+03	2.150e+03	5	bucket-chaising iteration
TIMER	2.460e-03	2.460e-03	2.460e-03	6	bulk_query: get recv_counts
TIMER	2.010e+00	2.010e+00	2.010e+00	6	bulk_query: all2all queries
Avg queries: 9.839e+05, max queries on proc 0: 983947
Inbalance factor: 1.000e+00x
TIMER	5.572e+00	5.572e+00	5.572e+00	6	bulk_query: local query
TIMER	1.319e+00	1.319e+00	1.319e+00	6	bulk_query: all2all query results
TIMER	1.806e+03	1.806e+03	1.806e+03	7	resolve_next_lcp: bulk_rmq
TIMER	5.655e+00	5.655e+00	5.655e+00	7	resolve_next_lcp: set LCP
TIMER	1.812e+03	1.812e+03	1.812e+03	7	LCP update
unresolved = 630245, unfinished = 309523
TIMER	2.045e+03	2.045e+03	2.045e+03	5	bucket-chaising iteration
TIMER	2.672e-03	2.672e-03	2.672e-03	6	bulk_query: get recv_counts
TIMER	1.271e+00	1.271e+00	1.271e+00	6	bulk_query: all2all queries
Avg queries: 6.302e+05, max queries on proc 0: 630245
Inbalance factor: 1.000e+00x
TIMER	3.314e+00	3.314e+00	3.314e+00	6	bulk_query: local query
TIMER	7.865e-01	7.865e-01	7.865e-01	6	bulk_query: all2all query results
TIMER	1.798e+03	1.798e+03	1.798e+03	7	resolve_next_lcp: bulk_rmq
TIMER	4.807e+00	4.807e+00	4.807e+00	7	resolve_next_lcp: set LCP
TIMER	1.803e+03	1.803e+03	1.803e+03	7	LCP update
unresolved = 346601, unfinished = 170433
TIMER	1.956e+03	1.956e+03	1.956e+03	5	bucket-chaising iteration
TIMER	2.577e-03	2.577e-03	2.577e-03	6	bulk_query: get recv_counts
TIMER	4.553e-01	4.553e-01	4.553e-01	6	bulk_query: all2all queries
Avg queries: 3.466e+05, max queries on proc 0: 346601
Inbalance factor: 1.000e+00x
TIMER	1.411e+00	1.411e+00	1.411e+00	6	bulk_query: local query
TIMER	3.376e-01	3.376e-01	3.376e-01	6	bulk_query: all2all query results
TIMER	1.791e+03	1.791e+03	1.791e+03	7	resolve_next_lcp: bulk_rmq
TIMER	3.166e+00	3.166e+00	3.166e+00	7	resolve_next_lcp: set LCP
TIMER	1.794e+03	1.794e+03	1.794e+03	7	LCP update
unresolved = 162762, unfinished = 81381
TIMER	1.872e+03	1.872e+03	1.872e+03	5	bucket-chaising iteration
TIMER	1.761e-03	1.761e-03	1.761e-03	6	bulk_query: get recv_counts
TIMER	1.786e-01	1.786e-01	1.786e-01	6	bulk_query: all2all queries
Avg queries: 1.628e+05, max queries on proc 0: 162762
Inbalance factor: 1.000e+00x
TIMER	5.691e-01	5.691e-01	5.691e-01	6	bulk_query: local query
TIMER	1.470e-01	1.470e-01	1.470e-01	6	bulk_query: all2all query results
TIMER	1.789e+03	1.789e+03	1.789e+03	7	resolve_next_lcp: bulk_rmq
TIMER	1.190e+00	1.190e+00	1.190e+00	7	resolve_next_lcp: set LCP
TIMER	1.791e+03	1.791e+03	1.791e+03	7	LCP update
unresolved = 92256, unfinished = 46128
TIMER	1.825e+03	1.825e+03	1.825e+03	5	bucket-chaising iteration
TIMER	1.839e-03	1.839e-03	1.839e-03	6	bulk_query: get recv_counts
TIMER	9.138e-02	9.138e-02	9.138e-02	6	bulk_query: all2all queries
Avg queries: 9.226e+04, max queries on proc 0: 92256
Inbalance factor: 1.000e+00x
TIMER	2.914e-01	2.914e-01	2.914e-01	6	bulk_query: local query
TIMER	7.071e-02	7.071e-02	7.071e-02	6	bulk_query: all2all query results
TIMER	1.792e+03	1.792e+03	1.792e+03	7	resolve_next_lcp: bulk_rmq
TIMER	7.402e-01	7.402e-01	7.402e-01	7	resolve_next_lcp: set LCP
TIMER	1.793e+03	1.793e+03	1.793e+03	7	LCP update
unresolved = 49248, unfinished = 24624
TIMER	1.810e+03	1.810e+03	1.810e+03	5	bucket-chaising iteration
TIMER	1.313e-03	1.313e-03	1.313e-03	6	bulk_query: get recv_counts
TIMER	3.790e-02	3.790e-02	3.790e-02	6	bulk_query: all2all queries
Avg queries: 4.925e+04, max queries on proc 0: 49248
Inbalance factor: 1.000e+00x
TIMER	2.033e-01	2.033e-01	2.033e-01	6	bulk_query: local query
TIMER	3.008e-02	3.008e-02	3.008e-02	6	bulk_query: all2all query results
TIMER	1.787e+03	1.787e+03	1.787e+03	7	resolve_next_lcp: bulk_rmq
TIMER	8.441e-01	8.441e-01	8.441e-01	7	resolve_next_lcp: set LCP
TIMER	1.788e+03	1.788e+03	1.788e+03	7	LCP update
unresolved = 0, unfinished = 0
TIMER	1.797e+03	1.797e+03	1.797e+03	5	bucket-chaising iteration
TIMER	2.836e+04	2.836e+04	2.836e+04	4	construct-msgs
TIMER	1.510e+02	1.510e+02	1.510e+02	4	fix-isa
TIMER	7.121e+04	7.121e+04	7.121e+04	2	desa_construct: SA/LCP construct
TIMER	3.356e+03	3.356e+03	3.356e+03	2	desa_construct: TLI construct
TIMER	1.035e-03	1.035e-03	1.035e-03	3	repartition: 1D-partition
TIMER	1.488e-02	1.488e-02	1.488e-02	2	desa_construct: 1-D partition
TIMER	2.514e+03	2.514e+03	2.514e+03	3	repartition: redistribute
TIMER	2.514e+03	2.514e+03	2.514e+03	2	desa_construct: repartition
TIMER	1.781e+03	1.781e+03	1.781e+03	2	desa_construct: RMQ construct
TIMER	6.032e-03	6.032e-03	6.032e-03	3	bulk_query: get recv_counts
TIMER	7.952e+02	7.952e+02	7.952e+02	3	bulk_query: all2all queries
Avg queries: 2.253e+08, max queries on proc 0: 225280603
Inbalance factor: 1.000e+00x
TIMER	2.883e+03	2.883e+03	2.883e+03	3	bulk_query: local query
TIMER	9.930e+01	9.930e+01	9.930e+01	3	bulk_query: all2all query results
TIMER	9.564e+03	9.564e+03	9.564e+03	2	desa_construct: Lc naive construct
TIMER	8.851e+04	8.851e+04	8.851e+04	1	construct idx
