== Node distribution == 
== p=96 processes on 2 nodes ==
--  Node: 'c506-083.stampede2.tacc.utexas.edu' (48/96)
        Ranks: 0, 1, 2, 3, 4, 5, 6, 7, 8, 9, 10, 11, 12, 13, 14, 15, 16, 17, 18, 19, 20, 21, 22, 23, 24, 25, 26, 27, 28, 29, 30, 31, 32, 33, 34, 35, 36, 37, 38, 39, 40, 41, 42, 43, 44, 45, 46, 47
--  Node: 'c506-084.stampede2.tacc.utexas.edu' (48/96)
        Ranks: 48, 49, 50, 51, 52, 53, 54, 55, 56, 57, 58, 59, 60, 61, 62, 63, 64, 65, 66, 67, 68, 69, 70, 71, 72, 73, 74, 75, 76, 77, 78, 79, 80, 81, 82, 83, 84, 85, 86, 87, 88, 89, 90, 91, 92, 93, 94, 95
TIMER	1.719e+01	2.667e+01	3.589e+01	1	read input file
TIMER	2.200e+00	2.202e+00	2.204e+00	2	desa_construct: cpy str
Alphabet: {sigma=4, l=3, A=[A, C, G, T]}
TIMER	2.540e+00	2.542e+00	2.574e+00	3	get alphabet
TIMER	2.238e+01	2.350e+01	2.423e+01	4	kmer-gen
TIMER	2.563e+01	2.714e+01	3.022e+01	5	shift-buckets
TIMER	9.433e+02	9.469e+02	9.507e+02	5	ISA-to-SA
TIMER	4.116e+01	4.255e+01	4.442e+01	5	init-lcp
iteration 21: unfinished buckets = 3772201, unfinished elements = 14712242
TIMER	2.420e+01	2.452e+01	2.474e+01	5	rebucket
TIMER	3.297e+02	3.331e+02	3.349e+02	5	SA-to-ISA
TIMER	1.388e+03	1.388e+03	1.388e+03	5	sac-iteration
Starting Bucket chasing algorithm
unresolved = 14712245, unfinished = 3772201
TIMER	7.590e+00	7.591e+00	7.611e+00	5	get active elements
TIMER	4.888e-02	5.354e-02	6.034e-02	6	bulk_query: get recv_counts
TIMER	9.114e+00	1.009e+01	1.039e+01	6	bulk_query: all2all queries
Avg queries: 1.533e+05, max queries on proc 53: 1225737
Inbalance factor: 7.998e+00x
TIMER	8.886e-01	1.882e+00	1.088e+01	6	bulk_query: local query
TIMER	6.491e+00	7.383e+00	7.830e+00	6	bulk_query: all2all query results
TIMER	7.499e+01	7.622e+01	7.868e+01	7	resolve_next_lcp: bulk_rmq
TIMER	1.245e+00	1.801e+00	2.310e+00	7	resolve_next_lcp: set LCP
TIMER	8.111e+01	8.111e+01	8.111e+01	7	LCP update
unresolved = 5543898, unfinished = 1943843
TIMER	2.052e+02	2.052e+02	2.052e+02	5	bucket-chaising iteration
TIMER	4.097e-02	4.707e-02	5.740e-02	6	bulk_query: get recv_counts
TIMER	2.931e+00	3.563e+00	3.722e+00	6	bulk_query: all2all queries
Avg queries: 5.775e+04, max queries on proc 53: 981645
Inbalance factor: 1.700e+01x
TIMER	1.091e-01	4.564e-01	7.465e+00	6	bulk_query: local query
TIMER	2.339e+00	2.595e+00	3.091e+00	6	bulk_query: all2all query results
TIMER	3.724e+01	3.734e+01	3.750e+01	7	resolve_next_lcp: bulk_rmq
TIMER	4.008e-01	5.292e-01	6.187e-01	7	resolve_next_lcp: set LCP
TIMER	3.824e+01	3.824e+01	3.824e+01	7	LCP update
unresolved = 3214279, unfinished = 1330905
TIMER	8.571e+01	8.571e+01	8.574e+01	5	bucket-chaising iteration
TIMER	3.817e-02	4.642e-02	5.987e-02	6	bulk_query: get recv_counts
TIMER	2.149e+00	2.973e+00	3.315e+00	6	bulk_query: all2all queries
Avg queries: 3.348e+04, max queries on proc 53: 745565
Inbalance factor: 2.227e+01x
TIMER	5.233e-02	2.539e-01	5.384e+00	6	bulk_query: local query
TIMER	1.028e+00	1.660e+00	2.555e+00	6	bulk_query: all2all query results
TIMER	3.337e+01	3.341e+01	3.347e+01	7	resolve_next_lcp: bulk_rmq
TIMER	2.042e-01	2.494e-01	3.012e-01	7	resolve_next_lcp: set LCP
TIMER	3.390e+01	3.390e+01	3.390e+01	7	LCP update
unresolved = 2059860, unfinished = 924799
TIMER	6.673e+01	6.673e+01	6.676e+01	5	bucket-chaising iteration
TIMER	3.574e-02	3.889e-02	4.582e-02	6	bulk_query: get recv_counts
TIMER	8.641e-01	1.482e+00	1.888e+00	6	bulk_query: all2all queries
Avg queries: 2.146e+04, max queries on proc 53: 532776
Inbalance factor: 2.483e+01x
TIMER	4.353e-02	1.593e-01	3.351e+00	6	bulk_query: local query
TIMER	6.088e-01	7.754e-01	1.052e+00	6	bulk_query: all2all query results
TIMER	3.165e+01	3.168e+01	3.171e+01	7	resolve_next_lcp: bulk_rmq
TIMER	1.059e-01	1.306e-01	1.624e-01	7	resolve_next_lcp: set LCP
TIMER	3.201e+01	3.201e+01	3.201e+01	7	LCP update
unresolved = 1420247, unfinished = 659187
TIMER	5.283e+01	5.284e+01	5.286e+01	5	bucket-chaising iteration
TIMER	3.799e-02	4.089e-02	5.330e-02	6	bulk_query: get recv_counts
TIMER	5.394e-01	9.025e-01	1.234e+00	6	bulk_query: all2all queries
Avg queries: 1.479e+04, max queries on proc 53: 376346
Inbalance factor: 2.544e+01x
TIMER	3.955e-02	1.127e-01	2.147e+00	6	bulk_query: local query
TIMER	4.322e-01	5.515e-01	7.192e-01	6	bulk_query: all2all query results
TIMER	4.374e+01	4.402e+01	4.547e+01	7	resolve_next_lcp: bulk_rmq
TIMER	7.412e-02	2.399e-01	8.904e-01	7	resolve_next_lcp: set LCP
TIMER	4.930e+01	4.930e+01	4.932e+01	7	LCP update
unresolved = 983947, unfinished = 476015
TIMER	6.722e+01	6.722e+01	6.727e+01	5	bucket-chaising iteration
TIMER	4.335e-02	4.893e-02	7.251e-02	6	bulk_query: get recv_counts
TIMER	3.624e-01	5.980e-01	9.011e-01	6	bulk_query: all2all queries
Avg queries: 1.025e+04, max queries on proc 53: 253800
Inbalance factor: 2.476e+01x
TIMER	4.054e-02	8.397e-02	1.231e+00	6	bulk_query: local query
TIMER	2.748e-01	9.603e-01	2.027e+00	6	bulk_query: all2all query results
TIMER	3.302e+01	3.303e+01	3.306e+01	7	resolve_next_lcp: bulk_rmq
TIMER	5.822e-02	8.832e-02	1.406e-01	7	resolve_next_lcp: set LCP
TIMER	3.335e+01	3.335e+01	3.335e+01	7	LCP update
unresolved = 630245, unfinished = 309523
TIMER	5.030e+01	5.030e+01	5.031e+01	5	bucket-chaising iteration
TIMER	2.803e-02	3.717e-02	4.195e-02	6	bulk_query: get recv_counts
TIMER	2.598e-01	3.853e-01	5.582e-01	6	bulk_query: all2all queries
Avg queries: 6.565e+03, max queries on proc 53: 149584
Inbalance factor: 2.278e+01x
TIMER	4.080e-02	6.821e-02	7.124e-01	6	bulk_query: local query
TIMER	1.585e-01	2.476e-01	3.120e-01	6	bulk_query: all2all query results
TIMER	3.124e+01	3.125e+01	3.126e+01	7	resolve_next_lcp: bulk_rmq
TIMER	4.613e-02	6.382e-02	7.971e-02	7	resolve_next_lcp: set LCP
TIMER	3.148e+01	3.148e+01	3.148e+01	7	LCP update
unresolved = 346601, unfinished = 170433
TIMER	3.730e+01	3.731e+01	3.732e+01	5	bucket-chaising iteration
TIMER	2.957e-02	3.316e-02	3.940e-02	6	bulk_query: get recv_counts
TIMER	1.705e-01	2.642e-01	4.235e-01	6	bulk_query: all2all queries
Avg queries: 3.610e+03, max queries on proc 43: 135806
Inbalance factor: 3.761e+01x
TIMER	3.793e-02	5.224e-02	4.398e-01	6	bulk_query: local query
TIMER	1.105e-01	2.075e-01	2.826e-01	6	bulk_query: all2all query results
TIMER	3.138e+01	3.139e+01	3.142e+01	7	resolve_next_lcp: bulk_rmq
TIMER	3.218e-02	3.916e-02	4.704e-02	7	resolve_next_lcp: set LCP
TIMER	3.160e+01	3.160e+01	3.160e+01	7	LCP update
unresolved = 162762, unfinished = 81381
TIMER	3.584e+01	3.584e+01	3.585e+01	5	bucket-chaising iteration
TIMER	3.505e-02	3.868e-02	5.017e-02	6	bulk_query: get recv_counts
TIMER	1.345e-01	1.923e-01	3.503e-01	6	bulk_query: all2all queries
Avg queries: 1.695e+03, max queries on proc 43: 114302
Inbalance factor: 6.742e+01x
TIMER	3.646e-02	4.416e-02	4.335e-01	6	bulk_query: local query
TIMER	4.489e-02	1.354e-01	2.004e-01	6	bulk_query: all2all query results
TIMER	3.166e+01	3.167e+01	3.167e+01	7	resolve_next_lcp: bulk_rmq
TIMER	9.033e-03	1.700e-02	2.438e-02	7	resolve_next_lcp: set LCP
TIMER	3.183e+01	3.183e+01	3.183e+01	7	LCP update
unresolved = 92256, unfinished = 46128
TIMER	3.514e+01	3.514e+01	3.516e+01	5	bucket-chaising iteration
TIMER	3.143e-02	3.771e-02	4.486e-02	6	bulk_query: get recv_counts
TIMER	4.454e-02	8.290e-02	2.493e-01	6	bulk_query: all2all queries
Avg queries: 9.610e+02, max queries on proc 43: 92256
Inbalance factor: 9.600e+01x
TIMER	3.565e-02	4.037e-02	2.914e-01	6	bulk_query: local query
TIMER	1.762e-02	9.645e-02	1.689e-01	6	bulk_query: all2all query results
TIMER	3.142e+01	3.143e+01	3.144e+01	7	resolve_next_lcp: bulk_rmq
TIMER	4.777e-03	1.138e-02	1.967e-02	7	resolve_next_lcp: set LCP
TIMER	3.159e+01	3.159e+01	3.159e+01	7	LCP update
unresolved = 49248, unfinished = 24624
TIMER	3.417e+01	3.417e+01	3.418e+01	5	bucket-chaising iteration
TIMER	2.483e-02	2.923e-02	3.573e-02	6	bulk_query: get recv_counts
TIMER	3.827e-02	6.638e-02	1.945e-01	6	bulk_query: all2all queries
Avg queries: 5.130e+02, max queries on proc 43: 49248
Inbalance factor: 9.600e+01x
TIMER	3.527e-02	3.926e-02	2.188e-01	6	bulk_query: local query
TIMER	1.473e-02	6.407e-02	1.108e-01	6	bulk_query: all2all query results
TIMER	3.151e+01	3.152e+01	3.153e+01	7	resolve_next_lcp: bulk_rmq
TIMER	7.134e-03	1.255e-02	1.862e-02	7	resolve_next_lcp: set LCP
TIMER	3.166e+01	3.166e+01	3.167e+01	7	LCP update
unresolved = 0, unfinished = 0
TIMER	3.337e+01	3.337e+01	3.339e+01	5	bucket-chaising iteration
TIMER	7.126e+02	7.126e+02	7.126e+02	4	construct-msgs
TIMER	8.067e+00	9.289e+00	9.838e+00	4	fix-isa
TIMER	2.141e+03	2.142e+03	2.143e+03	2	desa_construct: SA/LCP construct
TIMER	4.954e+01	4.962e+01	4.969e+01	2	desa_construct: TLI construct
TIMER	1.651e-02	1.873e-02	3.077e-02	3	repartition: 1D-partition
TIMER	1.832e-01	1.839e-01	1.876e-01	2	desa_construct: 1-D partition
TIMER	7.069e+01	7.072e+01	7.077e+01	3	repartition: redistribute
TIMER	7.088e+01	7.089e+01	7.122e+01	2	desa_construct: repartition
TIMER	2.829e+01	2.940e+01	3.111e+01	2	desa_construct: RMQ construct
TIMER	4.296e-02	4.741e-02	6.585e-02	3	bulk_query: get recv_counts
TIMER	4.873e+01	5.069e+01	5.149e+01	3	bulk_query: all2all queries
Avg queries: 2.347e+06, max queries on proc 32: 2346913
Inbalance factor: 1.000e+00x
TIMER	1.815e+01	2.211e+01	2.355e+01	3	bulk_query: local query
TIMER	5.863e+00	6.499e+00	6.693e+00	3	bulk_query: all2all query results
TIMER	1.810e+02	1.835e+02	1.921e+02	2	desa_construct: Lc naive construct
TIMER	2.490e+03	2.490e+03	2.490e+03	1	construct idx
