== Node distribution == 
== p=96 processes on 2 nodes ==
--  Node: 'c506-083.stampede2.tacc.utexas.edu' (48/96)
        Ranks: 0, 1, 2, 3, 4, 5, 6, 7, 8, 9, 10, 11, 12, 13, 14, 15, 16, 17, 18, 19, 20, 21, 22, 23, 24, 25, 26, 27, 28, 29, 30, 31, 32, 33, 34, 35, 36, 37, 38, 39, 40, 41, 42, 43, 44, 45, 46, 47
--  Node: 'c506-084.stampede2.tacc.utexas.edu' (48/96)
        Ranks: 48, 49, 50, 51, 52, 53, 54, 55, 56, 57, 58, 59, 60, 61, 62, 63, 64, 65, 66, 67, 68, 69, 70, 71, 72, 73, 74, 75, 76, 77, 78, 79, 80, 81, 82, 83, 84, 85, 86, 87, 88, 89, 90, 91, 92, 93, 94, 95
TIMER	1.555e+01	2.649e+01	2.830e+01	1	read input file
TIMER	2.097e+00	2.098e+00	2.099e+00	2	desa_construct: cpy str
Alphabet: {sigma=4, l=3, A=[A, C, G, T]}
TIMER	2.542e+00	2.544e+00	2.575e+00	3	get alphabet
TIMER	2.235e+01	2.350e+01	2.406e+01	4	kmer-gen
TIMER	2.559e+01	2.704e+01	3.041e+01	5	shift-buckets
TIMER	9.397e+02	9.434e+02	9.479e+02	5	ISA-to-SA
TIMER	4.094e+01	4.236e+01	4.396e+01	5	init-lcp
iteration 21: unfinished buckets = 3772201, unfinished elements = 14712242
TIMER	2.370e+01	2.397e+01	2.422e+01	5	rebucket
TIMER	3.279e+02	3.322e+02	3.349e+02	5	SA-to-ISA
TIMER	1.387e+03	1.387e+03	1.387e+03	5	sac-iteration
Starting Bucket chasing algorithm
unresolved = 14712245, unfinished = 3772201
TIMER	7.565e+00	7.566e+00	7.589e+00	5	get active elements
TIMER	4.506e-02	5.014e-02	5.881e-02	6	bulk_query: get recv_counts
TIMER	8.012e+00	9.018e+00	9.385e+00	6	bulk_query: all2all queries
Avg queries: 1.533e+05, max queries on proc 53: 1225737
Inbalance factor: 7.998e+00x
TIMER	9.136e-01	1.888e+00	1.076e+01	6	bulk_query: local query
TIMER	6.507e+00	7.577e+00	7.952e+00	6	bulk_query: all2all query results
TIMER	7.426e+01	7.550e+01	7.795e+01	7	resolve_next_lcp: bulk_rmq
TIMER	1.279e+00	1.798e+00	2.320e+00	7	resolve_next_lcp: set LCP
TIMER	8.040e+01	8.040e+01	8.040e+01	7	LCP update
unresolved = 5543898, unfinished = 1943843
TIMER	2.048e+02	2.048e+02	2.049e+02	5	bucket-chaising iteration
TIMER	4.036e-02	5.076e-02	7.657e-02	6	bulk_query: get recv_counts
TIMER	2.939e+00	3.559e+00	3.710e+00	6	bulk_query: all2all queries
Avg queries: 5.775e+04, max queries on proc 53: 981645
Inbalance factor: 1.700e+01x
TIMER	1.131e-01	4.610e-01	7.567e+00	6	bulk_query: local query
TIMER	2.383e+00	2.653e+00	3.144e+00	6	bulk_query: all2all query results
TIMER	3.725e+01	3.736e+01	3.752e+01	7	resolve_next_lcp: bulk_rmq
TIMER	4.419e-01	5.364e-01	6.192e-01	7	resolve_next_lcp: set LCP
TIMER	3.827e+01	3.827e+01	3.827e+01	7	LCP update
unresolved = 3214279, unfinished = 1330905
TIMER	8.588e+01	8.589e+01	8.591e+01	5	bucket-chaising iteration
TIMER	4.039e-02	4.537e-02	6.470e-02	6	bulk_query: get recv_counts
TIMER	2.074e+00	2.874e+00	3.201e+00	6	bulk_query: all2all queries
Avg queries: 3.348e+04, max queries on proc 53: 745565
Inbalance factor: 2.227e+01x
TIMER	5.077e-02	2.536e-01	5.443e+00	6	bulk_query: local query
TIMER	1.116e+00	1.733e+00	2.607e+00	6	bulk_query: all2all query results
TIMER	3.315e+01	3.319e+01	3.325e+01	7	resolve_next_lcp: bulk_rmq
TIMER	2.082e-01	2.482e-01	2.954e-01	7	resolve_next_lcp: set LCP
TIMER	3.366e+01	3.366e+01	3.366e+01	7	LCP update
unresolved = 2059860, unfinished = 924799
TIMER	6.661e+01	6.662e+01	6.664e+01	5	bucket-chaising iteration
TIMER	4.004e-02	4.699e-02	6.336e-02	6	bulk_query: get recv_counts
TIMER	7.239e-01	1.513e+00	1.868e+00	6	bulk_query: all2all queries
Avg queries: 2.146e+04, max queries on proc 53: 532776
Inbalance factor: 2.483e+01x
TIMER	4.468e-02	1.653e-01	3.452e+00	6	bulk_query: local query
TIMER	6.302e-01	7.823e-01	1.032e+00	6	bulk_query: all2all query results
TIMER	3.165e+01	3.167e+01	3.171e+01	7	resolve_next_lcp: bulk_rmq
TIMER	1.014e-01	1.301e-01	1.614e-01	7	resolve_next_lcp: set LCP
TIMER	3.200e+01	3.200e+01	3.200e+01	7	LCP update
unresolved = 1420247, unfinished = 659187
TIMER	5.292e+01	5.292e+01	5.295e+01	5	bucket-chaising iteration
TIMER	3.566e-02	3.930e-02	4.362e-02	6	bulk_query: get recv_counts
TIMER	6.809e-01	9.311e-01	1.267e+00	6	bulk_query: all2all queries
Avg queries: 1.479e+04, max queries on proc 53: 376346
Inbalance factor: 2.544e+01x
TIMER	5.415e-02	1.288e-01	2.243e+00	6	bulk_query: local query
TIMER	4.315e-01	5.470e-01	7.171e-01	6	bulk_query: all2all query results
TIMER	3.405e+01	3.407e+01	3.412e+01	7	resolve_next_lcp: bulk_rmq
TIMER	6.378e-02	9.385e-02	9.466e-01	7	resolve_next_lcp: set LCP
TIMER	3.519e+01	3.519e+01	3.519e+01	7	LCP update
unresolved = 983947, unfinished = 476015
TIMER	5.067e+01	5.067e+01	5.069e+01	5	bucket-chaising iteration
TIMER	1.228e-01	9.950e-01	1.209e+00	6	bulk_query: get recv_counts
TIMER	5.049e-01	1.717e+00	2.494e+00	6	bulk_query: all2all queries
Avg queries: 1.025e+04, max queries on proc 53: 253800
Inbalance factor: 2.476e+01x
TIMER	4.035e-02	9.820e-02	2.134e+00	6	bulk_query: local query
TIMER	3.160e-01	4.514e-01	5.407e-01	6	bulk_query: all2all query results
TIMER	3.527e+01	3.529e+01	3.532e+01	7	resolve_next_lcp: bulk_rmq
TIMER	5.510e-02	1.236e-01	9.321e-01	7	resolve_next_lcp: set LCP
TIMER	3.638e+01	3.640e+01	3.640e+01	7	LCP update
unresolved = 630245, unfinished = 309523
TIMER	6.408e+01	6.408e+01	6.409e+01	5	bucket-chaising iteration
TIMER	3.532e-02	4.138e-02	5.469e-02	6	bulk_query: get recv_counts
TIMER	2.946e-01	4.308e-01	5.915e-01	6	bulk_query: all2all queries
Avg queries: 6.565e+03, max queries on proc 53: 149584
Inbalance factor: 2.278e+01x
TIMER	4.026e-02	6.792e-02	7.496e-01	6	bulk_query: local query
TIMER	1.392e-01	2.529e-01	3.044e-01	6	bulk_query: all2all query results
TIMER	3.087e+01	3.088e+01	3.090e+01	7	resolve_next_lcp: bulk_rmq
TIMER	4.591e-02	6.606e-02	7.825e-02	7	resolve_next_lcp: set LCP
TIMER	3.108e+01	3.108e+01	3.109e+01	7	LCP update
unresolved = 346601, unfinished = 170433
TIMER	3.721e+01	3.721e+01	3.723e+01	5	bucket-chaising iteration
TIMER	2.782e-02	3.488e-02	4.167e-02	6	bulk_query: get recv_counts
TIMER	1.714e-01	2.704e-01	4.149e-01	6	bulk_query: all2all queries
Avg queries: 3.610e+03, max queries on proc 43: 135806
Inbalance factor: 3.761e+01x
TIMER	3.690e-02	5.125e-02	4.334e-01	6	bulk_query: local query
TIMER	8.263e-02	1.793e-01	2.577e-01	6	bulk_query: all2all query results
TIMER	3.155e+01	3.156e+01	3.159e+01	7	resolve_next_lcp: bulk_rmq
TIMER	3.096e-02	4.085e-02	4.772e-02	7	resolve_next_lcp: set LCP
TIMER	3.173e+01	3.174e+01	3.174e+01	7	LCP update
unresolved = 162762, unfinished = 81381
TIMER	3.585e+01	3.586e+01	3.587e+01	5	bucket-chaising iteration
TIMER	3.145e-02	4.169e-02	4.875e-02	6	bulk_query: get recv_counts
TIMER	1.402e-01	2.027e-01	3.769e-01	6	bulk_query: all2all queries
Avg queries: 1.695e+03, max queries on proc 43: 114302
Inbalance factor: 6.742e+01x
TIMER	3.436e-02	4.313e-02	4.344e-01	6	bulk_query: local query
TIMER	4.269e-02	1.372e-01	2.043e-01	6	bulk_query: all2all query results
TIMER	3.131e+01	3.132e+01	3.133e+01	7	resolve_next_lcp: bulk_rmq
TIMER	1.173e-02	1.703e-02	2.437e-02	7	resolve_next_lcp: set LCP
TIMER	3.145e+01	3.146e+01	3.146e+01	7	LCP update
unresolved = 92256, unfinished = 46128
TIMER	3.474e+01	3.474e+01	3.475e+01	5	bucket-chaising iteration
TIMER	3.046e-02	3.273e-02	3.703e-02	6	bulk_query: get recv_counts
TIMER	4.737e-02	9.137e-02	2.595e-01	6	bulk_query: all2all queries
Avg queries: 9.610e+02, max queries on proc 43: 92256
Inbalance factor: 9.600e+01x
TIMER	3.757e-02	4.269e-02	2.983e-01	6	bulk_query: local query
TIMER	1.431e-02	9.132e-02	1.639e-01	6	bulk_query: all2all query results
TIMER	3.122e+01	3.123e+01	3.124e+01	7	resolve_next_lcp: bulk_rmq
TIMER	5.804e-03	1.124e-02	1.864e-02	7	resolve_next_lcp: set LCP
TIMER	3.137e+01	3.137e+01	3.137e+01	7	LCP update
unresolved = 49248, unfinished = 24624
TIMER	3.389e+01	3.389e+01	3.391e+01	5	bucket-chaising iteration
TIMER	2.479e-02	3.033e-02	4.320e-02	6	bulk_query: get recv_counts
TIMER	2.889e-02	5.709e-02	1.740e-01	6	bulk_query: all2all queries
Avg queries: 5.130e+02, max queries on proc 43: 49248
Inbalance factor: 9.600e+01x
TIMER	3.501e-02	3.913e-02	1.988e-01	6	bulk_query: local query
TIMER	1.305e-02	6.240e-02	1.092e-01	6	bulk_query: all2all query results
TIMER	3.042e+01	3.043e+01	3.044e+01	7	resolve_next_lcp: bulk_rmq
TIMER	7.244e-03	1.255e-02	1.823e-02	7	resolve_next_lcp: set LCP
TIMER	3.056e+01	3.056e+01	3.056e+01	7	LCP update
unresolved = 0, unfinished = 0
TIMER	3.221e+01	3.221e+01	3.222e+01	5	bucket-chaising iteration
TIMER	7.075e+02	7.075e+02	7.075e+02	4	construct-msgs
TIMER	7.854e+00	9.214e+00	9.583e+00	4	fix-isa
TIMER	2.135e+03	2.136e+03	2.136e+03	2	desa_construct: SA/LCP construct
TIMER	5.203e+01	5.212e+01	5.218e+01	2	desa_construct: TLI construct
TIMER	1.568e-02	1.863e-02	2.297e-02	3	repartition: 1D-partition
TIMER	1.733e-01	1.745e-01	1.786e-01	2	desa_construct: 1-D partition
TIMER	6.842e+01	6.846e+01	6.852e+01	3	repartition: redistribute
TIMER	6.861e+01	6.862e+01	6.893e+01	2	desa_construct: repartition
TIMER	2.853e+01	2.943e+01	3.129e+01	2	desa_construct: RMQ construct
TIMER	3.915e-02	4.506e-02	5.516e-02	3	bulk_query: get recv_counts
TIMER	4.895e+01	5.069e+01	5.156e+01	3	bulk_query: all2all queries
Avg queries: 2.347e+06, max queries on proc 32: 2346913
Inbalance factor: 1.000e+00x
TIMER	1.935e+01	2.229e+01	2.336e+01	3	bulk_query: local query
TIMER	5.896e+00	6.417e+00	6.608e+00	3	bulk_query: all2all query results
TIMER	1.809e+02	1.833e+02	1.888e+02	2	desa_construct: Lc naive construct
TIMER	2.480e+03	2.480e+03	2.480e+03	1	construct idx
