== Node distribution == 
== p=1 processes on 1 nodes ==
--  Node: 'c506-044.stampede2.tacc.utexas.edu' (1/1)
        Ranks: 0
TIMER	7.106e+02	7.106e+02	7.106e+02	1	read input file
TIMER	8.470e+01	8.470e+01	8.470e+01	2	desa_construct: cpy str
Alphabet: {sigma=4, l=3, A=[A, C, G, T]}
TIMER	1.415e+02	1.415e+02	1.415e+02	3	get alphabet
TIMER	9.129e+02	9.129e+02	9.129e+02	4	kmer-gen
TIMER	7.425e+02	7.425e+02	7.425e+02	5	shift-buckets
TIMER	2.904e+04	2.904e+04	2.904e+04	5	ISA-to-SA
TIMER	2.466e+03	2.466e+03	2.466e+03	5	init-lcp
iteration 21: unfinished buckets = 3772201, unfinished elements = 14712245
TIMER	8.997e+02	8.997e+02	8.997e+02	5	rebucket
TIMER	8.142e+03	8.142e+03	8.142e+03	5	SA-to-ISA
TIMER	4.129e+04	4.129e+04	4.129e+04	5	sac-iteration
Starting Bucket chasing algorithm
unresolved = 14712245, unfinished = 3772201
TIMER	4.638e+02	4.638e+02	4.638e+02	5	get active elements
TIMER	3.229e-03	3.229e-03	3.229e-03	6	bulk_query: get recv_counts
TIMER	5.259e+01	5.259e+01	5.259e+01	6	bulk_query: all2all queries
Avg queries: 1.471e+07, max queries on proc 0: 14712245
Inbalance factor: 1.000e+00x
TIMER	1.887e+02	1.887e+02	1.887e+02	6	bulk_query: local query
TIMER	5.212e+01	5.212e+01	5.212e+01	6	bulk_query: all2all query results
TIMER	3.106e+03	3.106e+03	3.106e+03	7	resolve_next_lcp: bulk_rmq
TIMER	7.060e+01	7.060e+01	7.060e+01	7	resolve_next_lcp: set LCP
TIMER	3.177e+03	3.177e+03	3.177e+03	7	LCP update
unresolved = 5543898, unfinished = 1943843
TIMER	6.084e+03	6.084e+03	6.084e+03	5	bucket-chaising iteration
TIMER	2.804e-03	2.804e-03	2.804e-03	6	bulk_query: get recv_counts
TIMER	1.834e+01	1.834e+01	1.834e+01	6	bulk_query: all2all queries
Avg queries: 5.544e+06, max queries on proc 0: 5543898
Inbalance factor: 1.000e+00x
TIMER	5.927e+01	5.927e+01	5.927e+01	6	bulk_query: local query
TIMER	1.806e+01	1.806e+01	1.806e+01	6	bulk_query: all2all query results
TIMER	2.056e+03	2.056e+03	2.056e+03	7	resolve_next_lcp: bulk_rmq
TIMER	3.109e+01	3.109e+01	3.109e+01	7	resolve_next_lcp: set LCP
TIMER	2.087e+03	2.087e+03	2.087e+03	7	LCP update
unresolved = 3214279, unfinished = 1330905
TIMER	3.350e+03	3.350e+03	3.350e+03	5	bucket-chaising iteration
TIMER	1.604e-03	1.604e-03	1.604e-03	6	bulk_query: get recv_counts
TIMER	1.005e+01	1.005e+01	1.005e+01	6	bulk_query: all2all queries
Avg queries: 3.214e+06, max queries on proc 0: 3214279
Inbalance factor: 1.000e+00x
TIMER	2.859e+01	2.859e+01	2.859e+01	6	bulk_query: local query
TIMER	6.421e+00	6.421e+00	6.421e+00	6	bulk_query: all2all query results
TIMER	1.963e+03	1.963e+03	1.963e+03	7	resolve_next_lcp: bulk_rmq
TIMER	1.814e+01	1.814e+01	1.814e+01	7	resolve_next_lcp: set LCP
TIMER	1.982e+03	1.982e+03	1.982e+03	7	LCP update
unresolved = 2059860, unfinished = 924799
TIMER	2.731e+03	2.731e+03	2.731e+03	5	bucket-chaising iteration
TIMER	2.453e-03	2.453e-03	2.453e-03	6	bulk_query: get recv_counts
TIMER	6.035e+00	6.035e+00	6.035e+00	6	bulk_query: all2all queries
Avg queries: 2.060e+06, max queries on proc 0: 2059860
Inbalance factor: 1.000e+00x
TIMER	1.716e+01	1.716e+01	1.716e+01	6	bulk_query: local query
TIMER	3.809e+00	3.809e+00	3.809e+00	6	bulk_query: all2all query results
TIMER	1.826e+03	1.826e+03	1.826e+03	7	resolve_next_lcp: bulk_rmq
TIMER	1.059e+01	1.059e+01	1.059e+01	7	resolve_next_lcp: set LCP
TIMER	1.837e+03	1.837e+03	1.837e+03	7	LCP update
unresolved = 1420247, unfinished = 659187
TIMER	2.323e+03	2.323e+03	2.323e+03	5	bucket-chaising iteration
TIMER	2.301e-03	2.301e-03	2.301e-03	6	bulk_query: get recv_counts
TIMER	3.181e+00	3.181e+00	3.181e+00	6	bulk_query: all2all queries
Avg queries: 1.420e+06, max queries on proc 0: 1420247
Inbalance factor: 1.000e+00x
TIMER	1.141e+01	1.141e+01	1.141e+01	6	bulk_query: local query
TIMER	2.142e+00	2.142e+00	2.142e+00	6	bulk_query: all2all query results
TIMER	1.810e+03	1.810e+03	1.810e+03	7	resolve_next_lcp: bulk_rmq
TIMER	7.082e+00	7.082e+00	7.082e+00	7	resolve_next_lcp: set LCP
TIMER	1.818e+03	1.818e+03	1.818e+03	7	LCP update
unresolved = 983947, unfinished = 476015
TIMER	2.146e+03	2.146e+03	2.146e+03	5	bucket-chaising iteration
TIMER	1.835e-03	1.835e-03	1.835e-03	6	bulk_query: get recv_counts
TIMER	2.039e+00	2.039e+00	2.039e+00	6	bulk_query: all2all queries
Avg queries: 9.839e+05, max queries on proc 0: 983947
Inbalance factor: 1.000e+00x
TIMER	5.691e+00	5.691e+00	5.691e+00	6	bulk_query: local query
TIMER	1.343e+00	1.343e+00	1.343e+00	6	bulk_query: all2all query results
TIMER	1.805e+03	1.805e+03	1.805e+03	7	resolve_next_lcp: bulk_rmq
TIMER	5.626e+00	5.626e+00	5.626e+00	7	resolve_next_lcp: set LCP
TIMER	1.811e+03	1.811e+03	1.811e+03	7	LCP update
unresolved = 630245, unfinished = 309523
TIMER	2.043e+03	2.043e+03	2.043e+03	5	bucket-chaising iteration
TIMER	1.675e-03	1.675e-03	1.675e-03	6	bulk_query: get recv_counts
TIMER	1.251e+00	1.251e+00	1.251e+00	6	bulk_query: all2all queries
Avg queries: 6.302e+05, max queries on proc 0: 630245
Inbalance factor: 1.000e+00x
TIMER	3.091e+00	3.091e+00	3.091e+00	6	bulk_query: local query
TIMER	6.870e-01	6.870e-01	6.870e-01	6	bulk_query: all2all query results
TIMER	1.805e+03	1.805e+03	1.805e+03	7	resolve_next_lcp: bulk_rmq
TIMER	4.745e+00	4.745e+00	4.745e+00	7	resolve_next_lcp: set LCP
TIMER	1.810e+03	1.810e+03	1.810e+03	7	LCP update
unresolved = 346601, unfinished = 170433
TIMER	1.962e+03	1.962e+03	1.962e+03	5	bucket-chaising iteration
TIMER	1.112e-03	1.112e-03	1.112e-03	6	bulk_query: get recv_counts
TIMER	4.481e-01	4.481e-01	4.481e-01	6	bulk_query: all2all queries
Avg queries: 3.466e+05, max queries on proc 0: 346601
Inbalance factor: 1.000e+00x
TIMER	1.500e+00	1.500e+00	1.500e+00	6	bulk_query: local query
TIMER	3.412e-01	3.412e-01	3.412e-01	6	bulk_query: all2all query results
TIMER	1.797e+03	1.797e+03	1.797e+03	7	resolve_next_lcp: bulk_rmq
TIMER	3.150e+00	3.150e+00	3.150e+00	7	resolve_next_lcp: set LCP
TIMER	1.800e+03	1.800e+03	1.800e+03	7	LCP update
unresolved = 162762, unfinished = 81381
TIMER	1.878e+03	1.878e+03	1.878e+03	5	bucket-chaising iteration
TIMER	1.285e-03	1.285e-03	1.285e-03	6	bulk_query: get recv_counts
TIMER	1.822e-01	1.822e-01	1.822e-01	6	bulk_query: all2all queries
Avg queries: 1.628e+05, max queries on proc 0: 162762
Inbalance factor: 1.000e+00x
TIMER	5.627e-01	5.627e-01	5.627e-01	6	bulk_query: local query
TIMER	1.517e-01	1.517e-01	1.517e-01	6	bulk_query: all2all query results
TIMER	1.788e+03	1.788e+03	1.788e+03	7	resolve_next_lcp: bulk_rmq
TIMER	1.226e+00	1.226e+00	1.226e+00	7	resolve_next_lcp: set LCP
TIMER	1.789e+03	1.789e+03	1.789e+03	7	LCP update
unresolved = 92256, unfinished = 46128
TIMER	1.823e+03	1.823e+03	1.823e+03	5	bucket-chaising iteration
TIMER	1.150e-03	1.150e-03	1.150e-03	6	bulk_query: get recv_counts
TIMER	8.929e-02	8.929e-02	8.929e-02	6	bulk_query: all2all queries
Avg queries: 9.226e+04, max queries on proc 0: 92256
Inbalance factor: 1.000e+00x
TIMER	2.875e-01	2.875e-01	2.875e-01	6	bulk_query: local query
TIMER	6.969e-02	6.969e-02	6.969e-02	6	bulk_query: all2all query results
TIMER	1.785e+03	1.785e+03	1.785e+03	7	resolve_next_lcp: bulk_rmq
TIMER	7.431e-01	7.431e-01	7.431e-01	7	resolve_next_lcp: set LCP
TIMER	1.785e+03	1.785e+03	1.785e+03	7	LCP update
unresolved = 49248, unfinished = 24624
TIMER	1.803e+03	1.803e+03	1.803e+03	5	bucket-chaising iteration
TIMER	7.480e-04	7.480e-04	7.480e-04	6	bulk_query: get recv_counts
TIMER	3.857e-02	3.857e-02	3.857e-02	6	bulk_query: all2all queries
Avg queries: 4.925e+04, max queries on proc 0: 49248
Inbalance factor: 1.000e+00x
TIMER	1.954e-01	1.954e-01	1.954e-01	6	bulk_query: local query
TIMER	3.003e-02	3.003e-02	3.003e-02	6	bulk_query: all2all query results
TIMER	1.792e+03	1.792e+03	1.792e+03	7	resolve_next_lcp: bulk_rmq
TIMER	8.551e-01	8.551e-01	8.551e-01	7	resolve_next_lcp: set LCP
TIMER	1.793e+03	1.793e+03	1.793e+03	7	LCP update
unresolved = 0, unfinished = 0
TIMER	1.803e+03	1.803e+03	1.803e+03	5	bucket-chaising iteration
TIMER	2.842e+04	2.842e+04	2.842e+04	4	construct-msgs
TIMER	1.506e+02	1.506e+02	1.506e+02	4	fix-isa
TIMER	7.092e+04	7.092e+04	7.092e+04	2	desa_construct: SA/LCP construct
TIMER	3.368e+03	3.368e+03	3.368e+03	2	desa_construct: TLI construct
TIMER	8.040e-04	8.040e-04	8.040e-04	3	repartition: 1D-partition
TIMER	1.507e-02	1.507e-02	1.507e-02	2	desa_construct: 1-D partition
TIMER	2.513e+03	2.513e+03	2.513e+03	3	repartition: redistribute
TIMER	2.513e+03	2.513e+03	2.513e+03	2	desa_construct: repartition
TIMER	1.783e+03	1.783e+03	1.783e+03	2	desa_construct: RMQ construct
TIMER	5.175e-03	5.175e-03	5.175e-03	3	bulk_query: get recv_counts
TIMER	7.937e+02	7.937e+02	7.937e+02	3	bulk_query: all2all queries
Avg queries: 2.253e+08, max queries on proc 0: 225280603
Inbalance factor: 1.000e+00x
TIMER	2.883e+03	2.883e+03	2.883e+03	3	bulk_query: local query
TIMER	9.977e+01	9.977e+01	9.977e+01	3	bulk_query: all2all query results
TIMER	9.555e+03	9.555e+03	9.555e+03	2	desa_construct: Lc naive construct
TIMER	8.822e+04	8.822e+04	8.822e+04	1	construct idx
