== Node distribution == 
== p=8 processes on 1 nodes ==
--  Node: 'c506-044.stampede2.tacc.utexas.edu' (8/8)
        Ranks: 0, 1, 2, 3, 4, 5, 6, 7
TIMER	9.985e+01	1.006e+02	1.026e+02	1	read input file
TIMER	1.173e+01	1.173e+01	1.174e+01	2	desa_construct: cpy str
Alphabet: {sigma=4, l=3, A=[A, C, G, T]}
TIMER	1.941e+01	1.941e+01	1.943e+01	3	get alphabet
TIMER	1.235e+02	1.242e+02	1.250e+02	4	kmer-gen
TIMER	9.914e+01	1.004e+02	1.016e+02	5	shift-buckets
TIMER	5.015e+03	5.023e+03	5.036e+03	5	ISA-to-SA
TIMER	3.475e+02	3.499e+02	3.512e+02	5	init-lcp
iteration 21: unfinished buckets = 3772201, unfinished elements = 14712244
TIMER	1.227e+02	1.237e+02	1.244e+02	5	rebucket
TIMER	1.788e+03	1.790e+03	1.795e+03	5	SA-to-ISA
TIMER	7.409e+03	7.409e+03	7.409e+03	5	sac-iteration
Starting Bucket chasing algorithm
unresolved = 14712245, unfinished = 3772201
TIMER	7.398e+01	7.398e+01	7.400e+01	5	get active elements
TIMER	1.524e-02	1.594e-02	1.734e-02	6	bulk_query: get recv_counts
TIMER	1.259e+01	1.451e+01	1.671e+01	6	bulk_query: all2all queries
Avg queries: 1.839e+06, max queries on proc 4: 4223136
Inbalance factor: 2.296e+00x
TIMER	1.160e+01	2.032e+01	4.562e+01	6	bulk_query: local query
TIMER	8.143e+00	9.198e+00	1.005e+01	6	bulk_query: all2all query results
TIMER	4.680e+02	4.729e+02	4.763e+02	7	resolve_next_lcp: bulk_rmq
TIMER	8.275e+00	9.614e+00	1.072e+01	7	resolve_next_lcp: set LCP
TIMER	4.871e+02	4.871e+02	4.871e+02	7	LCP update
unresolved = 5543898, unfinished = 1943843
TIMER	1.017e+03	1.017e+03	1.017e+03	5	bucket-chaising iteration
TIMER	1.743e-02	1.778e-02	1.832e-02	6	bulk_query: get recv_counts
TIMER	4.500e+00	6.103e+00	7.735e+00	6	bulk_query: all2all queries
Avg queries: 6.930e+05, max queries on proc 4: 2568719
Inbalance factor: 3.707e+00x
TIMER	1.233e+00	5.366e+00	2.265e+01	6	bulk_query: local query
TIMER	1.789e+00	2.870e+00	3.348e+00	6	bulk_query: all2all query results
TIMER	2.814e+02	2.816e+02	2.817e+02	7	resolve_next_lcp: bulk_rmq
TIMER	4.066e+00	4.195e+00	4.339e+00	7	resolve_next_lcp: set LCP
TIMER	2.861e+02	2.861e+02	2.861e+02	7	LCP update
unresolved = 3214279, unfinished = 1330905
TIMER	5.038e+02	5.050e+02	5.067e+02	5	bucket-chaising iteration
TIMER	1.287e-02	1.348e-02	1.407e-02	6	bulk_query: get recv_counts
TIMER	2.058e+00	3.433e+00	4.599e+00	6	bulk_query: all2all queries
Avg queries: 4.018e+05, max queries on proc 4: 1798501
Inbalance factor: 4.476e+00x
TIMER	1.988e-01	2.852e+00	1.268e+01	6	bulk_query: local query
TIMER	2.449e+00	3.132e+00	3.389e+00	6	bulk_query: all2all query results
TIMER	2.602e+02	2.603e+02	2.603e+02	7	resolve_next_lcp: bulk_rmq
TIMER	2.370e+00	2.414e+00	2.469e+00	7	resolve_next_lcp: set LCP
TIMER	2.629e+02	2.629e+02	2.629e+02	7	LCP update
unresolved = 2059860, unfinished = 924799
TIMER	4.015e+02	4.019e+02	4.034e+02	5	bucket-chaising iteration
TIMER	1.273e-02	1.306e-02	1.328e-02	6	bulk_query: get recv_counts
TIMER	1.659e+00	2.510e+00	3.354e+00	6	bulk_query: all2all queries
Avg queries: 2.575e+05, max queries on proc 4: 1243213
Inbalance factor: 4.828e+00x
TIMER	4.477e-02	1.597e+00	7.606e+00	6	bulk_query: local query
TIMER	9.162e-01	1.146e+00	1.293e+00	6	bulk_query: all2all query results
TIMER	2.511e+02	2.511e+02	2.512e+02	7	resolve_next_lcp: bulk_rmq
TIMER	1.336e+00	1.384e+00	1.454e+00	7	resolve_next_lcp: set LCP
TIMER	2.527e+02	2.527e+02	2.527e+02	7	LCP update
unresolved = 1420247, unfinished = 659187
TIMER	3.387e+02	3.387e+02	3.387e+02	5	bucket-chaising iteration
TIMER	1.131e-02	1.178e-02	1.325e-02	6	bulk_query: get recv_counts
TIMER	1.048e+00	1.613e+00	2.166e+00	6	bulk_query: all2all queries
Avg queries: 1.775e+05, max queries on proc 4: 852966
Inbalance factor: 4.805e+00x
TIMER	2.457e-02	9.289e-01	4.681e+00	6	bulk_query: local query
TIMER	4.762e-01	5.963e-01	6.630e-01	6	bulk_query: all2all query results
TIMER	2.383e+02	2.384e+02	2.384e+02	7	resolve_next_lcp: bulk_rmq
TIMER	8.604e-01	9.039e-01	9.607e-01	7	resolve_next_lcp: set LCP
TIMER	2.395e+02	2.395e+02	2.395e+02	7	LCP update
unresolved = 983947, unfinished = 476015
TIMER	2.981e+02	2.981e+02	2.981e+02	5	bucket-chaising iteration
TIMER	9.495e-03	1.057e-02	1.350e-02	6	bulk_query: get recv_counts
TIMER	7.106e-01	1.015e+00	1.351e+00	6	bulk_query: all2all queries
Avg queries: 1.230e+05, max queries on proc 4: 554804
Inbalance factor: 4.511e+00x
TIMER	2.142e-02	5.825e-01	2.788e+00	6	bulk_query: local query
TIMER	5.271e-01	6.247e-01	6.619e-01	6	bulk_query: all2all query results
TIMER	2.380e+02	2.380e+02	2.380e+02	7	resolve_next_lcp: bulk_rmq
TIMER	6.725e-01	7.334e-01	7.825e-01	7	resolve_next_lcp: set LCP
TIMER	2.389e+02	2.389e+02	2.389e+02	7	LCP update
unresolved = 630245, unfinished = 309523
TIMER	2.788e+02	2.788e+02	2.788e+02	5	bucket-chaising iteration
TIMER	9.374e-03	9.671e-03	9.948e-03	6	bulk_query: get recv_counts
TIMER	4.340e-01	6.120e-01	8.011e-01	6	bulk_query: all2all queries
Avg queries: 7.878e+04, max queries on proc 4: 314249
Inbalance factor: 3.989e+00x
TIMER	2.150e-02	3.310e-01	1.253e+00	6	bulk_query: local query
TIMER	2.362e-01	2.549e-01	2.673e-01	6	bulk_query: all2all query results
TIMER	2.361e+02	2.361e+02	2.361e+02	7	resolve_next_lcp: bulk_rmq
TIMER	5.960e-01	6.274e-01	6.632e-01	7	resolve_next_lcp: set LCP
TIMER	2.368e+02	2.368e+02	2.368e+02	7	LCP update
unresolved = 346601, unfinished = 170433
TIMER	2.602e+02	2.602e+02	2.602e+02	5	bucket-chaising iteration
TIMER	8.520e-03	9.034e-03	9.681e-03	6	bulk_query: get recv_counts
TIMER	2.305e-01	3.490e-01	4.217e-01	6	bulk_query: all2all queries
Avg queries: 4.333e+04, max queries on proc 4: 145741
Inbalance factor: 3.364e+00x
TIMER	1.916e-02	1.662e-01	5.734e-01	6	bulk_query: local query
TIMER	1.664e-01	1.953e-01	2.115e-01	6	bulk_query: all2all query results
TIMER	2.353e+02	2.353e+02	2.353e+02	7	resolve_next_lcp: bulk_rmq
TIMER	3.890e-01	4.079e-01	4.202e-01	7	resolve_next_lcp: set LCP
TIMER	2.358e+02	2.358e+02	2.358e+02	7	LCP update
unresolved = 162762, unfinished = 81381
TIMER	2.477e+02	2.477e+02	2.477e+02	5	bucket-chaising iteration
TIMER	7.595e-03	8.090e-03	8.572e-03	6	bulk_query: get recv_counts
TIMER	1.250e-01	2.291e-01	3.026e-01	6	bulk_query: all2all queries
Avg queries: 2.035e+04, max queries on proc 3: 114302
Inbalance factor: 5.618e+00x
TIMER	1.847e-02	8.453e-02	3.871e-01	6	bulk_query: local query
TIMER	6.050e-02	7.849e-02	9.330e-02	6	bulk_query: all2all query results
TIMER	2.369e+02	2.369e+02	2.370e+02	7	resolve_next_lcp: bulk_rmq
TIMER	1.385e-01	1.488e-01	1.711e-01	7	resolve_next_lcp: set LCP
TIMER	2.372e+02	2.372e+02	2.372e+02	7	LCP update
unresolved = 92256, unfinished = 46128
TIMER	2.436e+02	2.436e+02	2.436e+02	5	bucket-chaising iteration
TIMER	7.227e-03	8.077e-03	8.876e-03	6	bulk_query: get recv_counts
TIMER	1.019e-01	1.835e-01	2.427e-01	6	bulk_query: all2all queries
Avg queries: 1.153e+04, max queries on proc 3: 92256
Inbalance factor: 8.000e+00x
TIMER	1.787e-02	5.147e-02	2.594e-01	6	bulk_query: local query
TIMER	8.906e-02	1.062e-01	1.205e-01	6	bulk_query: all2all query results
TIMER	2.382e+02	2.382e+02	2.383e+02	7	resolve_next_lcp: bulk_rmq
TIMER	6.231e-02	9.280e-02	1.220e-01	7	resolve_next_lcp: set LCP
TIMER	2.384e+02	2.384e+02	2.384e+02	7	LCP update
unresolved = 49248, unfinished = 24624
TIMER	2.426e+02	2.426e+02	2.427e+02	5	bucket-chaising iteration
TIMER	6.562e-03	6.928e-03	7.187e-03	6	bulk_query: get recv_counts
TIMER	4.162e-02	4.799e-02	8.101e-02	6	bulk_query: all2all queries
Avg queries: 6.156e+03, max queries on proc 3: 49248
Inbalance factor: 8.000e+00x
TIMER	1.821e-02	3.870e-02	1.612e-01	6	bulk_query: local query
TIMER	2.153e-02	5.743e-02	8.555e-02	6	bulk_query: all2all query results
TIMER	2.365e+02	2.365e+02	2.365e+02	7	resolve_next_lcp: bulk_rmq
TIMER	9.093e-02	1.043e-01	1.207e-01	7	resolve_next_lcp: set LCP
TIMER	2.367e+02	2.367e+02	2.367e+02	7	LCP update
unresolved = 0, unfinished = 0
TIMER	2.389e+02	2.389e+02	2.389e+02	5	bucket-chaising iteration
TIMER	4.152e+03	4.152e+03	4.152e+03	4	construct-msgs
TIMER	2.416e+01	2.461e+01	2.493e+01	4	fix-isa
TIMER	1.173e+04	1.173e+04	1.173e+04	2	desa_construct: SA/LCP construct
TIMER	4.602e+02	4.602e+02	4.602e+02	2	desa_construct: TLI construct
TIMER	1.933e-03	2.253e-03	2.671e-03	3	repartition: 1D-partition
TIMER	2.547e-02	2.589e-02	2.598e-02	2	desa_construct: 1-D partition
TIMER	3.355e+02	3.361e+02	3.364e+02	3	repartition: redistribute
TIMER	3.364e+02	3.364e+02	3.365e+02	2	desa_construct: repartition
TIMER	2.324e+02	2.366e+02	2.417e+02	2	desa_construct: RMQ construct
TIMER	1.363e-02	1.531e-02	1.610e-02	3	bulk_query: get recv_counts
TIMER	1.184e+02	1.211e+02	1.245e+02	3	bulk_query: all2all queries
Avg queries: 2.816e+07, max queries on proc 1: 28160084
Inbalance factor: 1.000e+00x
TIMER	3.268e+02	3.387e+02	3.460e+02	3	bulk_query: local query
TIMER	1.543e+01	1.597e+01	1.645e+01	3	bulk_query: all2all query results
TIMER	1.546e+03	1.553e+03	1.569e+03	2	desa_construct: Lc naive construct
TIMER	1.435e+04	1.435e+04	1.435e+04	1	construct idx
