== Node distribution == 
== p=192 processes on 4 nodes ==
--  Node: 'c506-083.stampede2.tacc.utexas.edu' (48/192)
        Ranks: 0, 1, 2, 3, 4, 5, 6, 7, 8, 9, 10, 11, 12, 13, 14, 15, 16, 17, 18, 19, 20, 21, 22, 23, 24, 25, 26, 27, 28, 29, 30, 31, 32, 33, 34, 35, 36, 37, 38, 39, 40, 41, 42, 43, 44, 45, 46, 47
--  Node: 'c506-084.stampede2.tacc.utexas.edu' (48/192)
        Ranks: 48, 49, 50, 51, 52, 53, 54, 55, 56, 57, 58, 59, 60, 61, 62, 63, 64, 65, 66, 67, 68, 69, 70, 71, 72, 73, 74, 75, 76, 77, 78, 79, 80, 81, 82, 83, 84, 85, 86, 87, 88, 89, 90, 91, 92, 93, 94, 95
--  Node: 'c506-102.stampede2.tacc.utexas.edu' (48/192)
        Ranks: 96, 97, 98, 99, 100, 101, 102, 103, 104, 105, 106, 107, 108, 109, 110, 111, 112, 113, 114, 115, 116, 117, 118, 119, 120, 121, 122, 123, 124, 125, 126, 127, 128, 129, 130, 131, 132, 133, 134, 135, 136, 137, 138, 139, 140, 141, 142, 143
--  Node: 'c506-121.stampede2.tacc.utexas.edu' (48/192)
        Ranks: 144, 145, 146, 147, 148, 149, 150, 151, 152, 153, 154, 155, 156, 157, 158, 159, 160, 161, 162, 163, 164, 165, 166, 167, 168, 169, 170, 171, 172, 173, 174, 175, 176, 177, 178, 179, 180, 181, 182, 183, 184, 185, 186, 187, 188, 189, 190, 191
TIMER	1.242e+01	3.507e+01	6.761e+01	1	read input file
TIMER	1.086e+00	1.089e+00	1.092e+00	2	desa_construct: cpy str
Alphabet: {sigma=4, l=3, A=[A, C, G, T]}
TIMER	1.527e+00	1.529e+00	1.559e+00	3	get alphabet
TIMER	1.023e+01	1.119e+01	1.179e+01	4	kmer-gen
TIMER	1.108e+01	1.280e+01	1.480e+01	5	shift-buckets
TIMER	5.157e+02	5.194e+02	5.220e+02	5	ISA-to-SA
TIMER	2.018e+01	2.098e+01	2.168e+01	5	init-lcp
iteration 21: unfinished buckets = 3772201, unfinished elements = 14712237
TIMER	1.172e+01	1.187e+01	1.212e+01	5	rebucket
TIMER	2.082e+02	2.126e+02	2.159e+02	5	SA-to-ISA
TIMER	7.869e+02	7.869e+02	7.869e+02	5	sac-iteration
Starting Bucket chasing algorithm
unresolved = 14712245, unfinished = 3772201
TIMER	4.293e+00	4.297e+00	4.321e+00	5	get active elements
TIMER	5.964e-02	7.129e-02	9.030e-02	6	bulk_query: get recv_counts
TIMER	5.155e+00	5.395e+00	5.693e+00	6	bulk_query: all2all queries
Avg queries: 7.663e+04, max queries on proc 106: 856331
Inbalance factor: 1.118e+01x
TIMER	3.557e-01	8.192e-01	7.490e+00	6	bulk_query: local query
TIMER	6.377e+00	6.771e+00	7.138e+00	6	bulk_query: all2all query results
TIMER	4.440e+01	4.526e+01	4.727e+01	7	resolve_next_lcp: bulk_rmq
TIMER	4.391e-01	7.657e-01	1.159e+00	7	resolve_next_lcp: set LCP
TIMER	4.857e+01	4.857e+01	4.857e+01	7	LCP update
unresolved = 5543898, unfinished = 1943843
TIMER	1.441e+02	1.441e+02	1.441e+02	5	bucket-chaising iteration
TIMER	5.794e-02	7.112e-02	9.588e-02	6	bulk_query: get recv_counts
TIMER	2.973e+00	3.112e+00	3.363e+00	6	bulk_query: all2all queries
Avg queries: 2.887e+04, max queries on proc 106: 755708
Inbalance factor: 2.617e+01x
TIMER	6.044e-02	2.374e-01	5.742e+00	6	bulk_query: local query
TIMER	2.847e+00	3.083e+00	3.385e+00	6	bulk_query: all2all query results
TIMER	1.984e+01	1.993e+01	2.004e+01	7	resolve_next_lcp: bulk_rmq
TIMER	1.504e-01	2.059e-01	2.585e-01	7	resolve_next_lcp: set LCP
TIMER	2.043e+01	2.043e+01	2.044e+01	7	LCP update
unresolved = 3214279, unfinished = 1330905
TIMER	5.587e+01	5.587e+01	5.589e+01	5	bucket-chaising iteration
TIMER	5.485e-02	6.743e-02	1.053e-01	6	bulk_query: get recv_counts
TIMER	1.971e+00	2.274e+00	2.483e+00	6	bulk_query: all2all queries
Avg queries: 1.674e+04, max queries on proc 106: 629968
Inbalance factor: 3.763e+01x
TIMER	4.182e-02	1.367e-01	4.404e+00	6	bulk_query: local query
TIMER	1.708e+00	1.824e+00	2.028e+00	6	bulk_query: all2all query results
TIMER	1.731e+01	1.734e+01	1.738e+01	7	resolve_next_lcp: bulk_rmq
TIMER	8.908e-02	1.054e-01	1.303e-01	7	resolve_next_lcp: set LCP
TIMER	1.763e+01	1.763e+01	1.763e+01	7	LCP update
unresolved = 2059860, unfinished = 924799
TIMER	4.214e+01	4.215e+01	4.217e+01	5	bucket-chaising iteration
TIMER	5.055e-02	6.746e-02	8.511e-02	6	bulk_query: get recv_counts
TIMER	7.802e-01	1.429e+00	1.727e+00	6	bulk_query: all2all queries
Avg queries: 1.073e+04, max queries on proc 106: 489306
Inbalance factor: 4.561e+01x
TIMER	4.241e-02	1.024e-01	2.964e+00	6	bulk_query: local query
TIMER	9.246e-01	1.029e+00	1.180e+00	6	bulk_query: all2all query results
TIMER	1.622e+01	1.624e+01	1.626e+01	7	resolve_next_lcp: bulk_rmq
TIMER	4.760e-02	6.072e-02	7.724e-02	7	resolve_next_lcp: set LCP
TIMER	1.646e+01	1.646e+01	1.646e+01	7	LCP update
unresolved = 1420247, unfinished = 659187
TIMER	3.370e+01	3.370e+01	3.372e+01	5	bucket-chaising iteration
TIMER	5.359e-02	6.636e-02	8.160e-02	6	bulk_query: get recv_counts
TIMER	5.680e-01	9.010e-01	1.307e+00	6	bulk_query: all2all queries
Avg queries: 7.397e+03, max queries on proc 106: 361472
Inbalance factor: 4.887e+01x
TIMER	4.426e-02	7.963e-02	2.015e+00	6	bulk_query: local query
TIMER	5.974e-01	6.931e-01	8.526e-01	6	bulk_query: all2all query results
TIMER	1.591e+01	1.593e+01	1.595e+01	7	resolve_next_lcp: bulk_rmq
TIMER	2.869e-02	4.051e-02	5.298e-02	7	resolve_next_lcp: set LCP
TIMER	1.613e+01	1.614e+01	1.614e+01	7	LCP update
unresolved = 983947, unfinished = 476015
TIMER	2.870e+01	2.871e+01	2.872e+01	5	bucket-chaising iteration
TIMER	5.016e-02	6.818e-02	1.032e-01	6	bulk_query: get recv_counts
TIMER	4.061e-01	5.887e-01	8.739e-01	6	bulk_query: all2all queries
Avg queries: 5.125e+03, max queries on proc 106: 249991
Inbalance factor: 4.878e+01x
TIMER	3.760e-02	5.849e-02	1.102e+00	6	bulk_query: local query
TIMER	3.125e-01	4.139e-01	5.312e-01	6	bulk_query: all2all query results
TIMER	1.591e+01	1.593e+01	1.596e+01	7	resolve_next_lcp: bulk_rmq
TIMER	2.484e-02	3.338e-02	4.057e-02	7	resolve_next_lcp: set LCP
TIMER	1.611e+01	1.612e+01	1.612e+01	7	LCP update
unresolved = 630245, unfinished = 309523
TIMER	2.471e+01	2.472e+01	2.473e+01	5	bucket-chaising iteration
TIMER	5.643e-02	7.972e-02	1.022e-01	6	bulk_query: get recv_counts
TIMER	2.927e-01	3.984e-01	5.808e-01	6	bulk_query: all2all queries
Avg queries: 3.283e+03, max queries on proc 106: 149584
Inbalance factor: 4.557e+01x
TIMER	3.625e-02	4.985e-02	6.136e-01	6	bulk_query: local query
TIMER	1.948e-01	2.536e-01	3.133e-01	6	bulk_query: all2all query results
TIMER	1.565e+01	1.566e+01	1.567e+01	7	resolve_next_lcp: bulk_rmq
TIMER	2.252e-02	3.051e-02	4.064e-02	7	resolve_next_lcp: set LCP
TIMER	1.583e+01	1.583e+01	1.583e+01	7	LCP update
unresolved = 346601, unfinished = 170433
TIMER	2.121e+01	2.121e+01	2.123e+01	5	bucket-chaising iteration
TIMER	5.119e-02	6.409e-02	9.162e-02	6	bulk_query: get recv_counts
TIMER	2.103e-01	3.033e-01	5.125e-01	6	bulk_query: all2all queries
Avg queries: 1.805e+03, max queries on proc 87: 135806
Inbalance factor: 7.523e+01x
TIMER	3.526e-02	4.340e-02	4.192e-01	6	bulk_query: local query
TIMER	1.411e-01	2.040e-01	2.642e-01	6	bulk_query: all2all query results
TIMER	1.540e+01	1.541e+01	1.542e+01	7	resolve_next_lcp: bulk_rmq
TIMER	1.641e-02	2.028e-02	2.528e-02	7	resolve_next_lcp: set LCP
TIMER	1.556e+01	1.557e+01	1.557e+01	7	LCP update
unresolved = 162762, unfinished = 81381
TIMER	1.961e+01	1.962e+01	1.963e+01	5	bucket-chaising iteration
TIMER	3.884e-02	4.980e-02	6.019e-02	6	bulk_query: get recv_counts
TIMER	1.649e-01	2.620e-01	4.828e-01	6	bulk_query: all2all queries
Avg queries: 8.477e+02, max queries on proc 87: 114302
Inbalance factor: 1.348e+02x
TIMER	3.528e-02	4.021e-02	3.420e-01	6	bulk_query: local query
TIMER	1.210e-01	1.737e-01	2.446e-01	6	bulk_query: all2all query results
TIMER	1.525e+01	1.525e+01	1.526e+01	7	resolve_next_lcp: bulk_rmq
TIMER	4.184e-03	8.290e-03	1.227e-02	7	resolve_next_lcp: set LCP
TIMER	1.539e+01	1.539e+01	1.539e+01	7	LCP update
unresolved = 92256, unfinished = 46128
TIMER	1.878e+01	1.879e+01	1.880e+01	5	bucket-chaising iteration
TIMER	4.596e-02	5.743e-02	7.275e-02	6	bulk_query: get recv_counts
TIMER	9.656e-02	1.879e-01	4.002e-01	6	bulk_query: all2all queries
Avg queries: 4.805e+02, max queries on proc 87: 92256
Inbalance factor: 1.920e+02x
TIMER	3.516e-02	3.847e-02	2.965e-01	6	bulk_query: local query
TIMER	2.138e-02	1.164e-01	2.021e-01	6	bulk_query: all2all query results
TIMER	1.513e+01	1.514e+01	1.515e+01	7	resolve_next_lcp: bulk_rmq
TIMER	2.535e-03	5.824e-03	1.144e-02	7	resolve_next_lcp: set LCP
TIMER	1.528e+01	1.528e+01	1.528e+01	7	LCP update
unresolved = 49248, unfinished = 24624
TIMER	1.815e+01	1.815e+01	1.816e+01	5	bucket-chaising iteration
TIMER	4.033e-02	6.647e-02	8.705e-02	6	bulk_query: get recv_counts
TIMER	4.950e-02	1.219e-01	2.783e-01	6	bulk_query: all2all queries
Avg queries: 2.565e+02, max queries on proc 87: 49248
Inbalance factor: 1.920e+02x
TIMER	3.444e-02	3.764e-02	2.192e-01	6	bulk_query: local query
TIMER	1.431e-02	9.664e-02	1.615e-01	6	bulk_query: all2all query results
TIMER	1.515e+01	1.516e+01	1.517e+01	7	resolve_next_lcp: bulk_rmq
TIMER	2.699e-03	6.698e-03	1.035e-02	7	resolve_next_lcp: set LCP
TIMER	1.530e+01	1.530e+01	1.530e+01	7	LCP update
unresolved = 0, unfinished = 0
TIMER	1.730e+01	1.731e+01	1.732e+01	5	bucket-chaising iteration
TIMER	4.297e+02	4.297e+02	4.297e+02	4	construct-msgs
TIMER	4.197e+00	4.420e+00	4.825e+00	4	fix-isa
TIMER	1.236e+03	1.236e+03	1.236e+03	2	desa_construct: SA/LCP construct
TIMER	2.729e+01	2.740e+01	2.754e+01	2	desa_construct: TLI construct
TIMER	3.132e-02	3.690e-02	6.179e-02	3	repartition: 1D-partition
TIMER	3.830e-01	3.845e-01	3.878e-01	2	desa_construct: 1-D partition
TIMER	3.243e+01	3.245e+01	3.249e+01	3	repartition: redistribute
TIMER	3.259e+01	3.260e+01	3.307e+01	2	desa_construct: repartition
TIMER	1.373e+01	1.425e+01	1.473e+01	2	desa_construct: RMQ construct
TIMER	5.949e-02	7.055e-02	9.729e-02	3	bulk_query: get recv_counts
TIMER	3.569e+01	3.707e+01	3.789e+01	3	bulk_query: all2all queries
Avg queries: 1.173e+06, max queries on proc 11: 1174576
Inbalance factor: 1.001e+00x
TIMER	4.702e+00	6.192e+00	8.293e+00	3	bulk_query: local query
TIMER	5.703e+00	5.894e+00	5.965e+00	3	bulk_query: all2all query results
TIMER	1.110e+02	1.116e+02	1.141e+02	2	desa_construct: Lc naive construct
TIMER	1.427e+03	1.427e+03	1.427e+03	1	construct idx
