== Node distribution == 
== p=4 processes on 1 nodes ==
--  Node: 'c506-044.stampede2.tacc.utexas.edu' (4/4)
        Ranks: 0, 1, 2, 3
TIMER	1.806e+02	1.844e+02	1.888e+02	1	read input file
TIMER	2.106e+01	2.106e+01	2.106e+01	2	desa_construct: cpy str
Alphabet: {sigma=4, l=3, A=[A, C, G, T]}
TIMER	3.685e+01	3.686e+01	3.687e+01	3	get alphabet
TIMER	2.318e+02	2.351e+02	2.384e+02	4	kmer-gen
TIMER	1.893e+02	1.908e+02	1.921e+02	5	shift-buckets
TIMER	9.300e+03	9.309e+03	9.318e+03	5	ISA-to-SA
TIMER	6.250e+02	6.565e+02	6.767e+02	5	init-lcp
iteration 21: unfinished buckets = 3772201, unfinished elements = 14712244
TIMER	2.359e+02	2.372e+02	2.387e+02	5	rebucket
TIMER	3.221e+03	3.227e+03	3.234e+03	5	SA-to-ISA
TIMER	1.366e+04	1.366e+04	1.366e+04	5	sac-iteration
Starting Bucket chasing algorithm
unresolved = 14712245, unfinished = 3772201
TIMER	1.248e+02	1.248e+02	1.248e+02	5	get active elements
TIMER	9.121e-03	9.383e-03	9.615e-03	6	bulk_query: get recv_counts
TIMER	1.827e+01	1.925e+01	2.023e+01	6	bulk_query: all2all queries
Avg queries: 3.678e+06, max queries on proc 2: 5440348
Inbalance factor: 1.479e+00x
TIMER	2.832e+01	4.166e+01	6.371e+01	6	bulk_query: local query
TIMER	1.524e+01	1.535e+01	1.545e+01	6	bulk_query: all2all query results
TIMER	8.660e+02	8.694e+02	8.733e+02	7	resolve_next_lcp: bulk_rmq
TIMER	1.699e+01	1.837e+01	1.948e+01	7	resolve_next_lcp: set LCP
TIMER	8.929e+02	8.929e+02	8.929e+02	7	LCP update
unresolved = 5543898, unfinished = 1943843
TIMER	1.759e+03	1.759e+03	1.759e+03	5	bucket-chaising iteration
TIMER	8.679e-03	8.904e-03	9.112e-03	6	bulk_query: get recv_counts
TIMER	7.843e+00	9.328e+00	1.021e+01	6	bulk_query: all2all queries
Avg queries: 1.386e+06, max queries on proc 2: 2855804
Inbalance factor: 2.061e+00x
TIMER	6.967e+00	1.241e+01	2.604e+01	6	bulk_query: local query
TIMER	6.388e+00	6.507e+00	6.639e+00	6	bulk_query: all2all query results
TIMER	5.446e+02	5.449e+02	5.455e+02	7	resolve_next_lcp: bulk_rmq
TIMER	7.882e+00	8.047e+00	8.216e+00	7	resolve_next_lcp: set LCP
TIMER	5.538e+02	5.538e+02	5.538e+02	7	LCP update
unresolved = 3214279, unfinished = 1330905
TIMER	9.201e+02	9.207e+02	9.226e+02	5	bucket-chaising iteration
TIMER	1.046e-02	1.076e-02	1.086e-02	6	bulk_query: get recv_counts
TIMER	2.887e+00	4.110e+00	4.852e+00	6	bulk_query: all2all queries
Avg queries: 8.036e+05, max queries on proc 2: 1873133
Inbalance factor: 2.331e+00x
TIMER	2.036e+00	5.601e+00	1.299e+01	6	bulk_query: local query
TIMER	3.652e+00	3.800e+00	3.858e+00	6	bulk_query: all2all query results
TIMER	4.998e+02	5.003e+02	5.008e+02	7	resolve_next_lcp: bulk_rmq
TIMER	4.614e+00	4.651e+00	4.710e+00	7	resolve_next_lcp: set LCP
TIMER	5.056e+02	5.056e+02	5.056e+02	7	LCP update
unresolved = 2059860, unfinished = 924799
TIMER	7.230e+02	7.236e+02	7.251e+02	5	bucket-chaising iteration
TIMER	6.577e-03	7.561e-03	8.342e-03	6	bulk_query: get recv_counts
TIMER	3.518e+00	4.060e+00	4.405e+00	6	bulk_query: all2all queries
Avg queries: 5.150e+05, max queries on proc 2: 1256460
Inbalance factor: 2.440e+00x
TIMER	6.547e-01	3.360e+00	9.498e+00	6	bulk_query: local query
TIMER	1.866e+00	1.889e+00	1.909e+00	6	bulk_query: all2all query results
TIMER	4.772e+02	4.786e+02	4.796e+02	7	resolve_next_lcp: bulk_rmq
TIMER	2.661e+00	2.712e+00	2.767e+00	7	resolve_next_lcp: set LCP
TIMER	4.825e+02	4.825e+02	4.825e+02	7	LCP update
unresolved = 1420247, unfinished = 659187
TIMER	6.299e+02	6.299e+02	6.299e+02	5	bucket-chaising iteration
TIMER	6.332e-03	6.975e-03	7.824e-03	6	bulk_query: get recv_counts
TIMER	1.236e+00	1.748e+00	2.063e+00	6	bulk_query: all2all queries
Avg queries: 3.551e+05, max queries on proc 2: 853494
Inbalance factor: 2.404e+00x
TIMER	2.685e-01	1.719e+00	4.487e+00	6	bulk_query: local query
TIMER	1.578e+00	1.598e+00	1.619e+00	6	bulk_query: all2all query results
TIMER	4.792e+02	4.797e+02	4.804e+02	7	resolve_next_lcp: bulk_rmq
TIMER	1.719e+00	1.769e+00	1.814e+00	7	resolve_next_lcp: set LCP
TIMER	4.823e+02	4.823e+02	4.823e+02	7	LCP update
unresolved = 983947, unfinished = 476015
TIMER	5.846e+02	5.846e+02	5.847e+02	5	bucket-chaising iteration
TIMER	6.534e-03	7.079e-03	8.018e-03	6	bulk_query: get recv_counts
TIMER	8.621e-01	1.251e+00	1.492e+00	6	bulk_query: all2all queries
Avg queries: 2.460e+05, max queries on proc 2: 554804
Inbalance factor: 2.255e+00x
TIMER	1.417e-01	1.161e+00	2.760e+00	6	bulk_query: local query
TIMER	7.120e-01	7.447e-01	7.601e-01	6	bulk_query: all2all query results
TIMER	4.813e+02	4.821e+02	4.827e+02	7	resolve_next_lcp: bulk_rmq
TIMER	1.372e+00	1.435e+00	1.477e+00	7	resolve_next_lcp: set LCP
TIMER	4.843e+02	4.843e+02	4.843e+02	7	LCP update
unresolved = 630245, unfinished = 309523
TIMER	5.558e+02	5.558e+02	5.559e+02	5	bucket-chaising iteration
TIMER	5.247e-03	5.736e-03	6.316e-03	6	bulk_query: get recv_counts
TIMER	4.691e-01	6.578e-01	7.777e-01	6	bulk_query: all2all queries
Avg queries: 1.576e+05, max queries on proc 2: 314249
Inbalance factor: 1.994e+00x
TIMER	5.097e-02	6.249e-01	1.454e+00	6	bulk_query: local query
TIMER	4.189e-01	4.610e-01	4.943e-01	6	bulk_query: all2all query results
TIMER	4.835e+02	4.839e+02	4.845e+02	7	resolve_next_lcp: bulk_rmq
TIMER	1.236e+00	1.258e+00	1.276e+00	7	resolve_next_lcp: set LCP
TIMER	4.859e+02	4.859e+02	4.859e+02	7	LCP update
unresolved = 346601, unfinished = 170433
TIMER	5.345e+02	5.345e+02	5.345e+02	5	bucket-chaising iteration
TIMER	5.442e-03	5.652e-03	6.060e-03	6	bulk_query: get recv_counts
TIMER	2.826e-01	3.200e-01	3.406e-01	6	bulk_query: all2all queries
Avg queries: 8.665e+04, max queries on proc 2: 145741
Inbalance factor: 1.682e+00x
TIMER	3.511e-02	3.283e-01	5.760e-01	6	bulk_query: local query
TIMER	2.127e-01	2.300e-01	2.477e-01	6	bulk_query: all2all query results
TIMER	4.795e+02	4.801e+02	4.806e+02	7	resolve_next_lcp: bulk_rmq
TIMER	8.102e-01	8.179e-01	8.364e-01	7	resolve_next_lcp: set LCP
TIMER	4.815e+02	4.815e+02	4.815e+02	7	LCP update
unresolved = 162762, unfinished = 81381
TIMER	5.067e+02	5.067e+02	5.067e+02	5	bucket-chaising iteration
TIMER	5.915e-03	6.402e-03	6.912e-03	6	bulk_query: get recv_counts
TIMER	1.375e-01	1.971e-01	2.290e-01	6	bulk_query: all2all queries
Avg queries: 4.069e+04, max queries on proc 1: 114302
Inbalance factor: 2.809e+00x
TIMER	2.362e-02	1.936e-01	5.462e-01	6	bulk_query: local query
TIMER	1.144e-01	1.173e-01	1.205e-01	6	bulk_query: all2all query results
TIMER	4.778e+02	4.784e+02	4.790e+02	7	resolve_next_lcp: bulk_rmq
TIMER	3.009e-01	3.116e-01	3.386e-01	7	resolve_next_lcp: set LCP
TIMER	4.794e+02	4.794e+02	4.794e+02	7	LCP update
unresolved = 92256, unfinished = 46128
TIMER	4.902e+02	4.903e+02	4.903e+02	5	bucket-chaising iteration
TIMER	4.444e-03	4.603e-03	4.869e-03	6	bulk_query: get recv_counts
TIMER	1.442e-01	1.906e-01	2.162e-01	6	bulk_query: all2all queries
Avg queries: 2.306e+04, max queries on proc 1: 92256
Inbalance factor: 4.000e+00x
TIMER	2.087e-02	1.038e-01	3.349e-01	6	bulk_query: local query
TIMER	1.244e-01	1.379e-01	1.471e-01	6	bulk_query: all2all query results
TIMER	4.772e+02	4.778e+02	4.784e+02	7	resolve_next_lcp: bulk_rmq
TIMER	1.769e-01	2.014e-01	2.301e-01	7	resolve_next_lcp: set LCP
TIMER	4.787e+02	4.787e+02	4.787e+02	7	LCP update
unresolved = 49248, unfinished = 24624
TIMER	4.855e+02	4.855e+02	4.855e+02	5	bucket-chaising iteration
TIMER	4.431e-03	4.469e-03	4.522e-03	6	bulk_query: get recv_counts
TIMER	6.665e-02	9.474e-02	1.071e-01	6	bulk_query: all2all queries
Avg queries: 1.231e+04, max queries on proc 1: 49248
Inbalance factor: 4.000e+00x
TIMER	2.170e-02	6.986e-02	1.943e-01	6	bulk_query: local query
TIMER	6.309e-02	7.911e-02	8.890e-02	6	bulk_query: all2all query results
TIMER	4.780e+02	4.785e+02	4.790e+02	7	resolve_next_lcp: bulk_rmq
TIMER	1.936e-01	2.594e-01	3.263e-01	7	resolve_next_lcp: set LCP
TIMER	4.794e+02	4.794e+02	4.794e+02	7	LCP update
unresolved = 0, unfinished = 0
TIMER	4.832e+02	4.832e+02	4.832e+02	5	bucket-chaising iteration
TIMER	7.806e+03	7.806e+03	7.806e+03	4	construct-msgs
TIMER	3.940e+01	3.969e+01	4.000e+01	4	fix-isa
TIMER	2.178e+04	2.178e+04	2.178e+04	2	desa_construct: SA/LCP construct
TIMER	8.945e+02	8.945e+02	8.945e+02	2	desa_construct: TLI construct
TIMER	1.336e-03	9.678e-03	1.812e-02	3	repartition: 1D-partition
TIMER	3.975e-02	4.000e-02	4.018e-02	2	desa_construct: 1-D partition
TIMER	6.541e+02	6.541e+02	6.542e+02	3	repartition: redistribute
TIMER	6.542e+02	6.542e+02	6.543e+02	2	desa_construct: repartition
TIMER	4.502e+02	4.651e+02	4.758e+02	2	desa_construct: RMQ construct
TIMER	9.346e-03	9.678e-03	9.952e-03	3	bulk_query: get recv_counts
TIMER	2.236e+02	2.268e+02	2.283e+02	3	bulk_query: all2all queries
Avg queries: 5.632e+07, max queries on proc 2: 56320154
Inbalance factor: 1.000e+00x
TIMER	6.737e+02	6.774e+02	6.800e+02	3	bulk_query: local query
TIMER	2.761e+01	2.945e+01	3.025e+01	3	bulk_query: all2all query results
TIMER	2.814e+03	2.840e+03	2.867e+03	2	desa_construct: Lc naive construct
TIMER	2.670e+04	2.670e+04	2.670e+04	1	construct idx
