== Node distribution == 
== p=48 processes on 1 nodes ==
--  Node: 'c506-083.stampede2.tacc.utexas.edu' (48/48)
        Ranks: 0, 1, 2, 3, 4, 5, 6, 7, 8, 9, 10, 11, 12, 13, 14, 15, 16, 17, 18, 19, 20, 21, 22, 23, 24, 25, 26, 27, 28, 29, 30, 31, 32, 33, 34, 35, 36, 37, 38, 39, 40, 41, 42, 43, 44, 45, 46, 47
TIMER	2.730e+01	4.123e+01	4.383e+01	1	read input file
TIMER	4.350e+00	4.351e+00	4.353e+00	2	desa_construct: cpy str
Alphabet: {sigma=4, l=3, A=[A, C, G, T]}
TIMER	4.442e+00	4.443e+00	4.471e+00	3	get alphabet
TIMER	4.641e+01	4.782e+01	4.869e+01	4	kmer-gen
TIMER	5.242e+01	5.432e+01	5.487e+01	5	shift-buckets
TIMER	1.695e+03	1.701e+03	1.710e+03	5	ISA-to-SA
TIMER	8.821e+01	9.007e+01	9.153e+01	5	init-lcp
iteration 21: unfinished buckets = 3772201, unfinished elements = 14712244
TIMER	4.557e+01	4.620e+01	4.661e+01	5	rebucket
TIMER	5.943e+02	5.972e+02	5.998e+02	5	SA-to-ISA
TIMER	2.503e+03	2.503e+03	2.503e+03	5	sac-iteration
Starting Bucket chasing algorithm
unresolved = 14712245, unfinished = 3772201
TIMER	1.626e+01	1.626e+01	1.628e+01	5	get active elements
TIMER	2.595e-02	2.718e-02	2.919e-02	6	bulk_query: get recv_counts
TIMER	1.921e+01	2.033e+01	2.152e+01	6	bulk_query: all2all queries
Avg queries: 3.065e+05, max queries on proc 26: 1855201
Inbalance factor: 6.053e+00x
TIMER	2.329e+00	4.921e+00	1.940e+01	6	bulk_query: local query
TIMER	6.639e+00	6.824e+00	7.222e+00	6	bulk_query: all2all query results
TIMER	1.217e+02	1.237e+02	1.262e+02	7	resolve_next_lcp: bulk_rmq
TIMER	2.840e+00	3.731e+00	4.273e+00	7	resolve_next_lcp: set LCP
TIMER	1.305e+02	1.305e+02	1.305e+02	7	LCP update
unresolved = 5543898, unfinished = 1943843
TIMER	3.185e+02	3.185e+02	3.186e+02	5	bucket-chaising iteration
TIMER	2.448e-02	2.558e-02	2.726e-02	6	bulk_query: get recv_counts
TIMER	2.901e+00	3.985e+00	5.033e+00	6	bulk_query: all2all queries
Avg queries: 1.155e+05, max queries on proc 26: 1461566
Inbalance factor: 1.265e+01x
TIMER	2.512e-01	9.697e-01	1.189e+01	6	bulk_query: local query
TIMER	1.416e+00	1.616e+00	1.959e+00	6	bulk_query: all2all query results
TIMER	7.222e+01	7.240e+01	7.254e+01	7	resolve_next_lcp: bulk_rmq
TIMER	1.122e+00	1.311e+00	1.408e+00	7	resolve_next_lcp: set LCP
TIMER	7.405e+01	7.405e+01	7.405e+01	7	LCP update
unresolved = 3214279, unfinished = 1330905
TIMER	1.555e+02	1.563e+02	1.588e+02	5	bucket-chaising iteration
TIMER	3.150e-02	3.326e-02	3.595e-02	6	bulk_query: get recv_counts
TIMER	2.169e+00	2.998e+00	3.852e+00	6	bulk_query: all2all queries
Avg queries: 6.696e+04, max queries on proc 26: 1142255
Inbalance factor: 1.706e+01x
TIMER	6.063e-02	4.878e-01	8.209e+00	6	bulk_query: local query
TIMER	9.800e-01	1.259e+00	1.408e+00	6	bulk_query: all2all query results
TIMER	6.540e+01	6.546e+01	6.551e+01	7	resolve_next_lcp: bulk_rmq
TIMER	5.348e-01	6.013e-01	6.512e-01	7	resolve_next_lcp: set LCP
TIMER	6.626e+01	6.626e+01	6.626e+01	7	LCP update
unresolved = 2059860, unfinished = 924799
TIMER	1.193e+02	1.195e+02	1.211e+02	5	bucket-chaising iteration
TIMER	2.124e-02	2.247e-02	2.366e-02	6	bulk_query: get recv_counts
TIMER	1.549e+00	2.208e+00	2.907e+00	6	bulk_query: all2all queries
Avg queries: 4.291e+04, max queries on proc 26: 861890
Inbalance factor: 2.008e+01x
TIMER	3.105e-02	2.741e-01	5.564e+00	6	bulk_query: local query
TIMER	7.868e-01	1.057e+00	1.400e+00	6	bulk_query: all2all query results
TIMER	6.347e+01	6.351e+01	6.353e+01	7	resolve_next_lcp: bulk_rmq
TIMER	2.593e-01	3.052e-01	3.423e-01	7	resolve_next_lcp: set LCP
TIMER	6.396e+01	6.397e+01	6.397e+01	7	LCP update
unresolved = 1420247, unfinished = 659187
TIMER	9.949e+01	9.951e+01	1.006e+02	5	bucket-chaising iteration
TIMER	2.114e-02	2.227e-02	2.301e-02	6	bulk_query: get recv_counts
TIMER	6.391e-01	1.456e+00	2.060e+00	6	bulk_query: all2all queries
Avg queries: 2.959e+04, max queries on proc 26: 641955
Inbalance factor: 2.170e+01x
TIMER	2.955e-02	1.692e-01	3.366e+00	6	bulk_query: local query
TIMER	3.828e-01	5.429e-01	6.976e-01	6	bulk_query: all2all query results
TIMER	6.244e+01	6.247e+01	6.249e+01	7	resolve_next_lcp: bulk_rmq
TIMER	1.461e-01	1.805e-01	2.101e-01	7	resolve_next_lcp: set LCP
TIMER	6.279e+01	6.279e+01	6.279e+01	7	LCP update
unresolved = 983947, unfinished = 476015
TIMER	8.697e+01	8.697e+01	8.699e+01	5	bucket-chaising iteration
TIMER	1.988e-02	2.099e-02	2.203e-02	6	bulk_query: get recv_counts
TIMER	4.025e-01	9.227e-01	1.403e+00	6	bulk_query: all2all queries
Avg queries: 2.050e+04, max queries on proc 26: 450465
Inbalance factor: 2.198e+01x
TIMER	2.694e-02	1.125e-01	2.087e+00	6	bulk_query: local query
TIMER	2.233e-01	3.759e-01	4.485e-01	6	bulk_query: all2all query results
TIMER	6.151e+01	6.153e+01	6.154e+01	7	resolve_next_lcp: bulk_rmq
TIMER	1.143e-01	1.411e-01	1.607e-01	7	resolve_next_lcp: set LCP
TIMER	6.179e+01	6.179e+01	6.179e+01	7	LCP update
unresolved = 630245, unfinished = 309523
TIMER	7.829e+01	7.829e+01	7.831e+01	5	bucket-chaising iteration
TIMER	1.767e-02	1.916e-02	2.071e-02	6	bulk_query: get recv_counts
TIMER	1.792e-01	2.241e-01	5.581e-01	6	bulk_query: all2all queries
Avg queries: 1.313e+04, max queries on proc 26: 272698
Inbalance factor: 2.077e+01x
TIMER	2.556e-02	7.421e-02	1.067e+00	6	bulk_query: local query
TIMER	1.525e-01	3.564e-01	5.034e-01	6	bulk_query: all2all query results
TIMER	6.158e+01	6.160e+01	6.161e+01	7	resolve_next_lcp: bulk_rmq
TIMER	1.057e-01	1.243e-01	1.392e-01	7	resolve_next_lcp: set LCP
TIMER	6.183e+01	6.183e+01	6.183e+01	7	LCP update
unresolved = 346601, unfinished = 170433
TIMER	7.156e+01	7.156e+01	7.158e+01	5	bucket-chaising iteration
TIMER	1.706e-02	1.800e-02	1.910e-02	6	bulk_query: get recv_counts
TIMER	1.378e-01	1.689e-01	3.577e-01	6	bulk_query: all2all queries
Avg queries: 7.221e+03, max queries on proc 21: 135806
Inbalance factor: 1.881e+01x
TIMER	2.674e-02	5.253e-02	5.055e-01	6	bulk_query: local query
TIMER	7.960e-02	1.783e-01	2.401e-01	6	bulk_query: all2all query results
TIMER	6.122e+01	6.123e+01	6.123e+01	7	resolve_next_lcp: bulk_rmq
TIMER	6.390e-02	7.636e-02	8.484e-02	7	resolve_next_lcp: set LCP
TIMER	6.140e+01	6.140e+01	6.140e+01	7	LCP update
unresolved = 162762, unfinished = 81381
TIMER	6.616e+01	6.616e+01	6.617e+01	5	bucket-chaising iteration
TIMER	1.585e-02	1.690e-02	1.815e-02	6	bulk_query: get recv_counts
TIMER	1.066e-01	1.185e-01	2.777e-01	6	bulk_query: all2all queries
Avg queries: 3.391e+03, max queries on proc 21: 114302
Inbalance factor: 3.371e+01x
TIMER	2.717e-02	4.095e-02	4.243e-01	6	bulk_query: local query
TIMER	3.477e-02	1.240e-01	1.933e-01	6	bulk_query: all2all query results
TIMER	6.087e+01	6.087e+01	6.087e+01	7	resolve_next_lcp: bulk_rmq
TIMER	1.892e-02	2.972e-02	3.714e-02	7	resolve_next_lcp: set LCP
TIMER	6.099e+01	6.099e+01	6.099e+01	7	LCP update
unresolved = 92256, unfinished = 46128
TIMER	6.422e+01	6.422e+01	6.423e+01	5	bucket-chaising iteration
TIMER	1.425e-02	1.530e-02	1.621e-02	6	bulk_query: get recv_counts
TIMER	4.812e-02	5.614e-02	1.676e-01	6	bulk_query: all2all queries
Avg queries: 1.922e+03, max queries on proc 21: 92256
Inbalance factor: 4.800e+01x
TIMER	2.596e-02	3.289e-02	2.799e-01	6	bulk_query: local query
TIMER	1.589e-02	8.927e-02	1.561e-01	6	bulk_query: all2all query results
TIMER	6.085e+01	6.086e+01	6.086e+01	7	resolve_next_lcp: bulk_rmq
TIMER	7.755e-03	1.921e-02	3.243e-02	7	resolve_next_lcp: set LCP
TIMER	6.097e+01	6.098e+01	6.098e+01	7	LCP update
unresolved = 49248, unfinished = 24624
TIMER	6.330e+01	6.330e+01	6.331e+01	5	bucket-chaising iteration
TIMER	1.624e-02	1.892e-02	2.507e-02	6	bulk_query: get recv_counts
TIMER	5.227e-02	5.618e-02	1.304e-01	6	bulk_query: all2all queries
Avg queries: 1.026e+03, max queries on proc 21: 49248
Inbalance factor: 4.800e+01x
TIMER	2.840e-02	3.344e-02	1.981e-01	6	bulk_query: local query
TIMER	1.197e-02	5.300e-02	9.272e-02	6	bulk_query: all2all query results
TIMER	6.061e+01	6.062e+01	6.062e+01	7	resolve_next_lcp: bulk_rmq
TIMER	1.262e-02	2.173e-02	2.938e-02	7	resolve_next_lcp: set LCP
TIMER	6.073e+01	6.074e+01	6.074e+01	7	LCP update
unresolved = 0, unfinished = 0
TIMER	6.217e+01	6.217e+01	6.218e+01	5	bucket-chaising iteration
TIMER	1.212e+03	1.212e+03	1.212e+03	4	construct-msgs
TIMER	1.793e+01	1.901e+01	1.944e+01	4	fix-isa
TIMER	3.789e+03	3.790e+03	3.790e+03	2	desa_construct: SA/LCP construct
TIMER	9.610e+01	9.610e+01	9.611e+01	2	desa_construct: TLI construct
TIMER	8.855e-03	9.838e-03	1.420e-02	3	repartition: 1D-partition
TIMER	1.061e-01	1.072e-01	1.093e-01	2	desa_construct: 1-D partition
TIMER	1.558e+02	1.559e+02	1.563e+02	3	repartition: redistribute
TIMER	1.563e+02	1.563e+02	1.565e+02	2	desa_construct: repartition
TIMER	5.874e+01	5.960e+01	6.042e+01	2	desa_construct: RMQ construct
TIMER	2.449e-02	2.540e-02	2.658e-02	3	bulk_query: get recv_counts
TIMER	5.625e+01	5.738e+01	5.832e+01	3	bulk_query: all2all queries
Avg queries: 4.693e+06, max queries on proc 16: 4693589
Inbalance factor: 1.000e+00x
TIMER	5.666e+01	6.240e+01	6.456e+01	3	bulk_query: local query
TIMER	6.692e+00	6.783e+00	6.966e+00	3	bulk_query: all2all query results
TIMER	3.598e+02	3.654e+02	3.706e+02	2	desa_construct: Lc naive construct
TIMER	4.478e+03	4.478e+03	4.478e+03	1	construct idx
