== Node distribution == 
== p=12 processes on 1 nodes ==
--  Node: 'c506-044.stampede2.tacc.utexas.edu' (12/12)
        Ranks: 0, 1, 2, 3, 4, 5, 6, 7, 8, 9, 10, 11
TIMER	7.413e+01	7.507e+01	7.620e+01	1	read input file
TIMER	7.870e+00	7.870e+00	7.871e+00	2	desa_construct: cpy str
Alphabet: {sigma=4, l=3, A=[A, C, G, T]}
TIMER	1.301e+01	1.301e+01	1.303e+01	3	get alphabet
TIMER	8.283e+01	8.362e+01	8.442e+01	4	kmer-gen
TIMER	7.328e+01	7.391e+01	7.474e+01	5	shift-buckets
TIMER	3.583e+03	3.593e+03	3.610e+03	5	ISA-to-SA
TIMER	2.258e+02	2.342e+02	2.360e+02	5	init-lcp
iteration 21: unfinished buckets = 3772201, unfinished elements = 14712242
TIMER	8.245e+01	8.322e+01	8.396e+01	5	rebucket
TIMER	1.118e+03	1.121e+03	1.122e+03	5	SA-to-ISA
TIMER	5.127e+03	5.127e+03	5.127e+03	5	sac-iteration
Starting Bucket chasing algorithm
unresolved = 14712245, unfinished = 3772201
TIMER	4.789e+01	4.789e+01	4.791e+01	5	get active elements
TIMER	1.812e-02	1.960e-02	2.325e-02	6	bulk_query: get recv_counts
TIMER	9.790e+00	1.168e+01	1.397e+01	6	bulk_query: all2all queries
Avg queries: 1.226e+06, max queries on proc 6: 3581587
Inbalance factor: 2.921e+00x
TIMER	8.405e+00	1.361e+01	3.657e+01	6	bulk_query: local query
TIMER	5.789e+00	6.176e+00	6.468e+00	6	bulk_query: all2all query results
TIMER	3.193e+02	3.230e+02	3.265e+02	7	resolve_next_lcp: bulk_rmq
TIMER	5.352e+00	6.595e+00	7.689e+00	7	resolve_next_lcp: set LCP
TIMER	3.342e+02	3.342e+02	3.342e+02	7	LCP update
unresolved = 5543898, unfinished = 1943843
TIMER	7.068e+02	7.072e+02	7.072e+02	5	bucket-chaising iteration
TIMER	1.304e-02	1.399e-02	1.482e-02	6	bulk_query: get recv_counts
TIMER	2.991e+00	4.737e+00	6.651e+00	6	bulk_query: all2all queries
Avg queries: 4.620e+05, max queries on proc 6: 2362138
Inbalance factor: 5.113e+00x
TIMER	8.674e-01	3.561e+00	1.755e+01	6	bulk_query: local query
TIMER	2.881e+00	3.226e+00	3.568e+00	6	bulk_query: all2all query results
TIMER	1.930e+02	1.934e+02	1.950e+02	7	resolve_next_lcp: bulk_rmq
TIMER	2.704e+00	2.868e+00	3.037e+00	7	resolve_next_lcp: set LCP
TIMER	1.981e+02	1.981e+02	1.981e+02	7	LCP update
unresolved = 3214279, unfinished = 1330905
TIMER	3.580e+02	3.583e+02	3.601e+02	5	bucket-chaising iteration
TIMER	1.108e-02	1.277e-02	1.473e-02	6	bulk_query: get recv_counts
TIMER	4.361e+00	5.196e+00	6.202e+00	6	bulk_query: all2all queries
Avg queries: 2.679e+05, max queries on proc 6: 1698925
Inbalance factor: 6.343e+00x
TIMER	1.503e-01	1.872e+00	1.411e+01	6	bulk_query: local query
TIMER	8.299e-01	1.218e+00	1.393e+00	6	bulk_query: all2all query results
TIMER	1.767e+02	1.768e+02	1.768e+02	7	resolve_next_lcp: bulk_rmq
TIMER	1.585e+00	1.650e+00	1.706e+00	7	resolve_next_lcp: set LCP
TIMER	1.786e+02	1.786e+02	1.786e+02	7	LCP update
unresolved = 2059860, unfinished = 924799
TIMER	2.839e+02	2.841e+02	2.851e+02	5	bucket-chaising iteration
TIMER	1.174e-02	1.468e-02	1.885e-02	6	bulk_query: get recv_counts
TIMER	1.486e+00	2.409e+00	3.370e+00	6	bulk_query: all2all queries
Avg queries: 1.717e+05, max queries on proc 6: 1188693
Inbalance factor: 6.925e+00x
TIMER	4.130e-02	1.012e+00	7.374e+00	6	bulk_query: local query
TIMER	8.562e-01	1.204e+00	1.315e+00	6	bulk_query: all2all query results
TIMER	1.701e+02	1.702e+02	1.702e+02	7	resolve_next_lcp: bulk_rmq
TIMER	9.025e-01	9.455e-01	9.824e-01	7	resolve_next_lcp: set LCP
TIMER	1.712e+02	1.712e+02	1.712e+02	7	LCP update
unresolved = 1420247, unfinished = 659187
TIMER	2.379e+02	2.384e+02	2.398e+02	5	bucket-chaising iteration
TIMER	1.003e-02	1.210e-02	1.363e-02	6	bulk_query: get recv_counts
TIMER	9.968e-01	1.511e+00	2.138e+00	6	bulk_query: all2all queries
Avg queries: 1.184e+05, max queries on proc 6: 820634
Inbalance factor: 6.934e+00x
TIMER	2.708e-02	6.149e-01	4.448e+00	6	bulk_query: local query
TIMER	4.491e-01	6.074e-01	6.907e-01	6	bulk_query: all2all query results
TIMER	1.653e+02	1.653e+02	1.654e+02	7	resolve_next_lcp: bulk_rmq
TIMER	5.703e-01	6.160e-01	6.584e-01	7	resolve_next_lcp: set LCP
TIMER	1.661e+02	1.661e+02	1.661e+02	7	LCP update
unresolved = 983947, unfinished = 476015
TIMER	2.162e+02	2.162e+02	2.162e+02	5	bucket-chaising iteration
TIMER	8.948e-03	1.063e-02	1.163e-02	6	bulk_query: get recv_counts
TIMER	7.032e-01	1.034e+00	1.442e+00	6	bulk_query: all2all queries
Avg queries: 8.200e+04, max queries on proc 6: 536446
Inbalance factor: 6.542e+00x
TIMER	2.228e-02	3.845e-01	2.500e+00	6	bulk_query: local query
TIMER	2.861e-01	4.880e-01	5.725e-01	6	bulk_query: all2all query results
TIMER	1.595e+02	1.595e+02	1.595e+02	7	resolve_next_lcp: bulk_rmq
TIMER	4.435e-01	4.895e-01	5.184e-01	7	resolve_next_lcp: set LCP
TIMER	1.601e+02	1.601e+02	1.601e+02	7	LCP update
unresolved = 630245, unfinished = 309523
TIMER	1.913e+02	1.914e+02	1.931e+02	5	bucket-chaising iteration
TIMER	8.603e-03	9.846e-03	1.058e-02	6	bulk_query: get recv_counts
TIMER	3.751e-01	5.457e-01	7.515e-01	6	bulk_query: all2all queries
Avg queries: 5.252e+04, max queries on proc 6: 304865
Inbalance factor: 5.805e+00x
TIMER	2.222e-02	2.325e-01	1.372e+00	6	bulk_query: local query
TIMER	3.794e-01	4.387e-01	4.724e-01	6	bulk_query: all2all query results
TIMER	1.681e+02	1.681e+02	1.681e+02	7	resolve_next_lcp: bulk_rmq
TIMER	3.953e-01	4.209e-01	4.506e-01	7	resolve_next_lcp: set LCP
TIMER	1.687e+02	1.687e+02	1.687e+02	7	LCP update
unresolved = 346601, unfinished = 170433
TIMER	1.869e+02	1.869e+02	1.869e+02	5	bucket-chaising iteration
TIMER	7.729e-03	9.128e-03	9.974e-03	6	bulk_query: get recv_counts
TIMER	2.050e-01	3.327e-01	4.141e-01	6	bulk_query: all2all queries
Avg queries: 2.888e+04, max queries on proc 6: 141733
Inbalance factor: 4.907e+00x
TIMER	2.008e-02	1.243e-01	5.272e-01	6	bulk_query: local query
TIMER	9.698e-02	1.301e-01	1.622e-01	6	bulk_query: all2all query results
TIMER	1.582e+02	1.582e+02	1.582e+02	7	resolve_next_lcp: bulk_rmq
TIMER	2.615e-01	2.708e-01	2.796e-01	7	resolve_next_lcp: set LCP
TIMER	1.585e+02	1.585e+02	1.585e+02	7	LCP update
unresolved = 162762, unfinished = 81381
TIMER	1.676e+02	1.676e+02	1.676e+02	5	bucket-chaising iteration
TIMER	7.274e-03	8.551e-03	9.314e-03	6	bulk_query: get recv_counts
TIMER	9.906e-02	1.981e-01	2.906e-01	6	bulk_query: all2all queries
Avg queries: 1.356e+04, max queries on proc 5: 114302
Inbalance factor: 8.427e+00x
TIMER	2.091e-02	6.643e-02	3.994e-01	6	bulk_query: local query
TIMER	5.250e-02	1.186e-01	1.526e-01	6	bulk_query: all2all query results
TIMER	1.581e+02	1.581e+02	1.581e+02	7	resolve_next_lcp: bulk_rmq
TIMER	8.428e-02	9.792e-02	1.151e-01	7	resolve_next_lcp: set LCP
TIMER	1.583e+02	1.583e+02	1.583e+02	7	LCP update
unresolved = 92256, unfinished = 46128
TIMER	1.634e+02	1.634e+02	1.634e+02	5	bucket-chaising iteration
TIMER	7.417e-03	8.087e-03	9.819e-03	6	bulk_query: get recv_counts
TIMER	6.686e-02	1.143e-01	2.223e-01	6	bulk_query: all2all queries
Avg queries: 7.688e+03, max queries on proc 5: 92256
Inbalance factor: 1.200e+01x
TIMER	1.964e-02	4.155e-02	2.583e-01	6	bulk_query: local query
TIMER	2.775e-02	7.870e-02	1.129e-01	6	bulk_query: all2all query results
TIMER	1.572e+02	1.572e+02	1.573e+02	7	resolve_next_lcp: bulk_rmq
TIMER	4.538e-02	6.634e-02	9.598e-02	7	resolve_next_lcp: set LCP
TIMER	1.574e+02	1.574e+02	1.574e+02	7	LCP update
unresolved = 49248, unfinished = 24624
TIMER	1.611e+02	1.611e+02	1.611e+02	5	bucket-chaising iteration
TIMER	6.852e-03	7.672e-03	9.476e-03	6	bulk_query: get recv_counts
TIMER	2.462e-02	2.995e-02	6.610e-02	6	bulk_query: all2all queries
Avg queries: 4.104e+03, max queries on proc 5: 49248
Inbalance factor: 1.200e+01x
TIMER	1.803e-02	3.173e-02	1.575e-01	6	bulk_query: local query
TIMER	1.662e-02	4.882e-02	7.482e-02	6	bulk_query: all2all query results
TIMER	1.576e+02	1.576e+02	1.576e+02	7	resolve_next_lcp: bulk_rmq
TIMER	5.361e-02	7.196e-02	8.449e-02	7	resolve_next_lcp: set LCP
TIMER	1.578e+02	1.578e+02	1.578e+02	7	LCP update
unresolved = 0, unfinished = 0
TIMER	1.596e+02	1.596e+02	1.596e+02	5	bucket-chaising iteration
TIMER	2.890e+03	2.890e+03	2.890e+03	4	construct-msgs
TIMER	2.132e+01	2.148e+01	2.160e+01	4	fix-isa
TIMER	8.138e+03	8.138e+03	8.138e+03	2	desa_construct: SA/LCP construct
TIMER	3.108e+02	3.108e+02	3.108e+02	2	desa_construct: TLI construct
TIMER	2.962e-03	3.133e-03	3.560e-03	3	repartition: 1D-partition
TIMER	2.730e-02	2.768e-02	3.040e-02	2	desa_construct: 1-D partition
TIMER	2.323e+02	2.323e+02	2.323e+02	3	repartition: redistribute
TIMER	2.324e+02	2.324e+02	2.324e+02	2	desa_construct: repartition
TIMER	1.547e+02	1.589e+02	1.621e+02	2	desa_construct: RMQ construct
TIMER	1.287e-02	1.436e-02	1.559e-02	3	bulk_query: get recv_counts
TIMER	8.193e+01	8.285e+01	8.379e+01	3	bulk_query: all2all queries
Avg queries: 1.877e+07, max queries on proc 4: 18773619
Inbalance factor: 1.000e+00x
TIMER	2.177e+02	2.244e+02	2.265e+02	3	bulk_query: local query
TIMER	1.056e+01	1.083e+01	1.119e+01	3	bulk_query: all2all query results
TIMER	8.878e+02	8.933e+02	8.999e+02	2	desa_construct: Lc naive construct
TIMER	9.752e+03	9.752e+03	9.752e+03	1	construct idx
