== Node distribution == 
== p=1 processes on 1 nodes ==
--  Node: 'c506-044.stampede2.tacc.utexas.edu' (1/1)
        Ranks: 0
TIMER	7.111e+02	7.111e+02	7.111e+02	1	read input file
TIMER	8.486e+01	8.486e+01	8.486e+01	2	desa_construct: cpy str
Alphabet: {sigma=4, l=3, A=[A, C, G, T]}
TIMER	1.415e+02	1.415e+02	1.415e+02	3	get alphabet
TIMER	9.174e+02	9.174e+02	9.174e+02	4	kmer-gen
TIMER	7.421e+02	7.421e+02	7.421e+02	5	shift-buckets
TIMER	2.905e+04	2.905e+04	2.905e+04	5	ISA-to-SA
TIMER	2.471e+03	2.471e+03	2.471e+03	5	init-lcp
iteration 21: unfinished buckets = 3772201, unfinished elements = 14712245
TIMER	8.987e+02	8.987e+02	8.987e+02	5	rebucket
TIMER	8.143e+03	8.143e+03	8.143e+03	5	SA-to-ISA
TIMER	4.131e+04	4.131e+04	4.131e+04	5	sac-iteration
Starting Bucket chasing algorithm
unresolved = 14712245, unfinished = 3772201
TIMER	4.628e+02	4.628e+02	4.628e+02	5	get active elements
TIMER	2.960e-03	2.960e-03	2.960e-03	6	bulk_query: get recv_counts
TIMER	5.252e+01	5.252e+01	5.252e+01	6	bulk_query: all2all queries
Avg queries: 1.471e+07, max queries on proc 0: 14712245
Inbalance factor: 1.000e+00x
TIMER	1.885e+02	1.885e+02	1.885e+02	6	bulk_query: local query
TIMER	5.216e+01	5.216e+01	5.216e+01	6	bulk_query: all2all query results
TIMER	3.084e+03	3.084e+03	3.084e+03	7	resolve_next_lcp: bulk_rmq
TIMER	7.099e+01	7.099e+01	7.099e+01	7	resolve_next_lcp: set LCP
TIMER	3.155e+03	3.155e+03	3.155e+03	7	LCP update
unresolved = 5543898, unfinished = 1943843
TIMER	6.046e+03	6.046e+03	6.046e+03	5	bucket-chaising iteration
TIMER	2.990e-03	2.990e-03	2.990e-03	6	bulk_query: get recv_counts
TIMER	1.851e+01	1.851e+01	1.851e+01	6	bulk_query: all2all queries
Avg queries: 5.544e+06, max queries on proc 0: 5543898
Inbalance factor: 1.000e+00x
TIMER	5.912e+01	5.912e+01	5.912e+01	6	bulk_query: local query
TIMER	1.828e+01	1.828e+01	1.828e+01	6	bulk_query: all2all query results
TIMER	2.062e+03	2.062e+03	2.062e+03	7	resolve_next_lcp: bulk_rmq
TIMER	3.125e+01	3.125e+01	3.125e+01	7	resolve_next_lcp: set LCP
TIMER	2.094e+03	2.094e+03	2.094e+03	7	LCP update
unresolved = 3214279, unfinished = 1330905
TIMER	3.358e+03	3.358e+03	3.358e+03	5	bucket-chaising iteration
TIMER	2.394e-03	2.394e-03	2.394e-03	6	bulk_query: get recv_counts
TIMER	9.978e+00	9.978e+00	9.978e+00	6	bulk_query: all2all queries
Avg queries: 3.214e+06, max queries on proc 0: 3214279
Inbalance factor: 1.000e+00x
TIMER	2.944e+01	2.944e+01	2.944e+01	6	bulk_query: local query
TIMER	6.638e+00	6.638e+00	6.638e+00	6	bulk_query: all2all query results
TIMER	1.944e+03	1.944e+03	1.944e+03	7	resolve_next_lcp: bulk_rmq
TIMER	1.820e+01	1.820e+01	1.820e+01	7	resolve_next_lcp: set LCP
TIMER	1.963e+03	1.963e+03	1.963e+03	7	LCP update
unresolved = 2059860, unfinished = 924799
TIMER	2.716e+03	2.716e+03	2.716e+03	5	bucket-chaising iteration
TIMER	2.374e-03	2.374e-03	2.374e-03	6	bulk_query: get recv_counts
TIMER	6.018e+00	6.018e+00	6.018e+00	6	bulk_query: all2all queries
Avg queries: 2.060e+06, max queries on proc 0: 2059860
Inbalance factor: 1.000e+00x
TIMER	1.713e+01	1.713e+01	1.713e+01	6	bulk_query: local query
TIMER	3.803e+00	3.803e+00	3.803e+00	6	bulk_query: all2all query results
TIMER	1.826e+03	1.826e+03	1.826e+03	7	resolve_next_lcp: bulk_rmq
TIMER	1.064e+01	1.064e+01	1.064e+01	7	resolve_next_lcp: set LCP
TIMER	1.836e+03	1.836e+03	1.836e+03	7	LCP update
unresolved = 1420247, unfinished = 659187
TIMER	2.323e+03	2.323e+03	2.323e+03	5	bucket-chaising iteration
TIMER	2.484e-03	2.484e-03	2.484e-03	6	bulk_query: get recv_counts
TIMER	3.278e+00	3.278e+00	3.278e+00	6	bulk_query: all2all queries
Avg queries: 1.420e+06, max queries on proc 0: 1420247
Inbalance factor: 1.000e+00x
TIMER	1.079e+01	1.079e+01	1.079e+01	6	bulk_query: local query
TIMER	2.102e+00	2.102e+00	2.102e+00	6	bulk_query: all2all query results
TIMER	1.806e+03	1.806e+03	1.806e+03	7	resolve_next_lcp: bulk_rmq
TIMER	7.054e+00	7.054e+00	7.054e+00	7	resolve_next_lcp: set LCP
TIMER	1.813e+03	1.813e+03	1.813e+03	7	LCP update
unresolved = 983947, unfinished = 476015
TIMER	2.141e+03	2.141e+03	2.141e+03	5	bucket-chaising iteration
TIMER	1.814e-03	1.814e-03	1.814e-03	6	bulk_query: get recv_counts
TIMER	2.014e+00	2.014e+00	2.014e+00	6	bulk_query: all2all queries
Avg queries: 9.839e+05, max queries on proc 0: 983947
Inbalance factor: 1.000e+00x
TIMER	5.661e+00	5.661e+00	5.661e+00	6	bulk_query: local query
TIMER	1.339e+00	1.339e+00	1.339e+00	6	bulk_query: all2all query results
TIMER	1.801e+03	1.801e+03	1.801e+03	7	resolve_next_lcp: bulk_rmq
TIMER	5.613e+00	5.613e+00	5.613e+00	7	resolve_next_lcp: set LCP
TIMER	1.806e+03	1.806e+03	1.806e+03	7	LCP update
unresolved = 630245, unfinished = 309523
TIMER	2.038e+03	2.038e+03	2.038e+03	5	bucket-chaising iteration
TIMER	1.519e-03	1.519e-03	1.519e-03	6	bulk_query: get recv_counts
TIMER	1.261e+00	1.261e+00	1.261e+00	6	bulk_query: all2all queries
Avg queries: 6.302e+05, max queries on proc 0: 630245
Inbalance factor: 1.000e+00x
TIMER	2.992e+00	2.992e+00	2.992e+00	6	bulk_query: local query
TIMER	6.370e-01	6.370e-01	6.370e-01	6	bulk_query: all2all query results
TIMER	1.805e+03	1.805e+03	1.805e+03	7	resolve_next_lcp: bulk_rmq
TIMER	4.757e+00	4.757e+00	4.757e+00	7	resolve_next_lcp: set LCP
TIMER	1.809e+03	1.809e+03	1.809e+03	7	LCP update
unresolved = 346601, unfinished = 170433
TIMER	1.961e+03	1.961e+03	1.961e+03	5	bucket-chaising iteration
TIMER	1.248e-03	1.248e-03	1.248e-03	6	bulk_query: get recv_counts
TIMER	4.524e-01	4.524e-01	4.524e-01	6	bulk_query: all2all queries
Avg queries: 3.466e+05, max queries on proc 0: 346601
Inbalance factor: 1.000e+00x
TIMER	1.498e+00	1.498e+00	1.498e+00	6	bulk_query: local query
TIMER	3.537e-01	3.537e-01	3.537e-01	6	bulk_query: all2all query results
TIMER	1.808e+03	1.808e+03	1.808e+03	7	resolve_next_lcp: bulk_rmq
TIMER	3.159e+00	3.159e+00	3.159e+00	7	resolve_next_lcp: set LCP
TIMER	1.811e+03	1.811e+03	1.811e+03	7	LCP update
unresolved = 162762, unfinished = 81381
TIMER	1.888e+03	1.888e+03	1.888e+03	5	bucket-chaising iteration
TIMER	1.240e-03	1.240e-03	1.240e-03	6	bulk_query: get recv_counts
TIMER	1.723e-01	1.723e-01	1.723e-01	6	bulk_query: all2all queries
Avg queries: 1.628e+05, max queries on proc 0: 162762
Inbalance factor: 1.000e+00x
TIMER	5.689e-01	5.689e-01	5.689e-01	6	bulk_query: local query
TIMER	1.474e-01	1.474e-01	1.474e-01	6	bulk_query: all2all query results
TIMER	1.795e+03	1.795e+03	1.795e+03	7	resolve_next_lcp: bulk_rmq
TIMER	1.211e+00	1.211e+00	1.211e+00	7	resolve_next_lcp: set LCP
TIMER	1.797e+03	1.797e+03	1.797e+03	7	LCP update
unresolved = 92256, unfinished = 46128
TIMER	1.831e+03	1.831e+03	1.831e+03	5	bucket-chaising iteration
TIMER	1.548e-03	1.548e-03	1.548e-03	6	bulk_query: get recv_counts
TIMER	9.624e-02	9.624e-02	9.624e-02	6	bulk_query: all2all queries
Avg queries: 9.226e+04, max queries on proc 0: 92256
Inbalance factor: 1.000e+00x
TIMER	2.890e-01	2.890e-01	2.890e-01	6	bulk_query: local query
TIMER	7.162e-02	7.162e-02	7.162e-02	6	bulk_query: all2all query results
TIMER	1.790e+03	1.790e+03	1.790e+03	7	resolve_next_lcp: bulk_rmq
TIMER	7.537e-01	7.537e-01	7.537e-01	7	resolve_next_lcp: set LCP
TIMER	1.791e+03	1.791e+03	1.791e+03	7	LCP update
unresolved = 49248, unfinished = 24624
TIMER	1.808e+03	1.808e+03	1.808e+03	5	bucket-chaising iteration
TIMER	7.650e-04	7.650e-04	7.650e-04	6	bulk_query: get recv_counts
TIMER	5.344e-02	5.344e-02	5.344e-02	6	bulk_query: all2all queries
Avg queries: 4.925e+04, max queries on proc 0: 49248
Inbalance factor: 1.000e+00x
TIMER	1.859e-01	1.859e-01	1.859e-01	6	bulk_query: local query
TIMER	2.883e-02	2.883e-02	2.883e-02	6	bulk_query: all2all query results
TIMER	1.788e+03	1.788e+03	1.788e+03	7	resolve_next_lcp: bulk_rmq
TIMER	8.523e-01	8.523e-01	8.523e-01	7	resolve_next_lcp: set LCP
TIMER	1.789e+03	1.789e+03	1.789e+03	7	LCP update
unresolved = 0, unfinished = 0
TIMER	1.798e+03	1.798e+03	1.798e+03	5	bucket-chaising iteration
TIMER	2.838e+04	2.838e+04	2.838e+04	4	construct-msgs
TIMER	1.509e+02	1.509e+02	1.509e+02	4	fix-isa
TIMER	7.090e+04	7.090e+04	7.090e+04	2	desa_construct: SA/LCP construct
TIMER	3.362e+03	3.362e+03	3.362e+03	2	desa_construct: TLI construct
TIMER	1.581e-03	1.581e-03	1.581e-03	3	repartition: 1D-partition
TIMER	1.563e-02	1.563e-02	1.563e-02	2	desa_construct: 1-D partition
TIMER	2.516e+03	2.516e+03	2.516e+03	3	repartition: redistribute
TIMER	2.516e+03	2.516e+03	2.516e+03	2	desa_construct: repartition
TIMER	1.781e+03	1.781e+03	1.781e+03	2	desa_construct: RMQ construct
TIMER	5.236e-03	5.236e-03	5.236e-03	3	bulk_query: get recv_counts
TIMER	7.933e+02	7.933e+02	7.933e+02	3	bulk_query: all2all queries
Avg queries: 2.253e+08, max queries on proc 0: 225280603
Inbalance factor: 1.000e+00x
TIMER	2.886e+03	2.886e+03	2.886e+03	3	bulk_query: local query
TIMER	9.973e+01	9.973e+01	9.973e+01	3	bulk_query: all2all query results
TIMER	9.560e+03	9.560e+03	9.560e+03	2	desa_construct: Lc naive construct
TIMER	8.820e+04	8.820e+04	8.820e+04	1	construct idx
