== Node distribution == 
== p=48 processes on 1 nodes ==
--  Node: 'c506-044.stampede2.tacc.utexas.edu' (48/48)
        Ranks: 0, 1, 2, 3, 4, 5, 6, 7, 8, 9, 10, 11, 12, 13, 14, 15, 16, 17, 18, 19, 20, 21, 22, 23, 24, 25, 26, 27, 28, 29, 30, 31, 32, 33, 34, 35, 36, 37, 38, 39, 40, 41, 42, 43, 44, 45, 46, 47
TIMER	2.762e+01	3.668e+01	3.910e+01	1	read input file
TIMER	4.184e+00	4.185e+00	4.187e+00	2	desa_construct: cpy str
Alphabet: {sigma=4, l=3, A=[A, C, G, T]}
TIMER	4.356e+00	4.358e+00	4.386e+00	3	get alphabet
TIMER	4.676e+01	4.772e+01	4.941e+01	4	kmer-gen
TIMER	5.388e+01	5.494e+01	5.547e+01	5	shift-buckets
TIMER	1.692e+03	1.698e+03	1.707e+03	5	ISA-to-SA
TIMER	8.950e+01	9.055e+01	9.157e+01	5	init-lcp
iteration 21: unfinished buckets = 3772201, unfinished elements = 14712244
TIMER	4.554e+01	4.590e+01	4.635e+01	5	rebucket
TIMER	6.053e+02	6.084e+02	6.103e+02	5	SA-to-ISA
TIMER	2.511e+03	2.511e+03	2.511e+03	5	sac-iteration
Starting Bucket chasing algorithm
unresolved = 14712245, unfinished = 3772201
TIMER	1.986e+01	1.986e+01	1.988e+01	5	get active elements
TIMER	2.513e-02	2.644e-02	2.855e-02	6	bulk_query: get recv_counts
TIMER	1.909e+01	2.033e+01	2.152e+01	6	bulk_query: all2all queries
Avg queries: 3.065e+05, max queries on proc 26: 1855201
Inbalance factor: 6.053e+00x
TIMER	2.367e+00	4.919e+00	1.892e+01	6	bulk_query: local query
TIMER	6.627e+00	6.910e+00	7.318e+00	6	bulk_query: all2all query results
TIMER	1.212e+02	1.231e+02	1.254e+02	7	resolve_next_lcp: bulk_rmq
TIMER	2.933e+00	3.723e+00	4.280e+00	7	resolve_next_lcp: set LCP
TIMER	1.298e+02	1.298e+02	1.298e+02	7	LCP update
unresolved = 5543898, unfinished = 1943843
TIMER	3.154e+02	3.154e+02	3.154e+02	5	bucket-chaising iteration
TIMER	2.455e-02	2.577e-02	2.835e-02	6	bulk_query: get recv_counts
TIMER	3.062e+00	4.131e+00	5.178e+00	6	bulk_query: all2all queries
Avg queries: 1.155e+05, max queries on proc 26: 1461566
Inbalance factor: 1.265e+01x
TIMER	2.185e-01	9.696e-01	1.175e+01	6	bulk_query: local query
TIMER	1.439e+00	1.611e+00	1.769e+00	6	bulk_query: all2all query results
TIMER	7.254e+01	7.272e+01	7.286e+01	7	resolve_next_lcp: bulk_rmq
TIMER	1.151e+00	1.307e+00	1.404e+00	7	resolve_next_lcp: set LCP
TIMER	7.436e+01	7.436e+01	7.436e+01	7	LCP update
unresolved = 3214279, unfinished = 1330905
TIMER	1.546e+02	1.553e+02	1.578e+02	5	bucket-chaising iteration
TIMER	2.506e-02	2.654e-02	2.813e-02	6	bulk_query: get recv_counts
TIMER	2.038e+00	2.866e+00	3.715e+00	6	bulk_query: all2all queries
Avg queries: 6.696e+04, max queries on proc 26: 1142255
Inbalance factor: 1.706e+01x
TIMER	5.112e-02	4.775e-01	8.079e+00	6	bulk_query: local query
TIMER	8.873e-01	1.168e+00	1.306e+00	6	bulk_query: all2all query results
TIMER	6.562e+01	6.567e+01	6.573e+01	7	resolve_next_lcp: bulk_rmq
TIMER	5.375e-01	5.969e-01	6.511e-01	7	resolve_next_lcp: set LCP
TIMER	6.647e+01	6.647e+01	6.647e+01	7	LCP update
unresolved = 2059860, unfinished = 924799
TIMER	1.168e+02	1.169e+02	1.184e+02	5	bucket-chaising iteration
TIMER	2.099e-02	2.196e-02	2.295e-02	6	bulk_query: get recv_counts
TIMER	1.555e+00	2.194e+00	2.884e+00	6	bulk_query: all2all queries
Avg queries: 4.291e+04, max queries on proc 26: 861890
Inbalance factor: 2.008e+01x
TIMER	2.942e-02	2.706e-01	5.433e+00	6	bulk_query: local query
TIMER	6.788e-01	9.878e-01	1.362e+00	6	bulk_query: all2all query results
TIMER	6.321e+01	6.324e+01	6.327e+01	7	resolve_next_lcp: bulk_rmq
TIMER	2.637e-01	3.012e-01	3.314e-01	7	resolve_next_lcp: set LCP
TIMER	6.369e+01	6.369e+01	6.369e+01	7	LCP update
unresolved = 1420247, unfinished = 659187
TIMER	9.857e+01	9.859e+01	9.966e+01	5	bucket-chaising iteration
TIMER	2.064e-02	2.145e-02	2.224e-02	6	bulk_query: get recv_counts
TIMER	6.615e-01	1.473e+00	2.064e+00	6	bulk_query: all2all queries
Avg queries: 2.959e+04, max queries on proc 26: 641955
Inbalance factor: 2.170e+01x
TIMER	2.659e-02	1.678e-01	3.365e+00	6	bulk_query: local query
TIMER	3.106e-01	4.596e-01	5.397e-01	6	bulk_query: all2all query results
TIMER	6.285e+01	6.288e+01	6.291e+01	7	resolve_next_lcp: bulk_rmq
TIMER	1.475e-01	1.795e-01	2.036e-01	7	resolve_next_lcp: set LCP
TIMER	6.319e+01	6.319e+01	6.319e+01	7	LCP update
unresolved = 983947, unfinished = 476015
TIMER	8.719e+01	8.719e+01	8.721e+01	5	bucket-chaising iteration
TIMER	1.963e-02	2.071e-02	2.156e-02	6	bulk_query: get recv_counts
TIMER	4.148e-01	9.292e-01	1.402e+00	6	bulk_query: all2all queries
Avg queries: 2.050e+04, max queries on proc 26: 450465
Inbalance factor: 2.198e+01x
TIMER	2.702e-02	1.135e-01	2.072e+00	6	bulk_query: local query
TIMER	2.288e-01	7.218e-01	8.423e-01	6	bulk_query: all2all query results
TIMER	6.183e+01	6.185e+01	6.186e+01	7	resolve_next_lcp: bulk_rmq
TIMER	1.114e-01	1.378e-01	1.582e-01	7	resolve_next_lcp: set LCP
TIMER	6.211e+01	6.211e+01	6.211e+01	7	LCP update
unresolved = 630245, unfinished = 309523
TIMER	7.880e+01	7.880e+01	7.882e+01	5	bucket-chaising iteration
TIMER	1.816e-02	1.919e-02	2.019e-02	6	bulk_query: get recv_counts
TIMER	2.110e-01	2.596e-01	6.187e-01	6	bulk_query: all2all queries
Avg queries: 1.313e+04, max queries on proc 26: 272698
Inbalance factor: 2.077e+01x
TIMER	2.544e-02	7.380e-02	1.031e+00	6	bulk_query: local query
TIMER	1.602e-01	3.458e-01	4.961e-01	6	bulk_query: all2all query results
TIMER	6.167e+01	6.168e+01	6.169e+01	7	resolve_next_lcp: bulk_rmq
TIMER	1.025e-01	1.223e-01	1.405e-01	7	resolve_next_lcp: set LCP
TIMER	6.191e+01	6.191e+01	6.191e+01	7	LCP update
unresolved = 346601, unfinished = 170433
TIMER	7.144e+01	7.144e+01	7.146e+01	5	bucket-chaising iteration
TIMER	2.408e-02	2.579e-02	2.775e-02	6	bulk_query: get recv_counts
TIMER	1.283e-01	1.554e-01	3.259e-01	6	bulk_query: all2all queries
Avg queries: 7.221e+03, max queries on proc 21: 135806
Inbalance factor: 1.881e+01x
TIMER	2.515e-02	5.008e-02	4.642e-01	6	bulk_query: local query
TIMER	8.612e-02	1.781e-01	2.347e-01	6	bulk_query: all2all query results
TIMER	6.134e+01	6.134e+01	6.135e+01	7	resolve_next_lcp: bulk_rmq
TIMER	6.493e-02	7.675e-02	8.305e-02	7	resolve_next_lcp: set LCP
TIMER	6.151e+01	6.151e+01	6.151e+01	7	LCP update
unresolved = 162762, unfinished = 81381
TIMER	6.616e+01	6.616e+01	6.617e+01	5	bucket-chaising iteration
TIMER	1.546e-02	1.634e-02	1.735e-02	6	bulk_query: get recv_counts
TIMER	1.139e-01	1.245e-01	2.751e-01	6	bulk_query: all2all queries
Avg queries: 3.391e+03, max queries on proc 21: 114302
Inbalance factor: 3.371e+01x
TIMER	2.371e-02	3.722e-02	4.221e-01	6	bulk_query: local query
TIMER	3.933e-02	1.140e-01	1.827e-01	6	bulk_query: all2all query results
TIMER	6.096e+01	6.097e+01	6.097e+01	7	resolve_next_lcp: bulk_rmq
TIMER	2.148e-02	2.926e-02	3.712e-02	7	resolve_next_lcp: set LCP
TIMER	6.109e+01	6.109e+01	6.109e+01	7	LCP update
unresolved = 92256, unfinished = 46128
TIMER	6.430e+01	6.430e+01	6.432e+01	5	bucket-chaising iteration
TIMER	1.438e-02	1.563e-02	1.718e-02	6	bulk_query: get recv_counts
TIMER	3.865e-02	4.484e-02	1.474e-01	6	bulk_query: all2all queries
Avg queries: 1.922e+03, max queries on proc 21: 92256
Inbalance factor: 4.800e+01x
TIMER	2.371e-02	3.064e-02	2.595e-01	6	bulk_query: local query
TIMER	1.264e-02	8.034e-02	1.450e-01	6	bulk_query: all2all query results
TIMER	6.098e+01	6.099e+01	6.099e+01	7	resolve_next_lcp: bulk_rmq
TIMER	7.538e-03	1.941e-02	3.012e-02	7	resolve_next_lcp: set LCP
TIMER	6.110e+01	6.110e+01	6.110e+01	7	LCP update
unresolved = 49248, unfinished = 24624
TIMER	6.338e+01	6.338e+01	6.339e+01	5	bucket-chaising iteration
TIMER	1.423e-02	1.506e-02	1.631e-02	6	bulk_query: get recv_counts
TIMER	4.897e-02	5.273e-02	1.216e-01	6	bulk_query: all2all queries
Avg queries: 1.026e+03, max queries on proc 21: 49248
Inbalance factor: 4.800e+01x
TIMER	2.147e-02	2.658e-02	1.751e-01	6	bulk_query: local query
TIMER	9.641e-03	4.788e-02	9.105e-02	6	bulk_query: all2all query results
TIMER	6.137e+01	6.138e+01	6.138e+01	7	resolve_next_lcp: bulk_rmq
TIMER	1.313e-02	2.180e-02	3.031e-02	7	resolve_next_lcp: set LCP
TIMER	6.149e+01	6.149e+01	6.149e+01	7	LCP update
unresolved = 0, unfinished = 0
TIMER	6.284e+01	6.284e+01	6.285e+01	5	bucket-chaising iteration
TIMER	1.209e+03	1.209e+03	1.209e+03	4	construct-msgs
TIMER	1.749e+01	1.846e+01	1.907e+01	4	fix-isa
TIMER	3.795e+03	3.796e+03	3.796e+03	2	desa_construct: SA/LCP construct
TIMER	9.505e+01	9.506e+01	9.507e+01	2	desa_construct: TLI construct
TIMER	9.000e-03	9.799e-03	1.269e-02	3	repartition: 1D-partition
TIMER	7.691e-02	7.781e-02	8.000e-02	2	desa_construct: 1-D partition
TIMER	1.549e+02	1.549e+02	1.550e+02	3	repartition: redistribute
TIMER	1.551e+02	1.551e+02	1.552e+02	2	desa_construct: repartition
TIMER	5.847e+01	5.975e+01	6.044e+01	2	desa_construct: RMQ construct
TIMER	2.447e-02	2.578e-02	2.773e-02	3	bulk_query: get recv_counts
TIMER	5.652e+01	5.706e+01	5.761e+01	3	bulk_query: all2all queries
Avg queries: 4.693e+06, max queries on proc 16: 4693589
Inbalance factor: 1.000e+00x
TIMER	5.613e+01	6.198e+01	6.382e+01	3	bulk_query: local query
TIMER	6.602e+00	6.761e+00	6.906e+00	3	bulk_query: all2all query results
TIMER	3.594e+02	3.656e+02	3.866e+02	2	desa_construct: Lc naive construct
TIMER	4.498e+03	4.498e+03	4.498e+03	1	construct idx
