== Node distribution == 
== p=384 processes on 8 nodes ==
--  Node: 'c506-083.stampede2.tacc.utexas.edu' (48/384)
        Ranks: 0, 1, 2, 3, 4, 5, 6, 7, 8, 9, 10, 11, 12, 13, 14, 15, 16, 17, 18, 19, 20, 21, 22, 23, 24, 25, 26, 27, 28, 29, 30, 31, 32, 33, 34, 35, 36, 37, 38, 39, 40, 41, 42, 43, 44, 45, 46, 47
--  Node: 'c506-084.stampede2.tacc.utexas.edu' (48/384)
        Ranks: 48, 49, 50, 51, 52, 53, 54, 55, 56, 57, 58, 59, 60, 61, 62, 63, 64, 65, 66, 67, 68, 69, 70, 71, 72, 73, 74, 75, 76, 77, 78, 79, 80, 81, 82, 83, 84, 85, 86, 87, 88, 89, 90, 91, 92, 93, 94, 95
--  Node: 'c506-102.stampede2.tacc.utexas.edu' (48/384)
        Ranks: 96, 97, 98, 99, 100, 101, 102, 103, 104, 105, 106, 107, 108, 109, 110, 111, 112, 113, 114, 115, 116, 117, 118, 119, 120, 121, 122, 123, 124, 125, 126, 127, 128, 129, 130, 131, 132, 133, 134, 135, 136, 137, 138, 139, 140, 141, 142, 143
--  Node: 'c506-121.stampede2.tacc.utexas.edu' (48/384)
        Ranks: 144, 145, 146, 147, 148, 149, 150, 151, 152, 153, 154, 155, 156, 157, 158, 159, 160, 161, 162, 163, 164, 165, 166, 167, 168, 169, 170, 171, 172, 173, 174, 175, 176, 177, 178, 179, 180, 181, 182, 183, 184, 185, 186, 187, 188, 189, 190, 191
--  Node: 'c506-122.stampede2.tacc.utexas.edu' (48/384)
        Ranks: 192, 193, 194, 195, 196, 197, 198, 199, 200, 201, 202, 203, 204, 205, 206, 207, 208, 209, 210, 211, 212, 213, 214, 215, 216, 217, 218, 219, 220, 221, 222, 223, 224, 225, 226, 227, 228, 229, 230, 231, 232, 233, 234, 235, 236, 237, 238, 239
--  Node: 'c506-132.stampede2.tacc.utexas.edu' (48/384)
        Ranks: 240, 241, 242, 243, 244, 245, 246, 247, 248, 249, 250, 251, 252, 253, 254, 255, 256, 257, 258, 259, 260, 261, 262, 263, 264, 265, 266, 267, 268, 269, 270, 271, 272, 273, 274, 275, 276, 277, 278, 279, 280, 281, 282, 283, 284, 285, 286, 287
--  Node: 'c506-133.stampede2.tacc.utexas.edu' (48/384)
        Ranks: 288, 289, 290, 291, 292, 293, 294, 295, 296, 297, 298, 299, 300, 301, 302, 303, 304, 305, 306, 307, 308, 309, 310, 311, 312, 313, 314, 315, 316, 317, 318, 319, 320, 321, 322, 323, 324, 325, 326, 327, 328, 329, 330, 331, 332, 333, 334, 335
--  Node: 'c506-134.stampede2.tacc.utexas.edu' (48/384)
        Ranks: 336, 337, 338, 339, 340, 341, 342, 343, 344, 345, 346, 347, 348, 349, 350, 351, 352, 353, 354, 355, 356, 357, 358, 359, 360, 361, 362, 363, 364, 365, 366, 367, 368, 369, 370, 371, 372, 373, 374, 375, 376, 377, 378, 379, 380, 381, 382, 383
TIMER	7.351e+00	2.849e+01	3.273e+01	1	read input file
TIMER	4.419e-01	4.450e-01	4.470e-01	2	desa_construct: cpy str
Alphabet: {sigma=4, l=3, A=[A, C, G, T]}
TIMER	1.061e+00	1.064e+00	1.091e+00	3	get alphabet
TIMER	4.202e+00	5.141e+00	5.535e+00	4	kmer-gen
TIMER	3.025e+00	5.602e+00	6.962e+00	5	shift-buckets
TIMER	2.757e+02	2.806e+02	2.832e+02	5	ISA-to-SA
TIMER	9.020e+00	1.003e+01	1.061e+01	5	init-lcp
iteration 21: unfinished buckets = 3772201, unfinished elements = 14712234
TIMER	5.898e+00	6.019e+00	6.150e+00	5	rebucket
TIMER	1.355e+02	1.373e+02	1.386e+02	5	SA-to-ISA
TIMER	4.459e+02	4.459e+02	4.459e+02	5	sac-iteration
Starting Bucket chasing algorithm
unresolved = 14712245, unfinished = 3772201
TIMER	2.345e+00	2.347e+00	2.363e+00	5	get active elements
TIMER	9.336e-02	1.235e-01	1.500e-01	6	bulk_query: get recv_counts
TIMER	3.218e+00	3.325e+00	3.517e+00	6	bulk_query: all2all queries
Avg queries: 3.831e+04, max queries on proc 213: 483519
Inbalance factor: 1.262e+01x
TIMER	1.593e-01	4.011e-01	4.221e+00	6	bulk_query: local query
TIMER	3.168e+00	3.388e+00	3.551e+00	6	bulk_query: all2all query results
TIMER	2.657e+01	2.707e+01	2.890e+01	7	resolve_next_lcp: bulk_rmq
TIMER	1.418e-01	3.054e-01	5.587e-01	7	resolve_next_lcp: set LCP
TIMER	2.959e+01	2.959e+01	2.960e+01	7	LCP update
unresolved = 5543898, unfinished = 1943843
TIMER	9.068e+01	9.068e+01	9.070e+01	5	bucket-chaising iteration
TIMER	7.882e-02	1.136e-01	1.465e-01	6	bulk_query: get recv_counts
TIMER	2.032e+00	2.131e+00	2.273e+00	6	bulk_query: all2all queries
Avg queries: 1.444e+04, max queries on proc 213: 404639
Inbalance factor: 2.803e+01x
TIMER	5.065e-02	1.436e-01	3.166e+00	6	bulk_query: local query
TIMER	1.990e+00	2.116e+00	2.251e+00	6	bulk_query: all2all query results
TIMER	1.080e+01	1.087e+01	1.095e+01	7	resolve_next_lcp: bulk_rmq
TIMER	5.371e-02	8.950e-02	1.242e-01	7	resolve_next_lcp: set LCP
TIMER	1.122e+01	1.122e+01	1.122e+01	7	LCP update
unresolved = 3214279, unfinished = 1330905
TIMER	3.296e+01	3.296e+01	3.298e+01	5	bucket-chaising iteration
TIMER	8.428e-02	1.145e-01	1.372e-01	6	bulk_query: get recv_counts
TIMER	6.780e-01	1.477e+00	1.610e+00	6	bulk_query: all2all queries
Avg queries: 8.371e+03, max queries on proc 212: 330742
Inbalance factor: 3.951e+01x
TIMER	4.368e-02	9.937e-02	2.313e+00	6	bulk_query: local query
TIMER	1.307e+00	1.458e+00	1.595e+00	6	bulk_query: all2all query results
TIMER	9.505e+00	9.523e+00	9.546e+00	7	resolve_next_lcp: bulk_rmq
TIMER	3.572e-02	5.051e-02	6.637e-02	7	resolve_next_lcp: set LCP
TIMER	9.749e+00	9.752e+00	9.754e+00	7	LCP update
unresolved = 2059860, unfinished = 924799
TIMER	2.501e+01	2.501e+01	2.504e+01	5	bucket-chaising iteration
TIMER	7.310e-02	1.041e-01	1.329e-01	6	bulk_query: get recv_counts
TIMER	4.400e-01	9.603e-01	1.282e+00	6	bulk_query: all2all queries
Avg queries: 5.364e+03, max queries on proc 212: 301618
Inbalance factor: 5.623e+01x
TIMER	5.266e-02	8.186e-02	1.803e+00	6	bulk_query: local query
TIMER	8.511e-01	9.673e-01	1.073e+00	6	bulk_query: all2all query results
TIMER	8.690e+00	8.704e+00	8.729e+00	7	resolve_next_lcp: bulk_rmq
TIMER	2.135e-02	3.055e-02	4.083e-02	7	resolve_next_lcp: set LCP
TIMER	8.900e+00	8.909e+00	8.911e+00	7	LCP update
unresolved = 1420247, unfinished = 659187
TIMER	2.070e+01	2.070e+01	2.072e+01	5	bucket-chaising iteration
TIMER	8.342e-02	1.095e-01	1.324e-01	6	bulk_query: get recv_counts
TIMER	4.768e-01	7.293e-01	1.178e+00	6	bulk_query: all2all queries
Avg queries: 3.699e+03, max queries on proc 212: 259488
Inbalance factor: 7.016e+01x
TIMER	5.711e-02	7.598e-02	1.424e+00	6	bulk_query: local query
TIMER	5.497e-01	6.640e-01	7.635e-01	6	bulk_query: all2all query results
TIMER	8.425e+00	8.443e+00	8.462e+00	7	resolve_next_lcp: bulk_rmq
TIMER	1.156e-02	2.034e-02	3.004e-02	7	resolve_next_lcp: set LCP
TIMER	8.623e+00	8.625e+00	8.628e+00	7	LCP update
unresolved = 983947, unfinished = 476015
TIMER	1.820e+01	1.820e+01	1.822e+01	5	bucket-chaising iteration
TIMER	7.230e-02	1.023e-01	1.293e-01	6	bulk_query: get recv_counts
TIMER	3.186e-01	5.879e-01	9.756e-01	6	bulk_query: all2all queries
Avg queries: 2.562e+03, max queries on proc 212: 202505
Inbalance factor: 7.903e+01x
TIMER	5.014e-02	6.669e-02	1.021e+00	6	bulk_query: local query
TIMER	3.617e-01	4.573e-01	5.523e-01	6	bulk_query: all2all query results
TIMER	8.242e+00	8.251e+00	8.266e+00	7	resolve_next_lcp: bulk_rmq
TIMER	1.027e-02	1.667e-02	2.230e-02	7	resolve_next_lcp: set LCP
TIMER	8.422e+00	8.424e+00	8.427e+00	7	LCP update
unresolved = 630245, unfinished = 309523
TIMER	1.551e+01	1.552e+01	1.554e+01	5	bucket-chaising iteration
TIMER	7.581e-02	1.030e-01	1.280e-01	6	bulk_query: get recv_counts
TIMER	2.437e-01	4.654e-01	7.321e-01	6	bulk_query: all2all queries
Avg queries: 1.641e+03, max queries on proc 175: 146558
Inbalance factor: 8.930e+01x
TIMER	3.964e-02	4.735e-02	5.973e-01	6	bulk_query: local query
TIMER	2.564e-01	3.336e-01	4.070e-01	6	bulk_query: all2all query results
TIMER	8.011e+00	8.020e+00	8.032e+00	7	resolve_next_lcp: bulk_rmq
TIMER	1.035e-02	1.536e-02	2.163e-02	7	resolve_next_lcp: set LCP
TIMER	8.186e+00	8.188e+00	8.189e+00	7	LCP update
unresolved = 346601, unfinished = 170433
TIMER	1.346e+01	1.346e+01	1.347e+01	5	bucket-chaising iteration
TIMER	7.849e-02	1.040e-01	1.266e-01	6	bulk_query: get recv_counts
TIMER	1.384e-01	3.725e-01	6.849e-01	6	bulk_query: all2all queries
Avg queries: 9.026e+02, max queries on proc 175: 135806
Inbalance factor: 1.505e+02x
TIMER	3.904e-02	4.392e-02	4.177e-01	6	bulk_query: local query
TIMER	1.844e-01	2.743e-01	3.440e-01	6	bulk_query: all2all query results
TIMER	7.793e+00	7.816e+00	7.869e+00	7	resolve_next_lcp: bulk_rmq
TIMER	6.960e-03	1.047e-02	1.935e-02	7	resolve_next_lcp: set LCP
TIMER	8.018e+00	8.020e+00	8.023e+00	7	LCP update
unresolved = 162762, unfinished = 81381
TIMER	1.259e+01	1.259e+01	1.260e+01	5	bucket-chaising iteration
TIMER	7.965e-02	1.071e-01	1.303e-01	6	bulk_query: get recv_counts
TIMER	1.180e-01	3.119e-01	6.306e-01	6	bulk_query: all2all queries
Avg queries: 4.239e+02, max queries on proc 175: 114302
Inbalance factor: 2.697e+02x
TIMER	3.889e-02	4.230e-02	3.385e-01	6	bulk_query: local query
TIMER	1.470e-01	2.298e-01	3.194e-01	6	bulk_query: all2all query results
TIMER	7.437e+00	7.452e+00	7.459e+00	7	resolve_next_lcp: bulk_rmq
TIMER	2.221e-03	4.310e-03	6.707e-03	7	resolve_next_lcp: set LCP
TIMER	7.597e+00	7.599e+00	7.600e+00	7	LCP update
unresolved = 92256, unfinished = 46128
TIMER	1.168e+01	1.168e+01	1.169e+01	5	bucket-chaising iteration
TIMER	7.050e-02	1.056e-01	1.392e-01	6	bulk_query: get recv_counts
TIMER	4.609e-02	2.284e-01	5.688e-01	6	bulk_query: all2all queries
Avg queries: 2.402e+02, max queries on proc 175: 92256
Inbalance factor: 3.840e+02x
TIMER	4.469e-02	5.636e-02	3.014e-01	6	bulk_query: local query
TIMER	1.956e-02	1.637e-01	2.908e-01	6	bulk_query: all2all query results
TIMER	7.279e+00	7.288e+00	7.299e+00	7	resolve_next_lcp: bulk_rmq
TIMER	1.395e-03	3.147e-03	6.184e-03	7	resolve_next_lcp: set LCP
TIMER	7.441e+00	7.442e+00	7.445e+00	7	LCP update
unresolved = 49248, unfinished = 24624
TIMER	1.102e+01	1.102e+01	1.104e+01	5	bucket-chaising iteration
TIMER	7.662e-02	1.042e-01	1.333e-01	6	bulk_query: get recv_counts
TIMER	5.511e-02	2.181e-01	5.126e-01	6	bulk_query: all2all queries
Avg queries: 1.282e+02, max queries on proc 175: 49248
Inbalance factor: 3.840e+02x
TIMER	3.810e-02	4.083e-02	2.049e-01	6	bulk_query: local query
TIMER	2.958e-02	1.523e-01	2.591e-01	6	bulk_query: all2all query results
TIMER	7.301e+00	7.312e+00	7.324e+00	7	resolve_next_lcp: bulk_rmq
TIMER	1.320e-03	3.511e-03	5.652e-03	7	resolve_next_lcp: set LCP
TIMER	7.471e+00	7.472e+00	7.474e+00	7	LCP update
unresolved = 0, unfinished = 0
TIMER	1.022e+01	1.022e+01	1.023e+01	5	bucket-chaising iteration
TIMER	2.656e+02	2.656e+02	2.656e+02	4	construct-msgs
TIMER	1.858e+00	2.067e+00	2.185e+00	4	fix-isa
TIMER	7.211e+02	7.211e+02	7.211e+02	2	desa_construct: SA/LCP construct
TIMER	1.879e+01	1.886e+01	1.893e+01	2	desa_construct: TLI construct
TIMER	8.154e-02	9.261e-02	1.268e-01	3	repartition: 1D-partition
TIMER	1.201e+00	1.211e+00	1.213e+00	2	desa_construct: 1-D partition
TIMER	1.634e+01	1.635e+01	1.637e+01	3	repartition: redistribute
TIMER	1.648e+01	1.648e+01	1.743e+01	2	desa_construct: repartition
TIMER	6.554e+00	6.801e+00	7.103e+00	2	desa_construct: RMQ construct
TIMER	8.989e-02	1.257e-01	1.666e-01	3	bulk_query: get recv_counts
TIMER	4.141e+01	4.194e+01	4.233e+01	3	bulk_query: all2all queries
Avg queries: 5.867e+05, max queries on proc 22: 587918
Inbalance factor: 1.002e+00x
TIMER	1.862e+00	2.173e+00	3.071e+00	3	bulk_query: local query
TIMER	3.619e+00	3.691e+00	3.760e+00	3	bulk_query: all2all query results
TIMER	7.640e+01	7.720e+01	7.849e+01	2	desa_construct: Lc naive construct
TIMER	8.454e+02	8.454e+02	8.454e+02	1	construct idx
