== Node distribution == 
== p=384 processes on 8 nodes ==
--  Node: 'c506-083.stampede2.tacc.utexas.edu' (48/384)
        Ranks: 0, 1, 2, 3, 4, 5, 6, 7, 8, 9, 10, 11, 12, 13, 14, 15, 16, 17, 18, 19, 20, 21, 22, 23, 24, 25, 26, 27, 28, 29, 30, 31, 32, 33, 34, 35, 36, 37, 38, 39, 40, 41, 42, 43, 44, 45, 46, 47
--  Node: 'c506-084.stampede2.tacc.utexas.edu' (48/384)
        Ranks: 48, 49, 50, 51, 52, 53, 54, 55, 56, 57, 58, 59, 60, 61, 62, 63, 64, 65, 66, 67, 68, 69, 70, 71, 72, 73, 74, 75, 76, 77, 78, 79, 80, 81, 82, 83, 84, 85, 86, 87, 88, 89, 90, 91, 92, 93, 94, 95
--  Node: 'c506-102.stampede2.tacc.utexas.edu' (48/384)
        Ranks: 96, 97, 98, 99, 100, 101, 102, 103, 104, 105, 106, 107, 108, 109, 110, 111, 112, 113, 114, 115, 116, 117, 118, 119, 120, 121, 122, 123, 124, 125, 126, 127, 128, 129, 130, 131, 132, 133, 134, 135, 136, 137, 138, 139, 140, 141, 142, 143
--  Node: 'c506-121.stampede2.tacc.utexas.edu' (48/384)
        Ranks: 144, 145, 146, 147, 148, 149, 150, 151, 152, 153, 154, 155, 156, 157, 158, 159, 160, 161, 162, 163, 164, 165, 166, 167, 168, 169, 170, 171, 172, 173, 174, 175, 176, 177, 178, 179, 180, 181, 182, 183, 184, 185, 186, 187, 188, 189, 190, 191
--  Node: 'c506-122.stampede2.tacc.utexas.edu' (48/384)
        Ranks: 192, 193, 194, 195, 196, 197, 198, 199, 200, 201, 202, 203, 204, 205, 206, 207, 208, 209, 210, 211, 212, 213, 214, 215, 216, 217, 218, 219, 220, 221, 222, 223, 224, 225, 226, 227, 228, 229, 230, 231, 232, 233, 234, 235, 236, 237, 238, 239
--  Node: 'c506-132.stampede2.tacc.utexas.edu' (48/384)
        Ranks: 240, 241, 242, 243, 244, 245, 246, 247, 248, 249, 250, 251, 252, 253, 254, 255, 256, 257, 258, 259, 260, 261, 262, 263, 264, 265, 266, 267, 268, 269, 270, 271, 272, 273, 274, 275, 276, 277, 278, 279, 280, 281, 282, 283, 284, 285, 286, 287
--  Node: 'c506-133.stampede2.tacc.utexas.edu' (48/384)
        Ranks: 288, 289, 290, 291, 292, 293, 294, 295, 296, 297, 298, 299, 300, 301, 302, 303, 304, 305, 306, 307, 308, 309, 310, 311, 312, 313, 314, 315, 316, 317, 318, 319, 320, 321, 322, 323, 324, 325, 326, 327, 328, 329, 330, 331, 332, 333, 334, 335
--  Node: 'c506-134.stampede2.tacc.utexas.edu' (48/384)
        Ranks: 336, 337, 338, 339, 340, 341, 342, 343, 344, 345, 346, 347, 348, 349, 350, 351, 352, 353, 354, 355, 356, 357, 358, 359, 360, 361, 362, 363, 364, 365, 366, 367, 368, 369, 370, 371, 372, 373, 374, 375, 376, 377, 378, 379, 380, 381, 382, 383
TIMER	1.035e+01	2.278e+01	2.892e+01	1	read input file
TIMER	4.432e-01	4.460e-01	4.527e-01	2	desa_construct: cpy str
Alphabet: {sigma=4, l=3, A=[A, C, G, T]}
TIMER	1.010e+00	1.013e+00	1.041e+00	3	get alphabet
TIMER	4.078e+00	5.118e+00	5.421e+00	4	kmer-gen
TIMER	3.500e+00	5.617e+00	7.099e+00	5	shift-buckets
TIMER	2.733e+02	2.774e+02	2.794e+02	5	ISA-to-SA
TIMER	9.327e+00	1.004e+01	1.235e+01	5	init-lcp
iteration 21: unfinished buckets = 3772201, unfinished elements = 14712234
TIMER	6.060e+00	6.141e+00	6.324e+00	5	rebucket
TIMER	1.351e+02	1.368e+02	1.380e+02	5	SA-to-ISA
TIMER	4.437e+02	4.437e+02	4.437e+02	5	sac-iteration
Starting Bucket chasing algorithm
unresolved = 14712245, unfinished = 3772201
TIMER	2.351e+00	2.353e+00	2.370e+00	5	get active elements
TIMER	9.458e-02	1.201e-01	1.564e-01	6	bulk_query: get recv_counts
TIMER	3.209e+00	3.346e+00	3.562e+00	6	bulk_query: all2all queries
Avg queries: 3.831e+04, max queries on proc 213: 483519
Inbalance factor: 1.262e+01x
TIMER	1.519e-01	3.962e-01	4.218e+00	6	bulk_query: local query
TIMER	3.265e+00	3.446e+00	3.574e+00	6	bulk_query: all2all query results
TIMER	2.631e+01	2.681e+01	2.869e+01	7	resolve_next_lcp: bulk_rmq
TIMER	1.387e-01	3.061e-01	5.506e-01	7	resolve_next_lcp: set LCP
TIMER	2.938e+01	2.938e+01	2.938e+01	7	LCP update
unresolved = 5543898, unfinished = 1943843
TIMER	2.471e+02	2.471e+02	2.472e+02	5	bucket-chaising iteration
TIMER	8.403e-02	1.080e-01	1.325e-01	6	bulk_query: get recv_counts
TIMER	2.031e+00	2.113e+00	2.256e+00	6	bulk_query: all2all queries
Avg queries: 1.444e+04, max queries on proc 213: 404639
Inbalance factor: 2.803e+01x
TIMER	4.965e-02	1.431e-01	3.183e+00	6	bulk_query: local query
TIMER	1.980e+00	2.113e+00	2.249e+00	6	bulk_query: all2all query results
TIMER	1.081e+01	1.088e+01	1.096e+01	7	resolve_next_lcp: bulk_rmq
TIMER	5.226e-02	8.858e-02	1.210e-01	7	resolve_next_lcp: set LCP
TIMER	1.122e+01	1.123e+01	1.123e+01	7	LCP update
unresolved = 3214279, unfinished = 1330905
TIMER	3.292e+01	3.292e+01	3.294e+01	5	bucket-chaising iteration
TIMER	8.198e-02	1.162e-01	1.398e-01	6	bulk_query: get recv_counts
TIMER	7.860e-01	1.483e+00	1.613e+00	6	bulk_query: all2all queries
Avg queries: 8.371e+03, max queries on proc 212: 330742
Inbalance factor: 3.951e+01x
TIMER	4.420e-02	9.220e-02	2.312e+00	6	bulk_query: local query
TIMER	1.285e+00	1.449e+00	1.589e+00	6	bulk_query: all2all query results
TIMER	9.525e+00	9.549e+00	9.576e+00	7	resolve_next_lcp: bulk_rmq
TIMER	3.448e-02	5.125e-02	6.683e-02	7	resolve_next_lcp: set LCP
TIMER	9.776e+00	9.779e+00	9.781e+00	7	LCP update
unresolved = 2059860, unfinished = 924799
TIMER	2.525e+01	2.525e+01	2.527e+01	5	bucket-chaising iteration
TIMER	8.079e-02	1.062e-01	1.336e-01	6	bulk_query: get recv_counts
TIMER	4.860e-01	9.937e-01	1.317e+00	6	bulk_query: all2all queries
Avg queries: 5.364e+03, max queries on proc 212: 301618
Inbalance factor: 5.623e+01x
TIMER	4.469e-02	7.460e-02	1.829e+00	6	bulk_query: local query
TIMER	8.285e-01	9.455e-01	1.067e+00	6	bulk_query: all2all query results
TIMER	8.692e+00	8.710e+00	8.727e+00	7	resolve_next_lcp: bulk_rmq
TIMER	2.139e-02	3.029e-02	3.957e-02	7	resolve_next_lcp: set LCP
TIMER	8.911e+00	8.913e+00	8.915e+00	7	LCP update
unresolved = 1420247, unfinished = 659187
TIMER	2.085e+01	2.086e+01	2.088e+01	5	bucket-chaising iteration
TIMER	8.248e-02	1.043e-01	1.326e-01	6	bulk_query: get recv_counts
TIMER	4.734e-01	7.527e-01	1.200e+00	6	bulk_query: all2all queries
Avg queries: 3.699e+03, max queries on proc 212: 259488
Inbalance factor: 7.016e+01x
TIMER	4.118e-02	6.060e-02	1.377e+00	6	bulk_query: local query
TIMER	5.386e-01	6.529e-01	7.662e-01	6	bulk_query: all2all query results
TIMER	8.403e+00	8.420e+00	8.441e+00	7	resolve_next_lcp: bulk_rmq
TIMER	1.033e-02	2.050e-02	2.844e-02	7	resolve_next_lcp: set LCP
TIMER	8.603e+00	8.605e+00	8.608e+00	7	LCP update
unresolved = 983947, unfinished = 476015
TIMER	1.814e+01	1.814e+01	1.816e+01	5	bucket-chaising iteration
TIMER	8.423e-02	1.087e-01	1.298e-01	6	bulk_query: get recv_counts
TIMER	3.079e-01	6.026e-01	1.014e+00	6	bulk_query: all2all queries
Avg queries: 2.562e+03, max queries on proc 212: 202505
Inbalance factor: 7.903e+01x
TIMER	4.673e-02	5.922e-02	1.004e+00	6	bulk_query: local query
TIMER	3.636e-01	4.598e-01	5.459e-01	6	bulk_query: all2all query results
TIMER	8.247e+00	8.262e+00	8.281e+00	7	resolve_next_lcp: bulk_rmq
TIMER	8.959e-03	1.668e-02	2.302e-02	7	resolve_next_lcp: set LCP
TIMER	8.436e+00	8.440e+00	8.445e+00	7	LCP update
unresolved = 630245, unfinished = 309523
TIMER	1.556e+01	1.556e+01	1.558e+01	5	bucket-chaising iteration
TIMER	8.723e-02	1.069e-01	1.220e-01	6	bulk_query: get recv_counts
TIMER	2.302e-01	4.735e-01	7.376e-01	6	bulk_query: all2all queries
Avg queries: 1.641e+03, max queries on proc 175: 146558
Inbalance factor: 8.930e+01x
TIMER	4.057e-02	4.907e-02	5.972e-01	6	bulk_query: local query
TIMER	2.353e-01	3.113e-01	3.745e-01	6	bulk_query: all2all query results
TIMER	8.092e+00	8.114e+00	8.144e+00	7	resolve_next_lcp: bulk_rmq
TIMER	1.066e-02	1.550e-02	2.217e-02	7	resolve_next_lcp: set LCP
TIMER	8.295e+00	8.297e+00	8.298e+00	7	LCP update
unresolved = 346601, unfinished = 170433
TIMER	1.347e+01	1.347e+01	1.348e+01	5	bucket-chaising iteration
TIMER	8.980e-02	1.122e-01	1.403e-01	6	bulk_query: get recv_counts
TIMER	1.378e-01	3.596e-01	6.410e-01	6	bulk_query: all2all queries
Avg queries: 9.026e+02, max queries on proc 175: 135806
Inbalance factor: 1.505e+02x
TIMER	4.250e-02	4.954e-02	4.284e-01	6	bulk_query: local query
TIMER	1.840e-01	2.763e-01	3.403e-01	6	bulk_query: all2all query results
TIMER	7.791e+00	7.799e+00	7.815e+00	7	resolve_next_lcp: bulk_rmq
TIMER	6.294e-03	1.102e-02	2.011e-02	7	resolve_next_lcp: set LCP
TIMER	7.967e+00	7.970e+00	7.972e+00	7	LCP update
unresolved = 162762, unfinished = 81381
TIMER	1.249e+01	1.249e+01	1.250e+01	5	bucket-chaising iteration
TIMER	8.166e-02	1.026e-01	1.240e-01	6	bulk_query: get recv_counts
TIMER	1.156e-01	3.197e-01	6.125e-01	6	bulk_query: all2all queries
Avg queries: 4.239e+02, max queries on proc 175: 114302
Inbalance factor: 2.697e+02x
TIMER	4.519e-02	4.871e-02	3.472e-01	6	bulk_query: local query
TIMER	1.509e-01	2.282e-01	3.214e-01	6	bulk_query: all2all query results
TIMER	7.392e+00	7.407e+00	7.417e+00	7	resolve_next_lcp: bulk_rmq
TIMER	1.810e-03	4.371e-03	6.318e-03	7	resolve_next_lcp: set LCP
TIMER	7.558e+00	7.562e+00	7.565e+00	7	LCP update
unresolved = 92256, unfinished = 46128
TIMER	1.153e+01	1.153e+01	1.154e+01	5	bucket-chaising iteration
TIMER	7.406e-02	1.001e-01	1.324e-01	6	bulk_query: get recv_counts
TIMER	4.659e-02	2.344e-01	5.690e-01	6	bulk_query: all2all queries
Avg queries: 2.402e+02, max queries on proc 175: 92256
Inbalance factor: 3.840e+02x
TIMER	4.781e-02	5.500e-02	2.987e-01	6	bulk_query: local query
TIMER	1.978e-02	1.686e-01	2.972e-01	6	bulk_query: all2all query results
TIMER	7.320e+00	7.328e+00	7.335e+00	7	resolve_next_lcp: bulk_rmq
TIMER	1.240e-03	3.119e-03	6.256e-03	7	resolve_next_lcp: set LCP
TIMER	7.472e+00	7.473e+00	7.477e+00	7	LCP update
unresolved = 49248, unfinished = 24624
TIMER	1.100e+01	1.100e+01	1.101e+01	5	bucket-chaising iteration
TIMER	7.343e-02	1.075e-01	1.267e-01	6	bulk_query: get recv_counts
TIMER	5.690e-02	2.230e-01	5.582e-01	6	bulk_query: all2all queries
Avg queries: 1.282e+02, max queries on proc 175: 49248
Inbalance factor: 3.840e+02x
TIMER	4.979e-02	5.391e-02	2.165e-01	6	bulk_query: local query
TIMER	2.003e-02	1.450e-01	2.531e-01	6	bulk_query: all2all query results
TIMER	7.326e+00	7.340e+00	7.347e+00	7	resolve_next_lcp: bulk_rmq
TIMER	1.432e-03	3.581e-03	6.393e-03	7	resolve_next_lcp: set LCP
TIMER	7.483e+00	7.485e+00	7.487e+00	7	LCP update
unresolved = 0, unfinished = 0
TIMER	1.028e+01	1.028e+01	1.029e+01	5	bucket-chaising iteration
TIMER	4.221e+02	4.221e+02	4.222e+02	4	construct-msgs
TIMER	1.852e+00	2.051e+00	2.158e+00	4	fix-isa
TIMER	8.752e+02	8.752e+02	8.752e+02	2	desa_construct: SA/LCP construct
TIMER	1.874e+01	1.889e+01	1.899e+01	2	desa_construct: TLI construct
TIMER	8.192e-02	9.327e-02	1.100e-01	3	repartition: 1D-partition
TIMER	1.171e+00	1.174e+00	1.176e+00	2	desa_construct: 1-D partition
TIMER	1.619e+01	1.621e+01	1.624e+01	3	repartition: redistribute
TIMER	1.634e+01	1.635e+01	1.726e+01	2	desa_construct: repartition
TIMER	6.538e+00	6.806e+00	7.018e+00	2	desa_construct: RMQ construct
TIMER	8.976e-02	1.192e-01	1.480e-01	3	bulk_query: get recv_counts
TIMER	4.115e+01	4.233e+01	4.278e+01	3	bulk_query: all2all queries
Avg queries: 5.867e+05, max queries on proc 22: 587918
Inbalance factor: 1.002e+00x
TIMER	1.880e+00	2.166e+00	3.201e+00	3	bulk_query: local query
TIMER	3.614e+00	3.706e+00	3.773e+00	3	bulk_query: all2all query results
TIMER	7.694e+01	7.779e+01	7.924e+01	2	desa_construct: Lc naive construct
TIMER	1.000e+03	1.000e+03	1.000e+03	1	construct idx
