== Node distribution == 
== p=96 processes on 2 nodes ==
--  Node: 'c506-121.stampede2.tacc.utexas.edu' (48/96)
        Ranks: 0, 1, 2, 3, 4, 5, 6, 7, 8, 9, 10, 11, 12, 13, 14, 15, 16, 17, 18, 19, 20, 21, 22, 23, 24, 25, 26, 27, 28, 29, 30, 31, 32, 33, 34, 35, 36, 37, 38, 39, 40, 41, 42, 43, 44, 45, 46, 47
--  Node: 'c506-122.stampede2.tacc.utexas.edu' (48/96)
        Ranks: 48, 49, 50, 51, 52, 53, 54, 55, 56, 57, 58, 59, 60, 61, 62, 63, 64, 65, 66, 67, 68, 69, 70, 71, 72, 73, 74, 75, 76, 77, 78, 79, 80, 81, 82, 83, 84, 85, 86, 87, 88, 89, 90, 91, 92, 93, 94, 95
Alphabet: {sigma=4, l=3, A=[A, C, G, T]}
TIMER	2.619e+01	2.619e+01	2.624e+01	1	get alphabet
TIMER	3.043e+02	3.097e+02	3.165e+02	2	kmer-gen
TIMER	3.442e+02	3.487e+02	3.559e+02	3	shift-buckets
TIMER	1.229e+04	1.232e+04	1.236e+04	3	ISA-to-SA
TIMER	4.053e+02	4.117e+02	4.243e+02	3	init-lcp
iteration 21: unfinished buckets = 51313051, unfinished elements = 252565175
TIMER	2.913e+02	2.939e+02	2.963e+02	3	rebucket
TIMER	4.425e+03	4.495e+03	4.539e+03	3	SA-to-ISA
TIMER	1.798e+04	1.798e+04	1.798e+04	3	sac-iteration
Starting Bucket chasing algorithm
unresolved = 252565180, unfinished = 51313051
TIMER	1.204e+02	1.230e+02	1.232e+02	3	get active elements
TIMER	4.916e-02	5.718e-02	7.211e-02	4	bulk_query: get recv_counts
TIMER	7.483e+01	7.867e+01	8.126e+01	4	bulk_query: all2all queries
Avg queries: 2.631e+06, max queries on proc 51: 10370837
Inbalance factor: 3.942e+00x
TIMER	4.284e+01	6.481e+01	1.693e+02	4	bulk_query: local query
TIMER	6.072e+01	6.304e+01	6.665e+01	4	bulk_query: all2all query results
TIMER	1.210e+03	1.233e+03	1.266e+03	5	resolve_next_lcp: bulk_rmq
TIMER	1.480e+01	2.214e+01	2.789e+01	5	resolve_next_lcp: set LCP
TIMER	1.296e+03	1.296e+03	1.296e+03	5	LCP update
unresolved = 83264472, unfinished = 25014138
TIMER	2.994e+03	2.995e+03	2.997e+03	3	bucket-chaising iteration
TIMER	4.970e-02	5.270e-02	6.012e-02	4	bulk_query: get recv_counts
TIMER	3.373e+01	3.561e+01	3.801e+01	4	bulk_query: all2all queries
Avg queries: 8.673e+05, max queries on proc 51: 7565031
Inbalance factor: 8.722e+00x
TIMER	6.287e+00	1.531e+01	9.671e+01	4	bulk_query: local query
TIMER	1.705e+01	2.039e+01	2.186e+01	4	bulk_query: all2all query results
TIMER	5.414e+02	5.511e+02	5.588e+02	5	resolve_next_lcp: bulk_rmq
TIMER	6.092e+00	7.370e+00	8.227e+00	5	resolve_next_lcp: set LCP
TIMER	5.672e+02	5.672e+02	5.672e+02	5	LCP update
unresolved = 39125110, unfinished = 14728266
TIMER	1.218e+03	1.219e+03	1.225e+03	3	bucket-chaising iteration
TIMER	4.389e-02	4.974e-02	5.602e-02	4	bulk_query: get recv_counts
TIMER	2.381e+01	2.523e+01	2.660e+01	4	bulk_query: all2all queries
Avg queries: 4.076e+05, max queries on proc 51: 5381275
Inbalance factor: 1.320e+01x
TIMER	1.005e+00	5.008e+00	5.984e+01	4	bulk_query: local query
TIMER	1.179e+01	1.416e+01	1.514e+01	4	bulk_query: all2all query results
TIMER	4.583e+02	4.588e+02	4.595e+02	5	resolve_next_lcp: bulk_rmq
TIMER	2.938e+00	3.315e+00	3.636e+00	5	resolve_next_lcp: set LCP
TIMER	4.633e+02	4.633e+02	4.633e+02	5	LCP update
unresolved = 21253898, unfinished = 9155159
TIMER	8.292e+02	8.314e+02	8.389e+02	3	bucket-chaising iteration
TIMER	4.587e-02	5.210e-02	7.260e-02	4	bulk_query: get recv_counts
TIMER	1.470e+01	1.561e+01	1.653e+01	4	bulk_query: all2all queries
Avg queries: 2.214e+05, max queries on proc 51: 3387786
Inbalance factor: 1.530e+01x
TIMER	1.399e-01	2.142e+00	3.334e+01	4	bulk_query: local query
TIMER	6.959e+00	7.679e+00	8.508e+00	4	bulk_query: all2all query results
TIMER	4.247e+02	4.252e+02	4.285e+02	5	resolve_next_lcp: bulk_rmq
TIMER	1.615e+00	1.761e+00	1.914e+00	5	resolve_next_lcp: set LCP
TIMER	4.306e+02	4.306e+02	4.306e+02	5	LCP update
unresolved = 12458753, unfinished = 5704526
TIMER	6.360e+02	6.371e+02	6.431e+02	3	bucket-chaising iteration
TIMER	4.274e-02	4.970e-02	5.831e-02	4	bulk_query: get recv_counts
TIMER	1.060e+01	1.118e+01	1.178e+01	4	bulk_query: all2all queries
Avg queries: 1.298e+05, max queries on proc 95: 2369254
Inbalance factor: 1.826e+01x
TIMER	5.687e-02	1.094e+00	2.168e+01	4	bulk_query: local query
TIMER	4.872e+00	5.453e+00	5.643e+00	4	bulk_query: all2all query results
TIMER	4.125e+02	4.130e+02	4.165e+02	5	resolve_next_lcp: bulk_rmq
TIMER	8.833e-01	1.007e+00	1.114e+00	5	resolve_next_lcp: set LCP
TIMER	4.178e+02	4.178e+02	4.178e+02	5	LCP update
unresolved = 7057961, unfinished = 3349572
TIMER	5.511e+02	5.514e+02	5.555e+02	3	bucket-chaising iteration
TIMER	4.230e-02	5.111e-02	8.225e-02	4	bulk_query: get recv_counts
TIMER	5.933e+00	7.486e+00	8.292e+00	4	bulk_query: all2all queries
Avg queries: 7.352e+04, max queries on proc 95: 1565624
Inbalance factor: 2.130e+01x
TIMER	4.312e-02	5.725e-01	1.372e+01	4	bulk_query: local query
TIMER	2.795e+00	3.006e+00	3.273e+00	4	bulk_query: all2all query results
TIMER	4.100e+02	4.105e+02	4.143e+02	5	resolve_next_lcp: bulk_rmq
TIMER	4.190e-01	4.956e-01	6.908e-01	5	resolve_next_lcp: set LCP
TIMER	4.151e+02	4.151e+02	4.151e+02	5	LCP update
unresolved = 3830919, unfinished = 1858430
TIMER	4.945e+02	4.945e+02	4.966e+02	3	bucket-chaising iteration
TIMER	6.056e-02	7.091e-02	9.838e-02	4	bulk_query: get recv_counts
TIMER	4.019e+00	4.941e+00	5.557e+00	4	bulk_query: all2all queries
Avg queries: 3.991e+04, max queries on proc 95: 948434
Inbalance factor: 2.377e+01x
TIMER	4.500e-02	2.961e-01	8.648e+00	4	bulk_query: local query
TIMER	1.013e+00	1.198e+00	1.391e+00	4	bulk_query: all2all query results
TIMER	4.085e+02	4.087e+02	4.115e+02	5	resolve_next_lcp: bulk_rmq
TIMER	1.989e-01	2.602e-01	3.091e-01	5	resolve_next_lcp: set LCP
TIMER	4.119e+02	4.119e+02	4.119e+02	5	LCP update
unresolved = 1897267, unfinished = 927479
TIMER	4.561e+02	4.561e+02	4.582e+02	3	bucket-chaising iteration
TIMER	3.711e-02	4.564e-02	5.359e-02	4	bulk_query: get recv_counts
TIMER	2.358e+00	3.030e+00	3.987e+00	4	bulk_query: all2all queries
Avg queries: 1.976e+04, max queries on proc 95: 447515
Inbalance factor: 2.264e+01x
TIMER	5.406e-02	1.592e-01	3.933e+00	4	bulk_query: local query
TIMER	4.653e-01	6.048e-01	7.907e-01	4	bulk_query: all2all query results
TIMER	4.071e+02	4.073e+02	4.099e+02	5	resolve_next_lcp: bulk_rmq
TIMER	8.054e-02	1.205e-01	1.558e-01	5	resolve_next_lcp: set LCP
TIMER	4.102e+02	4.102e+02	4.102e+02	5	LCP update
unresolved = 887691, unfinished = 430529
TIMER	4.329e+02	4.329e+02	4.329e+02	3	bucket-chaising iteration
TIMER	3.872e-02	5.112e-02	6.321e-02	4	bulk_query: get recv_counts
TIMER	3.161e-01	4.702e-01	6.363e-01	4	bulk_query: all2all queries
Avg queries: 9.247e+03, max queries on proc 95: 206909
Inbalance factor: 2.238e+01x
TIMER	3.979e-02	7.717e-02	9.210e-01	4	bulk_query: local query
TIMER	2.854e-01	3.696e-01	4.485e-01	4	bulk_query: all2all query results
TIMER	4.055e+02	4.057e+02	4.081e+02	5	resolve_next_lcp: bulk_rmq
TIMER	3.862e-02	5.525e-02	7.533e-02	5	resolve_next_lcp: set LCP
TIMER	4.083e+02	4.083e+02	4.083e+02	5	LCP update
unresolved = 397767, unfinished = 190943
TIMER	4.166e+02	4.166e+02	4.167e+02	3	bucket-chaising iteration
TIMER	3.458e-02	3.894e-02	5.185e-02	4	bulk_query: get recv_counts
TIMER	1.725e-01	2.358e-01	3.529e-01	4	bulk_query: all2all queries
Avg queries: 4.143e+03, max queries on proc 95: 113284
Inbalance factor: 2.734e+01x
TIMER	3.764e-02	5.505e-02	4.394e-01	4	bulk_query: local query
TIMER	1.198e-01	1.790e-01	2.330e-01	4	bulk_query: all2all query results
TIMER	4.060e+02	4.062e+02	4.086e+02	5	resolve_next_lcp: bulk_rmq
TIMER	2.362e-02	3.261e-02	4.152e-02	5	resolve_next_lcp: set LCP
TIMER	4.088e+02	4.088e+02	4.088e+02	5	LCP update
unresolved = 91070, unfinished = 45535
TIMER	4.130e+02	4.130e+02	4.157e+02	3	bucket-chaising iteration
TIMER	2.836e-02	3.334e-02	4.106e-02	4	bulk_query: get recv_counts
TIMER	7.857e-02	1.110e-01	1.782e-01	4	bulk_query: all2all queries
Avg queries: 9.486e+02, max queries on proc 3: 49248
Inbalance factor: 5.191e+01x
TIMER	3.785e-02	4.337e-02	2.164e-01	4	bulk_query: local query
TIMER	4.182e-02	7.567e-02	1.120e-01	4	bulk_query: all2all query results
TIMER	4.055e+02	4.057e+02	4.081e+02	5	resolve_next_lcp: bulk_rmq
TIMER	6.205e-03	1.052e-02	1.528e-02	5	resolve_next_lcp: set LCP
TIMER	4.083e+02	4.083e+02	4.083e+02	5	LCP update
unresolved = 0, unfinished = 0
TIMER	4.103e+02	4.103e+02	4.103e+02	3	bucket-chaising iteration
TIMER	9.023e+03	9.023e+03	9.023e+03	2	construct-msgs
TIMER	1.225e+02	1.285e+02	1.329e+02	2	fix-isa
PSAC time: 2.749e+04 ms
