== Node distribution == 
== p=192 processes on 4 nodes ==
--  Node: 'c506-121.stampede2.tacc.utexas.edu' (48/192)
        Ranks: 0, 1, 2, 3, 4, 5, 6, 7, 8, 9, 10, 11, 12, 13, 14, 15, 16, 17, 18, 19, 20, 21, 22, 23, 24, 25, 26, 27, 28, 29, 30, 31, 32, 33, 34, 35, 36, 37, 38, 39, 40, 41, 42, 43, 44, 45, 46, 47
--  Node: 'c506-122.stampede2.tacc.utexas.edu' (48/192)
        Ranks: 48, 49, 50, 51, 52, 53, 54, 55, 56, 57, 58, 59, 60, 61, 62, 63, 64, 65, 66, 67, 68, 69, 70, 71, 72, 73, 74, 75, 76, 77, 78, 79, 80, 81, 82, 83, 84, 85, 86, 87, 88, 89, 90, 91, 92, 93, 94, 95
--  Node: 'c506-123.stampede2.tacc.utexas.edu' (48/192)
        Ranks: 96, 97, 98, 99, 100, 101, 102, 103, 104, 105, 106, 107, 108, 109, 110, 111, 112, 113, 114, 115, 116, 117, 118, 119, 120, 121, 122, 123, 124, 125, 126, 127, 128, 129, 130, 131, 132, 133, 134, 135, 136, 137, 138, 139, 140, 141, 142, 143
--  Node: 'c506-124.stampede2.tacc.utexas.edu' (48/192)
        Ranks: 144, 145, 146, 147, 148, 149, 150, 151, 152, 153, 154, 155, 156, 157, 158, 159, 160, 161, 162, 163, 164, 165, 166, 167, 168, 169, 170, 171, 172, 173, 174, 175, 176, 177, 178, 179, 180, 181, 182, 183, 184, 185, 186, 187, 188, 189, 190, 191
Alphabet: {sigma=4, l=3, A=[A, C, G, T]}
TIMER	1.346e+01	1.346e+01	1.350e+01	1	get alphabet
TIMER	1.506e+02	1.539e+02	1.580e+02	2	kmer-gen
TIMER	1.719e+02	1.751e+02	1.769e+02	3	shift-buckets
TIMER	6.832e+03	6.852e+03	6.882e+03	3	ISA-to-SA
TIMER	2.017e+02	2.052e+02	2.101e+02	3	init-lcp
iteration 21: unfinished buckets = 51313051, unfinished elements = 252565165
TIMER	1.464e+02	1.479e+02	1.497e+02	3	rebucket
TIMER	2.552e+03	2.583e+03	2.602e+03	3	SA-to-ISA
TIMER	1.002e+04	1.002e+04	1.002e+04	3	sac-iteration
Starting Bucket chasing algorithm
unresolved = 252565180, unfinished = 51313051
TIMER	6.492e+01	6.492e+01	6.495e+01	3	get active elements
TIMER	5.826e-02	7.223e-02	8.679e-02	4	bulk_query: get recv_counts
TIMER	6.016e+01	6.433e+01	6.691e+01	4	bulk_query: all2all queries
Avg queries: 1.315e+06, max queries on proc 102: 7318853
Inbalance factor: 5.564e+00x
TIMER	1.734e+01	2.946e+01	1.071e+02	4	bulk_query: local query
TIMER	5.251e+01	5.367e+01	5.440e+01	4	bulk_query: all2all query results
TIMER	7.579e+02	7.744e+02	8.052e+02	5	resolve_next_lcp: bulk_rmq
TIMER	6.619e+00	1.091e+01	1.608e+01	5	resolve_next_lcp: set LCP
TIMER	8.237e+02	8.237e+02	8.237e+02	5	LCP update
unresolved = 83264472, unfinished = 25014138
TIMER	1.895e+03	1.896e+03	1.896e+03	3	bucket-chaising iteration
TIMER	5.364e-02	9.313e-01	9.505e-01	4	bulk_query: get recv_counts
TIMER	3.976e+01	4.112e+01	4.216e+01	4	bulk_query: all2all queries
Avg queries: 4.337e+05, max queries on proc 102: 5585353
Inbalance factor: 1.288e+01x
TIMER	1.814e+00	6.185e+00	7.004e+01	4	bulk_query: local query
TIMER	3.031e+01	3.136e+01	3.215e+01	4	bulk_query: all2all query results
TIMER	3.218e+02	3.237e+02	3.269e+02	5	resolve_next_lcp: bulk_rmq
TIMER	2.785e+00	3.606e+00	4.259e+00	5	resolve_next_lcp: set LCP
TIMER	3.313e+02	3.313e+02	3.313e+02	5	LCP update
unresolved = 39125110, unfinished = 14728266
TIMER	7.905e+02	7.908e+02	7.950e+02	3	bucket-chaising iteration
TIMER	7.166e-02	8.551e-02	1.148e-01	4	bulk_query: get recv_counts
TIMER	1.780e+01	1.923e+01	2.044e+01	4	bulk_query: all2all queries
Avg queries: 2.038e+05, max queries on proc 102: 4113032
Inbalance factor: 2.018e+01x
TIMER	2.776e-01	2.079e+00	4.562e+01	4	bulk_query: local query
TIMER	1.478e+01	1.551e+01	1.612e+01	4	bulk_query: all2all query results
TIMER	2.399e+02	2.404e+02	2.412e+02	5	resolve_next_lcp: bulk_rmq
TIMER	1.371e+00	1.612e+00	1.842e+00	5	resolve_next_lcp: set LCP
TIMER	2.465e+02	2.465e+02	2.465e+02	5	LCP update
unresolved = 21253898, unfinished = 9155159
TIMER	5.113e+02	5.114e+02	5.142e+02	3	bucket-chaising iteration
TIMER	6.791e-02	7.838e-02	9.702e-02	4	bulk_query: get recv_counts
TIMER	1.349e+01	1.448e+01	1.599e+01	4	bulk_query: all2all queries
Avg queries: 1.107e+05, max queries on proc 191: 3062473
Inbalance factor: 2.767e+01x
TIMER	7.149e-02	9.497e-01	2.672e+01	4	bulk_query: local query
TIMER	8.903e+00	9.537e+00	9.964e+00	4	bulk_query: all2all query results
TIMER	2.161e+02	2.162e+02	2.185e+02	5	resolve_next_lcp: bulk_rmq
TIMER	6.297e-01	7.515e-01	8.674e-01	5	resolve_next_lcp: set LCP
TIMER	2.196e+02	2.196e+02	2.196e+02	5	LCP update
unresolved = 12458753, unfinished = 5704526
TIMER	3.805e+02	3.805e+02	3.805e+02	3	bucket-chaising iteration
TIMER	5.615e-02	7.139e-02	8.631e-02	4	bulk_query: get recv_counts
TIMER	1.172e+01	1.329e+01	1.489e+01	4	bulk_query: all2all queries
Avg queries: 6.489e+04, max queries on proc 191: 2232622
Inbalance factor: 3.441e+01x
TIMER	5.557e-02	5.121e-01	1.727e+01	4	bulk_query: local query
TIMER	5.178e+00	5.629e+00	6.264e+00	4	bulk_query: all2all query results
TIMER	2.108e+02	2.109e+02	2.110e+02	5	resolve_next_lcp: bulk_rmq
TIMER	3.143e-01	3.875e-01	4.738e-01	5	resolve_next_lcp: set LCP
TIMER	2.117e+02	2.117e+02	2.117e+02	5	LCP update
unresolved = 7057961, unfinished = 3349572
TIMER	3.208e+02	3.208e+02	3.209e+02	3	bucket-chaising iteration
TIMER	5.979e-02	7.680e-02	8.831e-02	4	bulk_query: get recv_counts
TIMER	2.434e+00	5.649e+00	7.532e+00	4	bulk_query: all2all queries
Avg queries: 3.676e+04, max queries on proc 191: 1516559
Inbalance factor: 4.126e+01x
TIMER	5.090e-02	2.755e-01	1.118e+01	4	bulk_query: local query
TIMER	2.539e+00	2.985e+00	3.566e+00	4	bulk_query: all2all query results
TIMER	2.054e+02	2.054e+02	2.056e+02	5	resolve_next_lcp: bulk_rmq
TIMER	1.549e-01	2.027e-01	2.606e-01	5	resolve_next_lcp: set LCP
TIMER	2.060e+02	2.060e+02	2.060e+02	5	LCP update
unresolved = 3830919, unfinished = 1858430
TIMER	2.750e+02	2.750e+02	2.750e+02	3	bucket-chaising iteration
TIMER	5.522e-02	6.191e-02	8.431e-02	4	bulk_query: get recv_counts
TIMER	1.499e+00	2.306e+00	3.418e+00	4	bulk_query: all2all queries
Avg queries: 1.995e+04, max queries on proc 191: 932599
Inbalance factor: 4.674e+01x
TIMER	4.688e-02	1.566e-01	6.088e+00	4	bulk_query: local query
TIMER	1.300e+00	1.430e+00	1.689e+00	4	bulk_query: all2all query results
TIMER	2.029e+02	2.029e+02	2.030e+02	5	resolve_next_lcp: bulk_rmq
TIMER	7.919e-02	1.122e-01	1.516e-01	5	resolve_next_lcp: set LCP
TIMER	2.033e+02	2.033e+02	2.033e+02	5	LCP update
unresolved = 1897267, unfinished = 927479
TIMER	2.416e+02	2.416e+02	2.417e+02	3	bucket-chaising iteration
TIMER	5.213e-02	6.567e-02	1.095e-01	4	bulk_query: get recv_counts
TIMER	7.202e-01	1.076e+00	1.602e+00	4	bulk_query: all2all queries
Avg queries: 9.882e+03, max queries on proc 191: 444407
Inbalance factor: 4.497e+01x
TIMER	6.211e-02	1.104e-01	2.516e+00	4	bulk_query: local query
TIMER	5.759e-01	7.223e-01	9.405e-01	4	bulk_query: all2all query results
TIMER	2.003e+02	2.003e+02	2.003e+02	5	resolve_next_lcp: bulk_rmq
TIMER	3.218e-02	5.400e-02	8.224e-02	5	resolve_next_lcp: set LCP
TIMER	2.006e+02	2.006e+02	2.006e+02	5	LCP update
unresolved = 887691, unfinished = 430529
TIMER	2.160e+02	2.160e+02	2.160e+02	3	bucket-chaising iteration
TIMER	5.509e-02	6.780e-02	9.112e-02	4	bulk_query: get recv_counts
TIMER	3.137e-01	4.489e-01	6.811e-01	4	bulk_query: all2all queries
Avg queries: 4.623e+03, max queries on proc 191: 206909
Inbalance factor: 4.475e+01x
TIMER	5.317e-02	7.341e-02	9.978e-01	4	bulk_query: local query
TIMER	7.492e-01	8.122e-01	8.716e-01	4	bulk_query: all2all query results
TIMER	2.023e+02	2.023e+02	2.023e+02	5	resolve_next_lcp: bulk_rmq
TIMER	1.881e-02	2.665e-02	3.770e-02	5	resolve_next_lcp: set LCP
TIMER	2.025e+02	2.025e+02	2.025e+02	5	LCP update
unresolved = 397767, unfinished = 190943
TIMER	2.100e+02	2.100e+02	2.100e+02	3	bucket-chaising iteration
TIMER	4.345e-02	6.286e-02	8.439e-02	4	bulk_query: get recv_counts
TIMER	1.776e-01	2.791e-01	4.506e-01	4	bulk_query: all2all queries
Avg queries: 2.072e+03, max queries on proc 191: 113284
Inbalance factor: 5.468e+01x
TIMER	4.964e-02	6.029e-02	5.055e-01	4	bulk_query: local query
TIMER	1.614e-01	2.180e-01	2.682e-01	4	bulk_query: all2all query results
TIMER	2.032e+02	2.032e+02	2.032e+02	5	resolve_next_lcp: bulk_rmq
TIMER	1.165e-02	1.824e-02	2.716e-02	5	resolve_next_lcp: set LCP
TIMER	2.034e+02	2.034e+02	2.034e+02	5	LCP update
unresolved = 91070, unfinished = 45535
TIMER	2.075e+02	2.075e+02	2.075e+02	3	bucket-chaising iteration
TIMER	4.832e-02	5.746e-02	8.681e-02	4	bulk_query: get recv_counts
TIMER	9.683e-02	1.543e-01	2.735e-01	4	bulk_query: all2all queries
Avg queries: 4.743e+02, max queries on proc 6: 49248
Inbalance factor: 1.038e+02x
TIMER	4.609e-02	5.122e-02	2.027e-01	4	bulk_query: local query
TIMER	7.448e-02	1.089e-01	1.555e-01	4	bulk_query: all2all query results
TIMER	2.027e+02	2.027e+02	2.027e+02	5	resolve_next_lcp: bulk_rmq
TIMER	2.824e-03	5.521e-03	9.547e-03	5	resolve_next_lcp: set LCP
TIMER	2.029e+02	2.029e+02	2.029e+02	5	LCP update
unresolved = 0, unfinished = 0
TIMER	2.050e+02	2.050e+02	2.050e+02	3	bucket-chaising iteration
TIMER	5.334e+03	5.334e+03	5.334e+03	2	construct-msgs
TIMER	5.784e+01	6.161e+01	6.436e+01	2	fix-isa
PSAC time: 1.561e+04 ms
