== Node distribution == 
== p=96 processes on 2 nodes ==
--  Node: 'c476-134.stampede2.tacc.utexas.edu' (48/96)
        Ranks: 0, 1, 2, 3, 4, 5, 6, 7, 8, 9, 10, 11, 12, 13, 14, 15, 16, 17, 18, 19, 20, 21, 22, 23, 24, 25, 26, 27, 28, 29, 30, 31, 32, 33, 34, 35, 36, 37, 38, 39, 40, 41, 42, 43, 44, 45, 46, 47
--  Node: 'c477-003.stampede2.tacc.utexas.edu' (48/96)
        Ranks: 48, 49, 50, 51, 52, 53, 54, 55, 56, 57, 58, 59, 60, 61, 62, 63, 64, 65, 66, 67, 68, 69, 70, 71, 72, 73, 74, 75, 76, 77, 78, 79, 80, 81, 82, 83, 84, 85, 86, 87, 88, 89, 90, 91, 92, 93, 94, 95
Alphabet: {sigma=4, l=3, A=[A, C, G, T]}
TIMER	2.622e+01	2.623e+01	2.627e+01	1	get alphabet
TIMER	3.058e+02	3.115e+02	3.213e+02	2	kmer-gen
TIMER	3.464e+02	3.500e+02	3.607e+02	3	shift-buckets
TIMER	1.238e+04	1.241e+04	1.245e+04	3	ISA-to-SA
TIMER	4.046e+02	4.086e+02	4.177e+02	3	init-lcp
iteration 21: unfinished buckets = 51313051, unfinished elements = 252565175
TIMER	2.901e+02	2.930e+02	2.952e+02	3	rebucket
TIMER	4.441e+03	4.571e+03	4.644e+03	3	SA-to-ISA
TIMER	1.817e+04	1.817e+04	1.817e+04	3	sac-iteration
Starting Bucket chasing algorithm
unresolved = 252565180, unfinished = 51313051
TIMER	1.233e+02	1.233e+02	1.234e+02	3	get active elements
TIMER	5.555e-02	6.438e-02	8.545e-02	4	bulk_query: get recv_counts
TIMER	7.669e+01	7.927e+01	8.114e+01	4	bulk_query: all2all queries
Avg queries: 2.631e+06, max queries on proc 51: 10370837
Inbalance factor: 3.942e+00x
TIMER	4.255e+01	6.499e+01	1.755e+02	4	bulk_query: local query
TIMER	6.552e+01	6.883e+01	7.276e+01	4	bulk_query: all2all query results
TIMER	1.241e+03	1.264e+03	1.298e+03	5	resolve_next_lcp: bulk_rmq
TIMER	1.506e+01	2.217e+01	2.782e+01	5	resolve_next_lcp: set LCP
TIMER	1.330e+03	1.330e+03	1.330e+03	5	LCP update
unresolved = 83264472, unfinished = 25014138
TIMER	3.045e+03	3.046e+03	3.046e+03	3	bucket-chaising iteration
TIMER	4.858e-02	5.583e-02	7.655e-02	4	bulk_query: get recv_counts
TIMER	3.502e+01	3.709e+01	3.941e+01	4	bulk_query: all2all queries
Avg queries: 8.673e+05, max queries on proc 51: 7565031
Inbalance factor: 8.722e+00x
TIMER	6.425e+00	1.547e+01	9.678e+01	4	bulk_query: local query
TIMER	1.835e+01	2.645e+01	2.823e+01	4	bulk_query: all2all query results
TIMER	5.450e+02	5.548e+02	5.619e+02	5	resolve_next_lcp: bulk_rmq
TIMER	6.159e+00	7.367e+00	8.193e+00	5	resolve_next_lcp: set LCP
TIMER	5.709e+02	5.709e+02	5.709e+02	5	LCP update
unresolved = 39125110, unfinished = 14728266
TIMER	1.234e+03	1.235e+03	1.241e+03	3	bucket-chaising iteration
TIMER	4.572e-02	5.372e-02	6.280e-02	4	bulk_query: get recv_counts
TIMER	2.220e+01	2.311e+01	2.502e+01	4	bulk_query: all2all queries
Avg queries: 4.076e+05, max queries on proc 51: 5381275
Inbalance factor: 1.320e+01x
TIMER	1.010e+00	5.072e+00	6.077e+01	4	bulk_query: local query
TIMER	1.160e+01	1.360e+01	1.444e+01	4	bulk_query: all2all query results
TIMER	4.617e+02	4.623e+02	4.633e+02	5	resolve_next_lcp: bulk_rmq
TIMER	2.976e+00	3.315e+00	3.633e+00	5	resolve_next_lcp: set LCP
TIMER	4.671e+02	4.671e+02	4.671e+02	5	LCP update
unresolved = 21253898, unfinished = 9155159
TIMER	8.337e+02	8.357e+02	8.426e+02	3	bucket-chaising iteration
TIMER	4.705e-02	5.421e-02	6.740e-02	4	bulk_query: get recv_counts
TIMER	1.568e+01	1.663e+01	1.754e+01	4	bulk_query: all2all queries
Avg queries: 2.214e+05, max queries on proc 51: 3387786
Inbalance factor: 1.530e+01x
TIMER	1.374e-01	2.177e+00	3.618e+01	4	bulk_query: local query
TIMER	7.451e+00	8.606e+00	9.051e+00	4	bulk_query: all2all query results
TIMER	4.214e+02	4.219e+02	4.249e+02	5	resolve_next_lcp: bulk_rmq
TIMER	1.593e+00	1.757e+00	1.912e+00	5	resolve_next_lcp: set LCP
TIMER	4.269e+02	4.269e+02	4.269e+02	5	LCP update
unresolved = 12458753, unfinished = 5704526
TIMER	6.441e+02	6.452e+02	6.507e+02	3	bucket-chaising iteration
TIMER	4.668e-02	5.428e-02	7.291e-02	4	bulk_query: get recv_counts
TIMER	1.118e+01	1.180e+01	1.245e+01	4	bulk_query: all2all queries
Avg queries: 1.298e+05, max queries on proc 95: 2369254
Inbalance factor: 1.826e+01x
TIMER	8.709e-02	1.172e+00	2.313e+01	4	bulk_query: local query
TIMER	5.845e+00	8.183e+00	8.998e+00	4	bulk_query: all2all query results
TIMER	4.131e+02	4.135e+02	4.170e+02	5	resolve_next_lcp: bulk_rmq
TIMER	8.902e-01	1.008e+00	1.141e+00	5	resolve_next_lcp: set LCP
TIMER	4.183e+02	4.183e+02	4.183e+02	5	LCP update
unresolved = 7057961, unfinished = 3349572
TIMER	5.595e+02	5.597e+02	5.628e+02	3	bucket-chaising iteration
TIMER	4.407e-02	5.341e-02	7.351e-02	4	bulk_query: get recv_counts
TIMER	6.743e+00	8.690e+00	9.182e+00	4	bulk_query: all2all queries
Avg queries: 7.352e+04, max queries on proc 95: 1565624
Inbalance factor: 2.130e+01x
TIMER	4.066e-02	5.707e-01	1.433e+01	4	bulk_query: local query
TIMER	2.031e+00	2.651e+00	3.031e+00	4	bulk_query: all2all query results
TIMER	4.102e+02	4.106e+02	4.142e+02	5	resolve_next_lcp: bulk_rmq
TIMER	4.409e-01	4.946e-01	5.648e-01	5	resolve_next_lcp: set LCP
TIMER	4.149e+02	4.149e+02	4.149e+02	5	LCP update
unresolved = 3830919, unfinished = 1858430
TIMER	4.976e+02	4.976e+02	4.997e+02	3	bucket-chaising iteration
TIMER	4.718e-02	5.987e-02	8.238e-02	4	bulk_query: get recv_counts
TIMER	4.794e+00	5.823e+00	6.479e+00	4	bulk_query: all2all queries
Avg queries: 3.991e+04, max queries on proc 95: 948434
Inbalance factor: 2.377e+01x
TIMER	4.098e-02	2.891e-01	8.252e+00	4	bulk_query: local query
TIMER	1.012e+00	1.258e+00	1.478e+00	4	bulk_query: all2all query results
TIMER	4.087e+02	4.090e+02	4.129e+02	5	resolve_next_lcp: bulk_rmq
TIMER	2.171e-01	2.611e-01	3.069e-01	5	resolve_next_lcp: set LCP
TIMER	4.133e+02	4.134e+02	4.134e+02	5	LCP update
unresolved = 1897267, unfinished = 927479
TIMER	4.594e+02	4.594e+02	4.617e+02	3	bucket-chaising iteration
TIMER	3.905e-02	4.805e-02	6.578e-02	4	bulk_query: get recv_counts
TIMER	1.971e+00	2.721e+00	3.813e+00	4	bulk_query: all2all queries
Avg queries: 1.976e+04, max queries on proc 95: 447515
Inbalance factor: 2.264e+01x
TIMER	3.754e-02	1.356e-01	3.265e+00	4	bulk_query: local query
TIMER	4.274e-01	6.094e-01	7.950e-01	4	bulk_query: all2all query results
TIMER	4.050e+02	4.053e+02	4.090e+02	5	resolve_next_lcp: bulk_rmq
TIMER	8.312e-02	1.217e-01	1.553e-01	5	resolve_next_lcp: set LCP
TIMER	4.093e+02	4.093e+02	4.093e+02	5	LCP update
unresolved = 887691, unfinished = 430529
TIMER	4.314e+02	4.314e+02	4.314e+02	3	bucket-chaising iteration
TIMER	4.023e-02	4.769e-02	5.663e-02	4	bulk_query: get recv_counts
TIMER	5.110e-01	7.501e-01	9.420e-01	4	bulk_query: all2all queries
Avg queries: 9.247e+03, max queries on proc 95: 206909
Inbalance factor: 2.238e+01x
TIMER	3.707e-02	7.493e-02	8.959e-01	4	bulk_query: local query
TIMER	2.824e-01	3.609e-01	4.362e-01	4	bulk_query: all2all query results
TIMER	4.037e+02	4.039e+02	4.074e+02	5	resolve_next_lcp: bulk_rmq
TIMER	3.589e-02	5.389e-02	7.046e-02	5	resolve_next_lcp: set LCP
TIMER	4.076e+02	4.076e+02	4.076e+02	5	LCP update
unresolved = 397767, unfinished = 190943
TIMER	4.162e+02	4.162e+02	4.162e+02	3	bucket-chaising iteration
TIMER	3.133e-02	4.224e-02	6.220e-02	4	bulk_query: get recv_counts
TIMER	1.876e-01	2.543e-01	3.856e-01	4	bulk_query: all2all queries
Avg queries: 4.143e+03, max queries on proc 95: 113284
Inbalance factor: 2.734e+01x
TIMER	4.070e-02	5.736e-02	4.388e-01	4	bulk_query: local query
TIMER	1.356e-01	1.858e-01	2.329e-01	4	bulk_query: all2all query results
TIMER	4.024e+02	4.026e+02	4.059e+02	5	resolve_next_lcp: bulk_rmq
TIMER	2.347e-02	3.286e-02	4.249e-02	5	resolve_next_lcp: set LCP
TIMER	4.061e+02	4.061e+02	4.061e+02	5	LCP update
unresolved = 91070, unfinished = 45535
TIMER	4.104e+02	4.105e+02	4.130e+02	3	bucket-chaising iteration
TIMER	2.814e-02	4.014e-02	5.123e-02	4	bulk_query: get recv_counts
TIMER	8.353e-02	1.152e-01	1.902e-01	4	bulk_query: all2all queries
Avg queries: 9.486e+02, max queries on proc 3: 49248
Inbalance factor: 5.191e+01x
TIMER	3.825e-02	4.391e-02	2.209e-01	4	bulk_query: local query
TIMER	4.056e-02	7.563e-02	1.102e-01	4	bulk_query: all2all query results
TIMER	4.019e+02	4.021e+02	4.054e+02	5	resolve_next_lcp: bulk_rmq
TIMER	6.616e-03	1.035e-02	1.612e-02	5	resolve_next_lcp: set LCP
TIMER	4.056e+02	4.056e+02	4.056e+02	5	LCP update
unresolved = 0, unfinished = 0
TIMER	4.076e+02	4.076e+02	4.076e+02	3	bucket-chaising iteration
TIMER	9.109e+03	9.109e+03	9.109e+03	2	construct-msgs
TIMER	1.218e+02	1.322e+02	1.397e+02	2	fix-isa
PSAC time: 2.778e+04 ms
