== Node distribution == 
== p=384 processes on 8 nodes ==
--  Node: 'c506-121.stampede2.tacc.utexas.edu' (48/384)
        Ranks: 0, 1, 2, 3, 4, 5, 6, 7, 8, 9, 10, 11, 12, 13, 14, 15, 16, 17, 18, 19, 20, 21, 22, 23, 24, 25, 26, 27, 28, 29, 30, 31, 32, 33, 34, 35, 36, 37, 38, 39, 40, 41, 42, 43, 44, 45, 46, 47
--  Node: 'c506-122.stampede2.tacc.utexas.edu' (48/384)
        Ranks: 48, 49, 50, 51, 52, 53, 54, 55, 56, 57, 58, 59, 60, 61, 62, 63, 64, 65, 66, 67, 68, 69, 70, 71, 72, 73, 74, 75, 76, 77, 78, 79, 80, 81, 82, 83, 84, 85, 86, 87, 88, 89, 90, 91, 92, 93, 94, 95
--  Node: 'c506-123.stampede2.tacc.utexas.edu' (48/384)
        Ranks: 96, 97, 98, 99, 100, 101, 102, 103, 104, 105, 106, 107, 108, 109, 110, 111, 112, 113, 114, 115, 116, 117, 118, 119, 120, 121, 122, 123, 124, 125, 126, 127, 128, 129, 130, 131, 132, 133, 134, 135, 136, 137, 138, 139, 140, 141, 142, 143
--  Node: 'c506-124.stampede2.tacc.utexas.edu' (48/384)
        Ranks: 144, 145, 146, 147, 148, 149, 150, 151, 152, 153, 154, 155, 156, 157, 158, 159, 160, 161, 162, 163, 164, 165, 166, 167, 168, 169, 170, 171, 172, 173, 174, 175, 176, 177, 178, 179, 180, 181, 182, 183, 184, 185, 186, 187, 188, 189, 190, 191
--  Node: 'c506-131.stampede2.tacc.utexas.edu' (48/384)
        Ranks: 192, 193, 194, 195, 196, 197, 198, 199, 200, 201, 202, 203, 204, 205, 206, 207, 208, 209, 210, 211, 212, 213, 214, 215, 216, 217, 218, 219, 220, 221, 222, 223, 224, 225, 226, 227, 228, 229, 230, 231, 232, 233, 234, 235, 236, 237, 238, 239
--  Node: 'c506-132.stampede2.tacc.utexas.edu' (48/384)
        Ranks: 240, 241, 242, 243, 244, 245, 246, 247, 248, 249, 250, 251, 252, 253, 254, 255, 256, 257, 258, 259, 260, 261, 262, 263, 264, 265, 266, 267, 268, 269, 270, 271, 272, 273, 274, 275, 276, 277, 278, 279, 280, 281, 282, 283, 284, 285, 286, 287
--  Node: 'c506-133.stampede2.tacc.utexas.edu' (48/384)
        Ranks: 288, 289, 290, 291, 292, 293, 294, 295, 296, 297, 298, 299, 300, 301, 302, 303, 304, 305, 306, 307, 308, 309, 310, 311, 312, 313, 314, 315, 316, 317, 318, 319, 320, 321, 322, 323, 324, 325, 326, 327, 328, 329, 330, 331, 332, 333, 334, 335
--  Node: 'c506-134.stampede2.tacc.utexas.edu' (48/384)
        Ranks: 336, 337, 338, 339, 340, 341, 342, 343, 344, 345, 346, 347, 348, 349, 350, 351, 352, 353, 354, 355, 356, 357, 358, 359, 360, 361, 362, 363, 364, 365, 366, 367, 368, 369, 370, 371, 372, 373, 374, 375, 376, 377, 378, 379, 380, 381, 382, 383
Alphabet: {sigma=4, l=3, A=[A, C, G, T]}
TIMER	7.064e+00	7.075e+00	7.107e+00	1	get alphabet
TIMER	7.373e+01	7.703e+01	8.193e+01	2	kmer-gen
TIMER	8.460e+01	8.776e+01	9.650e+01	3	shift-buckets
TIMER	3.651e+03	3.666e+03	3.689e+03	3	ISA-to-SA
TIMER	1.003e+02	1.031e+02	1.079e+02	3	init-lcp
iteration 21: unfinished buckets = 51313051, unfinished elements = 252565151
TIMER	7.445e+01	7.564e+01	7.707e+01	3	rebucket
TIMER	1.343e+03	1.354e+03	1.375e+03	3	SA-to-ISA
TIMER	5.348e+03	5.348e+03	5.350e+03	3	sac-iteration
Starting Bucket chasing algorithm
unresolved = 252565180, unfinished = 51313051
TIMER	3.442e+01	3.575e+01	3.578e+01	3	get active elements
TIMER	8.673e-02	1.170e-01	1.456e-01	4	bulk_query: get recv_counts
TIMER	6.772e+01	7.181e+01	7.337e+01	4	bulk_query: all2all queries
Avg queries: 6.577e+05, max queries on proc 205: 5686338
Inbalance factor: 8.646e+00x
TIMER	5.890e+00	1.297e+01	7.383e+01	4	bulk_query: local query
TIMER	6.442e+01	6.606e+01	6.714e+01	4	bulk_query: all2all query results
TIMER	5.317e+02	5.404e+02	5.713e+02	5	resolve_next_lcp: bulk_rmq
TIMER	3.121e+00	5.378e+00	8.982e+00	5	resolve_next_lcp: set LCP
TIMER	5.805e+02	5.805e+02	5.805e+02	5	LCP update
unresolved = 83264472, unfinished = 25014138
TIMER	1.340e+03	1.341e+03	1.341e+03	3	bucket-chaising iteration
TIMER	8.743e-02	1.225e-01	1.599e-01	4	bulk_query: get recv_counts
TIMER	2.992e+01	3.116e+01	3.230e+01	4	bulk_query: all2all queries
Avg queries: 2.168e+05, max queries on proc 205: 4553617
Inbalance factor: 2.100e+01x
TIMER	5.903e-01	2.611e+00	5.148e+01	4	bulk_query: local query
TIMER	2.294e+01	2.348e+01	2.426e+01	4	bulk_query: all2all query results
TIMER	1.721e+02	1.736e+02	1.756e+02	5	resolve_next_lcp: bulk_rmq
TIMER	1.128e+00	1.776e+00	2.279e+00	5	resolve_next_lcp: set LCP
TIMER	1.780e+02	1.780e+02	1.780e+02	5	LCP update
unresolved = 39125110, unfinished = 14728266
TIMER	4.971e+02	4.972e+02	4.989e+02	3	bucket-chaising iteration
TIMER	9.809e-02	1.276e-01	1.588e-01	4	bulk_query: get recv_counts
TIMER	1.817e+01	1.893e+01	1.965e+01	4	bulk_query: all2all queries
Avg queries: 1.019e+05, max queries on proc 205: 3302336
Inbalance factor: 3.241e+01x
TIMER	1.091e-01	9.100e-01	3.416e+01	4	bulk_query: local query
TIMER	1.115e+01	1.177e+01	1.247e+01	4	bulk_query: all2all query results
TIMER	1.238e+02	1.240e+02	1.246e+02	5	resolve_next_lcp: bulk_rmq
TIMER	5.304e-01	7.049e-01	9.179e-01	5	resolve_next_lcp: set LCP
TIMER	1.257e+02	1.257e+02	1.257e+02	5	LCP update
unresolved = 21253898, unfinished = 9155159
TIMER	3.067e+02	3.067e+02	3.077e+02	3	bucket-chaising iteration
TIMER	9.271e-02	1.227e-01	1.552e-01	4	bulk_query: get recv_counts
TIMER	7.464e+00	7.916e+00	8.397e+00	4	bulk_query: all2all queries
Avg queries: 5.535e+04, max queries on proc 205: 2117007
Inbalance factor: 3.825e+01x
TIMER	6.408e-02	4.523e-01	1.662e+01	4	bulk_query: local query
TIMER	5.937e+00	6.417e+00	6.931e+00	4	bulk_query: all2all query results
TIMER	1.074e+02	1.075e+02	1.076e+02	5	resolve_next_lcp: bulk_rmq
TIMER	2.457e-01	2.970e-01	3.813e-01	5	resolve_next_lcp: set LCP
TIMER	1.081e+02	1.081e+02	1.081e+02	5	LCP update
unresolved = 12458753, unfinished = 5704526
TIMER	2.043e+02	2.043e+02	2.052e+02	3	bucket-chaising iteration
TIMER	9.047e-02	1.157e-01	1.389e-01	4	bulk_query: get recv_counts
TIMER	1.970e+00	4.513e+00	5.118e+00	4	bulk_query: all2all queries
Avg queries: 3.244e+04, max queries on proc 382: 1196893
Inbalance factor: 3.689e+01x
TIMER	4.593e-02	2.499e-01	9.344e+00	4	bulk_query: local query
TIMER	3.312e+00	3.444e+00	3.677e+00	4	bulk_query: all2all query results
TIMER	1.039e+02	1.040e+02	1.040e+02	5	resolve_next_lcp: bulk_rmq
TIMER	1.160e-01	1.675e-01	2.247e-01	5	resolve_next_lcp: set LCP
TIMER	1.044e+02	1.045e+02	1.045e+02	5	LCP update
unresolved = 7057961, unfinished = 3349572
TIMER	1.574e+02	1.574e+02	1.574e+02	3	bucket-chaising iteration
TIMER	8.778e-02	1.114e-01	1.329e-01	4	bulk_query: get recv_counts
TIMER	1.239e+00	2.407e+00	3.372e+00	4	bulk_query: all2all queries
Avg queries: 1.838e+04, max queries on proc 382: 796743
Inbalance factor: 4.335e+01x
TIMER	6.388e-02	1.714e-01	5.847e+00	4	bulk_query: local query
TIMER	1.756e+00	1.979e+00	2.324e+00	4	bulk_query: all2all query results
TIMER	1.025e+02	1.026e+02	1.026e+02	5	resolve_next_lcp: bulk_rmq
TIMER	6.062e-02	9.207e-02	1.258e-01	5	resolve_next_lcp: set LCP
TIMER	1.029e+02	1.029e+02	1.029e+02	5	LCP update
unresolved = 3830919, unfinished = 1858430
TIMER	1.355e+02	1.355e+02	1.355e+02	3	bucket-chaising iteration
TIMER	8.267e-02	1.111e-01	1.389e-01	4	bulk_query: get recv_counts
TIMER	8.926e-01	1.393e+00	2.189e+00	4	bulk_query: all2all queries
Avg queries: 9.976e+03, max queries on proc 383: 514056
Inbalance factor: 5.153e+01x
TIMER	5.937e-02	1.092e-01	3.168e+00	4	bulk_query: local query
TIMER	1.035e+00	1.147e+00	1.318e+00	4	bulk_query: all2all query results
TIMER	1.016e+02	1.016e+02	1.017e+02	5	resolve_next_lcp: bulk_rmq
TIMER	3.430e-02	5.180e-02	7.372e-02	5	resolve_next_lcp: set LCP
TIMER	1.019e+02	1.019e+02	1.019e+02	5	LCP update
unresolved = 1897267, unfinished = 927479
TIMER	1.216e+02	1.216e+02	1.216e+02	3	bucket-chaising iteration
TIMER	8.331e-02	1.057e-01	1.346e-01	4	bulk_query: get recv_counts
TIMER	5.211e-01	8.314e-01	1.392e+00	4	bulk_query: all2all queries
Avg queries: 4.941e+03, max queries on proc 383: 333922
Inbalance factor: 6.758e+01x
TIMER	4.760e-02	8.183e-02	1.591e+00	4	bulk_query: local query
TIMER	5.913e-01	6.549e-01	7.517e-01	4	bulk_query: all2all query results
TIMER	1.006e+02	1.007e+02	1.007e+02	5	resolve_next_lcp: bulk_rmq
TIMER	1.716e-02	2.758e-02	4.568e-02	5	resolve_next_lcp: set LCP
TIMER	1.009e+02	1.009e+02	1.009e+02	5	LCP update
unresolved = 887691, unfinished = 430529
TIMER	1.122e+02	1.122e+02	1.123e+02	3	bucket-chaising iteration
TIMER	8.260e-02	1.074e-01	1.386e-01	4	bulk_query: get recv_counts
TIMER	3.328e-01	5.466e-01	9.030e-01	4	bulk_query: all2all queries
Avg queries: 2.312e+03, max queries on proc 383: 205310
Inbalance factor: 8.881e+01x
TIMER	1.063e-01	2.198e+00	2.965e+00	4	bulk_query: local query
TIMER	3.430e-01	4.183e-01	4.985e-01	4	bulk_query: all2all query results
TIMER	1.017e+02	1.017e+02	1.018e+02	5	resolve_next_lcp: bulk_rmq
TIMER	9.583e-03	1.417e-02	4.416e-02	5	resolve_next_lcp: set LCP
TIMER	1.020e+02	1.020e+02	1.020e+02	5	LCP update
unresolved = 397767, unfinished = 190943
TIMER	1.111e+02	1.111e+02	1.111e+02	3	bucket-chaising iteration
TIMER	8.107e-02	1.070e-01	1.240e-01	4	bulk_query: get recv_counts
TIMER	1.981e-01	4.091e-01	6.694e-01	4	bulk_query: all2all queries
Avg queries: 1.036e+03, max queries on proc 383: 113284
Inbalance factor: 1.094e+02x
TIMER	5.214e-02	5.898e-02	4.718e-01	4	bulk_query: local query
TIMER	1.816e-01	2.744e-01	3.449e-01	4	bulk_query: all2all query results
TIMER	1.016e+02	1.016e+02	1.017e+02	5	resolve_next_lcp: bulk_rmq
TIMER	5.372e-03	8.904e-03	1.154e-02	5	resolve_next_lcp: set LCP
TIMER	1.019e+02	1.019e+02	1.019e+02	5	LCP update
unresolved = 91070, unfinished = 45535
TIMER	1.089e+02	1.089e+02	1.089e+02	3	bucket-chaising iteration
TIMER	8.224e-02	1.012e-01	1.258e-01	4	bulk_query: get recv_counts
TIMER	1.597e-01	3.181e-01	5.063e-01	4	bulk_query: all2all queries
Avg queries: 2.372e+02, max queries on proc 13: 49248
Inbalance factor: 2.077e+02x
TIMER	5.006e-02	5.434e-02	2.454e-01	4	bulk_query: local query
TIMER	1.447e-01	1.981e-01	2.703e-01	4	bulk_query: all2all query results
TIMER	1.021e+02	1.021e+02	1.021e+02	5	resolve_next_lcp: bulk_rmq
TIMER	1.675e-03	3.115e-03	5.041e-03	5	resolve_next_lcp: set LCP
TIMER	1.023e+02	1.023e+02	1.023e+02	5	LCP update
unresolved = 0, unfinished = 0
TIMER	1.052e+02	1.052e+02	1.052e+02	3	bucket-chaising iteration
TIMER	3.247e+03	3.247e+03	3.247e+03	2	construct-msgs
TIMER	3.033e+01	3.378e+01	3.612e+01	2	fix-isa
PSAC time: 8.732e+03 ms
