== Node distribution == 
== p=384 processes on 8 nodes ==
--  Node: 'c506-121.stampede2.tacc.utexas.edu' (48/384)
        Ranks: 0, 1, 2, 3, 4, 5, 6, 7, 8, 9, 10, 11, 12, 13, 14, 15, 16, 17, 18, 19, 20, 21, 22, 23, 24, 25, 26, 27, 28, 29, 30, 31, 32, 33, 34, 35, 36, 37, 38, 39, 40, 41, 42, 43, 44, 45, 46, 47
--  Node: 'c506-122.stampede2.tacc.utexas.edu' (48/384)
        Ranks: 48, 49, 50, 51, 52, 53, 54, 55, 56, 57, 58, 59, 60, 61, 62, 63, 64, 65, 66, 67, 68, 69, 70, 71, 72, 73, 74, 75, 76, 77, 78, 79, 80, 81, 82, 83, 84, 85, 86, 87, 88, 89, 90, 91, 92, 93, 94, 95
--  Node: 'c506-123.stampede2.tacc.utexas.edu' (48/384)
        Ranks: 96, 97, 98, 99, 100, 101, 102, 103, 104, 105, 106, 107, 108, 109, 110, 111, 112, 113, 114, 115, 116, 117, 118, 119, 120, 121, 122, 123, 124, 125, 126, 127, 128, 129, 130, 131, 132, 133, 134, 135, 136, 137, 138, 139, 140, 141, 142, 143
--  Node: 'c506-124.stampede2.tacc.utexas.edu' (48/384)
        Ranks: 144, 145, 146, 147, 148, 149, 150, 151, 152, 153, 154, 155, 156, 157, 158, 159, 160, 161, 162, 163, 164, 165, 166, 167, 168, 169, 170, 171, 172, 173, 174, 175, 176, 177, 178, 179, 180, 181, 182, 183, 184, 185, 186, 187, 188, 189, 190, 191
--  Node: 'c506-131.stampede2.tacc.utexas.edu' (48/384)
        Ranks: 192, 193, 194, 195, 196, 197, 198, 199, 200, 201, 202, 203, 204, 205, 206, 207, 208, 209, 210, 211, 212, 213, 214, 215, 216, 217, 218, 219, 220, 221, 222, 223, 224, 225, 226, 227, 228, 229, 230, 231, 232, 233, 234, 235, 236, 237, 238, 239
--  Node: 'c506-132.stampede2.tacc.utexas.edu' (48/384)
        Ranks: 240, 241, 242, 243, 244, 245, 246, 247, 248, 249, 250, 251, 252, 253, 254, 255, 256, 257, 258, 259, 260, 261, 262, 263, 264, 265, 266, 267, 268, 269, 270, 271, 272, 273, 274, 275, 276, 277, 278, 279, 280, 281, 282, 283, 284, 285, 286, 287
--  Node: 'c506-133.stampede2.tacc.utexas.edu' (48/384)
        Ranks: 288, 289, 290, 291, 292, 293, 294, 295, 296, 297, 298, 299, 300, 301, 302, 303, 304, 305, 306, 307, 308, 309, 310, 311, 312, 313, 314, 315, 316, 317, 318, 319, 320, 321, 322, 323, 324, 325, 326, 327, 328, 329, 330, 331, 332, 333, 334, 335
--  Node: 'c506-134.stampede2.tacc.utexas.edu' (48/384)
        Ranks: 336, 337, 338, 339, 340, 341, 342, 343, 344, 345, 346, 347, 348, 349, 350, 351, 352, 353, 354, 355, 356, 357, 358, 359, 360, 361, 362, 363, 364, 365, 366, 367, 368, 369, 370, 371, 372, 373, 374, 375, 376, 377, 378, 379, 380, 381, 382, 383
Alphabet: {sigma=4, l=3, A=[A, C, G, T]}
TIMER	7.118e+00	7.130e+00	7.159e+00	1	get alphabet
TIMER	7.454e+01	7.717e+01	8.237e+01	2	kmer-gen
TIMER	8.272e+01	8.734e+01	9.935e+01	3	shift-buckets
TIMER	3.620e+03	3.636e+03	3.657e+03	3	ISA-to-SA
TIMER	1.005e+02	1.031e+02	1.085e+02	3	init-lcp
iteration 21: unfinished buckets = 51313051, unfinished elements = 252565151
TIMER	7.462e+01	7.567e+01	7.730e+01	3	rebucket
TIMER	1.338e+03	1.348e+03	1.368e+03	3	SA-to-ISA
TIMER	5.312e+03	5.312e+03	5.312e+03	3	sac-iteration
Starting Bucket chasing algorithm
unresolved = 252565180, unfinished = 51313051
TIMER	3.530e+01	3.554e+01	3.557e+01	3	get active elements
TIMER	1.120e-01	1.300e-01	1.560e-01	4	bulk_query: get recv_counts
TIMER	6.951e+01	7.218e+01	7.376e+01	4	bulk_query: all2all queries
Avg queries: 6.577e+05, max queries on proc 205: 5686338
Inbalance factor: 8.646e+00x
TIMER	6.100e+00	1.298e+01	7.284e+01	4	bulk_query: local query
TIMER	6.341e+01	6.520e+01	6.692e+01	4	bulk_query: all2all query results
TIMER	5.307e+02	5.403e+02	5.720e+02	5	resolve_next_lcp: bulk_rmq
TIMER	3.162e+00	5.370e+00	8.987e+00	5	resolve_next_lcp: set LCP
TIMER	5.811e+02	5.811e+02	5.812e+02	5	LCP update
unresolved = 83264472, unfinished = 25014138
TIMER	1.344e+03	1.345e+03	1.345e+03	3	bucket-chaising iteration
TIMER	9.789e-02	1.187e-01	1.503e-01	4	bulk_query: get recv_counts
TIMER	2.872e+01	2.969e+01	3.077e+01	4	bulk_query: all2all queries
Avg queries: 2.168e+05, max queries on proc 205: 4553617
Inbalance factor: 2.100e+01x
TIMER	5.688e-01	2.598e+00	5.048e+01	4	bulk_query: local query
TIMER	2.328e+01	2.423e+01	2.499e+01	4	bulk_query: all2all query results
TIMER	1.739e+02	1.751e+02	1.769e+02	5	resolve_next_lcp: bulk_rmq
TIMER	1.151e+00	1.775e+00	2.236e+00	5	resolve_next_lcp: set LCP
TIMER	1.793e+02	1.793e+02	1.793e+02	5	LCP update
unresolved = 39125110, unfinished = 14728266
TIMER	4.962e+02	4.962e+02	4.978e+02	3	bucket-chaising iteration
TIMER	9.141e-02	1.122e-01	1.313e-01	4	bulk_query: get recv_counts
TIMER	1.839e+01	1.880e+01	1.948e+01	4	bulk_query: all2all queries
Avg queries: 1.019e+05, max queries on proc 205: 3302336
Inbalance factor: 3.241e+01x
TIMER	1.143e-01	9.045e-01	3.200e+01	4	bulk_query: local query
TIMER	1.113e+01	1.193e+01	1.264e+01	4	bulk_query: all2all query results
TIMER	1.241e+02	1.243e+02	1.249e+02	5	resolve_next_lcp: bulk_rmq
TIMER	5.316e-01	7.054e-01	9.134e-01	5	resolve_next_lcp: set LCP
TIMER	1.259e+02	1.260e+02	1.260e+02	5	LCP update
unresolved = 21253898, unfinished = 9155159
TIMER	3.017e+02	3.017e+02	3.026e+02	3	bucket-chaising iteration
TIMER	9.315e-02	1.222e-01	1.497e-01	4	bulk_query: get recv_counts
TIMER	7.864e+00	8.260e+00	8.712e+00	4	bulk_query: all2all queries
Avg queries: 5.535e+04, max queries on proc 205: 2117007
Inbalance factor: 3.825e+01x
TIMER	5.750e-02	4.517e-01	1.809e+01	4	bulk_query: local query
TIMER	6.271e+00	6.766e+00	7.237e+00	4	bulk_query: all2all query results
TIMER	1.077e+02	1.078e+02	1.079e+02	5	resolve_next_lcp: bulk_rmq
TIMER	2.232e-01	2.968e-01	3.758e-01	5	resolve_next_lcp: set LCP
TIMER	1.084e+02	1.084e+02	1.084e+02	5	LCP update
unresolved = 12458753, unfinished = 5704526
TIMER	2.010e+02	2.010e+02	2.018e+02	3	bucket-chaising iteration
TIMER	8.467e-02	1.065e-01	1.325e-01	4	bulk_query: get recv_counts
TIMER	2.068e+00	4.345e+00	4.919e+00	4	bulk_query: all2all queries
Avg queries: 3.244e+04, max queries on proc 382: 1196893
Inbalance factor: 3.689e+01x
TIMER	5.360e-02	2.578e-01	9.253e+00	4	bulk_query: local query
TIMER	3.455e+00	3.565e+00	3.796e+00	4	bulk_query: all2all query results
TIMER	1.040e+02	1.040e+02	1.041e+02	5	resolve_next_lcp: bulk_rmq
TIMER	1.239e-01	1.676e-01	2.321e-01	5	resolve_next_lcp: set LCP
TIMER	1.045e+02	1.045e+02	1.045e+02	5	LCP update
unresolved = 7057961, unfinished = 3349572
TIMER	1.579e+02	1.579e+02	1.579e+02	3	bucket-chaising iteration
TIMER	8.342e-02	1.068e-01	1.278e-01	4	bulk_query: get recv_counts
TIMER	1.259e+00	2.437e+00	3.301e+00	4	bulk_query: all2all queries
Avg queries: 1.838e+04, max queries on proc 382: 796743
Inbalance factor: 4.335e+01x
TIMER	4.477e-02	1.481e-01	5.632e+00	4	bulk_query: local query
TIMER	1.755e+00	1.949e+00	2.254e+00	4	bulk_query: all2all query results
TIMER	1.023e+02	1.024e+02	1.024e+02	5	resolve_next_lcp: bulk_rmq
TIMER	6.455e-02	9.173e-02	1.252e-01	5	resolve_next_lcp: set LCP
TIMER	1.027e+02	1.027e+02	1.027e+02	5	LCP update
unresolved = 3830919, unfinished = 1858430
TIMER	1.354e+02	1.354e+02	1.355e+02	3	bucket-chaising iteration
TIMER	7.448e-02	1.067e-01	1.320e-01	4	bulk_query: get recv_counts
TIMER	8.445e-01	1.396e+00	2.183e+00	4	bulk_query: all2all queries
Avg queries: 9.976e+03, max queries on proc 383: 514056
Inbalance factor: 5.153e+01x
TIMER	4.929e-02	1.018e-01	3.155e+00	4	bulk_query: local query
TIMER	1.030e+00	1.132e+00	1.312e+00	4	bulk_query: all2all query results
TIMER	1.011e+02	1.011e+02	1.012e+02	5	resolve_next_lcp: bulk_rmq
TIMER	3.479e-02	5.254e-02	7.278e-02	5	resolve_next_lcp: set LCP
TIMER	1.014e+02	1.014e+02	1.014e+02	5	LCP update
unresolved = 1897267, unfinished = 927479
TIMER	1.210e+02	1.210e+02	1.210e+02	3	bucket-chaising iteration
TIMER	8.440e-02	1.099e-01	1.366e-01	4	bulk_query: get recv_counts
TIMER	5.268e-01	8.294e-01	1.361e+00	4	bulk_query: all2all queries
Avg queries: 4.941e+03, max queries on proc 383: 333922
Inbalance factor: 6.758e+01x
TIMER	5.067e-02	7.374e-02	1.587e+00	4	bulk_query: local query
TIMER	5.858e-01	6.488e-01	7.424e-01	4	bulk_query: all2all query results
TIMER	1.018e+02	1.018e+02	1.019e+02	5	resolve_next_lcp: bulk_rmq
TIMER	1.657e-02	2.740e-02	4.377e-02	5	resolve_next_lcp: set LCP
TIMER	1.021e+02	1.021e+02	1.021e+02	5	LCP update
unresolved = 887691, unfinished = 430529
TIMER	1.135e+02	1.135e+02	1.135e+02	3	bucket-chaising iteration
TIMER	8.055e-02	1.045e-01	1.250e-01	4	bulk_query: get recv_counts
TIMER	3.652e-01	5.529e-01	9.087e-01	4	bulk_query: all2all queries
Avg queries: 2.312e+03, max queries on proc 383: 205310
Inbalance factor: 8.881e+01x
TIMER	3.824e-02	5.412e-02	8.459e-01	4	bulk_query: local query
TIMER	3.313e-01	4.087e-01	4.833e-01	4	bulk_query: all2all query results
TIMER	1.015e+02	1.015e+02	1.016e+02	5	resolve_next_lcp: bulk_rmq
TIMER	9.271e-03	1.416e-02	2.118e-02	5	resolve_next_lcp: set LCP
TIMER	1.017e+02	1.017e+02	1.017e+02	5	LCP update
unresolved = 397767, unfinished = 190943
TIMER	1.086e+02	1.086e+02	1.086e+02	3	bucket-chaising iteration
TIMER	8.190e-02	1.017e-01	1.217e-01	4	bulk_query: get recv_counts
TIMER	2.199e-01	4.359e-01	7.230e-01	4	bulk_query: all2all queries
Avg queries: 1.036e+03, max queries on proc 383: 113284
Inbalance factor: 1.094e+02x
TIMER	4.023e-02	4.657e-02	5.122e-01	4	bulk_query: local query
TIMER	1.687e-01	2.612e-01	3.282e-01	4	bulk_query: all2all query results
TIMER	1.002e+02	1.002e+02	1.002e+02	5	resolve_next_lcp: bulk_rmq
TIMER	5.546e-03	8.848e-03	1.205e-02	5	resolve_next_lcp: set LCP
TIMER	1.003e+02	1.003e+02	1.003e+02	5	LCP update
unresolved = 91070, unfinished = 45535
TIMER	1.049e+02	1.049e+02	1.049e+02	3	bucket-chaising iteration
TIMER	8.245e-02	9.473e-02	1.147e-01	4	bulk_query: get recv_counts
TIMER	1.517e-01	2.953e-01	5.045e-01	4	bulk_query: all2all queries
Avg queries: 2.372e+02, max queries on proc 13: 49248
Inbalance factor: 2.077e+02x
TIMER	4.333e-02	4.769e-02	2.109e-01	4	bulk_query: local query
TIMER	1.283e-01	1.786e-01	2.311e-01	4	bulk_query: all2all query results
TIMER	1.006e+02	1.007e+02	1.007e+02	5	resolve_next_lcp: bulk_rmq
TIMER	1.764e-03	3.107e-03	6.882e-03	5	resolve_next_lcp: set LCP
TIMER	1.008e+02	1.008e+02	1.008e+02	5	LCP update
unresolved = 0, unfinished = 0
TIMER	1.057e+02	1.057e+02	1.057e+02	3	bucket-chaising iteration
TIMER	3.236e+03	3.236e+03	3.236e+03	2	construct-msgs
TIMER	3.029e+01	3.372e+01	3.625e+01	2	fix-isa
PSAC time: 8.684e+03 ms
