== Node distribution == 
== p=192 processes on 4 nodes ==
--  Node: 'c476-134.stampede2.tacc.utexas.edu' (48/192)
        Ranks: 0, 1, 2, 3, 4, 5, 6, 7, 8, 9, 10, 11, 12, 13, 14, 15, 16, 17, 18, 19, 20, 21, 22, 23, 24, 25, 26, 27, 28, 29, 30, 31, 32, 33, 34, 35, 36, 37, 38, 39, 40, 41, 42, 43, 44, 45, 46, 47
--  Node: 'c477-003.stampede2.tacc.utexas.edu' (48/192)
        Ranks: 48, 49, 50, 51, 52, 53, 54, 55, 56, 57, 58, 59, 60, 61, 62, 63, 64, 65, 66, 67, 68, 69, 70, 71, 72, 73, 74, 75, 76, 77, 78, 79, 80, 81, 82, 83, 84, 85, 86, 87, 88, 89, 90, 91, 92, 93, 94, 95
--  Node: 'c477-004.stampede2.tacc.utexas.edu' (48/192)
        Ranks: 96, 97, 98, 99, 100, 101, 102, 103, 104, 105, 106, 107, 108, 109, 110, 111, 112, 113, 114, 115, 116, 117, 118, 119, 120, 121, 122, 123, 124, 125, 126, 127, 128, 129, 130, 131, 132, 133, 134, 135, 136, 137, 138, 139, 140, 141, 142, 143
--  Node: 'c477-012.stampede2.tacc.utexas.edu' (48/192)
        Ranks: 144, 145, 146, 147, 148, 149, 150, 151, 152, 153, 154, 155, 156, 157, 158, 159, 160, 161, 162, 163, 164, 165, 166, 167, 168, 169, 170, 171, 172, 173, 174, 175, 176, 177, 178, 179, 180, 181, 182, 183, 184, 185, 186, 187, 188, 189, 190, 191
Alphabet: {sigma=4, l=3, A=[A, C, G, T]}
TIMER	1.338e+01	1.339e+01	1.342e+01	1	get alphabet
TIMER	1.514e+02	1.563e+02	1.630e+02	2	kmer-gen
TIMER	1.685e+02	1.765e+02	2.030e+02	3	shift-buckets
TIMER	6.807e+03	6.827e+03	6.854e+03	3	ISA-to-SA
TIMER	1.993e+02	2.051e+02	2.099e+02	3	init-lcp
iteration 21: unfinished buckets = 51313051, unfinished elements = 252565165
TIMER	1.484e+02	1.502e+02	1.521e+02	3	rebucket
TIMER	2.617e+03	2.647e+03	2.680e+03	3	SA-to-ISA
TIMER	1.010e+04	1.010e+04	1.010e+04	3	sac-iteration
Starting Bucket chasing algorithm
unresolved = 252565180, unfinished = 51313051
TIMER	6.206e+01	6.379e+01	6.382e+01	3	get active elements
TIMER	6.009e-02	1.046e+00	1.067e+00	4	bulk_query: get recv_counts
TIMER	6.125e+01	6.417e+01	6.701e+01	4	bulk_query: all2all queries
Avg queries: 1.315e+06, max queries on proc 102: 7318853
Inbalance factor: 5.564e+00x
TIMER	1.769e+01	2.960e+01	1.037e+02	4	bulk_query: local query
TIMER	5.053e+01	5.229e+01	5.338e+01	4	bulk_query: all2all query results
TIMER	7.668e+02	7.822e+02	8.138e+02	5	resolve_next_lcp: bulk_rmq
TIMER	6.890e+00	1.095e+01	1.602e+01	5	resolve_next_lcp: set LCP
TIMER	8.304e+02	8.304e+02	8.304e+02	5	LCP update
unresolved = 83264472, unfinished = 25014138
TIMER	1.902e+03	1.903e+03	1.903e+03	3	bucket-chaising iteration
TIMER	6.047e-02	7.684e-02	1.111e-01	4	bulk_query: get recv_counts
TIMER	4.159e+01	4.253e+01	4.374e+01	4	bulk_query: all2all queries
Avg queries: 4.337e+05, max queries on proc 102: 5585353
Inbalance factor: 1.288e+01x
TIMER	1.750e+00	6.212e+00	6.669e+01	4	bulk_query: local query
TIMER	3.146e+01	3.246e+01	3.322e+01	4	bulk_query: all2all query results
TIMER	3.205e+02	3.224e+02	3.255e+02	5	resolve_next_lcp: bulk_rmq
TIMER	2.905e+00	3.618e+00	4.292e+00	5	resolve_next_lcp: set LCP
TIMER	3.300e+02	3.300e+02	3.300e+02	5	LCP update
unresolved = 39125110, unfinished = 14728266
TIMER	7.791e+02	7.798e+02	7.825e+02	3	bucket-chaising iteration
TIMER	7.710e-02	9.518e-02	1.282e-01	4	bulk_query: get recv_counts
TIMER	2.323e+01	2.441e+01	2.574e+01	4	bulk_query: all2all queries
Avg queries: 2.038e+05, max queries on proc 102: 4113032
Inbalance factor: 2.018e+01x
TIMER	2.537e-01	2.049e+00	4.312e+01	4	bulk_query: local query
TIMER	1.558e+01	1.664e+01	1.739e+01	4	bulk_query: all2all query results
TIMER	2.408e+02	2.413e+02	2.421e+02	5	resolve_next_lcp: bulk_rmq
TIMER	1.376e+00	1.618e+00	1.878e+00	5	resolve_next_lcp: set LCP
TIMER	2.442e+02	2.442e+02	2.442e+02	5	LCP update
unresolved = 21253898, unfinished = 9155159
TIMER	5.085e+02	5.085e+02	5.108e+02	3	bucket-chaising iteration
TIMER	1.095e-01	2.449e-01	4.547e-01	4	bulk_query: get recv_counts
TIMER	1.326e+01	1.393e+01	1.533e+01	4	bulk_query: all2all queries
Avg queries: 1.107e+05, max queries on proc 191: 3062473
Inbalance factor: 2.767e+01x
TIMER	1.110e-01	9.869e-01	2.663e+01	4	bulk_query: local query
TIMER	9.401e+00	1.030e+01	1.175e+01	4	bulk_query: all2all query results
TIMER	2.221e+02	2.223e+02	2.227e+02	5	resolve_next_lcp: bulk_rmq
TIMER	5.987e-01	7.545e-01	9.325e-01	5	resolve_next_lcp: set LCP
TIMER	2.237e+02	2.237e+02	2.237e+02	5	LCP update
unresolved = 12458753, unfinished = 5704526
TIMER	3.911e+02	3.911e+02	3.924e+02	3	bucket-chaising iteration
TIMER	6.474e-02	8.097e-02	1.141e-01	4	bulk_query: get recv_counts
TIMER	1.072e+01	1.169e+01	1.256e+01	4	bulk_query: all2all queries
Avg queries: 6.489e+04, max queries on proc 191: 2232622
Inbalance factor: 3.441e+01x
TIMER	4.611e-02	4.992e-01	1.713e+01	4	bulk_query: local query
TIMER	5.269e+00	5.570e+00	5.936e+00	4	bulk_query: all2all query results
TIMER	2.085e+02	2.086e+02	2.087e+02	5	resolve_next_lcp: bulk_rmq
TIMER	2.993e-01	3.890e-01	4.815e-01	5	resolve_next_lcp: set LCP
TIMER	2.094e+02	2.094e+02	2.094e+02	5	LCP update
unresolved = 7057961, unfinished = 3349572
TIMER	3.180e+02	3.180e+02	3.181e+02	3	bucket-chaising iteration
TIMER	6.317e-02	8.465e-02	1.277e-01	4	bulk_query: get recv_counts
TIMER	2.694e+00	5.781e+00	7.541e+00	4	bulk_query: all2all queries
Avg queries: 3.676e+04, max queries on proc 191: 1516559
Inbalance factor: 4.126e+01x
TIMER	4.954e-02	2.752e-01	1.127e+01	4	bulk_query: local query
TIMER	2.468e+00	2.864e+00	3.575e+00	4	bulk_query: all2all query results
TIMER	2.035e+02	2.036e+02	2.037e+02	5	resolve_next_lcp: bulk_rmq
TIMER	1.622e-01	2.048e-01	2.757e-01	5	resolve_next_lcp: set LCP
TIMER	2.041e+02	2.041e+02	2.041e+02	5	LCP update
unresolved = 3830919, unfinished = 1858430
TIMER	2.681e+02	2.681e+02	2.681e+02	3	bucket-chaising iteration
TIMER	5.852e-02	7.500e-02	1.196e-01	4	bulk_query: get recv_counts
TIMER	1.548e+00	2.332e+00	3.340e+00	4	bulk_query: all2all queries
Avg queries: 1.995e+04, max queries on proc 191: 932599
Inbalance factor: 4.674e+01x
TIMER	4.940e-02	1.553e-01	6.042e+00	4	bulk_query: local query
TIMER	1.312e+00	1.448e+00	1.710e+00	4	bulk_query: all2all query results
TIMER	2.039e+02	2.039e+02	2.040e+02	5	resolve_next_lcp: bulk_rmq
TIMER	7.674e-02	1.118e-01	1.516e-01	5	resolve_next_lcp: set LCP
TIMER	2.043e+02	2.043e+02	2.043e+02	5	LCP update
unresolved = 1897267, unfinished = 927479
TIMER	2.390e+02	2.390e+02	2.390e+02	3	bucket-chaising iteration
TIMER	5.147e-02	6.404e-02	8.943e-02	4	bulk_query: get recv_counts
TIMER	1.002e+00	1.506e+00	2.153e+00	4	bulk_query: all2all queries
Avg queries: 9.882e+03, max queries on proc 191: 444407
Inbalance factor: 4.497e+01x
TIMER	3.610e-02	8.401e-02	2.379e+00	4	bulk_query: local query
TIMER	5.695e-01	7.303e-01	9.509e-01	4	bulk_query: all2all query results
TIMER	2.028e+02	2.028e+02	2.029e+02	5	resolve_next_lcp: bulk_rmq
TIMER	3.622e-02	5.493e-02	8.428e-02	5	resolve_next_lcp: set LCP
TIMER	2.031e+02	2.031e+02	2.031e+02	5	LCP update
unresolved = 887691, unfinished = 430529
TIMER	2.189e+02	2.189e+02	2.190e+02	3	bucket-chaising iteration
TIMER	6.004e-02	7.839e-02	1.085e-01	4	bulk_query: get recv_counts
TIMER	3.334e-01	4.841e-01	7.554e-01	4	bulk_query: all2all queries
Avg queries: 4.623e+03, max queries on proc 191: 206909
Inbalance factor: 4.475e+01x
TIMER	4.677e-02	6.630e-02	9.623e-01	4	bulk_query: local query
TIMER	3.120e-01	3.720e-01	4.369e-01	4	bulk_query: all2all query results
TIMER	2.044e+02	2.044e+02	2.045e+02	5	resolve_next_lcp: bulk_rmq
TIMER	1.915e-02	2.709e-02	5.231e-02	5	resolve_next_lcp: set LCP
TIMER	2.046e+02	2.046e+02	2.046e+02	5	LCP update
unresolved = 397767, unfinished = 190943
TIMER	2.125e+02	2.125e+02	2.125e+02	3	bucket-chaising iteration
TIMER	4.567e-02	6.303e-02	8.679e-02	4	bulk_query: get recv_counts
TIMER	1.666e-01	3.126e-01	4.723e-01	4	bulk_query: all2all queries
Avg queries: 2.072e+03, max queries on proc 191: 113284
Inbalance factor: 5.468e+01x
TIMER	3.991e-02	4.959e-02	5.006e-01	4	bulk_query: local query
TIMER	1.614e-01	2.246e-01	2.727e-01	4	bulk_query: all2all query results
TIMER	2.026e+02	2.026e+02	2.027e+02	5	resolve_next_lcp: bulk_rmq
TIMER	1.146e-02	1.676e-02	2.409e-02	5	resolve_next_lcp: set LCP
TIMER	2.028e+02	2.028e+02	2.028e+02	5	LCP update
unresolved = 91070, unfinished = 45535
TIMER	2.069e+02	2.069e+02	2.069e+02	3	bucket-chaising iteration
TIMER	4.917e-02	6.546e-02	8.922e-02	4	bulk_query: get recv_counts
TIMER	9.290e-02	1.578e-01	2.661e-01	4	bulk_query: all2all queries
Avg queries: 4.743e+02, max queries on proc 6: 49248
Inbalance factor: 1.038e+02x
TIMER	3.704e-02	4.116e-02	2.016e-01	4	bulk_query: local query
TIMER	7.386e-02	1.112e-01	1.574e-01	4	bulk_query: all2all query results
TIMER	2.015e+02	2.015e+02	2.015e+02	5	resolve_next_lcp: bulk_rmq
TIMER	3.177e-03	5.575e-03	1.474e-02	5	resolve_next_lcp: set LCP
TIMER	2.016e+02	2.017e+02	2.021e+02	5	LCP update
unresolved = 0, unfinished = 0
TIMER	2.044e+02	2.044e+02	2.044e+02	3	bucket-chaising iteration
TIMER	5.330e+03	5.330e+03	5.330e+03	2	construct-msgs
TIMER	5.733e+01	6.276e+01	6.794e+01	2	fix-isa
PSAC time: 1.568e+04 ms
