== Node distribution == 
== p=96 processes on 2 nodes ==
--  Node: 'c506-121.stampede2.tacc.utexas.edu' (48/96)
        Ranks: 0, 1, 2, 3, 4, 5, 6, 7, 8, 9, 10, 11, 12, 13, 14, 15, 16, 17, 18, 19, 20, 21, 22, 23, 24, 25, 26, 27, 28, 29, 30, 31, 32, 33, 34, 35, 36, 37, 38, 39, 40, 41, 42, 43, 44, 45, 46, 47
--  Node: 'c506-122.stampede2.tacc.utexas.edu' (48/96)
        Ranks: 48, 49, 50, 51, 52, 53, 54, 55, 56, 57, 58, 59, 60, 61, 62, 63, 64, 65, 66, 67, 68, 69, 70, 71, 72, 73, 74, 75, 76, 77, 78, 79, 80, 81, 82, 83, 84, 85, 86, 87, 88, 89, 90, 91, 92, 93, 94, 95
Alphabet: {sigma=4, l=3, A=[A, C, G, T]}
TIMER	2.616e+01	2.617e+01	2.620e+01	1	get alphabet
TIMER	3.052e+02	3.091e+02	3.154e+02	2	kmer-gen
TIMER	3.449e+02	3.492e+02	3.526e+02	3	shift-buckets
TIMER	1.233e+04	1.236e+04	1.240e+04	3	ISA-to-SA
TIMER	4.064e+02	4.114e+02	4.280e+02	3	init-lcp
iteration 21: unfinished buckets = 51313051, unfinished elements = 252565175
TIMER	2.899e+02	2.923e+02	2.945e+02	3	rebucket
TIMER	4.407e+03	4.467e+03	4.515e+03	3	SA-to-ISA
TIMER	1.799e+04	1.799e+04	1.799e+04	3	sac-iteration
Starting Bucket chasing algorithm
unresolved = 252565180, unfinished = 51313051
TIMER	1.231e+02	1.232e+02	1.232e+02	3	get active elements
TIMER	4.847e-02	5.362e-02	6.307e-02	4	bulk_query: get recv_counts
TIMER	7.491e+01	7.770e+01	7.935e+01	4	bulk_query: all2all queries
Avg queries: 2.631e+06, max queries on proc 51: 10370837
Inbalance factor: 3.942e+00x
TIMER	4.285e+01	6.479e+01	1.694e+02	4	bulk_query: local query
TIMER	5.825e+01	6.295e+01	6.838e+01	4	bulk_query: all2all query results
TIMER	1.214e+03	1.237e+03	1.272e+03	5	resolve_next_lcp: bulk_rmq
TIMER	1.501e+01	2.213e+01	2.792e+01	5	resolve_next_lcp: set LCP
TIMER	1.302e+03	1.302e+03	1.302e+03	5	LCP update
unresolved = 83264472, unfinished = 25014138
TIMER	2.997e+03	2.998e+03	2.999e+03	3	bucket-chaising iteration
TIMER	4.549e-02	5.160e-02	5.817e-02	4	bulk_query: get recv_counts
TIMER	3.477e+01	3.574e+01	3.792e+01	4	bulk_query: all2all queries
Avg queries: 8.673e+05, max queries on proc 51: 7565031
Inbalance factor: 8.722e+00x
TIMER	6.331e+00	1.539e+01	9.700e+01	4	bulk_query: local query
TIMER	1.675e+01	2.029e+01	2.172e+01	4	bulk_query: all2all query results
TIMER	5.408e+02	5.504e+02	5.586e+02	5	resolve_next_lcp: bulk_rmq
TIMER	6.159e+00	7.360e+00	8.223e+00	5	resolve_next_lcp: set LCP
TIMER	5.676e+02	5.676e+02	5.676e+02	5	LCP update
unresolved = 39125110, unfinished = 14728266
TIMER	1.218e+03	1.220e+03	1.226e+03	3	bucket-chaising iteration
TIMER	4.471e-02	4.949e-02	5.638e-02	4	bulk_query: get recv_counts
TIMER	2.114e+01	2.238e+01	2.482e+01	4	bulk_query: all2all queries
Avg queries: 4.076e+05, max queries on proc 51: 5381275
Inbalance factor: 1.320e+01x
TIMER	9.877e-01	5.018e+00	6.105e+01	4	bulk_query: local query
TIMER	1.183e+01	1.329e+01	1.419e+01	4	bulk_query: all2all query results
TIMER	4.578e+02	4.583e+02	4.590e+02	5	resolve_next_lcp: bulk_rmq
TIMER	2.896e+00	3.303e+00	3.629e+00	5	resolve_next_lcp: set LCP
TIMER	4.629e+02	4.629e+02	4.629e+02	5	LCP update
unresolved = 21253898, unfinished = 9155159
TIMER	8.293e+02	8.318e+02	8.391e+02	3	bucket-chaising iteration
TIMER	4.759e-02	4.527e-01	4.703e-01	4	bulk_query: get recv_counts
TIMER	1.422e+01	1.501e+01	1.681e+01	4	bulk_query: all2all queries
Avg queries: 2.214e+05, max queries on proc 51: 3387786
Inbalance factor: 1.530e+01x
TIMER	1.289e-01	2.145e+00	3.400e+01	4	bulk_query: local query
TIMER	6.969e+00	7.528e+00	8.328e+00	4	bulk_query: all2all query results
TIMER	4.208e+02	4.213e+02	4.238e+02	5	resolve_next_lcp: bulk_rmq
TIMER	1.577e+00	1.757e+00	1.919e+00	5	resolve_next_lcp: set LCP
TIMER	4.259e+02	4.259e+02	4.259e+02	5	LCP update
unresolved = 12458753, unfinished = 5704526
TIMER	6.328e+02	6.341e+02	6.393e+02	3	bucket-chaising iteration
TIMER	4.335e-02	4.871e-02	5.625e-02	4	bulk_query: get recv_counts
TIMER	1.011e+01	1.098e+01	1.147e+01	4	bulk_query: all2all queries
Avg queries: 1.298e+05, max queries on proc 95: 2369254
Inbalance factor: 1.826e+01x
TIMER	6.046e-02	1.101e+00	2.152e+01	4	bulk_query: local query
TIMER	4.821e+00	5.281e+00	5.708e+00	4	bulk_query: all2all query results
TIMER	4.129e+02	4.134e+02	4.174e+02	5	resolve_next_lcp: bulk_rmq
TIMER	8.866e-01	1.017e+00	1.135e+00	5	resolve_next_lcp: set LCP
TIMER	4.187e+02	4.187e+02	4.187e+02	5	LCP update
unresolved = 7057961, unfinished = 3349572
TIMER	5.517e+02	5.518e+02	5.545e+02	3	bucket-chaising iteration
TIMER	4.305e-02	4.935e-02	7.610e-02	4	bulk_query: get recv_counts
TIMER	6.075e+00	8.200e+00	8.600e+00	4	bulk_query: all2all queries
Avg queries: 7.352e+04, max queries on proc 95: 1565624
Inbalance factor: 2.130e+01x
TIMER	4.909e-02	5.685e-01	1.372e+01	4	bulk_query: local query
TIMER	2.824e+00	3.301e+00	3.707e+00	4	bulk_query: all2all query results
TIMER	4.085e+02	4.089e+02	4.132e+02	5	resolve_next_lcp: bulk_rmq
TIMER	3.997e-01	4.896e-01	5.611e-01	5	resolve_next_lcp: set LCP
TIMER	4.139e+02	4.139e+02	4.139e+02	5	LCP update
unresolved = 3830919, unfinished = 1858430
TIMER	4.936e+02	4.936e+02	4.960e+02	3	bucket-chaising iteration
TIMER	4.118e-02	4.567e-02	5.348e-02	4	bulk_query: get recv_counts
TIMER	4.063e+00	4.966e+00	5.587e+00	4	bulk_query: all2all queries
Avg queries: 3.991e+04, max queries on proc 95: 948434
Inbalance factor: 2.377e+01x
TIMER	4.201e-02	2.901e-01	7.914e+00	4	bulk_query: local query
TIMER	1.324e+00	1.494e+00	1.723e+00	4	bulk_query: all2all query results
TIMER	4.073e+02	4.075e+02	4.114e+02	5	resolve_next_lcp: bulk_rmq
TIMER	2.201e-01	2.595e-01	3.137e-01	5	resolve_next_lcp: set LCP
TIMER	4.119e+02	4.119e+02	4.119e+02	5	LCP update
unresolved = 1897267, unfinished = 927479
TIMER	4.585e+02	4.585e+02	4.604e+02	3	bucket-chaising iteration
TIMER	5.249e-02	6.539e-02	8.349e-02	4	bulk_query: get recv_counts
TIMER	2.420e+00	3.104e+00	4.067e+00	4	bulk_query: all2all queries
Avg queries: 1.976e+04, max queries on proc 95: 447515
Inbalance factor: 2.264e+01x
TIMER	3.887e-02	1.442e-01	3.890e+00	4	bulk_query: local query
TIMER	4.376e-01	6.028e-01	7.967e-01	4	bulk_query: all2all query results
TIMER	4.069e+02	4.071e+02	4.107e+02	5	resolve_next_lcp: bulk_rmq
TIMER	7.883e-02	1.205e-01	1.558e-01	5	resolve_next_lcp: set LCP
TIMER	4.110e+02	4.110e+02	4.110e+02	5	LCP update
unresolved = 887691, unfinished = 430529
TIMER	4.340e+02	4.340e+02	4.340e+02	3	bucket-chaising iteration
TIMER	3.837e-02	4.469e-02	5.530e-02	4	bulk_query: get recv_counts
TIMER	2.847e-01	4.743e-01	6.255e-01	4	bulk_query: all2all queries
Avg queries: 9.247e+03, max queries on proc 95: 206909
Inbalance factor: 2.238e+01x
TIMER	3.877e-02	7.641e-02	9.146e-01	4	bulk_query: local query
TIMER	2.686e-01	3.514e-01	4.307e-01	4	bulk_query: all2all query results
TIMER	4.054e+02	4.056e+02	4.091e+02	5	resolve_next_lcp: bulk_rmq
TIMER	3.656e-02	5.379e-02	7.043e-02	5	resolve_next_lcp: set LCP
TIMER	4.093e+02	4.093e+02	4.093e+02	5	LCP update
unresolved = 397767, unfinished = 190943
TIMER	4.175e+02	4.175e+02	4.176e+02	3	bucket-chaising iteration
TIMER	3.332e-02	4.091e-02	6.252e-02	4	bulk_query: get recv_counts
TIMER	1.804e-01	2.391e-01	3.741e-01	4	bulk_query: all2all queries
Avg queries: 4.143e+03, max queries on proc 95: 113284
Inbalance factor: 2.734e+01x
TIMER	3.735e-02	5.433e-02	4.207e-01	4	bulk_query: local query
TIMER	1.135e-01	1.799e-01	2.351e-01	4	bulk_query: all2all query results
TIMER	4.028e+02	4.030e+02	4.063e+02	5	resolve_next_lcp: bulk_rmq
TIMER	2.333e-02	3.551e-02	4.757e-02	5	resolve_next_lcp: set LCP
TIMER	4.065e+02	4.065e+02	4.065e+02	5	LCP update
unresolved = 91070, unfinished = 45535
TIMER	4.107e+02	4.108e+02	4.135e+02	3	bucket-chaising iteration
TIMER	3.490e-02	4.229e-02	6.008e-02	4	bulk_query: get recv_counts
TIMER	8.313e-02	1.096e-01	1.919e-01	4	bulk_query: all2all queries
Avg queries: 9.486e+02, max queries on proc 3: 49248
Inbalance factor: 5.191e+01x
TIMER	3.637e-02	4.259e-02	2.264e-01	4	bulk_query: local query
TIMER	4.354e-02	7.653e-02	1.109e-01	4	bulk_query: all2all query results
TIMER	4.027e+02	4.029e+02	4.063e+02	5	resolve_next_lcp: bulk_rmq
TIMER	6.351e-03	1.044e-02	1.559e-02	5	resolve_next_lcp: set LCP
TIMER	4.064e+02	4.064e+02	4.064e+02	5	LCP update
unresolved = 0, unfinished = 0
TIMER	4.085e+02	4.085e+02	4.085e+02	3	bucket-chaising iteration
TIMER	9.023e+03	9.023e+03	9.023e+03	2	construct-msgs
TIMER	1.246e+02	1.290e+02	1.331e+02	2	fix-isa
PSAC time: 2.751e+04 ms
