== Node distribution == 
== p=384 processes on 8 nodes ==
--  Node: 'c476-134.stampede2.tacc.utexas.edu' (48/384)
        Ranks: 0, 1, 2, 3, 4, 5, 6, 7, 8, 9, 10, 11, 12, 13, 14, 15, 16, 17, 18, 19, 20, 21, 22, 23, 24, 25, 26, 27, 28, 29, 30, 31, 32, 33, 34, 35, 36, 37, 38, 39, 40, 41, 42, 43, 44, 45, 46, 47
--  Node: 'c477-003.stampede2.tacc.utexas.edu' (48/384)
        Ranks: 48, 49, 50, 51, 52, 53, 54, 55, 56, 57, 58, 59, 60, 61, 62, 63, 64, 65, 66, 67, 68, 69, 70, 71, 72, 73, 74, 75, 76, 77, 78, 79, 80, 81, 82, 83, 84, 85, 86, 87, 88, 89, 90, 91, 92, 93, 94, 95
--  Node: 'c477-004.stampede2.tacc.utexas.edu' (48/384)
        Ranks: 96, 97, 98, 99, 100, 101, 102, 103, 104, 105, 106, 107, 108, 109, 110, 111, 112, 113, 114, 115, 116, 117, 118, 119, 120, 121, 122, 123, 124, 125, 126, 127, 128, 129, 130, 131, 132, 133, 134, 135, 136, 137, 138, 139, 140, 141, 142, 143
--  Node: 'c477-012.stampede2.tacc.utexas.edu' (48/384)
        Ranks: 144, 145, 146, 147, 148, 149, 150, 151, 152, 153, 154, 155, 156, 157, 158, 159, 160, 161, 162, 163, 164, 165, 166, 167, 168, 169, 170, 171, 172, 173, 174, 175, 176, 177, 178, 179, 180, 181, 182, 183, 184, 185, 186, 187, 188, 189, 190, 191
--  Node: 'c477-013.stampede2.tacc.utexas.edu' (48/384)
        Ranks: 192, 193, 194, 195, 196, 197, 198, 199, 200, 201, 202, 203, 204, 205, 206, 207, 208, 209, 210, 211, 212, 213, 214, 215, 216, 217, 218, 219, 220, 221, 222, 223, 224, 225, 226, 227, 228, 229, 230, 231, 232, 233, 234, 235, 236, 237, 238, 239
--  Node: 'c477-014.stampede2.tacc.utexas.edu' (48/384)
        Ranks: 240, 241, 242, 243, 244, 245, 246, 247, 248, 249, 250, 251, 252, 253, 254, 255, 256, 257, 258, 259, 260, 261, 262, 263, 264, 265, 266, 267, 268, 269, 270, 271, 272, 273, 274, 275, 276, 277, 278, 279, 280, 281, 282, 283, 284, 285, 286, 287
--  Node: 'c477-041.stampede2.tacc.utexas.edu' (48/384)
        Ranks: 288, 289, 290, 291, 292, 293, 294, 295, 296, 297, 298, 299, 300, 301, 302, 303, 304, 305, 306, 307, 308, 309, 310, 311, 312, 313, 314, 315, 316, 317, 318, 319, 320, 321, 322, 323, 324, 325, 326, 327, 328, 329, 330, 331, 332, 333, 334, 335
--  Node: 'c477-051.stampede2.tacc.utexas.edu' (48/384)
        Ranks: 336, 337, 338, 339, 340, 341, 342, 343, 344, 345, 346, 347, 348, 349, 350, 351, 352, 353, 354, 355, 356, 357, 358, 359, 360, 361, 362, 363, 364, 365, 366, 367, 368, 369, 370, 371, 372, 373, 374, 375, 376, 377, 378, 379, 380, 381, 382, 383
Alphabet: {sigma=4, l=3, A=[A, C, G, T]}
TIMER	7.190e+00	7.197e+00	7.241e+00	1	get alphabet
TIMER	7.353e+01	7.744e+01	8.159e+01	2	kmer-gen
TIMER	8.485e+01	8.794e+01	9.859e+01	3	shift-buckets
TIMER	3.662e+03	3.673e+03	3.685e+03	3	ISA-to-SA
TIMER	1.003e+02	1.032e+02	1.087e+02	3	init-lcp
iteration 21: unfinished buckets = 51313051, unfinished elements = 252565151
TIMER	7.439e+01	7.568e+01	7.734e+01	3	rebucket
TIMER	1.305e+03	1.372e+03	1.405e+03	3	SA-to-ISA
TIMER	5.375e+03	5.375e+03	5.375e+03	3	sac-iteration
Starting Bucket chasing algorithm
unresolved = 252565180, unfinished = 51313051
TIMER	3.729e+01	3.802e+01	3.897e+01	3	get active elements
TIMER	7.748e-02	8.468e-01	8.558e-01	4	bulk_query: get recv_counts
TIMER	7.108e+01	7.378e+01	7.612e+01	4	bulk_query: all2all queries
Avg queries: 6.577e+05, max queries on proc 205: 5686338
Inbalance factor: 8.646e+00x
TIMER	7.505e+00	1.427e+01	7.329e+01	4	bulk_query: local query
TIMER	6.457e+01	6.582e+01	6.758e+01	4	bulk_query: all2all query results
TIMER	5.363e+02	5.451e+02	5.757e+02	5	resolve_next_lcp: bulk_rmq
TIMER	3.100e+00	5.380e+00	8.973e+00	5	resolve_next_lcp: set LCP
TIMER	5.849e+02	5.849e+02	5.849e+02	5	LCP update
unresolved = 83264472, unfinished = 25014138
TIMER	1.346e+03	1.346e+03	1.347e+03	3	bucket-chaising iteration
TIMER	9.994e-02	1.298e-01	1.649e-01	4	bulk_query: get recv_counts
TIMER	3.091e+01	3.186e+01	3.286e+01	4	bulk_query: all2all queries
Avg queries: 2.168e+05, max queries on proc 205: 4553617
Inbalance factor: 2.100e+01x
TIMER	5.680e-01	2.595e+00	4.994e+01	4	bulk_query: local query
TIMER	2.441e+01	2.506e+01	2.584e+01	4	bulk_query: all2all query results
TIMER	1.821e+02	1.833e+02	1.851e+02	5	resolve_next_lcp: bulk_rmq
TIMER	1.139e+00	1.777e+00	2.250e+00	5	resolve_next_lcp: set LCP
TIMER	1.876e+02	1.876e+02	1.876e+02	5	LCP update
unresolved = 39125110, unfinished = 14728266
TIMER	5.058e+02	5.059e+02	5.075e+02	3	bucket-chaising iteration
TIMER	9.894e-02	1.162e-01	1.454e-01	4	bulk_query: get recv_counts
TIMER	1.865e+01	1.910e+01	1.973e+01	4	bulk_query: all2all queries
Avg queries: 1.019e+05, max queries on proc 205: 3302336
Inbalance factor: 3.241e+01x
TIMER	1.132e-01	8.948e-01	3.200e+01	4	bulk_query: local query
TIMER	1.130e+01	1.192e+01	1.253e+01	4	bulk_query: all2all query results
TIMER	1.237e+02	1.240e+02	1.246e+02	5	resolve_next_lcp: bulk_rmq
TIMER	5.372e-01	7.034e-01	8.987e-01	5	resolve_next_lcp: set LCP
TIMER	1.256e+02	1.256e+02	1.256e+02	5	LCP update
unresolved = 21253898, unfinished = 9155159
TIMER	3.047e+02	3.047e+02	3.058e+02	3	bucket-chaising iteration
TIMER	9.012e-02	1.208e-01	1.445e-01	4	bulk_query: get recv_counts
TIMER	7.973e+00	8.490e+00	9.036e+00	4	bulk_query: all2all queries
Avg queries: 5.535e+04, max queries on proc 205: 2117007
Inbalance factor: 3.825e+01x
TIMER	5.608e-02	4.450e-01	1.608e+01	4	bulk_query: local query
TIMER	6.162e+00	6.435e+00	6.852e+00	4	bulk_query: all2all query results
TIMER	1.068e+02	1.069e+02	1.070e+02	5	resolve_next_lcp: bulk_rmq
TIMER	2.435e-01	3.003e-01	3.866e-01	5	resolve_next_lcp: set LCP
TIMER	1.075e+02	1.075e+02	1.075e+02	5	LCP update
unresolved = 12458753, unfinished = 5704526
TIMER	2.016e+02	2.016e+02	2.026e+02	3	bucket-chaising iteration
TIMER	9.059e-02	1.147e-01	1.356e-01	4	bulk_query: get recv_counts
TIMER	2.026e+00	4.586e+00	5.219e+00	4	bulk_query: all2all queries
Avg queries: 3.244e+04, max queries on proc 382: 1196893
Inbalance factor: 3.689e+01x
TIMER	5.275e-02	2.536e-01	8.987e+00	4	bulk_query: local query
TIMER	3.397e+00	3.575e+00	3.826e+00	4	bulk_query: all2all query results
TIMER	1.053e+02	1.054e+02	1.055e+02	5	resolve_next_lcp: bulk_rmq
TIMER	1.321e-01	1.671e-01	2.137e-01	5	resolve_next_lcp: set LCP
TIMER	1.058e+02	1.058e+02	1.058e+02	5	LCP update
unresolved = 7057961, unfinished = 3349572
TIMER	1.609e+02	1.609e+02	1.609e+02	3	bucket-chaising iteration
TIMER	8.298e-02	1.140e-01	1.384e-01	4	bulk_query: get recv_counts
TIMER	1.341e+00	3.237e+00	5.054e+00	4	bulk_query: all2all queries
Avg queries: 1.838e+04, max queries on proc 382: 796743
Inbalance factor: 4.335e+01x
TIMER	4.775e-02	1.545e-01	5.610e+00	4	bulk_query: local query
TIMER	1.876e+00	2.067e+00	3.912e+00	4	bulk_query: all2all query results
TIMER	1.103e+02	1.103e+02	1.123e+02	5	resolve_next_lcp: bulk_rmq
TIMER	6.245e-02	9.539e-02	3.180e-01	5	resolve_next_lcp: set LCP
TIMER	1.194e+02	1.194e+02	1.194e+02	5	LCP update
unresolved = 3830919, unfinished = 1858430
TIMER	1.682e+02	1.682e+02	1.682e+02	3	bucket-chaising iteration
TIMER	1.107e-01	1.321e-01	1.704e-01	4	bulk_query: get recv_counts
TIMER	8.873e-01	1.401e+00	2.209e+00	4	bulk_query: all2all queries
Avg queries: 9.976e+03, max queries on proc 383: 514056
Inbalance factor: 5.153e+01x
TIMER	6.895e-02	1.186e-01	3.184e+00	4	bulk_query: local query
TIMER	1.098e+00	2.720e+00	3.007e+00	4	bulk_query: all2all query results
TIMER	1.146e+02	1.146e+02	1.147e+02	5	resolve_next_lcp: bulk_rmq
TIMER	3.270e-02	5.396e-02	1.719e-01	5	resolve_next_lcp: set LCP
TIMER	1.150e+02	1.150e+02	1.150e+02	5	LCP update
unresolved = 1897267, unfinished = 927479
TIMER	1.489e+02	1.490e+02	1.492e+02	3	bucket-chaising iteration
TIMER	9.395e-02	1.202e-01	2.009e-01	4	bulk_query: get recv_counts
TIMER	5.674e-01	8.430e-01	1.408e+00	4	bulk_query: all2all queries
Avg queries: 4.941e+03, max queries on proc 383: 333922
Inbalance factor: 6.758e+01x
TIMER	5.590e-02	8.455e-02	1.672e+00	4	bulk_query: local query
TIMER	1.423e+00	1.772e+00	2.601e+00	4	bulk_query: all2all query results
TIMER	1.037e+02	1.037e+02	1.037e+02	5	resolve_next_lcp: bulk_rmq
TIMER	1.705e-02	2.850e-02	1.141e-01	5	resolve_next_lcp: set LCP
TIMER	1.040e+02	1.040e+02	1.040e+02	5	LCP update
unresolved = 887691, unfinished = 430529
TIMER	1.234e+02	1.234e+02	1.234e+02	3	bucket-chaising iteration
TIMER	8.492e-02	1.107e-01	1.304e-01	4	bulk_query: get recv_counts
TIMER	4.693e-01	7.599e-01	2.796e+00	4	bulk_query: all2all queries
Avg queries: 2.312e+03, max queries on proc 383: 205310
Inbalance factor: 8.881e+01x
TIMER	7.291e-02	8.971e-02	2.362e+00	4	bulk_query: local query
TIMER	3.531e-01	4.421e-01	5.181e-01	4	bulk_query: all2all query results
TIMER	1.025e+02	1.025e+02	1.026e+02	5	resolve_next_lcp: bulk_rmq
TIMER	9.613e-03	1.428e-02	2.182e-02	5	resolve_next_lcp: set LCP
TIMER	1.027e+02	1.027e+02	1.027e+02	5	LCP update
unresolved = 397767, unfinished = 190943
TIMER	1.184e+02	1.184e+02	1.184e+02	3	bucket-chaising iteration
TIMER	7.783e-02	1.069e-01	1.350e-01	4	bulk_query: get recv_counts
TIMER	1.764e-01	4.326e-01	7.279e-01	4	bulk_query: all2all queries
Avg queries: 1.036e+03, max queries on proc 383: 113284
Inbalance factor: 1.094e+02x
TIMER	4.133e-02	4.788e-02	5.042e-01	4	bulk_query: local query
TIMER	1.682e-01	2.684e-01	3.390e-01	4	bulk_query: all2all query results
TIMER	1.019e+02	1.019e+02	1.019e+02	5	resolve_next_lcp: bulk_rmq
TIMER	5.282e-03	8.899e-03	1.257e-02	5	resolve_next_lcp: set LCP
TIMER	1.021e+02	1.021e+02	1.021e+02	5	LCP update
unresolved = 91070, unfinished = 45535
TIMER	1.069e+02	1.069e+02	1.069e+02	3	bucket-chaising iteration
TIMER	6.909e-02	9.930e-02	1.305e-01	4	bulk_query: get recv_counts
TIMER	1.365e-01	2.977e-01	4.939e-01	4	bulk_query: all2all queries
Avg queries: 2.372e+02, max queries on proc 13: 49248
Inbalance factor: 2.077e+02x
TIMER	4.172e-02	4.513e-02	2.097e-01	4	bulk_query: local query
TIMER	1.188e-01	1.666e-01	2.280e-01	4	bulk_query: all2all query results
TIMER	1.010e+02	1.010e+02	1.011e+02	5	resolve_next_lcp: bulk_rmq
TIMER	1.736e-03	3.120e-03	4.881e-03	5	resolve_next_lcp: set LCP
TIMER	1.012e+02	1.012e+02	1.012e+02	5	LCP update
unresolved = 0, unfinished = 0
TIMER	1.044e+02	1.044e+02	1.045e+02	3	bucket-chaising iteration
TIMER	3.339e+03	3.339e+03	3.339e+03	2	construct-msgs
TIMER	2.828e+01	3.051e+01	3.216e+01	2	fix-isa
PSAC time: 9.309e+03 ms
