== Node distribution == 
== p=96 processes on 2 nodes ==
--  Node: 'c506-121.stampede2.tacc.utexas.edu' (48/96)
        Ranks: 0, 1, 2, 3, 4, 5, 6, 7, 8, 9, 10, 11, 12, 13, 14, 15, 16, 17, 18, 19, 20, 21, 22, 23, 24, 25, 26, 27, 28, 29, 30, 31, 32, 33, 34, 35, 36, 37, 38, 39, 40, 41, 42, 43, 44, 45, 46, 47
--  Node: 'c506-122.stampede2.tacc.utexas.edu' (48/96)
        Ranks: 48, 49, 50, 51, 52, 53, 54, 55, 56, 57, 58, 59, 60, 61, 62, 63, 64, 65, 66, 67, 68, 69, 70, 71, 72, 73, 74, 75, 76, 77, 78, 79, 80, 81, 82, 83, 84, 85, 86, 87, 88, 89, 90, 91, 92, 93, 94, 95
Alphabet: {sigma=4, l=3, A=[A, C, G, T]}
TIMER	2.632e+01	2.632e+01	2.637e+01	1	get alphabet
TIMER	3.058e+02	3.096e+02	3.135e+02	2	kmer-gen
TIMER	3.449e+02	3.495e+02	3.576e+02	3	shift-buckets
TIMER	1.221e+04	1.223e+04	1.227e+04	3	ISA-to-SA
TIMER	4.047e+02	4.105e+02	4.228e+02	3	init-lcp
iteration 21: unfinished buckets = 51313051, unfinished elements = 252565175
TIMER	2.908e+02	2.934e+02	2.958e+02	3	rebucket
TIMER	4.409e+03	4.469e+03	4.501e+03	3	SA-to-ISA
TIMER	1.785e+04	1.785e+04	1.785e+04	3	sac-iteration
Starting Bucket chasing algorithm
unresolved = 252565180, unfinished = 51313051
TIMER	1.210e+02	1.236e+02	1.237e+02	3	get active elements
TIMER	4.695e-02	5.013e-02	5.391e-02	4	bulk_query: get recv_counts
TIMER	7.581e+01	7.769e+01	7.897e+01	4	bulk_query: all2all queries
Avg queries: 2.631e+06, max queries on proc 51: 10370837
Inbalance factor: 3.942e+00x
TIMER	4.247e+01	6.404e+01	1.677e+02	4	bulk_query: local query
TIMER	6.044e+01	6.348e+01	6.622e+01	4	bulk_query: all2all query results
TIMER	1.208e+03	1.232e+03	1.265e+03	5	resolve_next_lcp: bulk_rmq
TIMER	1.536e+01	2.214e+01	2.793e+01	5	resolve_next_lcp: set LCP
TIMER	1.296e+03	1.296e+03	1.296e+03	5	LCP update
unresolved = 83264472, unfinished = 25014138
TIMER	2.981e+03	2.982e+03	2.982e+03	3	bucket-chaising iteration
TIMER	4.532e-02	4.960e-02	5.572e-02	4	bulk_query: get recv_counts
TIMER	3.659e+01	3.857e+01	4.156e+01	4	bulk_query: all2all queries
Avg queries: 8.673e+05, max queries on proc 51: 7565031
Inbalance factor: 8.722e+00x
TIMER	5.986e+00	1.523e+01	9.612e+01	4	bulk_query: local query
TIMER	1.861e+01	2.226e+01	2.374e+01	4	bulk_query: all2all query results
TIMER	5.400e+02	5.496e+02	5.574e+02	5	resolve_next_lcp: bulk_rmq
TIMER	6.187e+00	7.359e+00	8.137e+00	5	resolve_next_lcp: set LCP
TIMER	5.661e+02	5.661e+02	5.661e+02	5	LCP update
unresolved = 39125110, unfinished = 14728266
TIMER	1.219e+03	1.220e+03	1.227e+03	3	bucket-chaising iteration
TIMER	4.404e-02	4.859e-02	5.429e-02	4	bulk_query: get recv_counts
TIMER	2.265e+01	2.408e+01	2.545e+01	4	bulk_query: all2all queries
Avg queries: 4.076e+05, max queries on proc 51: 5381275
Inbalance factor: 1.320e+01x
TIMER	1.030e+00	4.992e+00	6.016e+01	4	bulk_query: local query
TIMER	1.157e+01	1.306e+01	1.378e+01	4	bulk_query: all2all query results
TIMER	4.574e+02	4.579e+02	4.586e+02	5	resolve_next_lcp: bulk_rmq
TIMER	2.881e+00	3.306e+00	3.646e+00	5	resolve_next_lcp: set LCP
TIMER	4.624e+02	4.624e+02	4.624e+02	5	LCP update
unresolved = 21253898, unfinished = 9155159
TIMER	8.262e+02	8.287e+02	8.363e+02	3	bucket-chaising iteration
TIMER	3.832e-02	1.283e+00	1.305e+00	4	bulk_query: get recv_counts
TIMER	1.426e+01	1.511e+01	1.597e+01	4	bulk_query: all2all queries
Avg queries: 2.214e+05, max queries on proc 51: 3387786
Inbalance factor: 1.530e+01x
TIMER	1.345e-01	2.122e+00	3.305e+01	4	bulk_query: local query
TIMER	6.878e+00	8.199e+00	8.903e+00	4	bulk_query: all2all query results
TIMER	4.222e+02	4.227e+02	4.256e+02	5	resolve_next_lcp: bulk_rmq
TIMER	1.561e+00	1.754e+00	1.911e+00	5	resolve_next_lcp: set LCP
TIMER	4.276e+02	4.276e+02	4.277e+02	5	LCP update
unresolved = 12458753, unfinished = 5704526
TIMER	6.428e+02	6.441e+02	6.500e+02	3	bucket-chaising iteration
TIMER	4.724e-02	5.288e-02	7.000e-02	4	bulk_query: get recv_counts
TIMER	1.039e+01	1.104e+01	1.175e+01	4	bulk_query: all2all queries
Avg queries: 1.298e+05, max queries on proc 95: 2369254
Inbalance factor: 1.826e+01x
TIMER	5.210e-02	1.076e+00	2.150e+01	4	bulk_query: local query
TIMER	4.829e+00	5.135e+00	5.520e+00	4	bulk_query: all2all query results
TIMER	4.120e+02	4.124e+02	4.154e+02	5	resolve_next_lcp: bulk_rmq
TIMER	8.868e-01	1.009e+00	1.133e+00	5	resolve_next_lcp: set LCP
TIMER	4.167e+02	4.167e+02	4.167e+02	5	LCP update
unresolved = 7057961, unfinished = 3349572
TIMER	5.489e+02	5.492e+02	5.530e+02	3	bucket-chaising iteration
TIMER	4.637e-02	5.479e-02	7.917e-02	4	bulk_query: get recv_counts
TIMER	6.185e+00	7.539e+00	8.255e+00	4	bulk_query: all2all queries
Avg queries: 7.352e+04, max queries on proc 95: 1565624
Inbalance factor: 2.130e+01x
TIMER	4.493e-02	5.707e-01	1.366e+01	4	bulk_query: local query
TIMER	2.842e+00	3.197e+00	3.515e+00	4	bulk_query: all2all query results
TIMER	4.105e+02	4.108e+02	4.140e+02	5	resolve_next_lcp: bulk_rmq
TIMER	4.225e-01	4.950e-01	5.657e-01	5	resolve_next_lcp: set LCP
TIMER	4.147e+02	4.147e+02	4.147e+02	5	LCP update
unresolved = 3830919, unfinished = 1858430
TIMER	4.962e+02	4.963e+02	4.986e+02	3	bucket-chaising iteration
TIMER	4.491e-02	5.155e-02	8.387e-02	4	bulk_query: get recv_counts
TIMER	3.973e+00	4.852e+00	5.482e+00	4	bulk_query: all2all queries
Avg queries: 3.991e+04, max queries on proc 95: 948434
Inbalance factor: 2.377e+01x
TIMER	4.369e-02	2.869e-01	7.842e+00	4	bulk_query: local query
TIMER	1.522e+00	1.680e+00	1.868e+00	4	bulk_query: all2all query results
TIMER	4.095e+02	4.097e+02	4.125e+02	5	resolve_next_lcp: bulk_rmq
TIMER	2.122e-01	2.592e-01	3.141e-01	5	resolve_next_lcp: set LCP
TIMER	4.129e+02	4.129e+02	4.129e+02	5	LCP update
unresolved = 1897267, unfinished = 927479
TIMER	4.566e+02	4.567e+02	4.588e+02	3	bucket-chaising iteration
TIMER	3.433e-02	4.096e-02	5.444e-02	4	bulk_query: get recv_counts
TIMER	1.658e+00	2.336e+00	3.247e+00	4	bulk_query: all2all queries
Avg queries: 1.976e+04, max queries on proc 95: 447515
Inbalance factor: 2.264e+01x
TIMER	3.803e-02	1.430e-01	4.000e+00	4	bulk_query: local query
TIMER	4.218e-01	5.981e-01	7.837e-01	4	bulk_query: all2all query results
TIMER	4.046e+02	4.048e+02	4.074e+02	5	resolve_next_lcp: bulk_rmq
TIMER	7.830e-02	1.191e-01	1.620e-01	5	resolve_next_lcp: set LCP
TIMER	4.077e+02	4.077e+02	4.077e+02	5	LCP update
unresolved = 887691, unfinished = 430529
TIMER	4.294e+02	4.294e+02	4.294e+02	3	bucket-chaising iteration
TIMER	3.600e-02	4.511e-02	5.272e-02	4	bulk_query: get recv_counts
TIMER	3.067e-01	4.662e-01	6.281e-01	4	bulk_query: all2all queries
Avg queries: 9.247e+03, max queries on proc 95: 206909
Inbalance factor: 2.238e+01x
TIMER	3.818e-02	7.529e-02	9.137e-01	4	bulk_query: local query
TIMER	2.656e-01	3.463e-01	4.242e-01	4	bulk_query: all2all query results
TIMER	4.039e+02	4.040e+02	4.065e+02	5	resolve_next_lcp: bulk_rmq
TIMER	4.089e-02	5.348e-02	6.756e-02	5	resolve_next_lcp: set LCP
TIMER	4.067e+02	4.067e+02	4.067e+02	5	LCP update
unresolved = 397767, unfinished = 190943
TIMER	4.147e+02	4.147e+02	4.148e+02	3	bucket-chaising iteration
TIMER	2.972e-02	4.644e-02	1.651e-01	4	bulk_query: get recv_counts
TIMER	1.793e-01	2.359e-01	3.620e-01	4	bulk_query: all2all queries
Avg queries: 4.143e+03, max queries on proc 95: 113284
Inbalance factor: 2.734e+01x
TIMER	3.949e-02	5.579e-02	4.322e-01	4	bulk_query: local query
TIMER	1.277e-01	1.851e-01	2.375e-01	4	bulk_query: all2all query results
TIMER	4.037e+02	4.039e+02	4.063e+02	5	resolve_next_lcp: bulk_rmq
TIMER	2.359e-02	3.284e-02	4.010e-02	5	resolve_next_lcp: set LCP
TIMER	4.065e+02	4.065e+02	4.065e+02	5	LCP update
unresolved = 91070, unfinished = 45535
TIMER	4.106e+02	4.107e+02	4.133e+02	3	bucket-chaising iteration
TIMER	3.231e-02	3.516e-02	4.739e-02	4	bulk_query: get recv_counts
TIMER	8.764e-02	1.175e-01	1.944e-01	4	bulk_query: all2all queries
Avg queries: 9.486e+02, max queries on proc 3: 49248
Inbalance factor: 5.191e+01x
TIMER	3.891e-02	4.471e-02	2.283e-01	4	bulk_query: local query
TIMER	4.000e-02	7.367e-02	1.081e-01	4	bulk_query: all2all query results
TIMER	4.027e+02	4.028e+02	4.053e+02	5	resolve_next_lcp: bulk_rmq
TIMER	6.055e-03	1.002e-02	1.470e-02	5	resolve_next_lcp: set LCP
TIMER	4.055e+02	4.055e+02	4.055e+02	5	LCP update
unresolved = 0, unfinished = 0
TIMER	4.074e+02	4.074e+02	4.074e+02	3	bucket-chaising iteration
TIMER	9.004e+03	9.004e+03	9.004e+03	2	construct-msgs
TIMER	1.209e+02	1.246e+02	1.274e+02	2	fix-isa
PSAC time: 2.786e+04 ms
