== Node distribution == 
== p=384 processes on 8 nodes ==
--  Node: 'c506-121.stampede2.tacc.utexas.edu' (48/384)
        Ranks: 0, 1, 2, 3, 4, 5, 6, 7, 8, 9, 10, 11, 12, 13, 14, 15, 16, 17, 18, 19, 20, 21, 22, 23, 24, 25, 26, 27, 28, 29, 30, 31, 32, 33, 34, 35, 36, 37, 38, 39, 40, 41, 42, 43, 44, 45, 46, 47
--  Node: 'c506-122.stampede2.tacc.utexas.edu' (48/384)
        Ranks: 48, 49, 50, 51, 52, 53, 54, 55, 56, 57, 58, 59, 60, 61, 62, 63, 64, 65, 66, 67, 68, 69, 70, 71, 72, 73, 74, 75, 76, 77, 78, 79, 80, 81, 82, 83, 84, 85, 86, 87, 88, 89, 90, 91, 92, 93, 94, 95
--  Node: 'c506-123.stampede2.tacc.utexas.edu' (48/384)
        Ranks: 96, 97, 98, 99, 100, 101, 102, 103, 104, 105, 106, 107, 108, 109, 110, 111, 112, 113, 114, 115, 116, 117, 118, 119, 120, 121, 122, 123, 124, 125, 126, 127, 128, 129, 130, 131, 132, 133, 134, 135, 136, 137, 138, 139, 140, 141, 142, 143
--  Node: 'c506-124.stampede2.tacc.utexas.edu' (48/384)
        Ranks: 144, 145, 146, 147, 148, 149, 150, 151, 152, 153, 154, 155, 156, 157, 158, 159, 160, 161, 162, 163, 164, 165, 166, 167, 168, 169, 170, 171, 172, 173, 174, 175, 176, 177, 178, 179, 180, 181, 182, 183, 184, 185, 186, 187, 188, 189, 190, 191
--  Node: 'c506-131.stampede2.tacc.utexas.edu' (48/384)
        Ranks: 192, 193, 194, 195, 196, 197, 198, 199, 200, 201, 202, 203, 204, 205, 206, 207, 208, 209, 210, 211, 212, 213, 214, 215, 216, 217, 218, 219, 220, 221, 222, 223, 224, 225, 226, 227, 228, 229, 230, 231, 232, 233, 234, 235, 236, 237, 238, 239
--  Node: 'c506-132.stampede2.tacc.utexas.edu' (48/384)
        Ranks: 240, 241, 242, 243, 244, 245, 246, 247, 248, 249, 250, 251, 252, 253, 254, 255, 256, 257, 258, 259, 260, 261, 262, 263, 264, 265, 266, 267, 268, 269, 270, 271, 272, 273, 274, 275, 276, 277, 278, 279, 280, 281, 282, 283, 284, 285, 286, 287
--  Node: 'c506-133.stampede2.tacc.utexas.edu' (48/384)
        Ranks: 288, 289, 290, 291, 292, 293, 294, 295, 296, 297, 298, 299, 300, 301, 302, 303, 304, 305, 306, 307, 308, 309, 310, 311, 312, 313, 314, 315, 316, 317, 318, 319, 320, 321, 322, 323, 324, 325, 326, 327, 328, 329, 330, 331, 332, 333, 334, 335
--  Node: 'c506-134.stampede2.tacc.utexas.edu' (48/384)
        Ranks: 336, 337, 338, 339, 340, 341, 342, 343, 344, 345, 346, 347, 348, 349, 350, 351, 352, 353, 354, 355, 356, 357, 358, 359, 360, 361, 362, 363, 364, 365, 366, 367, 368, 369, 370, 371, 372, 373, 374, 375, 376, 377, 378, 379, 380, 381, 382, 383
Alphabet: {sigma=4, l=3, A=[A, C, G, T]}
TIMER	7.088e+00	7.091e+00	7.133e+00	1	get alphabet
TIMER	7.510e+01	7.741e+01	8.088e+01	2	kmer-gen
TIMER	8.358e+01	8.718e+01	9.786e+01	3	shift-buckets
TIMER	3.637e+03	3.651e+03	3.673e+03	3	ISA-to-SA
TIMER	1.005e+02	1.032e+02	1.077e+02	3	init-lcp
iteration 21: unfinished buckets = 51313051, unfinished elements = 252565151
TIMER	7.442e+01	7.553e+01	7.732e+01	3	rebucket
TIMER	1.348e+03	1.358e+03	1.378e+03	3	SA-to-ISA
TIMER	5.337e+03	5.337e+03	5.337e+03	3	sac-iteration
Starting Bucket chasing algorithm
unresolved = 252565180, unfinished = 51313051
TIMER	3.738e+01	3.739e+01	3.800e+01	3	get active elements
TIMER	9.121e-02	1.199e-01	1.627e-01	4	bulk_query: get recv_counts
TIMER	7.459e+01	7.698e+01	7.855e+01	4	bulk_query: all2all queries
Avg queries: 6.577e+05, max queries on proc 205: 5686338
Inbalance factor: 8.646e+00x
TIMER	6.176e+00	1.305e+01	7.256e+01	4	bulk_query: local query
TIMER	5.942e+01	6.129e+01	6.320e+01	4	bulk_query: all2all query results
TIMER	5.294e+02	5.395e+02	5.684e+02	5	resolve_next_lcp: bulk_rmq
TIMER	3.020e+00	5.366e+00	9.040e+00	5	resolve_next_lcp: set LCP
TIMER	5.776e+02	5.776e+02	5.776e+02	5	LCP update
unresolved = 83264472, unfinished = 25014138
TIMER	1.339e+03	1.340e+03	1.341e+03	3	bucket-chaising iteration
TIMER	9.636e-02	1.186e-01	1.509e-01	4	bulk_query: get recv_counts
TIMER	2.996e+01	3.092e+01	3.200e+01	4	bulk_query: all2all queries
Avg queries: 2.168e+05, max queries on proc 205: 4553617
Inbalance factor: 2.100e+01x
TIMER	5.880e-01	2.624e+00	5.126e+01	4	bulk_query: local query
TIMER	2.429e+01	2.509e+01	2.574e+01	4	bulk_query: all2all query results
TIMER	1.737e+02	1.751e+02	1.770e+02	5	resolve_next_lcp: bulk_rmq
TIMER	1.113e+00	1.775e+00	2.267e+00	5	resolve_next_lcp: set LCP
TIMER	1.794e+02	1.794e+02	1.794e+02	5	LCP update
unresolved = 39125110, unfinished = 14728266
TIMER	4.970e+02	4.970e+02	4.986e+02	3	bucket-chaising iteration
TIMER	1.047e-01	1.287e-01	1.465e-01	4	bulk_query: get recv_counts
TIMER	1.902e+01	1.971e+01	2.045e+01	4	bulk_query: all2all queries
Avg queries: 1.019e+05, max queries on proc 205: 3302336
Inbalance factor: 3.241e+01x
TIMER	1.156e-01	9.185e-01	3.307e+01	4	bulk_query: local query
TIMER	1.202e+01	1.263e+01	1.326e+01	4	bulk_query: all2all query results
TIMER	1.239e+02	1.241e+02	1.247e+02	5	resolve_next_lcp: bulk_rmq
TIMER	5.390e-01	7.066e-01	9.071e-01	5	resolve_next_lcp: set LCP
TIMER	1.257e+02	1.257e+02	1.257e+02	5	LCP update
unresolved = 21253898, unfinished = 9155159
TIMER	3.053e+02	3.053e+02	3.062e+02	3	bucket-chaising iteration
TIMER	8.911e-02	1.089e-01	1.423e-01	4	bulk_query: get recv_counts
TIMER	8.496e+00	8.923e+00	9.439e+00	4	bulk_query: all2all queries
Avg queries: 5.535e+04, max queries on proc 205: 2117007
Inbalance factor: 3.825e+01x
TIMER	5.070e-02	4.432e-01	1.825e+01	4	bulk_query: local query
TIMER	6.263e+00	6.711e+00	7.208e+00	4	bulk_query: all2all query results
TIMER	1.072e+02	1.073e+02	1.075e+02	5	resolve_next_lcp: bulk_rmq
TIMER	2.400e-01	2.999e-01	3.908e-01	5	resolve_next_lcp: set LCP
TIMER	1.080e+02	1.080e+02	1.080e+02	5	LCP update
unresolved = 12458753, unfinished = 5704526
TIMER	2.027e+02	2.027e+02	2.036e+02	3	bucket-chaising iteration
TIMER	8.690e-02	1.129e-01	1.397e-01	4	bulk_query: get recv_counts
TIMER	2.056e+00	4.292e+00	4.911e+00	4	bulk_query: all2all queries
Avg queries: 3.244e+04, max queries on proc 382: 1196893
Inbalance factor: 3.689e+01x
TIMER	5.818e-02	2.634e-01	9.349e+00	4	bulk_query: local query
TIMER	3.387e+00	3.643e+00	3.896e+00	4	bulk_query: all2all query results
TIMER	1.032e+02	1.033e+02	1.033e+02	5	resolve_next_lcp: bulk_rmq
TIMER	1.220e-01	1.672e-01	2.204e-01	5	resolve_next_lcp: set LCP
TIMER	1.037e+02	1.037e+02	1.037e+02	5	LCP update
unresolved = 7057961, unfinished = 3349572
TIMER	1.561e+02	1.561e+02	1.561e+02	3	bucket-chaising iteration
TIMER	8.519e-02	1.095e-01	1.290e-01	4	bulk_query: get recv_counts
TIMER	1.242e+00	2.469e+00	3.241e+00	4	bulk_query: all2all queries
Avg queries: 1.838e+04, max queries on proc 382: 796743
Inbalance factor: 4.335e+01x
TIMER	6.226e-02	1.658e-01	5.794e+00	4	bulk_query: local query
TIMER	1.761e+00	1.978e+00	2.315e+00	4	bulk_query: all2all query results
TIMER	1.020e+02	1.020e+02	1.020e+02	5	resolve_next_lcp: bulk_rmq
TIMER	6.444e-02	9.221e-02	1.284e-01	5	resolve_next_lcp: set LCP
TIMER	1.023e+02	1.023e+02	1.023e+02	5	LCP update
unresolved = 3830919, unfinished = 1858430
TIMER	1.350e+02	1.350e+02	1.351e+02	3	bucket-chaising iteration
TIMER	8.606e-02	1.085e-01	1.334e-01	4	bulk_query: get recv_counts
TIMER	8.747e-01	1.405e+00	2.221e+00	4	bulk_query: all2all queries
Avg queries: 9.976e+03, max queries on proc 383: 514056
Inbalance factor: 5.153e+01x
TIMER	6.079e-02	1.126e-01	3.250e+00	4	bulk_query: local query
TIMER	1.024e+00	1.136e+00	1.321e+00	4	bulk_query: all2all query results
TIMER	1.010e+02	1.010e+02	1.010e+02	5	resolve_next_lcp: bulk_rmq
TIMER	3.422e-02	5.164e-02	7.241e-02	5	resolve_next_lcp: set LCP
TIMER	1.013e+02	1.013e+02	1.013e+02	5	LCP update
unresolved = 1897267, unfinished = 927479
TIMER	1.209e+02	1.209e+02	1.210e+02	3	bucket-chaising iteration
TIMER	8.262e-02	1.068e-01	1.311e-01	4	bulk_query: get recv_counts
TIMER	5.132e-01	8.289e-01	1.381e+00	4	bulk_query: all2all queries
Avg queries: 4.941e+03, max queries on proc 383: 333922
Inbalance factor: 6.758e+01x
TIMER	6.026e-02	8.367e-02	1.665e+00	4	bulk_query: local query
TIMER	5.821e-01	6.480e-01	7.484e-01	4	bulk_query: all2all query results
TIMER	1.007e+02	1.007e+02	1.007e+02	5	resolve_next_lcp: bulk_rmq
TIMER	1.604e-02	2.747e-02	4.354e-02	5	resolve_next_lcp: set LCP
TIMER	1.009e+02	1.009e+02	1.010e+02	5	LCP update
unresolved = 887691, unfinished = 430529
TIMER	1.124e+02	1.124e+02	1.124e+02	3	bucket-chaising iteration
TIMER	8.089e-02	1.132e-01	1.351e-01	4	bulk_query: get recv_counts
TIMER	3.515e-01	5.417e-01	9.017e-01	4	bulk_query: all2all queries
Avg queries: 2.312e+03, max queries on proc 383: 205310
Inbalance factor: 8.881e+01x
TIMER	5.944e-02	7.304e-02	8.747e-01	4	bulk_query: local query
TIMER	3.314e-01	4.119e-01	4.892e-01	4	bulk_query: all2all query results
TIMER	9.995e+01	9.996e+01	9.998e+01	5	resolve_next_lcp: bulk_rmq
TIMER	9.695e-03	1.405e-02	1.974e-02	5	resolve_next_lcp: set LCP
TIMER	1.002e+02	1.002e+02	1.002e+02	5	LCP update
unresolved = 397767, unfinished = 190943
TIMER	1.087e+02	1.088e+02	1.088e+02	3	bucket-chaising iteration
TIMER	6.888e-02	8.954e-02	1.241e-01	4	bulk_query: get recv_counts
TIMER	2.028e-01	4.186e-01	7.023e-01	4	bulk_query: all2all queries
Avg queries: 1.036e+03, max queries on proc 383: 113284
Inbalance factor: 1.094e+02x
TIMER	5.493e-02	6.304e-02	5.507e-01	4	bulk_query: local query
TIMER	1.673e-01	2.045e+00	2.180e+00	4	bulk_query: all2all query results
TIMER	1.011e+02	1.011e+02	1.012e+02	5	resolve_next_lcp: bulk_rmq
TIMER	5.378e-03	8.834e-03	1.231e-02	5	resolve_next_lcp: set LCP
TIMER	1.014e+02	1.014e+02	1.014e+02	5	LCP update
unresolved = 91070, unfinished = 45535
TIMER	1.080e+02	1.080e+02	1.080e+02	3	bucket-chaising iteration
TIMER	7.459e-02	1.067e-01	1.314e-01	4	bulk_query: get recv_counts
TIMER	1.659e-01	2.938e-01	4.802e-01	4	bulk_query: all2all queries
Avg queries: 2.372e+02, max queries on proc 13: 49248
Inbalance factor: 2.077e+02x
TIMER	4.893e-02	5.399e-02	2.398e-01	4	bulk_query: local query
TIMER	1.273e-01	1.781e-01	2.349e-01	4	bulk_query: all2all query results
TIMER	1.009e+02	1.009e+02	1.009e+02	5	resolve_next_lcp: bulk_rmq
TIMER	1.785e-03	3.120e-03	5.419e-03	5	resolve_next_lcp: set LCP
TIMER	1.011e+02	1.011e+02	1.011e+02	5	LCP update
unresolved = 0, unfinished = 0
TIMER	1.039e+02	1.039e+02	1.039e+02	3	bucket-chaising iteration
TIMER	3.240e+03	3.240e+03	3.240e+03	2	construct-msgs
TIMER	2.996e+01	3.364e+01	3.590e+01	2	fix-isa
PSAC time: 8.708e+03 ms
