== Node distribution == 
== p=384 processes on 8 nodes ==
--  Node: 'c476-134.stampede2.tacc.utexas.edu' (48/384)
        Ranks: 0, 1, 2, 3, 4, 5, 6, 7, 8, 9, 10, 11, 12, 13, 14, 15, 16, 17, 18, 19, 20, 21, 22, 23, 24, 25, 26, 27, 28, 29, 30, 31, 32, 33, 34, 35, 36, 37, 38, 39, 40, 41, 42, 43, 44, 45, 46, 47
--  Node: 'c477-003.stampede2.tacc.utexas.edu' (48/384)
        Ranks: 48, 49, 50, 51, 52, 53, 54, 55, 56, 57, 58, 59, 60, 61, 62, 63, 64, 65, 66, 67, 68, 69, 70, 71, 72, 73, 74, 75, 76, 77, 78, 79, 80, 81, 82, 83, 84, 85, 86, 87, 88, 89, 90, 91, 92, 93, 94, 95
--  Node: 'c477-004.stampede2.tacc.utexas.edu' (48/384)
        Ranks: 96, 97, 98, 99, 100, 101, 102, 103, 104, 105, 106, 107, 108, 109, 110, 111, 112, 113, 114, 115, 116, 117, 118, 119, 120, 121, 122, 123, 124, 125, 126, 127, 128, 129, 130, 131, 132, 133, 134, 135, 136, 137, 138, 139, 140, 141, 142, 143
--  Node: 'c477-012.stampede2.tacc.utexas.edu' (48/384)
        Ranks: 144, 145, 146, 147, 148, 149, 150, 151, 152, 153, 154, 155, 156, 157, 158, 159, 160, 161, 162, 163, 164, 165, 166, 167, 168, 169, 170, 171, 172, 173, 174, 175, 176, 177, 178, 179, 180, 181, 182, 183, 184, 185, 186, 187, 188, 189, 190, 191
--  Node: 'c477-013.stampede2.tacc.utexas.edu' (48/384)
        Ranks: 192, 193, 194, 195, 196, 197, 198, 199, 200, 201, 202, 203, 204, 205, 206, 207, 208, 209, 210, 211, 212, 213, 214, 215, 216, 217, 218, 219, 220, 221, 222, 223, 224, 225, 226, 227, 228, 229, 230, 231, 232, 233, 234, 235, 236, 237, 238, 239
--  Node: 'c477-014.stampede2.tacc.utexas.edu' (48/384)
        Ranks: 240, 241, 242, 243, 244, 245, 246, 247, 248, 249, 250, 251, 252, 253, 254, 255, 256, 257, 258, 259, 260, 261, 262, 263, 264, 265, 266, 267, 268, 269, 270, 271, 272, 273, 274, 275, 276, 277, 278, 279, 280, 281, 282, 283, 284, 285, 286, 287
--  Node: 'c477-041.stampede2.tacc.utexas.edu' (48/384)
        Ranks: 288, 289, 290, 291, 292, 293, 294, 295, 296, 297, 298, 299, 300, 301, 302, 303, 304, 305, 306, 307, 308, 309, 310, 311, 312, 313, 314, 315, 316, 317, 318, 319, 320, 321, 322, 323, 324, 325, 326, 327, 328, 329, 330, 331, 332, 333, 334, 335
--  Node: 'c477-051.stampede2.tacc.utexas.edu' (48/384)
        Ranks: 336, 337, 338, 339, 340, 341, 342, 343, 344, 345, 346, 347, 348, 349, 350, 351, 352, 353, 354, 355, 356, 357, 358, 359, 360, 361, 362, 363, 364, 365, 366, 367, 368, 369, 370, 371, 372, 373, 374, 375, 376, 377, 378, 379, 380, 381, 382, 383
Alphabet: {sigma=4, l=3, A=[A, C, G, T]}
TIMER	7.118e+00	7.129e+00	7.176e+00	1	get alphabet
TIMER	7.505e+01	7.750e+01	8.097e+01	2	kmer-gen
TIMER	8.264e+01	8.746e+01	9.688e+01	3	shift-buckets
TIMER	3.661e+03	3.677e+03	3.690e+03	3	ISA-to-SA
TIMER	1.007e+02	1.033e+02	1.075e+02	3	init-lcp
iteration 21: unfinished buckets = 51313051, unfinished elements = 252565151
TIMER	7.443e+01	7.565e+01	7.688e+01	3	rebucket
TIMER	1.385e+03	1.402e+03	1.423e+03	3	SA-to-ISA
TIMER	5.395e+03	5.396e+03	5.397e+03	3	sac-iteration
Starting Bucket chasing algorithm
unresolved = 252565180, unfinished = 51313051
TIMER	3.676e+01	3.677e+01	3.679e+01	3	get active elements
TIMER	9.196e-02	1.208e-01	1.471e-01	4	bulk_query: get recv_counts
TIMER	7.554e+01	7.873e+01	8.096e+01	4	bulk_query: all2all queries
Avg queries: 6.577e+05, max queries on proc 205: 5686338
Inbalance factor: 8.646e+00x
TIMER	5.829e+00	1.300e+01	7.298e+01	4	bulk_query: local query
TIMER	6.715e+01	6.879e+01	7.122e+01	4	bulk_query: all2all query results
TIMER	5.285e+02	5.379e+02	5.670e+02	5	resolve_next_lcp: bulk_rmq
TIMER	2.989e+00	5.374e+00	9.108e+00	5	resolve_next_lcp: set LCP
TIMER	5.763e+02	5.763e+02	5.763e+02	5	LCP update
unresolved = 83264472, unfinished = 25014138
TIMER	1.346e+03	1.347e+03	1.347e+03	3	bucket-chaising iteration
TIMER	9.609e-02	1.248e-01	1.631e-01	4	bulk_query: get recv_counts
TIMER	3.136e+01	3.222e+01	3.341e+01	4	bulk_query: all2all queries
Avg queries: 2.168e+05, max queries on proc 205: 4553617
Inbalance factor: 2.100e+01x
TIMER	5.605e-01	2.618e+00	5.112e+01	4	bulk_query: local query
TIMER	2.312e+01	2.384e+01	2.493e+01	4	bulk_query: all2all query results
TIMER	1.728e+02	1.741e+02	1.758e+02	5	resolve_next_lcp: bulk_rmq
TIMER	1.182e+00	1.778e+00	2.273e+00	5	resolve_next_lcp: set LCP
TIMER	1.782e+02	1.782e+02	1.783e+02	5	LCP update
unresolved = 39125110, unfinished = 14728266
TIMER	4.965e+02	4.965e+02	4.981e+02	3	bucket-chaising iteration
TIMER	1.001e-01	1.198e-01	1.471e-01	4	bulk_query: get recv_counts
TIMER	2.058e+01	2.130e+01	2.211e+01	4	bulk_query: all2all queries
Avg queries: 1.019e+05, max queries on proc 205: 3302336
Inbalance factor: 3.241e+01x
TIMER	1.007e-01	8.928e-01	3.213e+01	4	bulk_query: local query
TIMER	1.815e+01	1.930e+01	2.029e+01	4	bulk_query: all2all query results
TIMER	1.240e+02	1.242e+02	1.248e+02	5	resolve_next_lcp: bulk_rmq
TIMER	5.533e-01	7.059e-01	9.017e-01	5	resolve_next_lcp: set LCP
TIMER	1.259e+02	1.259e+02	1.259e+02	5	LCP update
unresolved = 21253898, unfinished = 9155159
TIMER	3.146e+02	3.146e+02	3.156e+02	3	bucket-chaising iteration
TIMER	8.702e-02	1.124e-01	1.366e-01	4	bulk_query: get recv_counts
TIMER	7.927e+00	8.464e+00	8.880e+00	4	bulk_query: all2all queries
Avg queries: 5.535e+04, max queries on proc 205: 2117007
Inbalance factor: 3.825e+01x
TIMER	8.168e-02	4.733e-01	1.617e+01	4	bulk_query: local query
TIMER	6.393e+00	6.735e+00	7.101e+00	4	bulk_query: all2all query results
TIMER	1.073e+02	1.074e+02	1.075e+02	5	resolve_next_lcp: bulk_rmq
TIMER	2.383e-01	3.001e-01	3.873e-01	5	resolve_next_lcp: set LCP
TIMER	1.081e+02	1.081e+02	1.081e+02	5	LCP update
unresolved = 12458753, unfinished = 5704526
TIMER	2.033e+02	2.033e+02	2.042e+02	3	bucket-chaising iteration
TIMER	8.555e-02	1.118e-01	1.427e-01	4	bulk_query: get recv_counts
TIMER	1.986e+00	4.901e+00	5.533e+00	4	bulk_query: all2all queries
Avg queries: 3.244e+04, max queries on proc 382: 1196893
Inbalance factor: 3.689e+01x
TIMER	5.217e-02	2.605e-01	9.278e+00	4	bulk_query: local query
TIMER	3.373e+00	3.530e+00	3.841e+00	4	bulk_query: all2all query results
TIMER	1.036e+02	1.037e+02	1.038e+02	5	resolve_next_lcp: bulk_rmq
TIMER	1.269e-01	1.668e-01	2.284e-01	5	resolve_next_lcp: set LCP
TIMER	1.042e+02	1.042e+02	1.042e+02	5	LCP update
unresolved = 7057961, unfinished = 3349572
TIMER	1.578e+02	1.578e+02	1.578e+02	3	bucket-chaising iteration
TIMER	8.423e-02	1.111e-01	1.351e-01	4	bulk_query: get recv_counts
TIMER	1.354e+00	2.504e+00	3.438e+00	4	bulk_query: all2all queries
Avg queries: 1.838e+04, max queries on proc 382: 796743
Inbalance factor: 4.335e+01x
TIMER	4.783e-02	1.531e-01	5.807e+00	4	bulk_query: local query
TIMER	1.701e+00	1.910e+00	2.234e+00	4	bulk_query: all2all query results
TIMER	1.037e+02	1.037e+02	1.038e+02	5	resolve_next_lcp: bulk_rmq
TIMER	6.366e-02	9.224e-02	1.245e-01	5	resolve_next_lcp: set LCP
TIMER	1.041e+02	1.041e+02	1.041e+02	5	LCP update
unresolved = 3830919, unfinished = 1858430
TIMER	1.369e+02	1.369e+02	1.369e+02	3	bucket-chaising iteration
TIMER	7.832e-02	1.065e-01	1.357e-01	4	bulk_query: get recv_counts
TIMER	9.243e-01	1.402e+00	2.200e+00	4	bulk_query: all2all queries
Avg queries: 9.976e+03, max queries on proc 383: 514056
Inbalance factor: 5.153e+01x
TIMER	4.734e-02	1.005e-01	3.252e+00	4	bulk_query: local query
TIMER	1.026e+00	1.139e+00	1.323e+00	4	bulk_query: all2all query results
TIMER	1.008e+02	1.008e+02	1.009e+02	5	resolve_next_lcp: bulk_rmq
TIMER	3.304e-02	5.272e-02	7.288e-02	5	resolve_next_lcp: set LCP
TIMER	1.011e+02	1.011e+02	1.011e+02	5	LCP update
unresolved = 1897267, unfinished = 927479
TIMER	1.208e+02	1.208e+02	1.209e+02	3	bucket-chaising iteration
TIMER	7.337e-02	1.138e-01	1.395e-01	4	bulk_query: get recv_counts
TIMER	5.540e-01	8.382e-01	1.414e+00	4	bulk_query: all2all queries
Avg queries: 4.941e+03, max queries on proc 383: 333922
Inbalance factor: 6.758e+01x
TIMER	5.605e-02	8.525e-02	1.666e+00	4	bulk_query: local query
TIMER	5.782e-01	6.437e-01	7.415e-01	4	bulk_query: all2all query results
TIMER	1.031e+02	1.031e+02	1.032e+02	5	resolve_next_lcp: bulk_rmq
TIMER	1.678e-02	2.782e-02	1.022e-01	5	resolve_next_lcp: set LCP
TIMER	1.034e+02	1.034e+02	1.034e+02	5	LCP update
unresolved = 887691, unfinished = 430529
TIMER	1.156e+02	1.156e+02	1.156e+02	3	bucket-chaising iteration
TIMER	7.111e-02	9.903e-02	1.245e-01	4	bulk_query: get recv_counts
TIMER	3.078e-01	5.298e-01	8.692e-01	4	bulk_query: all2all queries
Avg queries: 2.312e+03, max queries on proc 383: 205310
Inbalance factor: 8.881e+01x
TIMER	4.415e-02	5.387e-02	8.239e-01	4	bulk_query: local query
TIMER	3.291e-01	4.096e-01	4.858e-01	4	bulk_query: all2all query results
TIMER	1.020e+02	1.021e+02	1.021e+02	5	resolve_next_lcp: bulk_rmq
TIMER	8.865e-03	1.423e-02	2.993e-02	5	resolve_next_lcp: set LCP
TIMER	1.023e+02	1.023e+02	1.023e+02	5	LCP update
unresolved = 397767, unfinished = 190943
TIMER	1.092e+02	1.092e+02	1.092e+02	3	bucket-chaising iteration
TIMER	8.828e-02	1.089e-01	1.271e-01	4	bulk_query: get recv_counts
TIMER	1.858e-01	4.038e-01	6.536e-01	4	bulk_query: all2all queries
Avg queries: 1.036e+03, max queries on proc 383: 113284
Inbalance factor: 1.094e+02x
TIMER	4.102e-02	4.712e-02	4.200e-01	4	bulk_query: local query
TIMER	1.695e-01	2.696e-01	3.417e-01	4	bulk_query: all2all query results
TIMER	1.035e+02	1.036e+02	1.037e+02	5	resolve_next_lcp: bulk_rmq
TIMER	5.307e-03	9.020e-03	5.413e-02	5	resolve_next_lcp: set LCP
TIMER	1.039e+02	1.039e+02	1.039e+02	5	LCP update
unresolved = 91070, unfinished = 45535
TIMER	1.082e+02	1.082e+02	1.082e+02	3	bucket-chaising iteration
TIMER	7.632e-02	1.132e-01	1.395e-01	4	bulk_query: get recv_counts
TIMER	1.276e-01	2.797e-01	4.536e-01	4	bulk_query: all2all queries
Avg queries: 2.372e+02, max queries on proc 13: 49248
Inbalance factor: 2.077e+02x
TIMER	4.122e-02	4.390e-02	1.974e-01	4	bulk_query: local query
TIMER	1.419e-01	1.883e-01	2.508e-01	4	bulk_query: all2all query results
TIMER	1.013e+02	1.013e+02	1.013e+02	5	resolve_next_lcp: bulk_rmq
TIMER	1.598e-03	3.107e-03	5.138e-03	5	resolve_next_lcp: set LCP
TIMER	1.015e+02	1.015e+02	1.015e+02	5	LCP update
unresolved = 0, unfinished = 0
TIMER	1.042e+02	1.042e+02	1.042e+02	3	bucket-chaising iteration
TIMER	3.261e+03	3.261e+03	3.261e+03	2	construct-msgs
TIMER	3.088e+01	3.405e+01	3.813e+01	2	fix-isa
PSAC time: 8.791e+03 ms
