== Node distribution == 
== p=384 processes on 8 nodes ==
--  Node: 'c506-121.stampede2.tacc.utexas.edu' (48/384)
        Ranks: 0, 1, 2, 3, 4, 5, 6, 7, 8, 9, 10, 11, 12, 13, 14, 15, 16, 17, 18, 19, 20, 21, 22, 23, 24, 25, 26, 27, 28, 29, 30, 31, 32, 33, 34, 35, 36, 37, 38, 39, 40, 41, 42, 43, 44, 45, 46, 47
--  Node: 'c506-122.stampede2.tacc.utexas.edu' (48/384)
        Ranks: 48, 49, 50, 51, 52, 53, 54, 55, 56, 57, 58, 59, 60, 61, 62, 63, 64, 65, 66, 67, 68, 69, 70, 71, 72, 73, 74, 75, 76, 77, 78, 79, 80, 81, 82, 83, 84, 85, 86, 87, 88, 89, 90, 91, 92, 93, 94, 95
--  Node: 'c506-123.stampede2.tacc.utexas.edu' (48/384)
        Ranks: 96, 97, 98, 99, 100, 101, 102, 103, 104, 105, 106, 107, 108, 109, 110, 111, 112, 113, 114, 115, 116, 117, 118, 119, 120, 121, 122, 123, 124, 125, 126, 127, 128, 129, 130, 131, 132, 133, 134, 135, 136, 137, 138, 139, 140, 141, 142, 143
--  Node: 'c506-124.stampede2.tacc.utexas.edu' (48/384)
        Ranks: 144, 145, 146, 147, 148, 149, 150, 151, 152, 153, 154, 155, 156, 157, 158, 159, 160, 161, 162, 163, 164, 165, 166, 167, 168, 169, 170, 171, 172, 173, 174, 175, 176, 177, 178, 179, 180, 181, 182, 183, 184, 185, 186, 187, 188, 189, 190, 191
--  Node: 'c506-131.stampede2.tacc.utexas.edu' (48/384)
        Ranks: 192, 193, 194, 195, 196, 197, 198, 199, 200, 201, 202, 203, 204, 205, 206, 207, 208, 209, 210, 211, 212, 213, 214, 215, 216, 217, 218, 219, 220, 221, 222, 223, 224, 225, 226, 227, 228, 229, 230, 231, 232, 233, 234, 235, 236, 237, 238, 239
--  Node: 'c506-132.stampede2.tacc.utexas.edu' (48/384)
        Ranks: 240, 241, 242, 243, 244, 245, 246, 247, 248, 249, 250, 251, 252, 253, 254, 255, 256, 257, 258, 259, 260, 261, 262, 263, 264, 265, 266, 267, 268, 269, 270, 271, 272, 273, 274, 275, 276, 277, 278, 279, 280, 281, 282, 283, 284, 285, 286, 287
--  Node: 'c506-133.stampede2.tacc.utexas.edu' (48/384)
        Ranks: 288, 289, 290, 291, 292, 293, 294, 295, 296, 297, 298, 299, 300, 301, 302, 303, 304, 305, 306, 307, 308, 309, 310, 311, 312, 313, 314, 315, 316, 317, 318, 319, 320, 321, 322, 323, 324, 325, 326, 327, 328, 329, 330, 331, 332, 333, 334, 335
--  Node: 'c506-134.stampede2.tacc.utexas.edu' (48/384)
        Ranks: 336, 337, 338, 339, 340, 341, 342, 343, 344, 345, 346, 347, 348, 349, 350, 351, 352, 353, 354, 355, 356, 357, 358, 359, 360, 361, 362, 363, 364, 365, 366, 367, 368, 369, 370, 371, 372, 373, 374, 375, 376, 377, 378, 379, 380, 381, 382, 383
Alphabet: {sigma=4, l=3, A=[A, C, G, T]}
TIMER	1.572e+01	1.573e+01	1.578e+01	1	get alphabet
TIMER	7.539e+01	7.846e+01	8.323e+01	2	kmer-gen
TIMER	8.277e+01	8.721e+01	9.943e+01	3	shift-buckets
TIMER	3.637e+03	3.648e+03	3.667e+03	3	ISA-to-SA
TIMER	1.017e+02	1.046e+02	1.087e+02	3	init-lcp
iteration 21: unfinished buckets = 51313051, unfinished elements = 252565151
TIMER	7.747e+01	7.849e+01	8.006e+01	3	rebucket
TIMER	1.345e+03	1.355e+03	1.376e+03	3	SA-to-ISA
TIMER	5.335e+03	5.335e+03	5.336e+03	3	sac-iteration
Starting Bucket chasing algorithm
unresolved = 252565180, unfinished = 51313051
TIMER	3.817e+01	3.865e+01	3.868e+01	3	get active elements
TIMER	8.930e-02	1.193e-01	1.447e-01	4	bulk_query: get recv_counts
TIMER	6.861e+01	7.125e+01	7.250e+01	4	bulk_query: all2all queries
Avg queries: 6.577e+05, max queries on proc 205: 5686338
Inbalance factor: 8.646e+00x
TIMER	5.877e+00	1.287e+01	7.396e+01	4	bulk_query: local query
TIMER	6.276e+01	6.432e+01	6.628e+01	4	bulk_query: all2all query results
TIMER	5.341e+02	5.437e+02	5.739e+02	5	resolve_next_lcp: bulk_rmq
TIMER	3.135e+00	5.380e+00	9.051e+00	5	resolve_next_lcp: set LCP
TIMER	5.831e+02	5.831e+02	5.831e+02	5	LCP update
unresolved = 83264472, unfinished = 25014138
TIMER	1.356e+03	1.357e+03	1.358e+03	3	bucket-chaising iteration
TIMER	9.162e-02	1.235e-01	1.487e-01	4	bulk_query: get recv_counts
TIMER	3.103e+01	3.163e+01	3.271e+01	4	bulk_query: all2all queries
Avg queries: 2.168e+05, max queries on proc 205: 4553617
Inbalance factor: 2.100e+01x
TIMER	5.912e-01	2.608e+00	5.212e+01	4	bulk_query: local query
TIMER	2.302e+01	2.419e+01	2.501e+01	4	bulk_query: all2all query results
TIMER	1.729e+02	1.741e+02	1.760e+02	5	resolve_next_lcp: bulk_rmq
TIMER	1.131e+00	1.777e+00	2.268e+00	5	resolve_next_lcp: set LCP
TIMER	1.784e+02	1.784e+02	1.784e+02	5	LCP update
unresolved = 39125110, unfinished = 14728266
TIMER	4.950e+02	4.950e+02	4.966e+02	3	bucket-chaising iteration
TIMER	8.818e-02	1.111e-01	1.308e-01	4	bulk_query: get recv_counts
TIMER	1.844e+01	1.898e+01	1.951e+01	4	bulk_query: all2all queries
Avg queries: 1.019e+05, max queries on proc 205: 3302336
Inbalance factor: 3.241e+01x
TIMER	1.137e-01	9.070e-01	3.379e+01	4	bulk_query: local query
TIMER	1.150e+01	1.221e+01	1.287e+01	4	bulk_query: all2all query results
TIMER	1.235e+02	1.237e+02	1.243e+02	5	resolve_next_lcp: bulk_rmq
TIMER	5.424e-01	7.040e-01	9.084e-01	5	resolve_next_lcp: set LCP
TIMER	1.254e+02	1.254e+02	1.254e+02	5	LCP update
unresolved = 21253898, unfinished = 9155159
TIMER	3.060e+02	3.060e+02	3.071e+02	3	bucket-chaising iteration
TIMER	9.620e-02	1.179e-01	1.471e-01	4	bulk_query: get recv_counts
TIMER	7.602e+00	8.052e+00	8.605e+00	4	bulk_query: all2all queries
Avg queries: 5.535e+04, max queries on proc 205: 2117007
Inbalance factor: 3.825e+01x
TIMER	5.574e-02	4.412e-01	1.637e+01	4	bulk_query: local query
TIMER	6.248e+00	6.512e+00	6.840e+00	4	bulk_query: all2all query results
TIMER	1.069e+02	1.070e+02	1.071e+02	5	resolve_next_lcp: bulk_rmq
TIMER	2.269e-01	2.969e-01	3.851e-01	5	resolve_next_lcp: set LCP
TIMER	1.076e+02	1.076e+02	1.076e+02	5	LCP update
unresolved = 12458753, unfinished = 5704526
TIMER	2.091e+02	2.091e+02	2.099e+02	3	bucket-chaising iteration
TIMER	9.868e-02	1.195e-01	1.451e-01	4	bulk_query: get recv_counts
TIMER	2.046e+00	4.505e+00	5.120e+00	4	bulk_query: all2all queries
Avg queries: 3.244e+04, max queries on proc 382: 1196893
Inbalance factor: 3.689e+01x
TIMER	4.587e-02	2.477e-01	9.021e+00	4	bulk_query: local query
TIMER	3.429e+00	3.595e+00	3.903e+00	4	bulk_query: all2all query results
TIMER	1.044e+02	1.044e+02	1.045e+02	5	resolve_next_lcp: bulk_rmq
TIMER	1.206e-01	1.667e-01	2.685e-01	5	resolve_next_lcp: set LCP
TIMER	1.049e+02	1.049e+02	1.050e+02	5	LCP update
unresolved = 7057961, unfinished = 3349572
TIMER	1.574e+02	1.574e+02	1.574e+02	3	bucket-chaising iteration
TIMER	9.383e-02	1.223e-01	1.542e-01	4	bulk_query: get recv_counts
TIMER	1.257e+00	2.494e+00	3.340e+00	4	bulk_query: all2all queries
Avg queries: 1.838e+04, max queries on proc 382: 796743
Inbalance factor: 4.335e+01x
TIMER	5.191e-02	1.553e-01	5.636e+00	4	bulk_query: local query
TIMER	1.760e+00	1.961e+00	2.286e+00	4	bulk_query: all2all query results
TIMER	1.111e+02	1.112e+02	1.113e+02	5	resolve_next_lcp: bulk_rmq
TIMER	6.289e-02	9.494e-02	2.397e-01	5	resolve_next_lcp: set LCP
TIMER	1.116e+02	1.116e+02	1.116e+02	5	LCP update
unresolved = 3830919, unfinished = 1858430
TIMER	1.624e+02	1.624e+02	1.625e+02	3	bucket-chaising iteration
TIMER	9.860e-02	1.299e-01	2.127e-01	4	bulk_query: get recv_counts
TIMER	1.021e+00	1.837e+00	3.390e+00	4	bulk_query: all2all queries
Avg queries: 9.976e+03, max queries on proc 383: 514056
Inbalance factor: 5.153e+01x
TIMER	6.962e-02	1.203e-01	3.239e+00	4	bulk_query: local query
TIMER	1.100e+00	1.193e+00	1.370e+00	4	bulk_query: all2all query results
TIMER	1.050e+02	1.051e+02	1.051e+02	5	resolve_next_lcp: bulk_rmq
TIMER	3.255e-02	5.264e-02	1.525e-01	5	resolve_next_lcp: set LCP
TIMER	1.054e+02	1.054e+02	1.054e+02	5	LCP update
unresolved = 1897267, unfinished = 927479
TIMER	1.385e+02	1.385e+02	1.385e+02	3	bucket-chaising iteration
TIMER	8.254e-02	1.060e-01	1.381e-01	4	bulk_query: get recv_counts
TIMER	6.149e-01	1.033e+00	1.671e+00	4	bulk_query: all2all queries
Avg queries: 4.941e+03, max queries on proc 383: 333922
Inbalance factor: 6.758e+01x
TIMER	4.739e-02	7.044e-02	1.566e+00	4	bulk_query: local query
TIMER	5.850e-01	6.497e-01	7.446e-01	4	bulk_query: all2all query results
TIMER	1.072e+02	1.074e+02	1.092e+02	5	resolve_next_lcp: bulk_rmq
TIMER	1.781e-02	2.813e-02	8.368e-02	5	resolve_next_lcp: set LCP
TIMER	1.094e+02	1.094e+02	1.094e+02	5	LCP update
unresolved = 887691, unfinished = 430529
TIMER	1.228e+02	1.228e+02	1.241e+02	3	bucket-chaising iteration
TIMER	8.423e-02	1.067e-01	1.311e-01	4	bulk_query: get recv_counts
TIMER	3.422e-01	5.598e-01	9.857e-01	4	bulk_query: all2all queries
Avg queries: 2.312e+03, max queries on proc 383: 205310
Inbalance factor: 8.881e+01x
TIMER	6.670e-02	8.122e-02	8.322e-01	4	bulk_query: local query
TIMER	3.473e-01	5.179e-01	6.249e-01	4	bulk_query: all2all query results
TIMER	1.069e+02	1.069e+02	1.069e+02	5	resolve_next_lcp: bulk_rmq
TIMER	1.010e-02	1.491e-02	5.820e-02	5	resolve_next_lcp: set LCP
TIMER	1.071e+02	1.071e+02	1.071e+02	5	LCP update
unresolved = 397767, unfinished = 190943
TIMER	1.175e+02	1.175e+02	1.175e+02	3	bucket-chaising iteration
TIMER	7.255e-02	1.102e-01	1.341e-01	4	bulk_query: get recv_counts
TIMER	2.085e-01	4.286e-01	7.023e-01	4	bulk_query: all2all queries
Avg queries: 1.036e+03, max queries on proc 383: 113284
Inbalance factor: 1.094e+02x
TIMER	4.054e-02	4.703e-02	5.074e-01	4	bulk_query: local query
TIMER	1.678e-01	2.585e-01	3.282e-01	4	bulk_query: all2all query results
TIMER	1.012e+02	1.012e+02	1.013e+02	5	resolve_next_lcp: bulk_rmq
TIMER	5.992e-03	8.879e-03	1.181e-02	5	resolve_next_lcp: set LCP
TIMER	1.014e+02	1.014e+02	1.014e+02	5	LCP update
unresolved = 91070, unfinished = 45535
TIMER	1.082e+02	1.082e+02	1.082e+02	3	bucket-chaising iteration
TIMER	7.728e-02	1.063e-01	1.335e-01	4	bulk_query: get recv_counts
TIMER	1.286e-01	3.004e-01	5.018e-01	4	bulk_query: all2all queries
Avg queries: 2.372e+02, max queries on proc 13: 49248
Inbalance factor: 2.077e+02x
TIMER	4.200e-02	4.576e-02	2.086e-01	4	bulk_query: local query
TIMER	1.351e-01	1.874e-01	2.435e-01	4	bulk_query: all2all query results
TIMER	1.005e+02	1.005e+02	1.006e+02	5	resolve_next_lcp: bulk_rmq
TIMER	1.580e-03	3.090e-03	4.966e-03	5	resolve_next_lcp: set LCP
TIMER	1.007e+02	1.007e+02	1.007e+02	5	LCP update
unresolved = 0, unfinished = 0
TIMER	1.036e+02	1.036e+02	1.036e+02	3	bucket-chaising iteration
TIMER	3.330e+03	3.330e+03	3.330e+03	2	construct-msgs
TIMER	2.828e+01	3.054e+01	3.267e+01	2	fix-isa
PSAC time: 9.195e+03 ms
