== Node distribution == 
== p=1536 processes on 32 nodes ==
--  Node: 'c476-134.stampede2.tacc.utexas.edu' (48/1536)
        Ranks: 0, 1, 2, 3, 4, 5, 6, 7, 8, 9, 10, 11, 12, 13, 14, 15, 16, 17, 18, 19, 20, 21, 22, 23, 24, 25, 26, 27, 28, 29, 30, 31, 32, 33, 34, 35, 36, 37, 38, 39, 40, 41, 42, 43, 44, 45, 46, 47
--  Node: 'c477-003.stampede2.tacc.utexas.edu' (48/1536)
        Ranks: 48, 49, 50, 51, 52, 53, 54, 55, 56, 57, 58, 59, 60, 61, 62, 63, 64, 65, 66, 67, 68, 69, 70, 71, 72, 73, 74, 75, 76, 77, 78, 79, 80, 81, 82, 83, 84, 85, 86, 87, 88, 89, 90, 91, 92, 93, 94, 95
--  Node: 'c477-004.stampede2.tacc.utexas.edu' (48/1536)
        Ranks: 96, 97, 98, 99, 100, 101, 102, 103, 104, 105, 106, 107, 108, 109, 110, 111, 112, 113, 114, 115, 116, 117, 118, 119, 120, 121, 122, 123, 124, 125, 126, 127, 128, 129, 130, 131, 132, 133, 134, 135, 136, 137, 138, 139, 140, 141, 142, 143
--  Node: 'c477-012.stampede2.tacc.utexas.edu' (48/1536)
        Ranks: 144, 145, 146, 147, 148, 149, 150, 151, 152, 153, 154, 155, 156, 157, 158, 159, 160, 161, 162, 163, 164, 165, 166, 167, 168, 169, 170, 171, 172, 173, 174, 175, 176, 177, 178, 179, 180, 181, 182, 183, 184, 185, 186, 187, 188, 189, 190, 191
--  Node: 'c477-013.stampede2.tacc.utexas.edu' (48/1536)
        Ranks: 192, 193, 194, 195, 196, 197, 198, 199, 200, 201, 202, 203, 204, 205, 206, 207, 208, 209, 210, 211, 212, 213, 214, 215, 216, 217, 218, 219, 220, 221, 222, 223, 224, 225, 226, 227, 228, 229, 230, 231, 232, 233, 234, 235, 236, 237, 238, 239
--  Node: 'c477-014.stampede2.tacc.utexas.edu' (48/1536)
        Ranks: 240, 241, 242, 243, 244, 245, 246, 247, 248, 249, 250, 251, 252, 253, 254, 255, 256, 257, 258, 259, 260, 261, 262, 263, 264, 265, 266, 267, 268, 269, 270, 271, 272, 273, 274, 275, 276, 277, 278, 279, 280, 281, 282, 283, 284, 285, 286, 287
--  Node: 'c477-041.stampede2.tacc.utexas.edu' (48/1536)
        Ranks: 288, 289, 290, 291, 292, 293, 294, 295, 296, 297, 298, 299, 300, 301, 302, 303, 304, 305, 306, 307, 308, 309, 310, 311, 312, 313, 314, 315, 316, 317, 318, 319, 320, 321, 322, 323, 324, 325, 326, 327, 328, 329, 330, 331, 332, 333, 334, 335
--  Node: 'c477-051.stampede2.tacc.utexas.edu' (48/1536)
        Ranks: 336, 337, 338, 339, 340, 341, 342, 343, 344, 345, 346, 347, 348, 349, 350, 351, 352, 353, 354, 355, 356, 357, 358, 359, 360, 361, 362, 363, 364, 365, 366, 367, 368, 369, 370, 371, 372, 373, 374, 375, 376, 377, 378, 379, 380, 381, 382, 383
--  Node: 'c477-111.stampede2.tacc.utexas.edu' (48/1536)
        Ranks: 384, 385, 386, 387, 388, 389, 390, 391, 392, 393, 394, 395, 396, 397, 398, 399, 400, 401, 402, 403, 404, 405, 406, 407, 408, 409, 410, 411, 412, 413, 414, 415, 416, 417, 418, 419, 420, 421, 422, 423, 424, 425, 426, 427, 428, 429, 430, 431
--  Node: 'c477-112.stampede2.tacc.utexas.edu' (48/1536)
        Ranks: 432, 433, 434, 435, 436, 437, 438, 439, 440, 441, 442, 443, 444, 445, 446, 447, 448, 449, 450, 451, 452, 453, 454, 455, 456, 457, 458, 459, 460, 461, 462, 463, 464, 465, 466, 467, 468, 469, 470, 471, 472, 473, 474, 475, 476, 477, 478, 479
--  Node: 'c477-114.stampede2.tacc.utexas.edu' (48/1536)
        Ranks: 480, 481, 482, 483, 484, 485, 486, 487, 488, 489, 490, 491, 492, 493, 494, 495, 496, 497, 498, 499, 500, 501, 502, 503, 504, 505, 506, 507, 508, 509, 510, 511, 512, 513, 514, 515, 516, 517, 518, 519, 520, 521, 522, 523, 524, 525, 526, 527
--  Node: 'c477-122.stampede2.tacc.utexas.edu' (48/1536)
        Ranks: 528, 529, 530, 531, 532, 533, 534, 535, 536, 537, 538, 539, 540, 541, 542, 543, 544, 545, 546, 547, 548, 549, 550, 551, 552, 553, 554, 555, 556, 557, 558, 559, 560, 561, 562, 563, 564, 565, 566, 567, 568, 569, 570, 571, 572, 573, 574, 575
--  Node: 'c492-101.stampede2.tacc.utexas.edu' (48/1536)
        Ranks: 576, 577, 578, 579, 580, 581, 582, 583, 584, 585, 586, 587, 588, 589, 590, 591, 592, 593, 594, 595, 596, 597, 598, 599, 600, 601, 602, 603, 604, 605, 606, 607, 608, 609, 610, 611, 612, 613, 614, 615, 616, 617, 618, 619, 620, 621, 622, 623
--  Node: 'c493-084.stampede2.tacc.utexas.edu' (48/1536)
        Ranks: 624, 625, 626, 627, 628, 629, 630, 631, 632, 633, 634, 635, 636, 637, 638, 639, 640, 641, 642, 643, 644, 645, 646, 647, 648, 649, 650, 651, 652, 653, 654, 655, 656, 657, 658, 659, 660, 661, 662, 663, 664, 665, 666, 667, 668, 669, 670, 671
--  Node: 'c494-071.stampede2.tacc.utexas.edu' (48/1536)
        Ranks: 672, 673, 674, 675, 676, 677, 678, 679, 680, 681, 682, 683, 684, 685, 686, 687, 688, 689, 690, 691, 692, 693, 694, 695, 696, 697, 698, 699, 700, 701, 702, 703, 704, 705, 706, 707, 708, 709, 710, 711, 712, 713, 714, 715, 716, 717, 718, 719
--  Node: 'c495-022.stampede2.tacc.utexas.edu' (48/1536)
        Ranks: 720, 721, 722, 723, 724, 725, 726, 727, 728, 729, 730, 731, 732, 733, 734, 735, 736, 737, 738, 739, 740, 741, 742, 743, 744, 745, 746, 747, 748, 749, 750, 751, 752, 753, 754, 755, 756, 757, 758, 759, 760, 761, 762, 763, 764, 765, 766, 767
--  Node: 'c495-023.stampede2.tacc.utexas.edu' (48/1536)
        Ranks: 768, 769, 770, 771, 772, 773, 774, 775, 776, 777, 778, 779, 780, 781, 782, 783, 784, 785, 786, 787, 788, 789, 790, 791, 792, 793, 794, 795, 796, 797, 798, 799, 800, 801, 802, 803, 804, 805, 806, 807, 808, 809, 810, 811, 812, 813, 814, 815
--  Node: 'c495-033.stampede2.tacc.utexas.edu' (48/1536)
        Ranks: 816, 817, 818, 819, 820, 821, 822, 823, 824, 825, 826, 827, 828, 829, 830, 831, 832, 833, 834, 835, 836, 837, 838, 839, 840, 841, 842, 843, 844, 845, 846, 847, 848, 849, 850, 851, 852, 853, 854, 855, 856, 857, 858, 859, 860, 861, 862, 863
--  Node: 'c495-034.stampede2.tacc.utexas.edu' (48/1536)
        Ranks: 864, 865, 866, 867, 868, 869, 870, 871, 872, 873, 874, 875, 876, 877, 878, 879, 880, 881, 882, 883, 884, 885, 886, 887, 888, 889, 890, 891, 892, 893, 894, 895, 896, 897, 898, 899, 900, 901, 902, 903, 904, 905, 906, 907, 908, 909, 910, 911
--  Node: 'c495-041.stampede2.tacc.utexas.edu' (48/1536)
        Ranks: 912, 913, 914, 915, 916, 917, 918, 919, 920, 921, 922, 923, 924, 925, 926, 927, 928, 929, 930, 931, 932, 933, 934, 935, 936, 937, 938, 939, 940, 941, 942, 943, 944, 945, 946, 947, 948, 949, 950, 951, 952, 953, 954, 955, 956, 957, 958, 959
--  Node: 'c495-091.stampede2.tacc.utexas.edu' (48/1536)
        Ranks: 960, 961, 962, 963, 964, 965, 966, 967, 968, 969, 970, 971, 972, 973, 974, 975, 976, 977, 978, 979, 980, 981, 982, 983, 984, 985, 986, 987, 988, 989, 990, 991, 992, 993, 994, 995, 996, 997, 998, 999, 1000, 1001, 1002, 1003, 1004, 1005, 1006, 1007
--  Node: 'c495-092.stampede2.tacc.utexas.edu' (48/1536)
        Ranks: 1008, 1009, 1010, 1011, 1012, 1013, 1014, 1015, 1016, 1017, 1018, 1019, 1020, 1021, 1022, 1023, 1024, 1025, 1026, 1027, 1028, 1029, 1030, 1031, 1032, 1033, 1034, 1035, 1036, 1037, 1038, 1039, 1040, 1041, 1042, 1043, 1044, 1045, 1046, 1047, 1048, 1049, 1050, 1051, 1052, 1053, 1054, 1055
--  Node: 'c506-101.stampede2.tacc.utexas.edu' (48/1536)
        Ranks: 1056, 1057, 1058, 1059, 1060, 1061, 1062, 1063, 1064, 1065, 1066, 1067, 1068, 1069, 1070, 1071, 1072, 1073, 1074, 1075, 1076, 1077, 1078, 1079, 1080, 1081, 1082, 1083, 1084, 1085, 1086, 1087, 1088, 1089, 1090, 1091, 1092, 1093, 1094, 1095, 1096, 1097, 1098, 1099, 1100, 1101, 1102, 1103
--  Node: 'c506-102.stampede2.tacc.utexas.edu' (48/1536)
        Ranks: 1104, 1105, 1106, 1107, 1108, 1109, 1110, 1111, 1112, 1113, 1114, 1115, 1116, 1117, 1118, 1119, 1120, 1121, 1122, 1123, 1124, 1125, 1126, 1127, 1128, 1129, 1130, 1131, 1132, 1133, 1134, 1135, 1136, 1137, 1138, 1139, 1140, 1141, 1142, 1143, 1144, 1145, 1146, 1147, 1148, 1149, 1150, 1151
--  Node: 'c506-103.stampede2.tacc.utexas.edu' (48/1536)
        Ranks: 1152, 1153, 1154, 1155, 1156, 1157, 1158, 1159, 1160, 1161, 1162, 1163, 1164, 1165, 1166, 1167, 1168, 1169, 1170, 1171, 1172, 1173, 1174, 1175, 1176, 1177, 1178, 1179, 1180, 1181, 1182, 1183, 1184, 1185, 1186, 1187, 1188, 1189, 1190, 1191, 1192, 1193, 1194, 1195, 1196, 1197, 1198, 1199
--  Node: 'c506-104.stampede2.tacc.utexas.edu' (48/1536)
        Ranks: 1200, 1201, 1202, 1203, 1204, 1205, 1206, 1207, 1208, 1209, 1210, 1211, 1212, 1213, 1214, 1215, 1216, 1217, 1218, 1219, 1220, 1221, 1222, 1223, 1224, 1225, 1226, 1227, 1228, 1229, 1230, 1231, 1232, 1233, 1234, 1235, 1236, 1237, 1238, 1239, 1240, 1241, 1242, 1243, 1244, 1245, 1246, 1247
--  Node: 'c506-111.stampede2.tacc.utexas.edu' (48/1536)
        Ranks: 1248, 1249, 1250, 1251, 1252, 1253, 1254, 1255, 1256, 1257, 1258, 1259, 1260, 1261, 1262, 1263, 1264, 1265, 1266, 1267, 1268, 1269, 1270, 1271, 1272, 1273, 1274, 1275, 1276, 1277, 1278, 1279, 1280, 1281, 1282, 1283, 1284, 1285, 1286, 1287, 1288, 1289, 1290, 1291, 1292, 1293, 1294, 1295
--  Node: 'c506-112.stampede2.tacc.utexas.edu' (48/1536)
        Ranks: 1296, 1297, 1298, 1299, 1300, 1301, 1302, 1303, 1304, 1305, 1306, 1307, 1308, 1309, 1310, 1311, 1312, 1313, 1314, 1315, 1316, 1317, 1318, 1319, 1320, 1321, 1322, 1323, 1324, 1325, 1326, 1327, 1328, 1329, 1330, 1331, 1332, 1333, 1334, 1335, 1336, 1337, 1338, 1339, 1340, 1341, 1342, 1343
--  Node: 'c506-123.stampede2.tacc.utexas.edu' (48/1536)
        Ranks: 1344, 1345, 1346, 1347, 1348, 1349, 1350, 1351, 1352, 1353, 1354, 1355, 1356, 1357, 1358, 1359, 1360, 1361, 1362, 1363, 1364, 1365, 1366, 1367, 1368, 1369, 1370, 1371, 1372, 1373, 1374, 1375, 1376, 1377, 1378, 1379, 1380, 1381, 1382, 1383, 1384, 1385, 1386, 1387, 1388, 1389, 1390, 1391
--  Node: 'c506-124.stampede2.tacc.utexas.edu' (48/1536)
        Ranks: 1392, 1393, 1394, 1395, 1396, 1397, 1398, 1399, 1400, 1401, 1402, 1403, 1404, 1405, 1406, 1407, 1408, 1409, 1410, 1411, 1412, 1413, 1414, 1415, 1416, 1417, 1418, 1419, 1420, 1421, 1422, 1423, 1424, 1425, 1426, 1427, 1428, 1429, 1430, 1431, 1432, 1433, 1434, 1435, 1436, 1437, 1438, 1439
--  Node: 'c506-131.stampede2.tacc.utexas.edu' (48/1536)
        Ranks: 1440, 1441, 1442, 1443, 1444, 1445, 1446, 1447, 1448, 1449, 1450, 1451, 1452, 1453, 1454, 1455, 1456, 1457, 1458, 1459, 1460, 1461, 1462, 1463, 1464, 1465, 1466, 1467, 1468, 1469, 1470, 1471, 1472, 1473, 1474, 1475, 1476, 1477, 1478, 1479, 1480, 1481, 1482, 1483, 1484, 1485, 1486, 1487
--  Node: 'c506-132.stampede2.tacc.utexas.edu' (48/1536)
        Ranks: 1488, 1489, 1490, 1491, 1492, 1493, 1494, 1495, 1496, 1497, 1498, 1499, 1500, 1501, 1502, 1503, 1504, 1505, 1506, 1507, 1508, 1509, 1510, 1511, 1512, 1513, 1514, 1515, 1516, 1517, 1518, 1519, 1520, 1521, 1522, 1523, 1524, 1525, 1526, 1527, 1528, 1529, 1530, 1531, 1532, 1533, 1534, 1535
Alphabet: {sigma=4, l=3, A=[A, C, G, T]}
TIMER	2.428e+00	2.454e+00	2.479e+00	1	get alphabet
TIMER	1.719e+01	1.865e+01	2.111e+01	2	kmer-gen
TIMER	1.841e+01	2.146e+01	2.597e+01	3	shift-buckets
TIMER	1.170e+03	1.177e+03	1.183e+03	3	ISA-to-SA
TIMER	2.424e+01	2.536e+01	3.002e+01	3	init-lcp
iteration 21: unfinished buckets = 51313051, unfinished elements = 252565073
TIMER	1.964e+01	2.006e+01	2.074e+01	3	rebucket
TIMER	4.996e+02	5.044e+02	5.103e+02	3	SA-to-ISA
TIMER	1.771e+03	1.771e+03	1.771e+03	3	sac-iteration
Starting Bucket chasing algorithm
unresolved = 252565180, unfinished = 51313051
TIMER	9.426e+00	9.433e+00	9.742e+00	3	get active elements
TIMER	3.154e-01	9.526e-01	1.512e+00	4	bulk_query: get recv_counts
TIMER	2.146e+01	2.255e+01	2.425e+01	4	bulk_query: all2all queries
Avg queries: 1.644e+05, max queries on proc 822: 1503985
Inbalance factor: 9.147e+00x
TIMER	1.507e+00	3.130e+00	2.018e+01	4	bulk_query: local query
TIMER	1.576e+01	1.622e+01	1.662e+01	4	bulk_query: all2all query results
TIMER	3.603e+02	3.637e+02	3.826e+02	5	resolve_next_lcp: bulk_rmq
TIMER	4.966e-01	1.213e+00	3.196e+00	5	resolve_next_lcp: set LCP
TIMER	3.861e+02	3.861e+02	3.861e+02	5	LCP update
unresolved = 83264472, unfinished = 25014138
TIMER	8.383e+02	8.383e+02	8.384e+02	3	bucket-chaising iteration
TIMER	2.936e-01	3.504e-01	3.843e-01	4	bulk_query: get recv_counts
TIMER	3.280e+02	3.284e+02	3.289e+02	4	bulk_query: all2all queries
Avg queries: 5.421e+04, max queries on proc 489: 1286198
Inbalance factor: 2.373e+01x
TIMER	1.433e-01	5.346e-01	1.385e+01	4	bulk_query: local query
TIMER	8.323e+00	8.648e+00	8.915e+00	4	bulk_query: all2all query results
TIMER	2.172e+02	2.182e+02	2.200e+02	5	resolve_next_lcp: bulk_rmq
TIMER	1.406e-01	3.147e-01	5.470e-01	5	resolve_next_lcp: set LCP
TIMER	2.207e+02	2.207e+02	2.208e+02	5	LCP update
unresolved = 39125110, unfinished = 14728266
TIMER	1.274e+03	1.274e+03	1.274e+03	3	bucket-chaising iteration
TIMER	2.954e-01	3.438e-01	4.051e-01	4	bulk_query: get recv_counts
TIMER	6.773e+00	7.085e+00	7.376e+00	4	bulk_query: all2all queries
Avg queries: 2.547e+04, max queries on proc 489: 1125098
Inbalance factor: 4.417e+01x
TIMER	8.025e-02	2.603e-01	9.641e+00	4	bulk_query: local query
TIMER	5.787e+00	6.044e+00	6.297e+00	4	bulk_query: all2all query results
TIMER	4.018e+01	4.034e+01	4.073e+01	5	resolve_next_lcp: bulk_rmq
TIMER	7.180e-02	1.232e-01	1.787e-01	5	resolve_next_lcp: set LCP
TIMER	4.117e+01	4.126e+01	4.127e+01	5	LCP update
unresolved = 21253898, unfinished = 9155159
TIMER	4.201e+02	4.201e+02	4.201e+02	3	bucket-chaising iteration
TIMER	2.901e-01	3.321e-01	3.752e-01	4	bulk_query: get recv_counts
TIMER	1.723e+00	4.838e+00	5.264e+00	4	bulk_query: all2all queries
Avg queries: 1.384e+04, max queries on proc 489: 910485
Inbalance factor: 6.580e+01x
TIMER	7.328e-02	1.643e-01	7.132e+00	4	bulk_query: local query
TIMER	3.644e+00	3.825e+00	4.041e+00	4	bulk_query: all2all query results
TIMER	3.263e+01	3.268e+01	3.275e+01	5	resolve_next_lcp: bulk_rmq
TIMER	3.624e-02	6.139e-02	8.570e-02	5	resolve_next_lcp: set LCP
TIMER	3.307e+01	3.307e+01	3.308e+01	5	LCP update
unresolved = 12458753, unfinished = 5704526
TIMER	7.441e+01	7.442e+01	7.444e+01	3	bucket-chaising iteration
TIMER	2.966e-01	3.315e-01	3.651e-01	4	bulk_query: get recv_counts
TIMER	1.856e+00	3.335e+00	4.784e+00	4	bulk_query: all2all queries
Avg queries: 8.111e+03, max queries on proc 1530: 678853
Inbalance factor: 8.369e+01x
TIMER	7.590e-02	1.308e-01	5.127e+00	4	bulk_query: local query
TIMER	2.477e+00	2.630e+00	2.798e+00	4	bulk_query: all2all query results
TIMER	3.491e+01	3.494e+01	3.501e+01	5	resolve_next_lcp: bulk_rmq
TIMER	2.350e-02	3.807e-02	5.310e-02	5	resolve_next_lcp: set LCP
TIMER	3.528e+01	3.530e+01	3.531e+01	5	LCP update
unresolved = 7057961, unfinished = 3349572
TIMER	2.248e+02	2.248e+02	2.248e+02	3	bucket-chaising iteration
TIMER	2.859e-01	3.386e-01	4.980e-01	4	bulk_query: get recv_counts
TIMER	1.380e+00	2.309e+00	3.847e+00	4	bulk_query: all2all queries
Avg queries: 4.595e+03, max queries on proc 1530: 446754
Inbalance factor: 9.723e+01x
TIMER	6.840e-02	9.679e-02	3.243e+00	4	bulk_query: local query
TIMER	1.741e+00	1.951e+00	2.237e+00	4	bulk_query: all2all query results
TIMER	2.949e+01	2.954e+01	2.958e+01	5	resolve_next_lcp: bulk_rmq
TIMER	1.373e-02	2.316e-02	3.507e-02	5	resolve_next_lcp: set LCP
TIMER	2.985e+01	2.985e+01	2.987e+01	5	LCP update
unresolved = 3830919, unfinished = 1858430
TIMER	5.232e+01	5.235e+01	5.238e+01	3	bucket-chaising iteration
TIMER	2.847e-01	3.347e-01	3.776e-01	4	bulk_query: get recv_counts
TIMER	9.934e-01	1.760e+00	2.929e+00	4	bulk_query: all2all queries
Avg queries: 2.494e+03, max queries on proc 1530: 229958
Inbalance factor: 9.220e+01x
TIMER	7.522e-02	9.078e-02	1.521e+00	4	bulk_query: local query
TIMER	1.124e+00	1.344e+00	1.451e+00	4	bulk_query: all2all query results
TIMER	2.893e+01	2.896e+01	2.900e+01	5	resolve_next_lcp: bulk_rmq
TIMER	8.044e-03	1.435e-02	2.597e-02	5	resolve_next_lcp: set LCP
TIMER	2.926e+01	2.927e+01	2.928e+01	5	LCP update
unresolved = 1897267, unfinished = 927479
TIMER	4.340e+01	4.342e+01	4.348e+01	3	bucket-chaising iteration
TIMER	2.960e-01	3.303e-01	3.678e-01	4	bulk_query: get recv_counts
TIMER	8.364e-01	1.510e+00	2.400e+00	4	bulk_query: all2all queries
Avg queries: 1.235e+03, max queries on proc 822: 175391
Inbalance factor: 1.420e+02x
TIMER	6.623e-02	8.029e-02	7.447e-01	4	bulk_query: local query
TIMER	7.981e-01	9.293e-01	1.031e+00	4	bulk_query: all2all query results
TIMER	2.885e+01	2.889e+01	2.892e+01	5	resolve_next_lcp: bulk_rmq
TIMER	4.299e-03	7.844e-03	1.446e-02	5	resolve_next_lcp: set LCP
TIMER	2.915e+01	2.916e+01	2.917e+01	5	LCP update
unresolved = 887691, unfinished = 430529
TIMER	3.992e+01	3.993e+01	3.995e+01	3	bucket-chaising iteration
TIMER	2.930e-01	3.369e-01	3.832e-01	4	bulk_query: get recv_counts
TIMER	5.995e-01	1.369e+00	2.263e+00	4	bulk_query: all2all queries
Avg queries: 5.779e+02, max queries on proc 822: 146291
Inbalance factor: 2.531e+02x
TIMER	7.109e-02	8.899e-02	6.160e-01	4	bulk_query: local query
TIMER	6.563e-01	8.279e-01	9.359e-01	4	bulk_query: all2all query results
TIMER	3.033e+01	3.039e+01	3.041e+01	5	resolve_next_lcp: bulk_rmq
TIMER	2.045e-03	4.179e-03	8.026e-03	5	resolve_next_lcp: set LCP
TIMER	3.089e+01	3.090e+01	3.091e+01	5	LCP update
unresolved = 397767, unfinished = 190943
TIMER	4.094e+01	4.096e+01	4.105e+01	3	bucket-chaising iteration
TIMER	2.926e-01	3.623e-01	7.255e-01	4	bulk_query: get recv_counts
TIMER	5.112e-01	1.267e+00	2.043e+00	4	bulk_query: all2all queries
Avg queries: 2.590e+02, max queries on proc 822: 92531
Inbalance factor: 3.573e+02x
TIMER	1.014e-01	1.091e-01	4.406e-01	4	bulk_query: local query
TIMER	4.778e-01	7.170e-01	8.826e-01	4	bulk_query: all2all query results
TIMER	3.093e+01	3.094e+01	3.100e+01	5	resolve_next_lcp: bulk_rmq
TIMER	1.450e-03	2.811e-03	2.848e-02	5	resolve_next_lcp: set LCP
TIMER	3.127e+01	3.132e+01	3.133e+01	5	LCP update
unresolved = 91070, unfinished = 45535
TIMER	4.088e+01	4.088e+01	4.090e+01	3	bucket-chaising iteration
TIMER	2.798e-01	3.281e-01	3.711e-01	4	bulk_query: get recv_counts
TIMER	6.032e-02	8.985e-01	1.724e+00	4	bulk_query: all2all queries
Avg queries: 5.929e+01, max queries on proc 55: 49248
Inbalance factor: 8.306e+02x
TIMER	6.184e-02	7.418e-02	2.382e-01	4	bulk_query: local query
TIMER	4.448e-01	6.071e-01	7.640e-01	4	bulk_query: all2all query results
TIMER	3.504e+01	3.535e+01	3.555e+01	5	resolve_next_lcp: bulk_rmq
TIMER	5.750e-04	1.761e-03	2.906e-02	5	resolve_next_lcp: set LCP
TIMER	3.618e+01	3.619e+01	3.620e+01	5	LCP update
unresolved = 0, unfinished = 0
TIMER	4.414e+01	4.415e+01	4.421e+01	3	bucket-chaising iteration
TIMER	3.105e+03	3.106e+03	3.106e+03	2	construct-msgs
TIMER	5.654e+00	7.310e+00	8.283e+00	2	fix-isa
PSAC time: 4.918e+03 ms
