== Node distribution == 
== p=384 processes on 8 nodes ==
--  Node: 'c506-121.stampede2.tacc.utexas.edu' (48/384)
        Ranks: 0, 1, 2, 3, 4, 5, 6, 7, 8, 9, 10, 11, 12, 13, 14, 15, 16, 17, 18, 19, 20, 21, 22, 23, 24, 25, 26, 27, 28, 29, 30, 31, 32, 33, 34, 35, 36, 37, 38, 39, 40, 41, 42, 43, 44, 45, 46, 47
--  Node: 'c506-122.stampede2.tacc.utexas.edu' (48/384)
        Ranks: 48, 49, 50, 51, 52, 53, 54, 55, 56, 57, 58, 59, 60, 61, 62, 63, 64, 65, 66, 67, 68, 69, 70, 71, 72, 73, 74, 75, 76, 77, 78, 79, 80, 81, 82, 83, 84, 85, 86, 87, 88, 89, 90, 91, 92, 93, 94, 95
--  Node: 'c506-123.stampede2.tacc.utexas.edu' (48/384)
        Ranks: 96, 97, 98, 99, 100, 101, 102, 103, 104, 105, 106, 107, 108, 109, 110, 111, 112, 113, 114, 115, 116, 117, 118, 119, 120, 121, 122, 123, 124, 125, 126, 127, 128, 129, 130, 131, 132, 133, 134, 135, 136, 137, 138, 139, 140, 141, 142, 143
--  Node: 'c506-124.stampede2.tacc.utexas.edu' (48/384)
        Ranks: 144, 145, 146, 147, 148, 149, 150, 151, 152, 153, 154, 155, 156, 157, 158, 159, 160, 161, 162, 163, 164, 165, 166, 167, 168, 169, 170, 171, 172, 173, 174, 175, 176, 177, 178, 179, 180, 181, 182, 183, 184, 185, 186, 187, 188, 189, 190, 191
--  Node: 'c506-131.stampede2.tacc.utexas.edu' (48/384)
        Ranks: 192, 193, 194, 195, 196, 197, 198, 199, 200, 201, 202, 203, 204, 205, 206, 207, 208, 209, 210, 211, 212, 213, 214, 215, 216, 217, 218, 219, 220, 221, 222, 223, 224, 225, 226, 227, 228, 229, 230, 231, 232, 233, 234, 235, 236, 237, 238, 239
--  Node: 'c506-132.stampede2.tacc.utexas.edu' (48/384)
        Ranks: 240, 241, 242, 243, 244, 245, 246, 247, 248, 249, 250, 251, 252, 253, 254, 255, 256, 257, 258, 259, 260, 261, 262, 263, 264, 265, 266, 267, 268, 269, 270, 271, 272, 273, 274, 275, 276, 277, 278, 279, 280, 281, 282, 283, 284, 285, 286, 287
--  Node: 'c506-133.stampede2.tacc.utexas.edu' (48/384)
        Ranks: 288, 289, 290, 291, 292, 293, 294, 295, 296, 297, 298, 299, 300, 301, 302, 303, 304, 305, 306, 307, 308, 309, 310, 311, 312, 313, 314, 315, 316, 317, 318, 319, 320, 321, 322, 323, 324, 325, 326, 327, 328, 329, 330, 331, 332, 333, 334, 335
--  Node: 'c506-134.stampede2.tacc.utexas.edu' (48/384)
        Ranks: 336, 337, 338, 339, 340, 341, 342, 343, 344, 345, 346, 347, 348, 349, 350, 351, 352, 353, 354, 355, 356, 357, 358, 359, 360, 361, 362, 363, 364, 365, 366, 367, 368, 369, 370, 371, 372, 373, 374, 375, 376, 377, 378, 379, 380, 381, 382, 383
Alphabet: {sigma=4, l=3, A=[A, C, G, T]}
TIMER	7.139e+00	7.150e+00	7.181e+00	1	get alphabet
TIMER	7.468e+01	7.714e+01	8.207e+01	2	kmer-gen
TIMER	8.318e+01	8.758e+01	9.889e+01	3	shift-buckets
TIMER	3.636e+03	3.652e+03	3.674e+03	3	ISA-to-SA
TIMER	1.007e+02	1.031e+02	1.072e+02	3	init-lcp
iteration 21: unfinished buckets = 51313051, unfinished elements = 252565151
TIMER	7.454e+01	7.559e+01	7.720e+01	3	rebucket
TIMER	1.341e+03	1.352e+03	1.373e+03	3	SA-to-ISA
TIMER	5.331e+03	5.331e+03	5.332e+03	3	sac-iteration
Starting Bucket chasing algorithm
unresolved = 252565180, unfinished = 51313051
TIMER	3.437e+01	3.552e+01	3.555e+01	3	get active elements
TIMER	1.007e-01	1.202e-01	1.456e-01	4	bulk_query: get recv_counts
TIMER	7.384e+01	7.625e+01	7.746e+01	4	bulk_query: all2all queries
Avg queries: 6.577e+05, max queries on proc 205: 5686338
Inbalance factor: 8.646e+00x
TIMER	6.044e+00	1.300e+01	7.224e+01	4	bulk_query: local query
TIMER	6.056e+01	6.259e+01	6.365e+01	4	bulk_query: all2all query results
TIMER	5.266e+02	5.370e+02	5.663e+02	5	resolve_next_lcp: bulk_rmq
TIMER	3.154e+00	5.375e+00	9.028e+00	5	resolve_next_lcp: set LCP
TIMER	5.755e+02	5.755e+02	5.755e+02	5	LCP update
unresolved = 83264472, unfinished = 25014138
TIMER	1.334e+03	1.335e+03	1.336e+03	3	bucket-chaising iteration
TIMER	9.755e-02	1.188e-01	1.543e-01	4	bulk_query: get recv_counts
TIMER	2.895e+01	3.008e+01	3.099e+01	4	bulk_query: all2all queries
Avg queries: 2.168e+05, max queries on proc 205: 4553617
Inbalance factor: 2.100e+01x
TIMER	5.917e-01	2.620e+00	5.031e+01	4	bulk_query: local query
TIMER	2.457e+01	2.561e+01	2.660e+01	4	bulk_query: all2all query results
TIMER	1.740e+02	1.754e+02	1.774e+02	5	resolve_next_lcp: bulk_rmq
TIMER	1.147e+00	1.777e+00	2.254e+00	5	resolve_next_lcp: set LCP
TIMER	1.799e+02	1.799e+02	1.799e+02	5	LCP update
unresolved = 39125110, unfinished = 14728266
TIMER	4.953e+02	4.954e+02	4.969e+02	3	bucket-chaising iteration
TIMER	9.744e-02	1.216e-01	1.450e-01	4	bulk_query: get recv_counts
TIMER	1.885e+01	1.937e+01	1.998e+01	4	bulk_query: all2all queries
Avg queries: 1.019e+05, max queries on proc 205: 3302336
Inbalance factor: 3.241e+01x
TIMER	1.132e-01	9.185e-01	3.202e+01	4	bulk_query: local query
TIMER	1.154e+01	1.214e+01	1.279e+01	4	bulk_query: all2all query results
TIMER	1.235e+02	1.238e+02	1.244e+02	5	resolve_next_lcp: bulk_rmq
TIMER	5.194e-01	7.052e-01	9.295e-01	5	resolve_next_lcp: set LCP
TIMER	1.255e+02	1.255e+02	1.255e+02	5	LCP update
unresolved = 21253898, unfinished = 9155159
TIMER	3.021e+02	3.022e+02	3.034e+02	3	bucket-chaising iteration
TIMER	8.912e-02	1.161e-01	1.368e-01	4	bulk_query: get recv_counts
TIMER	8.352e+00	8.728e+00	9.195e+00	4	bulk_query: all2all queries
Avg queries: 5.535e+04, max queries on proc 205: 2117007
Inbalance factor: 3.825e+01x
TIMER	7.085e-02	4.677e-01	1.787e+01	4	bulk_query: local query
TIMER	5.902e+00	6.428e+00	6.929e+00	4	bulk_query: all2all query results
TIMER	1.074e+02	1.074e+02	1.076e+02	5	resolve_next_lcp: bulk_rmq
TIMER	2.259e-01	2.997e-01	3.911e-01	5	resolve_next_lcp: set LCP
TIMER	1.081e+02	1.081e+02	1.081e+02	5	LCP update
unresolved = 12458753, unfinished = 5704526
TIMER	2.027e+02	2.027e+02	2.037e+02	3	bucket-chaising iteration
TIMER	9.119e-02	1.116e-01	1.325e-01	4	bulk_query: get recv_counts
TIMER	2.033e+00	4.517e+00	5.133e+00	4	bulk_query: all2all queries
Avg queries: 3.244e+04, max queries on proc 382: 1196893
Inbalance factor: 3.689e+01x
TIMER	5.919e-02	2.637e-01	9.835e+00	4	bulk_query: local query
TIMER	3.446e+00	3.611e+00	3.892e+00	4	bulk_query: all2all query results
TIMER	1.037e+02	1.038e+02	1.039e+02	5	resolve_next_lcp: bulk_rmq
TIMER	1.309e-01	1.664e-01	2.186e-01	5	resolve_next_lcp: set LCP
TIMER	1.042e+02	1.042e+02	1.042e+02	5	LCP update
unresolved = 7057961, unfinished = 3349572
TIMER	1.581e+02	1.581e+02	1.582e+02	3	bucket-chaising iteration
TIMER	7.827e-02	1.109e-01	1.423e-01	4	bulk_query: get recv_counts
TIMER	1.214e+00	2.472e+00	3.310e+00	4	bulk_query: all2all queries
Avg queries: 1.838e+04, max queries on proc 382: 796743
Inbalance factor: 4.335e+01x
TIMER	5.924e-02	1.638e-01	5.953e+00	4	bulk_query: local query
TIMER	1.734e+00	1.930e+00	2.253e+00	4	bulk_query: all2all query results
TIMER	1.025e+02	1.025e+02	1.026e+02	5	resolve_next_lcp: bulk_rmq
TIMER	6.095e-02	9.228e-02	1.288e-01	5	resolve_next_lcp: set LCP
TIMER	1.028e+02	1.028e+02	1.028e+02	5	LCP update
unresolved = 3830919, unfinished = 1858430
TIMER	1.360e+02	1.360e+02	1.360e+02	3	bucket-chaising iteration
TIMER	8.251e-02	1.135e-01	1.316e-01	4	bulk_query: get recv_counts
TIMER	9.490e-01	1.414e+00	2.212e+00	4	bulk_query: all2all queries
Avg queries: 9.976e+03, max queries on proc 383: 514056
Inbalance factor: 5.153e+01x
TIMER	4.458e-02	9.644e-02	3.336e+00	4	bulk_query: local query
TIMER	1.068e+00	1.169e+00	1.350e+00	4	bulk_query: all2all query results
TIMER	1.012e+02	1.012e+02	1.013e+02	5	resolve_next_lcp: bulk_rmq
TIMER	3.445e-02	5.226e-02	8.201e-02	5	resolve_next_lcp: set LCP
TIMER	1.015e+02	1.015e+02	1.015e+02	5	LCP update
unresolved = 1897267, unfinished = 927479
TIMER	1.214e+02	1.214e+02	1.214e+02	3	bucket-chaising iteration
TIMER	9.143e-02	1.147e-01	1.373e-01	4	bulk_query: get recv_counts
TIMER	5.269e-01	8.456e-01	1.422e+00	4	bulk_query: all2all queries
Avg queries: 4.941e+03, max queries on proc 383: 333922
Inbalance factor: 6.758e+01x
TIMER	6.903e-02	9.328e-02	1.787e+00	4	bulk_query: local query
TIMER	5.854e-01	6.558e-01	7.599e-01	4	bulk_query: all2all query results
TIMER	1.009e+02	1.010e+02	1.010e+02	5	resolve_next_lcp: bulk_rmq
TIMER	1.647e-02	2.758e-02	4.317e-02	5	resolve_next_lcp: set LCP
TIMER	1.012e+02	1.012e+02	1.012e+02	5	LCP update
unresolved = 887691, unfinished = 430529
TIMER	1.127e+02	1.127e+02	1.128e+02	3	bucket-chaising iteration
TIMER	8.525e-02	1.089e-01	1.335e-01	4	bulk_query: get recv_counts
TIMER	3.433e-01	5.666e-01	9.290e-01	4	bulk_query: all2all queries
Avg queries: 2.312e+03, max queries on proc 383: 205310
Inbalance factor: 8.881e+01x
TIMER	4.255e-02	5.410e-02	8.857e-01	4	bulk_query: local query
TIMER	3.427e-01	4.250e-01	5.055e-01	4	bulk_query: all2all query results
TIMER	1.003e+02	1.004e+02	1.004e+02	5	resolve_next_lcp: bulk_rmq
TIMER	9.496e-03	1.430e-02	2.120e-02	5	resolve_next_lcp: set LCP
TIMER	1.005e+02	1.005e+02	1.005e+02	5	LCP update
unresolved = 397767, unfinished = 190943
TIMER	1.074e+02	1.074e+02	1.074e+02	3	bucket-chaising iteration
TIMER	8.850e-02	1.122e-01	1.280e-01	4	bulk_query: get recv_counts
TIMER	1.820e-01	3.998e-01	6.712e-01	4	bulk_query: all2all queries
Avg queries: 1.036e+03, max queries on proc 383: 113284
Inbalance factor: 1.094e+02x
TIMER	4.927e-02	6.235e-02	4.738e-01	4	bulk_query: local query
TIMER	1.617e-01	2.571e-01	3.219e-01	4	bulk_query: all2all query results
TIMER	1.007e+02	1.007e+02	1.007e+02	5	resolve_next_lcp: bulk_rmq
TIMER	5.311e-03	8.863e-03	1.202e-02	5	resolve_next_lcp: set LCP
TIMER	1.009e+02	1.009e+02	1.009e+02	5	LCP update
unresolved = 91070, unfinished = 45535
TIMER	1.053e+02	1.053e+02	1.053e+02	3	bucket-chaising iteration
TIMER	7.690e-02	1.052e-01	1.232e-01	4	bulk_query: get recv_counts
TIMER	1.348e-01	2.947e-01	4.919e-01	4	bulk_query: all2all queries
Avg queries: 2.372e+02, max queries on proc 13: 49248
Inbalance factor: 2.077e+02x
TIMER	5.373e-02	5.809e-02	2.263e-01	4	bulk_query: local query
TIMER	1.491e-01	2.015e-01	2.502e-01	4	bulk_query: all2all query results
TIMER	1.028e+02	1.028e+02	1.028e+02	5	resolve_next_lcp: bulk_rmq
TIMER	1.690e-03	3.103e-03	1.420e-02	5	resolve_next_lcp: set LCP
TIMER	1.029e+02	1.030e+02	1.030e+02	5	LCP update
unresolved = 0, unfinished = 0
TIMER	1.076e+02	1.076e+02	1.076e+02	3	bucket-chaising iteration
TIMER	3.229e+03	3.229e+03	3.229e+03	2	construct-msgs
TIMER	3.079e+01	3.365e+01	3.635e+01	2	fix-isa
PSAC time: 8.706e+03 ms
