== Node distribution == 
== p=192 processes on 4 nodes ==
--  Node: 'c506-121.stampede2.tacc.utexas.edu' (48/192)
        Ranks: 0, 1, 2, 3, 4, 5, 6, 7, 8, 9, 10, 11, 12, 13, 14, 15, 16, 17, 18, 19, 20, 21, 22, 23, 24, 25, 26, 27, 28, 29, 30, 31, 32, 33, 34, 35, 36, 37, 38, 39, 40, 41, 42, 43, 44, 45, 46, 47
--  Node: 'c506-122.stampede2.tacc.utexas.edu' (48/192)
        Ranks: 48, 49, 50, 51, 52, 53, 54, 55, 56, 57, 58, 59, 60, 61, 62, 63, 64, 65, 66, 67, 68, 69, 70, 71, 72, 73, 74, 75, 76, 77, 78, 79, 80, 81, 82, 83, 84, 85, 86, 87, 88, 89, 90, 91, 92, 93, 94, 95
--  Node: 'c506-123.stampede2.tacc.utexas.edu' (48/192)
        Ranks: 96, 97, 98, 99, 100, 101, 102, 103, 104, 105, 106, 107, 108, 109, 110, 111, 112, 113, 114, 115, 116, 117, 118, 119, 120, 121, 122, 123, 124, 125, 126, 127, 128, 129, 130, 131, 132, 133, 134, 135, 136, 137, 138, 139, 140, 141, 142, 143
--  Node: 'c506-124.stampede2.tacc.utexas.edu' (48/192)
        Ranks: 144, 145, 146, 147, 148, 149, 150, 151, 152, 153, 154, 155, 156, 157, 158, 159, 160, 161, 162, 163, 164, 165, 166, 167, 168, 169, 170, 171, 172, 173, 174, 175, 176, 177, 178, 179, 180, 181, 182, 183, 184, 185, 186, 187, 188, 189, 190, 191
Alphabet: {sigma=4, l=3, A=[A, C, G, T]}
TIMER	1.353e+01	1.354e+01	1.357e+01	1	get alphabet
TIMER	1.513e+02	1.541e+02	1.563e+02	2	kmer-gen
TIMER	1.731e+02	1.756e+02	1.771e+02	3	shift-buckets
TIMER	6.846e+03	6.861e+03	6.893e+03	3	ISA-to-SA
TIMER	2.007e+02	2.051e+02	2.099e+02	3	init-lcp
iteration 21: unfinished buckets = 51313051, unfinished elements = 252565165
TIMER	1.469e+02	1.485e+02	1.504e+02	3	rebucket
TIMER	2.590e+03	2.619e+03	2.642e+03	3	SA-to-ISA
TIMER	1.008e+04	1.008e+04	1.008e+04	3	sac-iteration
Starting Bucket chasing algorithm
unresolved = 252565180, unfinished = 51313051
TIMER	6.263e+01	6.487e+01	6.496e+01	3	get active elements
TIMER	6.747e-02	8.188e-02	1.168e-01	4	bulk_query: get recv_counts
TIMER	5.967e+01	6.514e+01	6.843e+01	4	bulk_query: all2all queries
Avg queries: 1.315e+06, max queries on proc 102: 7318853
Inbalance factor: 5.564e+00x
TIMER	1.781e+01	2.947e+01	1.039e+02	4	bulk_query: local query
TIMER	5.389e+01	5.518e+01	5.609e+01	4	bulk_query: all2all query results
TIMER	7.655e+02	7.817e+02	8.121e+02	5	resolve_next_lcp: bulk_rmq
TIMER	6.718e+00	1.092e+01	1.615e+01	5	resolve_next_lcp: set LCP
TIMER	8.286e+02	8.286e+02	8.286e+02	5	LCP update
unresolved = 83264472, unfinished = 25014138
TIMER	1.883e+03	1.884e+03	1.885e+03	3	bucket-chaising iteration
TIMER	6.320e-02	7.524e-02	9.760e-02	4	bulk_query: get recv_counts
TIMER	3.789e+01	3.916e+01	4.072e+01	4	bulk_query: all2all queries
Avg queries: 4.337e+05, max queries on proc 102: 5585353
Inbalance factor: 1.288e+01x
TIMER	1.757e+00	6.213e+00	6.738e+01	4	bulk_query: local query
TIMER	2.744e+01	2.819e+01	2.894e+01	4	bulk_query: all2all query results
TIMER	3.194e+02	3.214e+02	3.249e+02	5	resolve_next_lcp: bulk_rmq
TIMER	2.867e+00	3.607e+00	4.297e+00	5	resolve_next_lcp: set LCP
TIMER	3.294e+02	3.294e+02	3.294e+02	5	LCP update
unresolved = 39125110, unfinished = 14728266
TIMER	7.717e+02	7.719e+02	7.744e+02	3	bucket-chaising iteration
TIMER	6.797e-02	8.128e-02	1.127e-01	4	bulk_query: get recv_counts
TIMER	2.209e+01	2.304e+01	2.378e+01	4	bulk_query: all2all queries
Avg queries: 2.038e+05, max queries on proc 102: 4113032
Inbalance factor: 2.018e+01x
TIMER	2.758e-01	2.062e+00	4.404e+01	4	bulk_query: local query
TIMER	1.411e+01	1.524e+01	1.592e+01	4	bulk_query: all2all query results
TIMER	2.430e+02	2.435e+02	2.443e+02	5	resolve_next_lcp: bulk_rmq
TIMER	1.368e+00	1.614e+00	1.845e+00	5	resolve_next_lcp: set LCP
TIMER	2.464e+02	2.464e+02	2.464e+02	5	LCP update
unresolved = 21253898, unfinished = 9155159
TIMER	5.071e+02	5.072e+02	5.095e+02	3	bucket-chaising iteration
TIMER	6.127e-02	7.695e-02	1.056e-01	4	bulk_query: get recv_counts
TIMER	1.288e+01	1.400e+01	1.545e+01	4	bulk_query: all2all queries
Avg queries: 1.107e+05, max queries on proc 191: 3062473
Inbalance factor: 2.767e+01x
TIMER	8.672e-02	9.679e-01	2.808e+01	4	bulk_query: local query
TIMER	8.782e+00	9.517e+00	1.030e+01	4	bulk_query: all2all query results
TIMER	2.167e+02	2.168e+02	2.171e+02	5	resolve_next_lcp: bulk_rmq
TIMER	6.044e-01	7.694e-01	3.826e+00	5	resolve_next_lcp: set LCP
TIMER	2.236e+02	2.236e+02	2.236e+02	5	LCP update
unresolved = 12458753, unfinished = 5704526
TIMER	3.847e+02	3.847e+02	3.867e+02	3	bucket-chaising iteration
TIMER	5.971e-02	8.486e-02	1.253e-01	4	bulk_query: get recv_counts
TIMER	7.728e+00	9.399e+00	1.046e+01	4	bulk_query: all2all queries
Avg queries: 6.489e+04, max queries on proc 191: 2232622
Inbalance factor: 3.441e+01x
TIMER	5.970e-02	5.087e-01	1.690e+01	4	bulk_query: local query
TIMER	4.673e+00	5.173e+00	5.572e+00	4	bulk_query: all2all query results
TIMER	2.117e+02	2.118e+02	2.120e+02	5	resolve_next_lcp: bulk_rmq
TIMER	3.142e-01	3.886e-01	4.815e-01	5	resolve_next_lcp: set LCP
TIMER	2.126e+02	2.126e+02	2.126e+02	5	LCP update
unresolved = 7057961, unfinished = 3349572
TIMER	3.173e+02	3.173e+02	3.173e+02	3	bucket-chaising iteration
TIMER	6.354e-02	8.662e-02	1.194e-01	4	bulk_query: get recv_counts
TIMER	2.768e+00	5.833e+00	7.600e+00	4	bulk_query: all2all queries
Avg queries: 3.676e+04, max queries on proc 191: 1516559
Inbalance factor: 4.126e+01x
TIMER	5.421e-02	2.809e-01	1.103e+01	4	bulk_query: local query
TIMER	2.403e+00	2.626e+00	2.961e+00	4	bulk_query: all2all query results
TIMER	2.048e+02	2.049e+02	2.050e+02	5	resolve_next_lcp: bulk_rmq
TIMER	1.497e-01	2.072e-01	2.688e-01	5	resolve_next_lcp: set LCP
TIMER	2.054e+02	2.054e+02	2.054e+02	5	LCP update
unresolved = 3830919, unfinished = 1858430
TIMER	2.702e+02	2.702e+02	2.702e+02	3	bucket-chaising iteration
TIMER	5.479e-02	6.280e-02	8.202e-02	4	bulk_query: get recv_counts
TIMER	1.480e+00	2.278e+00	3.296e+00	4	bulk_query: all2all queries
Avg queries: 1.995e+04, max queries on proc 191: 932599
Inbalance factor: 4.674e+01x
TIMER	5.427e-02	1.591e-01	5.998e+00	4	bulk_query: local query
TIMER	1.277e+00	4.093e+00	4.405e+00	4	bulk_query: all2all query results
TIMER	2.071e+02	2.071e+02	2.072e+02	5	resolve_next_lcp: bulk_rmq
TIMER	8.016e-02	1.122e-01	1.622e-01	5	resolve_next_lcp: set LCP
TIMER	2.075e+02	2.075e+02	2.075e+02	5	LCP update
unresolved = 1897267, unfinished = 927479
TIMER	2.475e+02	2.475e+02	2.475e+02	3	bucket-chaising iteration
TIMER	7.139e-02	1.126e-01	2.042e-01	4	bulk_query: get recv_counts
TIMER	9.092e-01	1.483e+00	2.145e+00	4	bulk_query: all2all queries
Avg queries: 9.882e+03, max queries on proc 191: 444407
Inbalance factor: 4.497e+01x
TIMER	6.348e-02	1.122e-01	3.224e+00	4	bulk_query: local query
TIMER	5.863e-01	7.417e-01	9.639e-01	4	bulk_query: all2all query results
TIMER	2.007e+02	2.007e+02	2.008e+02	5	resolve_next_lcp: bulk_rmq
TIMER	3.646e-02	5.368e-02	8.859e-02	5	resolve_next_lcp: set LCP
TIMER	2.010e+02	2.010e+02	2.010e+02	5	LCP update
unresolved = 887691, unfinished = 430529
TIMER	2.219e+02	2.219e+02	2.219e+02	3	bucket-chaising iteration
TIMER	5.162e-02	5.877e-02	7.532e-02	4	bulk_query: get recv_counts
TIMER	3.321e-01	4.752e-01	7.294e-01	4	bulk_query: all2all queries
Avg queries: 4.623e+03, max queries on proc 191: 206909
Inbalance factor: 4.475e+01x
TIMER	6.308e-02	8.219e-02	9.587e-01	4	bulk_query: local query
TIMER	3.120e-01	3.699e-01	4.386e-01	4	bulk_query: all2all query results
TIMER	2.027e+02	2.027e+02	2.027e+02	5	resolve_next_lcp: bulk_rmq
TIMER	1.948e-02	2.832e-02	5.988e-02	5	resolve_next_lcp: set LCP
TIMER	2.029e+02	2.029e+02	2.030e+02	5	LCP update
unresolved = 397767, unfinished = 190943
TIMER	2.101e+02	2.101e+02	2.101e+02	3	bucket-chaising iteration
TIMER	5.354e-02	7.124e-02	9.430e-02	4	bulk_query: get recv_counts
TIMER	1.897e-01	2.910e-01	4.543e-01	4	bulk_query: all2all queries
Avg queries: 2.072e+03, max queries on proc 191: 113284
Inbalance factor: 5.468e+01x
TIMER	4.920e-02	5.935e-02	4.872e-01	4	bulk_query: local query
TIMER	1.550e-01	2.116e-01	2.601e-01	4	bulk_query: all2all query results
TIMER	2.011e+02	2.011e+02	2.011e+02	5	resolve_next_lcp: bulk_rmq
TIMER	1.158e-02	1.673e-02	2.523e-02	5	resolve_next_lcp: set LCP
TIMER	2.013e+02	2.013e+02	2.013e+02	5	LCP update
unresolved = 91070, unfinished = 45535
TIMER	2.054e+02	2.054e+02	2.054e+02	3	bucket-chaising iteration
TIMER	4.756e-02	7.090e-02	9.429e-02	4	bulk_query: get recv_counts
TIMER	1.016e-01	1.753e-01	3.026e-01	4	bulk_query: all2all queries
Avg queries: 4.743e+02, max queries on proc 6: 49248
Inbalance factor: 1.038e+02x
TIMER	4.757e-02	5.218e-02	2.241e-01	4	bulk_query: local query
TIMER	8.206e-02	1.101e-01	1.490e-01	4	bulk_query: all2all query results
TIMER	2.012e+02	2.012e+02	2.013e+02	5	resolve_next_lcp: bulk_rmq
TIMER	3.137e-03	5.537e-03	1.047e-02	5	resolve_next_lcp: set LCP
TIMER	2.014e+02	2.014e+02	2.014e+02	5	LCP update
unresolved = 0, unfinished = 0
TIMER	2.038e+02	2.038e+02	2.038e+02	3	bucket-chaising iteration
TIMER	5.306e+03	5.306e+03	5.306e+03	2	construct-msgs
TIMER	5.795e+01	6.209e+01	6.616e+01	2	fix-isa
PSAC time: 1.563e+04 ms
