== Node distribution == 
== p=384 processes on 8 nodes ==
--  Node: 'c476-134.stampede2.tacc.utexas.edu' (48/384)
        Ranks: 0, 1, 2, 3, 4, 5, 6, 7, 8, 9, 10, 11, 12, 13, 14, 15, 16, 17, 18, 19, 20, 21, 22, 23, 24, 25, 26, 27, 28, 29, 30, 31, 32, 33, 34, 35, 36, 37, 38, 39, 40, 41, 42, 43, 44, 45, 46, 47
--  Node: 'c477-003.stampede2.tacc.utexas.edu' (48/384)
        Ranks: 48, 49, 50, 51, 52, 53, 54, 55, 56, 57, 58, 59, 60, 61, 62, 63, 64, 65, 66, 67, 68, 69, 70, 71, 72, 73, 74, 75, 76, 77, 78, 79, 80, 81, 82, 83, 84, 85, 86, 87, 88, 89, 90, 91, 92, 93, 94, 95
--  Node: 'c477-004.stampede2.tacc.utexas.edu' (48/384)
        Ranks: 96, 97, 98, 99, 100, 101, 102, 103, 104, 105, 106, 107, 108, 109, 110, 111, 112, 113, 114, 115, 116, 117, 118, 119, 120, 121, 122, 123, 124, 125, 126, 127, 128, 129, 130, 131, 132, 133, 134, 135, 136, 137, 138, 139, 140, 141, 142, 143
--  Node: 'c477-012.stampede2.tacc.utexas.edu' (48/384)
        Ranks: 144, 145, 146, 147, 148, 149, 150, 151, 152, 153, 154, 155, 156, 157, 158, 159, 160, 161, 162, 163, 164, 165, 166, 167, 168, 169, 170, 171, 172, 173, 174, 175, 176, 177, 178, 179, 180, 181, 182, 183, 184, 185, 186, 187, 188, 189, 190, 191
--  Node: 'c477-013.stampede2.tacc.utexas.edu' (48/384)
        Ranks: 192, 193, 194, 195, 196, 197, 198, 199, 200, 201, 202, 203, 204, 205, 206, 207, 208, 209, 210, 211, 212, 213, 214, 215, 216, 217, 218, 219, 220, 221, 222, 223, 224, 225, 226, 227, 228, 229, 230, 231, 232, 233, 234, 235, 236, 237, 238, 239
--  Node: 'c477-014.stampede2.tacc.utexas.edu' (48/384)
        Ranks: 240, 241, 242, 243, 244, 245, 246, 247, 248, 249, 250, 251, 252, 253, 254, 255, 256, 257, 258, 259, 260, 261, 262, 263, 264, 265, 266, 267, 268, 269, 270, 271, 272, 273, 274, 275, 276, 277, 278, 279, 280, 281, 282, 283, 284, 285, 286, 287
--  Node: 'c477-041.stampede2.tacc.utexas.edu' (48/384)
        Ranks: 288, 289, 290, 291, 292, 293, 294, 295, 296, 297, 298, 299, 300, 301, 302, 303, 304, 305, 306, 307, 308, 309, 310, 311, 312, 313, 314, 315, 316, 317, 318, 319, 320, 321, 322, 323, 324, 325, 326, 327, 328, 329, 330, 331, 332, 333, 334, 335
--  Node: 'c477-051.stampede2.tacc.utexas.edu' (48/384)
        Ranks: 336, 337, 338, 339, 340, 341, 342, 343, 344, 345, 346, 347, 348, 349, 350, 351, 352, 353, 354, 355, 356, 357, 358, 359, 360, 361, 362, 363, 364, 365, 366, 367, 368, 369, 370, 371, 372, 373, 374, 375, 376, 377, 378, 379, 380, 381, 382, 383
Alphabet: {sigma=4, l=3, A=[A, C, G, T]}
TIMER	7.130e+00	7.140e+00	7.187e+00	1	get alphabet
TIMER	7.474e+01	7.748e+01	8.142e+01	2	kmer-gen
TIMER	8.332e+01	8.744e+01	9.763e+01	3	shift-buckets
TIMER	3.710e+03	3.724e+03	3.736e+03	3	ISA-to-SA
TIMER	1.008e+02	1.034e+02	1.086e+02	3	init-lcp
iteration 21: unfinished buckets = 51313051, unfinished elements = 252565151
TIMER	7.467e+01	7.579e+01	7.755e+01	3	rebucket
TIMER	1.373e+03	1.386e+03	1.406e+03	3	SA-to-ISA
TIMER	5.428e+03	5.428e+03	5.428e+03	3	sac-iteration
Starting Bucket chasing algorithm
unresolved = 252565180, unfinished = 51313051
TIMER	3.615e+01	3.615e+01	3.618e+01	3	get active elements
TIMER	8.689e-02	1.166e-01	1.485e-01	4	bulk_query: get recv_counts
TIMER	7.140e+01	7.381e+01	7.538e+01	4	bulk_query: all2all queries
Avg queries: 6.577e+05, max queries on proc 205: 5686338
Inbalance factor: 8.646e+00x
TIMER	6.405e+00	1.300e+01	7.246e+01	4	bulk_query: local query
TIMER	6.799e+01	7.000e+01	7.221e+01	4	bulk_query: all2all query results
TIMER	5.276e+02	5.377e+02	5.662e+02	5	resolve_next_lcp: bulk_rmq
TIMER	3.103e+00	5.376e+00	9.059e+00	5	resolve_next_lcp: set LCP
TIMER	5.755e+02	5.755e+02	5.755e+02	5	LCP update
unresolved = 83264472, unfinished = 25014138
TIMER	1.338e+03	1.338e+03	1.339e+03	3	bucket-chaising iteration
TIMER	8.771e-02	1.169e-01	1.478e-01	4	bulk_query: get recv_counts
TIMER	3.061e+01	3.116e+01	3.188e+01	4	bulk_query: all2all queries
Avg queries: 2.168e+05, max queries on proc 205: 4553617
Inbalance factor: 2.100e+01x
TIMER	5.800e-01	2.622e+00	5.076e+01	4	bulk_query: local query
TIMER	2.170e+01	2.234e+01	2.301e+01	4	bulk_query: all2all query results
TIMER	1.744e+02	1.756e+02	1.775e+02	5	resolve_next_lcp: bulk_rmq
TIMER	1.170e+00	1.779e+00	2.253e+00	5	resolve_next_lcp: set LCP
TIMER	1.799e+02	1.799e+02	1.799e+02	5	LCP update
unresolved = 39125110, unfinished = 14728266
TIMER	4.954e+02	4.954e+02	4.971e+02	3	bucket-chaising iteration
TIMER	1.095e-01	1.301e-01	1.551e-01	4	bulk_query: get recv_counts
TIMER	1.869e+01	1.926e+01	2.007e+01	4	bulk_query: all2all queries
Avg queries: 1.019e+05, max queries on proc 205: 3302336
Inbalance factor: 3.241e+01x
TIMER	1.271e-01	9.137e-01	3.247e+01	4	bulk_query: local query
TIMER	1.101e+01	1.165e+01	1.224e+01	4	bulk_query: all2all query results
TIMER	1.235e+02	1.238e+02	1.243e+02	5	resolve_next_lcp: bulk_rmq
TIMER	5.233e-01	7.047e-01	9.074e-01	5	resolve_next_lcp: set LCP
TIMER	1.254e+02	1.254e+02	1.254e+02	5	LCP update
unresolved = 21253898, unfinished = 9155159
TIMER	3.031e+02	3.031e+02	3.043e+02	3	bucket-chaising iteration
TIMER	9.193e-02	1.124e-01	1.348e-01	4	bulk_query: get recv_counts
TIMER	7.948e+00	8.277e+00	8.789e+00	4	bulk_query: all2all queries
Avg queries: 5.535e+04, max queries on proc 205: 2117007
Inbalance factor: 3.825e+01x
TIMER	7.247e-02	4.606e-01	1.614e+01	4	bulk_query: local query
TIMER	5.878e+00	6.198e+00	6.700e+00	4	bulk_query: all2all query results
TIMER	1.068e+02	1.069e+02	1.071e+02	5	resolve_next_lcp: bulk_rmq
TIMER	2.302e-01	2.984e-01	3.774e-01	5	resolve_next_lcp: set LCP
TIMER	1.076e+02	1.076e+02	1.077e+02	5	LCP update
unresolved = 12458753, unfinished = 5704526
TIMER	2.044e+02	2.044e+02	2.054e+02	3	bucket-chaising iteration
TIMER	9.237e-02	1.158e-01	1.411e-01	4	bulk_query: get recv_counts
TIMER	1.924e+00	4.719e+00	5.376e+00	4	bulk_query: all2all queries
Avg queries: 3.244e+04, max queries on proc 382: 1196893
Inbalance factor: 3.689e+01x
TIMER	6.498e-02	2.673e-01	9.138e+00	4	bulk_query: local query
TIMER	3.293e+00	3.419e+00	3.676e+00	4	bulk_query: all2all query results
TIMER	1.035e+02	1.035e+02	1.036e+02	5	resolve_next_lcp: bulk_rmq
TIMER	1.310e-01	1.660e-01	2.241e-01	5	resolve_next_lcp: set LCP
TIMER	1.040e+02	1.040e+02	1.040e+02	5	LCP update
unresolved = 7057961, unfinished = 3349572
TIMER	1.566e+02	1.566e+02	1.566e+02	3	bucket-chaising iteration
TIMER	8.381e-02	1.064e-01	1.349e-01	4	bulk_query: get recv_counts
TIMER	1.354e+00	2.479e+00	3.467e+00	4	bulk_query: all2all queries
Avg queries: 1.838e+04, max queries on proc 382: 796743
Inbalance factor: 4.335e+01x
TIMER	5.851e-02	1.678e-01	5.690e+00	4	bulk_query: local query
TIMER	1.751e+00	1.943e+00	2.282e+00	4	bulk_query: all2all query results
TIMER	1.020e+02	1.021e+02	1.021e+02	5	resolve_next_lcp: bulk_rmq
TIMER	6.271e-02	9.248e-02	1.272e-01	5	resolve_next_lcp: set LCP
TIMER	1.024e+02	1.024e+02	1.024e+02	5	LCP update
unresolved = 3830919, unfinished = 1858430
TIMER	1.351e+02	1.352e+02	1.352e+02	3	bucket-chaising iteration
TIMER	9.184e-02	1.130e-01	1.380e-01	4	bulk_query: get recv_counts
TIMER	8.468e-01	1.383e+00	2.192e+00	4	bulk_query: all2all queries
Avg queries: 9.976e+03, max queries on proc 383: 514056
Inbalance factor: 5.153e+01x
TIMER	6.471e-02	1.148e-01	3.240e+00	4	bulk_query: local query
TIMER	1.031e+00	1.133e+00	1.314e+00	4	bulk_query: all2all query results
TIMER	1.007e+02	1.007e+02	1.008e+02	5	resolve_next_lcp: bulk_rmq
TIMER	3.439e-02	5.219e-02	7.225e-02	5	resolve_next_lcp: set LCP
TIMER	1.010e+02	1.010e+02	1.010e+02	5	LCP update
unresolved = 1897267, unfinished = 927479
TIMER	1.207e+02	1.207e+02	1.207e+02	3	bucket-chaising iteration
TIMER	8.234e-02	1.117e-01	1.392e-01	4	bulk_query: get recv_counts
TIMER	5.292e-01	8.262e-01	1.377e+00	4	bulk_query: all2all queries
Avg queries: 4.941e+03, max queries on proc 383: 333922
Inbalance factor: 6.758e+01x
TIMER	5.364e-02	8.447e-02	1.664e+00	4	bulk_query: local query
TIMER	5.820e-01	6.483e-01	7.486e-01	4	bulk_query: all2all query results
TIMER	1.004e+02	1.004e+02	1.005e+02	5	resolve_next_lcp: bulk_rmq
TIMER	1.469e-02	2.761e-02	4.440e-02	5	resolve_next_lcp: set LCP
TIMER	1.007e+02	1.007e+02	1.007e+02	5	LCP update
unresolved = 887691, unfinished = 430529
TIMER	1.121e+02	1.121e+02	1.121e+02	3	bucket-chaising iteration
TIMER	7.803e-02	1.104e-01	1.349e-01	4	bulk_query: get recv_counts
TIMER	3.604e-01	5.507e-01	8.974e-01	4	bulk_query: all2all queries
Avg queries: 2.312e+03, max queries on proc 383: 205310
Inbalance factor: 8.881e+01x
TIMER	5.914e-02	7.104e-02	8.718e-01	4	bulk_query: local query
TIMER	3.314e-01	4.129e-01	4.905e-01	4	bulk_query: all2all query results
TIMER	1.007e+02	1.007e+02	1.008e+02	5	resolve_next_lcp: bulk_rmq
TIMER	9.577e-03	1.424e-02	2.237e-02	5	resolve_next_lcp: set LCP
TIMER	1.010e+02	1.010e+02	1.010e+02	5	LCP update
unresolved = 397767, unfinished = 190943
TIMER	1.079e+02	1.079e+02	1.079e+02	3	bucket-chaising iteration
TIMER	7.983e-02	1.153e-01	1.426e-01	4	bulk_query: get recv_counts
TIMER	1.797e-01	3.987e-01	6.856e-01	4	bulk_query: all2all queries
Avg queries: 1.036e+03, max queries on proc 383: 113284
Inbalance factor: 1.094e+02x
TIMER	5.320e-02	6.007e-02	4.610e-01	4	bulk_query: local query
TIMER	1.684e-01	2.686e-01	3.363e-01	4	bulk_query: all2all query results
TIMER	1.006e+02	1.007e+02	1.007e+02	5	resolve_next_lcp: bulk_rmq
TIMER	5.341e-03	1.014e-02	2.082e-02	5	resolve_next_lcp: set LCP
TIMER	1.009e+02	1.009e+02	1.009e+02	5	LCP update
unresolved = 91070, unfinished = 45535
TIMER	1.054e+02	1.054e+02	1.054e+02	3	bucket-chaising iteration
TIMER	7.470e-02	1.041e-01	1.320e-01	4	bulk_query: get recv_counts
TIMER	1.558e-01	2.711e-01	4.797e-01	4	bulk_query: all2all queries
Avg queries: 2.372e+02, max queries on proc 13: 49248
Inbalance factor: 2.077e+02x
TIMER	5.307e-02	5.720e-02	2.096e-01	4	bulk_query: local query
TIMER	1.181e-01	1.664e-01	2.185e-01	4	bulk_query: all2all query results
TIMER	1.012e+02	1.012e+02	1.012e+02	5	resolve_next_lcp: bulk_rmq
TIMER	1.831e-03	3.115e-03	9.396e-03	5	resolve_next_lcp: set LCP
TIMER	1.014e+02	1.014e+02	1.014e+02	5	LCP update
unresolved = 0, unfinished = 0
TIMER	1.042e+02	1.042e+02	1.042e+02	3	bucket-chaising iteration
TIMER	3.230e+03	3.230e+03	3.230e+03	2	construct-msgs
TIMER	2.929e+01	3.383e+01	3.770e+01	2	fix-isa
PSAC time: 8.793e+03 ms
