== Node distribution == 
== p=96 processes on 2 nodes ==
--  Node: 'c476-134.stampede2.tacc.utexas.edu' (48/96)
        Ranks: 0, 1, 2, 3, 4, 5, 6, 7, 8, 9, 10, 11, 12, 13, 14, 15, 16, 17, 18, 19, 20, 21, 22, 23, 24, 25, 26, 27, 28, 29, 30, 31, 32, 33, 34, 35, 36, 37, 38, 39, 40, 41, 42, 43, 44, 45, 46, 47
--  Node: 'c477-003.stampede2.tacc.utexas.edu' (48/96)
        Ranks: 48, 49, 50, 51, 52, 53, 54, 55, 56, 57, 58, 59, 60, 61, 62, 63, 64, 65, 66, 67, 68, 69, 70, 71, 72, 73, 74, 75, 76, 77, 78, 79, 80, 81, 82, 83, 84, 85, 86, 87, 88, 89, 90, 91, 92, 93, 94, 95
Alphabet: {sigma=4, l=3, A=[A, C, G, T]}
TIMER	2.621e+01	2.621e+01	2.626e+01	1	get alphabet
TIMER	3.065e+02	3.115e+02	3.189e+02	2	kmer-gen
TIMER	3.457e+02	3.502e+02	3.533e+02	3	shift-buckets
TIMER	1.217e+04	1.220e+04	1.223e+04	3	ISA-to-SA
TIMER	4.052e+02	4.095e+02	4.167e+02	3	init-lcp
iteration 21: unfinished buckets = 51313051, unfinished elements = 252565175
TIMER	2.896e+02	2.935e+02	2.961e+02	3	rebucket
TIMER	4.549e+03	4.633e+03	4.700e+03	3	SA-to-ISA
TIMER	1.800e+04	1.800e+04	1.800e+04	3	sac-iteration
Starting Bucket chasing algorithm
unresolved = 252565180, unfinished = 51313051
TIMER	1.210e+02	1.237e+02	1.260e+02	3	get active elements
TIMER	5.448e-02	7.010e-02	9.442e-02	4	bulk_query: get recv_counts
TIMER	7.494e+01	7.835e+01	8.015e+01	4	bulk_query: all2all queries
Avg queries: 2.631e+06, max queries on proc 51: 10370837
Inbalance factor: 3.942e+00x
TIMER	4.228e+01	6.502e+01	1.704e+02	4	bulk_query: local query
TIMER	8.277e+01	8.502e+01	8.909e+01	4	bulk_query: all2all query results
TIMER	1.224e+03	1.250e+03	1.284e+03	5	resolve_next_lcp: bulk_rmq
TIMER	1.486e+01	2.213e+01	2.782e+01	5	resolve_next_lcp: set LCP
TIMER	1.314e+03	1.314e+03	1.314e+03	5	LCP update
unresolved = 83264472, unfinished = 25014138
TIMER	3.039e+03	3.040e+03	3.040e+03	3	bucket-chaising iteration
TIMER	4.777e-02	5.930e-02	7.610e-02	4	bulk_query: get recv_counts
TIMER	3.522e+01	3.638e+01	3.806e+01	4	bulk_query: all2all queries
Avg queries: 8.673e+05, max queries on proc 51: 7565031
Inbalance factor: 8.722e+00x
TIMER	6.584e+00	1.540e+01	9.685e+01	4	bulk_query: local query
TIMER	1.733e+01	2.060e+01	2.224e+01	4	bulk_query: all2all query results
TIMER	5.452e+02	5.547e+02	5.625e+02	5	resolve_next_lcp: bulk_rmq
TIMER	6.482e+00	7.391e+00	8.177e+00	5	resolve_next_lcp: set LCP
TIMER	5.709e+02	5.709e+02	5.709e+02	5	LCP update
unresolved = 39125110, unfinished = 14728266
TIMER	1.231e+03	1.232e+03	1.238e+03	3	bucket-chaising iteration
TIMER	1.128e-01	1.786e-01	2.675e-01	4	bulk_query: get recv_counts
TIMER	2.226e+01	2.378e+01	2.523e+01	4	bulk_query: all2all queries
Avg queries: 4.076e+05, max queries on proc 51: 5381275
Inbalance factor: 1.320e+01x
TIMER	9.846e-01	5.064e+00	6.099e+01	4	bulk_query: local query
TIMER	1.714e+01	1.978e+01	2.095e+01	4	bulk_query: all2all query results
TIMER	4.648e+02	4.654e+02	4.662e+02	5	resolve_next_lcp: bulk_rmq
TIMER	2.925e+00	3.322e+00	3.633e+00	5	resolve_next_lcp: set LCP
TIMER	4.700e+02	4.700e+02	4.700e+02	5	LCP update
unresolved = 21253898, unfinished = 9155159
TIMER	8.479e+02	8.498e+02	8.572e+02	3	bucket-chaising iteration
TIMER	4.872e-02	5.633e-02	7.816e-02	4	bulk_query: get recv_counts
TIMER	1.454e+01	1.555e+01	1.648e+01	4	bulk_query: all2all queries
Avg queries: 2.214e+05, max queries on proc 51: 3387786
Inbalance factor: 1.530e+01x
TIMER	1.332e-01	2.124e+00	3.433e+01	4	bulk_query: local query
TIMER	7.362e+00	8.726e+00	9.467e+00	4	bulk_query: all2all query results
TIMER	4.223e+02	4.229e+02	4.254e+02	5	resolve_next_lcp: bulk_rmq
TIMER	1.614e+00	1.759e+00	1.908e+00	5	resolve_next_lcp: set LCP
TIMER	4.275e+02	4.275e+02	4.275e+02	5	LCP update
unresolved = 12458753, unfinished = 5704526
TIMER	6.377e+02	6.385e+02	6.432e+02	3	bucket-chaising iteration
TIMER	4.607e-02	5.861e-02	8.571e-02	4	bulk_query: get recv_counts
TIMER	1.079e+01	1.126e+01	1.184e+01	4	bulk_query: all2all queries
Avg queries: 1.298e+05, max queries on proc 95: 2369254
Inbalance factor: 1.826e+01x
TIMER	5.124e-02	1.080e+00	2.180e+01	4	bulk_query: local query
TIMER	4.548e+00	5.038e+00	5.719e+00	4	bulk_query: all2all query results
TIMER	4.136e+02	4.142e+02	4.181e+02	5	resolve_next_lcp: bulk_rmq
TIMER	8.998e-01	1.009e+00	1.128e+00	5	resolve_next_lcp: set LCP
TIMER	4.194e+02	4.194e+02	4.194e+02	5	LCP update
unresolved = 7057961, unfinished = 3349572
TIMER	5.515e+02	5.516e+02	5.543e+02	3	bucket-chaising iteration
TIMER	4.159e-02	4.907e-02	5.903e-02	4	bulk_query: get recv_counts
TIMER	6.627e+00	7.756e+00	8.703e+00	4	bulk_query: all2all queries
Avg queries: 7.352e+04, max queries on proc 95: 1565624
Inbalance factor: 2.130e+01x
TIMER	4.012e-02	5.501e-01	1.362e+01	4	bulk_query: local query
TIMER	2.322e+00	2.640e+00	3.029e+00	4	bulk_query: all2all query results
TIMER	4.090e+02	4.095e+02	4.139e+02	5	resolve_next_lcp: bulk_rmq
TIMER	4.205e-01	4.941e-01	6.756e-01	5	resolve_next_lcp: set LCP
TIMER	4.147e+02	4.148e+02	4.148e+02	5	LCP update
unresolved = 3830919, unfinished = 1858430
TIMER	4.974e+02	4.975e+02	4.995e+02	3	bucket-chaising iteration
TIMER	4.031e-02	5.273e-02	8.312e-02	4	bulk_query: get recv_counts
TIMER	4.068e+00	5.279e+00	5.905e+00	4	bulk_query: all2all queries
Avg queries: 3.991e+04, max queries on proc 95: 948434
Inbalance factor: 2.377e+01x
TIMER	3.951e-02	2.820e-01	7.880e+00	4	bulk_query: local query
TIMER	1.044e+00	1.220e+00	1.466e+00	4	bulk_query: all2all query results
TIMER	4.071e+02	4.075e+02	4.118e+02	5	resolve_next_lcp: bulk_rmq
TIMER	1.964e-01	2.618e-01	3.134e-01	5	resolve_next_lcp: set LCP
TIMER	4.122e+02	4.122e+02	4.123e+02	5	LCP update
unresolved = 1897267, unfinished = 927479
TIMER	4.565e+02	4.566e+02	4.588e+02	3	bucket-chaising iteration
TIMER	3.984e-02	5.245e-02	6.285e-02	4	bulk_query: get recv_counts
TIMER	1.947e+00	2.544e+00	3.432e+00	4	bulk_query: all2all queries
Avg queries: 1.976e+04, max queries on proc 95: 447515
Inbalance factor: 2.264e+01x
TIMER	3.773e-02	1.334e-01	3.124e+00	4	bulk_query: local query
TIMER	4.435e-01	6.127e-01	7.961e-01	4	bulk_query: all2all query results
TIMER	4.062e+02	4.065e+02	4.106e+02	5	resolve_next_lcp: bulk_rmq
TIMER	8.645e-02	1.220e-01	1.631e-01	5	resolve_next_lcp: set LCP
TIMER	4.109e+02	4.109e+02	4.109e+02	5	LCP update
unresolved = 887691, unfinished = 430529
TIMER	4.336e+02	4.336e+02	4.336e+02	3	bucket-chaising iteration
TIMER	4.174e-02	5.543e-02	8.061e-02	4	bulk_query: get recv_counts
TIMER	5.252e-01	7.792e-01	9.793e-01	4	bulk_query: all2all queries
Avg queries: 9.247e+03, max queries on proc 95: 206909
Inbalance factor: 2.238e+01x
TIMER	3.829e-02	7.562e-02	9.301e-01	4	bulk_query: local query
TIMER	2.703e-01	3.524e-01	4.312e-01	4	bulk_query: all2all query results
TIMER	4.043e+02	4.046e+02	4.088e+02	5	resolve_next_lcp: bulk_rmq
TIMER	4.031e-02	5.691e-02	9.163e-02	5	resolve_next_lcp: set LCP
TIMER	4.090e+02	4.090e+02	4.090e+02	5	LCP update
unresolved = 397767, unfinished = 190943
TIMER	4.178e+02	4.178e+02	4.178e+02	3	bucket-chaising iteration
TIMER	3.717e-02	4.639e-02	5.893e-02	4	bulk_query: get recv_counts
TIMER	1.759e-01	2.520e-01	3.757e-01	4	bulk_query: all2all queries
Avg queries: 4.143e+03, max queries on proc 95: 113284
Inbalance factor: 2.734e+01x
TIMER	3.709e-02	5.376e-02	4.437e-01	4	bulk_query: local query
TIMER	1.314e-01	1.875e-01	2.458e-01	4	bulk_query: all2all query results
TIMER	4.023e+02	4.025e+02	4.064e+02	5	resolve_next_lcp: bulk_rmq
TIMER	2.367e-02	3.286e-02	4.315e-02	5	resolve_next_lcp: set LCP
TIMER	4.066e+02	4.066e+02	4.066e+02	5	LCP update
unresolved = 91070, unfinished = 45535
TIMER	4.110e+02	4.110e+02	4.135e+02	3	bucket-chaising iteration
TIMER	3.342e-02	4.204e-02	5.793e-02	4	bulk_query: get recv_counts
TIMER	7.320e-02	1.020e-01	1.721e-01	4	bulk_query: all2all queries
Avg queries: 9.486e+02, max queries on proc 3: 49248
Inbalance factor: 5.191e+01x
TIMER	3.642e-02	4.190e-02	1.900e-01	4	bulk_query: local query
TIMER	4.233e-02	7.449e-02	1.069e-01	4	bulk_query: all2all query results
TIMER	4.025e+02	4.028e+02	4.068e+02	5	resolve_next_lcp: bulk_rmq
TIMER	6.628e-03	1.052e-02	1.445e-02	5	resolve_next_lcp: set LCP
TIMER	4.069e+02	4.069e+02	4.069e+02	5	LCP update
unresolved = 0, unfinished = 0
TIMER	4.089e+02	4.089e+02	4.089e+02	3	bucket-chaising iteration
TIMER	9.101e+03	9.101e+03	9.101e+03	2	construct-msgs
TIMER	1.180e+02	1.278e+02	1.367e+02	2	fix-isa
PSAC time: 2.760e+04 ms
