== Node distribution == 
== p=192 processes on 4 nodes ==
--  Node: 'c506-121.stampede2.tacc.utexas.edu' (48/192)
        Ranks: 0, 1, 2, 3, 4, 5, 6, 7, 8, 9, 10, 11, 12, 13, 14, 15, 16, 17, 18, 19, 20, 21, 22, 23, 24, 25, 26, 27, 28, 29, 30, 31, 32, 33, 34, 35, 36, 37, 38, 39, 40, 41, 42, 43, 44, 45, 46, 47
--  Node: 'c506-122.stampede2.tacc.utexas.edu' (48/192)
        Ranks: 48, 49, 50, 51, 52, 53, 54, 55, 56, 57, 58, 59, 60, 61, 62, 63, 64, 65, 66, 67, 68, 69, 70, 71, 72, 73, 74, 75, 76, 77, 78, 79, 80, 81, 82, 83, 84, 85, 86, 87, 88, 89, 90, 91, 92, 93, 94, 95
--  Node: 'c506-123.stampede2.tacc.utexas.edu' (48/192)
        Ranks: 96, 97, 98, 99, 100, 101, 102, 103, 104, 105, 106, 107, 108, 109, 110, 111, 112, 113, 114, 115, 116, 117, 118, 119, 120, 121, 122, 123, 124, 125, 126, 127, 128, 129, 130, 131, 132, 133, 134, 135, 136, 137, 138, 139, 140, 141, 142, 143
--  Node: 'c506-124.stampede2.tacc.utexas.edu' (48/192)
        Ranks: 144, 145, 146, 147, 148, 149, 150, 151, 152, 153, 154, 155, 156, 157, 158, 159, 160, 161, 162, 163, 164, 165, 166, 167, 168, 169, 170, 171, 172, 173, 174, 175, 176, 177, 178, 179, 180, 181, 182, 183, 184, 185, 186, 187, 188, 189, 190, 191
Alphabet: {sigma=4, l=3, A=[A, C, G, T]}
TIMER	1.352e+01	1.352e+01	1.356e+01	1	get alphabet
TIMER	1.500e+02	1.533e+02	1.569e+02	2	kmer-gen
TIMER	1.720e+02	1.752e+02	1.770e+02	3	shift-buckets
TIMER	6.836e+03	6.850e+03	6.879e+03	3	ISA-to-SA
TIMER	2.017e+02	2.048e+02	2.152e+02	3	init-lcp
iteration 21: unfinished buckets = 51313051, unfinished elements = 252565165
TIMER	1.464e+02	1.481e+02	1.500e+02	3	rebucket
TIMER	2.540e+03	2.562e+03	2.588e+03	3	SA-to-ISA
TIMER	1.001e+04	1.001e+04	1.001e+04	3	sac-iteration
Starting Bucket chasing algorithm
unresolved = 252565180, unfinished = 51313051
TIMER	6.459e+01	6.459e+01	6.462e+01	3	get active elements
TIMER	5.999e-02	7.508e-02	1.104e-01	4	bulk_query: get recv_counts
TIMER	6.333e+01	6.616e+01	6.815e+01	4	bulk_query: all2all queries
Avg queries: 1.315e+06, max queries on proc 102: 7318853
Inbalance factor: 5.564e+00x
TIMER	1.721e+01	2.943e+01	1.035e+02	4	bulk_query: local query
TIMER	4.910e+01	5.247e+01	5.404e+01	4	bulk_query: all2all query results
TIMER	7.610e+02	7.764e+02	8.057e+02	5	resolve_next_lcp: bulk_rmq
TIMER	6.557e+00	1.091e+01	1.605e+01	5	resolve_next_lcp: set LCP
TIMER	8.228e+02	8.228e+02	8.228e+02	5	LCP update
unresolved = 83264472, unfinished = 25014138
TIMER	1.879e+03	1.879e+03	1.880e+03	3	bucket-chaising iteration
TIMER	6.731e-02	8.188e-02	1.106e-01	4	bulk_query: get recv_counts
TIMER	4.048e+01	4.131e+01	4.222e+01	4	bulk_query: all2all queries
Avg queries: 4.337e+05, max queries on proc 102: 5585353
Inbalance factor: 1.288e+01x
TIMER	1.775e+00	6.172e+00	6.703e+01	4	bulk_query: local query
TIMER	2.896e+01	2.965e+01	3.036e+01	4	bulk_query: all2all query results
TIMER	3.223e+02	3.240e+02	3.271e+02	5	resolve_next_lcp: bulk_rmq
TIMER	2.765e+00	3.608e+00	4.289e+00	5	resolve_next_lcp: set LCP
TIMER	3.316e+02	3.316e+02	3.316e+02	5	LCP update
unresolved = 39125110, unfinished = 14728266
TIMER	7.793e+02	7.796e+02	7.830e+02	3	bucket-chaising iteration
TIMER	5.926e-02	7.724e-02	1.088e-01	4	bulk_query: get recv_counts
TIMER	2.066e+01	2.175e+01	2.344e+01	4	bulk_query: all2all queries
Avg queries: 2.038e+05, max queries on proc 102: 4113032
Inbalance factor: 2.018e+01x
TIMER	2.567e-01	2.046e+00	4.320e+01	4	bulk_query: local query
TIMER	1.530e+01	1.721e+01	1.859e+01	4	bulk_query: all2all query results
TIMER	2.390e+02	2.394e+02	2.402e+02	5	resolve_next_lcp: bulk_rmq
TIMER	1.361e+00	1.614e+00	1.853e+00	5	resolve_next_lcp: set LCP
TIMER	2.423e+02	2.423e+02	2.423e+02	5	LCP update
unresolved = 21253898, unfinished = 9155159
TIMER	5.018e+02	5.018e+02	5.036e+02	3	bucket-chaising iteration
TIMER	6.645e-02	7.820e-02	1.081e-01	4	bulk_query: get recv_counts
TIMER	1.358e+01	1.413e+01	1.541e+01	4	bulk_query: all2all queries
Avg queries: 1.107e+05, max queries on proc 191: 3062473
Inbalance factor: 2.767e+01x
TIMER	7.026e-02	9.553e-01	2.913e+01	4	bulk_query: local query
TIMER	8.624e+00	9.243e+00	9.699e+00	4	bulk_query: all2all query results
TIMER	2.161e+02	2.163e+02	2.165e+02	5	resolve_next_lcp: bulk_rmq
TIMER	6.265e-01	7.543e-01	8.712e-01	5	resolve_next_lcp: set LCP
TIMER	2.175e+02	2.175e+02	2.175e+02	5	LCP update
unresolved = 12458753, unfinished = 5704526
TIMER	3.834e+02	3.834e+02	3.835e+02	3	bucket-chaising iteration
TIMER	6.083e-02	7.550e-02	1.018e-01	4	bulk_query: get recv_counts
TIMER	1.023e+01	1.080e+01	1.184e+01	4	bulk_query: all2all queries
Avg queries: 6.489e+04, max queries on proc 191: 2232622
Inbalance factor: 3.441e+01x
TIMER	6.043e-02	5.091e-01	1.709e+01	4	bulk_query: local query
TIMER	4.672e+00	5.469e+00	6.351e+00	4	bulk_query: all2all query results
TIMER	2.086e+02	2.087e+02	2.089e+02	5	resolve_next_lcp: bulk_rmq
TIMER	3.141e-01	3.906e-01	4.735e-01	5	resolve_next_lcp: set LCP
TIMER	2.095e+02	2.095e+02	2.095e+02	5	LCP update
unresolved = 7057961, unfinished = 3349572
TIMER	3.185e+02	3.185e+02	3.185e+02	3	bucket-chaising iteration
TIMER	7.024e-02	8.610e-02	1.220e-01	4	bulk_query: get recv_counts
TIMER	2.558e+00	5.631e+00	7.452e+00	4	bulk_query: all2all queries
Avg queries: 3.676e+04, max queries on proc 191: 1516559
Inbalance factor: 4.126e+01x
TIMER	5.392e-02	2.824e-01	1.102e+01	4	bulk_query: local query
TIMER	2.360e+00	2.599e+00	2.970e+00	4	bulk_query: all2all query results
TIMER	2.057e+02	2.058e+02	2.059e+02	5	resolve_next_lcp: bulk_rmq
TIMER	1.615e-01	2.051e-01	2.600e-01	5	resolve_next_lcp: set LCP
TIMER	2.063e+02	2.063e+02	2.063e+02	5	LCP update
unresolved = 3830919, unfinished = 1858430
TIMER	2.725e+02	2.725e+02	2.725e+02	3	bucket-chaising iteration
TIMER	5.648e-02	6.916e-02	9.214e-02	4	bulk_query: get recv_counts
TIMER	1.469e+00	2.320e+00	3.455e+00	4	bulk_query: all2all queries
Avg queries: 1.995e+04, max queries on proc 191: 932599
Inbalance factor: 4.674e+01x
TIMER	5.552e-02	1.617e-01	6.023e+00	4	bulk_query: local query
TIMER	1.284e+00	1.415e+00	1.669e+00	4	bulk_query: all2all query results
TIMER	2.026e+02	2.027e+02	2.027e+02	5	resolve_next_lcp: bulk_rmq
TIMER	7.751e-02	1.119e-01	1.548e-01	5	resolve_next_lcp: set LCP
TIMER	2.030e+02	2.030e+02	2.030e+02	5	LCP update
unresolved = 1897267, unfinished = 927479
TIMER	2.423e+02	2.423e+02	2.423e+02	3	bucket-chaising iteration
TIMER	5.430e-02	7.817e-02	1.109e-01	4	bulk_query: get recv_counts
TIMER	9.226e-01	1.291e+00	1.850e+00	4	bulk_query: all2all queries
Avg queries: 9.882e+03, max queries on proc 191: 444407
Inbalance factor: 4.497e+01x
TIMER	5.491e-02	9.845e-02	2.322e+00	4	bulk_query: local query
TIMER	5.711e-01	7.177e-01	9.215e-01	4	bulk_query: all2all query results
TIMER	1.996e+02	1.997e+02	1.997e+02	5	resolve_next_lcp: bulk_rmq
TIMER	3.429e-02	5.288e-02	8.210e-02	5	resolve_next_lcp: set LCP
TIMER	1.999e+02	2.000e+02	2.000e+02	5	LCP update
unresolved = 887691, unfinished = 430529
TIMER	2.153e+02	2.153e+02	2.153e+02	3	bucket-chaising iteration
TIMER	4.212e-02	6.154e-02	9.238e-02	4	bulk_query: get recv_counts
TIMER	3.480e-01	4.883e-01	7.513e-01	4	bulk_query: all2all queries
Avg queries: 4.623e+03, max queries on proc 191: 206909
Inbalance factor: 4.475e+01x
TIMER	5.427e-02	7.318e-02	9.484e-01	4	bulk_query: local query
TIMER	3.033e-01	3.646e-01	4.425e-01	4	bulk_query: all2all query results
TIMER	2.058e+02	2.058e+02	2.059e+02	5	resolve_next_lcp: bulk_rmq
TIMER	1.842e-02	2.759e-02	8.581e-02	5	resolve_next_lcp: set LCP
TIMER	2.061e+02	2.061e+02	2.061e+02	5	LCP update
unresolved = 397767, unfinished = 190943
TIMER	2.138e+02	2.138e+02	2.138e+02	3	bucket-chaising iteration
TIMER	5.033e-02	7.024e-02	1.098e-01	4	bulk_query: get recv_counts
TIMER	1.799e-01	3.066e-01	4.748e-01	4	bulk_query: all2all queries
Avg queries: 2.072e+03, max queries on proc 191: 113284
Inbalance factor: 5.468e+01x
TIMER	4.790e-02	5.939e-02	5.062e-01	4	bulk_query: local query
TIMER	1.481e-01	2.133e-01	2.567e-01	4	bulk_query: all2all query results
TIMER	2.026e+02	2.026e+02	2.026e+02	5	resolve_next_lcp: bulk_rmq
TIMER	1.172e-02	1.671e-02	4.019e-02	5	resolve_next_lcp: set LCP
TIMER	2.028e+02	2.028e+02	2.028e+02	5	LCP update
unresolved = 91070, unfinished = 45535
TIMER	2.070e+02	2.070e+02	2.070e+02	3	bucket-chaising iteration
TIMER	4.315e-02	5.861e-02	7.278e-02	4	bulk_query: get recv_counts
TIMER	1.150e-01	1.767e-01	3.153e-01	4	bulk_query: all2all queries
Avg queries: 4.743e+02, max queries on proc 6: 49248
Inbalance factor: 1.038e+02x
TIMER	4.665e-02	5.099e-02	2.415e-01	4	bulk_query: local query
TIMER	8.071e-02	1.113e-01	1.572e-01	4	bulk_query: all2all query results
TIMER	2.031e+02	2.031e+02	2.031e+02	5	resolve_next_lcp: bulk_rmq
TIMER	3.107e-03	5.531e-03	7.652e-03	5	resolve_next_lcp: set LCP
TIMER	2.033e+02	2.033e+02	2.033e+02	5	LCP update
unresolved = 0, unfinished = 0
TIMER	2.056e+02	2.056e+02	2.056e+02	3	bucket-chaising iteration
TIMER	5.296e+03	5.296e+03	5.296e+03	2	construct-msgs
TIMER	5.673e+01	6.167e+01	6.438e+01	2	fix-isa
PSAC time: 1.557e+04 ms
