== Node distribution == 
== p=768 processes on 16 nodes ==
--  Node: 'c476-134.stampede2.tacc.utexas.edu' (48/768)
        Ranks: 0, 1, 2, 3, 4, 5, 6, 7, 8, 9, 10, 11, 12, 13, 14, 15, 16, 17, 18, 19, 20, 21, 22, 23, 24, 25, 26, 27, 28, 29, 30, 31, 32, 33, 34, 35, 36, 37, 38, 39, 40, 41, 42, 43, 44, 45, 46, 47
--  Node: 'c477-003.stampede2.tacc.utexas.edu' (48/768)
        Ranks: 48, 49, 50, 51, 52, 53, 54, 55, 56, 57, 58, 59, 60, 61, 62, 63, 64, 65, 66, 67, 68, 69, 70, 71, 72, 73, 74, 75, 76, 77, 78, 79, 80, 81, 82, 83, 84, 85, 86, 87, 88, 89, 90, 91, 92, 93, 94, 95
--  Node: 'c477-004.stampede2.tacc.utexas.edu' (48/768)
        Ranks: 96, 97, 98, 99, 100, 101, 102, 103, 104, 105, 106, 107, 108, 109, 110, 111, 112, 113, 114, 115, 116, 117, 118, 119, 120, 121, 122, 123, 124, 125, 126, 127, 128, 129, 130, 131, 132, 133, 134, 135, 136, 137, 138, 139, 140, 141, 142, 143
--  Node: 'c477-012.stampede2.tacc.utexas.edu' (48/768)
        Ranks: 144, 145, 146, 147, 148, 149, 150, 151, 152, 153, 154, 155, 156, 157, 158, 159, 160, 161, 162, 163, 164, 165, 166, 167, 168, 169, 170, 171, 172, 173, 174, 175, 176, 177, 178, 179, 180, 181, 182, 183, 184, 185, 186, 187, 188, 189, 190, 191
--  Node: 'c477-013.stampede2.tacc.utexas.edu' (48/768)
        Ranks: 192, 193, 194, 195, 196, 197, 198, 199, 200, 201, 202, 203, 204, 205, 206, 207, 208, 209, 210, 211, 212, 213, 214, 215, 216, 217, 218, 219, 220, 221, 222, 223, 224, 225, 226, 227, 228, 229, 230, 231, 232, 233, 234, 235, 236, 237, 238, 239
--  Node: 'c477-014.stampede2.tacc.utexas.edu' (48/768)
        Ranks: 240, 241, 242, 243, 244, 245, 246, 247, 248, 249, 250, 251, 252, 253, 254, 255, 256, 257, 258, 259, 260, 261, 262, 263, 264, 265, 266, 267, 268, 269, 270, 271, 272, 273, 274, 275, 276, 277, 278, 279, 280, 281, 282, 283, 284, 285, 286, 287
--  Node: 'c477-041.stampede2.tacc.utexas.edu' (48/768)
        Ranks: 288, 289, 290, 291, 292, 293, 294, 295, 296, 297, 298, 299, 300, 301, 302, 303, 304, 305, 306, 307, 308, 309, 310, 311, 312, 313, 314, 315, 316, 317, 318, 319, 320, 321, 322, 323, 324, 325, 326, 327, 328, 329, 330, 331, 332, 333, 334, 335
--  Node: 'c477-051.stampede2.tacc.utexas.edu' (48/768)
        Ranks: 336, 337, 338, 339, 340, 341, 342, 343, 344, 345, 346, 347, 348, 349, 350, 351, 352, 353, 354, 355, 356, 357, 358, 359, 360, 361, 362, 363, 364, 365, 366, 367, 368, 369, 370, 371, 372, 373, 374, 375, 376, 377, 378, 379, 380, 381, 382, 383
--  Node: 'c477-111.stampede2.tacc.utexas.edu' (48/768)
        Ranks: 384, 385, 386, 387, 388, 389, 390, 391, 392, 393, 394, 395, 396, 397, 398, 399, 400, 401, 402, 403, 404, 405, 406, 407, 408, 409, 410, 411, 412, 413, 414, 415, 416, 417, 418, 419, 420, 421, 422, 423, 424, 425, 426, 427, 428, 429, 430, 431
--  Node: 'c477-112.stampede2.tacc.utexas.edu' (48/768)
        Ranks: 432, 433, 434, 435, 436, 437, 438, 439, 440, 441, 442, 443, 444, 445, 446, 447, 448, 449, 450, 451, 452, 453, 454, 455, 456, 457, 458, 459, 460, 461, 462, 463, 464, 465, 466, 467, 468, 469, 470, 471, 472, 473, 474, 475, 476, 477, 478, 479
--  Node: 'c477-114.stampede2.tacc.utexas.edu' (48/768)
        Ranks: 480, 481, 482, 483, 484, 485, 486, 487, 488, 489, 490, 491, 492, 493, 494, 495, 496, 497, 498, 499, 500, 501, 502, 503, 504, 505, 506, 507, 508, 509, 510, 511, 512, 513, 514, 515, 516, 517, 518, 519, 520, 521, 522, 523, 524, 525, 526, 527
--  Node: 'c477-122.stampede2.tacc.utexas.edu' (48/768)
        Ranks: 528, 529, 530, 531, 532, 533, 534, 535, 536, 537, 538, 539, 540, 541, 542, 543, 544, 545, 546, 547, 548, 549, 550, 551, 552, 553, 554, 555, 556, 557, 558, 559, 560, 561, 562, 563, 564, 565, 566, 567, 568, 569, 570, 571, 572, 573, 574, 575
--  Node: 'c492-101.stampede2.tacc.utexas.edu' (48/768)
        Ranks: 576, 577, 578, 579, 580, 581, 582, 583, 584, 585, 586, 587, 588, 589, 590, 591, 592, 593, 594, 595, 596, 597, 598, 599, 600, 601, 602, 603, 604, 605, 606, 607, 608, 609, 610, 611, 612, 613, 614, 615, 616, 617, 618, 619, 620, 621, 622, 623
--  Node: 'c493-084.stampede2.tacc.utexas.edu' (48/768)
        Ranks: 624, 625, 626, 627, 628, 629, 630, 631, 632, 633, 634, 635, 636, 637, 638, 639, 640, 641, 642, 643, 644, 645, 646, 647, 648, 649, 650, 651, 652, 653, 654, 655, 656, 657, 658, 659, 660, 661, 662, 663, 664, 665, 666, 667, 668, 669, 670, 671
--  Node: 'c494-071.stampede2.tacc.utexas.edu' (48/768)
        Ranks: 672, 673, 674, 675, 676, 677, 678, 679, 680, 681, 682, 683, 684, 685, 686, 687, 688, 689, 690, 691, 692, 693, 694, 695, 696, 697, 698, 699, 700, 701, 702, 703, 704, 705, 706, 707, 708, 709, 710, 711, 712, 713, 714, 715, 716, 717, 718, 719
--  Node: 'c495-022.stampede2.tacc.utexas.edu' (48/768)
        Ranks: 720, 721, 722, 723, 724, 725, 726, 727, 728, 729, 730, 731, 732, 733, 734, 735, 736, 737, 738, 739, 740, 741, 742, 743, 744, 745, 746, 747, 748, 749, 750, 751, 752, 753, 754, 755, 756, 757, 758, 759, 760, 761, 762, 763, 764, 765, 766, 767
Alphabet: {sigma=4, l=3, A=[A, C, G, T]}
TIMER	3.998e+00	4.013e+00	4.042e+00	1	get alphabet
TIMER	3.604e+01	3.841e+01	4.113e+01	2	kmer-gen
TIMER	4.003e+01	4.352e+01	5.035e+01	3	shift-buckets
TIMER	1.982e+03	1.990e+03	2.003e+03	3	ISA-to-SA
TIMER	4.924e+01	5.103e+01	6.099e+01	3	init-lcp
iteration 21: unfinished buckets = 51313051, unfinished elements = 252565122
TIMER	3.796e+01	3.917e+01	4.045e+01	3	rebucket
TIMER	7.908e+02	7.969e+02	8.072e+02	3	SA-to-ISA
TIMER	2.967e+03	2.967e+03	2.967e+03	3	sac-iteration
Starting Bucket chasing algorithm
unresolved = 252565180, unfinished = 51313051
TIMER	1.670e+01	1.670e+01	1.672e+01	3	get active elements
TIMER	1.714e-01	1.936e-01	2.186e-01	4	bulk_query: get recv_counts
TIMER	3.337e+01	3.467e+01	3.575e+01	4	bulk_query: all2all queries
Avg queries: 3.289e+05, max queries on proc 411: 2919817
Inbalance factor: 8.879e+00x
TIMER	2.591e+00	5.392e+00	3.494e+01	4	bulk_query: local query
TIMER	4.333e+01	4.545e+01	4.687e+01	4	bulk_query: all2all query results
TIMER	3.241e+02	3.303e+02	3.554e+02	5	resolve_next_lcp: bulk_rmq
TIMER	1.434e+00	2.594e+00	5.359e+00	5	resolve_next_lcp: set LCP
TIMER	3.610e+02	3.610e+02	3.610e+02	5	LCP update
unresolved = 83264472, unfinished = 25014138
TIMER	8.511e+02	8.512e+02	8.512e+02	3	bucket-chaising iteration
TIMER	1.692e-01	1.932e-01	2.160e-01	4	bulk_query: get recv_counts
TIMER	1.358e+01	1.466e+01	1.544e+01	4	bulk_query: all2all queries
Avg queries: 1.084e+05, max queries on proc 411: 2375599
Inbalance factor: 2.191e+01x
TIMER	2.329e-01	1.074e+00	2.451e+01	4	bulk_query: local query
TIMER	1.549e+01	1.585e+01	1.637e+01	4	bulk_query: all2all query results
TIMER	9.178e+01	9.279e+01	9.434e+01	5	resolve_next_lcp: bulk_rmq
TIMER	3.326e-01	8.033e-01	1.132e+00	5	resolve_next_lcp: set LCP
TIMER	9.565e+01	9.565e+01	9.565e+01	5	LCP update
unresolved = 39125110, unfinished = 14728266
TIMER	2.655e+02	2.655e+02	2.655e+02	3	bucket-chaising iteration
TIMER	1.615e-01	1.862e-01	2.103e-01	4	bulk_query: get recv_counts
TIMER	8.365e+00	8.869e+00	9.362e+00	4	bulk_query: all2all queries
Avg queries: 5.094e+04, max queries on proc 411: 1762394
Inbalance factor: 3.459e+01x
TIMER	7.955e-02	4.474e-01	1.626e+01	4	bulk_query: local query
TIMER	6.575e+00	6.853e+00	7.253e+00	4	bulk_query: all2all query results
TIMER	6.943e+01	6.965e+01	7.020e+01	5	resolve_next_lcp: bulk_rmq
TIMER	1.708e-01	2.775e-01	3.760e-01	5	resolve_next_lcp: set LCP
TIMER	7.078e+01	7.078e+01	7.079e+01	5	LCP update
unresolved = 21253898, unfinished = 9155159
TIMER	3.253e+02	3.253e+02	3.254e+02	3	bucket-chaising iteration
TIMER	1.535e-01	1.817e-01	2.053e-01	4	bulk_query: get recv_counts
TIMER	2.299e+00	7.785e+00	8.194e+00	4	bulk_query: all2all queries
Avg queries: 2.767e+04, max queries on proc 765: 1404879
Inbalance factor: 5.076e+01x
TIMER	1.082e-01	2.888e-01	1.098e+01	4	bulk_query: local query
TIMER	5.634e+00	5.838e+00	6.222e+00	4	bulk_query: all2all query results
TIMER	7.191e+01	7.214e+01	7.249e+01	5	resolve_next_lcp: bulk_rmq
TIMER	9.128e-02	1.321e-01	6.544e-01	5	resolve_next_lcp: set LCP
TIMER	7.335e+01	7.336e+01	7.336e+01	5	LCP update
unresolved = 12458753, unfinished = 5704526
TIMER	1.586e+02	1.586e+02	1.592e+02	3	bucket-chaising iteration
TIMER	1.721e-01	2.035e-01	3.065e-01	4	bulk_query: get recv_counts
TIMER	1.755e+00	5.201e+00	7.038e+00	4	bulk_query: all2all queries
Avg queries: 1.622e+04, max queries on proc 765: 1091160
Inbalance factor: 6.726e+01x
TIMER	7.071e-02	1.664e-01	8.247e+00	4	bulk_query: local query
TIMER	1.022e+01	1.199e+01	1.237e+01	4	bulk_query: all2all query results
TIMER	6.552e+01	6.568e+01	6.587e+01	5	resolve_next_lcp: bulk_rmq
TIMER	4.859e-02	7.707e-02	3.466e-01	5	resolve_next_lcp: set LCP
TIMER	6.640e+01	6.640e+01	6.640e+01	5	LCP update
unresolved = 7057961, unfinished = 3349572
TIMER	2.864e+02	2.864e+02	2.864e+02	3	bucket-chaising iteration
TIMER	1.621e-01	1.801e-01	2.032e-01	4	bulk_query: get recv_counts
TIMER	1.315e+00	2.238e+00	3.578e+00	4	bulk_query: all2all queries
Avg queries: 9.190e+03, max queries on proc 765: 726439
Inbalance factor: 7.905e+01x
TIMER	5.318e-02	1.030e-01	4.971e+00	4	bulk_query: local query
TIMER	1.928e+00	2.007e+00	2.151e+00	4	bulk_query: all2all query results
TIMER	5.401e+01	5.404e+01	5.409e+01	5	resolve_next_lcp: bulk_rmq
TIMER	2.793e-02	4.331e-02	5.984e-02	5	resolve_next_lcp: set LCP
TIMER	5.432e+01	5.432e+01	5.433e+01	5	LCP update
unresolved = 3830919, unfinished = 1858430
TIMER	2.396e+02	2.397e+02	2.397e+02	3	bucket-chaising iteration
TIMER	1.425e-01	1.746e-01	1.963e-01	4	bulk_query: get recv_counts
TIMER	8.575e-01	1.332e+00	2.203e+00	4	bulk_query: all2all queries
Avg queries: 4.988e+03, max queries on proc 765: 376813
Inbalance factor: 7.554e+01x
TIMER	5.404e-02	8.601e-02	2.285e+00	4	bulk_query: local query
TIMER	9.818e-01	1.121e+00	1.246e+00	4	bulk_query: all2all query results
TIMER	5.411e+01	5.414e+01	5.419e+01	5	resolve_next_lcp: bulk_rmq
TIMER	1.633e-02	2.629e-02	4.027e-02	5	resolve_next_lcp: set LCP
TIMER	5.439e+01	5.439e+01	5.439e+01	5	LCP update
unresolved = 1897267, unfinished = 927479
TIMER	6.996e+01	6.997e+01	6.998e+01	3	bucket-chaising iteration
TIMER	1.526e-01	1.790e-01	2.365e-01	4	bulk_query: get recv_counts
TIMER	5.960e-01	9.332e-01	1.497e+00	4	bulk_query: all2all queries
Avg queries: 2.470e+03, max queries on proc 767: 197599
Inbalance factor: 7.999e+01x
TIMER	7.175e-02	8.639e-02	9.175e-01	4	bulk_query: local query
TIMER	5.668e-01	6.474e-01	7.273e-01	4	bulk_query: all2all query results
TIMER	5.254e+01	5.256e+01	5.259e+01	5	resolve_next_lcp: bulk_rmq
TIMER	8.365e-03	1.436e-02	2.627e-02	5	resolve_next_lcp: set LCP
TIMER	5.281e+01	5.281e+01	5.282e+01	5	LCP update
unresolved = 887691, unfinished = 430529
TIMER	6.146e+01	6.146e+01	6.148e+01	3	bucket-chaising iteration
TIMER	1.521e-01	1.726e-01	1.979e-01	4	bulk_query: get recv_counts
TIMER	5.162e-01	8.050e-01	1.283e+00	4	bulk_query: all2all queries
Avg queries: 1.156e+03, max queries on proc 767: 150161
Inbalance factor: 1.299e+02x
TIMER	6.134e-02	7.190e-02	7.063e-01	4	bulk_query: local query
TIMER	4.122e-01	5.626e-01	6.449e-01	4	bulk_query: all2all query results
TIMER	5.205e+01	5.206e+01	5.208e+01	5	resolve_next_lcp: bulk_rmq
TIMER	4.558e-03	7.436e-03	1.201e-02	5	resolve_next_lcp: set LCP
TIMER	5.228e+01	5.228e+01	5.228e+01	5	LCP update
unresolved = 397767, unfinished = 190943
TIMER	5.945e+01	5.945e+01	5.948e+01	3	bucket-chaising iteration
TIMER	1.415e-01	2.880e-01	5.766e-01	4	bulk_query: get recv_counts
TIMER	2.403e-01	6.483e-01	1.160e+00	4	bulk_query: all2all queries
Avg queries: 5.179e+02, max queries on proc 411: 92531
Inbalance factor: 1.787e+02x
TIMER	7.648e-02	9.337e-02	4.104e-01	4	bulk_query: local query
TIMER	3.140e-01	5.703e-01	9.182e-01	4	bulk_query: all2all query results
TIMER	5.776e+01	5.777e+01	5.779e+01	5	resolve_next_lcp: bulk_rmq
TIMER	2.667e-03	4.790e-03	2.303e-02	5	resolve_next_lcp: set LCP
TIMER	5.797e+01	5.797e+01	5.798e+01	5	LCP update
unresolved = 91070, unfinished = 45535
TIMER	6.477e+01	6.478e+01	6.479e+01	3	bucket-chaising iteration
TIMER	1.541e-01	1.731e-01	1.961e-01	4	bulk_query: get recv_counts
TIMER	8.800e-02	5.642e-01	9.936e-01	4	bulk_query: all2all queries
Avg queries: 1.186e+02, max queries on proc 27: 49248
Inbalance factor: 4.153e+02x
TIMER	5.185e-02	5.620e-02	2.360e-01	4	bulk_query: local query
TIMER	2.392e-01	3.477e-01	4.494e-01	4	bulk_query: all2all query results
TIMER	5.296e+01	5.297e+01	5.299e+01	5	resolve_next_lcp: bulk_rmq
TIMER	8.690e-04	1.840e-03	3.508e-03	5	resolve_next_lcp: set LCP
TIMER	5.317e+01	5.317e+01	5.318e+01	5	LCP update
unresolved = 0, unfinished = 0
TIMER	5.770e+01	5.771e+01	5.772e+01	3	bucket-chaising iteration
TIMER	2.460e+03	2.460e+03	2.460e+03	2	construct-msgs
TIMER	1.297e+01	1.491e+01	1.634e+01	2	fix-isa
PSAC time: 6.043e+03 ms
