== Node distribution == 
== p=96 processes on 2 nodes ==
--  Node: 'c506-121.stampede2.tacc.utexas.edu' (48/96)
        Ranks: 0, 1, 2, 3, 4, 5, 6, 7, 8, 9, 10, 11, 12, 13, 14, 15, 16, 17, 18, 19, 20, 21, 22, 23, 24, 25, 26, 27, 28, 29, 30, 31, 32, 33, 34, 35, 36, 37, 38, 39, 40, 41, 42, 43, 44, 45, 46, 47
--  Node: 'c506-122.stampede2.tacc.utexas.edu' (48/96)
        Ranks: 48, 49, 50, 51, 52, 53, 54, 55, 56, 57, 58, 59, 60, 61, 62, 63, 64, 65, 66, 67, 68, 69, 70, 71, 72, 73, 74, 75, 76, 77, 78, 79, 80, 81, 82, 83, 84, 85, 86, 87, 88, 89, 90, 91, 92, 93, 94, 95
Alphabet: {sigma=4, l=3, A=[A, C, G, T]}
TIMER	2.614e+01	2.615e+01	2.619e+01	1	get alphabet
TIMER	3.048e+02	3.094e+02	3.139e+02	2	kmer-gen
TIMER	3.449e+02	3.490e+02	3.537e+02	3	shift-buckets
TIMER	1.233e+04	1.235e+04	1.240e+04	3	ISA-to-SA
TIMER	4.051e+02	4.108e+02	4.289e+02	3	init-lcp
iteration 21: unfinished buckets = 51313051, unfinished elements = 252565175
TIMER	2.892e+02	2.926e+02	2.948e+02	3	rebucket
TIMER	4.379e+03	4.489e+03	4.527e+03	3	SA-to-ISA
TIMER	1.800e+04	1.800e+04	1.800e+04	3	sac-iteration
Starting Bucket chasing algorithm
unresolved = 252565180, unfinished = 51313051
TIMER	1.199e+02	1.226e+02	1.254e+02	3	get active elements
TIMER	5.033e-02	5.509e-02	7.192e-02	4	bulk_query: get recv_counts
TIMER	7.544e+01	7.830e+01	8.054e+01	4	bulk_query: all2all queries
Avg queries: 2.631e+06, max queries on proc 51: 10370837
Inbalance factor: 3.942e+00x
TIMER	4.270e+01	6.479e+01	1.689e+02	4	bulk_query: local query
TIMER	6.033e+01	6.299e+01	6.654e+01	4	bulk_query: all2all query results
TIMER	1.210e+03	1.233e+03	1.266e+03	5	resolve_next_lcp: bulk_rmq
TIMER	1.490e+01	2.211e+01	2.800e+01	5	resolve_next_lcp: set LCP
TIMER	1.294e+03	1.294e+03	1.294e+03	5	LCP update
unresolved = 83264472, unfinished = 25014138
TIMER	2.997e+03	2.997e+03	2.998e+03	3	bucket-chaising iteration
TIMER	5.302e-02	5.820e-02	8.112e-02	4	bulk_query: get recv_counts
TIMER	3.644e+01	3.795e+01	4.103e+01	4	bulk_query: all2all queries
Avg queries: 8.673e+05, max queries on proc 51: 7565031
Inbalance factor: 8.722e+00x
TIMER	6.353e+00	1.537e+01	9.617e+01	4	bulk_query: local query
TIMER	1.814e+01	2.137e+01	2.280e+01	4	bulk_query: all2all query results
TIMER	5.438e+02	5.536e+02	5.612e+02	5	resolve_next_lcp: bulk_rmq
TIMER	6.237e+00	7.369e+00	8.193e+00	5	resolve_next_lcp: set LCP
TIMER	5.696e+02	5.696e+02	5.696e+02	5	LCP update
unresolved = 39125110, unfinished = 14728266
TIMER	1.221e+03	1.222e+03	1.228e+03	3	bucket-chaising iteration
TIMER	4.530e-02	4.907e-02	5.662e-02	4	bulk_query: get recv_counts
TIMER	2.346e+01	2.491e+01	2.623e+01	4	bulk_query: all2all queries
Avg queries: 4.076e+05, max queries on proc 51: 5381275
Inbalance factor: 1.320e+01x
TIMER	1.044e+00	5.029e+00	5.962e+01	4	bulk_query: local query
TIMER	1.114e+01	1.317e+01	1.402e+01	4	bulk_query: all2all query results
TIMER	4.569e+02	4.575e+02	4.583e+02	5	resolve_next_lcp: bulk_rmq
TIMER	3.004e+00	3.313e+00	3.671e+00	5	resolve_next_lcp: set LCP
TIMER	4.621e+02	4.621e+02	4.621e+02	5	LCP update
unresolved = 21253898, unfinished = 9155159
TIMER	8.255e+02	8.277e+02	8.353e+02	3	bucket-chaising iteration
TIMER	4.569e-02	5.511e-02	8.478e-02	4	bulk_query: get recv_counts
TIMER	1.523e+01	1.619e+01	1.715e+01	4	bulk_query: all2all queries
Avg queries: 2.214e+05, max queries on proc 51: 3387786
Inbalance factor: 1.530e+01x
TIMER	1.363e-01	2.129e+00	3.314e+01	4	bulk_query: local query
TIMER	7.022e+00	7.897e+00	8.428e+00	4	bulk_query: all2all query results
TIMER	4.232e+02	4.236e+02	4.264e+02	5	resolve_next_lcp: bulk_rmq
TIMER	1.597e+00	1.752e+00	1.898e+00	5	resolve_next_lcp: set LCP
TIMER	4.284e+02	4.284e+02	4.285e+02	5	LCP update
unresolved = 12458753, unfinished = 5704526
TIMER	6.355e+02	6.366e+02	6.413e+02	3	bucket-chaising iteration
TIMER	4.398e-02	4.899e-02	5.704e-02	4	bulk_query: get recv_counts
TIMER	1.046e+01	1.114e+01	1.182e+01	4	bulk_query: all2all queries
Avg queries: 1.298e+05, max queries on proc 95: 2369254
Inbalance factor: 1.826e+01x
TIMER	5.755e-02	1.122e+00	2.160e+01	4	bulk_query: local query
TIMER	5.368e+00	5.821e+00	6.288e+00	4	bulk_query: all2all query results
TIMER	4.125e+02	4.128e+02	4.157e+02	5	resolve_next_lcp: bulk_rmq
TIMER	8.830e-01	1.007e+00	1.117e+00	5	resolve_next_lcp: set LCP
TIMER	4.170e+02	4.170e+02	4.170e+02	5	LCP update
unresolved = 7057961, unfinished = 3349572
TIMER	5.499e+02	5.501e+02	5.532e+02	3	bucket-chaising iteration
TIMER	4.079e-02	4.770e-02	6.119e-02	4	bulk_query: get recv_counts
TIMER	6.442e+00	8.309e+00	9.591e+00	4	bulk_query: all2all queries
Avg queries: 7.352e+04, max queries on proc 95: 1565624
Inbalance factor: 2.130e+01x
TIMER	4.530e-02	5.786e-01	1.353e+01	4	bulk_query: local query
TIMER	2.490e+00	2.937e+00	3.308e+00	4	bulk_query: all2all query results
TIMER	4.132e+02	4.135e+02	4.168e+02	5	resolve_next_lcp: bulk_rmq
TIMER	4.267e-01	4.918e-01	5.577e-01	5	resolve_next_lcp: set LCP
TIMER	4.175e+02	4.175e+02	4.175e+02	5	LCP update
unresolved = 3830919, unfinished = 1858430
TIMER	5.033e+02	5.034e+02	5.058e+02	3	bucket-chaising iteration
TIMER	4.728e-02	6.202e-02	7.836e-02	4	bulk_query: get recv_counts
TIMER	4.092e+00	5.063e+00	5.689e+00	4	bulk_query: all2all queries
Avg queries: 3.991e+04, max queries on proc 95: 948434
Inbalance factor: 2.377e+01x
TIMER	3.952e-02	2.899e-01	7.982e+00	4	bulk_query: local query
TIMER	9.761e-01	1.260e+00	1.494e+00	4	bulk_query: all2all query results
TIMER	4.097e+02	4.099e+02	4.132e+02	5	resolve_next_lcp: bulk_rmq
TIMER	2.154e-01	2.596e-01	3.114e-01	5	resolve_next_lcp: set LCP
TIMER	4.137e+02	4.137e+02	4.137e+02	5	LCP update
unresolved = 1897267, unfinished = 927479
TIMER	4.570e+02	4.570e+02	4.588e+02	3	bucket-chaising iteration
TIMER	3.556e-02	4.329e-02	5.710e-02	4	bulk_query: get recv_counts
TIMER	1.658e+00	2.271e+00	3.135e+00	4	bulk_query: all2all queries
Avg queries: 1.976e+04, max queries on proc 95: 447515
Inbalance factor: 2.264e+01x
TIMER	5.652e-02	1.537e-01	3.158e+00	4	bulk_query: local query
TIMER	4.577e-01	6.006e-01	7.757e-01	4	bulk_query: all2all query results
TIMER	4.088e+02	4.090e+02	4.120e+02	5	resolve_next_lcp: bulk_rmq
TIMER	7.739e-02	1.201e-01	1.699e-01	5	resolve_next_lcp: set LCP
TIMER	4.123e+02	4.123e+02	4.123e+02	5	LCP update
unresolved = 887691, unfinished = 430529
TIMER	4.334e+02	4.334e+02	4.335e+02	3	bucket-chaising iteration
TIMER	4.436e-02	5.334e-02	6.067e-02	4	bulk_query: get recv_counts
TIMER	3.092e-01	4.689e-01	6.148e-01	4	bulk_query: all2all queries
Avg queries: 9.247e+03, max queries on proc 95: 206909
Inbalance factor: 2.238e+01x
TIMER	4.061e-02	7.754e-02	9.189e-01	4	bulk_query: local query
TIMER	2.716e-01	3.701e-01	4.485e-01	4	bulk_query: all2all query results
TIMER	4.063e+02	4.064e+02	4.095e+02	5	resolve_next_lcp: bulk_rmq
TIMER	3.803e-02	5.356e-02	6.477e-02	5	resolve_next_lcp: set LCP
TIMER	4.097e+02	4.097e+02	4.097e+02	5	LCP update
unresolved = 397767, unfinished = 190943
TIMER	4.179e+02	4.179e+02	4.179e+02	3	bucket-chaising iteration
TIMER	2.655e-02	3.607e-02	4.074e-02	4	bulk_query: get recv_counts
TIMER	1.809e-01	2.412e-01	3.764e-01	4	bulk_query: all2all queries
Avg queries: 4.143e+03, max queries on proc 95: 113284
Inbalance factor: 2.734e+01x
TIMER	3.740e-02	5.450e-02	4.376e-01	4	bulk_query: local query
TIMER	1.230e-01	1.899e-01	2.423e-01	4	bulk_query: all2all query results
TIMER	4.059e+02	4.061e+02	4.090e+02	5	resolve_next_lcp: bulk_rmq
TIMER	2.481e-02	3.297e-02	4.022e-02	5	resolve_next_lcp: set LCP
TIMER	4.092e+02	4.092e+02	4.092e+02	5	LCP update
unresolved = 91070, unfinished = 45535
TIMER	4.133e+02	4.134e+02	4.158e+02	3	bucket-chaising iteration
TIMER	2.941e-02	4.870e-02	7.697e-02	4	bulk_query: get recv_counts
TIMER	7.863e-02	1.088e-01	1.840e-01	4	bulk_query: all2all queries
Avg queries: 9.486e+02, max queries on proc 3: 49248
Inbalance factor: 5.191e+01x
TIMER	3.781e-02	4.363e-02	1.984e-01	4	bulk_query: local query
TIMER	4.302e-02	7.615e-02	1.166e-01	4	bulk_query: all2all query results
TIMER	4.051e+02	4.053e+02	4.082e+02	5	resolve_next_lcp: bulk_rmq
TIMER	6.219e-03	1.028e-02	1.573e-02	5	resolve_next_lcp: set LCP
TIMER	4.083e+02	4.083e+02	4.083e+02	5	LCP update
unresolved = 0, unfinished = 0
TIMER	4.104e+02	4.104e+02	4.104e+02	3	bucket-chaising iteration
TIMER	9.034e+03	9.034e+03	9.034e+03	2	construct-msgs
TIMER	1.201e+02	1.293e+02	1.324e+02	2	fix-isa
PSAC time: 2.753e+04 ms
