== Node distribution == 
== p=192 processes on 4 nodes ==
--  Node: 'c476-134.stampede2.tacc.utexas.edu' (48/192)
        Ranks: 0, 1, 2, 3, 4, 5, 6, 7, 8, 9, 10, 11, 12, 13, 14, 15, 16, 17, 18, 19, 20, 21, 22, 23, 24, 25, 26, 27, 28, 29, 30, 31, 32, 33, 34, 35, 36, 37, 38, 39, 40, 41, 42, 43, 44, 45, 46, 47
--  Node: 'c477-003.stampede2.tacc.utexas.edu' (48/192)
        Ranks: 48, 49, 50, 51, 52, 53, 54, 55, 56, 57, 58, 59, 60, 61, 62, 63, 64, 65, 66, 67, 68, 69, 70, 71, 72, 73, 74, 75, 76, 77, 78, 79, 80, 81, 82, 83, 84, 85, 86, 87, 88, 89, 90, 91, 92, 93, 94, 95
--  Node: 'c477-004.stampede2.tacc.utexas.edu' (48/192)
        Ranks: 96, 97, 98, 99, 100, 101, 102, 103, 104, 105, 106, 107, 108, 109, 110, 111, 112, 113, 114, 115, 116, 117, 118, 119, 120, 121, 122, 123, 124, 125, 126, 127, 128, 129, 130, 131, 132, 133, 134, 135, 136, 137, 138, 139, 140, 141, 142, 143
--  Node: 'c477-012.stampede2.tacc.utexas.edu' (48/192)
        Ranks: 144, 145, 146, 147, 148, 149, 150, 151, 152, 153, 154, 155, 156, 157, 158, 159, 160, 161, 162, 163, 164, 165, 166, 167, 168, 169, 170, 171, 172, 173, 174, 175, 176, 177, 178, 179, 180, 181, 182, 183, 184, 185, 186, 187, 188, 189, 190, 191
Alphabet: {sigma=4, l=3, A=[A, C, G, T]}
TIMER	1.338e+01	1.339e+01	1.343e+01	1	get alphabet
TIMER	1.518e+02	1.568e+02	1.638e+02	2	kmer-gen
TIMER	1.691e+02	1.763e+02	2.056e+02	3	shift-buckets
TIMER	6.904e+03	6.921e+03	6.940e+03	3	ISA-to-SA
TIMER	2.004e+02	2.061e+02	2.122e+02	3	init-lcp
iteration 21: unfinished buckets = 51313051, unfinished elements = 252565165
TIMER	1.470e+02	1.493e+02	1.511e+02	3	rebucket
TIMER	2.609e+03	2.645e+03	2.667e+03	3	SA-to-ISA
TIMER	1.018e+04	1.018e+04	1.018e+04	3	sac-iteration
Starting Bucket chasing algorithm
unresolved = 252565180, unfinished = 51313051
TIMER	6.530e+01	6.530e+01	6.533e+01	3	get active elements
TIMER	5.751e-02	6.949e-01	7.124e-01	4	bulk_query: get recv_counts
TIMER	5.935e+01	6.433e+01	6.633e+01	4	bulk_query: all2all queries
Avg queries: 1.315e+06, max queries on proc 102: 7318853
Inbalance factor: 5.564e+00x
TIMER	1.815e+01	2.956e+01	1.032e+02	4	bulk_query: local query
TIMER	5.199e+01	6.873e+01	7.426e+01	4	bulk_query: all2all query results
TIMER	7.698e+02	7.847e+02	8.152e+02	5	resolve_next_lcp: bulk_rmq
TIMER	6.611e+00	1.094e+01	1.600e+01	5	resolve_next_lcp: set LCP
TIMER	8.320e+02	8.320e+02	8.320e+02	5	LCP update
unresolved = 83264472, unfinished = 25014138
TIMER	1.918e+03	1.919e+03	1.920e+03	3	bucket-chaising iteration
TIMER	5.689e-02	7.384e-02	9.635e-02	4	bulk_query: get recv_counts
TIMER	4.114e+01	4.249e+01	4.344e+01	4	bulk_query: all2all queries
Avg queries: 4.337e+05, max queries on proc 102: 5585353
Inbalance factor: 1.288e+01x
TIMER	1.783e+00	6.213e+00	6.706e+01	4	bulk_query: local query
TIMER	3.202e+01	3.371e+01	3.449e+01	4	bulk_query: all2all query results
TIMER	3.234e+02	3.253e+02	3.285e+02	5	resolve_next_lcp: bulk_rmq
TIMER	2.868e+00	3.614e+00	4.267e+00	5	resolve_next_lcp: set LCP
TIMER	3.330e+02	3.330e+02	3.330e+02	5	LCP update
unresolved = 39125110, unfinished = 14728266
TIMER	7.872e+02	7.877e+02	7.916e+02	3	bucket-chaising iteration
TIMER	6.186e-02	8.786e-02	1.195e-01	4	bulk_query: get recv_counts
TIMER	2.318e+01	2.380e+01	2.538e+01	4	bulk_query: all2all queries
Avg queries: 2.038e+05, max queries on proc 102: 4113032
Inbalance factor: 2.018e+01x
TIMER	2.644e-01	2.066e+00	4.288e+01	4	bulk_query: local query
TIMER	1.767e+01	1.833e+01	1.886e+01	4	bulk_query: all2all query results
TIMER	2.397e+02	2.402e+02	2.410e+02	5	resolve_next_lcp: bulk_rmq
TIMER	1.379e+00	1.617e+00	1.916e+00	5	resolve_next_lcp: set LCP
TIMER	2.432e+02	2.432e+02	2.432e+02	5	LCP update
unresolved = 21253898, unfinished = 9155159
TIMER	5.121e+02	5.122e+02	5.145e+02	3	bucket-chaising iteration
TIMER	1.083e-01	1.860e+00	2.562e+00	4	bulk_query: get recv_counts
TIMER	1.435e+01	1.464e+01	1.563e+01	4	bulk_query: all2all queries
Avg queries: 1.107e+05, max queries on proc 191: 3062473
Inbalance factor: 2.767e+01x
TIMER	7.732e-02	9.711e-01	2.854e+01	4	bulk_query: local query
TIMER	9.928e+00	1.116e+01	1.285e+01	4	bulk_query: all2all query results
TIMER	2.232e+02	2.234e+02	2.236e+02	5	resolve_next_lcp: bulk_rmq
TIMER	6.179e-01	7.564e-01	8.976e-01	5	resolve_next_lcp: set LCP
TIMER	2.247e+02	2.247e+02	2.247e+02	5	LCP update
unresolved = 12458753, unfinished = 5704526
TIMER	4.127e+02	4.127e+02	4.127e+02	3	bucket-chaising iteration
TIMER	6.943e-02	8.883e-02	1.088e-01	4	bulk_query: get recv_counts
TIMER	1.127e+01	1.241e+01	1.334e+01	4	bulk_query: all2all queries
Avg queries: 6.489e+04, max queries on proc 191: 2232622
Inbalance factor: 3.441e+01x
TIMER	5.751e-02	5.287e-01	1.767e+01	4	bulk_query: local query
TIMER	4.930e+00	5.333e+00	6.026e+00	4	bulk_query: all2all query results
TIMER	2.080e+02	2.081e+02	2.083e+02	5	resolve_next_lcp: bulk_rmq
TIMER	2.807e-01	3.882e-01	4.810e-01	5	resolve_next_lcp: set LCP
TIMER	2.090e+02	2.090e+02	2.090e+02	5	LCP update
unresolved = 7057961, unfinished = 3349572
TIMER	3.190e+02	3.190e+02	3.190e+02	3	bucket-chaising iteration
TIMER	6.062e-02	7.711e-02	1.159e-01	4	bulk_query: get recv_counts
TIMER	2.659e+00	5.604e+00	7.409e+00	4	bulk_query: all2all queries
Avg queries: 3.676e+04, max queries on proc 191: 1516559
Inbalance factor: 4.126e+01x
TIMER	5.547e-02	2.800e-01	1.123e+01	4	bulk_query: local query
TIMER	2.436e+00	2.674e+00	2.996e+00	4	bulk_query: all2all query results
TIMER	2.054e+02	2.055e+02	2.056e+02	5	resolve_next_lcp: bulk_rmq
TIMER	1.590e-01	2.031e-01	2.630e-01	5	resolve_next_lcp: set LCP
TIMER	2.060e+02	2.060e+02	2.060e+02	5	LCP update
unresolved = 3830919, unfinished = 1858430
TIMER	2.707e+02	2.707e+02	2.707e+02	3	bucket-chaising iteration
TIMER	5.387e-02	6.723e-02	8.740e-02	4	bulk_query: get recv_counts
TIMER	1.515e+00	2.379e+00	3.364e+00	4	bulk_query: all2all queries
Avg queries: 1.995e+04, max queries on proc 191: 932599
Inbalance factor: 4.674e+01x
TIMER	5.278e-02	1.597e-01	6.111e+00	4	bulk_query: local query
TIMER	1.311e+00	1.438e+00	1.671e+00	4	bulk_query: all2all query results
TIMER	2.017e+02	2.017e+02	2.018e+02	5	resolve_next_lcp: bulk_rmq
TIMER	7.596e-02	1.122e-01	1.525e-01	5	resolve_next_lcp: set LCP
TIMER	2.021e+02	2.021e+02	2.021e+02	5	LCP update
unresolved = 1897267, unfinished = 927479
TIMER	2.403e+02	2.403e+02	2.403e+02	3	bucket-chaising iteration
TIMER	5.349e-02	6.669e-02	8.200e-02	4	bulk_query: get recv_counts
TIMER	6.982e-01	1.111e+00	1.679e+00	4	bulk_query: all2all queries
Avg queries: 9.882e+03, max queries on proc 191: 444407
Inbalance factor: 4.497e+01x
TIMER	4.975e-02	9.914e-02	2.429e+00	4	bulk_query: local query
TIMER	6.471e-01	7.911e-01	1.012e+00	4	bulk_query: all2all query results
TIMER	2.059e+02	2.060e+02	2.061e+02	5	resolve_next_lcp: bulk_rmq
TIMER	3.344e-02	5.435e-02	1.497e-01	5	resolve_next_lcp: set LCP
TIMER	2.064e+02	2.064e+02	2.064e+02	5	LCP update
unresolved = 887691, unfinished = 430529
TIMER	2.252e+02	2.252e+02	2.252e+02	3	bucket-chaising iteration
TIMER	4.455e-02	6.587e-02	6.470e-01	4	bulk_query: get recv_counts
TIMER	3.146e-01	4.774e-01	7.280e-01	4	bulk_query: all2all queries
Avg queries: 4.623e+03, max queries on proc 191: 206909
Inbalance factor: 4.475e+01x
TIMER	5.444e-02	7.407e-02	9.817e-01	4	bulk_query: local query
TIMER	3.212e-01	3.773e-01	4.433e-01	4	bulk_query: all2all query results
TIMER	2.029e+02	2.029e+02	2.030e+02	5	resolve_next_lcp: bulk_rmq
TIMER	1.887e-02	2.704e-02	4.299e-02	5	resolve_next_lcp: set LCP
TIMER	2.032e+02	2.032e+02	2.032e+02	5	LCP update
unresolved = 397767, unfinished = 190943
TIMER	2.118e+02	2.118e+02	2.118e+02	3	bucket-chaising iteration
TIMER	5.925e-02	7.578e-02	1.029e-01	4	bulk_query: get recv_counts
TIMER	2.066e-01	3.225e-01	5.337e-01	4	bulk_query: all2all queries
Avg queries: 2.072e+03, max queries on proc 191: 113284
Inbalance factor: 5.468e+01x
TIMER	5.406e-02	6.404e-02	5.148e-01	4	bulk_query: local query
TIMER	1.656e-01	2.314e-01	2.754e-01	4	bulk_query: all2all query results
TIMER	2.056e+02	2.056e+02	2.057e+02	5	resolve_next_lcp: bulk_rmq
TIMER	1.203e-02	1.687e-02	6.680e-02	5	resolve_next_lcp: set LCP
TIMER	2.059e+02	2.059e+02	2.059e+02	5	LCP update
unresolved = 91070, unfinished = 45535
TIMER	2.102e+02	2.102e+02	2.102e+02	3	bucket-chaising iteration
TIMER	4.805e-02	6.721e-02	9.880e-02	4	bulk_query: get recv_counts
TIMER	9.928e-02	1.680e-01	2.929e-01	4	bulk_query: all2all queries
Avg queries: 4.743e+02, max queries on proc 6: 49248
Inbalance factor: 1.038e+02x
TIMER	5.568e-02	5.940e-02	2.184e-01	4	bulk_query: local query
TIMER	7.243e-02	1.100e-01	1.492e-01	4	bulk_query: all2all query results
TIMER	2.025e+02	2.025e+02	2.026e+02	5	resolve_next_lcp: bulk_rmq
TIMER	3.182e-03	5.604e-03	1.139e-02	5	resolve_next_lcp: set LCP
TIMER	2.027e+02	2.027e+02	2.027e+02	5	LCP update
unresolved = 0, unfinished = 0
TIMER	2.050e+02	2.050e+02	2.051e+02	3	bucket-chaising iteration
TIMER	5.395e+03	5.395e+03	5.395e+03	2	construct-msgs
TIMER	5.801e+01	6.241e+01	6.562e+01	2	fix-isa
PSAC time: 1.583e+04 ms
