== Node distribution == 
== p=192 processes on 4 nodes ==
--  Node: 'c476-134.stampede2.tacc.utexas.edu' (48/192)
        Ranks: 0, 1, 2, 3, 4, 5, 6, 7, 8, 9, 10, 11, 12, 13, 14, 15, 16, 17, 18, 19, 20, 21, 22, 23, 24, 25, 26, 27, 28, 29, 30, 31, 32, 33, 34, 35, 36, 37, 38, 39, 40, 41, 42, 43, 44, 45, 46, 47
--  Node: 'c477-003.stampede2.tacc.utexas.edu' (48/192)
        Ranks: 48, 49, 50, 51, 52, 53, 54, 55, 56, 57, 58, 59, 60, 61, 62, 63, 64, 65, 66, 67, 68, 69, 70, 71, 72, 73, 74, 75, 76, 77, 78, 79, 80, 81, 82, 83, 84, 85, 86, 87, 88, 89, 90, 91, 92, 93, 94, 95
--  Node: 'c477-004.stampede2.tacc.utexas.edu' (48/192)
        Ranks: 96, 97, 98, 99, 100, 101, 102, 103, 104, 105, 106, 107, 108, 109, 110, 111, 112, 113, 114, 115, 116, 117, 118, 119, 120, 121, 122, 123, 124, 125, 126, 127, 128, 129, 130, 131, 132, 133, 134, 135, 136, 137, 138, 139, 140, 141, 142, 143
--  Node: 'c477-012.stampede2.tacc.utexas.edu' (48/192)
        Ranks: 144, 145, 146, 147, 148, 149, 150, 151, 152, 153, 154, 155, 156, 157, 158, 159, 160, 161, 162, 163, 164, 165, 166, 167, 168, 169, 170, 171, 172, 173, 174, 175, 176, 177, 178, 179, 180, 181, 182, 183, 184, 185, 186, 187, 188, 189, 190, 191
Alphabet: {sigma=4, l=3, A=[A, C, G, T]}
TIMER	1.343e+01	1.343e+01	1.348e+01	1	get alphabet
TIMER	1.522e+02	1.566e+02	1.623e+02	2	kmer-gen
TIMER	1.680e+02	1.764e+02	2.036e+02	3	shift-buckets
TIMER	6.889e+03	6.909e+03	6.936e+03	3	ISA-to-SA
TIMER	2.026e+02	2.056e+02	2.121e+02	3	init-lcp
iteration 21: unfinished buckets = 51313051, unfinished elements = 252565165
TIMER	1.463e+02	1.490e+02	1.510e+02	3	rebucket
TIMER	2.555e+03	2.605e+03	2.631e+03	3	SA-to-ISA
TIMER	1.014e+04	1.014e+04	1.014e+04	3	sac-iteration
Starting Bucket chasing algorithm
unresolved = 252565180, unfinished = 51313051
TIMER	6.436e+01	6.436e+01	6.438e+01	3	get active elements
TIMER	6.148e-02	7.784e-02	1.071e-01	4	bulk_query: get recv_counts
TIMER	6.134e+01	6.649e+01	6.839e+01	4	bulk_query: all2all queries
Avg queries: 1.315e+06, max queries on proc 102: 7318853
Inbalance factor: 5.564e+00x
TIMER	1.741e+01	2.947e+01	1.033e+02	4	bulk_query: local query
TIMER	5.291e+01	5.411e+01	5.508e+01	4	bulk_query: all2all query results
TIMER	7.781e+02	7.924e+02	8.245e+02	5	resolve_next_lcp: bulk_rmq
TIMER	6.799e+00	1.094e+01	1.593e+01	5	resolve_next_lcp: set LCP
TIMER	8.416e+02	8.416e+02	8.416e+02	5	LCP update
unresolved = 83264472, unfinished = 25014138
TIMER	1.915e+03	1.915e+03	1.916e+03	3	bucket-chaising iteration
TIMER	5.724e-02	7.397e-02	9.358e-02	4	bulk_query: get recv_counts
TIMER	3.740e+01	3.853e+01	4.023e+01	4	bulk_query: all2all queries
Avg queries: 4.337e+05, max queries on proc 102: 5585353
Inbalance factor: 1.288e+01x
TIMER	1.738e+00	6.186e+00	6.654e+01	4	bulk_query: local query
TIMER	3.068e+01	3.135e+01	3.197e+01	4	bulk_query: all2all query results
TIMER	3.237e+02	3.253e+02	3.282e+02	5	resolve_next_lcp: bulk_rmq
TIMER	2.777e+00	3.620e+00	4.277e+00	5	resolve_next_lcp: set LCP
TIMER	3.326e+02	3.326e+02	3.326e+02	5	LCP update
unresolved = 39125110, unfinished = 14728266
TIMER	7.775e+02	7.777e+02	7.802e+02	3	bucket-chaising iteration
TIMER	6.855e-02	8.514e-02	1.262e-01	4	bulk_query: get recv_counts
TIMER	2.426e+01	2.479e+01	2.596e+01	4	bulk_query: all2all queries
Avg queries: 2.038e+05, max queries on proc 102: 4113032
Inbalance factor: 2.018e+01x
TIMER	2.639e-01	2.037e+00	4.262e+01	4	bulk_query: local query
TIMER	1.664e+01	1.788e+01	1.854e+01	4	bulk_query: all2all query results
TIMER	2.433e+02	2.441e+02	2.475e+02	5	resolve_next_lcp: bulk_rmq
TIMER	1.360e+00	1.613e+00	1.833e+00	5	resolve_next_lcp: set LCP
TIMER	2.496e+02	2.496e+02	2.496e+02	5	LCP update
unresolved = 21253898, unfinished = 9155159
TIMER	5.160e+02	5.161e+02	5.193e+02	3	bucket-chaising iteration
TIMER	5.952e-02	7.825e-02	1.032e-01	4	bulk_query: get recv_counts
TIMER	1.170e+01	1.299e+01	1.442e+01	4	bulk_query: all2all queries
Avg queries: 1.107e+05, max queries on proc 191: 3062473
Inbalance factor: 2.767e+01x
TIMER	1.012e-01	9.821e-01	2.838e+01	4	bulk_query: local query
TIMER	9.031e+00	9.398e+00	1.020e+01	4	bulk_query: all2all query results
TIMER	2.142e+02	2.143e+02	2.145e+02	5	resolve_next_lcp: bulk_rmq
TIMER	6.192e-01	7.552e-01	8.731e-01	5	resolve_next_lcp: set LCP
TIMER	2.156e+02	2.156e+02	2.156e+02	5	LCP update
unresolved = 12458753, unfinished = 5704526
TIMER	3.846e+02	3.846e+02	3.846e+02	3	bucket-chaising iteration
TIMER	5.989e-02	8.079e-02	1.152e-01	4	bulk_query: get recv_counts
TIMER	9.233e+00	1.020e+01	1.128e+01	4	bulk_query: all2all queries
Avg queries: 6.489e+04, max queries on proc 191: 2232622
Inbalance factor: 3.441e+01x
TIMER	5.108e-02	5.005e-01	1.699e+01	4	bulk_query: local query
TIMER	6.050e+00	7.677e+00	8.233e+00	4	bulk_query: all2all query results
TIMER	2.100e+02	2.101e+02	2.103e+02	5	resolve_next_lcp: bulk_rmq
TIMER	2.871e-01	3.882e-01	5.247e-01	5	resolve_next_lcp: set LCP
TIMER	2.110e+02	2.110e+02	2.110e+02	5	LCP update
unresolved = 7057961, unfinished = 3349572
TIMER	3.162e+02	3.162e+02	3.162e+02	3	bucket-chaising iteration
TIMER	5.964e-02	8.233e-02	1.094e-01	4	bulk_query: get recv_counts
TIMER	2.539e+00	5.607e+00	8.470e+00	4	bulk_query: all2all queries
Avg queries: 3.676e+04, max queries on proc 191: 1516559
Inbalance factor: 4.126e+01x
TIMER	5.651e-02	2.872e-01	1.101e+01	4	bulk_query: local query
TIMER	2.515e+00	2.859e+00	3.216e+00	4	bulk_query: all2all query results
TIMER	2.031e+02	2.031e+02	2.032e+02	5	resolve_next_lcp: bulk_rmq
TIMER	1.614e-01	2.060e-01	2.645e-01	5	resolve_next_lcp: set LCP
TIMER	2.036e+02	2.036e+02	2.036e+02	5	LCP update
unresolved = 3830919, unfinished = 1858430
TIMER	2.686e+02	2.686e+02	2.687e+02	3	bucket-chaising iteration
TIMER	5.434e-02	7.714e-02	1.113e-01	4	bulk_query: get recv_counts
TIMER	1.554e+00	2.424e+00	3.558e+00	4	bulk_query: all2all queries
Avg queries: 1.995e+04, max queries on proc 191: 932599
Inbalance factor: 4.674e+01x
TIMER	4.095e-02	1.459e-01	5.982e+00	4	bulk_query: local query
TIMER	1.264e+00	1.392e+00	1.649e+00	4	bulk_query: all2all query results
TIMER	2.044e+02	2.045e+02	2.045e+02	5	resolve_next_lcp: bulk_rmq
TIMER	7.110e-02	1.110e-01	1.526e-01	5	resolve_next_lcp: set LCP
TIMER	2.048e+02	2.048e+02	2.048e+02	5	LCP update
unresolved = 1897267, unfinished = 927479
TIMER	2.391e+02	2.391e+02	2.391e+02	3	bucket-chaising iteration
TIMER	7.277e-02	9.678e-02	1.169e-01	4	bulk_query: get recv_counts
TIMER	6.838e-01	1.126e+00	1.712e+00	4	bulk_query: all2all queries
Avg queries: 9.882e+03, max queries on proc 191: 444407
Inbalance factor: 4.497e+01x
TIMER	4.079e-02	8.526e-02	2.371e+00	4	bulk_query: local query
TIMER	5.917e-01	7.487e-01	9.674e-01	4	bulk_query: all2all query results
TIMER	2.003e+02	2.003e+02	2.004e+02	5	resolve_next_lcp: bulk_rmq
TIMER	3.402e-02	5.351e-02	8.379e-02	5	resolve_next_lcp: set LCP
TIMER	2.006e+02	2.006e+02	2.006e+02	5	LCP update
unresolved = 887691, unfinished = 430529
TIMER	2.160e+02	2.160e+02	2.160e+02	3	bucket-chaising iteration
TIMER	5.267e-02	6.568e-02	8.797e-02	4	bulk_query: get recv_counts
TIMER	3.429e-01	4.808e-01	7.097e-01	4	bulk_query: all2all queries
Avg queries: 4.623e+03, max queries on proc 191: 206909
Inbalance factor: 4.475e+01x
TIMER	4.830e-02	6.884e-02	9.241e-01	4	bulk_query: local query
TIMER	3.072e-01	3.595e-01	4.285e-01	4	bulk_query: all2all query results
TIMER	2.016e+02	2.016e+02	2.016e+02	5	resolve_next_lcp: bulk_rmq
TIMER	1.885e-02	2.721e-02	4.470e-02	5	resolve_next_lcp: set LCP
TIMER	2.018e+02	2.018e+02	2.018e+02	5	LCP update
unresolved = 397767, unfinished = 190943
TIMER	2.088e+02	2.088e+02	2.088e+02	3	bucket-chaising iteration
TIMER	5.807e-02	8.487e-02	1.132e-01	4	bulk_query: get recv_counts
TIMER	1.748e-01	2.886e-01	4.780e-01	4	bulk_query: all2all queries
Avg queries: 2.072e+03, max queries on proc 191: 113284
Inbalance factor: 5.468e+01x
TIMER	5.302e-02	6.357e-02	5.012e-01	4	bulk_query: local query
TIMER	1.501e-01	2.151e-01	2.581e-01	4	bulk_query: all2all query results
TIMER	2.050e+02	2.050e+02	2.051e+02	5	resolve_next_lcp: bulk_rmq
TIMER	1.167e-02	1.678e-02	2.780e-02	5	resolve_next_lcp: set LCP
TIMER	2.052e+02	2.052e+02	2.052e+02	5	LCP update
unresolved = 91070, unfinished = 45535
TIMER	2.093e+02	2.093e+02	2.093e+02	3	bucket-chaising iteration
TIMER	4.511e-02	6.901e-02	9.636e-02	4	bulk_query: get recv_counts
TIMER	1.078e-01	1.748e-01	3.019e-01	4	bulk_query: all2all queries
Avg queries: 4.743e+02, max queries on proc 6: 49248
Inbalance factor: 1.038e+02x
TIMER	5.116e-02	5.983e-02	2.391e-01	4	bulk_query: local query
TIMER	1.150e-01	1.539e-01	1.982e-01	4	bulk_query: all2all query results
TIMER	2.033e+02	2.033e+02	2.033e+02	5	resolve_next_lcp: bulk_rmq
TIMER	3.276e-03	5.512e-03	8.394e-03	5	resolve_next_lcp: set LCP
TIMER	2.034e+02	2.034e+02	2.034e+02	5	LCP update
unresolved = 0, unfinished = 0
TIMER	2.130e+02	2.130e+02	2.130e+02	3	bucket-chaising iteration
TIMER	5.344e+03	5.344e+03	5.344e+03	2	construct-msgs
TIMER	5.915e+01	6.240e+01	6.508e+01	2	fix-isa
PSAC time: 1.573e+04 ms
