== Node distribution == 
== p=192 processes on 4 nodes ==
--  Node: 'c476-134.stampede2.tacc.utexas.edu' (48/192)
        Ranks: 0, 1, 2, 3, 4, 5, 6, 7, 8, 9, 10, 11, 12, 13, 14, 15, 16, 17, 18, 19, 20, 21, 22, 23, 24, 25, 26, 27, 28, 29, 30, 31, 32, 33, 34, 35, 36, 37, 38, 39, 40, 41, 42, 43, 44, 45, 46, 47
--  Node: 'c477-003.stampede2.tacc.utexas.edu' (48/192)
        Ranks: 48, 49, 50, 51, 52, 53, 54, 55, 56, 57, 58, 59, 60, 61, 62, 63, 64, 65, 66, 67, 68, 69, 70, 71, 72, 73, 74, 75, 76, 77, 78, 79, 80, 81, 82, 83, 84, 85, 86, 87, 88, 89, 90, 91, 92, 93, 94, 95
--  Node: 'c477-004.stampede2.tacc.utexas.edu' (48/192)
        Ranks: 96, 97, 98, 99, 100, 101, 102, 103, 104, 105, 106, 107, 108, 109, 110, 111, 112, 113, 114, 115, 116, 117, 118, 119, 120, 121, 122, 123, 124, 125, 126, 127, 128, 129, 130, 131, 132, 133, 134, 135, 136, 137, 138, 139, 140, 141, 142, 143
--  Node: 'c477-012.stampede2.tacc.utexas.edu' (48/192)
        Ranks: 144, 145, 146, 147, 148, 149, 150, 151, 152, 153, 154, 155, 156, 157, 158, 159, 160, 161, 162, 163, 164, 165, 166, 167, 168, 169, 170, 171, 172, 173, 174, 175, 176, 177, 178, 179, 180, 181, 182, 183, 184, 185, 186, 187, 188, 189, 190, 191
Alphabet: {sigma=4, l=3, A=[A, C, G, T]}
TIMER	1.346e+01	1.347e+01	1.351e+01	1	get alphabet
TIMER	1.503e+02	1.563e+02	1.632e+02	2	kmer-gen
TIMER	1.693e+02	1.772e+02	2.037e+02	3	shift-buckets
TIMER	6.888e+03	6.909e+03	6.933e+03	3	ISA-to-SA
TIMER	2.023e+02	2.055e+02	2.127e+02	3	init-lcp
iteration 21: unfinished buckets = 51313051, unfinished elements = 252565165
TIMER	1.470e+02	1.488e+02	1.507e+02	3	rebucket
TIMER	2.601e+03	2.628e+03	2.652e+03	3	SA-to-ISA
TIMER	1.016e+04	1.016e+04	1.016e+04	3	sac-iteration
Starting Bucket chasing algorithm
unresolved = 252565180, unfinished = 51313051
TIMER	6.691e+01	6.691e+01	6.694e+01	3	get active elements
TIMER	7.009e-02	1.161e+00	2.873e+00	4	bulk_query: get recv_counts
TIMER	5.970e+01	6.511e+01	6.738e+01	4	bulk_query: all2all queries
Avg queries: 1.315e+06, max queries on proc 102: 7318853
Inbalance factor: 5.564e+00x
TIMER	1.733e+01	2.948e+01	1.038e+02	4	bulk_query: local query
TIMER	5.193e+01	5.303e+01	5.416e+01	4	bulk_query: all2all query results
TIMER	7.591e+02	7.757e+02	8.062e+02	5	resolve_next_lcp: bulk_rmq
TIMER	6.639e+00	1.095e+01	1.604e+01	5	resolve_next_lcp: set LCP
TIMER	8.230e+02	8.230e+02	8.230e+02	5	LCP update
unresolved = 83264472, unfinished = 25014138
TIMER	1.893e+03	1.894e+03	1.894e+03	3	bucket-chaising iteration
TIMER	6.023e-02	7.653e-02	1.044e-01	4	bulk_query: get recv_counts
TIMER	3.871e+01	3.981e+01	4.135e+01	4	bulk_query: all2all queries
Avg queries: 4.337e+05, max queries on proc 102: 5585353
Inbalance factor: 1.288e+01x
TIMER	1.759e+00	6.193e+00	6.724e+01	4	bulk_query: local query
TIMER	2.994e+01	3.120e+01	3.203e+01	4	bulk_query: all2all query results
TIMER	3.251e+02	3.269e+02	3.301e+02	5	resolve_next_lcp: bulk_rmq
TIMER	2.881e+00	3.620e+00	4.271e+00	5	resolve_next_lcp: set LCP
TIMER	3.348e+02	3.348e+02	3.348e+02	5	LCP update
unresolved = 39125110, unfinished = 14728266
TIMER	7.821e+02	7.826e+02	7.874e+02	3	bucket-chaising iteration
TIMER	6.692e-02	8.402e-02	1.228e-01	4	bulk_query: get recv_counts
TIMER	2.288e+01	2.431e+01	2.584e+01	4	bulk_query: all2all queries
Avg queries: 2.038e+05, max queries on proc 102: 4113032
Inbalance factor: 2.018e+01x
TIMER	2.664e-01	2.077e+00	4.369e+01	4	bulk_query: local query
TIMER	1.518e+01	1.649e+01	1.724e+01	4	bulk_query: all2all query results
TIMER	2.436e+02	2.444e+02	2.453e+02	5	resolve_next_lcp: bulk_rmq
TIMER	1.341e+00	1.616e+00	1.857e+00	5	resolve_next_lcp: set LCP
TIMER	2.473e+02	2.473e+02	2.473e+02	5	LCP update
unresolved = 21253898, unfinished = 9155159
TIMER	5.182e+02	5.182e+02	5.199e+02	3	bucket-chaising iteration
TIMER	7.079e-02	8.675e-02	1.243e-01	4	bulk_query: get recv_counts
TIMER	1.376e+01	1.426e+01	1.555e+01	4	bulk_query: all2all queries
Avg queries: 1.107e+05, max queries on proc 191: 3062473
Inbalance factor: 2.767e+01x
TIMER	7.035e-02	9.507e-01	2.714e+01	4	bulk_query: local query
TIMER	9.283e+00	9.900e+00	1.063e+01	4	bulk_query: all2all query results
TIMER	2.225e+02	2.226e+02	2.228e+02	5	resolve_next_lcp: bulk_rmq
TIMER	6.277e-01	7.545e-01	9.867e-01	5	resolve_next_lcp: set LCP
TIMER	2.269e+02	2.269e+02	2.269e+02	5	LCP update
unresolved = 12458753, unfinished = 5704526
TIMER	3.962e+02	3.962e+02	3.973e+02	3	bucket-chaising iteration
TIMER	6.161e-02	7.630e-02	1.195e-01	4	bulk_query: get recv_counts
TIMER	1.150e+01	1.312e+01	1.419e+01	4	bulk_query: all2all queries
Avg queries: 6.489e+04, max queries on proc 191: 2232622
Inbalance factor: 3.441e+01x
TIMER	6.801e-02	5.185e-01	1.700e+01	4	bulk_query: local query
TIMER	6.323e+00	6.641e+00	7.002e+00	4	bulk_query: all2all query results
TIMER	2.111e+02	2.113e+02	2.114e+02	5	resolve_next_lcp: bulk_rmq
TIMER	2.981e-01	3.863e-01	4.652e-01	5	resolve_next_lcp: set LCP
TIMER	2.121e+02	2.121e+02	2.121e+02	5	LCP update
unresolved = 7057961, unfinished = 3349572
TIMER	3.240e+02	3.240e+02	3.240e+02	3	bucket-chaising iteration
TIMER	6.255e-02	8.318e-02	1.152e-01	4	bulk_query: get recv_counts
TIMER	2.220e+00	5.453e+00	7.150e+00	4	bulk_query: all2all queries
Avg queries: 3.676e+04, max queries on proc 191: 1516559
Inbalance factor: 4.126e+01x
TIMER	5.471e-02	2.781e-01	1.104e+01	4	bulk_query: local query
TIMER	2.438e+00	2.646e+00	2.974e+00	4	bulk_query: all2all query results
TIMER	2.033e+02	2.033e+02	2.035e+02	5	resolve_next_lcp: bulk_rmq
TIMER	1.528e-01	2.034e-01	2.506e-01	5	resolve_next_lcp: set LCP
TIMER	2.039e+02	2.039e+02	2.039e+02	5	LCP update
unresolved = 3830919, unfinished = 1858430
TIMER	2.713e+02	2.713e+02	2.713e+02	3	bucket-chaising iteration
TIMER	6.328e-02	8.416e-02	1.080e-01	4	bulk_query: get recv_counts
TIMER	1.608e+00	2.450e+00	3.582e+00	4	bulk_query: all2all queries
Avg queries: 1.995e+04, max queries on proc 191: 932599
Inbalance factor: 4.674e+01x
TIMER	5.530e-02	1.607e-01	6.002e+00	4	bulk_query: local query
TIMER	1.277e+00	1.416e+00	1.666e+00	4	bulk_query: all2all query results
TIMER	2.012e+02	2.013e+02	2.013e+02	5	resolve_next_lcp: bulk_rmq
TIMER	7.689e-02	1.125e-01	1.528e-01	5	resolve_next_lcp: set LCP
TIMER	2.017e+02	2.017e+02	2.017e+02	5	LCP update
unresolved = 1897267, unfinished = 927479
TIMER	2.390e+02	2.390e+02	2.390e+02	3	bucket-chaising iteration
TIMER	5.716e-02	7.762e-02	1.088e-01	4	bulk_query: get recv_counts
TIMER	6.743e-01	1.120e+00	1.701e+00	4	bulk_query: all2all queries
Avg queries: 9.882e+03, max queries on proc 191: 444407
Inbalance factor: 4.497e+01x
TIMER	5.585e-02	1.043e-01	2.408e+00	4	bulk_query: local query
TIMER	5.993e-01	7.536e-01	9.810e-01	4	bulk_query: all2all query results
TIMER	2.030e+02	2.030e+02	2.031e+02	5	resolve_next_lcp: bulk_rmq
TIMER	3.714e-02	5.413e-02	8.668e-02	5	resolve_next_lcp: set LCP
TIMER	2.033e+02	2.033e+02	2.033e+02	5	LCP update
unresolved = 887691, unfinished = 430529
TIMER	2.203e+02	2.203e+02	2.203e+02	3	bucket-chaising iteration
TIMER	5.470e-02	6.981e-02	1.016e-01	4	bulk_query: get recv_counts
TIMER	3.413e-01	4.894e-01	7.365e-01	4	bulk_query: all2all queries
Avg queries: 4.623e+03, max queries on proc 191: 206909
Inbalance factor: 4.475e+01x
TIMER	5.260e-02	7.249e-02	9.106e-01	4	bulk_query: local query
TIMER	3.183e-01	3.647e-01	4.300e-01	4	bulk_query: all2all query results
TIMER	2.018e+02	2.018e+02	2.019e+02	5	resolve_next_lcp: bulk_rmq
TIMER	1.786e-02	2.714e-02	3.893e-02	5	resolve_next_lcp: set LCP
TIMER	2.021e+02	2.025e+02	2.026e+02	5	LCP update
unresolved = 397767, unfinished = 190943
TIMER	2.115e+02	2.115e+02	2.115e+02	3	bucket-chaising iteration
TIMER	4.603e-02	7.186e-02	9.665e-02	4	bulk_query: get recv_counts
TIMER	1.782e-01	2.866e-01	4.667e-01	4	bulk_query: all2all queries
Avg queries: 2.072e+03, max queries on proc 191: 113284
Inbalance factor: 5.468e+01x
TIMER	5.494e-02	6.593e-02	4.887e-01	4	bulk_query: local query
TIMER	1.818e-01	2.477e-01	2.895e-01	4	bulk_query: all2all query results
TIMER	2.032e+02	2.032e+02	2.033e+02	5	resolve_next_lcp: bulk_rmq
TIMER	1.188e-02	1.676e-02	2.820e-02	5	resolve_next_lcp: set LCP
TIMER	2.034e+02	2.034e+02	2.034e+02	5	LCP update
unresolved = 91070, unfinished = 45535
TIMER	2.102e+02	2.102e+02	2.103e+02	3	bucket-chaising iteration
TIMER	4.928e-02	6.498e-02	8.905e-02	4	bulk_query: get recv_counts
TIMER	1.081e-01	1.722e-01	3.031e-01	4	bulk_query: all2all queries
Avg queries: 4.743e+02, max queries on proc 6: 49248
Inbalance factor: 1.038e+02x
TIMER	5.466e-02	5.910e-02	2.274e-01	4	bulk_query: local query
TIMER	7.627e-02	1.064e-01	1.493e-01	4	bulk_query: all2all query results
TIMER	2.033e+02	2.033e+02	2.033e+02	5	resolve_next_lcp: bulk_rmq
TIMER	2.614e-03	5.497e-03	9.831e-03	5	resolve_next_lcp: set LCP
TIMER	2.035e+02	2.035e+02	2.035e+02	5	LCP update
unresolved = 0, unfinished = 0
TIMER	2.086e+02	2.086e+02	2.087e+02	3	bucket-chaising iteration
TIMER	5.359e+03	5.359e+03	5.359e+03	2	construct-msgs
TIMER	5.930e+01	6.249e+01	6.588e+01	2	fix-isa
PSAC time: 1.577e+04 ms
