== Node distribution == 
== p=768 processes on 16 nodes ==
--  Node: 'c476-134.stampede2.tacc.utexas.edu' (48/768)
        Ranks: 0, 1, 2, 3, 4, 5, 6, 7, 8, 9, 10, 11, 12, 13, 14, 15, 16, 17, 18, 19, 20, 21, 22, 23, 24, 25, 26, 27, 28, 29, 30, 31, 32, 33, 34, 35, 36, 37, 38, 39, 40, 41, 42, 43, 44, 45, 46, 47
--  Node: 'c477-003.stampede2.tacc.utexas.edu' (48/768)
        Ranks: 48, 49, 50, 51, 52, 53, 54, 55, 56, 57, 58, 59, 60, 61, 62, 63, 64, 65, 66, 67, 68, 69, 70, 71, 72, 73, 74, 75, 76, 77, 78, 79, 80, 81, 82, 83, 84, 85, 86, 87, 88, 89, 90, 91, 92, 93, 94, 95
--  Node: 'c477-004.stampede2.tacc.utexas.edu' (48/768)
        Ranks: 96, 97, 98, 99, 100, 101, 102, 103, 104, 105, 106, 107, 108, 109, 110, 111, 112, 113, 114, 115, 116, 117, 118, 119, 120, 121, 122, 123, 124, 125, 126, 127, 128, 129, 130, 131, 132, 133, 134, 135, 136, 137, 138, 139, 140, 141, 142, 143
--  Node: 'c477-012.stampede2.tacc.utexas.edu' (48/768)
        Ranks: 144, 145, 146, 147, 148, 149, 150, 151, 152, 153, 154, 155, 156, 157, 158, 159, 160, 161, 162, 163, 164, 165, 166, 167, 168, 169, 170, 171, 172, 173, 174, 175, 176, 177, 178, 179, 180, 181, 182, 183, 184, 185, 186, 187, 188, 189, 190, 191
--  Node: 'c477-013.stampede2.tacc.utexas.edu' (48/768)
        Ranks: 192, 193, 194, 195, 196, 197, 198, 199, 200, 201, 202, 203, 204, 205, 206, 207, 208, 209, 210, 211, 212, 213, 214, 215, 216, 217, 218, 219, 220, 221, 222, 223, 224, 225, 226, 227, 228, 229, 230, 231, 232, 233, 234, 235, 236, 237, 238, 239
--  Node: 'c477-014.stampede2.tacc.utexas.edu' (48/768)
        Ranks: 240, 241, 242, 243, 244, 245, 246, 247, 248, 249, 250, 251, 252, 253, 254, 255, 256, 257, 258, 259, 260, 261, 262, 263, 264, 265, 266, 267, 268, 269, 270, 271, 272, 273, 274, 275, 276, 277, 278, 279, 280, 281, 282, 283, 284, 285, 286, 287
--  Node: 'c477-041.stampede2.tacc.utexas.edu' (48/768)
        Ranks: 288, 289, 290, 291, 292, 293, 294, 295, 296, 297, 298, 299, 300, 301, 302, 303, 304, 305, 306, 307, 308, 309, 310, 311, 312, 313, 314, 315, 316, 317, 318, 319, 320, 321, 322, 323, 324, 325, 326, 327, 328, 329, 330, 331, 332, 333, 334, 335
--  Node: 'c477-051.stampede2.tacc.utexas.edu' (48/768)
        Ranks: 336, 337, 338, 339, 340, 341, 342, 343, 344, 345, 346, 347, 348, 349, 350, 351, 352, 353, 354, 355, 356, 357, 358, 359, 360, 361, 362, 363, 364, 365, 366, 367, 368, 369, 370, 371, 372, 373, 374, 375, 376, 377, 378, 379, 380, 381, 382, 383
--  Node: 'c477-111.stampede2.tacc.utexas.edu' (48/768)
        Ranks: 384, 385, 386, 387, 388, 389, 390, 391, 392, 393, 394, 395, 396, 397, 398, 399, 400, 401, 402, 403, 404, 405, 406, 407, 408, 409, 410, 411, 412, 413, 414, 415, 416, 417, 418, 419, 420, 421, 422, 423, 424, 425, 426, 427, 428, 429, 430, 431
--  Node: 'c477-112.stampede2.tacc.utexas.edu' (48/768)
        Ranks: 432, 433, 434, 435, 436, 437, 438, 439, 440, 441, 442, 443, 444, 445, 446, 447, 448, 449, 450, 451, 452, 453, 454, 455, 456, 457, 458, 459, 460, 461, 462, 463, 464, 465, 466, 467, 468, 469, 470, 471, 472, 473, 474, 475, 476, 477, 478, 479
--  Node: 'c477-114.stampede2.tacc.utexas.edu' (48/768)
        Ranks: 480, 481, 482, 483, 484, 485, 486, 487, 488, 489, 490, 491, 492, 493, 494, 495, 496, 497, 498, 499, 500, 501, 502, 503, 504, 505, 506, 507, 508, 509, 510, 511, 512, 513, 514, 515, 516, 517, 518, 519, 520, 521, 522, 523, 524, 525, 526, 527
--  Node: 'c477-122.stampede2.tacc.utexas.edu' (48/768)
        Ranks: 528, 529, 530, 531, 532, 533, 534, 535, 536, 537, 538, 539, 540, 541, 542, 543, 544, 545, 546, 547, 548, 549, 550, 551, 552, 553, 554, 555, 556, 557, 558, 559, 560, 561, 562, 563, 564, 565, 566, 567, 568, 569, 570, 571, 572, 573, 574, 575
--  Node: 'c492-101.stampede2.tacc.utexas.edu' (48/768)
        Ranks: 576, 577, 578, 579, 580, 581, 582, 583, 584, 585, 586, 587, 588, 589, 590, 591, 592, 593, 594, 595, 596, 597, 598, 599, 600, 601, 602, 603, 604, 605, 606, 607, 608, 609, 610, 611, 612, 613, 614, 615, 616, 617, 618, 619, 620, 621, 622, 623
--  Node: 'c493-084.stampede2.tacc.utexas.edu' (48/768)
        Ranks: 624, 625, 626, 627, 628, 629, 630, 631, 632, 633, 634, 635, 636, 637, 638, 639, 640, 641, 642, 643, 644, 645, 646, 647, 648, 649, 650, 651, 652, 653, 654, 655, 656, 657, 658, 659, 660, 661, 662, 663, 664, 665, 666, 667, 668, 669, 670, 671
--  Node: 'c494-071.stampede2.tacc.utexas.edu' (48/768)
        Ranks: 672, 673, 674, 675, 676, 677, 678, 679, 680, 681, 682, 683, 684, 685, 686, 687, 688, 689, 690, 691, 692, 693, 694, 695, 696, 697, 698, 699, 700, 701, 702, 703, 704, 705, 706, 707, 708, 709, 710, 711, 712, 713, 714, 715, 716, 717, 718, 719
--  Node: 'c495-022.stampede2.tacc.utexas.edu' (48/768)
        Ranks: 720, 721, 722, 723, 724, 725, 726, 727, 728, 729, 730, 731, 732, 733, 734, 735, 736, 737, 738, 739, 740, 741, 742, 743, 744, 745, 746, 747, 748, 749, 750, 751, 752, 753, 754, 755, 756, 757, 758, 759, 760, 761, 762, 763, 764, 765, 766, 767
Alphabet: {sigma=4, l=3, A=[A, C, G, T]}
TIMER	4.025e+00	4.050e+00	4.080e+00	1	get alphabet
TIMER	3.643e+01	3.837e+01	4.160e+01	2	kmer-gen
TIMER	4.002e+01	4.357e+01	5.120e+01	3	shift-buckets
TIMER	2.043e+03	2.052e+03	2.068e+03	3	ISA-to-SA
TIMER	4.913e+01	5.100e+01	5.448e+01	3	init-lcp
iteration 21: unfinished buckets = 51313051, unfinished elements = 252565122
TIMER	3.797e+01	3.868e+01	3.980e+01	3	rebucket
TIMER	8.345e+02	8.464e+02	8.570e+02	3	SA-to-ISA
TIMER	3.072e+03	3.072e+03	3.072e+03	3	sac-iteration
Starting Bucket chasing algorithm
unresolved = 252565180, unfinished = 51313051
TIMER	1.667e+01	1.668e+01	1.669e+01	3	get active elements
TIMER	1.659e-01	1.887e-01	2.145e-01	4	bulk_query: get recv_counts
TIMER	3.430e+01	3.551e+01	3.616e+01	4	bulk_query: all2all queries
Avg queries: 3.289e+05, max queries on proc 411: 2919817
Inbalance factor: 8.879e+00x
TIMER	2.558e+00	5.335e+00	3.553e+01	4	bulk_query: local query
TIMER	4.059e+01	4.273e+01	4.383e+01	4	bulk_query: all2all query results
TIMER	3.188e+02	3.250e+02	3.501e+02	5	resolve_next_lcp: bulk_rmq
TIMER	1.409e+00	2.595e+00	5.346e+00	5	resolve_next_lcp: set LCP
TIMER	3.557e+02	3.557e+02	3.557e+02	5	LCP update
unresolved = 83264472, unfinished = 25014138
TIMER	8.371e+02	8.371e+02	8.371e+02	3	bucket-chaising iteration
TIMER	1.737e-01	1.960e-01	2.197e-01	4	bulk_query: get recv_counts
TIMER	1.443e+01	1.502e+01	1.562e+01	4	bulk_query: all2all queries
Avg queries: 1.084e+05, max queries on proc 411: 2375599
Inbalance factor: 2.191e+01x
TIMER	2.466e-01	1.088e+00	2.505e+01	4	bulk_query: local query
TIMER	1.452e+01	1.558e+01	1.608e+01	4	bulk_query: all2all query results
TIMER	9.276e+01	9.382e+01	9.531e+01	5	resolve_next_lcp: bulk_rmq
TIMER	3.525e-01	8.046e-01	1.141e+00	5	resolve_next_lcp: set LCP
TIMER	9.665e+01	9.665e+01	9.671e+01	5	LCP update
unresolved = 39125110, unfinished = 14728266
TIMER	2.686e+02	2.687e+02	2.687e+02	3	bucket-chaising iteration
TIMER	1.581e-01	1.805e-01	2.034e-01	4	bulk_query: get recv_counts
TIMER	1.074e+01	1.104e+01	1.152e+01	4	bulk_query: all2all queries
Avg queries: 5.094e+04, max queries on proc 411: 1762394
Inbalance factor: 3.459e+01x
TIMER	9.223e-02	4.610e-01	1.659e+01	4	bulk_query: local query
TIMER	7.354e+00	8.008e+00	8.700e+00	4	bulk_query: all2all query results
TIMER	6.612e+01	6.635e+01	6.688e+01	5	resolve_next_lcp: bulk_rmq
TIMER	1.637e-01	2.757e-01	3.739e-01	5	resolve_next_lcp: set LCP
TIMER	6.744e+01	6.746e+01	6.746e+01	5	LCP update
unresolved = 21253898, unfinished = 9155159
TIMER	1.660e+02	1.660e+02	1.660e+02	3	bucket-chaising iteration
TIMER	1.469e-01	1.792e-01	1.980e-01	4	bulk_query: get recv_counts
TIMER	2.602e+00	6.247e+00	6.663e+00	4	bulk_query: all2all queries
Avg queries: 2.767e+04, max queries on proc 765: 1404879
Inbalance factor: 5.076e+01x
TIMER	7.100e-02	2.504e-01	1.093e+01	4	bulk_query: local query
TIMER	4.144e+00	4.482e+00	4.841e+00	4	bulk_query: all2all query results
TIMER	5.744e+01	5.750e+01	5.758e+01	5	resolve_next_lcp: bulk_rmq
TIMER	8.607e-02	1.271e-01	1.669e-01	5	resolve_next_lcp: set LCP
TIMER	5.792e+01	5.793e+01	5.793e+01	5	LCP update
unresolved = 12458753, unfinished = 5704526
TIMER	1.176e+02	1.176e+02	1.176e+02	3	bucket-chaising iteration
TIMER	1.496e-01	1.746e-01	1.945e-01	4	bulk_query: get recv_counts
TIMER	1.718e+00	3.828e+00	4.993e+00	4	bulk_query: all2all queries
Avg queries: 1.622e+04, max queries on proc 765: 1091160
Inbalance factor: 6.726e+01x
TIMER	1.262e-01	2.265e-01	7.997e+00	4	bulk_query: local query
TIMER	4.400e+00	4.626e+00	4.866e+00	4	bulk_query: all2all query results
TIMER	5.869e+01	5.879e+01	5.890e+01	5	resolve_next_lcp: bulk_rmq
TIMER	4.884e-02	7.537e-02	1.079e-01	5	resolve_next_lcp: set LCP
TIMER	5.920e+01	5.921e+01	5.929e+01	5	LCP update
unresolved = 7057961, unfinished = 3349572
TIMER	2.613e+02	2.613e+02	2.613e+02	3	bucket-chaising iteration
TIMER	1.504e-01	1.786e-01	2.022e-01	4	bulk_query: get recv_counts
TIMER	1.242e+00	2.202e+00	3.533e+00	4	bulk_query: all2all queries
Avg queries: 9.190e+03, max queries on proc 765: 726439
Inbalance factor: 7.905e+01x
TIMER	5.522e-02	1.024e-01	4.685e+00	4	bulk_query: local query
TIMER	1.736e+00	1.878e+00	2.051e+00	4	bulk_query: all2all query results
TIMER	5.324e+01	5.339e+01	5.345e+01	5	resolve_next_lcp: bulk_rmq
TIMER	2.469e-02	4.344e-02	6.420e-02	5	resolve_next_lcp: set LCP
TIMER	5.368e+01	5.368e+01	5.369e+01	5	LCP update
unresolved = 3830919, unfinished = 1858430
TIMER	8.138e+01	8.139e+01	8.141e+01	3	bucket-chaising iteration
TIMER	1.582e-01	1.773e-01	1.951e-01	4	bulk_query: get recv_counts
TIMER	8.348e-01	1.293e+00	2.100e+00	4	bulk_query: all2all queries
Avg queries: 4.988e+03, max queries on proc 765: 376813
Inbalance factor: 7.554e+01x
TIMER	6.112e-02	9.150e-02	2.117e+00	4	bulk_query: local query
TIMER	9.818e-01	1.124e+00	1.264e+00	4	bulk_query: all2all query results
TIMER	5.372e+01	5.377e+01	5.382e+01	5	resolve_next_lcp: bulk_rmq
TIMER	1.514e-02	2.645e-02	4.142e-02	5	resolve_next_lcp: set LCP
TIMER	5.404e+01	5.407e+01	5.408e+01	5	LCP update
unresolved = 1897267, unfinished = 927479
TIMER	7.203e+01	7.203e+01	7.205e+01	3	bucket-chaising iteration
TIMER	1.553e-01	1.788e-01	2.304e-01	4	bulk_query: get recv_counts
TIMER	5.973e-01	9.443e-01	1.511e+00	4	bulk_query: all2all queries
Avg queries: 2.470e+03, max queries on proc 767: 197599
Inbalance factor: 7.999e+01x
TIMER	7.201e-02	8.662e-02	9.265e-01	4	bulk_query: local query
TIMER	5.750e-01	6.513e-01	7.278e-01	4	bulk_query: all2all query results
TIMER	5.212e+01	5.214e+01	5.218e+01	5	resolve_next_lcp: bulk_rmq
TIMER	6.806e-03	1.437e-02	2.432e-02	5	resolve_next_lcp: set LCP
TIMER	5.237e+01	5.237e+01	5.237e+01	5	LCP update
unresolved = 887691, unfinished = 430529
TIMER	6.104e+01	6.105e+01	6.107e+01	3	bucket-chaising iteration
TIMER	1.413e-01	1.726e-01	1.891e-01	4	bulk_query: get recv_counts
TIMER	5.056e-01	8.086e-01	1.296e+00	4	bulk_query: all2all queries
Avg queries: 1.156e+03, max queries on proc 767: 150161
Inbalance factor: 1.299e+02x
TIMER	6.343e-02	7.190e-02	7.011e-01	4	bulk_query: local query
TIMER	4.430e-01	5.340e-01	6.100e-01	4	bulk_query: all2all query results
TIMER	5.089e+01	5.090e+01	5.092e+01	5	resolve_next_lcp: bulk_rmq
TIMER	4.620e-03	7.619e-03	1.831e-02	5	resolve_next_lcp: set LCP
TIMER	5.110e+01	5.110e+01	5.110e+01	5	LCP update
unresolved = 397767, unfinished = 190943
TIMER	5.808e+01	5.808e+01	5.810e+01	3	bucket-chaising iteration
TIMER	1.476e-01	1.698e-01	1.828e-01	4	bulk_query: get recv_counts
TIMER	2.560e-01	6.698e-01	1.127e+00	4	bulk_query: all2all queries
Avg queries: 5.179e+02, max queries on proc 411: 92531
Inbalance factor: 1.787e+02x
TIMER	6.497e-02	7.302e-02	3.961e-01	4	bulk_query: local query
TIMER	4.141e-01	5.625e-01	6.544e-01	4	bulk_query: all2all query results
TIMER	5.133e+01	5.135e+01	5.138e+01	5	resolve_next_lcp: bulk_rmq
TIMER	2.777e-03	4.701e-03	6.875e-03	5	resolve_next_lcp: set LCP
TIMER	5.154e+01	5.155e+01	5.155e+01	5	LCP update
unresolved = 91070, unfinished = 45535
TIMER	5.714e+01	5.714e+01	5.715e+01	3	bucket-chaising iteration
TIMER	1.528e-01	1.722e-01	1.951e-01	4	bulk_query: get recv_counts
TIMER	8.832e-02	5.931e-01	9.852e-01	4	bulk_query: all2all queries
Avg queries: 1.186e+02, max queries on proc 27: 49248
Inbalance factor: 4.153e+02x
TIMER	6.142e-02	6.437e-02	2.445e-01	4	bulk_query: local query
TIMER	2.401e-01	3.528e-01	4.486e-01	4	bulk_query: all2all query results
TIMER	5.194e+01	5.195e+01	5.198e+01	5	resolve_next_lcp: bulk_rmq
TIMER	9.110e-04	1.850e-03	3.813e-03	5	resolve_next_lcp: set LCP
TIMER	5.215e+01	5.215e+01	5.215e+01	5	LCP update
unresolved = 0, unfinished = 0
TIMER	5.658e+01	5.658e+01	5.660e+01	3	bucket-chaising iteration
TIMER	2.055e+03	2.055e+03	2.055e+03	2	construct-msgs
TIMER	1.344e+01	1.499e+01	1.636e+01	2	fix-isa
PSAC time: 5.208e+03 ms
