== Node distribution == 
== p=192 processes on 4 nodes ==
--  Node: 'c506-121.stampede2.tacc.utexas.edu' (48/192)
        Ranks: 0, 1, 2, 3, 4, 5, 6, 7, 8, 9, 10, 11, 12, 13, 14, 15, 16, 17, 18, 19, 20, 21, 22, 23, 24, 25, 26, 27, 28, 29, 30, 31, 32, 33, 34, 35, 36, 37, 38, 39, 40, 41, 42, 43, 44, 45, 46, 47
--  Node: 'c506-122.stampede2.tacc.utexas.edu' (48/192)
        Ranks: 48, 49, 50, 51, 52, 53, 54, 55, 56, 57, 58, 59, 60, 61, 62, 63, 64, 65, 66, 67, 68, 69, 70, 71, 72, 73, 74, 75, 76, 77, 78, 79, 80, 81, 82, 83, 84, 85, 86, 87, 88, 89, 90, 91, 92, 93, 94, 95
--  Node: 'c506-123.stampede2.tacc.utexas.edu' (48/192)
        Ranks: 96, 97, 98, 99, 100, 101, 102, 103, 104, 105, 106, 107, 108, 109, 110, 111, 112, 113, 114, 115, 116, 117, 118, 119, 120, 121, 122, 123, 124, 125, 126, 127, 128, 129, 130, 131, 132, 133, 134, 135, 136, 137, 138, 139, 140, 141, 142, 143
--  Node: 'c506-124.stampede2.tacc.utexas.edu' (48/192)
        Ranks: 144, 145, 146, 147, 148, 149, 150, 151, 152, 153, 154, 155, 156, 157, 158, 159, 160, 161, 162, 163, 164, 165, 166, 167, 168, 169, 170, 171, 172, 173, 174, 175, 176, 177, 178, 179, 180, 181, 182, 183, 184, 185, 186, 187, 188, 189, 190, 191
Alphabet: {sigma=4, l=3, A=[A, C, G, T]}
TIMER	1.348e+01	1.348e+01	1.353e+01	1	get alphabet
TIMER	1.510e+02	1.539e+02	1.582e+02	2	kmer-gen
TIMER	1.722e+02	1.754e+02	1.775e+02	3	shift-buckets
TIMER	6.865e+03	6.883e+03	6.903e+03	3	ISA-to-SA
TIMER	2.001e+02	2.051e+02	2.094e+02	3	init-lcp
iteration 21: unfinished buckets = 51313051, unfinished elements = 252565165
TIMER	1.457e+02	1.475e+02	1.494e+02	3	rebucket
TIMER	2.525e+03	2.556e+03	2.578e+03	3	SA-to-ISA
TIMER	1.002e+04	1.002e+04	1.002e+04	3	sac-iteration
Starting Bucket chasing algorithm
unresolved = 252565180, unfinished = 51313051
TIMER	6.526e+01	6.526e+01	6.529e+01	3	get active elements
TIMER	5.700e-02	2.188e+00	3.023e+00	4	bulk_query: get recv_counts
TIMER	6.065e+01	6.525e+01	6.713e+01	4	bulk_query: all2all queries
Avg queries: 1.315e+06, max queries on proc 102: 7318853
Inbalance factor: 5.564e+00x
TIMER	1.709e+01	2.937e+01	1.033e+02	4	bulk_query: local query
TIMER	5.184e+01	5.301e+01	5.397e+01	4	bulk_query: all2all query results
TIMER	7.592e+02	7.747e+02	8.065e+02	5	resolve_next_lcp: bulk_rmq
TIMER	6.628e+00	1.092e+01	1.610e+01	5	resolve_next_lcp: set LCP
TIMER	8.248e+02	8.248e+02	8.248e+02	5	LCP update
unresolved = 83264472, unfinished = 25014138
TIMER	1.896e+03	1.897e+03	1.898e+03	3	bucket-chaising iteration
TIMER	5.924e-02	6.907e-02	8.240e-02	4	bulk_query: get recv_counts
TIMER	4.083e+01	4.171e+01	4.324e+01	4	bulk_query: all2all queries
Avg queries: 4.337e+05, max queries on proc 102: 5585353
Inbalance factor: 1.288e+01x
TIMER	1.794e+00	6.179e+00	6.669e+01	4	bulk_query: local query
TIMER	2.760e+01	2.846e+01	2.921e+01	4	bulk_query: all2all query results
TIMER	3.241e+02	3.262e+02	3.293e+02	5	resolve_next_lcp: bulk_rmq
TIMER	2.844e+00	3.606e+00	4.308e+00	5	resolve_next_lcp: set LCP
TIMER	3.338e+02	3.338e+02	3.338e+02	5	LCP update
unresolved = 39125110, unfinished = 14728266
TIMER	7.801e+02	7.806e+02	7.842e+02	3	bucket-chaising iteration
TIMER	6.583e-02	8.091e-02	1.094e-01	4	bulk_query: get recv_counts
TIMER	2.170e+01	2.384e+01	2.457e+01	4	bulk_query: all2all queries
Avg queries: 2.038e+05, max queries on proc 102: 4113032
Inbalance factor: 2.018e+01x
TIMER	2.844e-01	2.072e+00	4.362e+01	4	bulk_query: local query
TIMER	1.579e+01	1.682e+01	1.843e+01	4	bulk_query: all2all query results
TIMER	2.425e+02	2.430e+02	2.438e+02	5	resolve_next_lcp: bulk_rmq
TIMER	1.305e+00	1.614e+00	1.860e+00	5	resolve_next_lcp: set LCP
TIMER	2.458e+02	2.458e+02	2.458e+02	5	LCP update
unresolved = 21253898, unfinished = 9155159
TIMER	5.131e+02	5.132e+02	5.144e+02	3	bucket-chaising iteration
TIMER	6.854e-02	8.455e-02	1.112e-01	4	bulk_query: get recv_counts
TIMER	1.426e+01	1.530e+01	1.675e+01	4	bulk_query: all2all queries
Avg queries: 1.107e+05, max queries on proc 191: 3062473
Inbalance factor: 2.767e+01x
TIMER	6.396e-02	9.592e-01	3.085e+01	4	bulk_query: local query
TIMER	8.891e+00	9.419e+00	1.013e+01	4	bulk_query: all2all query results
TIMER	2.148e+02	2.150e+02	2.153e+02	5	resolve_next_lcp: bulk_rmq
TIMER	6.042e-01	7.557e-01	8.782e-01	5	resolve_next_lcp: set LCP
TIMER	2.163e+02	2.163e+02	2.163e+02	5	LCP update
unresolved = 12458753, unfinished = 5704526
TIMER	3.917e+02	3.917e+02	3.917e+02	3	bucket-chaising iteration
TIMER	6.460e-02	7.670e-02	1.191e-01	4	bulk_query: get recv_counts
TIMER	8.060e+00	9.463e+00	1.052e+01	4	bulk_query: all2all queries
Avg queries: 6.489e+04, max queries on proc 191: 2232622
Inbalance factor: 3.441e+01x
TIMER	4.986e-02	5.048e-01	1.842e+01	4	bulk_query: local query
TIMER	5.043e+00	5.390e+00	5.807e+00	4	bulk_query: all2all query results
TIMER	2.055e+02	2.056e+02	2.058e+02	5	resolve_next_lcp: bulk_rmq
TIMER	3.007e-01	3.883e-01	4.672e-01	5	resolve_next_lcp: set LCP
TIMER	2.064e+02	2.064e+02	2.064e+02	5	LCP update
unresolved = 7057961, unfinished = 3349572
TIMER	3.179e+02	3.179e+02	3.179e+02	3	bucket-chaising iteration
TIMER	6.854e-02	8.810e-02	1.276e-01	4	bulk_query: get recv_counts
TIMER	2.437e+00	5.638e+00	7.426e+00	4	bulk_query: all2all queries
Avg queries: 3.676e+04, max queries on proc 191: 1516559
Inbalance factor: 4.126e+01x
TIMER	4.168e-02	2.659e-01	1.140e+01	4	bulk_query: local query
TIMER	2.321e+00	2.627e+00	2.961e+00	4	bulk_query: all2all query results
TIMER	2.023e+02	2.023e+02	2.025e+02	5	resolve_next_lcp: bulk_rmq
TIMER	1.485e-01	2.035e-01	2.617e-01	5	resolve_next_lcp: set LCP
TIMER	2.028e+02	2.028e+02	2.029e+02	5	LCP update
unresolved = 3830919, unfinished = 1858430
TIMER	2.671e+02	2.671e+02	2.671e+02	3	bucket-chaising iteration
TIMER	5.634e-02	7.442e-02	1.081e-01	4	bulk_query: get recv_counts
TIMER	1.460e+00	2.270e+00	3.298e+00	4	bulk_query: all2all queries
Avg queries: 1.995e+04, max queries on proc 191: 932599
Inbalance factor: 4.674e+01x
TIMER	4.308e-02	1.487e-01	6.112e+00	4	bulk_query: local query
TIMER	1.251e+00	1.387e+00	1.628e+00	4	bulk_query: all2all query results
TIMER	2.010e+02	2.011e+02	2.011e+02	5	resolve_next_lcp: bulk_rmq
TIMER	7.385e-02	1.101e-01	1.487e-01	5	resolve_next_lcp: set LCP
TIMER	2.014e+02	2.014e+02	2.014e+02	5	LCP update
unresolved = 1897267, unfinished = 927479
TIMER	2.392e+02	2.392e+02	2.392e+02	3	bucket-chaising iteration
TIMER	5.597e-02	7.982e-02	1.043e-01	4	bulk_query: get recv_counts
TIMER	6.380e-01	1.073e+00	1.623e+00	4	bulk_query: all2all queries
Avg queries: 9.882e+03, max queries on proc 191: 444407
Inbalance factor: 4.497e+01x
TIMER	4.386e-02	8.886e-02	2.429e+00	4	bulk_query: local query
TIMER	5.795e-01	7.382e-01	9.567e-01	4	bulk_query: all2all query results
TIMER	1.997e+02	1.998e+02	1.998e+02	5	resolve_next_lcp: bulk_rmq
TIMER	3.630e-02	5.350e-02	8.498e-02	5	resolve_next_lcp: set LCP
TIMER	2.000e+02	2.000e+02	2.000e+02	5	LCP update
unresolved = 887691, unfinished = 430529
TIMER	2.153e+02	2.153e+02	2.153e+02	3	bucket-chaising iteration
TIMER	4.474e-02	5.880e-02	7.748e-02	4	bulk_query: get recv_counts
TIMER	3.221e-01	4.669e-01	7.168e-01	4	bulk_query: all2all queries
Avg queries: 4.623e+03, max queries on proc 191: 206909
Inbalance factor: 4.475e+01x
TIMER	3.845e-02	5.815e-02	9.285e-01	4	bulk_query: local query
TIMER	3.127e-01	3.632e-01	4.290e-01	4	bulk_query: all2all query results
TIMER	1.992e+02	1.992e+02	1.992e+02	5	resolve_next_lcp: bulk_rmq
TIMER	1.808e-02	2.668e-02	3.905e-02	5	resolve_next_lcp: set LCP
TIMER	1.994e+02	1.994e+02	1.994e+02	5	LCP update
unresolved = 397767, unfinished = 190943
TIMER	2.064e+02	2.064e+02	2.064e+02	3	bucket-chaising iteration
TIMER	4.459e-02	7.065e-02	9.528e-02	4	bulk_query: get recv_counts
TIMER	1.930e-01	2.935e-01	4.661e-01	4	bulk_query: all2all queries
Avg queries: 2.072e+03, max queries on proc 191: 113284
Inbalance factor: 5.468e+01x
TIMER	3.733e-02	4.677e-02	4.374e-01	4	bulk_query: local query
TIMER	1.565e-01	2.242e-01	2.633e-01	4	bulk_query: all2all query results
TIMER	1.995e+02	1.995e+02	1.996e+02	5	resolve_next_lcp: bulk_rmq
TIMER	1.123e-02	1.647e-02	2.057e-02	5	resolve_next_lcp: set LCP
TIMER	1.997e+02	1.997e+02	1.997e+02	5	LCP update
unresolved = 91070, unfinished = 45535
TIMER	2.037e+02	2.037e+02	2.037e+02	3	bucket-chaising iteration
TIMER	4.565e-02	5.609e-02	9.632e-02	4	bulk_query: get recv_counts
TIMER	1.048e-01	1.679e-01	2.879e-01	4	bulk_query: all2all queries
Avg queries: 4.743e+02, max queries on proc 6: 49248
Inbalance factor: 1.038e+02x
TIMER	3.539e-02	3.929e-02	2.254e-01	4	bulk_query: local query
TIMER	6.975e-02	1.119e-01	1.633e-01	4	bulk_query: all2all query results
TIMER	1.989e+02	1.989e+02	1.989e+02	5	resolve_next_lcp: bulk_rmq
TIMER	3.135e-03	5.474e-03	7.955e-03	5	resolve_next_lcp: set LCP
TIMER	1.990e+02	1.990e+02	1.990e+02	5	LCP update
unresolved = 0, unfinished = 0
TIMER	2.012e+02	2.012e+02	2.012e+02	3	bucket-chaising iteration
TIMER	5.311e+03	5.311e+03	5.311e+03	2	construct-msgs
TIMER	5.672e+01	6.181e+01	6.571e+01	2	fix-isa
PSAC time: 1.602e+04 ms
