== Node distribution == 
== p=384 processes on 8 nodes ==
--  Node: 'c476-134.stampede2.tacc.utexas.edu' (48/384)
        Ranks: 0, 1, 2, 3, 4, 5, 6, 7, 8, 9, 10, 11, 12, 13, 14, 15, 16, 17, 18, 19, 20, 21, 22, 23, 24, 25, 26, 27, 28, 29, 30, 31, 32, 33, 34, 35, 36, 37, 38, 39, 40, 41, 42, 43, 44, 45, 46, 47
--  Node: 'c477-003.stampede2.tacc.utexas.edu' (48/384)
        Ranks: 48, 49, 50, 51, 52, 53, 54, 55, 56, 57, 58, 59, 60, 61, 62, 63, 64, 65, 66, 67, 68, 69, 70, 71, 72, 73, 74, 75, 76, 77, 78, 79, 80, 81, 82, 83, 84, 85, 86, 87, 88, 89, 90, 91, 92, 93, 94, 95
--  Node: 'c477-004.stampede2.tacc.utexas.edu' (48/384)
        Ranks: 96, 97, 98, 99, 100, 101, 102, 103, 104, 105, 106, 107, 108, 109, 110, 111, 112, 113, 114, 115, 116, 117, 118, 119, 120, 121, 122, 123, 124, 125, 126, 127, 128, 129, 130, 131, 132, 133, 134, 135, 136, 137, 138, 139, 140, 141, 142, 143
--  Node: 'c477-012.stampede2.tacc.utexas.edu' (48/384)
        Ranks: 144, 145, 146, 147, 148, 149, 150, 151, 152, 153, 154, 155, 156, 157, 158, 159, 160, 161, 162, 163, 164, 165, 166, 167, 168, 169, 170, 171, 172, 173, 174, 175, 176, 177, 178, 179, 180, 181, 182, 183, 184, 185, 186, 187, 188, 189, 190, 191
--  Node: 'c477-013.stampede2.tacc.utexas.edu' (48/384)
        Ranks: 192, 193, 194, 195, 196, 197, 198, 199, 200, 201, 202, 203, 204, 205, 206, 207, 208, 209, 210, 211, 212, 213, 214, 215, 216, 217, 218, 219, 220, 221, 222, 223, 224, 225, 226, 227, 228, 229, 230, 231, 232, 233, 234, 235, 236, 237, 238, 239
--  Node: 'c477-014.stampede2.tacc.utexas.edu' (48/384)
        Ranks: 240, 241, 242, 243, 244, 245, 246, 247, 248, 249, 250, 251, 252, 253, 254, 255, 256, 257, 258, 259, 260, 261, 262, 263, 264, 265, 266, 267, 268, 269, 270, 271, 272, 273, 274, 275, 276, 277, 278, 279, 280, 281, 282, 283, 284, 285, 286, 287
--  Node: 'c477-041.stampede2.tacc.utexas.edu' (48/384)
        Ranks: 288, 289, 290, 291, 292, 293, 294, 295, 296, 297, 298, 299, 300, 301, 302, 303, 304, 305, 306, 307, 308, 309, 310, 311, 312, 313, 314, 315, 316, 317, 318, 319, 320, 321, 322, 323, 324, 325, 326, 327, 328, 329, 330, 331, 332, 333, 334, 335
--  Node: 'c477-051.stampede2.tacc.utexas.edu' (48/384)
        Ranks: 336, 337, 338, 339, 340, 341, 342, 343, 344, 345, 346, 347, 348, 349, 350, 351, 352, 353, 354, 355, 356, 357, 358, 359, 360, 361, 362, 363, 364, 365, 366, 367, 368, 369, 370, 371, 372, 373, 374, 375, 376, 377, 378, 379, 380, 381, 382, 383
Alphabet: {sigma=4, l=3, A=[A, C, G, T]}
TIMER	7.046e+00	7.054e+00	7.101e+00	1	get alphabet
TIMER	7.459e+01	7.760e+01	8.157e+01	2	kmer-gen
TIMER	8.315e+01	8.771e+01	9.876e+01	3	shift-buckets
TIMER	3.624e+03	3.644e+03	3.663e+03	3	ISA-to-SA
TIMER	1.002e+02	1.032e+02	1.084e+02	3	init-lcp
iteration 21: unfinished buckets = 51313051, unfinished elements = 252565151
TIMER	7.454e+01	7.569e+01	7.702e+01	3	rebucket
TIMER	1.326e+03	1.340e+03	1.366e+03	3	SA-to-ISA
TIMER	5.315e+03	5.315e+03	5.315e+03	3	sac-iteration
Starting Bucket chasing algorithm
unresolved = 252565180, unfinished = 51313051
TIMER	3.443e+01	3.595e+01	3.599e+01	3	get active elements
TIMER	8.565e-02	1.266e-01	1.547e-01	4	bulk_query: get recv_counts
TIMER	7.239e+01	7.695e+01	8.000e+01	4	bulk_query: all2all queries
Avg queries: 6.577e+05, max queries on proc 205: 5686338
Inbalance factor: 8.646e+00x
TIMER	6.272e+00	1.299e+01	7.269e+01	4	bulk_query: local query
TIMER	6.570e+01	6.919e+01	7.081e+01	4	bulk_query: all2all query results
TIMER	5.268e+02	5.376e+02	5.659e+02	5	resolve_next_lcp: bulk_rmq
TIMER	3.074e+00	5.385e+00	8.964e+00	5	resolve_next_lcp: set LCP
TIMER	5.750e+02	5.750e+02	5.750e+02	5	LCP update
unresolved = 83264472, unfinished = 25014138
TIMER	1.343e+03	1.344e+03	1.345e+03	3	bucket-chaising iteration
TIMER	9.739e-02	1.212e-01	1.533e-01	4	bulk_query: get recv_counts
TIMER	3.176e+01	3.257e+01	3.349e+01	4	bulk_query: all2all queries
Avg queries: 2.168e+05, max queries on proc 205: 4553617
Inbalance factor: 2.100e+01x
TIMER	5.855e-01	2.628e+00	5.121e+01	4	bulk_query: local query
TIMER	2.380e+01	2.498e+01	2.589e+01	4	bulk_query: all2all query results
TIMER	1.748e+02	1.761e+02	1.781e+02	5	resolve_next_lcp: bulk_rmq
TIMER	1.199e+00	1.780e+00	2.262e+00	5	resolve_next_lcp: set LCP
TIMER	1.806e+02	1.806e+02	1.806e+02	5	LCP update
unresolved = 39125110, unfinished = 14728266
TIMER	5.019e+02	5.020e+02	5.034e+02	3	bucket-chaising iteration
TIMER	8.971e-02	1.164e-01	1.477e-01	4	bulk_query: get recv_counts
TIMER	1.907e+01	1.983e+01	2.076e+01	4	bulk_query: all2all queries
Avg queries: 1.019e+05, max queries on proc 205: 3302336
Inbalance factor: 3.241e+01x
TIMER	1.338e-01	9.265e-01	3.278e+01	4	bulk_query: local query
TIMER	1.077e+01	1.135e+01	1.194e+01	4	bulk_query: all2all query results
TIMER	1.230e+02	1.233e+02	1.239e+02	5	resolve_next_lcp: bulk_rmq
TIMER	5.468e-01	7.058e-01	9.070e-01	5	resolve_next_lcp: set LCP
TIMER	1.250e+02	1.250e+02	1.250e+02	5	LCP update
unresolved = 21253898, unfinished = 9155159
TIMER	3.065e+02	3.065e+02	3.078e+02	3	bucket-chaising iteration
TIMER	9.138e-02	1.240e-01	1.467e-01	4	bulk_query: get recv_counts
TIMER	7.655e+00	8.181e+00	8.766e+00	4	bulk_query: all2all queries
Avg queries: 5.535e+04, max queries on proc 205: 2117007
Inbalance factor: 3.825e+01x
TIMER	7.219e-02	4.601e-01	1.628e+01	4	bulk_query: local query
TIMER	6.166e+00	6.382e+00	6.836e+00	4	bulk_query: all2all query results
TIMER	1.074e+02	1.075e+02	1.076e+02	5	resolve_next_lcp: bulk_rmq
TIMER	2.346e-01	2.994e-01	3.907e-01	5	resolve_next_lcp: set LCP
TIMER	1.082e+02	1.082e+02	1.082e+02	5	LCP update
unresolved = 12458753, unfinished = 5704526
TIMER	2.075e+02	2.075e+02	2.084e+02	3	bucket-chaising iteration
TIMER	9.125e-02	1.192e-01	1.352e-01	4	bulk_query: get recv_counts
TIMER	1.996e+00	4.548e+00	5.207e+00	4	bulk_query: all2all queries
Avg queries: 3.244e+04, max queries on proc 382: 1196893
Inbalance factor: 3.689e+01x
TIMER	6.042e-02	2.661e-01	9.142e+00	4	bulk_query: local query
TIMER	3.535e+00	3.719e+00	4.018e+00	4	bulk_query: all2all query results
TIMER	1.038e+02	1.039e+02	1.040e+02	5	resolve_next_lcp: bulk_rmq
TIMER	1.213e-01	1.666e-01	2.287e-01	5	resolve_next_lcp: set LCP
TIMER	1.045e+02	1.045e+02	1.045e+02	5	LCP update
unresolved = 7057961, unfinished = 3349572
TIMER	1.574e+02	1.574e+02	1.575e+02	3	bucket-chaising iteration
TIMER	9.259e-02	1.165e-01	1.424e-01	4	bulk_query: get recv_counts
TIMER	1.443e+00	2.501e+00	3.489e+00	4	bulk_query: all2all queries
Avg queries: 1.838e+04, max queries on proc 382: 796743
Inbalance factor: 4.335e+01x
TIMER	5.940e-02	1.667e-01	5.738e+00	4	bulk_query: local query
TIMER	1.714e+00	1.918e+00	2.242e+00	4	bulk_query: all2all query results
TIMER	1.021e+02	1.022e+02	1.022e+02	5	resolve_next_lcp: bulk_rmq
TIMER	6.254e-02	9.272e-02	1.273e-01	5	resolve_next_lcp: set LCP
TIMER	1.026e+02	1.026e+02	1.026e+02	5	LCP update
unresolved = 3830919, unfinished = 1858430
TIMER	1.356e+02	1.356e+02	1.357e+02	3	bucket-chaising iteration
TIMER	9.468e-02	1.222e-01	1.650e-01	4	bulk_query: get recv_counts
TIMER	8.752e-01	1.423e+00	2.207e+00	4	bulk_query: all2all queries
Avg queries: 9.976e+03, max queries on proc 383: 514056
Inbalance factor: 5.153e+01x
TIMER	5.818e-02	1.168e-01	3.176e+00	4	bulk_query: local query
TIMER	1.047e+00	1.147e+00	1.333e+00	4	bulk_query: all2all query results
TIMER	1.013e+02	1.013e+02	1.013e+02	5	resolve_next_lcp: bulk_rmq
TIMER	3.151e-02	5.183e-02	7.342e-02	5	resolve_next_lcp: set LCP
TIMER	1.016e+02	1.016e+02	1.016e+02	5	LCP update
unresolved = 1897267, unfinished = 927479
TIMER	1.213e+02	1.213e+02	1.213e+02	3	bucket-chaising iteration
TIMER	9.041e-02	1.126e-01	1.354e-01	4	bulk_query: get recv_counts
TIMER	5.133e-01	8.187e-01	1.369e+00	4	bulk_query: all2all queries
Avg queries: 4.941e+03, max queries on proc 383: 333922
Inbalance factor: 6.758e+01x
TIMER	5.606e-02	8.478e-02	1.585e+00	4	bulk_query: local query
TIMER	5.882e-01	6.561e-01	7.633e-01	4	bulk_query: all2all query results
TIMER	1.004e+02	1.004e+02	1.004e+02	5	resolve_next_lcp: bulk_rmq
TIMER	1.477e-02	2.817e-02	4.610e-02	5	resolve_next_lcp: set LCP
TIMER	1.006e+02	1.006e+02	1.007e+02	5	LCP update
unresolved = 887691, unfinished = 430529
TIMER	1.119e+02	1.119e+02	1.120e+02	3	bucket-chaising iteration
TIMER	8.564e-02	1.135e-01	1.373e-01	4	bulk_query: get recv_counts
TIMER	3.371e-01	5.585e-01	9.266e-01	4	bulk_query: all2all queries
Avg queries: 2.312e+03, max queries on proc 383: 205310
Inbalance factor: 8.881e+01x
TIMER	5.846e-02	6.939e-02	8.423e-01	4	bulk_query: local query
TIMER	3.295e-01	4.118e-01	4.894e-01	4	bulk_query: all2all query results
TIMER	1.006e+02	1.006e+02	1.007e+02	5	resolve_next_lcp: bulk_rmq
TIMER	9.104e-03	1.412e-02	1.992e-02	5	resolve_next_lcp: set LCP
TIMER	1.009e+02	1.009e+02	1.009e+02	5	LCP update
unresolved = 397767, unfinished = 190943
TIMER	1.078e+02	1.078e+02	1.078e+02	3	bucket-chaising iteration
TIMER	8.560e-02	1.118e-01	1.321e-01	4	bulk_query: get recv_counts
TIMER	1.955e-01	4.165e-01	7.087e-01	4	bulk_query: all2all queries
Avg queries: 1.036e+03, max queries on proc 383: 113284
Inbalance factor: 1.094e+02x
TIMER	5.775e-02	6.568e-02	5.167e-01	4	bulk_query: local query
TIMER	2.194e-01	3.118e-01	3.834e-01	4	bulk_query: all2all query results
TIMER	1.029e+02	1.029e+02	1.029e+02	5	resolve_next_lcp: bulk_rmq
TIMER	5.277e-03	9.498e-03	5.415e-02	5	resolve_next_lcp: set LCP
TIMER	1.051e+02	1.051e+02	1.051e+02	5	LCP update
unresolved = 91070, unfinished = 45535
TIMER	1.129e+02	1.129e+02	1.130e+02	3	bucket-chaising iteration
TIMER	6.913e-02	1.067e-01	1.456e-01	4	bulk_query: get recv_counts
TIMER	1.649e-01	3.032e-01	4.978e-01	4	bulk_query: all2all queries
Avg queries: 2.372e+02, max queries on proc 13: 49248
Inbalance factor: 2.077e+02x
TIMER	5.916e-02	6.234e-02	2.271e-01	4	bulk_query: local query
TIMER	1.421e-01	1.928e-01	2.581e-01	4	bulk_query: all2all query results
TIMER	1.005e+02	1.005e+02	1.005e+02	5	resolve_next_lcp: bulk_rmq
TIMER	1.493e-03	3.506e-03	1.125e-02	5	resolve_next_lcp: set LCP
TIMER	1.007e+02	1.007e+02	1.007e+02	5	LCP update
unresolved = 0, unfinished = 0
TIMER	1.037e+02	1.037e+02	1.037e+02	3	bucket-chaising iteration
TIMER	3.257e+03	3.257e+03	3.257e+03	2	construct-msgs
TIMER	2.933e+01	3.395e+01	3.646e+01	2	fix-isa
PSAC time: 8.703e+03 ms
