== Node distribution == 
== p=96 processes on 2 nodes ==
--  Node: 'c476-134.stampede2.tacc.utexas.edu' (48/96)
        Ranks: 0, 1, 2, 3, 4, 5, 6, 7, 8, 9, 10, 11, 12, 13, 14, 15, 16, 17, 18, 19, 20, 21, 22, 23, 24, 25, 26, 27, 28, 29, 30, 31, 32, 33, 34, 35, 36, 37, 38, 39, 40, 41, 42, 43, 44, 45, 46, 47
--  Node: 'c477-003.stampede2.tacc.utexas.edu' (48/96)
        Ranks: 48, 49, 50, 51, 52, 53, 54, 55, 56, 57, 58, 59, 60, 61, 62, 63, 64, 65, 66, 67, 68, 69, 70, 71, 72, 73, 74, 75, 76, 77, 78, 79, 80, 81, 82, 83, 84, 85, 86, 87, 88, 89, 90, 91, 92, 93, 94, 95
Alphabet: {sigma=4, l=3, A=[A, C, G, T]}
TIMER	2.602e+01	2.602e+01	2.606e+01	1	get alphabet
TIMER	3.063e+02	3.123e+02	3.187e+02	2	kmer-gen
TIMER	3.448e+02	3.489e+02	3.614e+02	3	shift-buckets
TIMER	1.231e+04	1.233e+04	1.237e+04	3	ISA-to-SA
TIMER	4.052e+02	4.092e+02	4.164e+02	3	init-lcp
iteration 21: unfinished buckets = 51313051, unfinished elements = 252565175
TIMER	2.891e+02	2.934e+02	2.961e+02	3	rebucket
TIMER	4.485e+03	4.568e+03	4.625e+03	3	SA-to-ISA
TIMER	1.807e+04	1.807e+04	1.807e+04	3	sac-iteration
Starting Bucket chasing algorithm
unresolved = 252565180, unfinished = 51313051
TIMER	1.204e+02	1.233e+02	1.234e+02	3	get active elements
TIMER	4.842e-02	5.746e-02	7.212e-02	4	bulk_query: get recv_counts
TIMER	8.117e+01	8.448e+01	8.711e+01	4	bulk_query: all2all queries
Avg queries: 2.631e+06, max queries on proc 51: 10370837
Inbalance factor: 3.942e+00x
TIMER	4.262e+01	6.511e+01	1.756e+02	4	bulk_query: local query
TIMER	6.695e+01	7.122e+01	7.592e+01	4	bulk_query: all2all query results
TIMER	1.211e+03	1.235e+03	1.270e+03	5	resolve_next_lcp: bulk_rmq
TIMER	1.486e+01	2.215e+01	2.789e+01	5	resolve_next_lcp: set LCP
TIMER	1.301e+03	1.301e+03	1.301e+03	5	LCP update
unresolved = 83264472, unfinished = 25014138
TIMER	3.033e+03	3.034e+03	3.035e+03	3	bucket-chaising iteration
TIMER	6.990e-02	8.782e-02	1.092e-01	4	bulk_query: get recv_counts
TIMER	3.305e+01	3.467e+01	3.663e+01	4	bulk_query: all2all queries
Avg queries: 8.673e+05, max queries on proc 51: 7565031
Inbalance factor: 8.722e+00x
TIMER	6.358e+00	1.545e+01	9.728e+01	4	bulk_query: local query
TIMER	1.737e+01	2.070e+01	2.220e+01	4	bulk_query: all2all query results
TIMER	5.437e+02	5.533e+02	5.610e+02	5	resolve_next_lcp: bulk_rmq
TIMER	6.202e+00	7.374e+00	8.181e+00	5	resolve_next_lcp: set LCP
TIMER	5.696e+02	5.696e+02	5.696e+02	5	LCP update
unresolved = 39125110, unfinished = 14728266
TIMER	1.226e+03	1.227e+03	1.233e+03	3	bucket-chaising iteration
TIMER	4.785e-02	5.476e-02	6.446e-02	4	bulk_query: get recv_counts
TIMER	2.234e+01	2.350e+01	2.477e+01	4	bulk_query: all2all queries
Avg queries: 4.076e+05, max queries on proc 51: 5381275
Inbalance factor: 1.320e+01x
TIMER	1.015e+00	5.095e+00	6.092e+01	4	bulk_query: local query
TIMER	1.297e+01	1.598e+01	1.718e+01	4	bulk_query: all2all query results
TIMER	4.628e+02	4.633e+02	4.639e+02	5	resolve_next_lcp: bulk_rmq
TIMER	2.937e+00	3.320e+00	3.670e+00	5	resolve_next_lcp: set LCP
TIMER	4.682e+02	4.682e+02	4.682e+02	5	LCP update
unresolved = 21253898, unfinished = 9155159
TIMER	8.420e+02	8.439e+02	8.516e+02	3	bucket-chaising iteration
TIMER	5.142e-02	5.676e-02	6.711e-02	4	bulk_query: get recv_counts
TIMER	1.430e+01	1.490e+01	1.668e+01	4	bulk_query: all2all queries
Avg queries: 2.214e+05, max queries on proc 51: 3387786
Inbalance factor: 1.530e+01x
TIMER	1.360e-01	2.169e+00	3.573e+01	4	bulk_query: local query
TIMER	7.039e+00	8.007e+00	8.727e+00	4	bulk_query: all2all query results
TIMER	4.214e+02	4.218e+02	4.246e+02	5	resolve_next_lcp: bulk_rmq
TIMER	1.601e+00	1.762e+00	1.914e+00	5	resolve_next_lcp: set LCP
TIMER	4.266e+02	4.266e+02	4.266e+02	5	LCP update
unresolved = 12458753, unfinished = 5704526
TIMER	6.522e+02	6.532e+02	6.592e+02	3	bucket-chaising iteration
TIMER	4.537e-02	5.339e-02	8.143e-02	4	bulk_query: get recv_counts
TIMER	1.099e+01	1.163e+01	1.229e+01	4	bulk_query: all2all queries
Avg queries: 1.298e+05, max queries on proc 95: 2369254
Inbalance factor: 1.826e+01x
TIMER	5.926e-02	1.118e+00	2.283e+01	4	bulk_query: local query
TIMER	4.812e+00	5.346e+00	5.890e+00	4	bulk_query: all2all query results
TIMER	4.131e+02	4.135e+02	4.170e+02	5	resolve_next_lcp: bulk_rmq
TIMER	8.967e-01	1.008e+00	1.102e+00	5	resolve_next_lcp: set LCP
TIMER	4.183e+02	4.183e+02	4.183e+02	5	LCP update
unresolved = 7057961, unfinished = 3349572
TIMER	5.567e+02	5.568e+02	5.594e+02	3	bucket-chaising iteration
TIMER	4.492e-02	5.198e-02	7.424e-02	4	bulk_query: get recv_counts
TIMER	6.011e+00	7.500e+00	8.296e+00	4	bulk_query: all2all queries
Avg queries: 7.352e+04, max queries on proc 95: 1565624
Inbalance factor: 2.130e+01x
TIMER	4.252e-02	5.763e-01	1.432e+01	4	bulk_query: local query
TIMER	2.265e+00	3.235e+00	3.799e+00	4	bulk_query: all2all query results
TIMER	4.084e+02	4.087e+02	4.126e+02	5	resolve_next_lcp: bulk_rmq
TIMER	4.372e-01	4.920e-01	5.646e-01	5	resolve_next_lcp: set LCP
TIMER	4.133e+02	4.133e+02	4.133e+02	5	LCP update
unresolved = 3830919, unfinished = 1858430
TIMER	4.978e+02	4.979e+02	4.998e+02	3	bucket-chaising iteration
TIMER	3.909e-02	5.083e-02	8.223e-02	4	bulk_query: get recv_counts
TIMER	4.031e+00	4.936e+00	5.537e+00	4	bulk_query: all2all queries
Avg queries: 3.991e+04, max queries on proc 95: 948434
Inbalance factor: 2.377e+01x
TIMER	5.122e-02	2.948e-01	8.287e+00	4	bulk_query: local query
TIMER	1.179e+00	1.350e+00	1.590e+00	4	bulk_query: all2all query results
TIMER	4.060e+02	4.063e+02	4.102e+02	5	resolve_next_lcp: bulk_rmq
TIMER	1.998e-01	2.602e-01	3.011e-01	5	resolve_next_lcp: set LCP
TIMER	4.108e+02	4.108e+02	4.108e+02	5	LCP update
unresolved = 1897267, unfinished = 927479
TIMER	4.559e+02	4.560e+02	4.584e+02	3	bucket-chaising iteration
TIMER	3.748e-02	5.312e-02	8.616e-02	4	bulk_query: get recv_counts
TIMER	2.692e+00	3.364e+00	4.336e+00	4	bulk_query: all2all queries
Avg queries: 1.976e+04, max queries on proc 95: 447515
Inbalance factor: 2.264e+01x
TIMER	4.426e-02	1.508e-01	4.035e+00	4	bulk_query: local query
TIMER	4.187e-01	6.259e-01	8.047e-01	4	bulk_query: all2all query results
TIMER	4.063e+02	4.065e+02	4.100e+02	5	resolve_next_lcp: bulk_rmq
TIMER	7.894e-02	1.216e-01	1.665e-01	5	resolve_next_lcp: set LCP
TIMER	4.103e+02	4.104e+02	4.104e+02	5	LCP update
unresolved = 887691, unfinished = 430529
TIMER	4.340e+02	4.340e+02	4.340e+02	3	bucket-chaising iteration
TIMER	3.441e-02	4.335e-02	7.243e-02	4	bulk_query: get recv_counts
TIMER	5.305e-01	7.688e-01	9.588e-01	4	bulk_query: all2all queries
Avg queries: 9.247e+03, max queries on proc 95: 206909
Inbalance factor: 2.238e+01x
TIMER	3.873e-02	7.722e-02	9.209e-01	4	bulk_query: local query
TIMER	4.837e-01	6.268e-01	7.207e-01	4	bulk_query: all2all query results
TIMER	4.039e+02	4.041e+02	4.076e+02	5	resolve_next_lcp: bulk_rmq
TIMER	3.910e-02	5.387e-02	7.039e-02	5	resolve_next_lcp: set LCP
TIMER	4.078e+02	4.078e+02	4.078e+02	5	LCP update
unresolved = 397767, unfinished = 190943
TIMER	4.170e+02	4.170e+02	4.171e+02	3	bucket-chaising iteration
TIMER	3.975e-02	4.379e-02	5.231e-02	4	bulk_query: get recv_counts
TIMER	1.820e-01	2.569e-01	3.985e-01	4	bulk_query: all2all queries
Avg queries: 4.143e+03, max queries on proc 95: 113284
Inbalance factor: 2.734e+01x
TIMER	3.722e-02	5.462e-02	4.412e-01	4	bulk_query: local query
TIMER	1.180e-01	1.787e-01	2.328e-01	4	bulk_query: all2all query results
TIMER	4.031e+02	4.032e+02	4.065e+02	5	resolve_next_lcp: bulk_rmq
TIMER	2.419e-02	3.277e-02	4.079e-02	5	resolve_next_lcp: set LCP
TIMER	4.067e+02	4.067e+02	4.067e+02	5	LCP update
unresolved = 91070, unfinished = 45535
TIMER	4.111e+02	4.111e+02	4.139e+02	3	bucket-chaising iteration
TIMER	3.170e-02	4.012e-02	5.571e-02	4	bulk_query: get recv_counts
TIMER	9.005e-02	1.219e-01	1.935e-01	4	bulk_query: all2all queries
Avg queries: 9.486e+02, max queries on proc 3: 49248
Inbalance factor: 5.191e+01x
TIMER	3.504e-02	4.128e-02	2.257e-01	4	bulk_query: local query
TIMER	4.202e-02	7.319e-02	1.066e-01	4	bulk_query: all2all query results
TIMER	4.064e+02	4.069e+02	4.102e+02	5	resolve_next_lcp: bulk_rmq
TIMER	6.928e-03	1.075e-02	1.583e-02	5	resolve_next_lcp: set LCP
TIMER	4.104e+02	4.104e+02	4.104e+02	5	LCP update
unresolved = 0, unfinished = 0
TIMER	4.125e+02	4.125e+02	4.126e+02	3	bucket-chaising iteration
TIMER	9.108e+03	9.108e+03	9.108e+03	2	construct-msgs
TIMER	1.214e+02	1.302e+02	1.361e+02	2	fix-isa
PSAC time: 2.768e+04 ms
