== Node distribution == 
== p=384 processes on 8 nodes ==
--  Node: 'c476-134.stampede2.tacc.utexas.edu' (48/384)
        Ranks: 0, 1, 2, 3, 4, 5, 6, 7, 8, 9, 10, 11, 12, 13, 14, 15, 16, 17, 18, 19, 20, 21, 22, 23, 24, 25, 26, 27, 28, 29, 30, 31, 32, 33, 34, 35, 36, 37, 38, 39, 40, 41, 42, 43, 44, 45, 46, 47
--  Node: 'c477-003.stampede2.tacc.utexas.edu' (48/384)
        Ranks: 48, 49, 50, 51, 52, 53, 54, 55, 56, 57, 58, 59, 60, 61, 62, 63, 64, 65, 66, 67, 68, 69, 70, 71, 72, 73, 74, 75, 76, 77, 78, 79, 80, 81, 82, 83, 84, 85, 86, 87, 88, 89, 90, 91, 92, 93, 94, 95
--  Node: 'c477-004.stampede2.tacc.utexas.edu' (48/384)
        Ranks: 96, 97, 98, 99, 100, 101, 102, 103, 104, 105, 106, 107, 108, 109, 110, 111, 112, 113, 114, 115, 116, 117, 118, 119, 120, 121, 122, 123, 124, 125, 126, 127, 128, 129, 130, 131, 132, 133, 134, 135, 136, 137, 138, 139, 140, 141, 142, 143
--  Node: 'c477-012.stampede2.tacc.utexas.edu' (48/384)
        Ranks: 144, 145, 146, 147, 148, 149, 150, 151, 152, 153, 154, 155, 156, 157, 158, 159, 160, 161, 162, 163, 164, 165, 166, 167, 168, 169, 170, 171, 172, 173, 174, 175, 176, 177, 178, 179, 180, 181, 182, 183, 184, 185, 186, 187, 188, 189, 190, 191
--  Node: 'c477-013.stampede2.tacc.utexas.edu' (48/384)
        Ranks: 192, 193, 194, 195, 196, 197, 198, 199, 200, 201, 202, 203, 204, 205, 206, 207, 208, 209, 210, 211, 212, 213, 214, 215, 216, 217, 218, 219, 220, 221, 222, 223, 224, 225, 226, 227, 228, 229, 230, 231, 232, 233, 234, 235, 236, 237, 238, 239
--  Node: 'c477-014.stampede2.tacc.utexas.edu' (48/384)
        Ranks: 240, 241, 242, 243, 244, 245, 246, 247, 248, 249, 250, 251, 252, 253, 254, 255, 256, 257, 258, 259, 260, 261, 262, 263, 264, 265, 266, 267, 268, 269, 270, 271, 272, 273, 274, 275, 276, 277, 278, 279, 280, 281, 282, 283, 284, 285, 286, 287
--  Node: 'c477-041.stampede2.tacc.utexas.edu' (48/384)
        Ranks: 288, 289, 290, 291, 292, 293, 294, 295, 296, 297, 298, 299, 300, 301, 302, 303, 304, 305, 306, 307, 308, 309, 310, 311, 312, 313, 314, 315, 316, 317, 318, 319, 320, 321, 322, 323, 324, 325, 326, 327, 328, 329, 330, 331, 332, 333, 334, 335
--  Node: 'c477-051.stampede2.tacc.utexas.edu' (48/384)
        Ranks: 336, 337, 338, 339, 340, 341, 342, 343, 344, 345, 346, 347, 348, 349, 350, 351, 352, 353, 354, 355, 356, 357, 358, 359, 360, 361, 362, 363, 364, 365, 366, 367, 368, 369, 370, 371, 372, 373, 374, 375, 376, 377, 378, 379, 380, 381, 382, 383
Alphabet: {sigma=4, l=3, A=[A, C, G, T]}
TIMER	7.143e+00	7.153e+00	7.185e+00	1	get alphabet
TIMER	7.439e+01	7.737e+01	8.116e+01	2	kmer-gen
TIMER	8.339e+01	8.747e+01	9.708e+01	3	shift-buckets
TIMER	3.729e+03	3.744e+03	3.757e+03	3	ISA-to-SA
TIMER	1.004e+02	1.033e+02	1.081e+02	3	init-lcp
iteration 21: unfinished buckets = 51313051, unfinished elements = 252565151
TIMER	7.438e+01	7.566e+01	7.707e+01	3	rebucket
TIMER	1.407e+03	1.419e+03	1.441e+03	3	SA-to-ISA
TIMER	5.484e+03	5.484e+03	5.484e+03	3	sac-iteration
Starting Bucket chasing algorithm
unresolved = 252565180, unfinished = 51313051
TIMER	3.474e+01	3.616e+01	3.618e+01	3	get active elements
TIMER	8.650e-02	1.116e-01	1.417e-01	4	bulk_query: get recv_counts
TIMER	7.544e+01	7.776e+01	8.025e+01	4	bulk_query: all2all queries
Avg queries: 6.577e+05, max queries on proc 205: 5686338
Inbalance factor: 8.646e+00x
TIMER	6.043e+00	1.299e+01	7.311e+01	4	bulk_query: local query
TIMER	6.858e+01	7.056e+01	7.305e+01	4	bulk_query: all2all query results
TIMER	5.345e+02	5.443e+02	5.744e+02	5	resolve_next_lcp: bulk_rmq
TIMER	3.151e+00	5.387e+00	9.030e+00	5	resolve_next_lcp: set LCP
TIMER	5.841e+02	5.841e+02	5.841e+02	5	LCP update
unresolved = 83264472, unfinished = 25014138
TIMER	1.353e+03	1.354e+03	1.355e+03	3	bucket-chaising iteration
TIMER	1.038e-01	1.286e-01	1.791e-01	4	bulk_query: get recv_counts
TIMER	3.213e+01	3.275e+01	3.351e+01	4	bulk_query: all2all queries
Avg queries: 2.168e+05, max queries on proc 205: 4553617
Inbalance factor: 2.100e+01x
TIMER	5.754e-01	2.624e+00	5.173e+01	4	bulk_query: local query
TIMER	2.218e+01	2.294e+01	2.357e+01	4	bulk_query: all2all query results
TIMER	1.723e+02	1.737e+02	1.755e+02	5	resolve_next_lcp: bulk_rmq
TIMER	1.191e+00	1.780e+00	2.264e+00	5	resolve_next_lcp: set LCP
TIMER	1.780e+02	1.780e+02	1.780e+02	5	LCP update
unresolved = 39125110, unfinished = 14728266
TIMER	4.971e+02	4.972e+02	4.989e+02	3	bucket-chaising iteration
TIMER	9.675e-02	1.172e-01	1.524e-01	4	bulk_query: get recv_counts
TIMER	1.993e+01	2.051e+01	2.130e+01	4	bulk_query: all2all queries
Avg queries: 1.019e+05, max queries on proc 205: 3302336
Inbalance factor: 3.241e+01x
TIMER	1.219e-01	9.082e-01	3.258e+01	4	bulk_query: local query
TIMER	1.131e+01	1.195e+01	1.260e+01	4	bulk_query: all2all query results
TIMER	1.241e+02	1.244e+02	1.250e+02	5	resolve_next_lcp: bulk_rmq
TIMER	5.518e-01	7.033e-01	9.150e-01	5	resolve_next_lcp: set LCP
TIMER	1.261e+02	1.261e+02	1.262e+02	5	LCP update
unresolved = 21253898, unfinished = 9155159
TIMER	3.058e+02	3.058e+02	3.068e+02	3	bucket-chaising iteration
TIMER	9.379e-02	1.163e-01	1.465e-01	4	bulk_query: get recv_counts
TIMER	7.596e+00	7.796e+00	8.169e+00	4	bulk_query: all2all queries
Avg queries: 5.535e+04, max queries on proc 205: 2117007
Inbalance factor: 3.825e+01x
TIMER	7.401e-02	4.604e-01	1.619e+01	4	bulk_query: local query
TIMER	6.208e+00	6.683e+00	7.165e+00	4	bulk_query: all2all query results
TIMER	1.074e+02	1.075e+02	1.076e+02	5	resolve_next_lcp: bulk_rmq
TIMER	2.375e-01	2.981e-01	3.790e-01	5	resolve_next_lcp: set LCP
TIMER	1.082e+02	1.082e+02	1.082e+02	5	LCP update
unresolved = 12458753, unfinished = 5704526
TIMER	2.061e+02	2.061e+02	2.071e+02	3	bucket-chaising iteration
TIMER	8.284e-02	1.144e-01	1.420e-01	4	bulk_query: get recv_counts
TIMER	2.078e+00	4.598e+00	5.232e+00	4	bulk_query: all2all queries
Avg queries: 3.244e+04, max queries on proc 382: 1196893
Inbalance factor: 3.689e+01x
TIMER	6.141e-02	2.664e-01	9.247e+00	4	bulk_query: local query
TIMER	3.413e+00	3.527e+00	3.752e+00	4	bulk_query: all2all query results
TIMER	1.032e+02	1.032e+02	1.033e+02	5	resolve_next_lcp: bulk_rmq
TIMER	1.167e-01	1.679e-01	2.350e-01	5	resolve_next_lcp: set LCP
TIMER	1.037e+02	1.037e+02	1.037e+02	5	LCP update
unresolved = 7057961, unfinished = 3349572
TIMER	1.565e+02	1.565e+02	1.565e+02	3	bucket-chaising iteration
TIMER	9.907e-02	1.175e-01	1.505e-01	4	bulk_query: get recv_counts
TIMER	1.353e+00	2.527e+00	3.516e+00	4	bulk_query: all2all queries
Avg queries: 1.838e+04, max queries on proc 382: 796743
Inbalance factor: 4.335e+01x
TIMER	6.160e-02	1.663e-01	5.747e+00	4	bulk_query: local query
TIMER	1.717e+00	1.930e+00	2.213e+00	4	bulk_query: all2all query results
TIMER	1.024e+02	1.024e+02	1.025e+02	5	resolve_next_lcp: bulk_rmq
TIMER	6.892e-02	9.263e-02	1.234e-01	5	resolve_next_lcp: set LCP
TIMER	1.028e+02	1.028e+02	1.028e+02	5	LCP update
unresolved = 3830919, unfinished = 1858430
TIMER	1.357e+02	1.357e+02	1.358e+02	3	bucket-chaising iteration
TIMER	9.627e-02	1.210e-01	1.464e-01	4	bulk_query: get recv_counts
TIMER	9.065e-01	1.385e+00	2.181e+00	4	bulk_query: all2all queries
Avg queries: 9.976e+03, max queries on proc 383: 514056
Inbalance factor: 5.153e+01x
TIMER	6.200e-02	1.117e-01	3.193e+00	4	bulk_query: local query
TIMER	1.027e+00	1.129e+00	1.302e+00	4	bulk_query: all2all query results
TIMER	1.012e+02	1.012e+02	1.012e+02	5	resolve_next_lcp: bulk_rmq
TIMER	3.446e-02	5.356e-02	7.634e-02	5	resolve_next_lcp: set LCP
TIMER	1.015e+02	1.015e+02	1.015e+02	5	LCP update
unresolved = 1897267, unfinished = 927479
TIMER	1.211e+02	1.211e+02	1.219e+02	3	bucket-chaising iteration
TIMER	8.177e-02	1.069e-01	1.277e-01	4	bulk_query: get recv_counts
TIMER	5.371e-01	8.216e-01	1.379e+00	4	bulk_query: all2all queries
Avg queries: 4.941e+03, max queries on proc 383: 333922
Inbalance factor: 6.758e+01x
TIMER	5.877e-02	1.067e-01	1.645e+00	4	bulk_query: local query
TIMER	5.920e-01	6.566e-01	7.575e-01	4	bulk_query: all2all query results
TIMER	1.029e+02	1.029e+02	1.029e+02	5	resolve_next_lcp: bulk_rmq
TIMER	1.743e-02	2.861e-02	5.318e-02	5	resolve_next_lcp: set LCP
TIMER	1.032e+02	1.032e+02	1.032e+02	5	LCP update
unresolved = 887691, unfinished = 430529
TIMER	1.149e+02	1.149e+02	1.150e+02	3	bucket-chaising iteration
TIMER	8.003e-02	1.046e-01	1.254e-01	4	bulk_query: get recv_counts
TIMER	3.571e-01	5.936e-01	1.006e+00	4	bulk_query: all2all queries
Avg queries: 2.312e+03, max queries on proc 383: 205310
Inbalance factor: 8.881e+01x
TIMER	6.393e-02	7.539e-02	8.854e-01	4	bulk_query: local query
TIMER	3.301e-01	4.073e-01	4.771e-01	4	bulk_query: all2all query results
TIMER	1.026e+02	1.027e+02	1.027e+02	5	resolve_next_lcp: bulk_rmq
TIMER	8.907e-03	1.430e-02	2.078e-02	5	resolve_next_lcp: set LCP
TIMER	1.029e+02	1.029e+02	1.029e+02	5	LCP update
unresolved = 397767, unfinished = 190943
TIMER	1.118e+02	1.118e+02	1.119e+02	3	bucket-chaising iteration
TIMER	9.156e-02	1.124e-01	1.391e-01	4	bulk_query: get recv_counts
TIMER	1.867e-01	4.145e-01	7.082e-01	4	bulk_query: all2all queries
Avg queries: 1.036e+03, max queries on proc 383: 113284
Inbalance factor: 1.094e+02x
TIMER	6.476e-02	7.726e-02	5.229e-01	4	bulk_query: local query
TIMER	1.863e-01	2.798e-01	3.502e-01	4	bulk_query: all2all query results
TIMER	1.022e+02	1.022e+02	1.023e+02	5	resolve_next_lcp: bulk_rmq
TIMER	5.948e-03	8.947e-03	1.501e-02	5	resolve_next_lcp: set LCP
TIMER	1.025e+02	1.025e+02	1.025e+02	5	LCP update
unresolved = 91070, unfinished = 45535
TIMER	1.088e+02	1.088e+02	1.088e+02	3	bucket-chaising iteration
TIMER	9.108e-02	1.115e-01	1.431e-01	4	bulk_query: get recv_counts
TIMER	1.501e-01	2.969e-01	4.883e-01	4	bulk_query: all2all queries
Avg queries: 2.372e+02, max queries on proc 13: 49248
Inbalance factor: 2.077e+02x
TIMER	6.237e-02	6.700e-02	2.417e-01	4	bulk_query: local query
TIMER	1.261e-01	1.745e-01	2.250e-01	4	bulk_query: all2all query results
TIMER	1.118e+02	1.118e+02	1.118e+02	5	resolve_next_lcp: bulk_rmq
TIMER	1.761e-03	3.229e-03	1.727e-02	5	resolve_next_lcp: set LCP
TIMER	1.120e+02	1.120e+02	1.120e+02	5	LCP update
unresolved = 0, unfinished = 0
TIMER	1.149e+02	1.149e+02	1.149e+02	3	bucket-chaising iteration
TIMER	3.273e+03	3.273e+03	3.273e+03	2	construct-msgs
TIMER	2.863e+01	3.336e+01	3.607e+01	2	fix-isa
PSAC time: 8.890e+03 ms
