== Node distribution == 
== p=96 processes on 2 nodes ==
--  Node: 'c476-134.stampede2.tacc.utexas.edu' (48/96)
        Ranks: 0, 1, 2, 3, 4, 5, 6, 7, 8, 9, 10, 11, 12, 13, 14, 15, 16, 17, 18, 19, 20, 21, 22, 23, 24, 25, 26, 27, 28, 29, 30, 31, 32, 33, 34, 35, 36, 37, 38, 39, 40, 41, 42, 43, 44, 45, 46, 47
--  Node: 'c477-003.stampede2.tacc.utexas.edu' (48/96)
        Ranks: 48, 49, 50, 51, 52, 53, 54, 55, 56, 57, 58, 59, 60, 61, 62, 63, 64, 65, 66, 67, 68, 69, 70, 71, 72, 73, 74, 75, 76, 77, 78, 79, 80, 81, 82, 83, 84, 85, 86, 87, 88, 89, 90, 91, 92, 93, 94, 95
Alphabet: {sigma=4, l=3, A=[A, C, G, T]}
TIMER	2.621e+01	2.621e+01	2.625e+01	1	get alphabet
TIMER	3.043e+02	3.110e+02	3.204e+02	2	kmer-gen
TIMER	3.450e+02	3.500e+02	3.587e+02	3	shift-buckets
TIMER	1.228e+04	1.231e+04	1.234e+04	3	ISA-to-SA
TIMER	4.059e+02	4.099e+02	4.160e+02	3	init-lcp
iteration 21: unfinished buckets = 51313051, unfinished elements = 252565175
TIMER	2.905e+02	2.928e+02	2.951e+02	3	rebucket
TIMER	4.533e+03	4.594e+03	4.655e+03	3	SA-to-ISA
TIMER	1.806e+04	1.806e+04	1.806e+04	3	sac-iteration
Starting Bucket chasing algorithm
unresolved = 252565180, unfinished = 51313051
TIMER	1.198e+02	1.228e+02	1.229e+02	3	get active elements
TIMER	4.737e-02	5.507e-02	7.418e-02	4	bulk_query: get recv_counts
TIMER	7.532e+01	7.967e+01	8.264e+01	4	bulk_query: all2all queries
Avg queries: 2.631e+06, max queries on proc 51: 10370837
Inbalance factor: 3.942e+00x
TIMER	4.439e+01	6.488e+01	1.701e+02	4	bulk_query: local query
TIMER	6.119e+01	6.423e+01	6.801e+01	4	bulk_query: all2all query results
TIMER	1.212e+03	1.235e+03	1.269e+03	5	resolve_next_lcp: bulk_rmq
TIMER	1.470e+01	2.213e+01	2.793e+01	5	resolve_next_lcp: set LCP
TIMER	1.300e+03	1.300e+03	1.300e+03	5	LCP update
unresolved = 83264472, unfinished = 25014138
TIMER	3.001e+03	3.002e+03	3.002e+03	3	bucket-chaising iteration
TIMER	4.748e-02	5.549e-02	7.218e-02	4	bulk_query: get recv_counts
TIMER	3.572e+01	3.729e+01	3.876e+01	4	bulk_query: all2all queries
Avg queries: 8.673e+05, max queries on proc 51: 7565031
Inbalance factor: 8.722e+00x
TIMER	6.383e+00	1.533e+01	9.622e+01	4	bulk_query: local query
TIMER	1.748e+01	2.117e+01	2.240e+01	4	bulk_query: all2all query results
TIMER	5.433e+02	5.532e+02	5.607e+02	5	resolve_next_lcp: bulk_rmq
TIMER	6.056e+00	7.367e+00	8.219e+00	5	resolve_next_lcp: set LCP
TIMER	5.694e+02	5.694e+02	5.694e+02	5	LCP update
unresolved = 39125110, unfinished = 14728266
TIMER	1.222e+03	1.223e+03	1.229e+03	3	bucket-chaising iteration
TIMER	4.782e-02	5.350e-02	6.260e-02	4	bulk_query: get recv_counts
TIMER	2.333e+01	2.478e+01	2.611e+01	4	bulk_query: all2all queries
Avg queries: 4.076e+05, max queries on proc 51: 5381275
Inbalance factor: 1.320e+01x
TIMER	1.065e+00	5.011e+00	5.982e+01	4	bulk_query: local query
TIMER	1.289e+01	1.442e+01	1.519e+01	4	bulk_query: all2all query results
TIMER	4.603e+02	4.608e+02	4.615e+02	5	resolve_next_lcp: bulk_rmq
TIMER	2.983e+00	3.313e+00	3.667e+00	5	resolve_next_lcp: set LCP
TIMER	4.654e+02	4.654e+02	4.654e+02	5	LCP update
unresolved = 21253898, unfinished = 9155159
TIMER	8.364e+02	8.385e+02	8.457e+02	3	bucket-chaising iteration
TIMER	4.541e-02	5.461e-02	7.897e-02	4	bulk_query: get recv_counts
TIMER	1.447e+01	1.549e+01	1.632e+01	4	bulk_query: all2all queries
Avg queries: 2.214e+05, max queries on proc 51: 3387786
Inbalance factor: 1.530e+01x
TIMER	1.363e-01	2.122e+00	3.384e+01	4	bulk_query: local query
TIMER	6.565e+00	7.686e+00	8.507e+00	4	bulk_query: all2all query results
TIMER	4.245e+02	4.249e+02	4.280e+02	5	resolve_next_lcp: bulk_rmq
TIMER	1.625e+00	1.760e+00	1.909e+00	5	resolve_next_lcp: set LCP
TIMER	4.301e+02	4.301e+02	4.301e+02	5	LCP update
unresolved = 12458753, unfinished = 5704526
TIMER	6.384e+02	6.395e+02	6.459e+02	3	bucket-chaising iteration
TIMER	4.742e-02	6.792e-02	1.202e-01	4	bulk_query: get recv_counts
TIMER	1.115e+01	1.195e+01	1.247e+01	4	bulk_query: all2all queries
Avg queries: 1.298e+05, max queries on proc 95: 2369254
Inbalance factor: 1.826e+01x
TIMER	4.811e-02	1.102e+00	2.168e+01	4	bulk_query: local query
TIMER	4.746e+00	5.424e+00	5.881e+00	4	bulk_query: all2all query results
TIMER	4.139e+02	4.145e+02	4.190e+02	5	resolve_next_lcp: bulk_rmq
TIMER	9.050e-01	1.006e+00	1.133e+00	5	resolve_next_lcp: set LCP
TIMER	4.203e+02	4.203e+02	4.203e+02	5	LCP update
unresolved = 7057961, unfinished = 3349572
TIMER	5.548e+02	5.549e+02	5.576e+02	3	bucket-chaising iteration
TIMER	4.326e-02	5.108e-02	7.418e-02	4	bulk_query: get recv_counts
TIMER	6.288e+00	7.785e+00	8.367e+00	4	bulk_query: all2all queries
Avg queries: 7.352e+04, max queries on proc 95: 1565624
Inbalance factor: 2.130e+01x
TIMER	5.283e-02	5.628e-01	1.363e+01	4	bulk_query: local query
TIMER	2.374e+00	2.815e+00	3.163e+00	4	bulk_query: all2all query results
TIMER	4.089e+02	4.094e+02	4.145e+02	5	resolve_next_lcp: bulk_rmq
TIMER	3.846e-01	4.884e-01	5.722e-01	5	resolve_next_lcp: set LCP
TIMER	4.152e+02	4.152e+02	4.152e+02	5	LCP update
unresolved = 3830919, unfinished = 1858430
TIMER	4.971e+02	4.972e+02	4.992e+02	3	bucket-chaising iteration
TIMER	4.264e-02	5.204e-02	6.086e-02	4	bulk_query: get recv_counts
TIMER	4.274e+00	5.183e+00	5.761e+00	4	bulk_query: all2all queries
Avg queries: 3.991e+04, max queries on proc 95: 948434
Inbalance factor: 2.377e+01x
TIMER	5.149e-02	2.929e-01	7.929e+00	4	bulk_query: local query
TIMER	9.613e-01	1.170e+00	1.444e+00	4	bulk_query: all2all query results
TIMER	4.051e+02	4.055e+02	4.106e+02	5	resolve_next_lcp: bulk_rmq
TIMER	2.153e-01	2.643e-01	3.639e-01	5	resolve_next_lcp: set LCP
TIMER	4.140e+02	4.140e+02	4.140e+02	5	LCP update
unresolved = 1897267, unfinished = 927479
TIMER	4.584e+02	4.584e+02	4.606e+02	3	bucket-chaising iteration
TIMER	3.622e-02	4.659e-02	6.265e-02	4	bulk_query: get recv_counts
TIMER	1.981e+00	2.609e+00	3.483e+00	4	bulk_query: all2all queries
Avg queries: 1.976e+04, max queries on proc 95: 447515
Inbalance factor: 2.264e+01x
TIMER	3.505e-02	1.334e-01	3.148e+00	4	bulk_query: local query
TIMER	4.403e-01	6.245e-01	8.117e-01	4	bulk_query: all2all query results
TIMER	4.043e+02	4.046e+02	4.086e+02	5	resolve_next_lcp: bulk_rmq
TIMER	8.408e-02	1.217e-01	1.613e-01	5	resolve_next_lcp: set LCP
TIMER	4.089e+02	4.089e+02	4.089e+02	5	LCP update
unresolved = 887691, unfinished = 430529
TIMER	4.306e+02	4.306e+02	4.306e+02	3	bucket-chaising iteration
TIMER	4.013e-02	5.398e-02	8.003e-02	4	bulk_query: get recv_counts
TIMER	5.416e-01	7.571e-01	9.369e-01	4	bulk_query: all2all queries
Avg queries: 9.247e+03, max queries on proc 95: 206909
Inbalance factor: 2.238e+01x
TIMER	3.537e-02	7.283e-02	8.977e-01	4	bulk_query: local query
TIMER	2.785e-01	3.567e-01	4.312e-01	4	bulk_query: all2all query results
TIMER	4.043e+02	4.046e+02	4.086e+02	5	resolve_next_lcp: bulk_rmq
TIMER	3.704e-02	5.352e-02	6.741e-02	5	resolve_next_lcp: set LCP
TIMER	4.087e+02	4.087e+02	4.087e+02	5	LCP update
unresolved = 397767, unfinished = 190943
TIMER	4.175e+02	4.175e+02	4.175e+02	3	bucket-chaising iteration
TIMER	3.575e-02	5.756e-02	8.405e-02	4	bulk_query: get recv_counts
TIMER	1.836e-01	2.529e-01	3.951e-01	4	bulk_query: all2all queries
Avg queries: 4.143e+03, max queries on proc 95: 113284
Inbalance factor: 2.734e+01x
TIMER	3.338e-02	5.037e-02	4.219e-01	4	bulk_query: local query
TIMER	1.903e-01	3.243e-01	4.088e-01	4	bulk_query: all2all query results
TIMER	4.038e+02	4.041e+02	4.081e+02	5	resolve_next_lcp: bulk_rmq
TIMER	2.344e-02	3.265e-02	4.264e-02	5	resolve_next_lcp: set LCP
TIMER	4.082e+02	4.082e+02	4.083e+02	5	LCP update
unresolved = 91070, unfinished = 45535
TIMER	4.129e+02	4.129e+02	4.154e+02	3	bucket-chaising iteration
TIMER	3.838e-02	4.474e-02	7.853e-02	4	bulk_query: get recv_counts
TIMER	7.618e-02	1.032e-01	1.783e-01	4	bulk_query: all2all queries
Avg queries: 9.486e+02, max queries on proc 3: 49248
Inbalance factor: 5.191e+01x
TIMER	3.303e-02	3.791e-02	1.990e-01	4	bulk_query: local query
TIMER	4.016e-02	7.497e-02	1.096e-01	4	bulk_query: all2all query results
TIMER	4.026e+02	4.029e+02	4.069e+02	5	resolve_next_lcp: bulk_rmq
TIMER	6.496e-03	1.059e-02	1.589e-02	5	resolve_next_lcp: set LCP
TIMER	4.070e+02	4.070e+02	4.070e+02	5	LCP update
unresolved = 0, unfinished = 0
TIMER	4.089e+02	4.089e+02	4.089e+02	3	bucket-chaising iteration
TIMER	9.046e+03	9.046e+03	9.046e+03	2	construct-msgs
TIMER	1.193e+02	1.250e+02	1.341e+02	2	fix-isa
PSAC time: 2.816e+04 ms
