== Node distribution == 
== p=768 processes on 16 nodes ==
--  Node: 'c476-134.stampede2.tacc.utexas.edu' (48/768)
        Ranks: 0, 1, 2, 3, 4, 5, 6, 7, 8, 9, 10, 11, 12, 13, 14, 15, 16, 17, 18, 19, 20, 21, 22, 23, 24, 25, 26, 27, 28, 29, 30, 31, 32, 33, 34, 35, 36, 37, 38, 39, 40, 41, 42, 43, 44, 45, 46, 47
--  Node: 'c477-003.stampede2.tacc.utexas.edu' (48/768)
        Ranks: 48, 49, 50, 51, 52, 53, 54, 55, 56, 57, 58, 59, 60, 61, 62, 63, 64, 65, 66, 67, 68, 69, 70, 71, 72, 73, 74, 75, 76, 77, 78, 79, 80, 81, 82, 83, 84, 85, 86, 87, 88, 89, 90, 91, 92, 93, 94, 95
--  Node: 'c477-004.stampede2.tacc.utexas.edu' (48/768)
        Ranks: 96, 97, 98, 99, 100, 101, 102, 103, 104, 105, 106, 107, 108, 109, 110, 111, 112, 113, 114, 115, 116, 117, 118, 119, 120, 121, 122, 123, 124, 125, 126, 127, 128, 129, 130, 131, 132, 133, 134, 135, 136, 137, 138, 139, 140, 141, 142, 143
--  Node: 'c477-012.stampede2.tacc.utexas.edu' (48/768)
        Ranks: 144, 145, 146, 147, 148, 149, 150, 151, 152, 153, 154, 155, 156, 157, 158, 159, 160, 161, 162, 163, 164, 165, 166, 167, 168, 169, 170, 171, 172, 173, 174, 175, 176, 177, 178, 179, 180, 181, 182, 183, 184, 185, 186, 187, 188, 189, 190, 191
--  Node: 'c477-013.stampede2.tacc.utexas.edu' (48/768)
        Ranks: 192, 193, 194, 195, 196, 197, 198, 199, 200, 201, 202, 203, 204, 205, 206, 207, 208, 209, 210, 211, 212, 213, 214, 215, 216, 217, 218, 219, 220, 221, 222, 223, 224, 225, 226, 227, 228, 229, 230, 231, 232, 233, 234, 235, 236, 237, 238, 239
--  Node: 'c477-014.stampede2.tacc.utexas.edu' (48/768)
        Ranks: 240, 241, 242, 243, 244, 245, 246, 247, 248, 249, 250, 251, 252, 253, 254, 255, 256, 257, 258, 259, 260, 261, 262, 263, 264, 265, 266, 267, 268, 269, 270, 271, 272, 273, 274, 275, 276, 277, 278, 279, 280, 281, 282, 283, 284, 285, 286, 287
--  Node: 'c477-041.stampede2.tacc.utexas.edu' (48/768)
        Ranks: 288, 289, 290, 291, 292, 293, 294, 295, 296, 297, 298, 299, 300, 301, 302, 303, 304, 305, 306, 307, 308, 309, 310, 311, 312, 313, 314, 315, 316, 317, 318, 319, 320, 321, 322, 323, 324, 325, 326, 327, 328, 329, 330, 331, 332, 333, 334, 335
--  Node: 'c477-051.stampede2.tacc.utexas.edu' (48/768)
        Ranks: 336, 337, 338, 339, 340, 341, 342, 343, 344, 345, 346, 347, 348, 349, 350, 351, 352, 353, 354, 355, 356, 357, 358, 359, 360, 361, 362, 363, 364, 365, 366, 367, 368, 369, 370, 371, 372, 373, 374, 375, 376, 377, 378, 379, 380, 381, 382, 383
--  Node: 'c477-111.stampede2.tacc.utexas.edu' (48/768)
        Ranks: 384, 385, 386, 387, 388, 389, 390, 391, 392, 393, 394, 395, 396, 397, 398, 399, 400, 401, 402, 403, 404, 405, 406, 407, 408, 409, 410, 411, 412, 413, 414, 415, 416, 417, 418, 419, 420, 421, 422, 423, 424, 425, 426, 427, 428, 429, 430, 431
--  Node: 'c477-112.stampede2.tacc.utexas.edu' (48/768)
        Ranks: 432, 433, 434, 435, 436, 437, 438, 439, 440, 441, 442, 443, 444, 445, 446, 447, 448, 449, 450, 451, 452, 453, 454, 455, 456, 457, 458, 459, 460, 461, 462, 463, 464, 465, 466, 467, 468, 469, 470, 471, 472, 473, 474, 475, 476, 477, 478, 479
--  Node: 'c477-114.stampede2.tacc.utexas.edu' (48/768)
        Ranks: 480, 481, 482, 483, 484, 485, 486, 487, 488, 489, 490, 491, 492, 493, 494, 495, 496, 497, 498, 499, 500, 501, 502, 503, 504, 505, 506, 507, 508, 509, 510, 511, 512, 513, 514, 515, 516, 517, 518, 519, 520, 521, 522, 523, 524, 525, 526, 527
--  Node: 'c477-122.stampede2.tacc.utexas.edu' (48/768)
        Ranks: 528, 529, 530, 531, 532, 533, 534, 535, 536, 537, 538, 539, 540, 541, 542, 543, 544, 545, 546, 547, 548, 549, 550, 551, 552, 553, 554, 555, 556, 557, 558, 559, 560, 561, 562, 563, 564, 565, 566, 567, 568, 569, 570, 571, 572, 573, 574, 575
--  Node: 'c492-101.stampede2.tacc.utexas.edu' (48/768)
        Ranks: 576, 577, 578, 579, 580, 581, 582, 583, 584, 585, 586, 587, 588, 589, 590, 591, 592, 593, 594, 595, 596, 597, 598, 599, 600, 601, 602, 603, 604, 605, 606, 607, 608, 609, 610, 611, 612, 613, 614, 615, 616, 617, 618, 619, 620, 621, 622, 623
--  Node: 'c493-084.stampede2.tacc.utexas.edu' (48/768)
        Ranks: 624, 625, 626, 627, 628, 629, 630, 631, 632, 633, 634, 635, 636, 637, 638, 639, 640, 641, 642, 643, 644, 645, 646, 647, 648, 649, 650, 651, 652, 653, 654, 655, 656, 657, 658, 659, 660, 661, 662, 663, 664, 665, 666, 667, 668, 669, 670, 671
--  Node: 'c494-071.stampede2.tacc.utexas.edu' (48/768)
        Ranks: 672, 673, 674, 675, 676, 677, 678, 679, 680, 681, 682, 683, 684, 685, 686, 687, 688, 689, 690, 691, 692, 693, 694, 695, 696, 697, 698, 699, 700, 701, 702, 703, 704, 705, 706, 707, 708, 709, 710, 711, 712, 713, 714, 715, 716, 717, 718, 719
--  Node: 'c495-022.stampede2.tacc.utexas.edu' (48/768)
        Ranks: 720, 721, 722, 723, 724, 725, 726, 727, 728, 729, 730, 731, 732, 733, 734, 735, 736, 737, 738, 739, 740, 741, 742, 743, 744, 745, 746, 747, 748, 749, 750, 751, 752, 753, 754, 755, 756, 757, 758, 759, 760, 761, 762, 763, 764, 765, 766, 767
Alphabet: {sigma=4, l=3, A=[A, C, G, T]}
TIMER	4.053e+00	4.074e+00	4.131e+00	1	get alphabet
TIMER	3.668e+01	3.840e+01	4.120e+01	2	kmer-gen
TIMER	4.089e+01	4.366e+01	5.056e+01	3	shift-buckets
TIMER	2.036e+03	2.045e+03	2.077e+03	3	ISA-to-SA
TIMER	4.930e+01	5.098e+01	5.414e+01	3	init-lcp
iteration 21: unfinished buckets = 51313051, unfinished elements = 252565122
TIMER	3.811e+01	3.926e+01	4.054e+01	3	rebucket
TIMER	7.978e+02	8.077e+02	8.185e+02	3	SA-to-ISA
TIMER	3.041e+03	3.041e+03	3.041e+03	3	sac-iteration
Starting Bucket chasing algorithm
unresolved = 252565180, unfinished = 51313051
TIMER	1.700e+01	1.700e+01	1.702e+01	3	get active elements
TIMER	1.618e-01	1.926e-01	2.592e-01	4	bulk_query: get recv_counts
TIMER	3.326e+01	3.445e+01	3.538e+01	4	bulk_query: all2all queries
Avg queries: 3.289e+05, max queries on proc 411: 2919817
Inbalance factor: 8.879e+00x
TIMER	2.500e+00	5.323e+00	3.547e+01	4	bulk_query: local query
TIMER	3.806e+01	4.045e+01	4.264e+01	4	bulk_query: all2all query results
TIMER	3.259e+02	3.313e+02	3.560e+02	5	resolve_next_lcp: bulk_rmq
TIMER	1.351e+00	2.590e+00	5.352e+00	5	resolve_next_lcp: set LCP
TIMER	3.616e+02	3.616e+02	3.616e+02	5	LCP update
unresolved = 83264472, unfinished = 25014138
TIMER	8.439e+02	8.439e+02	8.440e+02	3	bucket-chaising iteration
TIMER	1.908e-01	2.747e-01	6.487e-01	4	bulk_query: get recv_counts
TIMER	1.472e+01	1.537e+01	1.574e+01	4	bulk_query: all2all queries
Avg queries: 1.084e+05, max queries on proc 411: 2375599
Inbalance factor: 2.191e+01x
TIMER	2.638e-01	1.116e+00	2.501e+01	4	bulk_query: local query
TIMER	1.420e+01	1.539e+01	1.630e+01	4	bulk_query: all2all query results
TIMER	9.314e+01	9.425e+01	9.582e+01	5	resolve_next_lcp: bulk_rmq
TIMER	3.361e-01	8.036e-01	1.133e+00	5	resolve_next_lcp: set LCP
TIMER	9.714e+01	9.714e+01	9.714e+01	5	LCP update
unresolved = 39125110, unfinished = 14728266
TIMER	2.703e+02	2.704e+02	2.704e+02	3	bucket-chaising iteration
TIMER	1.498e-01	1.922e-01	2.373e-01	4	bulk_query: get recv_counts
TIMER	8.788e+00	9.410e+00	9.879e+00	4	bulk_query: all2all queries
Avg queries: 5.094e+04, max queries on proc 411: 1762394
Inbalance factor: 3.459e+01x
TIMER	7.577e-02	4.419e-01	1.632e+01	4	bulk_query: local query
TIMER	6.407e+00	6.701e+00	7.093e+00	4	bulk_query: all2all query results
TIMER	6.753e+01	6.776e+01	6.832e+01	5	resolve_next_lcp: bulk_rmq
TIMER	1.612e-01	2.758e-01	3.705e-01	5	resolve_next_lcp: set LCP
TIMER	6.896e+01	6.897e+01	6.897e+01	5	LCP update
unresolved = 21253898, unfinished = 9155159
TIMER	3.213e+02	3.213e+02	3.213e+02	3	bucket-chaising iteration
TIMER	1.624e-01	1.868e-01	2.158e-01	4	bulk_query: get recv_counts
TIMER	2.578e+00	5.920e+00	6.339e+00	4	bulk_query: all2all queries
Avg queries: 2.767e+04, max queries on proc 765: 1404879
Inbalance factor: 5.076e+01x
TIMER	6.674e-02	2.459e-01	1.107e+01	4	bulk_query: local query
TIMER	4.121e+00	4.447e+00	4.800e+00	4	bulk_query: all2all query results
TIMER	5.650e+01	5.654e+01	5.662e+01	5	resolve_next_lcp: bulk_rmq
TIMER	9.227e-02	1.278e-01	1.659e-01	5	resolve_next_lcp: set LCP
TIMER	5.695e+01	5.696e+01	5.696e+01	5	LCP update
unresolved = 12458753, unfinished = 5704526
TIMER	1.166e+02	1.166e+02	1.166e+02	3	bucket-chaising iteration
TIMER	1.587e-01	1.785e-01	2.004e-01	4	bulk_query: get recv_counts
TIMER	1.732e+00	3.832e+00	4.987e+00	4	bulk_query: all2all queries
Avg queries: 1.622e+04, max queries on proc 765: 1091160
Inbalance factor: 6.726e+01x
TIMER	1.012e-01	1.990e-01	8.185e+00	4	bulk_query: local query
TIMER	2.685e+00	2.922e+00	3.174e+00	4	bulk_query: all2all query results
TIMER	5.565e+01	5.569e+01	5.577e+01	5	resolve_next_lcp: bulk_rmq
TIMER	5.143e-02	7.528e-02	1.017e-01	5	resolve_next_lcp: set LCP
TIMER	5.604e+01	5.604e+01	5.605e+01	5	LCP update
unresolved = 7057961, unfinished = 3349572
TIMER	9.892e+01	9.892e+01	9.894e+01	3	bucket-chaising iteration
TIMER	1.603e-01	2.504e-01	3.397e-01	4	bulk_query: get recv_counts
TIMER	1.326e+00	2.244e+00	3.593e+00	4	bulk_query: all2all queries
Avg queries: 9.190e+03, max queries on proc 765: 726439
Inbalance factor: 7.905e+01x
TIMER	4.505e-02	1.000e-01	4.883e+00	4	bulk_query: local query
TIMER	1.766e+00	1.881e+00	2.056e+00	4	bulk_query: all2all query results
TIMER	5.341e+01	5.344e+01	5.348e+01	5	resolve_next_lcp: bulk_rmq
TIMER	2.342e-02	4.367e-02	6.353e-02	5	resolve_next_lcp: set LCP
TIMER	5.373e+01	5.373e+01	5.373e+01	5	LCP update
unresolved = 3830919, unfinished = 1858430
TIMER	8.176e+01	8.177e+01	8.178e+01	3	bucket-chaising iteration
TIMER	1.583e-01	1.816e-01	2.329e-01	4	bulk_query: get recv_counts
TIMER	8.924e-01	1.332e+00	2.159e+00	4	bulk_query: all2all queries
Avg queries: 4.988e+03, max queries on proc 765: 376813
Inbalance factor: 7.554e+01x
TIMER	6.448e-02	9.147e-02	2.276e+00	4	bulk_query: local query
TIMER	9.775e-01	1.113e+00	1.242e+00	4	bulk_query: all2all query results
TIMER	5.287e+01	5.291e+01	5.294e+01	5	resolve_next_lcp: bulk_rmq
TIMER	1.613e-02	2.672e-02	4.039e-02	5	resolve_next_lcp: set LCP
TIMER	5.315e+01	5.315e+01	5.315e+01	5	LCP update
unresolved = 1897267, unfinished = 927479
TIMER	6.897e+01	6.898e+01	6.900e+01	3	bucket-chaising iteration
TIMER	1.437e-01	1.706e-01	1.943e-01	4	bulk_query: get recv_counts
TIMER	5.837e-01	9.438e-01	1.498e+00	4	bulk_query: all2all queries
Avg queries: 2.470e+03, max queries on proc 767: 197599
Inbalance factor: 7.999e+01x
TIMER	4.726e-02	6.808e-02	9.443e-01	4	bulk_query: local query
TIMER	5.917e-01	6.695e-01	7.409e-01	4	bulk_query: all2all query results
TIMER	5.196e+01	5.198e+01	5.201e+01	5	resolve_next_lcp: bulk_rmq
TIMER	7.973e-03	1.474e-02	2.591e-02	5	resolve_next_lcp: set LCP
TIMER	5.221e+01	5.221e+01	5.222e+01	5	LCP update
unresolved = 887691, unfinished = 430529
TIMER	6.094e+01	6.094e+01	6.096e+01	3	bucket-chaising iteration
TIMER	1.514e-01	1.748e-01	1.949e-01	4	bulk_query: get recv_counts
TIMER	4.947e-01	8.087e-01	1.262e+00	4	bulk_query: all2all queries
Avg queries: 1.156e+03, max queries on proc 767: 150161
Inbalance factor: 1.299e+02x
TIMER	5.417e-02	6.770e-02	6.450e-01	4	bulk_query: local query
TIMER	4.271e-01	5.291e-01	6.056e-01	4	bulk_query: all2all query results
TIMER	5.144e+01	5.145e+01	5.146e+01	5	resolve_next_lcp: bulk_rmq
TIMER	4.312e-03	7.349e-03	1.136e-02	5	resolve_next_lcp: set LCP
TIMER	5.165e+01	5.165e+01	5.165e+01	5	LCP update
unresolved = 397767, unfinished = 190943
TIMER	5.848e+01	5.848e+01	5.849e+01	3	bucket-chaising iteration
TIMER	1.548e-01	1.728e-01	1.916e-01	4	bulk_query: get recv_counts
TIMER	2.812e-01	6.809e-01	1.155e+00	4	bulk_query: all2all queries
Avg queries: 5.179e+02, max queries on proc 411: 92531
Inbalance factor: 1.787e+02x
TIMER	5.226e-02	6.724e-02	4.076e-01	4	bulk_query: local query
TIMER	2.705e-01	4.247e-01	5.163e-01	4	bulk_query: all2all query results
TIMER	5.140e+01	5.141e+01	5.143e+01	5	resolve_next_lcp: bulk_rmq
TIMER	2.934e-03	4.725e-03	7.117e-03	5	resolve_next_lcp: set LCP
TIMER	5.160e+01	5.161e+01	5.161e+01	5	LCP update
unresolved = 91070, unfinished = 45535
TIMER	5.710e+01	5.711e+01	5.712e+01	3	bucket-chaising iteration
TIMER	1.504e-01	1.702e-01	1.862e-01	4	bulk_query: get recv_counts
TIMER	8.641e-02	5.522e-01	9.799e-01	4	bulk_query: all2all queries
Avg queries: 1.186e+02, max queries on proc 27: 49248
Inbalance factor: 4.153e+02x
TIMER	4.698e-02	6.042e-02	2.251e-01	4	bulk_query: local query
TIMER	2.344e-01	3.483e-01	4.500e-01	4	bulk_query: all2all query results
TIMER	5.146e+01	5.147e+01	5.148e+01	5	resolve_next_lcp: bulk_rmq
TIMER	8.600e-04	1.821e-03	3.654e-03	5	resolve_next_lcp: set LCP
TIMER	5.165e+01	5.165e+01	5.166e+01	5	LCP update
unresolved = 0, unfinished = 0
TIMER	5.607e+01	5.608e+01	5.609e+01	3	bucket-chaising iteration
TIMER	2.053e+03	2.053e+03	2.053e+03	2	construct-msgs
TIMER	1.339e+01	1.496e+01	1.636e+01	2	fix-isa
PSAC time: 5.178e+03 ms
