== Node distribution == 
== p=96 processes on 2 nodes ==
--  Node: 'c476-134.stampede2.tacc.utexas.edu' (48/96)
        Ranks: 0, 1, 2, 3, 4, 5, 6, 7, 8, 9, 10, 11, 12, 13, 14, 15, 16, 17, 18, 19, 20, 21, 22, 23, 24, 25, 26, 27, 28, 29, 30, 31, 32, 33, 34, 35, 36, 37, 38, 39, 40, 41, 42, 43, 44, 45, 46, 47
--  Node: 'c477-003.stampede2.tacc.utexas.edu' (48/96)
        Ranks: 48, 49, 50, 51, 52, 53, 54, 55, 56, 57, 58, 59, 60, 61, 62, 63, 64, 65, 66, 67, 68, 69, 70, 71, 72, 73, 74, 75, 76, 77, 78, 79, 80, 81, 82, 83, 84, 85, 86, 87, 88, 89, 90, 91, 92, 93, 94, 95
Alphabet: {sigma=4, l=3, A=[A, C, G, T]}
TIMER	2.607e+01	2.608e+01	2.612e+01	1	get alphabet
TIMER	3.060e+02	3.115e+02	3.201e+02	2	kmer-gen
TIMER	3.448e+02	3.492e+02	3.697e+02	3	shift-buckets
TIMER	1.231e+04	1.234e+04	1.238e+04	3	ISA-to-SA
TIMER	4.048e+02	4.084e+02	4.173e+02	3	init-lcp
iteration 21: unfinished buckets = 51313051, unfinished elements = 252565175
TIMER	2.894e+02	2.921e+02	2.948e+02	3	rebucket
TIMER	4.446e+03	4.507e+03	4.558e+03	3	SA-to-ISA
TIMER	1.802e+04	1.802e+04	1.802e+04	3	sac-iteration
Starting Bucket chasing algorithm
unresolved = 252565180, unfinished = 51313051
TIMER	1.196e+02	1.226e+02	1.227e+02	3	get active elements
TIMER	5.055e-02	5.838e-02	7.563e-02	4	bulk_query: get recv_counts
TIMER	1.038e+02	1.098e+02	1.177e+02	4	bulk_query: all2all queries
Avg queries: 2.631e+06, max queries on proc 51: 10370837
Inbalance factor: 3.942e+00x
TIMER	4.509e+01	6.521e+01	1.704e+02	4	bulk_query: local query
TIMER	6.654e+01	7.089e+01	7.510e+01	4	bulk_query: all2all query results
TIMER	1.215e+03	1.238e+03	1.273e+03	5	resolve_next_lcp: bulk_rmq
TIMER	1.499e+01	2.213e+01	2.783e+01	5	resolve_next_lcp: set LCP
TIMER	1.304e+03	1.304e+03	1.304e+03	5	LCP update
unresolved = 83264472, unfinished = 25014138
TIMER	3.050e+03	3.051e+03	3.051e+03	3	bucket-chaising iteration
TIMER	5.201e-02	5.672e-02	7.684e-02	4	bulk_query: get recv_counts
TIMER	3.537e+01	3.706e+01	4.013e+01	4	bulk_query: all2all queries
Avg queries: 8.673e+05, max queries on proc 51: 7565031
Inbalance factor: 8.722e+00x
TIMER	6.351e+00	1.547e+01	9.682e+01	4	bulk_query: local query
TIMER	1.763e+01	2.147e+01	2.272e+01	4	bulk_query: all2all query results
TIMER	5.467e+02	5.562e+02	5.635e+02	5	resolve_next_lcp: bulk_rmq
TIMER	6.244e+00	7.366e+00	8.256e+00	5	resolve_next_lcp: set LCP
TIMER	5.734e+02	5.734e+02	5.734e+02	5	LCP update
unresolved = 39125110, unfinished = 14728266
TIMER	1.226e+03	1.227e+03	1.233e+03	3	bucket-chaising iteration
TIMER	4.824e-02	5.420e-02	6.923e-02	4	bulk_query: get recv_counts
TIMER	2.364e+01	2.510e+01	2.655e+01	4	bulk_query: all2all queries
Avg queries: 4.076e+05, max queries on proc 51: 5381275
Inbalance factor: 1.320e+01x
TIMER	9.953e-01	5.078e+00	5.978e+01	4	bulk_query: local query
TIMER	1.151e+01	1.381e+01	1.622e+01	4	bulk_query: all2all query results
TIMER	4.610e+02	4.616e+02	4.624e+02	5	resolve_next_lcp: bulk_rmq
TIMER	2.954e+00	3.315e+00	3.653e+00	5	resolve_next_lcp: set LCP
TIMER	4.662e+02	4.662e+02	4.662e+02	5	LCP update
unresolved = 21253898, unfinished = 9155159
TIMER	8.341e+02	8.362e+02	8.440e+02	3	bucket-chaising iteration
TIMER	3.811e-02	1.596e-01	1.682e-01	4	bulk_query: get recv_counts
TIMER	1.474e+01	1.569e+01	1.659e+01	4	bulk_query: all2all queries
Avg queries: 2.214e+05, max queries on proc 51: 3387786
Inbalance factor: 1.530e+01x
TIMER	1.388e-01	2.127e+00	3.341e+01	4	bulk_query: local query
TIMER	6.670e+00	7.672e+00	8.448e+00	4	bulk_query: all2all query results
TIMER	4.238e+02	4.242e+02	4.276e+02	5	resolve_next_lcp: bulk_rmq
TIMER	1.618e+00	1.761e+00	1.900e+00	5	resolve_next_lcp: set LCP
TIMER	4.296e+02	4.296e+02	4.296e+02	5	LCP update
unresolved = 12458753, unfinished = 5704526
TIMER	6.371e+02	6.382e+02	6.444e+02	3	bucket-chaising iteration
TIMER	8.794e-02	1.393e-01	2.023e-01	4	bulk_query: get recv_counts
TIMER	1.067e+01	1.121e+01	1.185e+01	4	bulk_query: all2all queries
Avg queries: 1.298e+05, max queries on proc 95: 2369254
Inbalance factor: 1.826e+01x
TIMER	9.506e-02	1.114e+00	2.180e+01	4	bulk_query: local query
TIMER	5.693e+00	6.507e+00	6.989e+00	4	bulk_query: all2all query results
TIMER	4.132e+02	4.138e+02	4.178e+02	5	resolve_next_lcp: bulk_rmq
TIMER	8.944e-01	1.012e+00	1.132e+00	5	resolve_next_lcp: set LCP
TIMER	4.191e+02	4.192e+02	4.192e+02	5	LCP update
unresolved = 7057961, unfinished = 3349572
TIMER	5.541e+02	5.541e+02	5.569e+02	3	bucket-chaising iteration
TIMER	4.473e-02	5.440e-02	6.943e-02	4	bulk_query: get recv_counts
TIMER	6.345e+00	7.742e+00	8.574e+00	4	bulk_query: all2all queries
Avg queries: 7.352e+04, max queries on proc 95: 1565624
Inbalance factor: 2.130e+01x
TIMER	4.254e-02	5.670e-01	1.366e+01	4	bulk_query: local query
TIMER	2.542e+00	2.959e+00	3.269e+00	4	bulk_query: all2all query results
TIMER	4.083e+02	4.087e+02	4.126e+02	5	resolve_next_lcp: bulk_rmq
TIMER	4.247e-01	4.915e-01	5.560e-01	5	resolve_next_lcp: set LCP
TIMER	4.133e+02	4.133e+02	4.133e+02	5	LCP update
unresolved = 3830919, unfinished = 1858430
TIMER	4.960e+02	4.961e+02	4.984e+02	3	bucket-chaising iteration
TIMER	4.088e-02	5.034e-02	7.720e-02	4	bulk_query: get recv_counts
TIMER	4.108e+00	4.987e+00	5.565e+00	4	bulk_query: all2all queries
Avg queries: 3.991e+04, max queries on proc 95: 948434
Inbalance factor: 2.377e+01x
TIMER	4.141e-02	2.988e-01	8.687e+00	4	bulk_query: local query
TIMER	1.118e+00	1.299e+00	1.499e+00	4	bulk_query: all2all query results
TIMER	4.083e+02	4.086e+02	4.117e+02	5	resolve_next_lcp: bulk_rmq
TIMER	2.222e-01	2.611e-01	3.102e-01	5	resolve_next_lcp: set LCP
TIMER	4.121e+02	4.121e+02	4.121e+02	5	LCP update
unresolved = 1897267, unfinished = 927479
TIMER	4.569e+02	4.569e+02	4.591e+02	3	bucket-chaising iteration
TIMER	3.889e-02	4.658e-02	6.932e-02	4	bulk_query: get recv_counts
TIMER	2.676e+00	3.363e+00	4.263e+00	4	bulk_query: all2all queries
Avg queries: 1.976e+04, max queries on proc 95: 447515
Inbalance factor: 2.264e+01x
TIMER	4.557e-02	1.532e-01	3.166e+00	4	bulk_query: local query
TIMER	4.367e-01	5.989e-01	7.880e-01	4	bulk_query: all2all query results
TIMER	4.048e+02	4.050e+02	4.079e+02	5	resolve_next_lcp: bulk_rmq
TIMER	8.247e-02	1.207e-01	1.584e-01	5	resolve_next_lcp: set LCP
TIMER	4.083e+02	4.083e+02	4.083e+02	5	LCP update
unresolved = 887691, unfinished = 430529
TIMER	4.310e+02	4.310e+02	4.310e+02	3	bucket-chaising iteration
TIMER	3.637e-02	5.262e-02	8.346e-02	4	bulk_query: get recv_counts
TIMER	5.490e-01	8.289e-01	9.842e-01	4	bulk_query: all2all queries
Avg queries: 9.247e+03, max queries on proc 95: 206909
Inbalance factor: 2.238e+01x
TIMER	4.356e-02	8.993e-02	9.281e-01	4	bulk_query: local query
TIMER	2.865e-01	3.674e-01	4.432e-01	4	bulk_query: all2all query results
TIMER	4.047e+02	4.049e+02	4.077e+02	5	resolve_next_lcp: bulk_rmq
TIMER	3.486e-02	5.403e-02	6.778e-02	5	resolve_next_lcp: set LCP
TIMER	4.079e+02	4.079e+02	4.079e+02	5	LCP update
unresolved = 397767, unfinished = 190943
TIMER	4.168e+02	4.168e+02	4.168e+02	3	bucket-chaising iteration
TIMER	3.157e-02	4.213e-02	5.803e-02	4	bulk_query: get recv_counts
TIMER	1.772e-01	2.536e-01	3.882e-01	4	bulk_query: all2all queries
Avg queries: 4.143e+03, max queries on proc 95: 113284
Inbalance factor: 2.734e+01x
TIMER	3.753e-02	5.510e-02	4.359e-01	4	bulk_query: local query
TIMER	1.187e-01	1.765e-01	2.286e-01	4	bulk_query: all2all query results
TIMER	4.033e+02	4.035e+02	4.064e+02	5	resolve_next_lcp: bulk_rmq
TIMER	2.449e-02	3.281e-02	4.305e-02	5	resolve_next_lcp: set LCP
TIMER	4.066e+02	4.066e+02	4.066e+02	5	LCP update
unresolved = 91070, unfinished = 45535
TIMER	4.110e+02	4.110e+02	4.136e+02	3	bucket-chaising iteration
TIMER	3.109e-02	4.709e-02	6.618e-02	4	bulk_query: get recv_counts
TIMER	7.436e-02	1.040e-01	1.698e-01	4	bulk_query: all2all queries
Avg queries: 9.486e+02, max queries on proc 3: 49248
Inbalance factor: 5.191e+01x
TIMER	3.678e-02	4.262e-02	2.399e-01	4	bulk_query: local query
TIMER	4.326e-02	7.578e-02	1.082e-01	4	bulk_query: all2all query results
TIMER	4.032e+02	4.034e+02	4.062e+02	5	resolve_next_lcp: bulk_rmq
TIMER	6.272e-03	1.462e-02	2.548e-02	5	resolve_next_lcp: set LCP
TIMER	4.063e+02	4.063e+02	4.063e+02	5	LCP update
unresolved = 0, unfinished = 0
TIMER	4.084e+02	4.084e+02	4.085e+02	3	bucket-chaising iteration
TIMER	9.090e+03	9.090e+03	9.090e+03	2	construct-msgs
TIMER	1.246e+02	1.309e+02	1.358e+02	2	fix-isa
PSAC time: 2.761e+04 ms
