== Node distribution == 
== p=768 processes on 16 nodes ==
--  Node: 'c476-134.stampede2.tacc.utexas.edu' (48/768)
        Ranks: 0, 1, 2, 3, 4, 5, 6, 7, 8, 9, 10, 11, 12, 13, 14, 15, 16, 17, 18, 19, 20, 21, 22, 23, 24, 25, 26, 27, 28, 29, 30, 31, 32, 33, 34, 35, 36, 37, 38, 39, 40, 41, 42, 43, 44, 45, 46, 47
--  Node: 'c477-003.stampede2.tacc.utexas.edu' (48/768)
        Ranks: 48, 49, 50, 51, 52, 53, 54, 55, 56, 57, 58, 59, 60, 61, 62, 63, 64, 65, 66, 67, 68, 69, 70, 71, 72, 73, 74, 75, 76, 77, 78, 79, 80, 81, 82, 83, 84, 85, 86, 87, 88, 89, 90, 91, 92, 93, 94, 95
--  Node: 'c477-004.stampede2.tacc.utexas.edu' (48/768)
        Ranks: 96, 97, 98, 99, 100, 101, 102, 103, 104, 105, 106, 107, 108, 109, 110, 111, 112, 113, 114, 115, 116, 117, 118, 119, 120, 121, 122, 123, 124, 125, 126, 127, 128, 129, 130, 131, 132, 133, 134, 135, 136, 137, 138, 139, 140, 141, 142, 143
--  Node: 'c477-012.stampede2.tacc.utexas.edu' (48/768)
        Ranks: 144, 145, 146, 147, 148, 149, 150, 151, 152, 153, 154, 155, 156, 157, 158, 159, 160, 161, 162, 163, 164, 165, 166, 167, 168, 169, 170, 171, 172, 173, 174, 175, 176, 177, 178, 179, 180, 181, 182, 183, 184, 185, 186, 187, 188, 189, 190, 191
--  Node: 'c477-013.stampede2.tacc.utexas.edu' (48/768)
        Ranks: 192, 193, 194, 195, 196, 197, 198, 199, 200, 201, 202, 203, 204, 205, 206, 207, 208, 209, 210, 211, 212, 213, 214, 215, 216, 217, 218, 219, 220, 221, 222, 223, 224, 225, 226, 227, 228, 229, 230, 231, 232, 233, 234, 235, 236, 237, 238, 239
--  Node: 'c477-014.stampede2.tacc.utexas.edu' (48/768)
        Ranks: 240, 241, 242, 243, 244, 245, 246, 247, 248, 249, 250, 251, 252, 253, 254, 255, 256, 257, 258, 259, 260, 261, 262, 263, 264, 265, 266, 267, 268, 269, 270, 271, 272, 273, 274, 275, 276, 277, 278, 279, 280, 281, 282, 283, 284, 285, 286, 287
--  Node: 'c477-041.stampede2.tacc.utexas.edu' (48/768)
        Ranks: 288, 289, 290, 291, 292, 293, 294, 295, 296, 297, 298, 299, 300, 301, 302, 303, 304, 305, 306, 307, 308, 309, 310, 311, 312, 313, 314, 315, 316, 317, 318, 319, 320, 321, 322, 323, 324, 325, 326, 327, 328, 329, 330, 331, 332, 333, 334, 335
--  Node: 'c477-051.stampede2.tacc.utexas.edu' (48/768)
        Ranks: 336, 337, 338, 339, 340, 341, 342, 343, 344, 345, 346, 347, 348, 349, 350, 351, 352, 353, 354, 355, 356, 357, 358, 359, 360, 361, 362, 363, 364, 365, 366, 367, 368, 369, 370, 371, 372, 373, 374, 375, 376, 377, 378, 379, 380, 381, 382, 383
--  Node: 'c477-111.stampede2.tacc.utexas.edu' (48/768)
        Ranks: 384, 385, 386, 387, 388, 389, 390, 391, 392, 393, 394, 395, 396, 397, 398, 399, 400, 401, 402, 403, 404, 405, 406, 407, 408, 409, 410, 411, 412, 413, 414, 415, 416, 417, 418, 419, 420, 421, 422, 423, 424, 425, 426, 427, 428, 429, 430, 431
--  Node: 'c477-112.stampede2.tacc.utexas.edu' (48/768)
        Ranks: 432, 433, 434, 435, 436, 437, 438, 439, 440, 441, 442, 443, 444, 445, 446, 447, 448, 449, 450, 451, 452, 453, 454, 455, 456, 457, 458, 459, 460, 461, 462, 463, 464, 465, 466, 467, 468, 469, 470, 471, 472, 473, 474, 475, 476, 477, 478, 479
--  Node: 'c477-114.stampede2.tacc.utexas.edu' (48/768)
        Ranks: 480, 481, 482, 483, 484, 485, 486, 487, 488, 489, 490, 491, 492, 493, 494, 495, 496, 497, 498, 499, 500, 501, 502, 503, 504, 505, 506, 507, 508, 509, 510, 511, 512, 513, 514, 515, 516, 517, 518, 519, 520, 521, 522, 523, 524, 525, 526, 527
--  Node: 'c477-122.stampede2.tacc.utexas.edu' (48/768)
        Ranks: 528, 529, 530, 531, 532, 533, 534, 535, 536, 537, 538, 539, 540, 541, 542, 543, 544, 545, 546, 547, 548, 549, 550, 551, 552, 553, 554, 555, 556, 557, 558, 559, 560, 561, 562, 563, 564, 565, 566, 567, 568, 569, 570, 571, 572, 573, 574, 575
--  Node: 'c492-101.stampede2.tacc.utexas.edu' (48/768)
        Ranks: 576, 577, 578, 579, 580, 581, 582, 583, 584, 585, 586, 587, 588, 589, 590, 591, 592, 593, 594, 595, 596, 597, 598, 599, 600, 601, 602, 603, 604, 605, 606, 607, 608, 609, 610, 611, 612, 613, 614, 615, 616, 617, 618, 619, 620, 621, 622, 623
--  Node: 'c493-084.stampede2.tacc.utexas.edu' (48/768)
        Ranks: 624, 625, 626, 627, 628, 629, 630, 631, 632, 633, 634, 635, 636, 637, 638, 639, 640, 641, 642, 643, 644, 645, 646, 647, 648, 649, 650, 651, 652, 653, 654, 655, 656, 657, 658, 659, 660, 661, 662, 663, 664, 665, 666, 667, 668, 669, 670, 671
--  Node: 'c494-071.stampede2.tacc.utexas.edu' (48/768)
        Ranks: 672, 673, 674, 675, 676, 677, 678, 679, 680, 681, 682, 683, 684, 685, 686, 687, 688, 689, 690, 691, 692, 693, 694, 695, 696, 697, 698, 699, 700, 701, 702, 703, 704, 705, 706, 707, 708, 709, 710, 711, 712, 713, 714, 715, 716, 717, 718, 719
--  Node: 'c495-022.stampede2.tacc.utexas.edu' (48/768)
        Ranks: 720, 721, 722, 723, 724, 725, 726, 727, 728, 729, 730, 731, 732, 733, 734, 735, 736, 737, 738, 739, 740, 741, 742, 743, 744, 745, 746, 747, 748, 749, 750, 751, 752, 753, 754, 755, 756, 757, 758, 759, 760, 761, 762, 763, 764, 765, 766, 767
Alphabet: {sigma=4, l=3, A=[A, C, G, T]}
TIMER	3.957e+00	3.969e+00	4.000e+00	1	get alphabet
TIMER	3.613e+01	3.835e+01	4.077e+01	2	kmer-gen
TIMER	4.025e+01	4.359e+01	5.092e+01	3	shift-buckets
TIMER	2.028e+03	2.036e+03	2.054e+03	3	ISA-to-SA
TIMER	4.918e+01	5.097e+01	5.426e+01	3	init-lcp
iteration 21: unfinished buckets = 51313051, unfinished elements = 252565122
TIMER	3.805e+01	3.875e+01	3.978e+01	3	rebucket
TIMER	8.161e+02	8.238e+02	8.343e+02	3	SA-to-ISA
TIMER	3.034e+03	3.034e+03	3.034e+03	3	sac-iteration
Starting Bucket chasing algorithm
unresolved = 252565180, unfinished = 51313051
TIMER	1.705e+01	1.706e+01	1.708e+01	3	get active elements
TIMER	1.615e-01	1.891e-01	2.120e-01	4	bulk_query: get recv_counts
TIMER	3.353e+01	3.492e+01	3.563e+01	4	bulk_query: all2all queries
Avg queries: 3.289e+05, max queries on proc 411: 2919817
Inbalance factor: 8.879e+00x
TIMER	2.599e+00	5.336e+00	3.571e+01	4	bulk_query: local query
TIMER	3.878e+01	4.141e+01	4.278e+01	4	bulk_query: all2all query results
TIMER	3.230e+02	3.284e+02	3.534e+02	5	resolve_next_lcp: bulk_rmq
TIMER	1.415e+00	2.596e+00	5.335e+00	5	resolve_next_lcp: set LCP
TIMER	3.590e+02	3.590e+02	3.590e+02	5	LCP update
unresolved = 83264472, unfinished = 25014138
TIMER	8.448e+02	8.448e+02	8.456e+02	3	bucket-chaising iteration
TIMER	1.737e-01	1.988e-01	2.199e-01	4	bulk_query: get recv_counts
TIMER	1.562e+01	1.607e+01	1.661e+01	4	bulk_query: all2all queries
Avg queries: 1.084e+05, max queries on proc 411: 2375599
Inbalance factor: 2.191e+01x
TIMER	2.467e-01	1.091e+00	2.536e+01	4	bulk_query: local query
TIMER	1.480e+01	1.509e+01	1.541e+01	4	bulk_query: all2all query results
TIMER	9.401e+01	9.503e+01	9.654e+01	5	resolve_next_lcp: bulk_rmq
TIMER	3.368e-01	8.030e-01	1.132e+00	5	resolve_next_lcp: set LCP
TIMER	9.787e+01	9.787e+01	9.788e+01	5	LCP update
unresolved = 39125110, unfinished = 14728266
TIMER	2.729e+02	2.729e+02	2.729e+02	3	bucket-chaising iteration
TIMER	1.524e-01	1.832e-01	2.046e-01	4	bulk_query: get recv_counts
TIMER	8.155e+00	8.529e+00	8.873e+00	4	bulk_query: all2all queries
Avg queries: 5.094e+04, max queries on proc 411: 1762394
Inbalance factor: 3.459e+01x
TIMER	7.272e-02	4.456e-01	1.692e+01	4	bulk_query: local query
TIMER	7.110e+00	7.867e+00	8.424e+00	4	bulk_query: all2all query results
TIMER	6.804e+01	6.825e+01	6.880e+01	5	resolve_next_lcp: bulk_rmq
TIMER	1.638e-01	2.771e-01	3.850e-01	5	resolve_next_lcp: set LCP
TIMER	6.937e+01	6.938e+01	6.939e+01	5	LCP update
unresolved = 21253898, unfinished = 9155159
TIMER	1.655e+02	1.655e+02	1.655e+02	3	bucket-chaising iteration
TIMER	1.537e-01	1.770e-01	2.016e-01	4	bulk_query: get recv_counts
TIMER	2.598e+00	5.968e+00	6.379e+00	4	bulk_query: all2all queries
Avg queries: 2.767e+04, max queries on proc 765: 1404879
Inbalance factor: 5.076e+01x
TIMER	1.129e-01	2.979e-01	1.110e+01	4	bulk_query: local query
TIMER	4.120e+00	4.462e+00	4.811e+00	4	bulk_query: all2all query results
TIMER	5.843e+01	5.848e+01	5.858e+01	5	resolve_next_lcp: bulk_rmq
TIMER	8.793e-02	1.277e-01	1.723e-01	5	resolve_next_lcp: set LCP
TIMER	5.893e+01	5.895e+01	5.896e+01	5	LCP update
unresolved = 12458753, unfinished = 5704526
TIMER	1.187e+02	1.187e+02	1.187e+02	3	bucket-chaising iteration
TIMER	1.590e-01	2.141e-01	2.729e-01	4	bulk_query: get recv_counts
TIMER	1.764e+00	3.858e+00	5.041e+00	4	bulk_query: all2all queries
Avg queries: 1.622e+04, max queries on proc 765: 1091160
Inbalance factor: 6.726e+01x
TIMER	6.383e-02	1.570e-01	8.137e+00	4	bulk_query: local query
TIMER	2.703e+00	2.941e+00	3.182e+00	4	bulk_query: all2all query results
TIMER	6.522e+01	6.526e+01	6.532e+01	5	resolve_next_lcp: bulk_rmq
TIMER	4.934e-02	7.416e-02	1.048e-01	5	resolve_next_lcp: set LCP
TIMER	6.559e+01	6.559e+01	6.559e+01	5	LCP update
unresolved = 7057961, unfinished = 3349572
TIMER	2.658e+02	2.658e+02	2.658e+02	3	bucket-chaising iteration
TIMER	1.546e-01	1.769e-01	1.939e-01	4	bulk_query: get recv_counts
TIMER	1.260e+00	2.183e+00	3.523e+00	4	bulk_query: all2all queries
Avg queries: 9.190e+03, max queries on proc 765: 726439
Inbalance factor: 7.905e+01x
TIMER	5.797e-02	1.084e-01	4.916e+00	4	bulk_query: local query
TIMER	1.715e+00	1.855e+00	2.041e+00	4	bulk_query: all2all query results
TIMER	5.356e+01	5.360e+01	5.364e+01	5	resolve_next_lcp: bulk_rmq
TIMER	2.364e-02	4.295e-02	6.494e-02	5	resolve_next_lcp: set LCP
TIMER	5.390e+01	5.392e+01	5.393e+01	5	LCP update
unresolved = 3830919, unfinished = 1858430
TIMER	8.196e+01	8.196e+01	8.198e+01	3	bucket-chaising iteration
TIMER	1.489e-01	1.723e-01	2.029e-01	4	bulk_query: get recv_counts
TIMER	8.268e-01	1.306e+00	2.164e+00	4	bulk_query: all2all queries
Avg queries: 4.988e+03, max queries on proc 765: 376813
Inbalance factor: 7.554e+01x
TIMER	4.590e-02	8.405e-02	2.275e+00	4	bulk_query: local query
TIMER	9.618e-01	1.106e+00	1.244e+00	4	bulk_query: all2all query results
TIMER	5.262e+01	5.265e+01	5.271e+01	5	resolve_next_lcp: bulk_rmq
TIMER	1.696e-02	2.638e-02	7.822e-02	5	resolve_next_lcp: set LCP
TIMER	5.296e+01	5.296e+01	5.297e+01	5	LCP update
unresolved = 1897267, unfinished = 927479
TIMER	6.859e+01	6.860e+01	6.862e+01	3	bucket-chaising iteration
TIMER	1.519e-01	1.692e-01	1.865e-01	4	bulk_query: get recv_counts
TIMER	5.856e-01	9.398e-01	1.468e+00	4	bulk_query: all2all queries
Avg queries: 2.470e+03, max queries on proc 767: 197599
Inbalance factor: 7.999e+01x
TIMER	5.364e-02	7.012e-02	9.089e-01	4	bulk_query: local query
TIMER	5.693e-01	6.574e-01	7.312e-01	4	bulk_query: all2all query results
TIMER	5.201e+01	5.247e+01	5.264e+01	5	resolve_next_lcp: bulk_rmq
TIMER	7.768e-03	1.466e-02	2.453e-02	5	resolve_next_lcp: set LCP
TIMER	5.284e+01	5.285e+01	5.286e+01	5	LCP update
unresolved = 887691, unfinished = 430529
TIMER	6.146e+01	6.147e+01	6.149e+01	3	bucket-chaising iteration
TIMER	1.525e-01	1.798e-01	2.307e-01	4	bulk_query: get recv_counts
TIMER	4.477e-01	7.890e-01	1.247e+00	4	bulk_query: all2all queries
Avg queries: 1.156e+03, max queries on proc 767: 150161
Inbalance factor: 1.299e+02x
TIMER	5.431e-02	6.924e-02	5.796e-01	4	bulk_query: local query
TIMER	4.151e-01	5.073e-01	5.749e-01	4	bulk_query: all2all query results
TIMER	5.129e+01	5.132e+01	5.137e+01	5	resolve_next_lcp: bulk_rmq
TIMER	4.897e-03	7.425e-03	1.200e-02	5	resolve_next_lcp: set LCP
TIMER	5.154e+01	5.154e+01	5.155e+01	5	LCP update
unresolved = 397767, unfinished = 190943
TIMER	5.831e+01	5.832e+01	5.833e+01	3	bucket-chaising iteration
TIMER	1.526e-01	1.730e-01	1.978e-01	4	bulk_query: get recv_counts
TIMER	2.398e-01	6.732e-01	1.141e+00	4	bulk_query: all2all queries
Avg queries: 5.179e+02, max queries on proc 411: 92531
Inbalance factor: 1.787e+02x
TIMER	4.586e-02	6.101e-02	3.785e-01	4	bulk_query: local query
TIMER	2.841e-01	4.310e-01	5.088e-01	4	bulk_query: all2all query results
TIMER	5.141e+01	5.143e+01	5.146e+01	5	resolve_next_lcp: bulk_rmq
TIMER	2.812e-03	4.714e-03	7.159e-03	5	resolve_next_lcp: set LCP
TIMER	5.162e+01	5.163e+01	5.163e+01	5	LCP update
unresolved = 91070, unfinished = 45535
TIMER	5.715e+01	5.716e+01	5.717e+01	3	bucket-chaising iteration
TIMER	1.519e-01	1.723e-01	1.878e-01	4	bulk_query: get recv_counts
TIMER	8.539e-02	5.559e-01	9.995e-01	4	bulk_query: all2all queries
Avg queries: 1.186e+02, max queries on proc 27: 49248
Inbalance factor: 4.153e+02x
TIMER	4.745e-02	5.631e-02	2.485e-01	4	bulk_query: local query
TIMER	2.479e-01	3.444e-01	4.476e-01	4	bulk_query: all2all query results
TIMER	5.229e+01	5.232e+01	5.233e+01	5	resolve_next_lcp: bulk_rmq
TIMER	9.590e-04	1.830e-03	3.364e-03	5	resolve_next_lcp: set LCP
TIMER	5.249e+01	5.250e+01	5.250e+01	5	LCP update
unresolved = 0, unfinished = 0
TIMER	5.696e+01	5.696e+01	5.697e+01	3	bucket-chaising iteration
TIMER	2.071e+03	2.071e+03	2.071e+03	2	construct-msgs
TIMER	1.338e+01	1.495e+01	1.638e+01	2	fix-isa
PSAC time: 5.184e+03 ms
