== Node distribution == 
== p=96 processes on 2 nodes ==
--  Node: 'c506-121.stampede2.tacc.utexas.edu' (48/96)
        Ranks: 0, 1, 2, 3, 4, 5, 6, 7, 8, 9, 10, 11, 12, 13, 14, 15, 16, 17, 18, 19, 20, 21, 22, 23, 24, 25, 26, 27, 28, 29, 30, 31, 32, 33, 34, 35, 36, 37, 38, 39, 40, 41, 42, 43, 44, 45, 46, 47
--  Node: 'c506-122.stampede2.tacc.utexas.edu' (48/96)
        Ranks: 48, 49, 50, 51, 52, 53, 54, 55, 56, 57, 58, 59, 60, 61, 62, 63, 64, 65, 66, 67, 68, 69, 70, 71, 72, 73, 74, 75, 76, 77, 78, 79, 80, 81, 82, 83, 84, 85, 86, 87, 88, 89, 90, 91, 92, 93, 94, 95
Alphabet: {sigma=4, l=3, A=[A, C, G, T]}
TIMER	2.609e+01	2.609e+01	2.613e+01	1	get alphabet
TIMER	3.040e+02	3.093e+02	3.176e+02	2	kmer-gen
TIMER	3.445e+02	3.480e+02	3.621e+02	3	shift-buckets
TIMER	1.227e+04	1.231e+04	1.235e+04	3	ISA-to-SA
TIMER	4.069e+02	4.117e+02	4.291e+02	3	init-lcp
iteration 21: unfinished buckets = 51313051, unfinished elements = 252565175
TIMER	2.924e+02	2.946e+02	2.968e+02	3	rebucket
TIMER	4.353e+03	4.490e+03	4.540e+03	3	SA-to-ISA
TIMER	1.798e+04	1.798e+04	1.798e+04	3	sac-iteration
Starting Bucket chasing algorithm
unresolved = 252565180, unfinished = 51313051
TIMER	1.217e+02	1.245e+02	1.255e+02	3	get active elements
TIMER	4.940e-02	5.974e-02	8.174e-02	4	bulk_query: get recv_counts
TIMER	7.521e+01	7.897e+01	8.215e+01	4	bulk_query: all2all queries
Avg queries: 2.631e+06, max queries on proc 51: 10370837
Inbalance factor: 3.942e+00x
TIMER	4.263e+01	6.490e+01	1.695e+02	4	bulk_query: local query
TIMER	6.107e+01	6.413e+01	6.759e+01	4	bulk_query: all2all query results
TIMER	1.208e+03	1.230e+03	1.265e+03	5	resolve_next_lcp: bulk_rmq
TIMER	1.491e+01	2.210e+01	2.811e+01	5	resolve_next_lcp: set LCP
TIMER	1.294e+03	1.294e+03	1.294e+03	5	LCP update
unresolved = 83264472, unfinished = 25014138
TIMER	2.993e+03	2.994e+03	2.996e+03	3	bucket-chaising iteration
TIMER	4.794e-02	5.265e-02	7.132e-02	4	bulk_query: get recv_counts
TIMER	3.406e+01	3.645e+01	3.897e+01	4	bulk_query: all2all queries
Avg queries: 8.673e+05, max queries on proc 51: 7565031
Inbalance factor: 8.722e+00x
TIMER	6.392e+00	1.544e+01	9.580e+01	4	bulk_query: local query
TIMER	1.777e+01	2.165e+01	2.308e+01	4	bulk_query: all2all query results
TIMER	5.417e+02	5.509e+02	5.588e+02	5	resolve_next_lcp: bulk_rmq
TIMER	6.180e+00	7.363e+00	8.213e+00	5	resolve_next_lcp: set LCP
TIMER	5.672e+02	5.672e+02	5.672e+02	5	LCP update
unresolved = 39125110, unfinished = 14728266
TIMER	1.218e+03	1.219e+03	1.225e+03	3	bucket-chaising iteration
TIMER	4.616e-02	5.004e-02	5.710e-02	4	bulk_query: get recv_counts
TIMER	2.363e+01	2.508e+01	2.643e+01	4	bulk_query: all2all queries
Avg queries: 4.076e+05, max queries on proc 51: 5381275
Inbalance factor: 1.320e+01x
TIMER	1.030e+00	5.035e+00	6.017e+01	4	bulk_query: local query
TIMER	1.145e+01	1.372e+01	1.467e+01	4	bulk_query: all2all query results
TIMER	4.596e+02	4.602e+02	4.610e+02	5	resolve_next_lcp: bulk_rmq
TIMER	2.930e+00	3.319e+00	4.555e+00	5	resolve_next_lcp: set LCP
TIMER	4.660e+02	4.660e+02	4.660e+02	5	LCP update
unresolved = 21253898, unfinished = 9155159
TIMER	8.324e+02	8.346e+02	8.420e+02	3	bucket-chaising iteration
TIMER	4.511e-02	5.090e-02	5.907e-02	4	bulk_query: get recv_counts
TIMER	1.479e+01	1.568e+01	1.658e+01	4	bulk_query: all2all queries
Avg queries: 2.214e+05, max queries on proc 51: 3387786
Inbalance factor: 1.530e+01x
TIMER	1.461e-01	2.153e+00	3.439e+01	4	bulk_query: local query
TIMER	6.731e+00	7.536e+00	8.198e+00	4	bulk_query: all2all query results
TIMER	4.220e+02	4.224e+02	4.252e+02	5	resolve_next_lcp: bulk_rmq
TIMER	1.613e+00	1.756e+00	1.918e+00	5	resolve_next_lcp: set LCP
TIMER	4.273e+02	4.273e+02	4.273e+02	5	LCP update
unresolved = 12458753, unfinished = 5704526
TIMER	6.441e+02	6.449e+02	6.503e+02	3	bucket-chaising iteration
TIMER	4.594e-02	4.927e-02	5.403e-02	4	bulk_query: get recv_counts
TIMER	1.006e+01	1.068e+01	1.130e+01	4	bulk_query: all2all queries
Avg queries: 1.298e+05, max queries on proc 95: 2369254
Inbalance factor: 1.826e+01x
TIMER	5.921e-02	1.117e+00	2.199e+01	4	bulk_query: local query
TIMER	4.333e+00	5.035e+00	5.423e+00	4	bulk_query: all2all query results
TIMER	4.145e+02	4.150e+02	4.190e+02	5	resolve_next_lcp: bulk_rmq
TIMER	8.935e-01	1.010e+00	1.124e+00	5	resolve_next_lcp: set LCP
TIMER	4.202e+02	4.202e+02	4.203e+02	5	LCP update
unresolved = 7057961, unfinished = 3349572
TIMER	5.536e+02	5.538e+02	5.574e+02	3	bucket-chaising iteration
TIMER	4.075e-02	4.959e-02	7.667e-02	4	bulk_query: get recv_counts
TIMER	6.347e+00	7.895e+00	8.199e+00	4	bulk_query: all2all queries
Avg queries: 7.352e+04, max queries on proc 95: 1565624
Inbalance factor: 2.130e+01x
TIMER	4.560e-02	5.793e-01	1.376e+01	4	bulk_query: local query
TIMER	2.567e+00	3.066e+00	3.449e+00	4	bulk_query: all2all query results
TIMER	4.108e+02	4.112e+02	4.156e+02	5	resolve_next_lcp: bulk_rmq
TIMER	4.183e-01	4.950e-01	5.695e-01	5	resolve_next_lcp: set LCP
TIMER	4.163e+02	4.163e+02	4.163e+02	5	LCP update
unresolved = 3830919, unfinished = 1858430
TIMER	4.990e+02	4.991e+02	5.013e+02	3	bucket-chaising iteration
TIMER	3.918e-02	4.760e-02	6.401e-02	4	bulk_query: get recv_counts
TIMER	4.051e+00	4.942e+00	5.546e+00	4	bulk_query: all2all queries
Avg queries: 3.991e+04, max queries on proc 95: 948434
Inbalance factor: 2.377e+01x
TIMER	5.795e-02	3.102e-01	8.695e+00	4	bulk_query: local query
TIMER	9.967e-01	1.196e+00	1.400e+00	4	bulk_query: all2all query results
TIMER	4.105e+02	4.108e+02	4.145e+02	5	resolve_next_lcp: bulk_rmq
TIMER	2.165e-01	2.592e-01	3.098e-01	5	resolve_next_lcp: set LCP
TIMER	4.150e+02	4.150e+02	4.150e+02	5	LCP update
unresolved = 1897267, unfinished = 927479
TIMER	4.590e+02	4.590e+02	4.614e+02	3	bucket-chaising iteration
TIMER	3.543e-02	4.380e-02	5.544e-02	4	bulk_query: get recv_counts
TIMER	2.420e+00	3.047e+00	3.985e+00	4	bulk_query: all2all queries
Avg queries: 1.976e+04, max queries on proc 95: 447515
Inbalance factor: 2.264e+01x
TIMER	4.424e-02	1.430e-01	3.168e+00	4	bulk_query: local query
TIMER	4.174e-01	5.875e-01	7.573e-01	4	bulk_query: all2all query results
TIMER	4.068e+02	4.071e+02	4.108e+02	5	resolve_next_lcp: bulk_rmq
TIMER	8.787e-02	1.212e-01	1.637e-01	5	resolve_next_lcp: set LCP
TIMER	4.111e+02	4.111e+02	4.111e+02	5	LCP update
unresolved = 887691, unfinished = 430529
TIMER	4.351e+02	4.351e+02	4.351e+02	3	bucket-chaising iteration
TIMER	3.627e-02	4.430e-02	5.330e-02	4	bulk_query: get recv_counts
TIMER	2.999e-01	4.698e-01	6.096e-01	4	bulk_query: all2all queries
Avg queries: 9.247e+03, max queries on proc 95: 206909
Inbalance factor: 2.238e+01x
TIMER	3.971e-02	7.773e-02	9.079e-01	4	bulk_query: local query
TIMER	2.788e-01	3.552e-01	4.302e-01	4	bulk_query: all2all query results
TIMER	4.056e+02	4.058e+02	4.094e+02	5	resolve_next_lcp: bulk_rmq
TIMER	3.843e-02	5.360e-02	6.923e-02	5	resolve_next_lcp: set LCP
TIMER	4.096e+02	4.096e+02	4.096e+02	5	LCP update
unresolved = 397767, unfinished = 190943
TIMER	4.178e+02	4.178e+02	4.178e+02	3	bucket-chaising iteration
TIMER	3.413e-02	3.878e-02	5.315e-02	4	bulk_query: get recv_counts
TIMER	1.850e-01	2.417e-01	3.749e-01	4	bulk_query: all2all queries
Avg queries: 4.143e+03, max queries on proc 95: 113284
Inbalance factor: 2.734e+01x
TIMER	3.856e-02	5.502e-02	4.371e-01	4	bulk_query: local query
TIMER	1.304e-01	1.874e-01	2.381e-01	4	bulk_query: all2all query results
TIMER	4.035e+02	4.037e+02	4.071e+02	5	resolve_next_lcp: bulk_rmq
TIMER	2.335e-02	3.281e-02	4.710e-02	5	resolve_next_lcp: set LCP
TIMER	4.073e+02	4.073e+02	4.073e+02	5	LCP update
unresolved = 91070, unfinished = 45535
TIMER	4.115e+02	4.115e+02	4.140e+02	3	bucket-chaising iteration
TIMER	2.686e-02	3.223e-02	4.496e-02	4	bulk_query: get recv_counts
TIMER	8.059e-02	1.095e-01	1.851e-01	4	bulk_query: all2all queries
Avg queries: 9.486e+02, max queries on proc 3: 49248
Inbalance factor: 5.191e+01x
TIMER	3.717e-02	4.264e-02	2.266e-01	4	bulk_query: local query
TIMER	4.159e-02	7.482e-02	1.098e-01	4	bulk_query: all2all query results
TIMER	4.028e+02	4.030e+02	4.065e+02	5	resolve_next_lcp: bulk_rmq
TIMER	6.668e-03	1.096e-02	2.389e-02	5	resolve_next_lcp: set LCP
TIMER	4.066e+02	4.066e+02	4.066e+02	5	LCP update
unresolved = 0, unfinished = 0
TIMER	4.086e+02	4.086e+02	4.086e+02	3	bucket-chaising iteration
TIMER	9.045e+03	9.045e+03	9.045e+03	2	construct-msgs
TIMER	1.225e+02	1.290e+02	1.341e+02	2	fix-isa
PSAC time: 2.752e+04 ms
