== Node distribution == 
== p=192 processes on 4 nodes ==
--  Node: 'c506-121.stampede2.tacc.utexas.edu' (48/192)
        Ranks: 0, 1, 2, 3, 4, 5, 6, 7, 8, 9, 10, 11, 12, 13, 14, 15, 16, 17, 18, 19, 20, 21, 22, 23, 24, 25, 26, 27, 28, 29, 30, 31, 32, 33, 34, 35, 36, 37, 38, 39, 40, 41, 42, 43, 44, 45, 46, 47
--  Node: 'c506-122.stampede2.tacc.utexas.edu' (48/192)
        Ranks: 48, 49, 50, 51, 52, 53, 54, 55, 56, 57, 58, 59, 60, 61, 62, 63, 64, 65, 66, 67, 68, 69, 70, 71, 72, 73, 74, 75, 76, 77, 78, 79, 80, 81, 82, 83, 84, 85, 86, 87, 88, 89, 90, 91, 92, 93, 94, 95
--  Node: 'c506-123.stampede2.tacc.utexas.edu' (48/192)
        Ranks: 96, 97, 98, 99, 100, 101, 102, 103, 104, 105, 106, 107, 108, 109, 110, 111, 112, 113, 114, 115, 116, 117, 118, 119, 120, 121, 122, 123, 124, 125, 126, 127, 128, 129, 130, 131, 132, 133, 134, 135, 136, 137, 138, 139, 140, 141, 142, 143
--  Node: 'c506-124.stampede2.tacc.utexas.edu' (48/192)
        Ranks: 144, 145, 146, 147, 148, 149, 150, 151, 152, 153, 154, 155, 156, 157, 158, 159, 160, 161, 162, 163, 164, 165, 166, 167, 168, 169, 170, 171, 172, 173, 174, 175, 176, 177, 178, 179, 180, 181, 182, 183, 184, 185, 186, 187, 188, 189, 190, 191
Alphabet: {sigma=4, l=3, A=[A, C, G, T]}
TIMER	1.341e+01	1.341e+01	1.346e+01	1	get alphabet
TIMER	1.506e+02	1.539e+02	1.573e+02	2	kmer-gen
TIMER	1.732e+02	1.757e+02	1.779e+02	3	shift-buckets
TIMER	6.855e+03	6.869e+03	6.901e+03	3	ISA-to-SA
TIMER	2.026e+02	2.052e+02	2.114e+02	3	init-lcp
iteration 21: unfinished buckets = 51313051, unfinished elements = 252565165
TIMER	1.462e+02	1.483e+02	1.500e+02	3	rebucket
TIMER	2.597e+03	2.616e+03	2.641e+03	3	SA-to-ISA
TIMER	1.008e+04	1.008e+04	1.008e+04	3	sac-iteration
Starting Bucket chasing algorithm
unresolved = 252565180, unfinished = 51313051
TIMER	6.508e+01	6.525e+01	6.527e+01	3	get active elements
TIMER	6.162e-02	7.191e-02	9.788e-02	4	bulk_query: get recv_counts
TIMER	6.153e+01	6.642e+01	6.839e+01	4	bulk_query: all2all queries
Avg queries: 1.315e+06, max queries on proc 102: 7318853
Inbalance factor: 5.564e+00x
TIMER	1.736e+01	2.939e+01	1.036e+02	4	bulk_query: local query
TIMER	5.055e+01	5.318e+01	5.488e+01	4	bulk_query: all2all query results
TIMER	7.648e+02	7.810e+02	8.120e+02	5	resolve_next_lcp: bulk_rmq
TIMER	6.740e+00	1.092e+01	1.608e+01	5	resolve_next_lcp: set LCP
TIMER	8.283e+02	8.283e+02	8.283e+02	5	LCP update
unresolved = 83264472, unfinished = 25014138
TIMER	1.887e+03	1.888e+03	1.889e+03	3	bucket-chaising iteration
TIMER	5.840e-02	6.848e-02	8.238e-02	4	bulk_query: get recv_counts
TIMER	3.991e+01	4.055e+01	4.203e+01	4	bulk_query: all2all queries
Avg queries: 4.337e+05, max queries on proc 102: 5585353
Inbalance factor: 1.288e+01x
TIMER	1.817e+00	6.183e+00	6.703e+01	4	bulk_query: local query
TIMER	2.750e+01	2.863e+01	2.964e+01	4	bulk_query: all2all query results
TIMER	3.204e+02	3.224e+02	3.257e+02	5	resolve_next_lcp: bulk_rmq
TIMER	2.843e+00	3.604e+00	4.305e+00	5	resolve_next_lcp: set LCP
TIMER	3.302e+02	3.302e+02	3.302e+02	5	LCP update
unresolved = 39125110, unfinished = 14728266
TIMER	7.756e+02	7.758e+02	7.783e+02	3	bucket-chaising iteration
TIMER	6.267e-02	7.595e-02	9.106e-02	4	bulk_query: get recv_counts
TIMER	1.660e+01	1.729e+01	1.888e+01	4	bulk_query: all2all queries
Avg queries: 2.038e+05, max queries on proc 102: 4113032
Inbalance factor: 2.018e+01x
TIMER	2.781e-01	2.050e+00	4.336e+01	4	bulk_query: local query
TIMER	1.477e+01	1.541e+01	1.591e+01	4	bulk_query: all2all query results
TIMER	2.404e+02	2.408e+02	2.417e+02	5	resolve_next_lcp: bulk_rmq
TIMER	1.339e+00	1.615e+00	1.864e+00	5	resolve_next_lcp: set LCP
TIMER	2.444e+02	2.444e+02	2.444e+02	5	LCP update
unresolved = 21253898, unfinished = 9155159
TIMER	4.988e+02	4.988e+02	5.007e+02	3	bucket-chaising iteration
TIMER	6.292e-02	7.803e-02	9.920e-02	4	bulk_query: get recv_counts
TIMER	1.224e+01	1.278e+01	1.411e+01	4	bulk_query: all2all queries
Avg queries: 1.107e+05, max queries on proc 191: 3062473
Inbalance factor: 2.767e+01x
TIMER	7.287e-02	9.439e-01	2.577e+01	4	bulk_query: local query
TIMER	9.035e+00	9.595e+00	9.990e+00	4	bulk_query: all2all query results
TIMER	2.153e+02	2.154e+02	2.157e+02	5	resolve_next_lcp: bulk_rmq
TIMER	6.258e-01	7.571e-01	9.186e-01	5	resolve_next_lcp: set LCP
TIMER	2.168e+02	2.168e+02	2.168e+02	5	LCP update
unresolved = 12458753, unfinished = 5704526
TIMER	3.751e+02	3.751e+02	3.751e+02	3	bucket-chaising iteration
TIMER	6.732e-02	8.342e-02	1.131e-01	4	bulk_query: get recv_counts
TIMER	1.203e+01	1.300e+01	1.396e+01	4	bulk_query: all2all queries
Avg queries: 6.489e+04, max queries on proc 191: 2232622
Inbalance factor: 3.441e+01x
TIMER	5.661e-02	5.048e-01	1.680e+01	4	bulk_query: local query
TIMER	5.094e+00	5.446e+00	6.113e+00	4	bulk_query: all2all query results
TIMER	2.080e+02	2.081e+02	2.083e+02	5	resolve_next_lcp: bulk_rmq
TIMER	3.124e-01	3.873e-01	4.706e-01	5	resolve_next_lcp: set LCP
TIMER	2.089e+02	2.089e+02	2.089e+02	5	LCP update
unresolved = 7057961, unfinished = 3349572
TIMER	3.242e+02	3.242e+02	3.242e+02	3	bucket-chaising iteration
TIMER	5.782e-02	7.519e-02	1.102e-01	4	bulk_query: get recv_counts
TIMER	2.435e+00	5.690e+00	7.564e+00	4	bulk_query: all2all queries
Avg queries: 3.676e+04, max queries on proc 191: 1516559
Inbalance factor: 4.126e+01x
TIMER	5.533e-02	2.797e-01	1.098e+01	4	bulk_query: local query
TIMER	3.690e+00	3.954e+00	4.343e+00	4	bulk_query: all2all query results
TIMER	2.039e+02	2.039e+02	2.040e+02	5	resolve_next_lcp: bulk_rmq
TIMER	1.557e-01	2.027e-01	2.570e-01	5	resolve_next_lcp: set LCP
TIMER	2.044e+02	2.044e+02	2.044e+02	5	LCP update
unresolved = 3830919, unfinished = 1858430
TIMER	2.702e+02	2.702e+02	2.702e+02	3	bucket-chaising iteration
TIMER	5.703e-02	6.409e-02	8.489e-02	4	bulk_query: get recv_counts
TIMER	1.648e+00	2.372e+00	3.444e+00	4	bulk_query: all2all queries
Avg queries: 1.995e+04, max queries on proc 191: 932599
Inbalance factor: 4.674e+01x
TIMER	5.489e-02	1.637e-01	5.968e+00	4	bulk_query: local query
TIMER	1.317e+00	1.455e+00	1.715e+00	4	bulk_query: all2all query results
TIMER	2.040e+02	2.041e+02	2.041e+02	5	resolve_next_lcp: bulk_rmq
TIMER	7.188e-02	1.111e-01	1.502e-01	5	resolve_next_lcp: set LCP
TIMER	2.044e+02	2.044e+02	2.044e+02	5	LCP update
unresolved = 1897267, unfinished = 927479
TIMER	2.394e+02	2.394e+02	2.394e+02	3	bucket-chaising iteration
TIMER	5.670e-02	6.797e-02	8.732e-02	4	bulk_query: get recv_counts
TIMER	6.430e-01	1.084e+00	1.700e+00	4	bulk_query: all2all queries
Avg queries: 9.882e+03, max queries on proc 191: 444407
Inbalance factor: 4.497e+01x
TIMER	5.559e-02	9.991e-02	2.421e+00	4	bulk_query: local query
TIMER	5.791e-01	7.349e-01	9.573e-01	4	bulk_query: all2all query results
TIMER	2.006e+02	2.006e+02	2.007e+02	5	resolve_next_lcp: bulk_rmq
TIMER	3.301e-02	5.479e-02	8.733e-02	5	resolve_next_lcp: set LCP
TIMER	2.009e+02	2.009e+02	2.009e+02	5	LCP update
unresolved = 887691, unfinished = 430529
TIMER	2.163e+02	2.163e+02	2.163e+02	3	bucket-chaising iteration
TIMER	5.262e-02	7.950e-02	1.164e-01	4	bulk_query: get recv_counts
TIMER	3.058e-01	4.524e-01	7.013e-01	4	bulk_query: all2all queries
Avg queries: 4.623e+03, max queries on proc 191: 206909
Inbalance factor: 4.475e+01x
TIMER	5.235e-02	7.368e-02	9.543e-01	4	bulk_query: local query
TIMER	3.116e-01	3.610e-01	4.276e-01	4	bulk_query: all2all query results
TIMER	2.031e+02	2.031e+02	2.031e+02	5	resolve_next_lcp: bulk_rmq
TIMER	1.953e-02	2.721e-02	5.676e-02	5	resolve_next_lcp: set LCP
TIMER	2.033e+02	2.033e+02	2.033e+02	5	LCP update
unresolved = 397767, unfinished = 190943
TIMER	2.104e+02	2.104e+02	2.105e+02	3	bucket-chaising iteration
TIMER	6.212e-02	8.364e-02	1.131e-01	4	bulk_query: get recv_counts
TIMER	1.780e-01	2.916e-01	4.559e-01	4	bulk_query: all2all queries
Avg queries: 2.072e+03, max queries on proc 191: 113284
Inbalance factor: 5.468e+01x
TIMER	4.879e-02	5.955e-02	4.954e-01	4	bulk_query: local query
TIMER	1.456e-01	2.210e-01	2.611e-01	4	bulk_query: all2all query results
TIMER	2.022e+02	2.022e+02	2.023e+02	5	resolve_next_lcp: bulk_rmq
TIMER	1.197e-02	1.681e-02	3.887e-02	5	resolve_next_lcp: set LCP
TIMER	2.025e+02	2.025e+02	2.025e+02	5	LCP update
unresolved = 91070, unfinished = 45535
TIMER	2.066e+02	2.066e+02	2.066e+02	3	bucket-chaising iteration
TIMER	4.208e-02	5.520e-02	7.101e-02	4	bulk_query: get recv_counts
TIMER	1.012e-01	1.590e-01	2.727e-01	4	bulk_query: all2all queries
Avg queries: 4.743e+02, max queries on proc 6: 49248
Inbalance factor: 1.038e+02x
TIMER	4.791e-02	5.293e-02	2.105e-01	4	bulk_query: local query
TIMER	7.774e-02	1.069e-01	1.453e-01	4	bulk_query: all2all query results
TIMER	2.028e+02	2.028e+02	2.028e+02	5	resolve_next_lcp: bulk_rmq
TIMER	3.464e-03	5.470e-03	8.284e-03	5	resolve_next_lcp: set LCP
TIMER	2.031e+02	2.031e+02	2.031e+02	5	LCP update
unresolved = 0, unfinished = 0
TIMER	2.052e+02	2.052e+02	2.052e+02	3	bucket-chaising iteration
TIMER	5.289e+03	5.289e+03	5.289e+03	2	construct-msgs
TIMER	5.852e+01	6.163e+01	6.394e+01	2	fix-isa
PSAC time: 1.561e+04 ms
