== Node distribution == 
== p=192 processes on 4 nodes ==
--  Node: 'c478-072.stampede2.tacc.utexas.edu' (48/192)
        Ranks: 0, 1, 2, 3, 4, 5, 6, 7, 8, 9, 10, 11, 12, 13, 14, 15, 16, 17, 18, 19, 20, 21, 22, 23, 24, 25, 26, 27, 28, 29, 30, 31, 32, 33, 34, 35, 36, 37, 38, 39, 40, 41, 42, 43, 44, 45, 46, 47
--  Node: 'c498-094.stampede2.tacc.utexas.edu' (48/192)
        Ranks: 48, 49, 50, 51, 52, 53, 54, 55, 56, 57, 58, 59, 60, 61, 62, 63, 64, 65, 66, 67, 68, 69, 70, 71, 72, 73, 74, 75, 76, 77, 78, 79, 80, 81, 82, 83, 84, 85, 86, 87, 88, 89, 90, 91, 92, 93, 94, 95
--  Node: 'c498-102.stampede2.tacc.utexas.edu' (48/192)
        Ranks: 96, 97, 98, 99, 100, 101, 102, 103, 104, 105, 106, 107, 108, 109, 110, 111, 112, 113, 114, 115, 116, 117, 118, 119, 120, 121, 122, 123, 124, 125, 126, 127, 128, 129, 130, 131, 132, 133, 134, 135, 136, 137, 138, 139, 140, 141, 142, 143
--  Node: 'c504-064.stampede2.tacc.utexas.edu' (48/192)
        Ranks: 144, 145, 146, 147, 148, 149, 150, 151, 152, 153, 154, 155, 156, 157, 158, 159, 160, 161, 162, 163, 164, 165, 166, 167, 168, 169, 170, 171, 172, 173, 174, 175, 176, 177, 178, 179, 180, 181, 182, 183, 184, 185, 186, 187, 188, 189, 190, 191
TIMER	6.607e+01	8.860e+01	1.482e+02	1	read input file
TIMER	1.312e+01	1.312e+01	1.313e+01	2	desa_construct: cpy str
Alphabet: {sigma=4, l=3, A=[A, C, G, T]}
TIMER	1.330e+01	1.331e+01	1.335e+01	3	get alphabet
TIMER	1.528e+02	1.584e+02	1.650e+02	4	kmer-gen
TIMER	1.696e+02	1.773e+02	2.023e+02	5	shift-buckets
TIMER	6.845e+03	6.859e+03	6.891e+03	5	ISA-to-SA
TIMER	2.724e+02	2.830e+02	2.947e+02	5	init-lcp
iteration 21: unfinished buckets = 51313051, unfinished elements = 252565165
TIMER	1.477e+02	1.493e+02	1.518e+02	5	rebucket
TIMER	2.669e+03	2.695e+03	2.725e+03	5	SA-to-ISA
TIMER	1.027e+04	1.027e+04	1.027e+04	5	sac-iteration
Starting Bucket chasing algorithm
unresolved = 252565180, unfinished = 51313051
TIMER	1.658e+02	1.658e+02	1.659e+02	5	get active elements
TIMER	6.489e-02	7.891e-02	1.253e-01	6	bulk_query: get recv_counts
TIMER	6.451e+01	6.683e+01	6.897e+01	6	bulk_query: all2all queries
Avg queries: 1.315e+06, max queries on proc 102: 7318853
Inbalance factor: 5.564e+00x
TIMER	1.723e+01	2.965e+01	1.049e+02	6	bulk_query: local query
TIMER	5.108e+01	5.265e+01	5.380e+01	6	bulk_query: all2all query results
TIMER	7.503e+02	7.652e+02	7.958e+02	7	resolve_next_lcp: bulk_rmq
TIMER	1.032e+01	1.488e+01	2.058e+01	7	resolve_next_lcp: set LCP
TIMER	8.166e+02	8.166e+02	8.166e+02	7	LCP update
unresolved = 83264472, unfinished = 25014138
TIMER	1.878e+03	1.878e+03	1.879e+03	5	bucket-chaising iteration
TIMER	6.348e-02	7.872e-02	1.083e-01	6	bulk_query: get recv_counts
TIMER	3.801e+01	3.892e+01	4.020e+01	6	bulk_query: all2all queries
Avg queries: 4.337e+05, max queries on proc 102: 5585353
Inbalance factor: 1.288e+01x
TIMER	1.891e+00	6.277e+00	6.789e+01	6	bulk_query: local query
TIMER	3.230e+01	3.424e+01	3.478e+01	6	bulk_query: all2all query results
TIMER	3.067e+02	3.084e+02	3.113e+02	7	resolve_next_lcp: bulk_rmq
TIMER	4.589e+00	5.734e+00	6.882e+00	7	resolve_next_lcp: set LCP
TIMER	3.184e+02	3.184e+02	3.184e+02	7	LCP update
unresolved = 39125110, unfinished = 14728266
TIMER	7.701e+02	7.703e+02	7.727e+02	5	bucket-chaising iteration
TIMER	7.259e-02	8.778e-02	1.223e-01	6	bulk_query: get recv_counts
TIMER	2.144e+01	2.341e+01	2.508e+01	6	bulk_query: all2all queries
Avg queries: 2.038e+05, max queries on proc 102: 4113032
Inbalance factor: 2.018e+01x
TIMER	2.652e-01	2.067e+00	4.480e+01	6	bulk_query: local query
TIMER	1.522e+01	1.591e+01	1.648e+01	6	bulk_query: all2all query results
TIMER	2.388e+02	2.392e+02	2.400e+02	7	resolve_next_lcp: bulk_rmq
TIMER	2.428e+00	2.836e+00	3.741e+00	7	resolve_next_lcp: set LCP
TIMER	2.466e+02	2.467e+02	2.467e+02	7	LCP update
unresolved = 21253898, unfinished = 9155159
TIMER	5.192e+02	5.193e+02	5.221e+02	5	bucket-chaising iteration
TIMER	6.578e-02	9.105e-02	1.323e-01	6	bulk_query: get recv_counts
TIMER	1.288e+01	1.357e+01	1.505e+01	6	bulk_query: all2all queries
Avg queries: 1.107e+05, max queries on proc 191: 3062473
Inbalance factor: 2.767e+01x
TIMER	7.473e-02	9.430e-01	2.692e+01	6	bulk_query: local query
TIMER	1.020e+01	1.165e+01	1.446e+01	6	bulk_query: all2all query results
TIMER	2.138e+02	2.140e+02	2.142e+02	7	resolve_next_lcp: bulk_rmq
TIMER	1.300e+00	1.489e+00	1.731e+00	7	resolve_next_lcp: set LCP
TIMER	2.161e+02	2.161e+02	2.161e+02	7	LCP update
unresolved = 12458753, unfinished = 5704526
TIMER	3.856e+02	3.856e+02	3.857e+02	5	bucket-chaising iteration
TIMER	7.626e-02	9.936e-02	1.173e-01	6	bulk_query: get recv_counts
TIMER	1.182e+01	1.297e+01	1.405e+01	6	bulk_query: all2all queries
Avg queries: 6.489e+04, max queries on proc 191: 2232622
Inbalance factor: 3.441e+01x
TIMER	6.027e-02	5.085e-01	1.694e+01	6	bulk_query: local query
TIMER	5.054e+00	5.443e+00	5.808e+00	6	bulk_query: all2all query results
TIMER	2.086e+02	2.087e+02	2.088e+02	7	resolve_next_lcp: bulk_rmq
TIMER	6.933e-01	8.415e-01	3.983e+00	7	resolve_next_lcp: set LCP
TIMER	2.131e+02	2.131e+02	2.131e+02	7	LCP update
unresolved = 7057961, unfinished = 3349572
TIMER	3.188e+02	3.188e+02	3.188e+02	5	bucket-chaising iteration
TIMER	6.802e-02	8.827e-02	1.160e-01	6	bulk_query: get recv_counts
TIMER	2.206e+00	5.606e+00	7.452e+00	6	bulk_query: all2all queries
Avg queries: 3.676e+04, max queries on proc 191: 1516559
Inbalance factor: 4.126e+01x
TIMER	5.268e-02	2.753e-01	1.102e+01	6	bulk_query: local query
TIMER	2.287e+00	2.869e+00	3.242e+00	6	bulk_query: all2all query results
TIMER	2.053e+02	2.053e+02	2.054e+02	7	resolve_next_lcp: bulk_rmq
TIMER	3.595e-01	4.362e-01	5.450e-01	7	resolve_next_lcp: set LCP
TIMER	2.061e+02	2.061e+02	2.062e+02	7	LCP update
unresolved = 3830919, unfinished = 1858430
TIMER	2.692e+02	2.692e+02	2.693e+02	5	bucket-chaising iteration
TIMER	5.789e-02	7.158e-02	1.098e-01	6	bulk_query: get recv_counts
TIMER	1.274e+00	2.414e+00	3.464e+00	6	bulk_query: all2all queries
Avg queries: 1.995e+04, max queries on proc 191: 932599
Inbalance factor: 4.674e+01x
TIMER	5.453e-02	1.588e-01	5.966e+00	6	bulk_query: local query
TIMER	1.273e+00	1.395e+00	1.638e+00	6	bulk_query: all2all query results
TIMER	2.018e+02	2.018e+02	2.019e+02	7	resolve_next_lcp: bulk_rmq
TIMER	1.850e-01	2.456e-01	4.282e-01	7	resolve_next_lcp: set LCP
TIMER	2.025e+02	2.025e+02	2.025e+02	7	LCP update
unresolved = 1897267, unfinished = 927479
TIMER	2.424e+02	2.424e+02	2.425e+02	5	bucket-chaising iteration
TIMER	5.545e-02	7.460e-02	9.860e-02	6	bulk_query: get recv_counts
TIMER	6.772e-01	1.125e+00	1.657e+00	6	bulk_query: all2all queries
Avg queries: 9.882e+03, max queries on proc 191: 444407
Inbalance factor: 4.497e+01x
TIMER	6.102e-02	1.082e-01	2.377e+00	6	bulk_query: local query
TIMER	6.010e-01	7.496e-01	9.619e-01	6	bulk_query: all2all query results
TIMER	2.032e+02	2.033e+02	2.033e+02	7	resolve_next_lcp: bulk_rmq
TIMER	7.809e-02	1.210e-01	3.337e-01	7	resolve_next_lcp: set LCP
TIMER	2.038e+02	2.038e+02	2.038e+02	7	LCP update
unresolved = 887691, unfinished = 430529
TIMER	2.200e+02	2.200e+02	2.200e+02	5	bucket-chaising iteration
TIMER	5.193e-02	6.651e-02	9.575e-02	6	bulk_query: get recv_counts
TIMER	3.435e-01	5.535e-01	1.153e+00	6	bulk_query: all2all queries
Avg queries: 4.623e+03, max queries on proc 191: 206909
Inbalance factor: 4.475e+01x
TIMER	5.371e-02	7.657e-02	9.561e-01	6	bulk_query: local query
TIMER	3.210e-01	3.693e-01	4.373e-01	6	bulk_query: all2all query results
TIMER	2.045e+02	2.045e+02	2.046e+02	7	resolve_next_lcp: bulk_rmq
TIMER	3.985e-02	6.191e-02	2.208e-01	7	resolve_next_lcp: set LCP
TIMER	2.050e+02	2.050e+02	2.050e+02	7	LCP update
unresolved = 397767, unfinished = 190943
TIMER	2.132e+02	2.132e+02	2.132e+02	5	bucket-chaising iteration
TIMER	6.468e-02	8.878e-02	1.292e-01	6	bulk_query: get recv_counts
TIMER	2.107e-01	3.171e-01	4.868e-01	6	bulk_query: all2all queries
Avg queries: 2.072e+03, max queries on proc 191: 113284
Inbalance factor: 5.468e+01x
TIMER	5.465e-02	6.423e-02	4.730e-01	6	bulk_query: local query
TIMER	1.559e-01	2.134e-01	2.636e-01	6	bulk_query: all2all query results
TIMER	2.021e+02	2.021e+02	2.022e+02	7	resolve_next_lcp: bulk_rmq
TIMER	2.573e-02	4.252e-02	1.857e-01	7	resolve_next_lcp: set LCP
TIMER	2.025e+02	2.025e+02	2.025e+02	7	LCP update
unresolved = 91070, unfinished = 45535
TIMER	2.068e+02	2.068e+02	2.068e+02	5	bucket-chaising iteration
TIMER	5.213e-02	8.391e-02	1.249e-01	6	bulk_query: get recv_counts
TIMER	1.082e-01	1.689e-01	3.025e-01	6	bulk_query: all2all queries
Avg queries: 4.743e+02, max queries on proc 6: 49248
Inbalance factor: 1.038e+02x
TIMER	6.202e-02	6.661e-02	2.470e-01	6	bulk_query: local query
TIMER	7.485e-02	1.075e-01	1.552e-01	6	bulk_query: all2all query results
TIMER	2.031e+02	2.031e+02	2.032e+02	7	resolve_next_lcp: bulk_rmq
TIMER	5.556e-03	1.594e-02	6.641e-02	7	resolve_next_lcp: set LCP
TIMER	2.034e+02	2.034e+02	2.034e+02	7	LCP update
unresolved = 0, unfinished = 0
TIMER	2.059e+02	2.059e+02	2.059e+02	5	bucket-chaising iteration
TIMER	5.409e+03	5.409e+03	5.409e+03	4	construct-msgs
TIMER	5.807e+01	6.267e+01	6.485e+01	4	fix-isa
TIMER	1.592e+04	1.592e+04	1.592e+04	2	desa_construct: SA/LCP construct
TIMER	3.175e+02	3.176e+02	3.177e+02	2	desa_construct: TLI construct
TIMER	3.127e-02	3.645e-02	6.016e-02	3	repartition: 1D-partition
TIMER	4.305e-01	4.325e-01	4.370e-01	2	desa_construct: 1-D partition
TIMER	4.948e+02	4.952e+02	4.957e+02	3	repartition: redistribute
TIMER	4.959e+02	4.959e+02	4.991e+02	2	desa_construct: repartition
TIMER	1.907e+02	1.949e+02	1.992e+02	2	desa_construct: RMQ construct
TIMER	8.512e-02	1.493e-01	2.600e-01	3	bulk_query: get recv_counts
TIMER	4.941e+02	5.116e+02	5.277e+02	3	bulk_query: all2all queries
Avg queries: 1.492e+07, max queries on proc 173: 14920893
Inbalance factor: 1.000e+00x
TIMER	2.431e+02	2.596e+02	2.734e+02	3	bulk_query: local query
TIMER	6.064e+01	6.203e+01	6.296e+01	3	bulk_query: all2all query results
TIMER	1.673e+03	1.682e+03	1.712e+03	2	desa_construct: Lc naive construct
TIMER	1.867e+04	1.867e+04	1.867e+04	1	construct idx
