== Node distribution == 
== p=384 processes on 8 nodes ==
--  Node: 'c478-072.stampede2.tacc.utexas.edu' (48/384)
        Ranks: 0, 1, 2, 3, 4, 5, 6, 7, 8, 9, 10, 11, 12, 13, 14, 15, 16, 17, 18, 19, 20, 21, 22, 23, 24, 25, 26, 27, 28, 29, 30, 31, 32, 33, 34, 35, 36, 37, 38, 39, 40, 41, 42, 43, 44, 45, 46, 47
--  Node: 'c498-094.stampede2.tacc.utexas.edu' (48/384)
        Ranks: 48, 49, 50, 51, 52, 53, 54, 55, 56, 57, 58, 59, 60, 61, 62, 63, 64, 65, 66, 67, 68, 69, 70, 71, 72, 73, 74, 75, 76, 77, 78, 79, 80, 81, 82, 83, 84, 85, 86, 87, 88, 89, 90, 91, 92, 93, 94, 95
--  Node: 'c498-102.stampede2.tacc.utexas.edu' (48/384)
        Ranks: 96, 97, 98, 99, 100, 101, 102, 103, 104, 105, 106, 107, 108, 109, 110, 111, 112, 113, 114, 115, 116, 117, 118, 119, 120, 121, 122, 123, 124, 125, 126, 127, 128, 129, 130, 131, 132, 133, 134, 135, 136, 137, 138, 139, 140, 141, 142, 143
--  Node: 'c504-064.stampede2.tacc.utexas.edu' (48/384)
        Ranks: 144, 145, 146, 147, 148, 149, 150, 151, 152, 153, 154, 155, 156, 157, 158, 159, 160, 161, 162, 163, 164, 165, 166, 167, 168, 169, 170, 171, 172, 173, 174, 175, 176, 177, 178, 179, 180, 181, 182, 183, 184, 185, 186, 187, 188, 189, 190, 191
--  Node: 'c504-071.stampede2.tacc.utexas.edu' (48/384)
        Ranks: 192, 193, 194, 195, 196, 197, 198, 199, 200, 201, 202, 203, 204, 205, 206, 207, 208, 209, 210, 211, 212, 213, 214, 215, 216, 217, 218, 219, 220, 221, 222, 223, 224, 225, 226, 227, 228, 229, 230, 231, 232, 233, 234, 235, 236, 237, 238, 239
--  Node: 'c505-034.stampede2.tacc.utexas.edu' (48/384)
        Ranks: 240, 241, 242, 243, 244, 245, 246, 247, 248, 249, 250, 251, 252, 253, 254, 255, 256, 257, 258, 259, 260, 261, 262, 263, 264, 265, 266, 267, 268, 269, 270, 271, 272, 273, 274, 275, 276, 277, 278, 279, 280, 281, 282, 283, 284, 285, 286, 287
--  Node: 'c506-071.stampede2.tacc.utexas.edu' (48/384)
        Ranks: 288, 289, 290, 291, 292, 293, 294, 295, 296, 297, 298, 299, 300, 301, 302, 303, 304, 305, 306, 307, 308, 309, 310, 311, 312, 313, 314, 315, 316, 317, 318, 319, 320, 321, 322, 323, 324, 325, 326, 327, 328, 329, 330, 331, 332, 333, 334, 335
--  Node: 'c506-091.stampede2.tacc.utexas.edu' (48/384)
        Ranks: 336, 337, 338, 339, 340, 341, 342, 343, 344, 345, 346, 347, 348, 349, 350, 351, 352, 353, 354, 355, 356, 357, 358, 359, 360, 361, 362, 363, 364, 365, 366, 367, 368, 369, 370, 371, 372, 373, 374, 375, 376, 377, 378, 379, 380, 381, 382, 383
TIMER	3.313e+01	5.624e+01	7.584e+01	1	read input file
TIMER	6.894e+00	6.900e+00	6.905e+00	2	desa_construct: cpy str
Alphabet: {sigma=4, l=3, A=[A, C, G, T]}
TIMER	1.291e+01	1.291e+01	1.295e+01	3	get alphabet
TIMER	7.497e+01	7.858e+01	8.298e+01	4	kmer-gen
TIMER	8.404e+01	8.865e+01	1.022e+02	5	shift-buckets
TIMER	3.731e+03	3.745e+03	3.762e+03	5	ISA-to-SA
TIMER	1.368e+02	1.421e+02	1.938e+02	5	init-lcp
iteration 21: unfinished buckets = 51313051, unfinished elements = 252565151
TIMER	7.609e+01	7.726e+01	7.972e+01	5	rebucket
TIMER	1.341e+03	1.357e+03	1.373e+03	5	SA-to-ISA
TIMER	5.516e+03	5.516e+03	5.517e+03	5	sac-iteration
Starting Bucket chasing algorithm
unresolved = 252565180, unfinished = 51313051
TIMER	3.902e+01	4.001e+01	4.128e+01	5	get active elements
TIMER	1.006e-01	1.477e-01	1.746e-01	6	bulk_query: get recv_counts
TIMER	7.122e+01	7.495e+01	7.649e+01	6	bulk_query: all2all queries
Avg queries: 6.577e+05, max queries on proc 205: 5686338
Inbalance factor: 8.646e+00x
TIMER	6.130e+00	1.302e+01	7.313e+01	6	bulk_query: local query
TIMER	6.664e+01	6.895e+01	7.102e+01	6	bulk_query: all2all query results
TIMER	5.236e+02	5.319e+02	5.861e+02	7	resolve_next_lcp: bulk_rmq
TIMER	4.933e+00	7.474e+00	1.322e+01	7	resolve_next_lcp: set LCP
TIMER	5.997e+02	5.997e+02	5.997e+02	7	LCP update
unresolved = 83264472, unfinished = 25014138
TIMER	1.371e+03	1.372e+03	1.372e+03	5	bucket-chaising iteration
TIMER	1.245e-01	1.493e-01	2.701e-01	6	bulk_query: get recv_counts
TIMER	3.469e+01	3.565e+01	3.639e+01	6	bulk_query: all2all queries
Avg queries: 2.168e+05, max queries on proc 205: 4553617
Inbalance factor: 2.100e+01x
TIMER	6.515e-01	2.652e+00	5.096e+01	6	bulk_query: local query
TIMER	2.339e+01	2.410e+01	2.514e+01	6	bulk_query: all2all query results
TIMER	1.835e+02	1.846e+02	1.864e+02	7	resolve_next_lcp: bulk_rmq
TIMER	2.094e+00	2.858e+00	3.649e+00	7	resolve_next_lcp: set LCP
TIMER	1.902e+02	1.902e+02	1.902e+02	7	LCP update
unresolved = 39125110, unfinished = 14728266
TIMER	5.164e+02	5.164e+02	5.178e+02	5	bucket-chaising iteration
TIMER	9.999e-02	1.274e-01	1.587e-01	6	bulk_query: get recv_counts
TIMER	1.856e+01	1.939e+01	2.010e+01	6	bulk_query: all2all queries
Avg queries: 1.019e+05, max queries on proc 205: 3302336
Inbalance factor: 3.241e+01x
TIMER	1.219e-01	9.100e-01	3.282e+01	6	bulk_query: local query
TIMER	1.069e+01	1.141e+01	1.207e+01	6	bulk_query: all2all query results
TIMER	1.387e+02	1.390e+02	1.396e+02	7	resolve_next_lcp: bulk_rmq
TIMER	1.059e+00	1.312e+00	1.637e+00	7	resolve_next_lcp: set LCP
TIMER	1.414e+02	1.414e+02	1.414e+02	7	LCP update
unresolved = 21253898, unfinished = 9155159
TIMER	3.233e+02	3.233e+02	3.243e+02	5	bucket-chaising iteration
TIMER	1.021e-01	1.210e-01	1.569e-01	6	bulk_query: get recv_counts
TIMER	7.643e+00	7.879e+00	8.310e+00	6	bulk_query: all2all queries
Avg queries: 5.535e+04, max queries on proc 205: 2117007
Inbalance factor: 3.825e+01x
TIMER	7.813e-02	4.668e-01	1.618e+01	6	bulk_query: local query
TIMER	6.228e+00	6.543e+00	6.990e+00	6	bulk_query: all2all query results
TIMER	1.183e+02	1.184e+02	1.186e+02	7	resolve_next_lcp: bulk_rmq
TIMER	5.192e-01	6.342e-01	8.023e-01	7	resolve_next_lcp: set LCP
TIMER	1.196e+02	1.196e+02	1.196e+02	7	LCP update
unresolved = 12458753, unfinished = 5704526
TIMER	2.178e+02	2.178e+02	2.187e+02	5	bucket-chaising iteration
TIMER	1.055e-01	1.296e-01	1.564e-01	6	bulk_query: get recv_counts
TIMER	1.995e+00	4.732e+00	5.371e+00	6	bulk_query: all2all queries
Avg queries: 3.244e+04, max queries on proc 382: 1196893
Inbalance factor: 3.689e+01x
TIMER	6.348e-02	2.679e-01	9.151e+00	6	bulk_query: local query
TIMER	3.504e+00	3.628e+00	3.872e+00	6	bulk_query: all2all query results
TIMER	1.121e+02	1.122e+02	1.123e+02	7	resolve_next_lcp: bulk_rmq
TIMER	2.733e-01	3.556e-01	4.635e-01	7	resolve_next_lcp: set LCP
TIMER	1.130e+02	1.130e+02	1.130e+02	7	LCP update
unresolved = 7057961, unfinished = 3349572
TIMER	1.667e+02	1.667e+02	1.668e+02	5	bucket-chaising iteration
TIMER	1.016e-01	1.279e-01	1.458e-01	6	bulk_query: get recv_counts
TIMER	1.439e+00	2.468e+00	3.497e+00	6	bulk_query: all2all queries
Avg queries: 1.838e+04, max queries on proc 382: 796743
Inbalance factor: 4.335e+01x
TIMER	7.037e-02	1.768e-01	5.625e+00	6	bulk_query: local query
TIMER	1.680e+00	1.892e+00	2.213e+00	6	bulk_query: all2all query results
TIMER	1.192e+02	1.193e+02	1.194e+02	7	resolve_next_lcp: bulk_rmq
TIMER	1.487e-01	1.980e-01	4.341e-01	7	resolve_next_lcp: set LCP
TIMER	1.200e+02	1.200e+02	1.200e+02	7	LCP update
unresolved = 3830919, unfinished = 1858430
TIMER	1.537e+02	1.537e+02	1.537e+02	5	bucket-chaising iteration
TIMER	8.378e-02	1.135e-01	1.298e-01	6	bulk_query: get recv_counts
TIMER	8.424e-01	1.359e+00	2.178e+00	6	bulk_query: all2all queries
Avg queries: 9.976e+03, max queries on proc 383: 514056
Inbalance factor: 5.153e+01x
TIMER	5.278e-02	1.122e-01	3.218e+00	6	bulk_query: local query
TIMER	1.032e+00	1.144e+00	1.313e+00	6	bulk_query: all2all query results
TIMER	1.184e+02	1.186e+02	1.190e+02	7	resolve_next_lcp: bulk_rmq
TIMER	8.098e-02	1.130e-01	2.895e-01	7	resolve_next_lcp: set LCP
TIMER	1.196e+02	1.196e+02	1.196e+02	7	LCP update
unresolved = 1897267, unfinished = 927479
TIMER	1.408e+02	1.408e+02	1.408e+02	5	bucket-chaising iteration
TIMER	8.721e-02	1.108e-01	1.295e-01	6	bulk_query: get recv_counts
TIMER	5.416e-01	8.423e-01	1.387e+00	6	bulk_query: all2all queries
Avg queries: 4.941e+03, max queries on proc 383: 333922
Inbalance factor: 6.758e+01x
TIMER	9.902e-02	1.255e-01	1.618e+00	6	bulk_query: local query
TIMER	5.780e-01	6.746e-01	7.818e-01	6	bulk_query: all2all query results
TIMER	1.076e+02	1.077e+02	1.077e+02	7	resolve_next_lcp: bulk_rmq
TIMER	3.575e-02	5.741e-02	2.697e-01	7	resolve_next_lcp: set LCP
TIMER	1.082e+02	1.082e+02	1.082e+02	7	LCP update
unresolved = 887691, unfinished = 430529
TIMER	1.217e+02	1.217e+02	1.217e+02	5	bucket-chaising iteration
TIMER	7.466e-02	1.056e-01	1.302e-01	6	bulk_query: get recv_counts
TIMER	3.628e-01	5.558e-01	9.116e-01	6	bulk_query: all2all queries
Avg queries: 2.312e+03, max queries on proc 383: 205310
Inbalance factor: 8.881e+01x
TIMER	5.653e-02	7.357e-02	8.391e-01	6	bulk_query: local query
TIMER	3.289e-01	4.844e-01	6.050e-01	6	bulk_query: all2all query results
TIMER	1.087e+02	1.087e+02	1.088e+02	7	resolve_next_lcp: bulk_rmq
TIMER	1.985e-02	3.395e-02	2.955e-01	7	resolve_next_lcp: set LCP
TIMER	1.092e+02	1.092e+02	1.092e+02	7	LCP update
unresolved = 397767, unfinished = 190943
TIMER	1.170e+02	1.170e+02	1.170e+02	5	bucket-chaising iteration
TIMER	8.914e-02	1.159e-01	1.950e-01	6	bulk_query: get recv_counts
TIMER	1.968e-01	4.146e-01	6.979e-01	6	bulk_query: all2all queries
Avg queries: 1.036e+03, max queries on proc 383: 113284
Inbalance factor: 1.094e+02x
TIMER	5.297e-02	6.320e-02	5.182e-01	6	bulk_query: local query
TIMER	1.825e-01	2.771e-01	3.466e-01	6	bulk_query: all2all query results
TIMER	1.076e+02	1.090e+02	1.091e+02	7	resolve_next_lcp: bulk_rmq
TIMER	1.189e-02	3.636e-02	2.048e-01	7	resolve_next_lcp: set LCP
TIMER	1.098e+02	1.112e+02	1.112e+02	7	LCP update
unresolved = 91070, unfinished = 45535
TIMER	1.235e+02	1.235e+02	1.235e+02	5	bucket-chaising iteration
TIMER	8.654e-02	1.348e-01	2.068e+00	6	bulk_query: get recv_counts
TIMER	1.517e-01	2.829e-01	4.945e-01	6	bulk_query: all2all queries
Avg queries: 2.372e+02, max queries on proc 13: 49248
Inbalance factor: 2.077e+02x
TIMER	8.554e-02	9.379e-02	2.655e-01	6	bulk_query: local query
TIMER	1.766e+00	3.551e+00	3.676e+00	6	bulk_query: all2all query results
TIMER	1.107e+02	1.107e+02	1.108e+02	7	resolve_next_lcp: bulk_rmq
TIMER	3.339e-03	1.741e-02	8.600e-02	7	resolve_next_lcp: set LCP
TIMER	1.110e+02	1.110e+02	1.110e+02	7	LCP update
unresolved = 0, unfinished = 0
TIMER	1.272e+02	1.272e+02	1.272e+02	5	bucket-chaising iteration
TIMER	3.428e+03	3.431e+03	3.431e+03	4	construct-msgs
TIMER	2.940e+01	3.203e+01	3.557e+01	4	fix-isa
TIMER	9.087e+03	9.088e+03	9.089e+03	2	desa_construct: SA/LCP construct
TIMER	2.138e+02	2.140e+02	2.166e+02	2	desa_construct: TLI construct
TIMER	8.321e-02	9.407e-02	1.397e-01	3	repartition: 1D-partition
TIMER	1.385e+00	1.390e+00	1.394e+00	2	desa_construct: 1-D partition
TIMER	2.671e+02	2.679e+02	2.685e+02	3	repartition: redistribute
TIMER	2.686e+02	2.686e+02	2.699e+02	2	desa_construct: repartition
TIMER	9.357e+01	9.639e+01	1.149e+02	2	desa_construct: RMQ construct
TIMER	9.644e-02	1.289e-01	1.595e-01	3	bulk_query: get recv_counts
TIMER	2.799e+02	2.843e+02	2.876e+02	3	bulk_query: all2all queries
Avg queries: 7.460e+06, max queries on proc 205: 7460730
Inbalance factor: 1.000e+00x
TIMER	9.957e+01	1.145e+02	1.393e+02	3	bulk_query: local query
TIMER	3.762e+01	3.850e+01	3.904e+01	3	bulk_query: all2all query results
TIMER	8.294e+02	8.328e+02	8.624e+02	2	desa_construct: Lc naive construct
TIMER	1.056e+04	1.056e+04	1.056e+04	1	construct idx
