== Node distribution == 
== p=96 processes on 2 nodes ==
--  Node: 'c476-134.stampede2.tacc.utexas.edu' (48/96)
        Ranks: 0, 1, 2, 3, 4, 5, 6, 7, 8, 9, 10, 11, 12, 13, 14, 15, 16, 17, 18, 19, 20, 21, 22, 23, 24, 25, 26, 27, 28, 29, 30, 31, 32, 33, 34, 35, 36, 37, 38, 39, 40, 41, 42, 43, 44, 45, 46, 47
--  Node: 'c477-003.stampede2.tacc.utexas.edu' (48/96)
        Ranks: 48, 49, 50, 51, 52, 53, 54, 55, 56, 57, 58, 59, 60, 61, 62, 63, 64, 65, 66, 67, 68, 69, 70, 71, 72, 73, 74, 75, 76, 77, 78, 79, 80, 81, 82, 83, 84, 85, 86, 87, 88, 89, 90, 91, 92, 93, 94, 95
TIMER	1.287e+02	1.529e+02	1.643e+02	1	read input file
TIMER	2.675e+01	2.675e+01	2.676e+01	2	desa_construct: cpy str
Alphabet: {sigma=4, l=3, A=[A, C, G, T]}
TIMER	2.602e+01	2.602e+01	2.606e+01	3	get alphabet
TIMER	3.063e+02	3.126e+02	3.205e+02	4	kmer-gen
TIMER	3.441e+02	3.490e+02	3.526e+02	5	shift-buckets
TIMER	1.233e+04	1.237e+04	1.241e+04	5	ISA-to-SA
TIMER	5.552e+02	5.654e+02	5.814e+02	5	init-lcp
iteration 21: unfinished buckets = 51313051, unfinished elements = 252565175
TIMER	2.881e+02	2.914e+02	2.940e+02	5	rebucket
TIMER	4.578e+03	4.601e+03	4.620e+03	5	SA-to-ISA
TIMER	1.826e+04	1.826e+04	1.826e+04	5	sac-iteration
Starting Bucket chasing algorithm
unresolved = 252565180, unfinished = 51313051
TIMER	1.221e+02	1.250e+02	1.264e+02	5	get active elements
TIMER	5.647e-02	7.347e-02	9.374e-02	6	bulk_query: get recv_counts
TIMER	7.423e+01	7.779e+01	7.909e+01	6	bulk_query: all2all queries
Avg queries: 2.631e+06, max queries on proc 51: 10370837
Inbalance factor: 3.942e+00x
TIMER	4.391e+01	6.450e+01	1.694e+02	6	bulk_query: local query
TIMER	5.849e+01	6.372e+01	6.778e+01	6	bulk_query: all2all query results
TIMER	1.216e+03	1.238e+03	1.273e+03	7	resolve_next_lcp: bulk_rmq
TIMER	2.333e+01	3.014e+01	3.668e+01	7	resolve_next_lcp: set LCP
TIMER	1.311e+03	1.311e+03	1.311e+03	7	LCP update
unresolved = 83264472, unfinished = 25014138
TIMER	3.012e+03	3.012e+03	3.013e+03	5	bucket-chaising iteration
TIMER	4.929e-02	5.822e-02	7.604e-02	6	bulk_query: get recv_counts
TIMER	3.334e+01	3.533e+01	3.848e+01	6	bulk_query: all2all queries
Avg queries: 8.673e+05, max queries on proc 51: 7565031
Inbalance factor: 8.722e+00x
TIMER	5.887e+00	1.524e+01	9.610e+01	6	bulk_query: local query
TIMER	1.752e+01	2.087e+01	2.243e+01	6	bulk_query: all2all query results
TIMER	5.387e+02	5.444e+02	5.509e+02	7	resolve_next_lcp: bulk_rmq
TIMER	1.002e+01	1.157e+01	1.302e+01	7	resolve_next_lcp: set LCP
TIMER	5.641e+02	5.641e+02	5.641e+02	7	LCP update
unresolved = 39125110, unfinished = 14728266
TIMER	1.204e+03	1.205e+03	1.211e+03	5	bucket-chaising iteration
TIMER	4.686e-02	5.306e-02	6.255e-02	6	bulk_query: get recv_counts
TIMER	2.328e+01	2.423e+01	2.598e+01	6	bulk_query: all2all queries
Avg queries: 4.076e+05, max queries on proc 51: 5381275
Inbalance factor: 1.320e+01x
TIMER	1.035e+00	4.994e+00	6.009e+01	6	bulk_query: local query
TIMER	1.246e+01	1.730e+01	1.836e+01	6	bulk_query: all2all query results
TIMER	4.569e+02	4.574e+02	4.583e+02	7	resolve_next_lcp: bulk_rmq
TIMER	5.184e+00	5.779e+00	6.387e+00	7	resolve_next_lcp: set LCP
TIMER	4.648e+02	4.648e+02	4.648e+02	7	LCP update
unresolved = 21253898, unfinished = 9155159
TIMER	8.378e+02	8.397e+02	8.455e+02	5	bucket-chaising iteration
TIMER	4.839e-02	5.479e-02	8.082e-02	6	bulk_query: get recv_counts
TIMER	1.362e+01	1.446e+01	1.605e+01	6	bulk_query: all2all queries
Avg queries: 2.214e+05, max queries on proc 51: 3387786
Inbalance factor: 1.530e+01x
TIMER	1.365e-01	2.081e+00	3.346e+01	6	bulk_query: local query
TIMER	6.446e+00	7.442e+00	7.914e+00	6	bulk_query: all2all query results
TIMER	4.203e+02	4.207e+02	4.239e+02	7	resolve_next_lcp: bulk_rmq
TIMER	2.971e+00	3.229e+00	3.556e+00	7	resolve_next_lcp: set LCP
TIMER	4.276e+02	4.276e+02	4.276e+02	7	LCP update
unresolved = 12458753, unfinished = 5704526
TIMER	6.386e+02	6.397e+02	6.459e+02	5	bucket-chaising iteration
TIMER	5.317e-02	5.990e-02	7.754e-02	6	bulk_query: get recv_counts
TIMER	1.080e+01	1.147e+01	1.211e+01	6	bulk_query: all2all queries
Avg queries: 1.298e+05, max queries on proc 95: 2369254
Inbalance factor: 1.826e+01x
TIMER	5.575e-02	1.083e+00	2.152e+01	6	bulk_query: local query
TIMER	5.750e+00	6.658e+00	6.962e+00	6	bulk_query: all2all query results
TIMER	4.114e+02	4.118e+02	4.159e+02	7	resolve_next_lcp: bulk_rmq
TIMER	1.739e+00	1.943e+00	2.159e+00	7	resolve_next_lcp: set LCP
TIMER	4.182e+02	4.182e+02	4.182e+02	7	LCP update
unresolved = 7057961, unfinished = 3349572
TIMER	5.512e+02	5.513e+02	5.538e+02	5	bucket-chaising iteration
TIMER	4.123e-02	4.942e-02	5.953e-02	6	bulk_query: get recv_counts
TIMER	6.320e+00	8.859e+00	9.938e+00	6	bulk_query: all2all queries
Avg queries: 7.352e+04, max queries on proc 95: 1565624
Inbalance factor: 2.130e+01x
TIMER	5.035e-02	5.570e-01	1.368e+01	6	bulk_query: local query
TIMER	2.441e+00	2.906e+00	3.248e+00	6	bulk_query: all2all query results
TIMER	4.082e+02	4.086e+02	4.132e+02	7	resolve_next_lcp: bulk_rmq
TIMER	9.104e-01	1.037e+00	1.182e+00	7	resolve_next_lcp: set LCP
TIMER	4.146e+02	4.146e+02	4.146e+02	7	LCP update
unresolved = 3830919, unfinished = 1858430
TIMER	4.997e+02	4.997e+02	5.025e+02	5	bucket-chaising iteration
TIMER	5.155e-02	6.159e-02	8.651e-02	6	bulk_query: get recv_counts
TIMER	3.976e+00	5.021e+00	5.632e+00	6	bulk_query: all2all queries
Avg queries: 3.991e+04, max queries on proc 95: 948434
Inbalance factor: 2.377e+01x
TIMER	4.036e-02	2.909e-01	8.642e+00	6	bulk_query: local query
TIMER	1.164e+00	1.320e+00	1.510e+00	6	bulk_query: all2all query results
TIMER	4.093e+02	4.096e+02	4.133e+02	7	resolve_next_lcp: bulk_rmq
TIMER	4.560e-01	5.465e-01	6.411e-01	7	resolve_next_lcp: set LCP
TIMER	4.143e+02	4.143e+02	4.143e+02	7	LCP update
unresolved = 1897267, unfinished = 927479
TIMER	4.594e+02	4.594e+02	4.615e+02	5	bucket-chaising iteration
TIMER	3.724e-02	5.031e-02	7.378e-02	6	bulk_query: get recv_counts
TIMER	2.687e+00	3.371e+00	4.305e+00	6	bulk_query: all2all queries
Avg queries: 1.976e+04, max queries on proc 95: 447515
Inbalance factor: 2.264e+01x
TIMER	3.844e-02	1.363e-01	3.100e+00	6	bulk_query: local query
TIMER	4.234e-01	5.939e-01	7.582e-01	6	bulk_query: all2all query results
TIMER	4.040e+02	4.043e+02	4.080e+02	7	resolve_next_lcp: bulk_rmq
TIMER	2.080e-01	2.560e-01	3.258e-01	7	resolve_next_lcp: set LCP
TIMER	4.085e+02	4.085e+02	4.085e+02	7	LCP update
unresolved = 887691, unfinished = 430529
TIMER	4.311e+02	4.311e+02	4.311e+02	5	bucket-chaising iteration
TIMER	3.821e-02	4.907e-02	6.191e-02	6	bulk_query: get recv_counts
TIMER	5.499e-01	7.739e-01	9.553e-01	6	bulk_query: all2all queries
Avg queries: 9.247e+03, max queries on proc 95: 206909
Inbalance factor: 2.238e+01x
TIMER	4.381e-02	8.193e-02	9.167e-01	6	bulk_query: local query
TIMER	2.968e-01	3.685e-01	4.373e-01	6	bulk_query: all2all query results
TIMER	4.023e+02	4.026e+02	4.063e+02	7	resolve_next_lcp: bulk_rmq
TIMER	8.843e-02	1.127e-01	2.296e-01	7	resolve_next_lcp: set LCP
TIMER	4.066e+02	4.066e+02	4.066e+02	7	LCP update
unresolved = 397767, unfinished = 190943
TIMER	4.154e+02	4.154e+02	4.154e+02	5	bucket-chaising iteration
TIMER	4.491e-02	5.590e-02	8.812e-02	6	bulk_query: get recv_counts
TIMER	1.871e-01	2.485e-01	3.868e-01	6	bulk_query: all2all queries
Avg queries: 4.143e+03, max queries on proc 95: 113284
Inbalance factor: 2.734e+01x
TIMER	3.881e-02	5.466e-02	4.298e-01	6	bulk_query: local query
TIMER	1.134e-01	1.717e-01	2.249e-01	6	bulk_query: all2all query results
TIMER	4.052e+02	4.057e+02	4.090e+02	7	resolve_next_lcp: bulk_rmq
TIMER	5.226e-02	6.907e-02	1.799e-01	7	resolve_next_lcp: set LCP
TIMER	4.093e+02	4.093e+02	4.093e+02	7	LCP update
unresolved = 91070, unfinished = 45535
TIMER	4.137e+02	4.137e+02	4.164e+02	5	bucket-chaising iteration
TIMER	3.352e-02	4.188e-02	6.030e-02	6	bulk_query: get recv_counts
TIMER	7.744e-02	1.068e-01	1.779e-01	6	bulk_query: all2all queries
Avg queries: 9.486e+02, max queries on proc 3: 49248
Inbalance factor: 5.191e+01x
TIMER	3.634e-02	4.218e-02	2.180e-01	6	bulk_query: local query
TIMER	7.390e-02	1.570e-01	2.190e-01	6	bulk_query: all2all query results
TIMER	4.015e+02	4.017e+02	4.055e+02	7	resolve_next_lcp: bulk_rmq
TIMER	1.404e-02	2.387e-02	6.748e-02	7	resolve_next_lcp: set LCP
TIMER	4.057e+02	4.057e+02	4.057e+02	7	LCP update
unresolved = 0, unfinished = 0
TIMER	4.083e+02	4.083e+02	4.083e+02	5	bucket-chaising iteration
TIMER	9.041e+03	9.041e+03	9.041e+03	4	construct-msgs
TIMER	1.197e+02	1.243e+02	1.270e+02	4	fix-isa
TIMER	2.777e+04	2.777e+04	2.778e+04	2	desa_construct: SA/LCP construct
TIMER	6.087e+02	6.087e+02	6.087e+02	2	desa_construct: TLI construct
TIMER	1.607e-02	1.880e-02	2.651e-02	3	repartition: 1D-partition
TIMER	2.561e-01	2.579e-01	2.615e-01	2	desa_construct: 1-D partition
TIMER	9.807e+02	9.820e+02	9.825e+02	3	repartition: redistribute
TIMER	9.826e+02	9.826e+02	9.829e+02	2	desa_construct: repartition
TIMER	3.854e+02	3.923e+02	3.975e+02	2	desa_construct: RMQ construct
TIMER	6.011e-02	7.179e-02	9.862e-02	3	bulk_query: get recv_counts
TIMER	6.898e+02	7.173e+02	7.361e+02	3	bulk_query: all2all queries
Avg queries: 2.984e+07, max queries on proc 71: 29841642
Inbalance factor: 1.000e+00x
TIMER	5.384e+02	5.600e+02	5.889e+02	3	bulk_query: local query
TIMER	8.783e+01	8.970e+01	9.131e+01	3	bulk_query: all2all query results
TIMER	2.941e+03	2.960e+03	3.023e+03	2	desa_construct: Lc naive construct
TIMER	3.281e+04	3.281e+04	3.281e+04	1	construct idx
