== Node distribution == 
== p=768 processes on 16 nodes ==
--  Node: 'c476-134.stampede2.tacc.utexas.edu' (48/768)
        Ranks: 0, 1, 2, 3, 4, 5, 6, 7, 8, 9, 10, 11, 12, 13, 14, 15, 16, 17, 18, 19, 20, 21, 22, 23, 24, 25, 26, 27, 28, 29, 30, 31, 32, 33, 34, 35, 36, 37, 38, 39, 40, 41, 42, 43, 44, 45, 46, 47
--  Node: 'c477-003.stampede2.tacc.utexas.edu' (48/768)
        Ranks: 48, 49, 50, 51, 52, 53, 54, 55, 56, 57, 58, 59, 60, 61, 62, 63, 64, 65, 66, 67, 68, 69, 70, 71, 72, 73, 74, 75, 76, 77, 78, 79, 80, 81, 82, 83, 84, 85, 86, 87, 88, 89, 90, 91, 92, 93, 94, 95
--  Node: 'c477-004.stampede2.tacc.utexas.edu' (48/768)
        Ranks: 96, 97, 98, 99, 100, 101, 102, 103, 104, 105, 106, 107, 108, 109, 110, 111, 112, 113, 114, 115, 116, 117, 118, 119, 120, 121, 122, 123, 124, 125, 126, 127, 128, 129, 130, 131, 132, 133, 134, 135, 136, 137, 138, 139, 140, 141, 142, 143
--  Node: 'c477-012.stampede2.tacc.utexas.edu' (48/768)
        Ranks: 144, 145, 146, 147, 148, 149, 150, 151, 152, 153, 154, 155, 156, 157, 158, 159, 160, 161, 162, 163, 164, 165, 166, 167, 168, 169, 170, 171, 172, 173, 174, 175, 176, 177, 178, 179, 180, 181, 182, 183, 184, 185, 186, 187, 188, 189, 190, 191
--  Node: 'c477-013.stampede2.tacc.utexas.edu' (48/768)
        Ranks: 192, 193, 194, 195, 196, 197, 198, 199, 200, 201, 202, 203, 204, 205, 206, 207, 208, 209, 210, 211, 212, 213, 214, 215, 216, 217, 218, 219, 220, 221, 222, 223, 224, 225, 226, 227, 228, 229, 230, 231, 232, 233, 234, 235, 236, 237, 238, 239
--  Node: 'c477-014.stampede2.tacc.utexas.edu' (48/768)
        Ranks: 240, 241, 242, 243, 244, 245, 246, 247, 248, 249, 250, 251, 252, 253, 254, 255, 256, 257, 258, 259, 260, 261, 262, 263, 264, 265, 266, 267, 268, 269, 270, 271, 272, 273, 274, 275, 276, 277, 278, 279, 280, 281, 282, 283, 284, 285, 286, 287
--  Node: 'c477-041.stampede2.tacc.utexas.edu' (48/768)
        Ranks: 288, 289, 290, 291, 292, 293, 294, 295, 296, 297, 298, 299, 300, 301, 302, 303, 304, 305, 306, 307, 308, 309, 310, 311, 312, 313, 314, 315, 316, 317, 318, 319, 320, 321, 322, 323, 324, 325, 326, 327, 328, 329, 330, 331, 332, 333, 334, 335
--  Node: 'c477-051.stampede2.tacc.utexas.edu' (48/768)
        Ranks: 336, 337, 338, 339, 340, 341, 342, 343, 344, 345, 346, 347, 348, 349, 350, 351, 352, 353, 354, 355, 356, 357, 358, 359, 360, 361, 362, 363, 364, 365, 366, 367, 368, 369, 370, 371, 372, 373, 374, 375, 376, 377, 378, 379, 380, 381, 382, 383
--  Node: 'c477-111.stampede2.tacc.utexas.edu' (48/768)
        Ranks: 384, 385, 386, 387, 388, 389, 390, 391, 392, 393, 394, 395, 396, 397, 398, 399, 400, 401, 402, 403, 404, 405, 406, 407, 408, 409, 410, 411, 412, 413, 414, 415, 416, 417, 418, 419, 420, 421, 422, 423, 424, 425, 426, 427, 428, 429, 430, 431
--  Node: 'c477-112.stampede2.tacc.utexas.edu' (48/768)
        Ranks: 432, 433, 434, 435, 436, 437, 438, 439, 440, 441, 442, 443, 444, 445, 446, 447, 448, 449, 450, 451, 452, 453, 454, 455, 456, 457, 458, 459, 460, 461, 462, 463, 464, 465, 466, 467, 468, 469, 470, 471, 472, 473, 474, 475, 476, 477, 478, 479
--  Node: 'c477-114.stampede2.tacc.utexas.edu' (48/768)
        Ranks: 480, 481, 482, 483, 484, 485, 486, 487, 488, 489, 490, 491, 492, 493, 494, 495, 496, 497, 498, 499, 500, 501, 502, 503, 504, 505, 506, 507, 508, 509, 510, 511, 512, 513, 514, 515, 516, 517, 518, 519, 520, 521, 522, 523, 524, 525, 526, 527
--  Node: 'c477-122.stampede2.tacc.utexas.edu' (48/768)
        Ranks: 528, 529, 530, 531, 532, 533, 534, 535, 536, 537, 538, 539, 540, 541, 542, 543, 544, 545, 546, 547, 548, 549, 550, 551, 552, 553, 554, 555, 556, 557, 558, 559, 560, 561, 562, 563, 564, 565, 566, 567, 568, 569, 570, 571, 572, 573, 574, 575
--  Node: 'c492-101.stampede2.tacc.utexas.edu' (48/768)
        Ranks: 576, 577, 578, 579, 580, 581, 582, 583, 584, 585, 586, 587, 588, 589, 590, 591, 592, 593, 594, 595, 596, 597, 598, 599, 600, 601, 602, 603, 604, 605, 606, 607, 608, 609, 610, 611, 612, 613, 614, 615, 616, 617, 618, 619, 620, 621, 622, 623
--  Node: 'c493-084.stampede2.tacc.utexas.edu' (48/768)
        Ranks: 624, 625, 626, 627, 628, 629, 630, 631, 632, 633, 634, 635, 636, 637, 638, 639, 640, 641, 642, 643, 644, 645, 646, 647, 648, 649, 650, 651, 652, 653, 654, 655, 656, 657, 658, 659, 660, 661, 662, 663, 664, 665, 666, 667, 668, 669, 670, 671
--  Node: 'c494-071.stampede2.tacc.utexas.edu' (48/768)
        Ranks: 672, 673, 674, 675, 676, 677, 678, 679, 680, 681, 682, 683, 684, 685, 686, 687, 688, 689, 690, 691, 692, 693, 694, 695, 696, 697, 698, 699, 700, 701, 702, 703, 704, 705, 706, 707, 708, 709, 710, 711, 712, 713, 714, 715, 716, 717, 718, 719
--  Node: 'c495-022.stampede2.tacc.utexas.edu' (48/768)
        Ranks: 720, 721, 722, 723, 724, 725, 726, 727, 728, 729, 730, 731, 732, 733, 734, 735, 736, 737, 738, 739, 740, 741, 742, 743, 744, 745, 746, 747, 748, 749, 750, 751, 752, 753, 754, 755, 756, 757, 758, 759, 760, 761, 762, 763, 764, 765, 766, 767
TIMER	2.130e+01	4.111e+01	5.533e+01	1	read input file
TIMER	3.745e+00	3.750e+00	3.757e+00	2	desa_construct: cpy str
Alphabet: {sigma=4, l=3, A=[A, C, G, T]}
TIMER	3.811e+00	3.815e+00	3.846e+00	3	get alphabet
TIMER	3.643e+01	3.849e+01	4.109e+01	4	kmer-gen
TIMER	4.056e+01	4.363e+01	5.145e+01	5	shift-buckets
TIMER	2.002e+03	2.013e+03	2.029e+03	5	ISA-to-SA
TIMER	6.256e+01	6.703e+01	7.230e+01	5	init-lcp
iteration 21: unfinished buckets = 51313051, unfinished elements = 252565122
TIMER	3.801e+01	3.863e+01	4.001e+01	5	rebucket
TIMER	8.040e+02	8.158e+02	8.410e+02	5	SA-to-ISA
TIMER	3.035e+03	3.035e+03	3.035e+03	5	sac-iteration
Starting Bucket chasing algorithm
unresolved = 252565180, unfinished = 51313051
TIMER	1.686e+01	1.687e+01	1.688e+01	5	get active elements
TIMER	1.564e-01	1.857e-01	2.043e-01	6	bulk_query: get recv_counts
TIMER	3.222e+01	3.389e+01	3.493e+01	6	bulk_query: all2all queries
Avg queries: 3.289e+05, max queries on proc 411: 2919817
Inbalance factor: 8.879e+00x
TIMER	2.563e+00	5.323e+00	3.489e+01	6	bulk_query: local query
TIMER	3.763e+01	4.000e+01	4.139e+01	6	bulk_query: all2all query results
TIMER	3.100e+02	3.147e+02	3.389e+02	7	resolve_next_lcp: bulk_rmq
TIMER	2.300e+00	3.636e+00	6.740e+00	7	resolve_next_lcp: set LCP
TIMER	3.458e+02	3.459e+02	3.459e+02	7	LCP update
unresolved = 83264472, unfinished = 25014138
TIMER	8.263e+02	8.263e+02	8.271e+02	5	bucket-chaising iteration
TIMER	1.778e-01	2.032e-01	2.273e-01	6	bulk_query: get recv_counts
TIMER	1.531e+01	1.573e+01	1.612e+01	6	bulk_query: all2all queries
Avg queries: 1.084e+05, max queries on proc 411: 2375599
Inbalance factor: 2.191e+01x
TIMER	2.646e-01	1.115e+00	2.468e+01	6	bulk_query: local query
TIMER	1.375e+01	1.498e+01	1.551e+01	6	bulk_query: all2all query results
TIMER	9.146e+01	9.256e+01	9.393e+01	7	resolve_next_lcp: bulk_rmq
TIMER	6.543e-01	1.333e+00	1.855e+00	7	resolve_next_lcp: set LCP
TIMER	9.596e+01	9.597e+01	9.597e+01	7	LCP update
unresolved = 39125110, unfinished = 14728266
TIMER	2.656e+02	2.656e+02	2.656e+02	5	bucket-chaising iteration
TIMER	1.585e-01	1.839e-01	2.097e-01	6	bulk_query: get recv_counts
TIMER	1.671e+02	1.677e+02	1.682e+02	6	bulk_query: all2all queries
Avg queries: 5.094e+04, max queries on proc 411: 1762394
Inbalance factor: 3.459e+01x
TIMER	7.577e-02	4.398e-01	1.624e+01	6	bulk_query: local query
TIMER	6.523e+00	6.795e+00	7.154e+00	6	bulk_query: all2all query results
TIMER	6.817e+01	6.840e+01	6.883e+01	7	resolve_next_lcp: bulk_rmq
TIMER	3.394e-01	5.607e-01	7.549e-01	7	resolve_next_lcp: set LCP
TIMER	6.978e+01	6.978e+01	6.979e+01	7	LCP update
unresolved = 21253898, unfinished = 9155159
TIMER	3.227e+02	3.227e+02	3.227e+02	5	bucket-chaising iteration
TIMER	1.548e-01	1.803e-01	2.005e-01	6	bulk_query: get recv_counts
TIMER	2.641e+00	5.862e+00	6.282e+00	6	bulk_query: all2all queries
Avg queries: 2.767e+04, max queries on proc 765: 1404879
Inbalance factor: 5.076e+01x
TIMER	7.191e-02	2.467e-01	1.085e+01	6	bulk_query: local query
TIMER	4.066e+00	4.395e+00	4.739e+00	6	bulk_query: all2all query results
TIMER	5.644e+01	5.649e+01	5.655e+01	7	resolve_next_lcp: bulk_rmq
TIMER	2.128e-01	2.818e-01	3.746e-01	7	resolve_next_lcp: set LCP
TIMER	5.713e+01	5.713e+01	5.715e+01	7	LCP update
unresolved = 12458753, unfinished = 5704526
TIMER	1.164e+02	1.164e+02	1.164e+02	5	bucket-chaising iteration
TIMER	1.433e-01	1.190e+00	2.561e+00	6	bulk_query: get recv_counts
TIMER	1.711e+00	3.839e+00	5.019e+00	6	bulk_query: all2all queries
Avg queries: 1.622e+04, max queries on proc 765: 1091160
Inbalance factor: 6.726e+01x
TIMER	6.486e-02	1.609e-01	8.020e+00	6	bulk_query: local query
TIMER	2.667e+00	2.902e+00	3.142e+00	6	bulk_query: all2all query results
TIMER	5.457e+01	5.476e+01	5.489e+01	7	resolve_next_lcp: bulk_rmq
TIMER	1.119e-01	1.648e-01	2.193e-01	7	resolve_next_lcp: set LCP
TIMER	5.549e+01	5.551e+01	5.552e+01	7	LCP update
unresolved = 7057961, unfinished = 3349572
TIMER	1.016e+02	1.016e+02	1.017e+02	5	bucket-chaising iteration
TIMER	1.540e-01	1.757e-01	1.940e-01	6	bulk_query: get recv_counts
TIMER	1.301e+00	2.247e+00	3.657e+00	6	bulk_query: all2all queries
Avg queries: 9.190e+03, max queries on proc 765: 726439
Inbalance factor: 7.905e+01x
TIMER	6.177e-02	1.114e-01	4.937e+00	6	bulk_query: local query
TIMER	1.777e+00	1.922e+00	2.100e+00	6	bulk_query: all2all query results
TIMER	6.162e+01	6.166e+01	6.173e+01	7	resolve_next_lcp: bulk_rmq
TIMER	6.306e-02	9.167e-02	1.349e-01	7	resolve_next_lcp: set LCP
TIMER	6.205e+01	6.206e+01	6.207e+01	7	LCP update
unresolved = 3830919, unfinished = 1858430
TIMER	9.047e+01	9.048e+01	9.050e+01	5	bucket-chaising iteration
TIMER	1.571e-01	1.797e-01	2.016e-01	6	bulk_query: get recv_counts
TIMER	8.580e-01	1.328e+00	2.193e+00	6	bulk_query: all2all queries
Avg queries: 4.988e+03, max queries on proc 765: 376813
Inbalance factor: 7.554e+01x
TIMER	6.758e-02	9.411e-02	2.304e+00	6	bulk_query: local query
TIMER	9.681e-01	1.111e+00	1.246e+00	6	bulk_query: all2all query results
TIMER	5.585e+01	5.587e+01	5.590e+01	7	resolve_next_lcp: bulk_rmq
TIMER	3.420e-02	5.473e-02	2.574e-01	7	resolve_next_lcp: set LCP
TIMER	5.633e+01	5.634e+01	5.635e+01	7	LCP update
unresolved = 1897267, unfinished = 927479
TIMER	7.458e+01	7.458e+01	7.460e+01	5	bucket-chaising iteration
TIMER	1.469e-01	1.779e-01	2.129e-01	6	bulk_query: get recv_counts
TIMER	5.633e-01	9.313e-01	1.564e+00	6	bulk_query: all2all queries
Avg queries: 2.470e+03, max queries on proc 767: 197599
Inbalance factor: 7.999e+01x
TIMER	7.667e-02	9.055e-02	9.429e-01	6	bulk_query: local query
TIMER	5.838e-01	6.674e-01	7.466e-01	6	bulk_query: all2all query results
TIMER	5.180e+01	5.181e+01	5.184e+01	7	resolve_next_lcp: bulk_rmq
TIMER	1.580e-02	2.962e-02	1.407e-01	7	resolve_next_lcp: set LCP
TIMER	5.215e+01	5.215e+01	5.216e+01	7	LCP update
unresolved = 887691, unfinished = 430529
TIMER	6.113e+01	6.113e+01	6.116e+01	5	bucket-chaising iteration
TIMER	1.550e-01	1.749e-01	1.963e-01	6	bulk_query: get recv_counts
TIMER	5.019e-01	8.200e-01	1.279e+00	6	bulk_query: all2all queries
Avg queries: 1.156e+03, max queries on proc 767: 150161
Inbalance factor: 1.299e+02x
TIMER	6.260e-02	8.552e-02	6.491e-01	6	bulk_query: local query
TIMER	4.417e-01	5.523e-01	6.190e-01	6	bulk_query: all2all query results
TIMER	5.123e+01	5.124e+01	5.125e+01	7	resolve_next_lcp: bulk_rmq
TIMER	1.001e-02	1.520e-02	5.964e-02	7	resolve_next_lcp: set LCP
TIMER	5.148e+01	5.148e+01	5.149e+01	7	LCP update
unresolved = 397767, unfinished = 190943
TIMER	5.835e+01	5.836e+01	5.838e+01	5	bucket-chaising iteration
TIMER	1.503e-01	1.804e-01	2.409e-01	6	bulk_query: get recv_counts
TIMER	2.429e-01	6.699e-01	1.135e+00	6	bulk_query: all2all queries
Avg queries: 5.179e+02, max queries on proc 411: 92531
Inbalance factor: 1.787e+02x
TIMER	5.078e-02	6.217e-02	4.073e-01	6	bulk_query: local query
TIMER	2.810e-01	4.402e-01	5.213e-01	6	bulk_query: all2all query results
TIMER	5.394e+01	5.395e+01	5.397e+01	7	resolve_next_lcp: bulk_rmq
TIMER	5.444e-03	9.659e-03	3.325e-02	7	resolve_next_lcp: set LCP
TIMER	5.415e+01	5.416e+01	5.416e+01	7	LCP update
unresolved = 91070, unfinished = 45535
TIMER	5.978e+01	5.979e+01	5.980e+01	5	bucket-chaising iteration
TIMER	1.458e-01	1.712e-01	1.996e-01	6	bulk_query: get recv_counts
TIMER	8.617e-02	5.582e-01	9.750e-01	6	bulk_query: all2all queries
Avg queries: 1.186e+02, max queries on proc 27: 49248
Inbalance factor: 4.153e+02x
TIMER	7.425e-02	8.316e-02	2.688e-01	6	bulk_query: local query
TIMER	2.355e-01	3.318e-01	4.323e-01	6	bulk_query: all2all query results
TIMER	5.198e+01	5.200e+01	5.202e+01	7	resolve_next_lcp: bulk_rmq
TIMER	1.683e-03	3.644e-03	1.075e-02	7	resolve_next_lcp: set LCP
TIMER	5.220e+01	5.220e+01	5.220e+01	7	LCP update
unresolved = 0, unfinished = 0
TIMER	5.678e+01	5.679e+01	5.680e+01	5	bucket-chaising iteration
TIMER	2.053e+03	2.053e+03	2.053e+03	4	construct-msgs
TIMER	1.307e+01	1.493e+01	1.671e+01	4	fix-isa
TIMER	5.150e+03	5.156e+03	5.158e+03	2	desa_construct: SA/LCP construct
TIMER	1.029e+02	1.035e+02	1.041e+02	2	desa_construct: TLI construct
TIMER	2.349e-01	3.380e-01	3.881e-01	3	repartition: 1D-partition
TIMER	3.004e+00	3.008e+00	3.016e+00	2	desa_construct: 1-D partition
TIMER	1.227e+02	1.228e+02	1.237e+02	3	repartition: redistribute
TIMER	1.239e+02	1.240e+02	1.262e+02	2	desa_construct: repartition
TIMER	4.621e+01	4.756e+01	4.906e+01	2	desa_construct: RMQ construct
TIMER	1.682e-01	1.855e-01	2.011e-01	3	bulk_query: get recv_counts
TIMER	2.118e+02	2.185e+02	2.230e+02	3	bulk_query: all2all queries
Avg queries: 3.730e+06, max queries on proc 8: 3730589
Inbalance factor: 1.000e+00x
TIMER	3.552e+01	4.574e+01	4.849e+01	3	bulk_query: local query
TIMER	2.872e+01	2.976e+01	3.198e+01	3	bulk_query: all2all query results
TIMER	4.688e+02	4.719e+02	4.759e+02	2	desa_construct: Lc naive construct
TIMER	5.926e+03	5.926e+03	5.927e+03	1	construct idx
