== Node distribution == 
== p=768 processes on 16 nodes ==
--  Node: 'c476-134.stampede2.tacc.utexas.edu' (48/768)
        Ranks: 0, 1, 2, 3, 4, 5, 6, 7, 8, 9, 10, 11, 12, 13, 14, 15, 16, 17, 18, 19, 20, 21, 22, 23, 24, 25, 26, 27, 28, 29, 30, 31, 32, 33, 34, 35, 36, 37, 38, 39, 40, 41, 42, 43, 44, 45, 46, 47
--  Node: 'c477-003.stampede2.tacc.utexas.edu' (48/768)
        Ranks: 48, 49, 50, 51, 52, 53, 54, 55, 56, 57, 58, 59, 60, 61, 62, 63, 64, 65, 66, 67, 68, 69, 70, 71, 72, 73, 74, 75, 76, 77, 78, 79, 80, 81, 82, 83, 84, 85, 86, 87, 88, 89, 90, 91, 92, 93, 94, 95
--  Node: 'c477-004.stampede2.tacc.utexas.edu' (48/768)
        Ranks: 96, 97, 98, 99, 100, 101, 102, 103, 104, 105, 106, 107, 108, 109, 110, 111, 112, 113, 114, 115, 116, 117, 118, 119, 120, 121, 122, 123, 124, 125, 126, 127, 128, 129, 130, 131, 132, 133, 134, 135, 136, 137, 138, 139, 140, 141, 142, 143
--  Node: 'c477-012.stampede2.tacc.utexas.edu' (48/768)
        Ranks: 144, 145, 146, 147, 148, 149, 150, 151, 152, 153, 154, 155, 156, 157, 158, 159, 160, 161, 162, 163, 164, 165, 166, 167, 168, 169, 170, 171, 172, 173, 174, 175, 176, 177, 178, 179, 180, 181, 182, 183, 184, 185, 186, 187, 188, 189, 190, 191
--  Node: 'c477-013.stampede2.tacc.utexas.edu' (48/768)
        Ranks: 192, 193, 194, 195, 196, 197, 198, 199, 200, 201, 202, 203, 204, 205, 206, 207, 208, 209, 210, 211, 212, 213, 214, 215, 216, 217, 218, 219, 220, 221, 222, 223, 224, 225, 226, 227, 228, 229, 230, 231, 232, 233, 234, 235, 236, 237, 238, 239
--  Node: 'c477-014.stampede2.tacc.utexas.edu' (48/768)
        Ranks: 240, 241, 242, 243, 244, 245, 246, 247, 248, 249, 250, 251, 252, 253, 254, 255, 256, 257, 258, 259, 260, 261, 262, 263, 264, 265, 266, 267, 268, 269, 270, 271, 272, 273, 274, 275, 276, 277, 278, 279, 280, 281, 282, 283, 284, 285, 286, 287
--  Node: 'c477-041.stampede2.tacc.utexas.edu' (48/768)
        Ranks: 288, 289, 290, 291, 292, 293, 294, 295, 296, 297, 298, 299, 300, 301, 302, 303, 304, 305, 306, 307, 308, 309, 310, 311, 312, 313, 314, 315, 316, 317, 318, 319, 320, 321, 322, 323, 324, 325, 326, 327, 328, 329, 330, 331, 332, 333, 334, 335
--  Node: 'c477-051.stampede2.tacc.utexas.edu' (48/768)
        Ranks: 336, 337, 338, 339, 340, 341, 342, 343, 344, 345, 346, 347, 348, 349, 350, 351, 352, 353, 354, 355, 356, 357, 358, 359, 360, 361, 362, 363, 364, 365, 366, 367, 368, 369, 370, 371, 372, 373, 374, 375, 376, 377, 378, 379, 380, 381, 382, 383
--  Node: 'c477-111.stampede2.tacc.utexas.edu' (48/768)
        Ranks: 384, 385, 386, 387, 388, 389, 390, 391, 392, 393, 394, 395, 396, 397, 398, 399, 400, 401, 402, 403, 404, 405, 406, 407, 408, 409, 410, 411, 412, 413, 414, 415, 416, 417, 418, 419, 420, 421, 422, 423, 424, 425, 426, 427, 428, 429, 430, 431
--  Node: 'c477-112.stampede2.tacc.utexas.edu' (48/768)
        Ranks: 432, 433, 434, 435, 436, 437, 438, 439, 440, 441, 442, 443, 444, 445, 446, 447, 448, 449, 450, 451, 452, 453, 454, 455, 456, 457, 458, 459, 460, 461, 462, 463, 464, 465, 466, 467, 468, 469, 470, 471, 472, 473, 474, 475, 476, 477, 478, 479
--  Node: 'c477-114.stampede2.tacc.utexas.edu' (48/768)
        Ranks: 480, 481, 482, 483, 484, 485, 486, 487, 488, 489, 490, 491, 492, 493, 494, 495, 496, 497, 498, 499, 500, 501, 502, 503, 504, 505, 506, 507, 508, 509, 510, 511, 512, 513, 514, 515, 516, 517, 518, 519, 520, 521, 522, 523, 524, 525, 526, 527
--  Node: 'c477-122.stampede2.tacc.utexas.edu' (48/768)
        Ranks: 528, 529, 530, 531, 532, 533, 534, 535, 536, 537, 538, 539, 540, 541, 542, 543, 544, 545, 546, 547, 548, 549, 550, 551, 552, 553, 554, 555, 556, 557, 558, 559, 560, 561, 562, 563, 564, 565, 566, 567, 568, 569, 570, 571, 572, 573, 574, 575
--  Node: 'c492-101.stampede2.tacc.utexas.edu' (48/768)
        Ranks: 576, 577, 578, 579, 580, 581, 582, 583, 584, 585, 586, 587, 588, 589, 590, 591, 592, 593, 594, 595, 596, 597, 598, 599, 600, 601, 602, 603, 604, 605, 606, 607, 608, 609, 610, 611, 612, 613, 614, 615, 616, 617, 618, 619, 620, 621, 622, 623
--  Node: 'c493-084.stampede2.tacc.utexas.edu' (48/768)
        Ranks: 624, 625, 626, 627, 628, 629, 630, 631, 632, 633, 634, 635, 636, 637, 638, 639, 640, 641, 642, 643, 644, 645, 646, 647, 648, 649, 650, 651, 652, 653, 654, 655, 656, 657, 658, 659, 660, 661, 662, 663, 664, 665, 666, 667, 668, 669, 670, 671
--  Node: 'c494-071.stampede2.tacc.utexas.edu' (48/768)
        Ranks: 672, 673, 674, 675, 676, 677, 678, 679, 680, 681, 682, 683, 684, 685, 686, 687, 688, 689, 690, 691, 692, 693, 694, 695, 696, 697, 698, 699, 700, 701, 702, 703, 704, 705, 706, 707, 708, 709, 710, 711, 712, 713, 714, 715, 716, 717, 718, 719
--  Node: 'c495-022.stampede2.tacc.utexas.edu' (48/768)
        Ranks: 720, 721, 722, 723, 724, 725, 726, 727, 728, 729, 730, 731, 732, 733, 734, 735, 736, 737, 738, 739, 740, 741, 742, 743, 744, 745, 746, 747, 748, 749, 750, 751, 752, 753, 754, 755, 756, 757, 758, 759, 760, 761, 762, 763, 764, 765, 766, 767
TIMER	2.329e+01	2.826e+02	5.920e+02	1	read input file
TIMER	4.036e+00	4.041e+00	4.046e+00	2	desa_construct: cpy str
Alphabet: {sigma=4, l=3, A=[A, C, G, T]}
TIMER	3.828e+00	3.831e+00	3.864e+00	3	get alphabet
TIMER	3.638e+01	3.860e+01	4.129e+01	4	kmer-gen
TIMER	4.000e+01	4.353e+01	5.132e+01	5	shift-buckets
TIMER	1.970e+03	1.980e+03	2.000e+03	5	ISA-to-SA
TIMER	6.194e+01	6.711e+01	8.275e+01	5	init-lcp
iteration 21: unfinished buckets = 51313051, unfinished elements = 252565122
TIMER	4.011e+01	4.085e+01	4.201e+01	5	rebucket
TIMER	8.003e+02	8.115e+02	8.191e+02	5	SA-to-ISA
TIMER	3.000e+03	3.000e+03	3.000e+03	5	sac-iteration
Starting Bucket chasing algorithm
unresolved = 252565180, unfinished = 51313051
TIMER	1.670e+01	1.670e+01	1.673e+01	5	get active elements
TIMER	1.740e-01	1.960e-01	2.491e-01	6	bulk_query: get recv_counts
TIMER	3.304e+01	3.426e+01	3.503e+01	6	bulk_query: all2all queries
Avg queries: 3.289e+05, max queries on proc 411: 2919817
Inbalance factor: 8.879e+00x
TIMER	2.594e+00	5.337e+00	3.540e+01	6	bulk_query: local query
TIMER	4.290e+01	4.460e+01	4.584e+01	6	bulk_query: all2all query results
TIMER	3.092e+02	3.138e+02	3.380e+02	7	resolve_next_lcp: bulk_rmq
TIMER	2.212e+00	3.639e+00	6.718e+00	7	resolve_next_lcp: set LCP
TIMER	3.453e+02	3.453e+02	3.453e+02	7	LCP update
unresolved = 83264472, unfinished = 25014138
TIMER	8.440e+02	8.440e+02	8.441e+02	5	bucket-chaising iteration
TIMER	1.616e-01	1.891e-01	2.215e-01	6	bulk_query: get recv_counts
TIMER	1.449e+01	1.502e+01	1.544e+01	6	bulk_query: all2all queries
Avg queries: 1.084e+05, max queries on proc 411: 2375599
Inbalance factor: 2.191e+01x
TIMER	2.470e-01	1.091e+00	2.494e+01	6	bulk_query: local query
TIMER	1.396e+01	1.457e+01	1.519e+01	6	bulk_query: all2all query results
TIMER	2.497e+02	2.507e+02	2.521e+02	7	resolve_next_lcp: bulk_rmq
TIMER	6.521e-01	1.330e+00	1.828e+00	7	resolve_next_lcp: set LCP
TIMER	2.541e+02	2.541e+02	2.541e+02	7	LCP update
unresolved = 39125110, unfinished = 14728266
TIMER	4.261e+02	4.261e+02	4.262e+02	5	bucket-chaising iteration
TIMER	1.600e-01	1.855e-01	2.142e-01	6	bulk_query: get recv_counts
TIMER	1.040e+01	1.108e+01	1.157e+01	6	bulk_query: all2all queries
Avg queries: 5.094e+04, max queries on proc 411: 1762394
Inbalance factor: 3.459e+01x
TIMER	8.249e-02	4.587e-01	1.632e+01	6	bulk_query: local query
TIMER	6.588e+00	6.867e+00	7.181e+00	6	bulk_query: all2all query results
TIMER	7.932e+01	7.955e+01	8.005e+01	7	resolve_next_lcp: bulk_rmq
TIMER	3.450e-01	5.610e-01	1.405e+00	7	resolve_next_lcp: set LCP
TIMER	8.166e+01	8.167e+01	8.167e+01	7	LCP update
unresolved = 21253898, unfinished = 9155159
TIMER	1.848e+02	1.848e+02	1.859e+02	5	bucket-chaising iteration
TIMER	3.481e-01	1.947e+00	3.077e+00	6	bulk_query: get recv_counts
TIMER	2.612e+00	8.236e+00	9.691e+00	6	bulk_query: all2all queries
Avg queries: 2.767e+04, max queries on proc 765: 1404879
Inbalance factor: 5.076e+01x
TIMER	7.750e-02	2.515e-01	1.125e+01	6	bulk_query: local query
TIMER	5.870e+00	6.275e+00	6.562e+00	6	bulk_query: all2all query results
TIMER	7.461e+01	7.467e+01	7.476e+01	7	resolve_next_lcp: bulk_rmq
TIMER	2.251e-01	2.967e-01	1.088e+00	7	resolve_next_lcp: set LCP
TIMER	7.606e+01	7.607e+01	7.608e+01	7	LCP update
unresolved = 12458753, unfinished = 5704526
TIMER	1.687e+02	1.687e+02	1.698e+02	5	bucket-chaising iteration
TIMER	2.570e-01	1.638e+00	2.667e+00	6	bulk_query: get recv_counts
TIMER	1.679e+00	6.028e+00	8.296e+00	6	bulk_query: all2all queries
Avg queries: 1.622e+04, max queries on proc 765: 1091160
Inbalance factor: 6.726e+01x
TIMER	8.570e-02	1.787e-01	8.334e+00	6	bulk_query: local query
TIMER	2.727e+00	2.967e+00	3.216e+00	6	bulk_query: all2all query results
TIMER	7.555e+01	7.636e+01	7.747e+01	7	resolve_next_lcp: bulk_rmq
TIMER	1.200e-01	1.819e-01	2.630e+00	7	resolve_next_lcp: set LCP
TIMER	8.887e+01	8.887e+01	8.891e+01	7	LCP update
unresolved = 7057961, unfinished = 3349572
TIMER	1.582e+02	1.582e+02	1.598e+02	5	bucket-chaising iteration
TIMER	1.644e-01	1.863e-01	2.041e-01	6	bulk_query: get recv_counts
TIMER	1.310e+00	2.212e+00	3.535e+00	6	bulk_query: all2all queries
Avg queries: 9.190e+03, max queries on proc 765: 726439
Inbalance factor: 7.905e+01x
TIMER	7.462e-02	1.234e-01	4.887e+00	6	bulk_query: local query
TIMER	1.801e+00	1.937e+00	2.112e+00	6	bulk_query: all2all query results
TIMER	5.403e+01	5.406e+01	5.410e+01	7	resolve_next_lcp: bulk_rmq
TIMER	6.176e-02	9.523e-02	2.130e-01	7	resolve_next_lcp: set LCP
TIMER	5.450e+01	5.450e+01	5.451e+01	7	LCP update
unresolved = 3830919, unfinished = 1858430
TIMER	9.272e+01	9.273e+01	9.275e+01	5	bucket-chaising iteration
TIMER	1.509e-01	1.739e-01	2.045e-01	6	bulk_query: get recv_counts
TIMER	8.848e-01	1.333e+00	2.239e+00	6	bulk_query: all2all queries
Avg queries: 4.988e+03, max queries on proc 765: 376813
Inbalance factor: 7.554e+01x
TIMER	6.626e-02	9.311e-02	2.294e+00	6	bulk_query: local query
TIMER	9.852e-01	1.133e+00	1.268e+00	6	bulk_query: all2all query results
TIMER	5.332e+01	5.335e+01	5.339e+01	7	resolve_next_lcp: bulk_rmq
TIMER	3.735e-02	5.434e-02	8.953e-02	7	resolve_next_lcp: set LCP
TIMER	5.368e+01	5.368e+01	5.370e+01	7	LCP update
unresolved = 1897267, unfinished = 927479
TIMER	6.947e+01	6.947e+01	6.950e+01	5	bucket-chaising iteration
TIMER	1.510e-01	1.732e-01	1.924e-01	6	bulk_query: get recv_counts
TIMER	5.920e-01	9.486e-01	1.548e+00	6	bulk_query: all2all queries
Avg queries: 2.470e+03, max queries on proc 767: 197599
Inbalance factor: 7.999e+01x
TIMER	5.978e-02	7.573e-02	9.882e-01	6	bulk_query: local query
TIMER	6.106e-01	6.915e-01	7.588e-01	6	bulk_query: all2all query results
TIMER	5.478e+01	5.480e+01	5.483e+01	7	resolve_next_lcp: bulk_rmq
TIMER	1.288e-02	2.922e-02	5.307e-02	7	resolve_next_lcp: set LCP
TIMER	5.510e+01	5.511e+01	5.512e+01	7	LCP update
unresolved = 887691, unfinished = 430529
TIMER	6.397e+01	6.398e+01	6.400e+01	5	bucket-chaising iteration
TIMER	1.460e-01	1.718e-01	1.918e-01	6	bulk_query: get recv_counts
TIMER	4.713e-01	8.020e-01	1.277e+00	6	bulk_query: all2all queries
Avg queries: 1.156e+03, max queries on proc 767: 150161
Inbalance factor: 1.299e+02x
TIMER	6.239e-02	7.101e-02	6.474e-01	6	bulk_query: local query
TIMER	4.484e-01	5.379e-01	6.076e-01	6	bulk_query: all2all query results
TIMER	5.088e+01	5.090e+01	5.092e+01	7	resolve_next_lcp: bulk_rmq
TIMER	9.328e-03	1.549e-02	2.574e-02	7	resolve_next_lcp: set LCP
TIMER	5.115e+01	5.116e+01	5.116e+01	7	LCP update
unresolved = 397767, unfinished = 190943
TIMER	5.809e+01	5.810e+01	5.812e+01	5	bucket-chaising iteration
TIMER	1.488e-01	1.707e-01	1.891e-01	6	bulk_query: get recv_counts
TIMER	2.570e-01	6.802e-01	1.136e+00	6	bulk_query: all2all queries
Avg queries: 5.179e+02, max queries on proc 411: 92531
Inbalance factor: 1.787e+02x
TIMER	6.687e-02	7.679e-02	4.322e-01	6	bulk_query: local query
TIMER	2.826e-01	4.360e-01	5.172e-01	6	bulk_query: all2all query results
TIMER	5.313e+01	5.315e+01	5.316e+01	7	resolve_next_lcp: bulk_rmq
TIMER	5.980e-03	9.897e-03	1.980e-02	7	resolve_next_lcp: set LCP
TIMER	5.340e+01	5.340e+01	5.341e+01	7	LCP update
unresolved = 91070, unfinished = 45535
TIMER	5.899e+01	5.899e+01	5.901e+01	5	bucket-chaising iteration
TIMER	1.521e-01	1.746e-01	2.124e-01	6	bulk_query: get recv_counts
TIMER	8.851e-02	5.598e-01	9.890e-01	6	bulk_query: all2all queries
Avg queries: 1.186e+02, max queries on proc 27: 49248
Inbalance factor: 4.153e+02x
TIMER	5.583e-02	6.352e-02	2.367e-01	6	bulk_query: local query
TIMER	2.498e-01	3.707e-01	4.625e-01	6	bulk_query: all2all query results
TIMER	5.292e+01	5.294e+01	5.295e+01	7	resolve_next_lcp: bulk_rmq
TIMER	1.234e-03	3.644e-03	5.826e-03	7	resolve_next_lcp: set LCP
TIMER	5.315e+01	5.315e+01	5.316e+01	7	LCP update
unresolved = 0, unfinished = 0
TIMER	5.775e+01	5.776e+01	5.777e+01	5	bucket-chaising iteration
TIMER	2.206e+03	2.206e+03	2.206e+03	4	construct-msgs
TIMER	1.362e+01	1.493e+01	1.637e+01	4	fix-isa
TIMER	5.269e+03	5.274e+03	5.276e+03	2	desa_construct: SA/LCP construct
TIMER	1.024e+02	1.028e+02	1.033e+02	2	desa_construct: TLI construct
TIMER	2.344e-01	3.323e-01	3.855e-01	3	repartition: 1D-partition
TIMER	2.968e+00	2.972e+00	2.980e+00	2	desa_construct: 1-D partition
TIMER	1.220e+02	1.222e+02	1.231e+02	3	repartition: redistribute
TIMER	1.233e+02	1.233e+02	1.258e+02	2	desa_construct: repartition
TIMER	4.617e+01	4.757e+01	4.906e+01	2	desa_construct: RMQ construct
TIMER	3.670e-01	5.582e-01	9.677e-01	3	bulk_query: get recv_counts
TIMER	2.113e+02	2.180e+02	2.219e+02	3	bulk_query: all2all queries
Avg queries: 3.730e+06, max queries on proc 8: 3730589
Inbalance factor: 1.000e+00x
TIMER	3.377e+01	4.557e+01	4.955e+01	3	bulk_query: local query
TIMER	3.261e+01	3.337e+01	3.435e+01	3	bulk_query: all2all query results
TIMER	4.750e+02	4.772e+02	4.807e+02	2	desa_construct: Lc naive construct
TIMER	6.044e+03	6.044e+03	6.044e+03	1	construct idx
