== Node distribution == 
== p=96 processes on 2 nodes ==
--  Node: 'c476-134.stampede2.tacc.utexas.edu' (48/96)
        Ranks: 0, 1, 2, 3, 4, 5, 6, 7, 8, 9, 10, 11, 12, 13, 14, 15, 16, 17, 18, 19, 20, 21, 22, 23, 24, 25, 26, 27, 28, 29, 30, 31, 32, 33, 34, 35, 36, 37, 38, 39, 40, 41, 42, 43, 44, 45, 46, 47
--  Node: 'c477-003.stampede2.tacc.utexas.edu' (48/96)
        Ranks: 48, 49, 50, 51, 52, 53, 54, 55, 56, 57, 58, 59, 60, 61, 62, 63, 64, 65, 66, 67, 68, 69, 70, 71, 72, 73, 74, 75, 76, 77, 78, 79, 80, 81, 82, 83, 84, 85, 86, 87, 88, 89, 90, 91, 92, 93, 94, 95
TIMER	1.322e+02	3.632e+02	7.106e+02	1	read input file
TIMER	2.585e+01	2.585e+01	2.586e+01	2	desa_construct: cpy str
Alphabet: {sigma=4, l=3, A=[A, C, G, T]}
TIMER	2.603e+01	2.603e+01	2.608e+01	3	get alphabet
TIMER	3.051e+02	3.113e+02	3.186e+02	4	kmer-gen
TIMER	3.459e+02	3.499e+02	3.549e+02	5	shift-buckets
TIMER	1.238e+04	1.240e+04	1.243e+04	5	ISA-to-SA
TIMER	5.546e+02	5.650e+02	5.829e+02	5	init-lcp
iteration 21: unfinished buckets = 51313051, unfinished elements = 252565175
TIMER	2.895e+02	2.926e+02	2.956e+02	5	rebucket
TIMER	4.535e+03	4.623e+03	4.693e+03	5	SA-to-ISA
TIMER	1.836e+04	1.836e+04	1.836e+04	5	sac-iteration
Starting Bucket chasing algorithm
unresolved = 252565180, unfinished = 51313051
TIMER	1.224e+02	1.250e+02	1.251e+02	5	get active elements
TIMER	4.738e-02	5.530e-02	8.445e-02	6	bulk_query: get recv_counts
TIMER	7.658e+01	7.939e+01	8.211e+01	6	bulk_query: all2all queries
Avg queries: 2.631e+06, max queries on proc 51: 10370837
Inbalance factor: 3.942e+00x
TIMER	4.273e+01	6.494e+01	1.708e+02	6	bulk_query: local query
TIMER	6.106e+01	6.495e+01	6.908e+01	6	bulk_query: all2all query results
TIMER	1.213e+03	1.236e+03	1.271e+03	7	resolve_next_lcp: bulk_rmq
TIMER	2.250e+01	3.003e+01	3.645e+01	7	resolve_next_lcp: set LCP
TIMER	1.309e+03	1.309e+03	1.309e+03	7	LCP update
unresolved = 83264472, unfinished = 25014138
TIMER	3.007e+03	3.008e+03	3.008e+03	5	bucket-chaising iteration
TIMER	4.816e-02	6.249e-02	7.895e-02	6	bulk_query: get recv_counts
TIMER	3.259e+01	3.468e+01	3.682e+01	6	bulk_query: all2all queries
Avg queries: 8.673e+05, max queries on proc 51: 7565031
Inbalance factor: 8.722e+00x
TIMER	6.186e+00	1.538e+01	9.598e+01	6	bulk_query: local query
TIMER	1.753e+01	2.088e+01	2.247e+01	6	bulk_query: all2all query results
TIMER	5.478e+02	5.534e+02	5.594e+02	7	resolve_next_lcp: bulk_rmq
TIMER	9.972e+00	1.153e+01	1.284e+01	7	resolve_next_lcp: set LCP
TIMER	5.725e+02	5.725e+02	5.725e+02	7	LCP update
unresolved = 39125110, unfinished = 14728266
TIMER	1.212e+03	1.213e+03	1.217e+03	5	bucket-chaising iteration
TIMER	4.669e-02	5.612e-02	7.626e-02	6	bulk_query: get recv_counts
TIMER	2.289e+01	2.379e+01	2.635e+01	6	bulk_query: all2all queries
Avg queries: 4.076e+05, max queries on proc 51: 5381275
Inbalance factor: 1.320e+01x
TIMER	1.002e+00	5.044e+00	5.962e+01	6	bulk_query: local query
TIMER	1.180e+01	1.351e+01	1.438e+01	6	bulk_query: all2all query results
TIMER	4.569e+02	4.574e+02	4.583e+02	7	resolve_next_lcp: bulk_rmq
TIMER	5.218e+00	5.776e+00	6.379e+00	7	resolve_next_lcp: set LCP
TIMER	4.648e+02	4.648e+02	4.648e+02	7	LCP update
unresolved = 21253898, unfinished = 9155159
TIMER	8.298e+02	8.314e+02	8.370e+02	5	bucket-chaising iteration
TIMER	4.290e-02	5.505e-02	7.460e-02	6	bulk_query: get recv_counts
TIMER	1.455e+01	1.585e+01	1.666e+01	6	bulk_query: all2all queries
Avg queries: 2.214e+05, max queries on proc 51: 3387786
Inbalance factor: 1.530e+01x
TIMER	1.374e-01	2.108e+00	3.548e+01	6	bulk_query: local query
TIMER	1.331e+01	1.890e+01	2.001e+01	6	bulk_query: all2all query results
TIMER	4.199e+02	4.203e+02	4.234e+02	7	resolve_next_lcp: bulk_rmq
TIMER	2.915e+00	3.233e+00	3.530e+00	7	resolve_next_lcp: set LCP
TIMER	4.271e+02	4.271e+02	4.271e+02	7	LCP update
unresolved = 12458753, unfinished = 5704526
TIMER	6.586e+02	6.597e+02	6.655e+02	5	bucket-chaising iteration
TIMER	7.470e-02	3.260e-01	3.665e-01	6	bulk_query: get recv_counts
TIMER	1.062e+01	1.153e+01	1.204e+01	6	bulk_query: all2all queries
Avg queries: 1.298e+05, max queries on proc 95: 2369254
Inbalance factor: 1.826e+01x
TIMER	5.262e-02	1.086e+00	2.292e+01	6	bulk_query: local query
TIMER	4.769e+00	5.370e+00	5.848e+00	6	bulk_query: all2all query results
TIMER	4.123e+02	4.127e+02	4.166e+02	7	resolve_next_lcp: bulk_rmq
TIMER	1.745e+00	1.945e+00	2.159e+00	7	resolve_next_lcp: set LCP
TIMER	4.189e+02	4.189e+02	4.189e+02	7	LCP update
unresolved = 7057961, unfinished = 3349572
TIMER	5.563e+02	5.564e+02	5.590e+02	5	bucket-chaising iteration
TIMER	4.336e-02	5.258e-02	7.163e-02	6	bulk_query: get recv_counts
TIMER	6.613e+00	7.609e+00	8.366e+00	6	bulk_query: all2all queries
Avg queries: 7.352e+04, max queries on proc 95: 1565624
Inbalance factor: 2.130e+01x
TIMER	4.468e-02	5.656e-01	1.412e+01	6	bulk_query: local query
TIMER	2.562e+00	2.855e+00	3.313e+00	6	bulk_query: all2all query results
TIMER	4.086e+02	4.090e+02	4.133e+02	7	resolve_next_lcp: bulk_rmq
TIMER	9.179e-01	1.041e+00	1.196e+00	7	resolve_next_lcp: set LCP
TIMER	4.147e+02	4.147e+02	4.147e+02	7	LCP update
unresolved = 3830919, unfinished = 1858430
TIMER	4.960e+02	4.961e+02	4.986e+02	5	bucket-chaising iteration
TIMER	4.163e-02	4.870e-02	5.917e-02	6	bulk_query: get recv_counts
TIMER	4.018e+00	4.923e+00	5.549e+00	6	bulk_query: all2all queries
Avg queries: 3.991e+04, max queries on proc 95: 948434
Inbalance factor: 2.377e+01x
TIMER	4.104e-02	2.817e-01	7.911e+00	6	bulk_query: local query
TIMER	1.372e+00	1.642e+00	1.997e+00	6	bulk_query: all2all query results
TIMER	4.045e+02	4.049e+02	4.093e+02	7	resolve_next_lcp: bulk_rmq
TIMER	4.563e-01	5.526e-01	6.920e-01	7	resolve_next_lcp: set LCP
TIMER	4.102e+02	4.102e+02	4.102e+02	7	LCP update
unresolved = 1897267, unfinished = 927479
TIMER	4.551e+02	4.551e+02	4.568e+02	5	bucket-chaising iteration
TIMER	7.791e-02	1.690e-01	2.562e-01	6	bulk_query: get recv_counts
TIMER	1.905e+00	2.601e+00	3.514e+00	6	bulk_query: all2all queries
Avg queries: 1.976e+04, max queries on proc 95: 447515
Inbalance factor: 2.264e+01x
TIMER	6.107e-02	1.674e-01	3.901e+00	6	bulk_query: local query
TIMER	4.267e-01	6.106e-01	7.995e-01	6	bulk_query: all2all query results
TIMER	4.035e+02	4.038e+02	4.078e+02	7	resolve_next_lcp: bulk_rmq
TIMER	2.034e-01	2.539e-01	3.308e-01	7	resolve_next_lcp: set LCP
TIMER	4.083e+02	4.083e+02	4.083e+02	7	LCP update
unresolved = 887691, unfinished = 430529
TIMER	4.309e+02	4.309e+02	4.309e+02	5	bucket-chaising iteration
TIMER	3.567e-02	4.941e-02	6.591e-02	6	bulk_query: get recv_counts
TIMER	5.071e-01	7.732e-01	9.716e-01	6	bulk_query: all2all queries
Avg queries: 9.247e+03, max queries on proc 95: 206909
Inbalance factor: 2.238e+01x
TIMER	3.823e-02	7.598e-02	9.037e-01	6	bulk_query: local query
TIMER	2.737e-01	3.581e-01	4.376e-01	6	bulk_query: all2all query results
TIMER	4.020e+02	4.023e+02	4.063e+02	7	resolve_next_lcp: bulk_rmq
TIMER	9.001e-02	1.110e-01	1.403e-01	7	resolve_next_lcp: set LCP
TIMER	4.065e+02	4.065e+02	4.065e+02	7	LCP update
unresolved = 397767, unfinished = 190943
TIMER	4.153e+02	4.153e+02	4.154e+02	5	bucket-chaising iteration
TIMER	3.684e-02	4.581e-02	5.619e-02	6	bulk_query: get recv_counts
TIMER	1.821e-01	2.544e-01	3.829e-01	6	bulk_query: all2all queries
Avg queries: 4.143e+03, max queries on proc 95: 113284
Inbalance factor: 2.734e+01x
TIMER	3.721e-02	5.422e-02	4.265e-01	6	bulk_query: local query
TIMER	1.183e-01	1.745e-01	2.264e-01	6	bulk_query: all2all query results
TIMER	4.017e+02	4.020e+02	4.060e+02	7	resolve_next_lcp: bulk_rmq
TIMER	5.361e-02	6.472e-02	8.475e-02	7	resolve_next_lcp: set LCP
TIMER	4.062e+02	4.062e+02	4.062e+02	7	LCP update
unresolved = 91070, unfinished = 45535
TIMER	4.104e+02	4.105e+02	4.131e+02	5	bucket-chaising iteration
TIMER	3.272e-02	4.175e-02	5.530e-02	6	bulk_query: get recv_counts
TIMER	8.044e-02	1.103e-01	1.813e-01	6	bulk_query: all2all queries
Avg queries: 9.486e+02, max queries on proc 3: 49248
Inbalance factor: 5.191e+01x
TIMER	3.754e-02	4.348e-02	2.379e-01	6	bulk_query: local query
TIMER	4.268e-02	7.617e-02	1.110e-01	6	bulk_query: all2all query results
TIMER	4.256e+02	4.259e+02	4.299e+02	7	resolve_next_lcp: bulk_rmq
TIMER	1.376e-02	2.050e-02	2.977e-02	7	resolve_next_lcp: set LCP
TIMER	4.301e+02	4.301e+02	4.301e+02	7	LCP update
unresolved = 0, unfinished = 0
TIMER	4.321e+02	4.321e+02	4.321e+02	5	bucket-chaising iteration
TIMER	9.070e+03	9.070e+03	9.070e+03	4	construct-msgs
TIMER	1.128e+02	1.259e+02	1.387e+02	4	fix-isa
TIMER	2.792e+04	2.792e+04	2.792e+04	2	desa_construct: SA/LCP construct
TIMER	6.998e+02	6.998e+02	6.999e+02	2	desa_construct: TLI construct
TIMER	1.684e-02	1.905e-02	2.979e-02	3	repartition: 1D-partition
TIMER	3.018e-01	3.041e-01	3.147e-01	2	desa_construct: 1-D partition
TIMER	9.834e+02	9.846e+02	9.849e+02	3	repartition: redistribute
TIMER	9.851e+02	9.851e+02	9.854e+02	2	desa_construct: repartition
TIMER	3.849e+02	3.927e+02	3.986e+02	2	desa_construct: RMQ construct
TIMER	5.615e-02	6.772e-02	8.681e-02	3	bulk_query: get recv_counts
TIMER	6.315e+02	6.773e+02	7.007e+02	3	bulk_query: all2all queries
Avg queries: 2.984e+07, max queries on proc 71: 29841642
Inbalance factor: 1.000e+00x
TIMER	5.390e+02	5.568e+02	5.725e+02	3	bulk_query: local query
TIMER	8.626e+01	9.211e+01	9.464e+01	3	bulk_query: all2all query results
TIMER	2.896e+03	2.915e+03	2.982e+03	2	desa_construct: Lc naive construct
TIMER	3.301e+04	3.301e+04	3.301e+04	1	construct idx
