== Node distribution == 
== p=192 processes on 4 nodes ==
--  Node: 'c476-134.stampede2.tacc.utexas.edu' (48/192)
        Ranks: 0, 1, 2, 3, 4, 5, 6, 7, 8, 9, 10, 11, 12, 13, 14, 15, 16, 17, 18, 19, 20, 21, 22, 23, 24, 25, 26, 27, 28, 29, 30, 31, 32, 33, 34, 35, 36, 37, 38, 39, 40, 41, 42, 43, 44, 45, 46, 47
--  Node: 'c477-003.stampede2.tacc.utexas.edu' (48/192)
        Ranks: 48, 49, 50, 51, 52, 53, 54, 55, 56, 57, 58, 59, 60, 61, 62, 63, 64, 65, 66, 67, 68, 69, 70, 71, 72, 73, 74, 75, 76, 77, 78, 79, 80, 81, 82, 83, 84, 85, 86, 87, 88, 89, 90, 91, 92, 93, 94, 95
--  Node: 'c477-004.stampede2.tacc.utexas.edu' (48/192)
        Ranks: 96, 97, 98, 99, 100, 101, 102, 103, 104, 105, 106, 107, 108, 109, 110, 111, 112, 113, 114, 115, 116, 117, 118, 119, 120, 121, 122, 123, 124, 125, 126, 127, 128, 129, 130, 131, 132, 133, 134, 135, 136, 137, 138, 139, 140, 141, 142, 143
--  Node: 'c477-012.stampede2.tacc.utexas.edu' (48/192)
        Ranks: 144, 145, 146, 147, 148, 149, 150, 151, 152, 153, 154, 155, 156, 157, 158, 159, 160, 161, 162, 163, 164, 165, 166, 167, 168, 169, 170, 171, 172, 173, 174, 175, 176, 177, 178, 179, 180, 181, 182, 183, 184, 185, 186, 187, 188, 189, 190, 191
TIMER	6.680e+01	8.397e+01	9.266e+01	1	read input file
TIMER	1.287e+01	1.287e+01	1.288e+01	2	desa_construct: cpy str
Alphabet: {sigma=4, l=3, A=[A, C, G, T]}
TIMER	1.324e+01	1.325e+01	1.328e+01	3	get alphabet
TIMER	1.522e+02	1.566e+02	1.628e+02	4	kmer-gen
TIMER	1.703e+02	1.764e+02	2.007e+02	5	shift-buckets
TIMER	6.949e+03	6.969e+03	6.986e+03	5	ISA-to-SA
TIMER	2.718e+02	2.833e+02	2.914e+02	5	init-lcp
iteration 21: unfinished buckets = 51313051, unfinished elements = 252565165
TIMER	1.470e+02	1.489e+02	1.509e+02	5	rebucket
TIMER	2.578e+03	2.623e+03	2.647e+03	5	SA-to-ISA
TIMER	1.028e+04	1.028e+04	1.028e+04	5	sac-iteration
Starting Bucket chasing algorithm
unresolved = 252565180, unfinished = 51313051
TIMER	6.525e+01	6.529e+01	6.729e+01	5	get active elements
TIMER	9.240e-02	1.585e-01	2.498e-01	6	bulk_query: get recv_counts
TIMER	6.289e+01	6.677e+01	6.771e+01	6	bulk_query: all2all queries
Avg queries: 1.315e+06, max queries on proc 102: 7318853
Inbalance factor: 5.564e+00x
TIMER	1.730e+01	2.950e+01	1.038e+02	6	bulk_query: local query
TIMER	5.250e+01	5.400e+01	5.535e+01	6	bulk_query: all2all query results
TIMER	7.593e+02	7.741e+02	8.054e+02	7	resolve_next_lcp: bulk_rmq
TIMER	1.020e+01	1.491e+01	2.069e+01	7	resolve_next_lcp: set LCP
TIMER	8.263e+02	8.263e+02	8.263e+02	7	LCP update
unresolved = 83264472, unfinished = 25014138
TIMER	1.913e+03	1.914e+03	1.914e+03	5	bucket-chaising iteration
TIMER	6.273e-02	8.240e-02	1.125e-01	6	bulk_query: get recv_counts
TIMER	4.048e+01	4.209e+01	4.371e+01	6	bulk_query: all2all queries
Avg queries: 4.337e+05, max queries on proc 102: 5585353
Inbalance factor: 1.288e+01x
TIMER	1.979e+00	6.296e+00	6.711e+01	6	bulk_query: local query
TIMER	2.639e+01	2.821e+01	2.878e+01	6	bulk_query: all2all query results
TIMER	3.068e+02	3.084e+02	3.112e+02	7	resolve_next_lcp: bulk_rmq
TIMER	4.683e+00	5.735e+00	6.849e+00	7	resolve_next_lcp: set LCP
TIMER	3.183e+02	3.183e+02	3.183e+02	7	LCP update
unresolved = 39125110, unfinished = 14728266
TIMER	7.618e+02	7.620e+02	7.641e+02	5	bucket-chaising iteration
TIMER	6.670e-02	8.803e-02	1.316e-01	6	bulk_query: get recv_counts
TIMER	2.302e+01	2.419e+01	2.520e+01	6	bulk_query: all2all queries
Avg queries: 2.038e+05, max queries on proc 102: 4113032
Inbalance factor: 2.018e+01x
TIMER	2.507e-01	2.045e+00	4.255e+01	6	bulk_query: local query
TIMER	1.378e+01	1.486e+01	1.549e+01	6	bulk_query: all2all query results
TIMER	2.391e+02	2.395e+02	2.404e+02	7	resolve_next_lcp: bulk_rmq
TIMER	2.439e+00	2.832e+00	3.303e+00	7	resolve_next_lcp: set LCP
TIMER	2.439e+02	2.439e+02	2.439e+02	7	LCP update
unresolved = 21253898, unfinished = 9155159
TIMER	5.099e+02	5.100e+02	5.118e+02	5	bucket-chaising iteration
TIMER	7.079e-02	8.701e-02	1.163e-01	6	bulk_query: get recv_counts
TIMER	1.035e+01	1.099e+01	1.235e+01	6	bulk_query: all2all queries
Avg queries: 1.107e+05, max queries on proc 191: 3062473
Inbalance factor: 2.767e+01x
TIMER	1.403e-01	1.018e+00	2.853e+01	6	bulk_query: local query
TIMER	1.289e+01	1.401e+01	1.700e+01	6	bulk_query: all2all query results
TIMER	2.166e+02	2.167e+02	2.170e+02	7	resolve_next_lcp: bulk_rmq
TIMER	1.283e+00	1.498e+00	2.094e+00	7	resolve_next_lcp: set LCP
TIMER	2.193e+02	2.193e+02	2.193e+02	7	LCP update
unresolved = 12458753, unfinished = 5704526
TIMER	3.918e+02	3.918e+02	3.919e+02	5	bucket-chaising iteration
TIMER	5.777e-02	6.937e-02	9.577e-02	6	bulk_query: get recv_counts
TIMER	7.331e+00	8.460e+00	9.275e+00	6	bulk_query: all2all queries
Avg queries: 6.489e+04, max queries on proc 191: 2232622
Inbalance factor: 3.441e+01x
TIMER	5.632e-02	5.059e-01	1.696e+01	6	bulk_query: local query
TIMER	4.240e+00	4.839e+00	5.422e+00	6	bulk_query: all2all query results
TIMER	2.049e+02	2.050e+02	2.052e+02	7	resolve_next_lcp: bulk_rmq
TIMER	6.766e-01	8.251e-01	1.014e+00	7	resolve_next_lcp: set LCP
TIMER	2.064e+02	2.064e+02	2.064e+02	7	LCP update
unresolved = 7057961, unfinished = 3349572
TIMER	3.097e+02	3.097e+02	3.097e+02	5	bucket-chaising iteration
TIMER	5.885e-02	7.702e-02	1.091e-01	6	bulk_query: get recv_counts
TIMER	2.216e+00	5.570e+00	7.114e+00	6	bulk_query: all2all queries
Avg queries: 3.676e+04, max queries on proc 191: 1516559
Inbalance factor: 4.126e+01x
TIMER	5.205e-02	2.736e-01	1.098e+01	6	bulk_query: local query
TIMER	2.379e+00	2.607e+00	2.937e+00	6	bulk_query: all2all query results
TIMER	2.046e+02	2.046e+02	2.047e+02	7	resolve_next_lcp: bulk_rmq
TIMER	3.511e-01	4.371e-01	5.859e-01	7	resolve_next_lcp: set LCP
TIMER	2.055e+02	2.055e+02	2.055e+02	7	LCP update
unresolved = 3830919, unfinished = 1858430
TIMER	2.646e+02	2.646e+02	2.646e+02	5	bucket-chaising iteration
TIMER	5.220e-02	6.894e-02	1.057e-01	6	bulk_query: get recv_counts
TIMER	1.558e+00	2.364e+00	3.413e+00	6	bulk_query: all2all queries
Avg queries: 1.995e+04, max queries on proc 191: 932599
Inbalance factor: 4.674e+01x
TIMER	5.600e-02	1.650e-01	6.031e+00	6	bulk_query: local query
TIMER	1.323e+00	1.429e+00	1.664e+00	6	bulk_query: all2all query results
TIMER	2.089e+02	2.089e+02	2.090e+02	7	resolve_next_lcp: bulk_rmq
TIMER	1.860e-01	2.443e-01	4.093e-01	7	resolve_next_lcp: set LCP
TIMER	2.095e+02	2.095e+02	2.095e+02	7	LCP update
unresolved = 1897267, unfinished = 927479
TIMER	2.429e+02	2.429e+02	2.429e+02	5	bucket-chaising iteration
TIMER	5.490e-02	7.999e-02	1.082e-01	6	bulk_query: get recv_counts
TIMER	6.696e-01	1.122e+00	1.699e+00	6	bulk_query: all2all queries
Avg queries: 9.882e+03, max queries on proc 191: 444407
Inbalance factor: 4.497e+01x
TIMER	5.326e-02	9.739e-02	2.329e+00	6	bulk_query: local query
TIMER	5.864e-01	6.960e-01	8.947e-01	6	bulk_query: all2all query results
TIMER	2.031e+02	2.032e+02	2.032e+02	7	resolve_next_lcp: bulk_rmq
TIMER	7.621e-02	1.221e-01	3.228e-01	7	resolve_next_lcp: set LCP
TIMER	2.038e+02	2.038e+02	2.038e+02	7	LCP update
unresolved = 887691, unfinished = 430529
TIMER	2.203e+02	2.203e+02	2.209e+02	5	bucket-chaising iteration
TIMER	1.152e-01	7.201e-01	7.647e-01	6	bulk_query: get recv_counts
TIMER	3.230e-01	4.859e-01	7.128e-01	6	bulk_query: all2all queries
Avg queries: 4.623e+03, max queries on proc 191: 206909
Inbalance factor: 4.475e+01x
TIMER	5.448e-02	7.613e-02	9.208e-01	6	bulk_query: local query
TIMER	3.139e-01	3.618e-01	4.275e-01	6	bulk_query: all2all query results
TIMER	2.030e+02	2.030e+02	2.030e+02	7	resolve_next_lcp: bulk_rmq
TIMER	3.995e-02	6.096e-02	2.066e-01	7	resolve_next_lcp: set LCP
TIMER	2.034e+02	2.034e+02	2.034e+02	7	LCP update
unresolved = 397767, unfinished = 190943
TIMER	2.125e+02	2.125e+02	2.125e+02	5	bucket-chaising iteration
TIMER	6.336e-02	8.397e-02	1.038e-01	6	bulk_query: get recv_counts
TIMER	1.793e-01	3.067e-01	4.716e-01	6	bulk_query: all2all queries
Avg queries: 2.072e+03, max queries on proc 191: 113284
Inbalance factor: 5.468e+01x
TIMER	5.623e-02	6.601e-02	5.037e-01	6	bulk_query: local query
TIMER	1.519e-01	2.163e-01	2.571e-01	6	bulk_query: all2all query results
TIMER	2.057e+02	2.057e+02	2.058e+02	7	resolve_next_lcp: bulk_rmq
TIMER	2.604e-02	4.193e-02	1.518e-01	7	resolve_next_lcp: set LCP
TIMER	2.061e+02	2.061e+02	2.061e+02	7	LCP update
unresolved = 91070, unfinished = 45535
TIMER	2.103e+02	2.103e+02	2.103e+02	5	bucket-chaising iteration
TIMER	4.509e-02	6.929e-02	9.985e-02	6	bulk_query: get recv_counts
TIMER	9.649e-02	1.889e-01	3.490e-01	6	bulk_query: all2all queries
Avg queries: 4.743e+02, max queries on proc 6: 49248
Inbalance factor: 1.038e+02x
TIMER	5.489e-02	5.863e-02	2.113e-01	6	bulk_query: local query
TIMER	7.639e-02	1.120e-01	1.576e-01	6	bulk_query: all2all query results
TIMER	2.033e+02	2.033e+02	2.033e+02	7	resolve_next_lcp: bulk_rmq
TIMER	6.004e-03	1.662e-02	7.944e-02	7	resolve_next_lcp: set LCP
TIMER	2.035e+02	2.035e+02	2.035e+02	7	LCP update
unresolved = 0, unfinished = 0
TIMER	2.059e+02	2.059e+02	2.060e+02	5	bucket-chaising iteration
TIMER	5.324e+03	5.324e+03	5.324e+03	4	construct-msgs
TIMER	5.825e+01	6.211e+01	6.539e+01	4	fix-isa
TIMER	1.585e+04	1.585e+04	1.585e+04	2	desa_construct: SA/LCP construct
TIMER	3.155e+02	3.155e+02	3.156e+02	2	desa_construct: TLI construct
TIMER	3.131e-02	3.678e-02	6.281e-02	3	repartition: 1D-partition
TIMER	4.503e-01	4.525e-01	4.577e-01	2	desa_construct: 1-D partition
TIMER	4.979e+02	4.984e+02	4.990e+02	3	repartition: redistribute
TIMER	4.991e+02	4.991e+02	4.997e+02	2	desa_construct: repartition
TIMER	1.912e+02	1.949e+02	1.983e+02	2	desa_construct: RMQ construct
TIMER	6.781e-02	8.515e-02	1.164e-01	3	bulk_query: get recv_counts
TIMER	4.807e+02	4.907e+02	4.984e+02	3	bulk_query: all2all queries
Avg queries: 1.492e+07, max queries on proc 173: 14920893
Inbalance factor: 1.000e+00x
TIMER	2.398e+02	2.580e+02	2.707e+02	3	bulk_query: local query
TIMER	6.109e+01	6.251e+01	6.416e+01	3	bulk_query: all2all query results
TIMER	1.636e+03	1.648e+03	1.672e+03	2	desa_construct: Lc naive construct
TIMER	1.855e+04	1.855e+04	1.855e+04	1	construct idx
