== Node distribution == 
== p=96 processes on 2 nodes ==
--  Node: 'c476-134.stampede2.tacc.utexas.edu' (48/96)
        Ranks: 0, 1, 2, 3, 4, 5, 6, 7, 8, 9, 10, 11, 12, 13, 14, 15, 16, 17, 18, 19, 20, 21, 22, 23, 24, 25, 26, 27, 28, 29, 30, 31, 32, 33, 34, 35, 36, 37, 38, 39, 40, 41, 42, 43, 44, 45, 46, 47
--  Node: 'c477-003.stampede2.tacc.utexas.edu' (48/96)
        Ranks: 48, 49, 50, 51, 52, 53, 54, 55, 56, 57, 58, 59, 60, 61, 62, 63, 64, 65, 66, 67, 68, 69, 70, 71, 72, 73, 74, 75, 76, 77, 78, 79, 80, 81, 82, 83, 84, 85, 86, 87, 88, 89, 90, 91, 92, 93, 94, 95
TIMER	1.296e+02	1.547e+02	1.646e+02	1	read input file
TIMER	2.599e+01	2.599e+01	2.600e+01	2	desa_construct: cpy str
Alphabet: {sigma=4, l=3, A=[A, C, G, T]}
TIMER	2.589e+01	2.590e+01	2.594e+01	3	get alphabet
TIMER	3.043e+02	3.116e+02	3.190e+02	4	kmer-gen
TIMER	3.451e+02	3.497e+02	3.579e+02	5	shift-buckets
TIMER	1.220e+04	1.223e+04	1.226e+04	5	ISA-to-SA
TIMER	5.542e+02	5.653e+02	5.785e+02	5	init-lcp
iteration 21: unfinished buckets = 51313051, unfinished elements = 252565175
TIMER	2.874e+02	2.908e+02	2.936e+02	5	rebucket
TIMER	4.574e+03	4.609e+03	4.640e+03	5	SA-to-ISA
TIMER	1.814e+04	1.814e+04	1.814e+04	5	sac-iteration
Starting Bucket chasing algorithm
unresolved = 252565180, unfinished = 51313051
TIMER	1.198e+02	1.228e+02	1.228e+02	5	get active elements
TIMER	5.546e-02	6.912e-02	9.592e-02	6	bulk_query: get recv_counts
TIMER	7.584e+01	7.953e+01	8.209e+01	6	bulk_query: all2all queries
Avg queries: 2.631e+06, max queries on proc 51: 10370837
Inbalance factor: 3.942e+00x
TIMER	4.368e+01	6.429e+01	1.693e+02	6	bulk_query: local query
TIMER	6.183e+01	6.433e+01	6.765e+01	6	bulk_query: all2all query results
TIMER	1.210e+03	1.235e+03	1.270e+03	7	resolve_next_lcp: bulk_rmq
TIMER	2.331e+01	3.004e+01	3.646e+01	7	resolve_next_lcp: set LCP
TIMER	1.308e+03	1.308e+03	1.308e+03	7	LCP update
unresolved = 83264472, unfinished = 25014138
TIMER	3.030e+03	3.031e+03	3.031e+03	5	bucket-chaising iteration
TIMER	5.041e-02	5.881e-02	7.851e-02	6	bulk_query: get recv_counts
TIMER	3.369e+01	3.557e+01	3.877e+01	6	bulk_query: all2all queries
Avg queries: 8.673e+05, max queries on proc 51: 7565031
Inbalance factor: 8.722e+00x
TIMER	5.843e+00	1.531e+01	9.610e+01	6	bulk_query: local query
TIMER	2.062e+01	2.703e+01	2.896e+01	6	bulk_query: all2all query results
TIMER	5.393e+02	5.454e+02	5.514e+02	7	resolve_next_lcp: bulk_rmq
TIMER	9.951e+00	1.158e+01	1.296e+01	7	resolve_next_lcp: set LCP
TIMER	5.647e+02	5.647e+02	5.647e+02	7	LCP update
unresolved = 39125110, unfinished = 14728266
TIMER	1.214e+03	1.215e+03	1.221e+03	5	bucket-chaising iteration
TIMER	5.207e-02	5.708e-02	6.453e-02	6	bulk_query: get recv_counts
TIMER	2.341e+01	2.486e+01	2.617e+01	6	bulk_query: all2all queries
Avg queries: 4.076e+05, max queries on proc 51: 5381275
Inbalance factor: 1.320e+01x
TIMER	1.057e+00	4.993e+00	6.031e+01	6	bulk_query: local query
TIMER	1.127e+01	1.333e+01	1.429e+01	6	bulk_query: all2all query results
TIMER	4.605e+02	4.610e+02	4.618e+02	7	resolve_next_lcp: bulk_rmq
TIMER	5.236e+00	5.778e+00	6.618e+00	7	resolve_next_lcp: set LCP
TIMER	4.686e+02	4.686e+02	4.686e+02	7	LCP update
unresolved = 21253898, unfinished = 9155159
TIMER	8.340e+02	8.356e+02	8.416e+02	5	bucket-chaising iteration
TIMER	5.234e-02	6.381e-02	7.781e-02	6	bulk_query: get recv_counts
TIMER	1.506e+01	1.576e+01	1.747e+01	6	bulk_query: all2all queries
Avg queries: 2.214e+05, max queries on proc 51: 3387786
Inbalance factor: 1.530e+01x
TIMER	1.778e-01	2.132e+00	3.366e+01	6	bulk_query: local query
TIMER	7.292e+00	8.719e+00	9.289e+00	6	bulk_query: all2all query results
TIMER	4.230e+02	4.233e+02	4.261e+02	7	resolve_next_lcp: bulk_rmq
TIMER	2.932e+00	3.232e+00	3.867e+00	7	resolve_next_lcp: set LCP
TIMER	4.302e+02	4.302e+02	4.302e+02	7	LCP update
unresolved = 12458753, unfinished = 5704526
TIMER	6.427e+02	6.436e+02	6.496e+02	5	bucket-chaising iteration
TIMER	4.986e-02	5.631e-02	6.594e-02	6	bulk_query: get recv_counts
TIMER	1.056e+01	1.118e+01	1.187e+01	6	bulk_query: all2all queries
Avg queries: 1.298e+05, max queries on proc 95: 2369254
Inbalance factor: 1.826e+01x
TIMER	5.325e-02	1.107e+00	2.155e+01	6	bulk_query: local query
TIMER	5.183e+00	6.243e+00	6.899e+00	6	bulk_query: all2all query results
TIMER	4.136e+02	4.140e+02	4.175e+02	7	resolve_next_lcp: bulk_rmq
TIMER	1.747e+00	1.944e+00	2.197e+00	7	resolve_next_lcp: set LCP
TIMER	4.198e+02	4.198e+02	4.198e+02	7	LCP update
unresolved = 7057961, unfinished = 3349572
TIMER	5.523e+02	5.523e+02	5.550e+02	5	bucket-chaising iteration
TIMER	4.165e-02	5.829e-02	8.190e-02	6	bulk_query: get recv_counts
TIMER	6.771e+00	8.667e+00	9.516e+00	6	bulk_query: all2all queries
Avg queries: 7.352e+04, max queries on proc 95: 1565624
Inbalance factor: 2.130e+01x
TIMER	4.816e-02	5.601e-01	1.361e+01	6	bulk_query: local query
TIMER	2.143e+00	2.599e+00	2.887e+00	6	bulk_query: all2all query results
TIMER	4.111e+02	4.116e+02	4.156e+02	7	resolve_next_lcp: bulk_rmq
TIMER	9.213e-01	1.039e+00	1.215e+00	7	resolve_next_lcp: set LCP
TIMER	4.170e+02	4.170e+02	4.170e+02	7	LCP update
unresolved = 3830919, unfinished = 1858430
TIMER	4.998e+02	4.999e+02	5.020e+02	5	bucket-chaising iteration
TIMER	3.989e-02	5.376e-02	7.461e-02	6	bulk_query: get recv_counts
TIMER	4.040e+00	5.080e+00	5.679e+00	6	bulk_query: all2all queries
Avg queries: 3.991e+04, max queries on proc 95: 948434
Inbalance factor: 2.377e+01x
TIMER	5.072e-02	2.922e-01	7.831e+00	6	bulk_query: local query
TIMER	1.098e+00	1.274e+00	1.494e+00	6	bulk_query: all2all query results
TIMER	4.071e+02	4.074e+02	4.111e+02	7	resolve_next_lcp: bulk_rmq
TIMER	4.598e-01	5.515e-01	6.601e-01	7	resolve_next_lcp: set LCP
TIMER	4.119e+02	4.119e+02	4.119e+02	7	LCP update
unresolved = 1897267, unfinished = 927479
TIMER	4.561e+02	4.561e+02	4.579e+02	5	bucket-chaising iteration
TIMER	3.631e-02	4.992e-02	8.453e-02	6	bulk_query: get recv_counts
TIMER	1.873e+00	2.538e+00	3.381e+00	6	bulk_query: all2all queries
Avg queries: 1.976e+04, max queries on proc 95: 447515
Inbalance factor: 2.264e+01x
TIMER	3.863e-02	1.339e-01	3.076e+00	6	bulk_query: local query
TIMER	4.273e-01	5.935e-01	7.726e-01	6	bulk_query: all2all query results
TIMER	4.066e+02	4.069e+02	4.103e+02	7	resolve_next_lcp: bulk_rmq
TIMER	2.010e-01	2.554e-01	3.951e-01	7	resolve_next_lcp: set LCP
TIMER	4.108e+02	4.108e+02	4.108e+02	7	LCP update
unresolved = 887691, unfinished = 430529
TIMER	4.322e+02	4.322e+02	4.323e+02	5	bucket-chaising iteration
TIMER	4.058e-02	5.215e-02	8.795e-02	6	bulk_query: get recv_counts
TIMER	4.618e-01	7.621e-01	9.561e-01	6	bulk_query: all2all queries
Avg queries: 9.247e+03, max queries on proc 95: 206909
Inbalance factor: 2.238e+01x
TIMER	4.680e-02	8.279e-02	8.704e-01	6	bulk_query: local query
TIMER	2.769e-01	3.554e-01	4.280e-01	6	bulk_query: all2all query results
TIMER	4.059e+02	4.061e+02	4.094e+02	7	resolve_next_lcp: bulk_rmq
TIMER	8.932e-02	1.195e-01	2.699e-01	7	resolve_next_lcp: set LCP
TIMER	4.098e+02	4.098e+02	4.098e+02	7	LCP update
unresolved = 397767, unfinished = 190943
TIMER	4.200e+02	4.200e+02	4.201e+02	5	bucket-chaising iteration
TIMER	3.414e-02	5.289e-02	6.818e-02	6	bulk_query: get recv_counts
TIMER	1.897e-01	2.507e-01	3.686e-01	6	bulk_query: all2all queries
Avg queries: 4.143e+03, max queries on proc 95: 113284
Inbalance factor: 2.734e+01x
TIMER	3.999e-02	5.685e-02	4.218e-01	6	bulk_query: local query
TIMER	1.276e-01	1.815e-01	2.299e-01	6	bulk_query: all2all query results
TIMER	4.051e+02	4.052e+02	4.086e+02	7	resolve_next_lcp: bulk_rmq
TIMER	5.272e-02	7.083e-02	1.611e-01	7	resolve_next_lcp: set LCP
TIMER	4.089e+02	4.089e+02	4.089e+02	7	LCP update
unresolved = 91070, unfinished = 45535
TIMER	4.132e+02	4.132e+02	4.156e+02	5	bucket-chaising iteration
TIMER	3.253e-02	3.998e-02	5.156e-02	6	bulk_query: get recv_counts
TIMER	7.054e-02	9.940e-02	1.740e-01	6	bulk_query: all2all queries
Avg queries: 9.486e+02, max queries on proc 3: 49248
Inbalance factor: 5.191e+01x
TIMER	3.967e-02	4.522e-02	2.015e-01	6	bulk_query: local query
TIMER	4.080e-02	7.599e-02	1.103e-01	6	bulk_query: all2all query results
TIMER	4.044e+02	4.046e+02	4.079e+02	7	resolve_next_lcp: bulk_rmq
TIMER	1.294e-02	2.637e-02	7.619e-02	7	resolve_next_lcp: set LCP
TIMER	4.082e+02	4.082e+02	4.082e+02	7	LCP update
unresolved = 0, unfinished = 0
TIMER	4.101e+02	4.101e+02	4.102e+02	5	bucket-chaising iteration
TIMER	9.071e+03	9.071e+03	9.071e+03	4	construct-msgs
TIMER	1.204e+02	1.242e+02	1.259e+02	4	fix-isa
TIMER	2.769e+04	2.769e+04	2.769e+04	2	desa_construct: SA/LCP construct
TIMER	6.113e+02	6.113e+02	6.114e+02	2	desa_construct: TLI construct
TIMER	1.623e-02	1.875e-02	2.661e-02	3	repartition: 1D-partition
TIMER	2.578e-01	2.595e-01	2.648e-01	2	desa_construct: 1-D partition
TIMER	9.797e+02	9.810e+02	9.819e+02	3	repartition: redistribute
TIMER	9.820e+02	9.820e+02	9.823e+02	2	desa_construct: repartition
TIMER	3.857e+02	3.923e+02	4.019e+02	2	desa_construct: RMQ construct
TIMER	5.593e-02	6.429e-02	7.927e-02	3	bulk_query: get recv_counts
TIMER	6.368e+02	6.975e+02	7.139e+02	3	bulk_query: all2all queries
Avg queries: 2.984e+07, max queries on proc 71: 29841642
Inbalance factor: 1.000e+00x
TIMER	5.406e+02	5.586e+02	5.717e+02	3	bulk_query: local query
TIMER	8.839e+01	9.230e+01	9.594e+01	3	bulk_query: all2all query results
TIMER	2.904e+03	2.926e+03	3.015e+03	2	desa_construct: Lc naive construct
TIMER	3.273e+04	3.273e+04	3.273e+04	1	construct idx
