== Node distribution == 
== p=192 processes on 4 nodes ==
--  Node: 'c476-134.stampede2.tacc.utexas.edu' (48/192)
        Ranks: 0, 1, 2, 3, 4, 5, 6, 7, 8, 9, 10, 11, 12, 13, 14, 15, 16, 17, 18, 19, 20, 21, 22, 23, 24, 25, 26, 27, 28, 29, 30, 31, 32, 33, 34, 35, 36, 37, 38, 39, 40, 41, 42, 43, 44, 45, 46, 47
--  Node: 'c477-003.stampede2.tacc.utexas.edu' (48/192)
        Ranks: 48, 49, 50, 51, 52, 53, 54, 55, 56, 57, 58, 59, 60, 61, 62, 63, 64, 65, 66, 67, 68, 69, 70, 71, 72, 73, 74, 75, 76, 77, 78, 79, 80, 81, 82, 83, 84, 85, 86, 87, 88, 89, 90, 91, 92, 93, 94, 95
--  Node: 'c477-004.stampede2.tacc.utexas.edu' (48/192)
        Ranks: 96, 97, 98, 99, 100, 101, 102, 103, 104, 105, 106, 107, 108, 109, 110, 111, 112, 113, 114, 115, 116, 117, 118, 119, 120, 121, 122, 123, 124, 125, 126, 127, 128, 129, 130, 131, 132, 133, 134, 135, 136, 137, 138, 139, 140, 141, 142, 143
--  Node: 'c477-012.stampede2.tacc.utexas.edu' (48/192)
        Ranks: 144, 145, 146, 147, 148, 149, 150, 151, 152, 153, 154, 155, 156, 157, 158, 159, 160, 161, 162, 163, 164, 165, 166, 167, 168, 169, 170, 171, 172, 173, 174, 175, 176, 177, 178, 179, 180, 181, 182, 183, 184, 185, 186, 187, 188, 189, 190, 191
TIMER	6.567e+01	8.370e+01	9.227e+01	1	read input file
TIMER	1.303e+01	1.303e+01	1.303e+01	2	desa_construct: cpy str
Alphabet: {sigma=4, l=3, A=[A, C, G, T]}
TIMER	1.320e+01	1.320e+01	1.323e+01	3	get alphabet
TIMER	1.514e+02	1.558e+02	1.614e+02	4	kmer-gen
TIMER	1.700e+02	1.765e+02	2.026e+02	5	shift-buckets
TIMER	6.938e+03	6.956e+03	6.983e+03	5	ISA-to-SA
TIMER	2.721e+02	2.831e+02	2.922e+02	5	init-lcp
iteration 21: unfinished buckets = 51313051, unfinished elements = 252565165
TIMER	1.474e+02	1.491e+02	1.513e+02	5	rebucket
TIMER	2.564e+03	2.591e+03	2.613e+03	5	SA-to-ISA
TIMER	1.024e+04	1.024e+04	1.024e+04	5	sac-iteration
Starting Bucket chasing algorithm
unresolved = 252565180, unfinished = 51313051
TIMER	6.209e+01	6.387e+01	6.392e+01	5	get active elements
TIMER	1.345e-01	2.110e-01	3.582e-01	6	bulk_query: get recv_counts
TIMER	6.527e+01	6.675e+01	6.833e+01	6	bulk_query: all2all queries
Avg queries: 1.315e+06, max queries on proc 102: 7318853
Inbalance factor: 5.564e+00x
TIMER	1.780e+01	2.947e+01	1.036e+02	6	bulk_query: local query
TIMER	5.106e+01	5.541e+01	5.725e+01	6	bulk_query: all2all query results
TIMER	7.539e+02	7.684e+02	7.991e+02	7	resolve_next_lcp: bulk_rmq
TIMER	1.034e+01	1.493e+01	2.049e+01	7	resolve_next_lcp: set LCP
TIMER	8.198e+02	8.198e+02	8.198e+02	7	LCP update
unresolved = 83264472, unfinished = 25014138
TIMER	1.901e+03	1.901e+03	1.902e+03	5	bucket-chaising iteration
TIMER	6.167e-02	7.312e-02	1.014e-01	6	bulk_query: get recv_counts
TIMER	3.969e+01	4.114e+01	4.252e+01	6	bulk_query: all2all queries
Avg queries: 4.337e+05, max queries on proc 102: 5585353
Inbalance factor: 1.288e+01x
TIMER	1.756e+00	6.249e+00	6.679e+01	6	bulk_query: local query
TIMER	3.359e+01	3.442e+01	3.502e+01	6	bulk_query: all2all query results
TIMER	3.056e+02	3.072e+02	3.102e+02	7	resolve_next_lcp: bulk_rmq
TIMER	4.648e+00	5.744e+00	6.902e+00	7	resolve_next_lcp: set LCP
TIMER	3.173e+02	3.173e+02	3.173e+02	7	LCP update
unresolved = 39125110, unfinished = 14728266
TIMER	7.642e+02	7.645e+02	7.671e+02	5	bucket-chaising iteration
TIMER	6.536e-02	7.901e-02	1.064e-01	6	bulk_query: get recv_counts
TIMER	2.275e+01	2.345e+01	2.473e+01	6	bulk_query: all2all queries
Avg queries: 2.038e+05, max queries on proc 102: 4113032
Inbalance factor: 2.018e+01x
TIMER	2.538e-01	2.053e+00	4.305e+01	6	bulk_query: local query
TIMER	1.375e+01	1.439e+01	1.488e+01	6	bulk_query: all2all query results
TIMER	2.471e+02	2.475e+02	2.506e+02	7	resolve_next_lcp: bulk_rmq
TIMER	2.446e+00	2.835e+00	3.598e+00	7	resolve_next_lcp: set LCP
TIMER	2.544e+02	2.544e+02	2.545e+02	7	LCP update
unresolved = 21253898, unfinished = 9155159
TIMER	5.146e+02	5.147e+02	5.168e+02	5	bucket-chaising iteration
TIMER	6.840e-02	8.881e-02	1.244e-01	6	bulk_query: get recv_counts
TIMER	1.488e+01	1.636e+01	1.785e+01	6	bulk_query: all2all queries
Avg queries: 1.107e+05, max queries on proc 191: 3062473
Inbalance factor: 2.767e+01x
TIMER	7.561e-02	9.606e-01	2.718e+01	6	bulk_query: local query
TIMER	8.844e+00	9.865e+00	1.100e+01	6	bulk_query: all2all query results
TIMER	2.136e+02	2.138e+02	2.140e+02	7	resolve_next_lcp: bulk_rmq
TIMER	1.291e+00	1.489e+00	1.737e+00	7	resolve_next_lcp: set LCP
TIMER	2.159e+02	2.159e+02	2.159e+02	7	LCP update
unresolved = 12458753, unfinished = 5704526
TIMER	3.859e+02	3.859e+02	3.859e+02	5	bucket-chaising iteration
TIMER	6.427e-02	8.310e-02	1.241e-01	6	bulk_query: get recv_counts
TIMER	1.186e+01	1.363e+01	1.546e+01	6	bulk_query: all2all queries
Avg queries: 6.489e+04, max queries on proc 191: 2232622
Inbalance factor: 3.441e+01x
TIMER	8.210e-02	5.406e-01	1.689e+01	6	bulk_query: local query
TIMER	6.811e+00	8.374e+00	9.825e+00	6	bulk_query: all2all query results
TIMER	2.085e+02	2.085e+02	2.087e+02	7	resolve_next_lcp: bulk_rmq
TIMER	6.725e-01	8.267e-01	1.009e+00	7	resolve_next_lcp: set LCP
TIMER	2.099e+02	2.099e+02	2.099e+02	7	LCP update
unresolved = 7057961, unfinished = 3349572
TIMER	3.249e+02	3.249e+02	3.249e+02	5	bucket-chaising iteration
TIMER	6.508e-02	8.160e-02	1.148e-01	6	bulk_query: get recv_counts
TIMER	2.585e+00	5.458e+00	7.278e+00	6	bulk_query: all2all queries
Avg queries: 3.676e+04, max queries on proc 191: 1516559
Inbalance factor: 4.126e+01x
TIMER	5.458e-02	2.785e-01	1.110e+01	6	bulk_query: local query
TIMER	2.585e+00	2.782e+00	3.146e+00	6	bulk_query: all2all query results
TIMER	2.055e+02	2.056e+02	2.057e+02	7	resolve_next_lcp: bulk_rmq
TIMER	3.559e-01	4.396e-01	5.917e-01	7	resolve_next_lcp: set LCP
TIMER	2.065e+02	2.065e+02	2.065e+02	7	LCP update
unresolved = 3830919, unfinished = 1858430
TIMER	2.693e+02	2.693e+02	2.693e+02	5	bucket-chaising iteration
TIMER	5.667e-02	7.733e-02	1.102e-01	6	bulk_query: get recv_counts
TIMER	1.287e+00	2.403e+00	3.428e+00	6	bulk_query: all2all queries
Avg queries: 1.995e+04, max queries on proc 191: 932599
Inbalance factor: 4.674e+01x
TIMER	5.975e-02	1.644e-01	6.036e+00	6	bulk_query: local query
TIMER	1.272e+00	1.392e+00	1.649e+00	6	bulk_query: all2all query results
TIMER	2.049e+02	2.049e+02	2.050e+02	7	resolve_next_lcp: bulk_rmq
TIMER	1.892e-01	2.426e-01	4.045e-01	7	resolve_next_lcp: set LCP
TIMER	2.055e+02	2.055e+02	2.055e+02	7	LCP update
unresolved = 1897267, unfinished = 927479
TIMER	2.388e+02	2.388e+02	2.388e+02	5	bucket-chaising iteration
TIMER	5.130e-02	6.609e-02	9.532e-02	6	bulk_query: get recv_counts
TIMER	6.729e-01	1.159e+00	1.783e+00	6	bulk_query: all2all queries
Avg queries: 9.882e+03, max queries on proc 191: 444407
Inbalance factor: 4.497e+01x
TIMER	5.879e-02	1.046e-01	2.360e+00	6	bulk_query: local query
TIMER	5.909e-01	7.387e-01	9.590e-01	6	bulk_query: all2all query results
TIMER	2.023e+02	2.023e+02	2.023e+02	7	resolve_next_lcp: bulk_rmq
TIMER	7.985e-02	1.174e-01	2.913e-01	7	resolve_next_lcp: set LCP
TIMER	2.062e+02	2.062e+02	2.063e+02	7	LCP update
unresolved = 887691, unfinished = 430529
TIMER	2.246e+02	2.246e+02	2.249e+02	5	bucket-chaising iteration
TIMER	5.452e-02	7.117e-02	1.289e-01	6	bulk_query: get recv_counts
TIMER	3.123e-01	4.711e-01	7.449e-01	6	bulk_query: all2all queries
Avg queries: 4.623e+03, max queries on proc 191: 206909
Inbalance factor: 4.475e+01x
TIMER	5.445e-02	9.204e-02	1.088e+00	6	bulk_query: local query
TIMER	3.265e-01	3.876e-01	4.619e-01	6	bulk_query: all2all query results
TIMER	2.057e+02	2.057e+02	2.057e+02	7	resolve_next_lcp: bulk_rmq
TIMER	4.011e-02	6.527e-02	2.145e-01	7	resolve_next_lcp: set LCP
TIMER	2.061e+02	2.061e+02	2.061e+02	7	LCP update
unresolved = 397767, unfinished = 190943
TIMER	2.137e+02	2.138e+02	2.138e+02	5	bucket-chaising iteration
TIMER	5.381e-02	7.647e-02	1.077e-01	6	bulk_query: get recv_counts
TIMER	1.857e-01	3.242e-01	5.035e-01	6	bulk_query: all2all queries
Avg queries: 2.072e+03, max queries on proc 191: 113284
Inbalance factor: 5.468e+01x
TIMER	4.958e-02	6.038e-02	5.019e-01	6	bulk_query: local query
TIMER	1.499e-01	2.161e-01	2.579e-01	6	bulk_query: all2all query results
TIMER	2.023e+02	2.023e+02	2.023e+02	7	resolve_next_lcp: bulk_rmq
TIMER	2.461e-02	4.730e-02	1.536e-01	7	resolve_next_lcp: set LCP
TIMER	2.026e+02	2.026e+02	2.026e+02	7	LCP update
unresolved = 91070, unfinished = 45535
TIMER	2.067e+02	2.067e+02	2.067e+02	5	bucket-chaising iteration
TIMER	4.684e-02	5.791e-02	8.134e-02	6	bulk_query: get recv_counts
TIMER	1.049e-01	1.827e-01	3.107e-01	6	bulk_query: all2all queries
Avg queries: 4.743e+02, max queries on proc 6: 49248
Inbalance factor: 1.038e+02x
TIMER	4.934e-02	5.418e-02	2.453e-01	6	bulk_query: local query
TIMER	7.210e-02	1.067e-01	1.520e-01	6	bulk_query: all2all query results
TIMER	2.068e+02	2.068e+02	2.068e+02	7	resolve_next_lcp: bulk_rmq
TIMER	6.690e-03	1.825e-02	7.490e-02	7	resolve_next_lcp: set LCP
TIMER	2.071e+02	2.071e+02	2.071e+02	7	LCP update
unresolved = 0, unfinished = 0
TIMER	2.094e+02	2.094e+02	2.094e+02	5	bucket-chaising iteration
TIMER	5.331e+03	5.331e+03	5.331e+03	4	construct-msgs
TIMER	5.904e+01	6.208e+01	6.538e+01	4	fix-isa
TIMER	1.582e+04	1.582e+04	1.582e+04	2	desa_construct: SA/LCP construct
TIMER	3.167e+02	3.168e+02	3.169e+02	2	desa_construct: TLI construct
TIMER	3.142e-02	3.652e-02	4.726e-02	3	repartition: 1D-partition
TIMER	4.313e-01	4.335e-01	4.400e-01	2	desa_construct: 1-D partition
TIMER	4.929e+02	4.932e+02	4.937e+02	3	repartition: redistribute
TIMER	4.939e+02	4.939e+02	4.945e+02	2	desa_construct: repartition
TIMER	1.912e+02	1.948e+02	1.988e+02	2	desa_construct: RMQ construct
TIMER	6.987e-02	9.129e-02	1.305e-01	3	bulk_query: get recv_counts
TIMER	4.992e+02	5.105e+02	5.230e+02	3	bulk_query: all2all queries
Avg queries: 1.492e+07, max queries on proc 173: 14920893
Inbalance factor: 1.000e+00x
TIMER	2.416e+02	2.580e+02	2.739e+02	3	bulk_query: local query
TIMER	5.844e+01	5.992e+01	6.070e+01	3	bulk_query: all2all query results
TIMER	1.659e+03	1.671e+03	1.697e+03	2	desa_construct: Lc naive construct
TIMER	1.854e+04	1.854e+04	1.854e+04	1	construct idx
