== Node distribution == 
== p=768 processes on 16 nodes ==
--  Node: 'c476-134.stampede2.tacc.utexas.edu' (48/768)
        Ranks: 0, 1, 2, 3, 4, 5, 6, 7, 8, 9, 10, 11, 12, 13, 14, 15, 16, 17, 18, 19, 20, 21, 22, 23, 24, 25, 26, 27, 28, 29, 30, 31, 32, 33, 34, 35, 36, 37, 38, 39, 40, 41, 42, 43, 44, 45, 46, 47
--  Node: 'c477-003.stampede2.tacc.utexas.edu' (48/768)
        Ranks: 48, 49, 50, 51, 52, 53, 54, 55, 56, 57, 58, 59, 60, 61, 62, 63, 64, 65, 66, 67, 68, 69, 70, 71, 72, 73, 74, 75, 76, 77, 78, 79, 80, 81, 82, 83, 84, 85, 86, 87, 88, 89, 90, 91, 92, 93, 94, 95
--  Node: 'c477-004.stampede2.tacc.utexas.edu' (48/768)
        Ranks: 96, 97, 98, 99, 100, 101, 102, 103, 104, 105, 106, 107, 108, 109, 110, 111, 112, 113, 114, 115, 116, 117, 118, 119, 120, 121, 122, 123, 124, 125, 126, 127, 128, 129, 130, 131, 132, 133, 134, 135, 136, 137, 138, 139, 140, 141, 142, 143
--  Node: 'c477-012.stampede2.tacc.utexas.edu' (48/768)
        Ranks: 144, 145, 146, 147, 148, 149, 150, 151, 152, 153, 154, 155, 156, 157, 158, 159, 160, 161, 162, 163, 164, 165, 166, 167, 168, 169, 170, 171, 172, 173, 174, 175, 176, 177, 178, 179, 180, 181, 182, 183, 184, 185, 186, 187, 188, 189, 190, 191
--  Node: 'c477-013.stampede2.tacc.utexas.edu' (48/768)
        Ranks: 192, 193, 194, 195, 196, 197, 198, 199, 200, 201, 202, 203, 204, 205, 206, 207, 208, 209, 210, 211, 212, 213, 214, 215, 216, 217, 218, 219, 220, 221, 222, 223, 224, 225, 226, 227, 228, 229, 230, 231, 232, 233, 234, 235, 236, 237, 238, 239
--  Node: 'c477-014.stampede2.tacc.utexas.edu' (48/768)
        Ranks: 240, 241, 242, 243, 244, 245, 246, 247, 248, 249, 250, 251, 252, 253, 254, 255, 256, 257, 258, 259, 260, 261, 262, 263, 264, 265, 266, 267, 268, 269, 270, 271, 272, 273, 274, 275, 276, 277, 278, 279, 280, 281, 282, 283, 284, 285, 286, 287
--  Node: 'c477-041.stampede2.tacc.utexas.edu' (48/768)
        Ranks: 288, 289, 290, 291, 292, 293, 294, 295, 296, 297, 298, 299, 300, 301, 302, 303, 304, 305, 306, 307, 308, 309, 310, 311, 312, 313, 314, 315, 316, 317, 318, 319, 320, 321, 322, 323, 324, 325, 326, 327, 328, 329, 330, 331, 332, 333, 334, 335
--  Node: 'c477-051.stampede2.tacc.utexas.edu' (48/768)
        Ranks: 336, 337, 338, 339, 340, 341, 342, 343, 344, 345, 346, 347, 348, 349, 350, 351, 352, 353, 354, 355, 356, 357, 358, 359, 360, 361, 362, 363, 364, 365, 366, 367, 368, 369, 370, 371, 372, 373, 374, 375, 376, 377, 378, 379, 380, 381, 382, 383
--  Node: 'c477-111.stampede2.tacc.utexas.edu' (48/768)
        Ranks: 384, 385, 386, 387, 388, 389, 390, 391, 392, 393, 394, 395, 396, 397, 398, 399, 400, 401, 402, 403, 404, 405, 406, 407, 408, 409, 410, 411, 412, 413, 414, 415, 416, 417, 418, 419, 420, 421, 422, 423, 424, 425, 426, 427, 428, 429, 430, 431
--  Node: 'c477-112.stampede2.tacc.utexas.edu' (48/768)
        Ranks: 432, 433, 434, 435, 436, 437, 438, 439, 440, 441, 442, 443, 444, 445, 446, 447, 448, 449, 450, 451, 452, 453, 454, 455, 456, 457, 458, 459, 460, 461, 462, 463, 464, 465, 466, 467, 468, 469, 470, 471, 472, 473, 474, 475, 476, 477, 478, 479
--  Node: 'c477-114.stampede2.tacc.utexas.edu' (48/768)
        Ranks: 480, 481, 482, 483, 484, 485, 486, 487, 488, 489, 490, 491, 492, 493, 494, 495, 496, 497, 498, 499, 500, 501, 502, 503, 504, 505, 506, 507, 508, 509, 510, 511, 512, 513, 514, 515, 516, 517, 518, 519, 520, 521, 522, 523, 524, 525, 526, 527
--  Node: 'c477-122.stampede2.tacc.utexas.edu' (48/768)
        Ranks: 528, 529, 530, 531, 532, 533, 534, 535, 536, 537, 538, 539, 540, 541, 542, 543, 544, 545, 546, 547, 548, 549, 550, 551, 552, 553, 554, 555, 556, 557, 558, 559, 560, 561, 562, 563, 564, 565, 566, 567, 568, 569, 570, 571, 572, 573, 574, 575
--  Node: 'c492-101.stampede2.tacc.utexas.edu' (48/768)
        Ranks: 576, 577, 578, 579, 580, 581, 582, 583, 584, 585, 586, 587, 588, 589, 590, 591, 592, 593, 594, 595, 596, 597, 598, 599, 600, 601, 602, 603, 604, 605, 606, 607, 608, 609, 610, 611, 612, 613, 614, 615, 616, 617, 618, 619, 620, 621, 622, 623
--  Node: 'c493-084.stampede2.tacc.utexas.edu' (48/768)
        Ranks: 624, 625, 626, 627, 628, 629, 630, 631, 632, 633, 634, 635, 636, 637, 638, 639, 640, 641, 642, 643, 644, 645, 646, 647, 648, 649, 650, 651, 652, 653, 654, 655, 656, 657, 658, 659, 660, 661, 662, 663, 664, 665, 666, 667, 668, 669, 670, 671
--  Node: 'c494-071.stampede2.tacc.utexas.edu' (48/768)
        Ranks: 672, 673, 674, 675, 676, 677, 678, 679, 680, 681, 682, 683, 684, 685, 686, 687, 688, 689, 690, 691, 692, 693, 694, 695, 696, 697, 698, 699, 700, 701, 702, 703, 704, 705, 706, 707, 708, 709, 710, 711, 712, 713, 714, 715, 716, 717, 718, 719
--  Node: 'c495-022.stampede2.tacc.utexas.edu' (48/768)
        Ranks: 720, 721, 722, 723, 724, 725, 726, 727, 728, 729, 730, 731, 732, 733, 734, 735, 736, 737, 738, 739, 740, 741, 742, 743, 744, 745, 746, 747, 748, 749, 750, 751, 752, 753, 754, 755, 756, 757, 758, 759, 760, 761, 762, 763, 764, 765, 766, 767
TIMER	1.964e+01	4.012e+01	4.870e+01	1	read input file
TIMER	3.733e+00	3.740e+00	3.755e+00	2	desa_construct: cpy str
Alphabet: {sigma=4, l=3, A=[A, C, G, T]}
TIMER	3.755e+00	3.760e+00	3.797e+00	3	get alphabet
TIMER	3.667e+01	3.846e+01	4.194e+01	4	kmer-gen
TIMER	4.056e+01	4.360e+01	5.082e+01	5	shift-buckets
TIMER	2.011e+03	2.019e+03	2.035e+03	5	ISA-to-SA
TIMER	6.237e+01	6.709e+01	7.194e+01	5	init-lcp
iteration 21: unfinished buckets = 51313051, unfinished elements = 252565122
TIMER	3.796e+01	3.869e+01	4.014e+01	5	rebucket
TIMER	8.165e+02	8.222e+02	8.332e+02	5	SA-to-ISA
TIMER	3.032e+03	3.032e+03	3.032e+03	5	sac-iteration
Starting Bucket chasing algorithm
unresolved = 252565180, unfinished = 51313051
TIMER	1.688e+01	1.689e+01	1.697e+01	5	get active elements
TIMER	1.681e-01	1.923e-01	2.200e-01	6	bulk_query: get recv_counts
TIMER	3.362e+01	3.478e+01	3.524e+01	6	bulk_query: all2all queries
Avg queries: 3.289e+05, max queries on proc 411: 2919817
Inbalance factor: 8.879e+00x
TIMER	2.530e+00	5.313e+00	3.499e+01	6	bulk_query: local query
TIMER	1.914e+02	1.936e+02	1.949e+02	6	bulk_query: all2all query results
TIMER	3.075e+02	3.121e+02	3.364e+02	7	resolve_next_lcp: bulk_rmq
TIMER	2.143e+00	3.700e+00	6.674e+00	7	resolve_next_lcp: set LCP
TIMER	3.517e+02	3.517e+02	3.518e+02	7	LCP update
unresolved = 83264472, unfinished = 25014138
TIMER	9.855e+02	9.855e+02	9.856e+02	5	bucket-chaising iteration
TIMER	1.524e-01	1.905e-01	2.152e-01	6	bulk_query: get recv_counts
TIMER	1.354e+01	1.394e+01	1.445e+01	6	bulk_query: all2all queries
Avg queries: 1.084e+05, max queries on proc 411: 2375599
Inbalance factor: 2.191e+01x
TIMER	2.427e-01	1.090e+00	2.464e+01	6	bulk_query: local query
TIMER	1.450e+01	1.557e+01	1.597e+01	6	bulk_query: all2all query results
TIMER	2.507e+02	2.517e+02	2.531e+02	7	resolve_next_lcp: bulk_rmq
TIMER	6.569e-01	1.335e+00	2.020e+00	7	resolve_next_lcp: set LCP
TIMER	2.553e+02	2.554e+02	2.554e+02	7	LCP update
unresolved = 39125110, unfinished = 14728266
TIMER	4.249e+02	4.250e+02	4.250e+02	5	bucket-chaising iteration
TIMER	1.613e-01	1.939e-01	2.371e-01	6	bulk_query: get recv_counts
TIMER	8.081e+00	8.465e+00	8.864e+00	6	bulk_query: all2all queries
Avg queries: 5.094e+04, max queries on proc 411: 1762394
Inbalance factor: 3.459e+01x
TIMER	7.808e-02	4.504e-01	1.649e+01	6	bulk_query: local query
TIMER	6.587e+00	6.896e+00	7.356e+00	6	bulk_query: all2all query results
TIMER	6.631e+01	6.649e+01	6.700e+01	7	resolve_next_lcp: bulk_rmq
TIMER	3.718e-01	5.586e-01	7.349e-01	7	resolve_next_lcp: set LCP
TIMER	6.797e+01	6.797e+01	6.798e+01	7	LCP update
unresolved = 21253898, unfinished = 9155159
TIMER	1.621e+02	1.621e+02	1.621e+02	5	bucket-chaising iteration
TIMER	1.486e-01	2.153e-01	3.171e-01	6	bulk_query: get recv_counts
TIMER	2.604e+00	5.919e+00	6.339e+00	6	bulk_query: all2all queries
Avg queries: 2.767e+04, max queries on proc 765: 1404879
Inbalance factor: 5.076e+01x
TIMER	6.886e-02	2.450e-01	1.124e+01	6	bulk_query: local query
TIMER	4.099e+00	4.435e+00	4.793e+00	6	bulk_query: all2all query results
TIMER	5.872e+01	5.882e+01	5.894e+01	7	resolve_next_lcp: bulk_rmq
TIMER	2.069e-01	2.813e-01	3.624e-01	7	resolve_next_lcp: set LCP
TIMER	5.964e+01	5.965e+01	5.966e+01	7	LCP update
unresolved = 12458753, unfinished = 5704526
TIMER	1.202e+02	1.202e+02	1.202e+02	5	bucket-chaising iteration
TIMER	1.563e-01	1.790e-01	1.964e-01	6	bulk_query: get recv_counts
TIMER	1.743e+00	3.865e+00	5.060e+00	6	bulk_query: all2all queries
Avg queries: 1.622e+04, max queries on proc 765: 1091160
Inbalance factor: 6.726e+01x
TIMER	6.624e-02	1.692e-01	8.108e+00	6	bulk_query: local query
TIMER	2.715e+00	2.941e+00	3.187e+00	6	bulk_query: all2all query results
TIMER	6.490e+01	6.495e+01	6.501e+01	7	resolve_next_lcp: bulk_rmq
TIMER	1.148e-01	1.643e-01	3.045e-01	7	resolve_next_lcp: set LCP
TIMER	6.550e+01	6.550e+01	6.551e+01	7	LCP update
unresolved = 7057961, unfinished = 3349572
TIMER	2.661e+02	2.661e+02	2.661e+02	5	bucket-chaising iteration
TIMER	1.615e-01	1.773e-01	2.225e-01	6	bulk_query: get recv_counts
TIMER	1.317e+00	2.222e+00	3.532e+00	6	bulk_query: all2all queries
Avg queries: 9.190e+03, max queries on proc 765: 726439
Inbalance factor: 7.905e+01x
TIMER	5.996e-02	1.089e-01	4.828e+00	6	bulk_query: local query
TIMER	1.821e+00	1.958e+00	2.143e+00	6	bulk_query: all2all query results
TIMER	5.624e+01	5.627e+01	5.632e+01	7	resolve_next_lcp: bulk_rmq
TIMER	6.155e-02	9.290e-02	1.967e-01	7	resolve_next_lcp: set LCP
TIMER	5.670e+01	5.672e+01	5.673e+01	7	LCP update
unresolved = 3830919, unfinished = 1858430
TIMER	8.568e+01	8.568e+01	8.570e+01	5	bucket-chaising iteration
TIMER	1.606e-01	2.358e-01	4.671e-01	6	bulk_query: get recv_counts
TIMER	8.773e-01	1.332e+00	2.262e+00	6	bulk_query: all2all queries
Avg queries: 4.988e+03, max queries on proc 765: 376813
Inbalance factor: 7.554e+01x
TIMER	6.490e-02	9.230e-02	2.273e+00	6	bulk_query: local query
TIMER	1.051e+00	1.346e+00	1.651e+00	6	bulk_query: all2all query results
TIMER	5.513e+01	5.523e+01	5.527e+01	7	resolve_next_lcp: bulk_rmq
TIMER	3.513e-02	5.413e-02	7.512e-02	7	resolve_next_lcp: set LCP
TIMER	5.557e+01	5.558e+01	5.560e+01	7	LCP update
unresolved = 1897267, unfinished = 927479
TIMER	7.280e+01	7.281e+01	7.283e+01	5	bucket-chaising iteration
TIMER	1.560e-01	1.755e-01	2.004e-01	6	bulk_query: get recv_counts
TIMER	5.764e-01	9.111e-01	1.432e+00	6	bulk_query: all2all queries
Avg queries: 2.470e+03, max queries on proc 767: 197599
Inbalance factor: 7.999e+01x
TIMER	7.577e-02	9.312e-02	8.882e-01	6	bulk_query: local query
TIMER	5.822e-01	6.638e-01	7.379e-01	6	bulk_query: all2all query results
TIMER	6.278e+01	6.282e+01	6.293e+01	7	resolve_next_lcp: bulk_rmq
TIMER	1.441e-02	3.195e-02	3.629e-01	7	resolve_next_lcp: set LCP
TIMER	6.553e+01	6.553e+01	6.556e+01	7	LCP update
unresolved = 887691, unfinished = 430529
TIMER	7.801e+01	7.801e+01	7.804e+01	5	bucket-chaising iteration
TIMER	1.508e-01	1.701e-01	1.965e-01	6	bulk_query: get recv_counts
TIMER	5.062e-01	8.058e-01	1.267e+00	6	bulk_query: all2all queries
Avg queries: 1.156e+03, max queries on proc 767: 150161
Inbalance factor: 1.299e+02x
TIMER	5.871e-02	6.911e-02	7.024e-01	6	bulk_query: local query
TIMER	2.677e+00	2.773e+00	2.849e+00	6	bulk_query: all2all query results
TIMER	5.217e+01	5.219e+01	5.227e+01	7	resolve_next_lcp: bulk_rmq
TIMER	8.655e-03	1.834e-02	2.586e-01	7	resolve_next_lcp: set LCP
TIMER	5.273e+01	5.275e+01	5.276e+01	7	LCP update
unresolved = 397767, unfinished = 190943
TIMER	6.483e+01	6.484e+01	6.485e+01	5	bucket-chaising iteration
TIMER	1.511e-01	1.768e-01	2.355e-01	6	bulk_query: get recv_counts
TIMER	2.648e-01	6.740e-01	1.112e+00	6	bulk_query: all2all queries
Avg queries: 5.179e+02, max queries on proc 411: 92531
Inbalance factor: 1.787e+02x
TIMER	8.376e-02	9.075e-02	4.311e-01	6	bulk_query: local query
TIMER	2.915e-01	4.483e-01	5.386e-01	6	bulk_query: all2all query results
TIMER	5.309e+01	5.310e+01	5.311e+01	7	resolve_next_lcp: bulk_rmq
TIMER	6.159e-03	1.071e-02	1.312e-01	7	resolve_next_lcp: set LCP
TIMER	5.343e+01	5.344e+01	5.345e+01	7	LCP update
unresolved = 91070, unfinished = 45535
TIMER	5.923e+01	5.924e+01	5.927e+01	5	bucket-chaising iteration
TIMER	1.568e-01	1.821e-01	2.167e-01	6	bulk_query: get recv_counts
TIMER	8.904e-02	5.709e-01	9.815e-01	6	bulk_query: all2all queries
Avg queries: 1.186e+02, max queries on proc 27: 49248
Inbalance factor: 4.153e+02x
TIMER	6.186e-02	7.351e-02	2.319e-01	6	bulk_query: local query
TIMER	2.751e-01	3.783e-01	4.729e-01	6	bulk_query: all2all query results
TIMER	5.233e+01	5.238e+01	5.240e+01	7	resolve_next_lcp: bulk_rmq
TIMER	1.632e-03	4.168e-03	3.494e-02	7	resolve_next_lcp: set LCP
TIMER	5.280e+01	5.280e+01	5.281e+01	7	LCP update
unresolved = 0, unfinished = 0
TIMER	5.779e+01	5.781e+01	5.783e+01	5	bucket-chaising iteration
TIMER	2.396e+03	2.396e+03	2.396e+03	4	construct-msgs
TIMER	1.284e+01	1.495e+01	1.650e+01	4	fix-isa
TIMER	5.492e+03	5.497e+03	5.500e+03	2	desa_construct: SA/LCP construct
TIMER	1.201e+02	1.205e+02	1.208e+02	2	desa_construct: TLI construct
TIMER	2.492e-01	3.331e-01	3.956e-01	3	repartition: 1D-partition
TIMER	3.017e+00	3.020e+00	3.032e+00	2	desa_construct: 1-D partition
TIMER	1.212e+02	1.213e+02	1.215e+02	3	repartition: redistribute
TIMER	1.217e+02	1.217e+02	1.242e+02	2	desa_construct: repartition
TIMER	4.592e+01	4.756e+01	5.009e+01	2	desa_construct: RMQ construct
TIMER	3.489e-01	1.346e+00	2.144e+00	3	bulk_query: get recv_counts
TIMER	2.041e+02	2.067e+02	2.090e+02	3	bulk_query: all2all queries
Avg queries: 3.730e+06, max queries on proc 8: 3730589
Inbalance factor: 1.000e+00x
TIMER	3.475e+01	4.552e+01	4.855e+01	3	bulk_query: local query
TIMER	2.713e+01	2.743e+01	2.761e+01	3	bulk_query: all2all query results
TIMER	4.594e+02	4.613e+02	4.656e+02	2	desa_construct: Lc naive construct
TIMER	6.268e+03	6.268e+03	6.268e+03	1	construct idx
