== Node distribution == 
== p=384 processes on 8 nodes ==
--  Node: 'c476-134.stampede2.tacc.utexas.edu' (48/384)
        Ranks: 0, 1, 2, 3, 4, 5, 6, 7, 8, 9, 10, 11, 12, 13, 14, 15, 16, 17, 18, 19, 20, 21, 22, 23, 24, 25, 26, 27, 28, 29, 30, 31, 32, 33, 34, 35, 36, 37, 38, 39, 40, 41, 42, 43, 44, 45, 46, 47
--  Node: 'c477-003.stampede2.tacc.utexas.edu' (48/384)
        Ranks: 48, 49, 50, 51, 52, 53, 54, 55, 56, 57, 58, 59, 60, 61, 62, 63, 64, 65, 66, 67, 68, 69, 70, 71, 72, 73, 74, 75, 76, 77, 78, 79, 80, 81, 82, 83, 84, 85, 86, 87, 88, 89, 90, 91, 92, 93, 94, 95
--  Node: 'c477-004.stampede2.tacc.utexas.edu' (48/384)
        Ranks: 96, 97, 98, 99, 100, 101, 102, 103, 104, 105, 106, 107, 108, 109, 110, 111, 112, 113, 114, 115, 116, 117, 118, 119, 120, 121, 122, 123, 124, 125, 126, 127, 128, 129, 130, 131, 132, 133, 134, 135, 136, 137, 138, 139, 140, 141, 142, 143
--  Node: 'c477-012.stampede2.tacc.utexas.edu' (48/384)
        Ranks: 144, 145, 146, 147, 148, 149, 150, 151, 152, 153, 154, 155, 156, 157, 158, 159, 160, 161, 162, 163, 164, 165, 166, 167, 168, 169, 170, 171, 172, 173, 174, 175, 176, 177, 178, 179, 180, 181, 182, 183, 184, 185, 186, 187, 188, 189, 190, 191
--  Node: 'c477-013.stampede2.tacc.utexas.edu' (48/384)
        Ranks: 192, 193, 194, 195, 196, 197, 198, 199, 200, 201, 202, 203, 204, 205, 206, 207, 208, 209, 210, 211, 212, 213, 214, 215, 216, 217, 218, 219, 220, 221, 222, 223, 224, 225, 226, 227, 228, 229, 230, 231, 232, 233, 234, 235, 236, 237, 238, 239
--  Node: 'c477-014.stampede2.tacc.utexas.edu' (48/384)
        Ranks: 240, 241, 242, 243, 244, 245, 246, 247, 248, 249, 250, 251, 252, 253, 254, 255, 256, 257, 258, 259, 260, 261, 262, 263, 264, 265, 266, 267, 268, 269, 270, 271, 272, 273, 274, 275, 276, 277, 278, 279, 280, 281, 282, 283, 284, 285, 286, 287
--  Node: 'c477-041.stampede2.tacc.utexas.edu' (48/384)
        Ranks: 288, 289, 290, 291, 292, 293, 294, 295, 296, 297, 298, 299, 300, 301, 302, 303, 304, 305, 306, 307, 308, 309, 310, 311, 312, 313, 314, 315, 316, 317, 318, 319, 320, 321, 322, 323, 324, 325, 326, 327, 328, 329, 330, 331, 332, 333, 334, 335
--  Node: 'c477-051.stampede2.tacc.utexas.edu' (48/384)
        Ranks: 336, 337, 338, 339, 340, 341, 342, 343, 344, 345, 346, 347, 348, 349, 350, 351, 352, 353, 354, 355, 356, 357, 358, 359, 360, 361, 362, 363, 364, 365, 366, 367, 368, 369, 370, 371, 372, 373, 374, 375, 376, 377, 378, 379, 380, 381, 382, 383
TIMER	3.880e+01	2.669e+02	5.252e+02	1	read input file
TIMER	7.212e+00	7.216e+00	7.220e+00	2	desa_construct: cpy str
Alphabet: {sigma=4, l=3, A=[A, C, G, T]}
TIMER	6.949e+00	6.957e+00	6.988e+00	3	get alphabet
TIMER	7.504e+01	7.768e+01	8.089e+01	4	kmer-gen
TIMER	8.318e+01	8.754e+01	1.036e+02	5	shift-buckets
TIMER	3.657e+03	3.669e+03	3.679e+03	5	ISA-to-SA
TIMER	1.356e+02	1.415e+02	1.496e+02	5	init-lcp
iteration 21: unfinished buckets = 51313051, unfinished elements = 252565151
TIMER	7.467e+01	7.584e+01	7.732e+01	5	rebucket
TIMER	1.339e+03	1.348e+03	1.367e+03	5	SA-to-ISA
TIMER	5.378e+03	5.378e+03	5.378e+03	5	sac-iteration
Starting Bucket chasing algorithm
unresolved = 252565180, unfinished = 51313051
TIMER	3.532e+01	3.660e+01	3.667e+01	5	get active elements
TIMER	1.061e-01	2.112e-01	3.694e-01	6	bulk_query: get recv_counts
TIMER	7.103e+01	7.437e+01	7.623e+01	6	bulk_query: all2all queries
Avg queries: 6.577e+05, max queries on proc 205: 5686338
Inbalance factor: 8.646e+00x
TIMER	7.272e+00	1.440e+01	7.281e+01	6	bulk_query: local query
TIMER	6.503e+01	6.730e+01	6.923e+01	6	bulk_query: all2all query results
TIMER	5.052e+02	5.134e+02	5.437e+02	7	resolve_next_lcp: bulk_rmq
TIMER	4.874e+00	7.441e+00	1.146e+01	7	resolve_next_lcp: set LCP
TIMER	5.554e+02	5.554e+02	5.554e+02	7	LCP update
unresolved = 83264472, unfinished = 25014138
TIMER	1.321e+03	1.322e+03	1.323e+03	5	bucket-chaising iteration
TIMER	1.032e-01	1.259e-01	1.667e-01	6	bulk_query: get recv_counts
TIMER	3.082e+01	3.147e+01	3.218e+01	6	bulk_query: all2all queries
Avg queries: 2.168e+05, max queries on proc 205: 4553617
Inbalance factor: 2.100e+01x
TIMER	6.165e-01	2.599e+00	4.924e+01	6	bulk_query: local query
TIMER	2.338e+01	2.438e+01	2.523e+01	6	bulk_query: all2all query results
TIMER	1.664e+02	1.675e+02	1.692e+02	7	resolve_next_lcp: bulk_rmq
TIMER	1.909e+00	2.842e+00	3.639e+00	7	resolve_next_lcp: set LCP
TIMER	1.731e+02	1.731e+02	1.731e+02	7	LCP update
unresolved = 39125110, unfinished = 14728266
TIMER	4.931e+02	4.931e+02	4.944e+02	5	bucket-chaising iteration
TIMER	1.093e-01	1.602e-01	2.741e-01	6	bulk_query: get recv_counts
TIMER	1.907e+01	1.961e+01	2.036e+01	6	bulk_query: all2all queries
Avg queries: 1.019e+05, max queries on proc 205: 3302336
Inbalance factor: 3.241e+01x
TIMER	1.343e-01	9.077e-01	3.142e+01	6	bulk_query: local query
TIMER	1.131e+01	1.223e+01	1.319e+01	6	bulk_query: all2all query results
TIMER	1.225e+02	1.228e+02	1.233e+02	7	resolve_next_lcp: bulk_rmq
TIMER	9.955e-01	1.305e+00	1.658e+00	7	resolve_next_lcp: set LCP
TIMER	1.252e+02	1.252e+02	1.252e+02	7	LCP update
unresolved = 21253898, unfinished = 9155159
TIMER	3.045e+02	3.045e+02	3.056e+02	5	bucket-chaising iteration
TIMER	9.677e-02	1.288e-01	2.001e-01	6	bulk_query: get recv_counts
TIMER	7.835e+00	8.263e+00	8.739e+00	6	bulk_query: all2all queries
Avg queries: 5.535e+04, max queries on proc 205: 2117007
Inbalance factor: 3.825e+01x
TIMER	7.571e-02	4.565e-01	1.593e+01	6	bulk_query: local query
TIMER	6.191e+00	6.652e+00	7.017e+00	6	bulk_query: all2all query results
TIMER	1.068e+02	1.070e+02	1.071e+02	7	resolve_next_lcp: bulk_rmq
TIMER	5.233e-01	6.345e-01	8.194e-01	7	resolve_next_lcp: set LCP
TIMER	1.081e+02	1.081e+02	1.081e+02	7	LCP update
unresolved = 12458753, unfinished = 5704526
TIMER	2.035e+02	2.035e+02	2.043e+02	5	bucket-chaising iteration
TIMER	9.180e-02	1.183e-01	1.364e-01	6	bulk_query: get recv_counts
TIMER	2.122e+00	4.684e+00	5.314e+00	6	bulk_query: all2all queries
Avg queries: 3.244e+04, max queries on proc 382: 1196893
Inbalance factor: 3.689e+01x
TIMER	6.567e-02	2.677e-01	8.911e+00	6	bulk_query: local query
TIMER	3.467e+00	3.608e+00	3.924e+00	6	bulk_query: all2all query results
TIMER	1.053e+02	1.053e+02	1.054e+02	7	resolve_next_lcp: bulk_rmq
TIMER	2.680e-01	3.568e-01	5.139e-01	7	resolve_next_lcp: set LCP
TIMER	1.061e+02	1.061e+02	1.061e+02	7	LCP update
unresolved = 7057961, unfinished = 3349572
TIMER	1.645e+02	1.645e+02	1.645e+02	5	bucket-chaising iteration
TIMER	9.519e-02	1.203e-01	1.500e-01	6	bulk_query: get recv_counts
TIMER	1.422e+00	2.954e+00	4.853e+00	6	bulk_query: all2all queries
Avg queries: 1.838e+04, max queries on proc 382: 796743
Inbalance factor: 4.335e+01x
TIMER	5.719e-02	1.586e-01	5.479e+00	6	bulk_query: local query
TIMER	3.118e+00	3.523e+00	3.917e+00	6	bulk_query: all2all query results
TIMER	1.149e+02	1.150e+02	1.158e+02	7	resolve_next_lcp: bulk_rmq
TIMER	1.425e-01	2.134e-01	1.140e+00	7	resolve_next_lcp: set LCP
TIMER	1.172e+02	1.172e+02	1.172e+02	7	LCP update
unresolved = 3830919, unfinished = 1858430
TIMER	1.577e+02	1.577e+02	1.577e+02	5	bucket-chaising iteration
TIMER	8.530e-02	1.383e-01	2.213e+00	6	bulk_query: get recv_counts
TIMER	8.574e-01	1.507e+00	2.820e+00	6	bulk_query: all2all queries
Avg queries: 9.976e+03, max queries on proc 383: 514056
Inbalance factor: 5.153e+01x
TIMER	6.644e-02	1.182e-01	3.210e+00	6	bulk_query: local query
TIMER	4.524e+00	5.496e+00	6.060e+00	6	bulk_query: all2all query results
TIMER	1.085e+02	1.085e+02	1.086e+02	7	resolve_next_lcp: bulk_rmq
TIMER	8.138e-02	1.336e-01	5.248e-01	7	resolve_next_lcp: set LCP
TIMER	1.124e+02	1.124e+02	1.124e+02	7	LCP update
unresolved = 1897267, unfinished = 927479
TIMER	1.449e+02	1.449e+02	1.450e+02	5	bucket-chaising iteration
TIMER	9.212e-02	1.523e-01	2.569e+00	6	bulk_query: get recv_counts
TIMER	5.447e-01	1.063e+00	3.053e+00	6	bulk_query: all2all queries
Avg queries: 4.941e+03, max queries on proc 383: 333922
Inbalance factor: 6.758e+01x
TIMER	7.954e-02	1.025e-01	1.723e+00	6	bulk_query: local query
TIMER	7.680e-01	1.415e+00	1.634e+00	6	bulk_query: all2all query results
TIMER	1.056e+02	1.056e+02	1.057e+02	7	resolve_next_lcp: bulk_rmq
TIMER	3.170e-02	8.350e-02	3.188e-01	7	resolve_next_lcp: set LCP
TIMER	1.078e+02	1.078e+02	1.079e+02	7	LCP update
unresolved = 887691, unfinished = 430529
TIMER	1.310e+02	1.310e+02	1.310e+02	5	bucket-chaising iteration
TIMER	8.266e-02	1.054e-01	1.364e-01	6	bulk_query: get recv_counts
TIMER	4.621e-01	6.911e-01	1.046e+00	6	bulk_query: all2all queries
Avg queries: 2.312e+03, max queries on proc 383: 205310
Inbalance factor: 8.881e+01x
TIMER	7.228e-02	8.654e-02	9.094e-01	6	bulk_query: local query
TIMER	3.297e-01	4.176e-01	4.955e-01	6	bulk_query: all2all query results
TIMER	1.026e+02	1.026e+02	1.026e+02	7	resolve_next_lcp: bulk_rmq
TIMER	1.933e-02	4.472e-02	5.429e-01	7	resolve_next_lcp: set LCP
TIMER	1.044e+02	1.044e+02	1.044e+02	7	LCP update
unresolved = 397767, unfinished = 190943
TIMER	1.138e+02	1.138e+02	1.138e+02	5	bucket-chaising iteration
TIMER	7.365e-02	1.075e-01	1.386e-01	6	bulk_query: get recv_counts
TIMER	1.807e-01	4.093e-01	6.880e-01	6	bulk_query: all2all queries
Avg queries: 1.036e+03, max queries on proc 383: 113284
Inbalance factor: 1.094e+02x
TIMER	5.314e-02	6.075e-02	5.338e-01	6	bulk_query: local query
TIMER	1.696e-01	2.822e-01	3.488e-01	6	bulk_query: all2all query results
TIMER	1.019e+02	1.019e+02	1.020e+02	7	resolve_next_lcp: bulk_rmq
TIMER	1.082e-02	2.726e-02	1.754e-01	7	resolve_next_lcp: set LCP
TIMER	1.023e+02	1.023e+02	1.023e+02	7	LCP update
unresolved = 91070, unfinished = 45535
TIMER	1.069e+02	1.069e+02	1.069e+02	5	bucket-chaising iteration
TIMER	7.699e-02	9.977e-02	1.198e-01	6	bulk_query: get recv_counts
TIMER	1.517e-01	2.972e-01	4.841e-01	6	bulk_query: all2all queries
Avg queries: 2.372e+02, max queries on proc 13: 49248
Inbalance factor: 2.077e+02x
TIMER	5.912e-02	6.421e-02	2.451e-01	6	bulk_query: local query
TIMER	1.376e-01	1.240e+00	3.344e+00	6	bulk_query: all2all query results
TIMER	1.012e+02	1.012e+02	1.012e+02	7	resolve_next_lcp: bulk_rmq
TIMER	3.138e-03	9.532e-03	5.894e-02	7	resolve_next_lcp: set LCP
TIMER	1.014e+02	1.014e+02	1.015e+02	7	LCP update
unresolved = 0, unfinished = 0
TIMER	1.075e+02	1.075e+02	1.075e+02	5	bucket-chaising iteration
TIMER	3.295e+03	3.295e+03	3.295e+03	4	construct-msgs
TIMER	2.853e+01	3.061e+01	3.219e+01	4	fix-isa
TIMER	8.795e+03	8.797e+03	8.797e+03	2	desa_construct: SA/LCP construct
TIMER	1.791e+02	1.792e+02	1.793e+02	2	desa_construct: TLI construct
TIMER	8.462e-02	9.292e-02	1.284e-01	3	repartition: 1D-partition
TIMER	1.166e+00	1.168e+00	1.174e+00	2	desa_construct: 1-D partition
TIMER	2.560e+02	2.562e+02	2.569e+02	3	repartition: redistribute
TIMER	2.571e+02	2.571e+02	2.584e+02	2	desa_construct: repartition
TIMER	9.371e+01	9.616e+01	9.894e+01	2	desa_construct: RMQ construct
TIMER	1.112e-01	1.301e-01	1.589e-01	3	bulk_query: get recv_counts
TIMER	2.827e+02	2.869e+02	2.900e+02	3	bulk_query: all2all queries
Avg queries: 7.460e+06, max queries on proc 205: 7460730
Inbalance factor: 1.000e+00x
TIMER	9.569e+01	1.139e+02	1.274e+02	3	bulk_query: local query
TIMER	4.091e+01	4.250e+01	4.449e+01	3	bulk_query: all2all query results
TIMER	8.219e+02	8.254e+02	8.345e+02	2	desa_construct: Lc naive construct
TIMER	1.018e+04	1.018e+04	1.018e+04	1	construct idx
