== Node distribution == 
== p=384 processes on 8 nodes ==
--  Node: 'c478-072.stampede2.tacc.utexas.edu' (48/384)
        Ranks: 0, 1, 2, 3, 4, 5, 6, 7, 8, 9, 10, 11, 12, 13, 14, 15, 16, 17, 18, 19, 20, 21, 22, 23, 24, 25, 26, 27, 28, 29, 30, 31, 32, 33, 34, 35, 36, 37, 38, 39, 40, 41, 42, 43, 44, 45, 46, 47
--  Node: 'c498-094.stampede2.tacc.utexas.edu' (48/384)
        Ranks: 48, 49, 50, 51, 52, 53, 54, 55, 56, 57, 58, 59, 60, 61, 62, 63, 64, 65, 66, 67, 68, 69, 70, 71, 72, 73, 74, 75, 76, 77, 78, 79, 80, 81, 82, 83, 84, 85, 86, 87, 88, 89, 90, 91, 92, 93, 94, 95
--  Node: 'c498-102.stampede2.tacc.utexas.edu' (48/384)
        Ranks: 96, 97, 98, 99, 100, 101, 102, 103, 104, 105, 106, 107, 108, 109, 110, 111, 112, 113, 114, 115, 116, 117, 118, 119, 120, 121, 122, 123, 124, 125, 126, 127, 128, 129, 130, 131, 132, 133, 134, 135, 136, 137, 138, 139, 140, 141, 142, 143
--  Node: 'c504-064.stampede2.tacc.utexas.edu' (48/384)
        Ranks: 144, 145, 146, 147, 148, 149, 150, 151, 152, 153, 154, 155, 156, 157, 158, 159, 160, 161, 162, 163, 164, 165, 166, 167, 168, 169, 170, 171, 172, 173, 174, 175, 176, 177, 178, 179, 180, 181, 182, 183, 184, 185, 186, 187, 188, 189, 190, 191
--  Node: 'c504-071.stampede2.tacc.utexas.edu' (48/384)
        Ranks: 192, 193, 194, 195, 196, 197, 198, 199, 200, 201, 202, 203, 204, 205, 206, 207, 208, 209, 210, 211, 212, 213, 214, 215, 216, 217, 218, 219, 220, 221, 222, 223, 224, 225, 226, 227, 228, 229, 230, 231, 232, 233, 234, 235, 236, 237, 238, 239
--  Node: 'c505-034.stampede2.tacc.utexas.edu' (48/384)
        Ranks: 240, 241, 242, 243, 244, 245, 246, 247, 248, 249, 250, 251, 252, 253, 254, 255, 256, 257, 258, 259, 260, 261, 262, 263, 264, 265, 266, 267, 268, 269, 270, 271, 272, 273, 274, 275, 276, 277, 278, 279, 280, 281, 282, 283, 284, 285, 286, 287
--  Node: 'c506-071.stampede2.tacc.utexas.edu' (48/384)
        Ranks: 288, 289, 290, 291, 292, 293, 294, 295, 296, 297, 298, 299, 300, 301, 302, 303, 304, 305, 306, 307, 308, 309, 310, 311, 312, 313, 314, 315, 316, 317, 318, 319, 320, 321, 322, 323, 324, 325, 326, 327, 328, 329, 330, 331, 332, 333, 334, 335
--  Node: 'c506-091.stampede2.tacc.utexas.edu' (48/384)
        Ranks: 336, 337, 338, 339, 340, 341, 342, 343, 344, 345, 346, 347, 348, 349, 350, 351, 352, 353, 354, 355, 356, 357, 358, 359, 360, 361, 362, 363, 364, 365, 366, 367, 368, 369, 370, 371, 372, 373, 374, 375, 376, 377, 378, 379, 380, 381, 382, 383
TIMER	3.343e+01	5.390e+01	8.803e+01	1	read input file
TIMER	7.202e+00	7.206e+00	7.210e+00	2	desa_construct: cpy str
Alphabet: {sigma=4, l=3, A=[A, C, G, T]}
TIMER	1.155e+01	1.156e+01	1.159e+01	3	get alphabet
TIMER	7.500e+01	7.860e+01	8.288e+01	4	kmer-gen
TIMER	8.296e+01	8.856e+01	1.039e+02	5	shift-buckets
TIMER	3.663e+03	3.679e+03	3.698e+03	5	ISA-to-SA
TIMER	1.362e+02	1.420e+02	1.920e+02	5	init-lcp
iteration 21: unfinished buckets = 51313051, unfinished elements = 252565151
TIMER	7.587e+01	7.712e+01	7.955e+01	5	rebucket
TIMER	1.349e+03	1.367e+03	1.389e+03	5	SA-to-ISA
TIMER	5.465e+03	5.465e+03	5.465e+03	5	sac-iteration
Starting Bucket chasing algorithm
unresolved = 252565180, unfinished = 51313051
TIMER	3.518e+01	3.665e+01	3.669e+01	5	get active elements
TIMER	9.442e-02	1.190e-01	1.531e-01	6	bulk_query: get recv_counts
TIMER	7.155e+01	7.451e+01	7.585e+01	6	bulk_query: all2all queries
Avg queries: 6.577e+05, max queries on proc 205: 5686338
Inbalance factor: 8.646e+00x
TIMER	6.083e+00	1.304e+01	7.205e+01	6	bulk_query: local query
TIMER	6.691e+01	7.051e+01	7.315e+01	6	bulk_query: all2all query results
TIMER	5.217e+02	5.300e+02	5.601e+02	7	resolve_next_lcp: bulk_rmq
TIMER	4.879e+00	7.464e+00	1.163e+01	7	resolve_next_lcp: set LCP
TIMER	5.719e+02	5.719e+02	5.719e+02	7	LCP update
unresolved = 83264472, unfinished = 25014138
TIMER	1.344e+03	1.346e+03	1.347e+03	5	bucket-chaising iteration
TIMER	1.002e-01	1.672e-01	3.279e-01	6	bulk_query: get recv_counts
TIMER	3.143e+01	3.196e+01	3.276e+01	6	bulk_query: all2all queries
Avg queries: 2.168e+05, max queries on proc 205: 4553617
Inbalance factor: 2.100e+01x
TIMER	6.227e-01	2.635e+00	5.037e+01	6	bulk_query: local query
TIMER	2.416e+01	2.453e+01	2.505e+01	6	bulk_query: all2all query results
TIMER	1.752e+02	1.763e+02	1.780e+02	7	resolve_next_lcp: bulk_rmq
TIMER	1.958e+00	2.854e+00	3.632e+00	7	resolve_next_lcp: set LCP
TIMER	1.819e+02	1.819e+02	1.819e+02	7	LCP update
unresolved = 39125110, unfinished = 14728266
TIMER	5.061e+02	5.062e+02	5.077e+02	5	bucket-chaising iteration
TIMER	9.678e-02	1.190e-01	1.457e-01	6	bulk_query: get recv_counts
TIMER	1.959e+01	2.033e+01	2.112e+01	6	bulk_query: all2all queries
Avg queries: 1.019e+05, max queries on proc 205: 3302336
Inbalance factor: 3.241e+01x
TIMER	1.128e-01	9.101e-01	3.210e+01	6	bulk_query: local query
TIMER	1.167e+01	1.229e+01	1.295e+01	6	bulk_query: all2all query results
TIMER	1.384e+02	1.387e+02	1.392e+02	7	resolve_next_lcp: bulk_rmq
TIMER	1.031e+00	1.308e+00	1.649e+00	7	resolve_next_lcp: set LCP
TIMER	1.411e+02	1.411e+02	1.411e+02	7	LCP update
unresolved = 21253898, unfinished = 9155159
TIMER	3.220e+02	3.220e+02	3.229e+02	5	bucket-chaising iteration
TIMER	9.657e-02	1.218e-01	1.436e-01	6	bulk_query: get recv_counts
TIMER	7.915e+00	8.384e+00	8.889e+00	6	bulk_query: all2all queries
Avg queries: 5.535e+04, max queries on proc 205: 2117007
Inbalance factor: 3.825e+01x
TIMER	1.118e-01	5.021e-01	1.623e+01	6	bulk_query: local query
TIMER	5.584e+00	6.055e+00	6.610e+00	6	bulk_query: all2all query results
TIMER	1.139e+02	1.140e+02	1.142e+02	7	resolve_next_lcp: bulk_rmq
TIMER	4.974e-01	6.348e-01	8.224e-01	7	resolve_next_lcp: set LCP
TIMER	1.152e+02	1.152e+02	1.152e+02	7	LCP update
unresolved = 12458753, unfinished = 5704526
TIMER	2.112e+02	2.112e+02	2.122e+02	5	bucket-chaising iteration
TIMER	9.333e-02	1.292e-01	1.581e-01	6	bulk_query: get recv_counts
TIMER	2.070e+00	4.805e+00	5.435e+00	6	bulk_query: all2all queries
Avg queries: 3.244e+04, max queries on proc 382: 1196893
Inbalance factor: 3.689e+01x
TIMER	6.661e-02	2.707e-01	9.421e+00	6	bulk_query: local query
TIMER	3.344e+00	3.530e+00	3.799e+00	6	bulk_query: all2all query results
TIMER	1.202e+02	1.203e+02	1.203e+02	7	resolve_next_lcp: bulk_rmq
TIMER	2.802e-01	3.577e-01	4.821e-01	7	resolve_next_lcp: set LCP
TIMER	1.210e+02	1.210e+02	1.210e+02	7	LCP update
unresolved = 7057961, unfinished = 3349572
TIMER	1.756e+02	1.756e+02	1.757e+02	5	bucket-chaising iteration
TIMER	8.814e-02	1.204e-01	1.471e-01	6	bulk_query: get recv_counts
TIMER	1.466e+00	2.485e+00	3.515e+00	6	bulk_query: all2all queries
Avg queries: 1.838e+04, max queries on proc 382: 796743
Inbalance factor: 4.335e+01x
TIMER	6.286e-02	1.661e-01	5.796e+00	6	bulk_query: local query
TIMER	1.782e+00	1.992e+00	2.317e+00	6	bulk_query: all2all query results
TIMER	1.191e+02	1.191e+02	1.192e+02	7	resolve_next_lcp: bulk_rmq
TIMER	1.556e-01	1.986e-01	2.663e-01	7	resolve_next_lcp: set LCP
TIMER	1.197e+02	1.197e+02	1.197e+02	7	LCP update
unresolved = 3830919, unfinished = 1858430
TIMER	1.535e+02	1.535e+02	1.535e+02	5	bucket-chaising iteration
TIMER	9.649e-02	1.173e-01	1.456e-01	6	bulk_query: get recv_counts
TIMER	8.926e-01	1.394e+00	2.217e+00	6	bulk_query: all2all queries
Avg queries: 9.976e+03, max queries on proc 383: 514056
Inbalance factor: 5.153e+01x
TIMER	5.502e-02	1.107e-01	3.327e+00	6	bulk_query: local query
TIMER	1.047e+00	1.148e+00	1.333e+00	6	bulk_query: all2all query results
TIMER	1.209e+02	1.210e+02	1.210e+02	7	resolve_next_lcp: bulk_rmq
TIMER	7.693e-02	1.133e-01	3.191e-01	7	resolve_next_lcp: set LCP
TIMER	1.215e+02	1.215e+02	1.215e+02	7	LCP update
unresolved = 1897267, unfinished = 927479
TIMER	1.420e+02	1.420e+02	1.421e+02	5	bucket-chaising iteration
TIMER	8.330e-02	1.095e-01	1.346e-01	6	bulk_query: get recv_counts
TIMER	5.245e-01	8.456e-01	1.411e+00	6	bulk_query: all2all queries
Avg queries: 4.941e+03, max queries on proc 383: 333922
Inbalance factor: 6.758e+01x
TIMER	7.034e-02	9.425e-02	1.695e+00	6	bulk_query: local query
TIMER	6.047e-01	6.710e-01	7.755e-01	6	bulk_query: all2all query results
TIMER	1.181e+02	1.181e+02	1.182e+02	7	resolve_next_lcp: bulk_rmq
TIMER	3.165e-02	5.945e-02	2.823e-01	7	resolve_next_lcp: set LCP
TIMER	1.187e+02	1.187e+02	1.187e+02	7	LCP update
unresolved = 887691, unfinished = 430529
TIMER	1.311e+02	1.311e+02	1.311e+02	5	bucket-chaising iteration
TIMER	8.102e-02	1.088e-01	1.420e-01	6	bulk_query: get recv_counts
TIMER	3.556e-01	5.605e-01	9.202e-01	6	bulk_query: all2all queries
Avg queries: 2.312e+03, max queries on proc 383: 205310
Inbalance factor: 8.881e+01x
TIMER	6.561e-02	8.072e-02	9.010e-01	6	bulk_query: local query
TIMER	3.289e-01	4.076e-01	4.828e-01	6	bulk_query: all2all query results
TIMER	1.101e+02	1.101e+02	1.102e+02	7	resolve_next_lcp: bulk_rmq
TIMER	2.077e-02	3.238e-02	2.789e-01	7	resolve_next_lcp: set LCP
TIMER	1.106e+02	1.106e+02	1.106e+02	7	LCP update
unresolved = 397767, unfinished = 190943
TIMER	1.180e+02	1.180e+02	1.180e+02	5	bucket-chaising iteration
TIMER	7.907e-02	1.091e-01	1.320e-01	6	bulk_query: get recv_counts
TIMER	1.973e-01	4.068e-01	7.076e-01	6	bulk_query: all2all queries
Avg queries: 1.036e+03, max queries on proc 383: 113284
Inbalance factor: 1.094e+02x
TIMER	5.523e-02	6.289e-02	5.053e-01	6	bulk_query: local query
TIMER	1.808e-01	2.874e-01	3.521e-01	6	bulk_query: all2all query results
TIMER	1.080e+02	1.080e+02	1.081e+02	7	resolve_next_lcp: bulk_rmq
TIMER	1.175e-02	2.839e-02	1.955e-01	7	resolve_next_lcp: set LCP
TIMER	1.085e+02	1.085e+02	1.085e+02	7	LCP update
unresolved = 91070, unfinished = 45535
TIMER	1.149e+02	1.149e+02	1.149e+02	5	bucket-chaising iteration
TIMER	8.035e-02	1.077e-01	1.284e-01	6	bulk_query: get recv_counts
TIMER	1.683e-01	2.785e-01	4.729e-01	6	bulk_query: all2all queries
Avg queries: 2.372e+02, max queries on proc 13: 49248
Inbalance factor: 2.077e+02x
TIMER	6.197e-02	6.653e-02	2.242e-01	6	bulk_query: local query
TIMER	1.343e-01	1.812e-01	2.311e-01	6	bulk_query: all2all query results
TIMER	1.106e+02	1.106e+02	1.106e+02	7	resolve_next_lcp: bulk_rmq
TIMER	2.834e-03	1.559e-02	8.647e-02	7	resolve_next_lcp: set LCP
TIMER	1.109e+02	1.109e+02	1.109e+02	7	LCP update
unresolved = 0, unfinished = 0
TIMER	1.159e+02	1.159e+02	1.159e+02	5	bucket-chaising iteration
TIMER	3.384e+03	3.384e+03	3.385e+03	4	construct-msgs
TIMER	2.982e+01	3.283e+01	3.550e+01	4	fix-isa
TIMER	8.981e+03	8.982e+03	8.983e+03	2	desa_construct: SA/LCP construct
TIMER	2.543e+02	2.544e+02	2.546e+02	2	desa_construct: TLI construct
TIMER	8.354e-02	9.451e-02	2.266e-01	3	repartition: 1D-partition
TIMER	3.851e+00	3.862e+00	3.868e+00	2	desa_construct: 1-D partition
TIMER	2.689e+02	2.696e+02	2.712e+02	3	repartition: redistribute
TIMER	2.715e+02	2.715e+02	2.727e+02	2	desa_construct: repartition
TIMER	9.443e+01	9.647e+01	1.143e+02	2	desa_construct: RMQ construct
TIMER	1.140e-01	1.362e-01	1.601e-01	3	bulk_query: get recv_counts
TIMER	2.822e+02	2.865e+02	2.893e+02	3	bulk_query: all2all queries
Avg queries: 7.460e+06, max queries on proc 205: 7460730
Inbalance factor: 1.000e+00x
TIMER	9.673e+01	1.146e+02	1.403e+02	3	bulk_query: local query
TIMER	3.872e+01	4.065e+01	4.160e+01	3	bulk_query: all2all query results
TIMER	8.446e+02	8.476e+02	8.678e+02	2	desa_construct: Lc naive construct
TIMER	1.051e+04	1.051e+04	1.051e+04	1	construct idx
