== Node distribution == 
== p=96 processes on 2 nodes ==
--  Node: 'c478-072.stampede2.tacc.utexas.edu' (48/96)
        Ranks: 0, 1, 2, 3, 4, 5, 6, 7, 8, 9, 10, 11, 12, 13, 14, 15, 16, 17, 18, 19, 20, 21, 22, 23, 24, 25, 26, 27, 28, 29, 30, 31, 32, 33, 34, 35, 36, 37, 38, 39, 40, 41, 42, 43, 44, 45, 46, 47
--  Node: 'c498-094.stampede2.tacc.utexas.edu' (48/96)
        Ranks: 48, 49, 50, 51, 52, 53, 54, 55, 56, 57, 58, 59, 60, 61, 62, 63, 64, 65, 66, 67, 68, 69, 70, 71, 72, 73, 74, 75, 76, 77, 78, 79, 80, 81, 82, 83, 84, 85, 86, 87, 88, 89, 90, 91, 92, 93, 94, 95
TIMER	1.245e+02	1.557e+02	1.642e+02	1	read input file
TIMER	2.622e+01	2.622e+01	2.623e+01	2	desa_construct: cpy str
Alphabet: {sigma=4, l=3, A=[A, C, G, T]}
TIMER	2.613e+01	2.613e+01	2.617e+01	3	get alphabet
TIMER	3.044e+02	3.162e+02	3.329e+02	4	kmer-gen
TIMER	3.457e+02	3.481e+02	3.609e+02	5	shift-buckets
TIMER	1.244e+04	1.246e+04	1.249e+04	5	ISA-to-SA
TIMER	5.547e+02	5.655e+02	5.881e+02	5	init-lcp
iteration 21: unfinished buckets = 51313051, unfinished elements = 252565175
TIMER	2.907e+02	2.945e+02	2.978e+02	5	rebucket
TIMER	4.502e+03	4.604e+03	4.661e+03	5	SA-to-ISA
TIMER	1.840e+04	1.840e+04	1.840e+04	5	sac-iteration
Starting Bucket chasing algorithm
unresolved = 252565180, unfinished = 51313051
TIMER	1.259e+02	1.259e+02	1.260e+02	5	get active elements
TIMER	5.524e-02	7.127e-02	8.671e-02	6	bulk_query: get recv_counts
TIMER	7.691e+01	8.203e+01	8.375e+01	6	bulk_query: all2all queries
Avg queries: 2.631e+06, max queries on proc 51: 10370837
Inbalance factor: 3.942e+00x
TIMER	4.319e+01	6.455e+01	1.682e+02	6	bulk_query: local query
TIMER	6.233e+01	6.659e+01	7.108e+01	6	bulk_query: all2all query results
TIMER	1.204e+03	1.229e+03	1.264e+03	7	resolve_next_lcp: bulk_rmq
TIMER	2.214e+01	3.007e+01	3.648e+01	7	resolve_next_lcp: set LCP
TIMER	1.302e+03	1.302e+03	1.302e+03	7	LCP update
unresolved = 83264472, unfinished = 25014138
TIMER	3.004e+03	3.005e+03	3.005e+03	5	bucket-chaising iteration
TIMER	4.798e-02	5.785e-02	8.152e-02	6	bulk_query: get recv_counts
TIMER	3.404e+01	3.652e+01	3.886e+01	6	bulk_query: all2all queries
Avg queries: 8.673e+05, max queries on proc 51: 7565031
Inbalance factor: 8.722e+00x
TIMER	6.115e+00	1.531e+01	9.562e+01	6	bulk_query: local query
TIMER	1.808e+01	2.146e+01	2.310e+01	6	bulk_query: all2all query results
TIMER	5.362e+02	5.419e+02	5.478e+02	7	resolve_next_lcp: bulk_rmq
TIMER	9.968e+00	1.156e+01	1.284e+01	7	resolve_next_lcp: set LCP
TIMER	5.608e+02	5.608e+02	5.608e+02	7	LCP update
unresolved = 39125110, unfinished = 14728266
TIMER	1.202e+03	1.203e+03	1.208e+03	5	bucket-chaising iteration
TIMER	4.751e-02	5.294e-02	6.268e-02	6	bulk_query: get recv_counts
TIMER	2.324e+01	2.467e+01	2.625e+01	6	bulk_query: all2all queries
Avg queries: 4.076e+05, max queries on proc 51: 5381275
Inbalance factor: 1.320e+01x
TIMER	1.053e+00	4.980e+00	5.987e+01	6	bulk_query: local query
TIMER	1.161e+01	1.438e+01	1.535e+01	6	bulk_query: all2all query results
TIMER	4.552e+02	4.557e+02	4.566e+02	7	resolve_next_lcp: bulk_rmq
TIMER	5.161e+00	5.779e+00	6.389e+00	7	resolve_next_lcp: set LCP
TIMER	4.631e+02	4.631e+02	4.631e+02	7	LCP update
unresolved = 21253898, unfinished = 9155159
TIMER	8.330e+02	8.345e+02	8.409e+02	5	bucket-chaising iteration
TIMER	4.399e-02	5.463e-02	7.856e-02	6	bulk_query: get recv_counts
TIMER	1.462e+01	1.562e+01	1.647e+01	6	bulk_query: all2all queries
Avg queries: 2.214e+05, max queries on proc 51: 3387786
Inbalance factor: 1.530e+01x
TIMER	1.422e-01	2.092e+00	3.391e+01	6	bulk_query: local query
TIMER	6.670e+00	8.097e+00	8.888e+00	6	bulk_query: all2all query results
TIMER	4.230e+02	4.233e+02	4.265e+02	7	resolve_next_lcp: bulk_rmq
TIMER	2.923e+00	3.238e+00	3.546e+00	7	resolve_next_lcp: set LCP
TIMER	4.302e+02	4.302e+02	4.302e+02	7	LCP update
unresolved = 12458753, unfinished = 5704526
TIMER	6.462e+02	6.472e+02	6.531e+02	5	bucket-chaising iteration
TIMER	5.427e-02	1.820e-01	5.449e-01	6	bulk_query: get recv_counts
TIMER	1.121e+01	1.174e+01	1.231e+01	6	bulk_query: all2all queries
Avg queries: 1.298e+05, max queries on proc 95: 2369254
Inbalance factor: 1.826e+01x
TIMER	5.112e-02	1.074e+00	2.159e+01	6	bulk_query: local query
TIMER	4.942e+00	5.604e+00	5.838e+00	6	bulk_query: all2all query results
TIMER	4.133e+02	4.137e+02	4.177e+02	7	resolve_next_lcp: bulk_rmq
TIMER	1.741e+00	1.945e+00	2.172e+00	7	resolve_next_lcp: set LCP
TIMER	4.200e+02	4.200e+02	4.200e+02	7	LCP update
unresolved = 7057961, unfinished = 3349572
TIMER	5.537e+02	5.537e+02	5.563e+02	5	bucket-chaising iteration
TIMER	4.186e-02	5.208e-02	7.023e-02	6	bulk_query: get recv_counts
TIMER	5.972e+00	7.595e+00	8.398e+00	6	bulk_query: all2all queries
Avg queries: 7.352e+04, max queries on proc 95: 1565624
Inbalance factor: 2.130e+01x
TIMER	4.662e-02	5.568e-01	1.367e+01	6	bulk_query: local query
TIMER	2.507e+00	2.871e+00	3.309e+00	6	bulk_query: all2all query results
TIMER	4.076e+02	4.080e+02	4.125e+02	7	resolve_next_lcp: bulk_rmq
TIMER	9.063e-01	1.039e+00	1.192e+00	7	resolve_next_lcp: set LCP
TIMER	4.138e+02	4.138e+02	4.138e+02	7	LCP update
unresolved = 3830919, unfinished = 1858430
TIMER	4.937e+02	4.937e+02	4.963e+02	5	bucket-chaising iteration
TIMER	4.083e-02	5.147e-02	7.299e-02	6	bulk_query: get recv_counts
TIMER	4.184e+00	5.178e+00	5.788e+00	6	bulk_query: all2all queries
Avg queries: 3.991e+04, max queries on proc 95: 948434
Inbalance factor: 2.377e+01x
TIMER	5.099e-02	3.011e-01	8.701e+00	6	bulk_query: local query
TIMER	1.184e+00	1.331e+00	1.523e+00	6	bulk_query: all2all query results
TIMER	4.055e+02	4.058e+02	4.097e+02	7	resolve_next_lcp: bulk_rmq
TIMER	4.688e-01	5.524e-01	6.507e-01	7	resolve_next_lcp: set LCP
TIMER	4.105e+02	4.105e+02	4.105e+02	7	LCP update
unresolved = 1897267, unfinished = 927479
TIMER	4.565e+02	4.565e+02	4.586e+02	5	bucket-chaising iteration
TIMER	4.098e-02	4.830e-02	6.031e-02	6	bulk_query: get recv_counts
TIMER	2.634e+00	3.290e+00	4.262e+00	6	bulk_query: all2all queries
Avg queries: 1.976e+04, max queries on proc 95: 447515
Inbalance factor: 2.264e+01x
TIMER	4.845e-02	1.444e-01	3.128e+00	6	bulk_query: local query
TIMER	4.247e-01	5.937e-01	7.606e-01	6	bulk_query: all2all query results
TIMER	4.043e+02	4.045e+02	4.081e+02	7	resolve_next_lcp: bulk_rmq
TIMER	1.978e-01	2.542e-01	3.387e-01	7	resolve_next_lcp: set LCP
TIMER	4.086e+02	4.086e+02	4.086e+02	7	LCP update
unresolved = 887691, unfinished = 430529
TIMER	4.310e+02	4.310e+02	4.310e+02	5	bucket-chaising iteration
TIMER	3.712e-02	4.571e-02	6.315e-02	6	bulk_query: get recv_counts
TIMER	4.425e-01	7.734e-01	9.562e-01	6	bulk_query: all2all queries
Avg queries: 9.247e+03, max queries on proc 95: 206909
Inbalance factor: 2.238e+01x
TIMER	3.921e-02	7.749e-02	9.041e-01	6	bulk_query: local query
TIMER	2.926e-01	3.678e-01	4.584e-01	6	bulk_query: all2all query results
TIMER	4.033e+02	4.035e+02	4.069e+02	7	resolve_next_lcp: bulk_rmq
TIMER	9.098e-02	1.144e-01	1.457e-01	7	resolve_next_lcp: set LCP
TIMER	4.071e+02	4.071e+02	4.071e+02	7	LCP update
unresolved = 397767, unfinished = 190943
TIMER	4.161e+02	4.161e+02	4.161e+02	5	bucket-chaising iteration
TIMER	3.972e-02	5.033e-02	7.225e-02	6	bulk_query: get recv_counts
TIMER	1.758e-01	2.528e-01	3.903e-01	6	bulk_query: all2all queries
Avg queries: 4.143e+03, max queries on proc 95: 113284
Inbalance factor: 2.734e+01x
TIMER	3.719e-02	5.508e-02	4.343e-01	6	bulk_query: local query
TIMER	1.238e-01	1.778e-01	2.331e-01	6	bulk_query: all2all query results
TIMER	4.023e+02	4.026e+02	4.058e+02	7	resolve_next_lcp: bulk_rmq
TIMER	5.409e-02	6.544e-02	1.663e-01	7	resolve_next_lcp: set LCP
TIMER	4.062e+02	4.062e+02	4.062e+02	7	LCP update
unresolved = 91070, unfinished = 45535
TIMER	4.105e+02	4.106e+02	4.131e+02	5	bucket-chaising iteration
TIMER	3.043e-02	4.151e-02	6.562e-02	6	bulk_query: get recv_counts
TIMER	8.765e-02	1.164e-01	2.020e-01	6	bulk_query: all2all queries
Avg queries: 9.486e+02, max queries on proc 3: 49248
Inbalance factor: 5.191e+01x
TIMER	3.810e-02	4.350e-02	2.289e-01	6	bulk_query: local query
TIMER	5.009e-02	8.247e-02	1.200e-01	6	bulk_query: all2all query results
TIMER	4.020e+02	4.022e+02	4.055e+02	7	resolve_next_lcp: bulk_rmq
TIMER	1.311e-02	2.195e-02	6.227e-02	7	resolve_next_lcp: set LCP
TIMER	4.057e+02	4.057e+02	4.057e+02	7	LCP update
unresolved = 0, unfinished = 0
TIMER	4.078e+02	4.078e+02	4.078e+02	5	bucket-chaising iteration
TIMER	9.022e+03	9.022e+03	9.022e+03	4	construct-msgs
TIMER	1.203e+02	1.260e+02	1.311e+02	4	fix-isa
TIMER	2.792e+04	2.792e+04	2.792e+04	2	desa_construct: SA/LCP construct
TIMER	6.381e+02	6.382e+02	6.382e+02	2	desa_construct: TLI construct
TIMER	1.695e-02	1.888e-02	2.942e-02	3	repartition: 1D-partition
TIMER	2.581e-01	2.595e-01	2.637e-01	2	desa_construct: 1-D partition
TIMER	9.769e+02	9.781e+02	9.786e+02	3	repartition: redistribute
TIMER	9.787e+02	9.787e+02	9.790e+02	2	desa_construct: repartition
TIMER	3.858e+02	3.934e+02	3.993e+02	2	desa_construct: RMQ construct
TIMER	5.970e-02	7.275e-02	9.009e-02	3	bulk_query: get recv_counts
TIMER	7.181e+02	7.433e+02	7.564e+02	3	bulk_query: all2all queries
Avg queries: 2.984e+07, max queries on proc 71: 29841642
Inbalance factor: 1.000e+00x
TIMER	5.272e+02	5.609e+02	5.788e+02	3	bulk_query: local query
TIMER	9.005e+01	9.234e+01	9.444e+01	3	bulk_query: all2all query results
TIMER	2.964e+03	2.981e+03	3.017e+03	2	desa_construct: Lc naive construct
TIMER	3.298e+04	3.298e+04	3.298e+04	1	construct idx
