== Node distribution == 
== p=384 processes on 8 nodes ==
--  Node: 'c476-134.stampede2.tacc.utexas.edu' (48/384)
        Ranks: 0, 1, 2, 3, 4, 5, 6, 7, 8, 9, 10, 11, 12, 13, 14, 15, 16, 17, 18, 19, 20, 21, 22, 23, 24, 25, 26, 27, 28, 29, 30, 31, 32, 33, 34, 35, 36, 37, 38, 39, 40, 41, 42, 43, 44, 45, 46, 47
--  Node: 'c477-003.stampede2.tacc.utexas.edu' (48/384)
        Ranks: 48, 49, 50, 51, 52, 53, 54, 55, 56, 57, 58, 59, 60, 61, 62, 63, 64, 65, 66, 67, 68, 69, 70, 71, 72, 73, 74, 75, 76, 77, 78, 79, 80, 81, 82, 83, 84, 85, 86, 87, 88, 89, 90, 91, 92, 93, 94, 95
--  Node: 'c477-004.stampede2.tacc.utexas.edu' (48/384)
        Ranks: 96, 97, 98, 99, 100, 101, 102, 103, 104, 105, 106, 107, 108, 109, 110, 111, 112, 113, 114, 115, 116, 117, 118, 119, 120, 121, 122, 123, 124, 125, 126, 127, 128, 129, 130, 131, 132, 133, 134, 135, 136, 137, 138, 139, 140, 141, 142, 143
--  Node: 'c477-012.stampede2.tacc.utexas.edu' (48/384)
        Ranks: 144, 145, 146, 147, 148, 149, 150, 151, 152, 153, 154, 155, 156, 157, 158, 159, 160, 161, 162, 163, 164, 165, 166, 167, 168, 169, 170, 171, 172, 173, 174, 175, 176, 177, 178, 179, 180, 181, 182, 183, 184, 185, 186, 187, 188, 189, 190, 191
--  Node: 'c477-013.stampede2.tacc.utexas.edu' (48/384)
        Ranks: 192, 193, 194, 195, 196, 197, 198, 199, 200, 201, 202, 203, 204, 205, 206, 207, 208, 209, 210, 211, 212, 213, 214, 215, 216, 217, 218, 219, 220, 221, 222, 223, 224, 225, 226, 227, 228, 229, 230, 231, 232, 233, 234, 235, 236, 237, 238, 239
--  Node: 'c477-014.stampede2.tacc.utexas.edu' (48/384)
        Ranks: 240, 241, 242, 243, 244, 245, 246, 247, 248, 249, 250, 251, 252, 253, 254, 255, 256, 257, 258, 259, 260, 261, 262, 263, 264, 265, 266, 267, 268, 269, 270, 271, 272, 273, 274, 275, 276, 277, 278, 279, 280, 281, 282, 283, 284, 285, 286, 287
--  Node: 'c477-041.stampede2.tacc.utexas.edu' (48/384)
        Ranks: 288, 289, 290, 291, 292, 293, 294, 295, 296, 297, 298, 299, 300, 301, 302, 303, 304, 305, 306, 307, 308, 309, 310, 311, 312, 313, 314, 315, 316, 317, 318, 319, 320, 321, 322, 323, 324, 325, 326, 327, 328, 329, 330, 331, 332, 333, 334, 335
--  Node: 'c477-051.stampede2.tacc.utexas.edu' (48/384)
        Ranks: 336, 337, 338, 339, 340, 341, 342, 343, 344, 345, 346, 347, 348, 349, 350, 351, 352, 353, 354, 355, 356, 357, 358, 359, 360, 361, 362, 363, 364, 365, 366, 367, 368, 369, 370, 371, 372, 373, 374, 375, 376, 377, 378, 379, 380, 381, 382, 383
TIMER	3.672e+01	5.409e+01	6.003e+01	1	read input file
TIMER	6.869e+00	6.872e+00	6.875e+00	2	desa_construct: cpy str
Alphabet: {sigma=4, l=3, A=[A, C, G, T]}
TIMER	6.946e+00	6.950e+00	6.982e+00	3	get alphabet
TIMER	7.487e+01	7.758e+01	8.101e+01	4	kmer-gen
TIMER	8.338e+01	8.716e+01	9.821e+01	5	shift-buckets
TIMER	3.645e+03	3.658e+03	3.672e+03	5	ISA-to-SA
TIMER	1.356e+02	1.413e+02	1.463e+02	5	init-lcp
iteration 21: unfinished buckets = 51313051, unfinished elements = 252565151
TIMER	7.442e+01	7.567e+01	7.750e+01	5	rebucket
TIMER	1.390e+03	1.401e+03	1.423e+03	5	SA-to-ISA
TIMER	5.419e+03	5.419e+03	5.419e+03	5	sac-iteration
Starting Bucket chasing algorithm
unresolved = 252565180, unfinished = 51313051
TIMER	3.503e+01	3.586e+01	3.589e+01	5	get active elements
TIMER	9.559e-02	1.208e-01	1.530e-01	6	bulk_query: get recv_counts
TIMER	7.299e+01	7.547e+01	7.703e+01	6	bulk_query: all2all queries
Avg queries: 6.577e+05, max queries on proc 205: 5686338
Inbalance factor: 8.646e+00x
TIMER	6.068e+00	1.301e+01	7.299e+01	6	bulk_query: local query
TIMER	6.313e+01	6.520e+01	6.677e+01	6	bulk_query: all2all query results
TIMER	5.059e+02	5.143e+02	5.444e+02	7	resolve_next_lcp: bulk_rmq
TIMER	4.950e+00	7.438e+00	1.147e+01	7	resolve_next_lcp: set LCP
TIMER	5.561e+02	5.561e+02	5.561e+02	7	LCP update
unresolved = 83264472, unfinished = 25014138
TIMER	1.316e+03	1.318e+03	1.319e+03	5	bucket-chaising iteration
TIMER	9.351e-02	1.338e-01	1.719e-01	6	bulk_query: get recv_counts
TIMER	3.203e+01	3.251e+01	3.333e+01	6	bulk_query: all2all queries
Avg queries: 2.168e+05, max queries on proc 205: 4553617
Inbalance factor: 2.100e+01x
TIMER	6.121e-01	2.627e+00	5.123e+01	6	bulk_query: local query
TIMER	2.340e+01	2.452e+01	2.571e+01	6	bulk_query: all2all query results
TIMER	1.674e+02	1.686e+02	1.703e+02	7	resolve_next_lcp: bulk_rmq
TIMER	1.872e+00	2.846e+00	3.582e+00	7	resolve_next_lcp: set LCP
TIMER	1.741e+02	1.741e+02	1.741e+02	7	LCP update
unresolved = 39125110, unfinished = 14728266
TIMER	4.967e+02	4.968e+02	4.982e+02	5	bucket-chaising iteration
TIMER	9.347e-02	1.127e-01	1.392e-01	6	bulk_query: get recv_counts
TIMER	1.858e+01	1.902e+01	1.960e+01	6	bulk_query: all2all queries
Avg queries: 1.019e+05, max queries on proc 205: 3302336
Inbalance factor: 3.241e+01x
TIMER	1.226e-01	9.175e-01	3.375e+01	6	bulk_query: local query
TIMER	1.116e+01	1.182e+01	1.248e+01	6	bulk_query: all2all query results
TIMER	1.230e+02	1.233e+02	1.238e+02	7	resolve_next_lcp: bulk_rmq
TIMER	1.013e+00	1.308e+00	1.633e+00	7	resolve_next_lcp: set LCP
TIMER	1.256e+02	1.256e+02	1.256e+02	7	LCP update
unresolved = 21253898, unfinished = 9155159
TIMER	3.105e+02	3.105e+02	3.114e+02	5	bucket-chaising iteration
TIMER	9.063e-02	1.148e-01	1.401e-01	6	bulk_query: get recv_counts
TIMER	8.146e+00	8.447e+00	8.915e+00	6	bulk_query: all2all queries
Avg queries: 5.535e+04, max queries on proc 205: 2117007
Inbalance factor: 3.825e+01x
TIMER	7.079e-02	4.573e-01	1.659e+01	6	bulk_query: local query
TIMER	6.343e+00	6.763e+00	7.160e+00	6	bulk_query: all2all query results
TIMER	1.071e+02	1.072e+02	1.073e+02	7	resolve_next_lcp: bulk_rmq
TIMER	4.942e-01	6.302e-01	7.759e-01	7	resolve_next_lcp: set LCP
TIMER	1.083e+02	1.083e+02	1.083e+02	7	LCP update
unresolved = 12458753, unfinished = 5704526
TIMER	2.078e+02	2.078e+02	2.089e+02	5	bucket-chaising iteration
TIMER	8.435e-02	1.144e-01	1.453e-01	6	bulk_query: get recv_counts
TIMER	1.970e+00	4.747e+00	5.412e+00	6	bulk_query: all2all queries
Avg queries: 3.244e+04, max queries on proc 382: 1196893
Inbalance factor: 3.689e+01x
TIMER	6.442e-02	2.698e-01	9.203e+00	6	bulk_query: local query
TIMER	3.372e+00	3.514e+00	3.745e+00	6	bulk_query: all2all query results
TIMER	1.031e+02	1.032e+02	1.033e+02	7	resolve_next_lcp: bulk_rmq
TIMER	2.682e-01	3.554e-01	4.580e-01	7	resolve_next_lcp: set LCP
TIMER	1.039e+02	1.039e+02	1.039e+02	7	LCP update
unresolved = 7057961, unfinished = 3349572
TIMER	1.567e+02	1.567e+02	1.567e+02	5	bucket-chaising iteration
TIMER	7.452e-02	1.138e-01	1.414e-01	6	bulk_query: get recv_counts
TIMER	1.346e+00	2.473e+00	3.438e+00	6	bulk_query: all2all queries
Avg queries: 1.838e+04, max queries on proc 382: 796743
Inbalance factor: 4.335e+01x
TIMER	6.350e-02	1.662e-01	5.693e+00	6	bulk_query: local query
TIMER	1.715e+00	1.928e+00	2.255e+00	6	bulk_query: all2all query results
TIMER	1.022e+02	1.023e+02	1.023e+02	7	resolve_next_lcp: bulk_rmq
TIMER	1.452e-01	1.972e-01	2.578e-01	7	resolve_next_lcp: set LCP
TIMER	1.028e+02	1.028e+02	1.028e+02	7	LCP update
unresolved = 3830919, unfinished = 1858430
TIMER	1.354e+02	1.354e+02	1.354e+02	5	bucket-chaising iteration
TIMER	8.584e-02	1.123e-01	1.421e-01	6	bulk_query: get recv_counts
TIMER	9.870e-01	1.407e+00	2.193e+00	6	bulk_query: all2all queries
Avg queries: 9.976e+03, max queries on proc 383: 514056
Inbalance factor: 5.153e+01x
TIMER	6.580e-02	1.172e-01	3.152e+00	6	bulk_query: local query
TIMER	1.041e+00	1.145e+00	1.324e+00	6	bulk_query: all2all query results
TIMER	1.007e+02	1.007e+02	1.008e+02	7	resolve_next_lcp: bulk_rmq
TIMER	7.655e-02	1.117e-01	1.509e-01	7	resolve_next_lcp: set LCP
TIMER	1.011e+02	1.011e+02	1.011e+02	7	LCP update
unresolved = 1897267, unfinished = 927479
TIMER	1.207e+02	1.207e+02	1.215e+02	5	bucket-chaising iteration
TIMER	8.534e-02	1.103e-01	1.279e-01	6	bulk_query: get recv_counts
TIMER	5.276e-01	8.290e-01	1.400e+00	6	bulk_query: all2all queries
Avg queries: 4.941e+03, max queries on proc 383: 333922
Inbalance factor: 6.758e+01x
TIMER	6.379e-02	8.648e-02	1.619e+00	6	bulk_query: local query
TIMER	6.079e-01	6.720e-01	7.712e-01	6	bulk_query: all2all query results
TIMER	1.021e+02	1.021e+02	1.022e+02	7	resolve_next_lcp: bulk_rmq
TIMER	3.372e-02	5.690e-02	2.840e-01	7	resolve_next_lcp: set LCP
TIMER	1.026e+02	1.026e+02	1.026e+02	7	LCP update
unresolved = 887691, unfinished = 430529
TIMER	1.146e+02	1.146e+02	1.146e+02	5	bucket-chaising iteration
TIMER	7.845e-02	1.062e-01	1.343e-01	6	bulk_query: get recv_counts
TIMER	3.349e-01	5.669e-01	9.915e-01	6	bulk_query: all2all queries
Avg queries: 2.312e+03, max queries on proc 383: 205310
Inbalance factor: 8.881e+01x
TIMER	5.652e-02	7.262e-02	8.919e-01	6	bulk_query: local query
TIMER	3.394e-01	4.161e-01	4.869e-01	6	bulk_query: all2all query results
TIMER	1.013e+02	1.013e+02	1.013e+02	7	resolve_next_lcp: bulk_rmq
TIMER	1.996e-02	2.968e-02	2.404e-01	7	resolve_next_lcp: set LCP
TIMER	1.017e+02	1.017e+02	1.017e+02	7	LCP update
unresolved = 397767, unfinished = 190943
TIMER	1.089e+02	1.089e+02	1.089e+02	5	bucket-chaising iteration
TIMER	7.501e-02	1.098e-01	1.324e-01	6	bulk_query: get recv_counts
TIMER	1.841e-01	4.025e-01	7.133e-01	6	bulk_query: all2all queries
Avg queries: 1.036e+03, max queries on proc 383: 113284
Inbalance factor: 1.094e+02x
TIMER	5.679e-02	6.431e-02	5.315e-01	6	bulk_query: local query
TIMER	1.749e-01	2.717e-01	3.436e-01	6	bulk_query: all2all query results
TIMER	1.010e+02	1.010e+02	1.010e+02	7	resolve_next_lcp: bulk_rmq
TIMER	1.228e-02	1.911e-02	1.586e-01	7	resolve_next_lcp: set LCP
TIMER	1.013e+02	1.013e+02	1.014e+02	7	LCP update
unresolved = 91070, unfinished = 45535
TIMER	1.060e+02	1.060e+02	1.060e+02	5	bucket-chaising iteration
TIMER	8.395e-02	1.085e-01	1.321e-01	6	bulk_query: get recv_counts
TIMER	1.624e-01	3.081e-01	4.951e-01	6	bulk_query: all2all queries
Avg queries: 2.372e+02, max queries on proc 13: 49248
Inbalance factor: 2.077e+02x
TIMER	5.172e-02	5.571e-02	2.205e-01	6	bulk_query: local query
TIMER	2.171e-01	3.204e-01	3.822e-01	6	bulk_query: all2all query results
TIMER	1.010e+02	1.010e+02	1.010e+02	7	resolve_next_lcp: bulk_rmq
TIMER	2.633e-03	6.951e-03	5.654e-02	7	resolve_next_lcp: set LCP
TIMER	1.012e+02	1.012e+02	1.012e+02	7	LCP update
unresolved = 0, unfinished = 0
TIMER	1.042e+02	1.042e+02	1.042e+02	5	bucket-chaising iteration
TIMER	3.227e+03	3.227e+03	3.227e+03	4	construct-msgs
TIMER	3.075e+01	3.433e+01	3.689e+01	4	fix-isa
TIMER	8.773e+03	8.774e+03	8.776e+03	2	desa_construct: SA/LCP construct
TIMER	1.809e+02	1.810e+02	1.813e+02	2	desa_construct: TLI construct
TIMER	8.193e-02	9.437e-02	1.172e-01	3	repartition: 1D-partition
TIMER	1.328e+00	1.331e+00	1.342e+00	2	desa_construct: 1-D partition
TIMER	2.644e+02	2.651e+02	2.678e+02	3	repartition: redistribute
TIMER	2.680e+02	2.680e+02	2.691e+02	2	desa_construct: repartition
TIMER	9.396e+01	9.654e+01	9.961e+01	2	desa_construct: RMQ construct
TIMER	1.165e-01	1.514e-01	1.772e-01	3	bulk_query: get recv_counts
TIMER	2.807e+02	2.857e+02	2.899e+02	3	bulk_query: all2all queries
Avg queries: 7.460e+06, max queries on proc 205: 7460730
Inbalance factor: 1.000e+00x
TIMER	9.629e+01	1.139e+02	1.323e+02	3	bulk_query: local query
TIMER	3.865e+01	4.026e+01	4.140e+01	3	bulk_query: all2all query results
TIMER	8.264e+02	8.298e+02	8.396e+02	2	desa_construct: Lc naive construct
TIMER	1.018e+04	1.018e+04	1.018e+04	1	construct idx
