== Node distribution == 
== p=96 processes on 2 nodes ==
--  Node: 'c476-134.stampede2.tacc.utexas.edu' (48/96)
        Ranks: 0, 1, 2, 3, 4, 5, 6, 7, 8, 9, 10, 11, 12, 13, 14, 15, 16, 17, 18, 19, 20, 21, 22, 23, 24, 25, 26, 27, 28, 29, 30, 31, 32, 33, 34, 35, 36, 37, 38, 39, 40, 41, 42, 43, 44, 45, 46, 47
--  Node: 'c477-003.stampede2.tacc.utexas.edu' (48/96)
        Ranks: 48, 49, 50, 51, 52, 53, 54, 55, 56, 57, 58, 59, 60, 61, 62, 63, 64, 65, 66, 67, 68, 69, 70, 71, 72, 73, 74, 75, 76, 77, 78, 79, 80, 81, 82, 83, 84, 85, 86, 87, 88, 89, 90, 91, 92, 93, 94, 95
TIMER	1.266e+02	1.543e+02	1.617e+02	1	read input file
TIMER	2.624e+01	2.624e+01	2.625e+01	2	desa_construct: cpy str
Alphabet: {sigma=4, l=3, A=[A, C, G, T]}
TIMER	2.593e+01	2.593e+01	2.597e+01	3	get alphabet
TIMER	3.062e+02	3.120e+02	3.177e+02	4	kmer-gen
TIMER	3.457e+02	3.498e+02	3.600e+02	5	shift-buckets
TIMER	1.226e+04	1.228e+04	1.231e+04	5	ISA-to-SA
TIMER	5.551e+02	5.651e+02	5.810e+02	5	init-lcp
iteration 21: unfinished buckets = 51313051, unfinished elements = 252565175
TIMER	2.893e+02	2.921e+02	2.947e+02	5	rebucket
TIMER	4.525e+03	4.594e+03	4.613e+03	5	SA-to-ISA
TIMER	1.817e+04	1.817e+04	1.817e+04	5	sac-iteration
Starting Bucket chasing algorithm
unresolved = 252565180, unfinished = 51313051
TIMER	1.187e+02	1.214e+02	1.246e+02	5	get active elements
TIMER	5.584e-02	6.670e-02	8.296e-02	6	bulk_query: get recv_counts
TIMER	7.656e+01	7.962e+01	8.164e+01	6	bulk_query: all2all queries
Avg queries: 2.631e+06, max queries on proc 51: 10370837
Inbalance factor: 3.942e+00x
TIMER	4.280e+01	6.389e+01	1.675e+02	6	bulk_query: local query
TIMER	6.345e+01	6.647e+01	7.002e+01	6	bulk_query: all2all query results
TIMER	1.209e+03	1.234e+03	1.269e+03	7	resolve_next_lcp: bulk_rmq
TIMER	2.326e+01	3.000e+01	3.640e+01	7	resolve_next_lcp: set LCP
TIMER	1.308e+03	1.308e+03	1.308e+03	7	LCP update
unresolved = 83264472, unfinished = 25014138
TIMER	2.993e+03	2.994e+03	2.994e+03	5	bucket-chaising iteration
TIMER	5.098e-02	5.887e-02	7.384e-02	6	bulk_query: get recv_counts
TIMER	3.429e+01	3.606e+01	3.900e+01	6	bulk_query: all2all queries
Avg queries: 8.673e+05, max queries on proc 51: 7565031
Inbalance factor: 8.722e+00x
TIMER	6.049e+00	1.527e+01	9.637e+01	6	bulk_query: local query
TIMER	2.160e+01	2.628e+01	2.777e+01	6	bulk_query: all2all query results
TIMER	5.387e+02	5.445e+02	5.505e+02	7	resolve_next_lcp: bulk_rmq
TIMER	1.005e+01	1.157e+01	1.295e+01	7	resolve_next_lcp: set LCP
TIMER	5.636e+02	5.636e+02	5.639e+02	7	LCP update
unresolved = 39125110, unfinished = 14728266
TIMER	1.211e+03	1.212e+03	1.218e+03	5	bucket-chaising iteration
TIMER	4.787e-02	5.635e-02	7.902e-02	6	bulk_query: get recv_counts
TIMER	2.198e+01	2.351e+01	2.500e+01	6	bulk_query: all2all queries
Avg queries: 4.076e+05, max queries on proc 51: 5381275
Inbalance factor: 1.320e+01x
TIMER	9.854e-01	5.025e+00	6.069e+01	6	bulk_query: local query
TIMER	1.125e+01	1.342e+01	1.471e+01	6	bulk_query: all2all query results
TIMER	4.559e+02	4.564e+02	4.573e+02	7	resolve_next_lcp: bulk_rmq
TIMER	5.187e+00	5.779e+00	6.436e+00	7	resolve_next_lcp: set LCP
TIMER	4.639e+02	4.639e+02	4.640e+02	7	LCP update
unresolved = 21253898, unfinished = 9155159
TIMER	8.362e+02	8.376e+02	8.429e+02	5	bucket-chaising iteration
TIMER	4.769e-02	5.970e-02	8.057e-02	6	bulk_query: get recv_counts
TIMER	1.461e+01	1.567e+01	1.656e+01	6	bulk_query: all2all queries
Avg queries: 2.214e+05, max queries on proc 51: 3387786
Inbalance factor: 1.530e+01x
TIMER	1.449e-01	2.088e+00	3.377e+01	6	bulk_query: local query
TIMER	7.539e+00	7.957e+00	8.531e+00	6	bulk_query: all2all query results
TIMER	4.211e+02	4.215e+02	4.246e+02	7	resolve_next_lcp: bulk_rmq
TIMER	2.919e+00	3.226e+00	3.573e+00	7	resolve_next_lcp: set LCP
TIMER	4.283e+02	4.283e+02	4.283e+02	7	LCP update
unresolved = 12458753, unfinished = 5704526
TIMER	6.418e+02	6.428e+02	6.490e+02	5	bucket-chaising iteration
TIMER	5.315e-02	6.416e-02	8.176e-02	6	bulk_query: get recv_counts
TIMER	1.058e+01	1.097e+01	1.214e+01	6	bulk_query: all2all queries
Avg queries: 1.298e+05, max queries on proc 95: 2369254
Inbalance factor: 1.826e+01x
TIMER	4.984e-02	1.085e+00	2.118e+01	6	bulk_query: local query
TIMER	5.418e+00	6.010e+00	6.278e+00	6	bulk_query: all2all query results
TIMER	4.118e+02	4.121e+02	4.162e+02	7	resolve_next_lcp: bulk_rmq
TIMER	1.770e+00	1.936e+00	2.170e+00	7	resolve_next_lcp: set LCP
TIMER	4.187e+02	4.187e+02	4.187e+02	7	LCP update
unresolved = 7057961, unfinished = 3349572
TIMER	5.520e+02	5.521e+02	5.551e+02	5	bucket-chaising iteration
TIMER	4.204e-02	5.042e-02	7.013e-02	6	bulk_query: get recv_counts
TIMER	6.722e+00	8.563e+00	9.481e+00	6	bulk_query: all2all queries
Avg queries: 7.352e+04, max queries on proc 95: 1565624
Inbalance factor: 2.130e+01x
TIMER	4.092e-02	5.490e-01	1.352e+01	6	bulk_query: local query
TIMER	2.454e+00	2.874e+00	3.157e+00	6	bulk_query: all2all query results
TIMER	4.090e+02	4.094e+02	4.144e+02	7	resolve_next_lcp: bulk_rmq
TIMER	9.092e-01	1.042e+00	1.202e+00	7	resolve_next_lcp: set LCP
TIMER	4.157e+02	4.158e+02	4.158e+02	7	LCP update
unresolved = 3830919, unfinished = 1858430
TIMER	4.968e+02	4.969e+02	4.993e+02	5	bucket-chaising iteration
TIMER	8.370e-02	1.725e-01	3.674e-01	6	bulk_query: get recv_counts
TIMER	3.805e+00	4.900e+00	5.498e+00	6	bulk_query: all2all queries
Avg queries: 3.991e+04, max queries on proc 95: 948434
Inbalance factor: 2.377e+01x
TIMER	4.139e-02	2.983e-01	8.666e+00	6	bulk_query: local query
TIMER	1.282e+00	1.480e+00	1.672e+00	6	bulk_query: all2all query results
TIMER	4.071e+02	4.074e+02	4.117e+02	7	resolve_next_lcp: bulk_rmq
TIMER	4.529e-01	5.438e-01	6.419e-01	7	resolve_next_lcp: set LCP
TIMER	4.126e+02	4.126e+02	4.126e+02	7	LCP update
unresolved = 1897267, unfinished = 927479
TIMER	4.578e+02	4.578e+02	4.599e+02	5	bucket-chaising iteration
TIMER	6.195e-02	7.802e-02	1.116e-01	6	bulk_query: get recv_counts
TIMER	2.666e+00	3.341e+00	4.315e+00	6	bulk_query: all2all queries
Avg queries: 1.976e+04, max queries on proc 95: 447515
Inbalance factor: 2.264e+01x
TIMER	3.781e-02	1.436e-01	3.921e+00	6	bulk_query: local query
TIMER	4.278e-01	6.208e-01	8.122e-01	6	bulk_query: all2all query results
TIMER	4.024e+02	4.027e+02	4.067e+02	7	resolve_next_lcp: bulk_rmq
TIMER	1.981e-01	2.524e-01	3.221e-01	7	resolve_next_lcp: set LCP
TIMER	4.071e+02	4.071e+02	4.071e+02	7	LCP update
unresolved = 887691, unfinished = 430529
TIMER	4.308e+02	4.308e+02	4.309e+02	5	bucket-chaising iteration
TIMER	3.746e-02	5.111e-02	6.610e-02	6	bulk_query: get recv_counts
TIMER	5.333e-01	8.735e-01	1.108e+00	6	bulk_query: all2all queries
Avg queries: 9.247e+03, max queries on proc 95: 206909
Inbalance factor: 2.238e+01x
TIMER	8.072e-02	1.301e-01	9.617e-01	6	bulk_query: local query
TIMER	6.302e-01	7.408e-01	8.243e-01	6	bulk_query: all2all query results
TIMER	4.047e+02	4.058e+02	4.089e+02	7	resolve_next_lcp: bulk_rmq
TIMER	8.846e-02	1.141e-01	2.561e-01	7	resolve_next_lcp: set LCP
TIMER	4.096e+02	4.096e+02	4.096e+02	7	LCP update
unresolved = 397767, unfinished = 190943
TIMER	4.197e+02	4.197e+02	4.197e+02	5	bucket-chaising iteration
TIMER	3.985e-02	5.370e-02	8.079e-02	6	bulk_query: get recv_counts
TIMER	1.876e-01	2.578e-01	3.887e-01	6	bulk_query: all2all queries
Avg queries: 4.143e+03, max queries on proc 95: 113284
Inbalance factor: 2.734e+01x
TIMER	3.828e-02	5.613e-02	4.265e-01	6	bulk_query: local query
TIMER	1.355e-01	1.927e-01	2.495e-01	6	bulk_query: all2all query results
TIMER	4.019e+02	4.021e+02	4.059e+02	7	resolve_next_lcp: bulk_rmq
TIMER	5.308e-02	6.677e-02	1.891e-01	7	resolve_next_lcp: set LCP
TIMER	4.062e+02	4.062e+02	4.062e+02	7	LCP update
unresolved = 91070, unfinished = 45535
TIMER	4.107e+02	4.107e+02	4.134e+02	5	bucket-chaising iteration
TIMER	3.455e-02	4.658e-02	6.896e-02	6	bulk_query: get recv_counts
TIMER	9.069e-02	1.203e-01	1.961e-01	6	bulk_query: all2all queries
Avg queries: 9.486e+02, max queries on proc 3: 49248
Inbalance factor: 5.191e+01x
TIMER	3.700e-02	4.299e-02	2.178e-01	6	bulk_query: local query
TIMER	4.374e-02	7.500e-02	1.096e-01	6	bulk_query: all2all query results
TIMER	4.021e+02	4.023e+02	4.061e+02	7	resolve_next_lcp: bulk_rmq
TIMER	1.230e-02	2.582e-02	7.743e-02	7	resolve_next_lcp: set LCP
TIMER	4.063e+02	4.063e+02	4.063e+02	7	LCP update
unresolved = 0, unfinished = 0
TIMER	4.083e+02	4.083e+02	4.083e+02	5	bucket-chaising iteration
TIMER	9.032e+03	9.032e+03	9.032e+03	4	construct-msgs
TIMER	1.211e+02	1.242e+02	1.260e+02	4	fix-isa
TIMER	2.767e+04	2.767e+04	2.768e+04	2	desa_construct: SA/LCP construct
TIMER	6.087e+02	6.087e+02	6.088e+02	2	desa_construct: TLI construct
TIMER	1.641e-02	1.871e-02	2.947e-02	3	repartition: 1D-partition
TIMER	2.612e-01	2.619e-01	2.646e-01	2	desa_construct: 1-D partition
TIMER	9.781e+02	9.794e+02	9.807e+02	3	repartition: redistribute
TIMER	9.808e+02	9.808e+02	9.811e+02	2	desa_construct: repartition
TIMER	3.859e+02	3.925e+02	3.990e+02	2	desa_construct: RMQ construct
TIMER	5.055e-02	5.901e-02	7.461e-02	3	bulk_query: get recv_counts
TIMER	7.441e+02	7.736e+02	7.873e+02	3	bulk_query: all2all queries
Avg queries: 2.984e+07, max queries on proc 71: 29841642
Inbalance factor: 1.000e+00x
TIMER	5.285e+02	5.590e+02	5.761e+02	3	bulk_query: local query
TIMER	8.258e+01	8.863e+01	9.124e+01	3	bulk_query: all2all query results
TIMER	2.987e+03	3.002e+03	3.033e+03	2	desa_construct: Lc naive construct
TIMER	3.272e+04	3.272e+04	3.272e+04	1	construct idx
