== Node distribution == 
== p=384 processes on 8 nodes ==
--  Node: 'c476-134.stampede2.tacc.utexas.edu' (48/384)
        Ranks: 0, 1, 2, 3, 4, 5, 6, 7, 8, 9, 10, 11, 12, 13, 14, 15, 16, 17, 18, 19, 20, 21, 22, 23, 24, 25, 26, 27, 28, 29, 30, 31, 32, 33, 34, 35, 36, 37, 38, 39, 40, 41, 42, 43, 44, 45, 46, 47
--  Node: 'c477-003.stampede2.tacc.utexas.edu' (48/384)
        Ranks: 48, 49, 50, 51, 52, 53, 54, 55, 56, 57, 58, 59, 60, 61, 62, 63, 64, 65, 66, 67, 68, 69, 70, 71, 72, 73, 74, 75, 76, 77, 78, 79, 80, 81, 82, 83, 84, 85, 86, 87, 88, 89, 90, 91, 92, 93, 94, 95
--  Node: 'c477-004.stampede2.tacc.utexas.edu' (48/384)
        Ranks: 96, 97, 98, 99, 100, 101, 102, 103, 104, 105, 106, 107, 108, 109, 110, 111, 112, 113, 114, 115, 116, 117, 118, 119, 120, 121, 122, 123, 124, 125, 126, 127, 128, 129, 130, 131, 132, 133, 134, 135, 136, 137, 138, 139, 140, 141, 142, 143
--  Node: 'c477-012.stampede2.tacc.utexas.edu' (48/384)
        Ranks: 144, 145, 146, 147, 148, 149, 150, 151, 152, 153, 154, 155, 156, 157, 158, 159, 160, 161, 162, 163, 164, 165, 166, 167, 168, 169, 170, 171, 172, 173, 174, 175, 176, 177, 178, 179, 180, 181, 182, 183, 184, 185, 186, 187, 188, 189, 190, 191
--  Node: 'c477-013.stampede2.tacc.utexas.edu' (48/384)
        Ranks: 192, 193, 194, 195, 196, 197, 198, 199, 200, 201, 202, 203, 204, 205, 206, 207, 208, 209, 210, 211, 212, 213, 214, 215, 216, 217, 218, 219, 220, 221, 222, 223, 224, 225, 226, 227, 228, 229, 230, 231, 232, 233, 234, 235, 236, 237, 238, 239
--  Node: 'c477-014.stampede2.tacc.utexas.edu' (48/384)
        Ranks: 240, 241, 242, 243, 244, 245, 246, 247, 248, 249, 250, 251, 252, 253, 254, 255, 256, 257, 258, 259, 260, 261, 262, 263, 264, 265, 266, 267, 268, 269, 270, 271, 272, 273, 274, 275, 276, 277, 278, 279, 280, 281, 282, 283, 284, 285, 286, 287
--  Node: 'c477-041.stampede2.tacc.utexas.edu' (48/384)
        Ranks: 288, 289, 290, 291, 292, 293, 294, 295, 296, 297, 298, 299, 300, 301, 302, 303, 304, 305, 306, 307, 308, 309, 310, 311, 312, 313, 314, 315, 316, 317, 318, 319, 320, 321, 322, 323, 324, 325, 326, 327, 328, 329, 330, 331, 332, 333, 334, 335
--  Node: 'c477-051.stampede2.tacc.utexas.edu' (48/384)
        Ranks: 336, 337, 338, 339, 340, 341, 342, 343, 344, 345, 346, 347, 348, 349, 350, 351, 352, 353, 354, 355, 356, 357, 358, 359, 360, 361, 362, 363, 364, 365, 366, 367, 368, 369, 370, 371, 372, 373, 374, 375, 376, 377, 378, 379, 380, 381, 382, 383
TIMER	3.457e+01	4.878e+01	5.882e+01	1	read input file
TIMER	6.921e+00	6.925e+00	6.929e+00	2	desa_construct: cpy str
Alphabet: {sigma=4, l=3, A=[A, C, G, T]}
TIMER	6.993e+00	7.014e+00	7.035e+00	3	get alphabet
TIMER	7.476e+01	7.742e+01	8.103e+01	4	kmer-gen
TIMER	8.320e+01	8.758e+01	9.846e+01	5	shift-buckets
TIMER	3.595e+03	3.611e+03	3.629e+03	5	ISA-to-SA
TIMER	1.356e+02	1.416e+02	1.476e+02	5	init-lcp
iteration 21: unfinished buckets = 51313051, unfinished elements = 252565151
TIMER	7.423e+01	7.580e+01	7.775e+01	5	rebucket
TIMER	1.426e+03	1.439e+03	1.462e+03	5	SA-to-ISA
TIMER	5.416e+03	5.416e+03	5.416e+03	5	sac-iteration
Starting Bucket chasing algorithm
unresolved = 252565180, unfinished = 51313051
TIMER	3.439e+01	3.557e+01	3.560e+01	5	get active elements
TIMER	7.066e-02	3.589e-01	3.814e-01	6	bulk_query: get recv_counts
TIMER	7.334e+01	7.561e+01	7.685e+01	6	bulk_query: all2all queries
Avg queries: 6.577e+05, max queries on proc 205: 5686338
Inbalance factor: 8.646e+00x
TIMER	6.136e+00	1.299e+01	7.344e+01	6	bulk_query: local query
TIMER	6.741e+01	6.942e+01	7.163e+01	6	bulk_query: all2all query results
TIMER	5.130e+02	5.213e+02	5.515e+02	7	resolve_next_lcp: bulk_rmq
TIMER	4.865e+00	7.429e+00	1.140e+01	7	resolve_next_lcp: set LCP
TIMER	5.631e+02	5.631e+02	5.631e+02	7	LCP update
unresolved = 83264472, unfinished = 25014138
TIMER	1.355e+03	1.356e+03	1.357e+03	5	bucket-chaising iteration
TIMER	8.985e-02	1.177e-01	1.484e-01	6	bulk_query: get recv_counts
TIMER	3.109e+01	3.242e+01	3.344e+01	6	bulk_query: all2all queries
Avg queries: 2.168e+05, max queries on proc 205: 4553617
Inbalance factor: 2.100e+01x
TIMER	5.935e-01	2.631e+00	5.098e+01	6	bulk_query: local query
TIMER	2.712e+01	2.828e+01	2.898e+01	6	bulk_query: all2all query results
TIMER	1.700e+02	1.711e+02	1.728e+02	7	resolve_next_lcp: bulk_rmq
TIMER	1.870e+00	2.848e+00	3.620e+00	7	resolve_next_lcp: set LCP
TIMER	1.767e+02	1.767e+02	1.767e+02	7	LCP update
unresolved = 39125110, unfinished = 14728266
TIMER	5.016e+02	5.016e+02	5.028e+02	5	bucket-chaising iteration
TIMER	9.809e-02	1.215e-01	1.457e-01	6	bulk_query: get recv_counts
TIMER	1.929e+01	1.986e+01	2.050e+01	6	bulk_query: all2all queries
Avg queries: 1.019e+05, max queries on proc 205: 3302336
Inbalance factor: 3.241e+01x
TIMER	1.177e-01	9.179e-01	3.234e+01	6	bulk_query: local query
TIMER	1.122e+01	1.191e+01	1.255e+01	6	bulk_query: all2all query results
TIMER	1.222e+02	1.225e+02	1.230e+02	7	resolve_next_lcp: bulk_rmq
TIMER	9.925e-01	1.307e+00	1.665e+00	7	resolve_next_lcp: set LCP
TIMER	1.249e+02	1.249e+02	1.249e+02	7	LCP update
unresolved = 21253898, unfinished = 9155159
TIMER	3.052e+02	3.053e+02	3.061e+02	5	bucket-chaising iteration
TIMER	9.523e-02	1.148e-01	1.488e-01	6	bulk_query: get recv_counts
TIMER	8.336e+00	8.986e+00	9.595e+00	6	bulk_query: all2all queries
Avg queries: 5.535e+04, max queries on proc 205: 2117007
Inbalance factor: 3.825e+01x
TIMER	7.385e-02	4.653e-01	1.617e+01	6	bulk_query: local query
TIMER	6.296e+00	6.746e+00	7.199e+00	6	bulk_query: all2all query results
TIMER	1.066e+02	1.067e+02	1.068e+02	7	resolve_next_lcp: bulk_rmq
TIMER	4.947e-01	6.335e-01	8.128e-01	7	resolve_next_lcp: set LCP
TIMER	1.078e+02	1.078e+02	1.078e+02	7	LCP update
unresolved = 12458753, unfinished = 5704526
TIMER	2.052e+02	2.052e+02	2.061e+02	5	bucket-chaising iteration
TIMER	9.145e-02	1.172e-01	1.472e-01	6	bulk_query: get recv_counts
TIMER	2.551e+00	5.455e+00	6.032e+00	6	bulk_query: all2all queries
Avg queries: 3.244e+04, max queries on proc 382: 1196893
Inbalance factor: 3.689e+01x
TIMER	9.761e-02	3.209e-01	9.695e+00	6	bulk_query: local query
TIMER	1.052e+01	1.136e+01	1.232e+01	6	bulk_query: all2all query results
TIMER	1.056e+02	1.056e+02	1.057e+02	7	resolve_next_lcp: bulk_rmq
TIMER	2.847e-01	3.567e-01	4.759e-01	7	resolve_next_lcp: set LCP
TIMER	1.064e+02	1.064e+02	1.064e+02	7	LCP update
unresolved = 7057961, unfinished = 3349572
TIMER	1.709e+02	1.709e+02	1.719e+02	5	bucket-chaising iteration
TIMER	8.622e-02	1.143e-01	1.473e-01	6	bulk_query: get recv_counts
TIMER	1.282e+00	2.486e+00	3.426e+00	6	bulk_query: all2all queries
Avg queries: 1.838e+04, max queries on proc 382: 796743
Inbalance factor: 4.335e+01x
TIMER	4.359e-02	1.650e-01	5.828e+00	6	bulk_query: local query
TIMER	1.756e+00	1.969e+00	2.286e+00	6	bulk_query: all2all query results
TIMER	1.017e+02	1.017e+02	1.018e+02	7	resolve_next_lcp: bulk_rmq
TIMER	1.527e-01	1.974e-01	2.684e-01	7	resolve_next_lcp: set LCP
TIMER	1.023e+02	1.023e+02	1.023e+02	7	LCP update
unresolved = 3830919, unfinished = 1858430
TIMER	1.355e+02	1.355e+02	1.356e+02	5	bucket-chaising iteration
TIMER	7.738e-02	1.082e-01	1.308e-01	6	bulk_query: get recv_counts
TIMER	8.633e-01	1.405e+00	2.204e+00	6	bulk_query: all2all queries
Avg queries: 9.976e+03, max queries on proc 383: 514056
Inbalance factor: 5.153e+01x
TIMER	6.103e-02	1.153e-01	3.185e+00	6	bulk_query: local query
TIMER	1.023e+00	1.130e+00	1.309e+00	6	bulk_query: all2all query results
TIMER	1.008e+02	1.008e+02	1.009e+02	7	resolve_next_lcp: bulk_rmq
TIMER	8.089e-02	1.128e-01	1.546e-01	7	resolve_next_lcp: set LCP
TIMER	1.012e+02	1.012e+02	1.012e+02	7	LCP update
unresolved = 1897267, unfinished = 927479
TIMER	1.210e+02	1.211e+02	1.211e+02	5	bucket-chaising iteration
TIMER	8.860e-02	1.110e-01	1.280e-01	6	bulk_query: get recv_counts
TIMER	5.225e-01	8.367e-01	1.383e+00	6	bulk_query: all2all queries
Avg queries: 4.941e+03, max queries on proc 383: 333922
Inbalance factor: 6.758e+01x
TIMER	5.217e-02	8.220e-02	1.603e+00	6	bulk_query: local query
TIMER	5.951e-01	6.630e-01	7.668e-01	6	bulk_query: all2all query results
TIMER	1.049e+02	1.050e+02	1.050e+02	7	resolve_next_lcp: bulk_rmq
TIMER	3.236e-02	5.649e-02	3.799e-01	7	resolve_next_lcp: set LCP
TIMER	1.055e+02	1.055e+02	1.055e+02	7	LCP update
unresolved = 887691, unfinished = 430529
TIMER	1.168e+02	1.168e+02	1.168e+02	5	bucket-chaising iteration
TIMER	8.561e-02	1.103e-01	1.508e-01	6	bulk_query: get recv_counts
TIMER	3.498e-01	5.684e-01	9.307e-01	6	bulk_query: all2all queries
Avg queries: 2.312e+03, max queries on proc 383: 205310
Inbalance factor: 8.881e+01x
TIMER	5.845e-02	8.005e-02	1.330e+00	6	bulk_query: local query
TIMER	3.802e-01	4.290e-01	4.881e-01	6	bulk_query: all2all query results
TIMER	1.016e+02	1.016e+02	1.016e+02	7	resolve_next_lcp: bulk_rmq
TIMER	1.701e-02	3.112e-02	2.701e-01	7	resolve_next_lcp: set LCP
TIMER	1.021e+02	1.021e+02	1.021e+02	7	LCP update
unresolved = 397767, unfinished = 190943
TIMER	1.096e+02	1.096e+02	1.096e+02	5	bucket-chaising iteration
TIMER	9.833e-02	1.561e-01	2.490e-01	6	bulk_query: get recv_counts
TIMER	1.988e-01	4.295e-01	7.294e-01	6	bulk_query: all2all queries
Avg queries: 1.036e+03, max queries on proc 383: 113284
Inbalance factor: 1.094e+02x
TIMER	5.385e-02	6.384e-02	5.174e-01	6	bulk_query: local query
TIMER	3.394e-01	4.669e-01	6.163e-01	6	bulk_query: all2all query results
TIMER	1.004e+02	1.005e+02	1.005e+02	7	resolve_next_lcp: bulk_rmq
TIMER	1.268e-02	1.956e-02	1.573e-01	7	resolve_next_lcp: set LCP
TIMER	1.008e+02	1.008e+02	1.009e+02	7	LCP update
unresolved = 91070, unfinished = 45535
TIMER	1.063e+02	1.063e+02	1.063e+02	5	bucket-chaising iteration
TIMER	8.477e-02	1.123e-01	1.367e-01	6	bulk_query: get recv_counts
TIMER	1.309e-01	2.707e-01	4.949e-01	6	bulk_query: all2all queries
Avg queries: 2.372e+02, max queries on proc 13: 49248
Inbalance factor: 2.077e+02x
TIMER	6.441e-02	6.833e-02	2.547e-01	6	bulk_query: local query
TIMER	1.492e-01	1.925e-01	2.489e-01	6	bulk_query: all2all query results
TIMER	1.009e+02	1.009e+02	1.009e+02	7	resolve_next_lcp: bulk_rmq
TIMER	2.877e-03	7.534e-03	7.719e-02	7	resolve_next_lcp: set LCP
TIMER	1.012e+02	1.012e+02	1.012e+02	7	LCP update
unresolved = 0, unfinished = 0
TIMER	1.041e+02	1.041e+02	1.041e+02	5	bucket-chaising iteration
TIMER	3.278e+03	3.278e+03	3.278e+03	4	construct-msgs
TIMER	3.065e+01	3.424e+01	3.651e+01	4	fix-isa
TIMER	8.822e+03	8.823e+03	8.824e+03	2	desa_construct: SA/LCP construct
TIMER	1.806e+02	1.808e+02	1.831e+02	2	desa_construct: TLI construct
TIMER	8.066e-02	9.416e-02	1.168e-01	3	repartition: 1D-partition
TIMER	4.760e+00	4.764e+00	4.792e+00	2	desa_construct: 1-D partition
TIMER	2.589e+02	2.600e+02	2.620e+02	3	repartition: redistribute
TIMER	2.622e+02	2.622e+02	2.633e+02	2	desa_construct: repartition
TIMER	9.277e+01	9.647e+01	9.902e+01	2	desa_construct: RMQ construct
TIMER	1.148e-01	1.382e-01	1.654e-01	3	bulk_query: get recv_counts
TIMER	3.093e+02	3.132e+02	3.163e+02	3	bulk_query: all2all queries
Avg queries: 7.460e+06, max queries on proc 205: 7460730
Inbalance factor: 1.000e+00x
TIMER	9.934e+01	1.141e+02	1.284e+02	3	bulk_query: local query
TIMER	4.233e+01	4.366e+01	4.416e+01	3	bulk_query: all2all query results
TIMER	8.581e+02	8.611e+02	8.714e+02	2	desa_construct: Lc naive construct
TIMER	1.026e+04	1.026e+04	1.026e+04	1	construct idx
