== Node distribution == 
== p=384 processes on 8 nodes ==
--  Node: 'c478-072.stampede2.tacc.utexas.edu' (48/384)
        Ranks: 0, 1, 2, 3, 4, 5, 6, 7, 8, 9, 10, 11, 12, 13, 14, 15, 16, 17, 18, 19, 20, 21, 22, 23, 24, 25, 26, 27, 28, 29, 30, 31, 32, 33, 34, 35, 36, 37, 38, 39, 40, 41, 42, 43, 44, 45, 46, 47
--  Node: 'c498-094.stampede2.tacc.utexas.edu' (48/384)
        Ranks: 48, 49, 50, 51, 52, 53, 54, 55, 56, 57, 58, 59, 60, 61, 62, 63, 64, 65, 66, 67, 68, 69, 70, 71, 72, 73, 74, 75, 76, 77, 78, 79, 80, 81, 82, 83, 84, 85, 86, 87, 88, 89, 90, 91, 92, 93, 94, 95
--  Node: 'c498-102.stampede2.tacc.utexas.edu' (48/384)
        Ranks: 96, 97, 98, 99, 100, 101, 102, 103, 104, 105, 106, 107, 108, 109, 110, 111, 112, 113, 114, 115, 116, 117, 118, 119, 120, 121, 122, 123, 124, 125, 126, 127, 128, 129, 130, 131, 132, 133, 134, 135, 136, 137, 138, 139, 140, 141, 142, 143
--  Node: 'c504-064.stampede2.tacc.utexas.edu' (48/384)
        Ranks: 144, 145, 146, 147, 148, 149, 150, 151, 152, 153, 154, 155, 156, 157, 158, 159, 160, 161, 162, 163, 164, 165, 166, 167, 168, 169, 170, 171, 172, 173, 174, 175, 176, 177, 178, 179, 180, 181, 182, 183, 184, 185, 186, 187, 188, 189, 190, 191
--  Node: 'c504-071.stampede2.tacc.utexas.edu' (48/384)
        Ranks: 192, 193, 194, 195, 196, 197, 198, 199, 200, 201, 202, 203, 204, 205, 206, 207, 208, 209, 210, 211, 212, 213, 214, 215, 216, 217, 218, 219, 220, 221, 222, 223, 224, 225, 226, 227, 228, 229, 230, 231, 232, 233, 234, 235, 236, 237, 238, 239
--  Node: 'c505-034.stampede2.tacc.utexas.edu' (48/384)
        Ranks: 240, 241, 242, 243, 244, 245, 246, 247, 248, 249, 250, 251, 252, 253, 254, 255, 256, 257, 258, 259, 260, 261, 262, 263, 264, 265, 266, 267, 268, 269, 270, 271, 272, 273, 274, 275, 276, 277, 278, 279, 280, 281, 282, 283, 284, 285, 286, 287
--  Node: 'c506-071.stampede2.tacc.utexas.edu' (48/384)
        Ranks: 288, 289, 290, 291, 292, 293, 294, 295, 296, 297, 298, 299, 300, 301, 302, 303, 304, 305, 306, 307, 308, 309, 310, 311, 312, 313, 314, 315, 316, 317, 318, 319, 320, 321, 322, 323, 324, 325, 326, 327, 328, 329, 330, 331, 332, 333, 334, 335
--  Node: 'c506-091.stampede2.tacc.utexas.edu' (48/384)
        Ranks: 336, 337, 338, 339, 340, 341, 342, 343, 344, 345, 346, 347, 348, 349, 350, 351, 352, 353, 354, 355, 356, 357, 358, 359, 360, 361, 362, 363, 364, 365, 366, 367, 368, 369, 370, 371, 372, 373, 374, 375, 376, 377, 378, 379, 380, 381, 382, 383
TIMER	4.806e+02	4.643e+03	7.688e+03	1	read input file
TIMER	8.277e+00	8.288e+00	8.301e+00	2	desa_construct: cpy str
Alphabet: {sigma=4, l=3, A=[A, C, G, T]}
TIMER	1.302e+01	1.305e+01	1.309e+01	3	get alphabet
TIMER	7.812e+01	8.097e+01	8.438e+01	4	kmer-gen
TIMER	8.352e+01	8.900e+01	1.032e+02	5	shift-buckets
TIMER	3.703e+03	3.714e+03	3.731e+03	5	ISA-to-SA
TIMER	1.364e+02	1.422e+02	1.517e+02	5	init-lcp
iteration 21: unfinished buckets = 51313051, unfinished elements = 252565151
TIMER	7.519e+01	7.644e+01	7.836e+01	5	rebucket
TIMER	1.374e+03	1.389e+03	1.415e+03	5	SA-to-ISA
TIMER	5.482e+03	5.482e+03	5.482e+03	5	sac-iteration
Starting Bucket chasing algorithm
unresolved = 252565180, unfinished = 51313051
TIMER	3.621e+01	3.762e+01	3.766e+01	5	get active elements
TIMER	1.040e-01	9.990e-01	1.037e+00	6	bulk_query: get recv_counts
TIMER	7.316e+01	7.502e+01	7.733e+01	6	bulk_query: all2all queries
Avg queries: 6.577e+05, max queries on proc 205: 5686338
Inbalance factor: 8.646e+00x
TIMER	6.019e+00	1.299e+01	7.109e+01	6	bulk_query: local query
TIMER	6.942e+01	7.161e+01	7.327e+01	6	bulk_query: all2all query results
TIMER	5.108e+02	5.191e+02	5.493e+02	7	resolve_next_lcp: bulk_rmq
TIMER	4.935e+00	7.483e+00	1.174e+01	7	resolve_next_lcp: set LCP
TIMER	5.613e+02	5.613e+02	5.613e+02	7	LCP update
unresolved = 83264472, unfinished = 25014138
TIMER	1.340e+03	1.340e+03	1.341e+03	5	bucket-chaising iteration
TIMER	1.087e-01	1.284e-01	1.588e-01	6	bulk_query: get recv_counts
TIMER	3.125e+01	3.206e+01	3.309e+01	6	bulk_query: all2all queries
Avg queries: 2.168e+05, max queries on proc 205: 4553617
Inbalance factor: 2.100e+01x
TIMER	5.885e-01	2.593e+00	4.958e+01	6	bulk_query: local query
TIMER	2.365e+01	2.468e+01	2.603e+01	6	bulk_query: all2all query results
TIMER	1.701e+02	1.713e+02	1.733e+02	7	resolve_next_lcp: bulk_rmq
TIMER	1.968e+00	2.866e+00	4.510e+00	7	resolve_next_lcp: set LCP
TIMER	1.782e+02	1.782e+02	1.782e+02	7	LCP update
unresolved = 39125110, unfinished = 14728266
TIMER	4.949e+02	4.949e+02	4.963e+02	5	bucket-chaising iteration
TIMER	1.089e-01	1.435e-01	1.692e-01	6	bulk_query: get recv_counts
TIMER	1.890e+01	1.998e+01	2.156e+01	6	bulk_query: all2all queries
Avg queries: 1.019e+05, max queries on proc 205: 3302336
Inbalance factor: 3.241e+01x
TIMER	1.208e-01	9.115e-01	3.150e+01	6	bulk_query: local query
TIMER	1.070e+01	1.121e+01	1.192e+01	6	bulk_query: all2all query results
TIMER	1.260e+02	1.263e+02	1.268e+02	7	resolve_next_lcp: bulk_rmq
TIMER	1.062e+00	1.321e+00	2.198e+00	7	resolve_next_lcp: set LCP
TIMER	1.306e+02	1.306e+02	1.306e+02	7	LCP update
unresolved = 21253898, unfinished = 9155159
TIMER	3.146e+02	3.146e+02	3.159e+02	5	bucket-chaising iteration
TIMER	1.195e-01	1.443e-01	2.092e-01	6	bulk_query: get recv_counts
TIMER	7.766e+00	8.231e+00	8.770e+00	6	bulk_query: all2all queries
Avg queries: 5.535e+04, max queries on proc 205: 2117007
Inbalance factor: 3.825e+01x
TIMER	6.851e-02	4.529e-01	1.602e+01	6	bulk_query: local query
TIMER	6.336e+00	6.682e+00	7.075e+00	6	bulk_query: all2all query results
TIMER	1.123e+02	1.124e+02	1.125e+02	7	resolve_next_lcp: bulk_rmq
TIMER	4.985e-01	6.353e-01	1.251e+00	7	resolve_next_lcp: set LCP
TIMER	1.140e+02	1.140e+02	1.140e+02	7	LCP update
unresolved = 12458753, unfinished = 5704526
TIMER	2.146e+02	2.146e+02	2.156e+02	5	bucket-chaising iteration
TIMER	9.714e-02	1.218e-01	1.529e-01	6	bulk_query: get recv_counts
TIMER	2.033e+00	4.596e+00	5.187e+00	6	bulk_query: all2all queries
Avg queries: 3.244e+04, max queries on proc 382: 1196893
Inbalance factor: 3.689e+01x
TIMER	7.249e-02	2.748e-01	9.117e+00	6	bulk_query: local query
TIMER	3.605e+00	3.786e+00	4.107e+00	6	bulk_query: all2all query results
TIMER	1.062e+02	1.062e+02	1.063e+02	7	resolve_next_lcp: bulk_rmq
TIMER	2.868e-01	3.608e-01	4.777e-01	7	resolve_next_lcp: set LCP
TIMER	1.070e+02	1.070e+02	1.070e+02	7	LCP update
unresolved = 7057961, unfinished = 3349572
TIMER	1.640e+02	1.640e+02	1.648e+02	5	bucket-chaising iteration
TIMER	9.330e-02	1.142e-01	1.404e-01	6	bulk_query: get recv_counts
TIMER	1.464e+00	2.470e+00	3.431e+00	6	bulk_query: all2all queries
Avg queries: 1.838e+04, max queries on proc 382: 796743
Inbalance factor: 4.335e+01x
TIMER	7.004e-02	1.758e-01	5.557e+00	6	bulk_query: local query
TIMER	1.750e+00	1.963e+00	2.283e+00	6	bulk_query: all2all query results
TIMER	1.046e+02	1.047e+02	1.047e+02	7	resolve_next_lcp: bulk_rmq
TIMER	1.434e-01	1.997e-01	3.171e-01	7	resolve_next_lcp: set LCP
TIMER	1.071e+02	1.071e+02	1.072e+02	7	LCP update
unresolved = 3830919, unfinished = 1858430
TIMER	1.434e+02	1.434e+02	1.434e+02	5	bucket-chaising iteration
TIMER	9.038e-02	1.135e-01	1.418e-01	6	bulk_query: get recv_counts
TIMER	8.809e-01	1.399e+00	2.209e+00	6	bulk_query: all2all queries
Avg queries: 9.976e+03, max queries on proc 383: 514056
Inbalance factor: 5.153e+01x
TIMER	7.243e-02	1.290e-01	3.229e+00	6	bulk_query: local query
TIMER	1.050e+00	1.191e+00	1.365e+00	6	bulk_query: all2all query results
TIMER	1.039e+02	1.040e+02	1.040e+02	7	resolve_next_lcp: bulk_rmq
TIMER	7.524e-02	1.165e-01	3.275e-01	7	resolve_next_lcp: set LCP
TIMER	1.045e+02	1.045e+02	1.045e+02	7	LCP update
unresolved = 1897267, unfinished = 927479
TIMER	1.276e+02	1.276e+02	1.276e+02	5	bucket-chaising iteration
TIMER	8.674e-02	1.060e-01	1.334e-01	6	bulk_query: get recv_counts
TIMER	5.169e-01	8.800e-01	1.491e+00	6	bulk_query: all2all queries
Avg queries: 4.941e+03, max queries on proc 383: 333922
Inbalance factor: 6.758e+01x
TIMER	9.705e-02	1.237e-01	1.650e+00	6	bulk_query: local query
TIMER	5.991e-01	6.658e-01	7.657e-01	6	bulk_query: all2all query results
TIMER	1.034e+02	1.034e+02	1.034e+02	7	resolve_next_lcp: bulk_rmq
TIMER	3.336e-02	5.688e-02	1.542e-01	7	resolve_next_lcp: set LCP
TIMER	1.038e+02	1.038e+02	1.038e+02	7	LCP update
unresolved = 887691, unfinished = 430529
TIMER	1.156e+02	1.156e+02	1.156e+02	5	bucket-chaising iteration
TIMER	8.272e-02	1.086e-01	1.351e-01	6	bulk_query: get recv_counts
TIMER	3.347e-01	5.666e-01	9.525e-01	6	bulk_query: all2all queries
Avg queries: 2.312e+03, max queries on proc 383: 205310
Inbalance factor: 8.881e+01x
TIMER	6.964e-02	8.126e-02	8.905e-01	6	bulk_query: local query
TIMER	3.293e-01	4.129e-01	4.910e-01	6	bulk_query: all2all query results
TIMER	1.044e+02	1.044e+02	1.045e+02	7	resolve_next_lcp: bulk_rmq
TIMER	1.943e-02	3.247e-02	2.561e-01	7	resolve_next_lcp: set LCP
TIMER	1.050e+02	1.050e+02	1.051e+02	7	LCP update
unresolved = 397767, unfinished = 190943
TIMER	1.123e+02	1.123e+02	1.124e+02	5	bucket-chaising iteration
TIMER	7.362e-02	1.142e-01	1.474e-01	6	bulk_query: get recv_counts
TIMER	1.893e-01	4.081e-01	6.945e-01	6	bulk_query: all2all queries
Avg queries: 1.036e+03, max queries on proc 383: 113284
Inbalance factor: 1.094e+02x
TIMER	1.015e-01	1.118e-01	5.573e-01	6	bulk_query: local query
TIMER	2.588e-01	4.216e-01	5.183e-01	6	bulk_query: all2all query results
TIMER	1.018e+02	1.019e+02	1.019e+02	7	resolve_next_lcp: bulk_rmq
TIMER	1.154e-02	1.998e-02	1.876e-01	7	resolve_next_lcp: set LCP
TIMER	1.028e+02	1.028e+02	1.028e+02	7	LCP update
unresolved = 91070, unfinished = 45535
TIMER	1.083e+02	1.084e+02	1.084e+02	5	bucket-chaising iteration
TIMER	8.656e-02	1.182e-01	1.804e-01	6	bulk_query: get recv_counts
TIMER	1.753e-01	2.878e-01	4.896e-01	6	bulk_query: all2all queries
Avg queries: 2.372e+02, max queries on proc 13: 49248
Inbalance factor: 2.077e+02x
TIMER	6.324e-02	6.737e-02	2.268e-01	6	bulk_query: local query
TIMER	1.323e-01	2.016e-01	2.539e-01	6	bulk_query: all2all query results
TIMER	1.033e+02	1.042e+02	1.056e+02	7	resolve_next_lcp: bulk_rmq
TIMER	3.138e-03	7.660e-03	7.474e-02	7	resolve_next_lcp: set LCP
TIMER	1.059e+02	1.059e+02	1.059e+02	7	LCP update
unresolved = 0, unfinished = 0
TIMER	1.091e+02	1.091e+02	1.091e+02	5	bucket-chaising iteration
TIMER	3.296e+03	3.296e+03	3.296e+03	4	construct-msgs
TIMER	2.838e+01	3.090e+01	3.338e+01	4	fix-isa
TIMER	8.915e+03	8.916e+03	8.917e+03	2	desa_construct: SA/LCP construct
TIMER	1.781e+02	1.783e+02	1.784e+02	2	desa_construct: TLI construct
TIMER	8.372e-02	9.289e-02	1.283e-01	3	repartition: 1D-partition
TIMER	1.245e+00	1.247e+00	1.252e+00	2	desa_construct: 1-D partition
TIMER	2.582e+02	2.583e+02	2.592e+02	3	repartition: redistribute
TIMER	2.593e+02	2.593e+02	2.606e+02	2	desa_construct: repartition
TIMER	9.406e+01	9.626e+01	9.880e+01	2	desa_construct: RMQ construct
TIMER	1.123e-01	1.330e-01	1.601e-01	3	bulk_query: get recv_counts
TIMER	3.065e+02	3.100e+02	3.123e+02	3	bulk_query: all2all queries
Avg queries: 7.460e+06, max queries on proc 205: 7460730
Inbalance factor: 1.000e+00x
TIMER	9.698e+01	1.142e+02	1.284e+02	3	bulk_query: local query
TIMER	3.785e+01	3.976e+01	4.083e+01	3	bulk_query: all2all query results
TIMER	8.473e+02	8.504e+02	8.595e+02	2	desa_construct: Lc naive construct
TIMER	1.033e+04	1.033e+04	1.033e+04	1	construct idx
