== Node distribution == 
== p=96 processes on 2 nodes ==
--  Node: 'c478-072.stampede2.tacc.utexas.edu' (48/96)
        Ranks: 0, 1, 2, 3, 4, 5, 6, 7, 8, 9, 10, 11, 12, 13, 14, 15, 16, 17, 18, 19, 20, 21, 22, 23, 24, 25, 26, 27, 28, 29, 30, 31, 32, 33, 34, 35, 36, 37, 38, 39, 40, 41, 42, 43, 44, 45, 46, 47
--  Node: 'c498-094.stampede2.tacc.utexas.edu' (48/96)
        Ranks: 48, 49, 50, 51, 52, 53, 54, 55, 56, 57, 58, 59, 60, 61, 62, 63, 64, 65, 66, 67, 68, 69, 70, 71, 72, 73, 74, 75, 76, 77, 78, 79, 80, 81, 82, 83, 84, 85, 86, 87, 88, 89, 90, 91, 92, 93, 94, 95
TIMER	1.283e+02	1.539e+02	1.592e+02	1	read input file
TIMER	2.616e+01	2.616e+01	2.616e+01	2	desa_construct: cpy str
Alphabet: {sigma=4, l=3, A=[A, C, G, T]}
TIMER	2.598e+01	2.599e+01	2.603e+01	3	get alphabet
TIMER	3.049e+02	3.163e+02	3.294e+02	4	kmer-gen
TIMER	3.432e+02	3.487e+02	3.609e+02	5	shift-buckets
TIMER	1.250e+04	1.252e+04	1.255e+04	5	ISA-to-SA
TIMER	5.535e+02	5.650e+02	5.870e+02	5	init-lcp
iteration 21: unfinished buckets = 51313051, unfinished elements = 252565175
TIMER	2.929e+02	2.961e+02	2.998e+02	5	rebucket
TIMER	4.491e+03	4.586e+03	4.647e+03	5	SA-to-ISA
TIMER	1.844e+04	1.844e+04	1.844e+04	5	sac-iteration
Starting Bucket chasing algorithm
unresolved = 252565180, unfinished = 51313051
TIMER	1.189e+02	1.217e+02	1.218e+02	5	get active elements
TIMER	5.465e-02	7.162e-02	9.312e-02	6	bulk_query: get recv_counts
TIMER	8.365e+01	8.791e+01	8.975e+01	6	bulk_query: all2all queries
Avg queries: 2.631e+06, max queries on proc 51: 10370837
Inbalance factor: 3.942e+00x
TIMER	4.284e+01	6.433e+01	1.689e+02	6	bulk_query: local query
TIMER	6.241e+01	6.626e+01	7.073e+01	6	bulk_query: all2all query results
TIMER	1.213e+03	1.238e+03	1.273e+03	7	resolve_next_lcp: bulk_rmq
TIMER	2.218e+01	3.010e+01	3.638e+01	7	resolve_next_lcp: set LCP
TIMER	1.310e+03	1.310e+03	1.310e+03	7	LCP update
unresolved = 83264472, unfinished = 25014138
TIMER	3.008e+03	3.009e+03	3.009e+03	5	bucket-chaising iteration
TIMER	5.017e-02	5.786e-02	7.167e-02	6	bulk_query: get recv_counts
TIMER	3.217e+01	3.523e+01	3.825e+01	6	bulk_query: all2all queries
Avg queries: 8.673e+05, max queries on proc 51: 7565031
Inbalance factor: 8.722e+00x
TIMER	6.136e+00	1.538e+01	9.545e+01	6	bulk_query: local query
TIMER	1.792e+01	2.216e+01	2.352e+01	6	bulk_query: all2all query results
TIMER	5.723e+02	5.778e+02	5.838e+02	7	resolve_next_lcp: bulk_rmq
TIMER	9.986e+00	1.155e+01	1.291e+01	7	resolve_next_lcp: set LCP
TIMER	5.969e+02	5.969e+02	5.969e+02	7	LCP update
unresolved = 39125110, unfinished = 14728266
TIMER	1.265e+03	1.266e+03	1.272e+03	5	bucket-chaising iteration
TIMER	4.710e-02	5.380e-02	6.299e-02	6	bulk_query: get recv_counts
TIMER	2.283e+01	2.425e+01	2.559e+01	6	bulk_query: all2all queries
Avg queries: 4.076e+05, max queries on proc 51: 5381275
Inbalance factor: 1.320e+01x
TIMER	1.041e+00	4.978e+00	5.931e+01	6	bulk_query: local query
TIMER	1.153e+01	1.357e+01	1.471e+01	6	bulk_query: all2all query results
TIMER	4.572e+02	4.578e+02	4.586e+02	7	resolve_next_lcp: bulk_rmq
TIMER	5.150e+00	5.792e+00	6.601e+00	7	resolve_next_lcp: set LCP
TIMER	4.654e+02	4.654e+02	4.654e+02	7	LCP update
unresolved = 21253898, unfinished = 9155159
TIMER	8.326e+02	8.344e+02	8.405e+02	5	bucket-chaising iteration
TIMER	3.686e-02	3.967e-01	4.067e-01	6	bulk_query: get recv_counts
TIMER	1.443e+01	1.540e+01	1.630e+01	6	bulk_query: all2all queries
Avg queries: 2.214e+05, max queries on proc 51: 3387786
Inbalance factor: 1.530e+01x
TIMER	1.394e-01	2.112e+00	3.491e+01	6	bulk_query: local query
TIMER	7.412e+00	8.867e+00	9.500e+00	6	bulk_query: all2all query results
TIMER	4.210e+02	4.213e+02	4.243e+02	7	resolve_next_lcp: bulk_rmq
TIMER	2.918e+00	3.236e+00	3.562e+00	7	resolve_next_lcp: set LCP
TIMER	4.280e+02	4.280e+02	4.280e+02	7	LCP update
unresolved = 12458753, unfinished = 5704526
TIMER	6.396e+02	6.404e+02	6.464e+02	5	bucket-chaising iteration
TIMER	4.702e-02	5.655e-02	7.472e-02	6	bulk_query: get recv_counts
TIMER	1.052e+01	1.087e+01	1.205e+01	6	bulk_query: all2all queries
Avg queries: 1.298e+05, max queries on proc 95: 2369254
Inbalance factor: 1.826e+01x
TIMER	5.881e-02	1.095e+00	2.174e+01	6	bulk_query: local query
TIMER	5.132e+00	5.554e+00	5.895e+00	6	bulk_query: all2all query results
TIMER	4.116e+02	4.119e+02	4.160e+02	7	resolve_next_lcp: bulk_rmq
TIMER	1.759e+00	1.945e+00	2.165e+00	7	resolve_next_lcp: set LCP
TIMER	4.183e+02	4.183e+02	4.183e+02	7	LCP update
unresolved = 7057961, unfinished = 3349572
TIMER	5.506e+02	5.507e+02	5.537e+02	5	bucket-chaising iteration
TIMER	3.866e-02	5.188e-02	7.749e-02	6	bulk_query: get recv_counts
TIMER	6.730e+00	8.089e+00	8.983e+00	6	bulk_query: all2all queries
Avg queries: 7.352e+04, max queries on proc 95: 1565624
Inbalance factor: 2.130e+01x
TIMER	4.321e-02	5.536e-01	1.361e+01	6	bulk_query: local query
TIMER	2.515e+00	2.954e+00	3.315e+00	6	bulk_query: all2all query results
TIMER	4.107e+02	4.110e+02	4.155e+02	7	resolve_next_lcp: bulk_rmq
TIMER	9.089e-01	1.038e+00	1.199e+00	7	resolve_next_lcp: set LCP
TIMER	4.169e+02	4.169e+02	4.169e+02	7	LCP update
unresolved = 3830919, unfinished = 1858430
TIMER	4.966e+02	4.967e+02	4.993e+02	5	bucket-chaising iteration
TIMER	4.347e-02	5.172e-02	7.399e-02	6	bulk_query: get recv_counts
TIMER	4.662e+00	5.827e+00	6.464e+00	6	bulk_query: all2all queries
Avg queries: 3.991e+04, max queries on proc 95: 948434
Inbalance factor: 2.377e+01x
TIMER	4.482e-02	2.851e-01	7.890e+00	6	bulk_query: local query
TIMER	1.102e+00	1.345e+00	1.537e+00	6	bulk_query: all2all query results
TIMER	4.039e+02	4.041e+02	4.077e+02	7	resolve_next_lcp: bulk_rmq
TIMER	4.639e-01	5.520e-01	6.617e-01	7	resolve_next_lcp: set LCP
TIMER	4.085e+02	4.085e+02	4.085e+02	7	LCP update
unresolved = 1897267, unfinished = 927479
TIMER	4.537e+02	4.537e+02	4.556e+02	5	bucket-chaising iteration
TIMER	3.916e-02	4.730e-02	6.485e-02	6	bulk_query: get recv_counts
TIMER	1.964e+00	2.733e+00	3.835e+00	6	bulk_query: all2all queries
Avg queries: 1.976e+04, max queries on proc 95: 447515
Inbalance factor: 2.264e+01x
TIMER	3.893e-02	1.350e-01	3.095e+00	6	bulk_query: local query
TIMER	4.123e-01	5.959e-01	7.792e-01	6	bulk_query: all2all query results
TIMER	4.032e+02	4.034e+02	4.069e+02	7	resolve_next_lcp: bulk_rmq
TIMER	2.042e-01	2.565e-01	4.070e-01	7	resolve_next_lcp: set LCP
TIMER	4.082e+02	4.082e+02	4.082e+02	7	LCP update
unresolved = 887691, unfinished = 430529
TIMER	4.302e+02	4.302e+02	4.302e+02	5	bucket-chaising iteration
TIMER	3.563e-02	4.961e-02	6.088e-02	6	bulk_query: get recv_counts
TIMER	5.350e-01	8.062e-01	9.971e-01	6	bulk_query: all2all queries
Avg queries: 9.247e+03, max queries on proc 95: 206909
Inbalance factor: 2.238e+01x
TIMER	3.898e-02	7.573e-02	9.050e-01	6	bulk_query: local query
TIMER	2.803e-01	3.570e-01	4.313e-01	6	bulk_query: all2all query results
TIMER	4.027e+02	4.029e+02	4.064e+02	7	resolve_next_lcp: bulk_rmq
TIMER	8.883e-02	1.118e-01	2.126e-01	7	resolve_next_lcp: set LCP
TIMER	4.067e+02	4.067e+02	4.067e+02	7	LCP update
unresolved = 397767, unfinished = 190943
TIMER	4.170e+02	4.170e+02	4.170e+02	5	bucket-chaising iteration
TIMER	4.123e-02	5.033e-02	6.601e-02	6	bulk_query: get recv_counts
TIMER	1.776e-01	2.301e-01	3.398e-01	6	bulk_query: all2all queries
Avg queries: 4.143e+03, max queries on proc 95: 113284
Inbalance factor: 2.734e+01x
TIMER	4.056e-02	5.655e-02	4.285e-01	6	bulk_query: local query
TIMER	1.250e-01	1.768e-01	2.259e-01	6	bulk_query: all2all query results
TIMER	4.026e+02	4.028e+02	4.062e+02	7	resolve_next_lcp: bulk_rmq
TIMER	5.170e-02	6.839e-02	1.749e-01	7	resolve_next_lcp: set LCP
TIMER	4.065e+02	4.065e+02	4.065e+02	7	LCP update
unresolved = 91070, unfinished = 45535
TIMER	4.108e+02	4.109e+02	4.132e+02	5	bucket-chaising iteration
TIMER	4.006e-02	5.840e-02	8.712e-02	6	bulk_query: get recv_counts
TIMER	8.034e-02	1.117e-01	1.897e-01	6	bulk_query: all2all queries
Avg queries: 9.486e+02, max queries on proc 3: 49248
Inbalance factor: 5.191e+01x
TIMER	4.596e-02	5.188e-02	2.068e-01	6	bulk_query: local query
TIMER	4.204e-02	7.630e-02	1.111e-01	6	bulk_query: all2all query results
TIMER	4.021e+02	4.023e+02	4.057e+02	7	resolve_next_lcp: bulk_rmq
TIMER	1.178e-02	2.160e-02	5.810e-02	7	resolve_next_lcp: set LCP
TIMER	4.059e+02	4.059e+02	4.059e+02	7	LCP update
unresolved = 0, unfinished = 0
TIMER	4.079e+02	4.079e+02	4.079e+02	5	bucket-chaising iteration
TIMER	9.076e+03	9.076e+03	9.076e+03	4	construct-msgs
TIMER	1.179e+02	1.259e+02	1.314e+02	4	fix-isa
TIMER	2.801e+04	2.801e+04	2.801e+04	2	desa_construct: SA/LCP construct
TIMER	6.320e+02	6.321e+02	6.321e+02	2	desa_construct: TLI construct
TIMER	1.669e-02	1.882e-02	2.872e-02	3	repartition: 1D-partition
TIMER	2.569e-01	2.582e-01	2.629e-01	2	desa_construct: 1-D partition
TIMER	9.776e+02	9.788e+02	9.792e+02	3	repartition: redistribute
TIMER	9.793e+02	9.793e+02	9.796e+02	2	desa_construct: repartition
TIMER	3.846e+02	3.932e+02	3.987e+02	2	desa_construct: RMQ construct
TIMER	5.734e-02	7.035e-02	9.807e-02	3	bulk_query: get recv_counts
TIMER	6.802e+02	7.260e+02	7.606e+02	3	bulk_query: all2all queries
Avg queries: 2.984e+07, max queries on proc 71: 29841642
Inbalance factor: 1.000e+00x
TIMER	5.255e+02	5.616e+02	5.817e+02	3	bulk_query: local query
TIMER	8.714e+01	9.203e+01	9.389e+01	3	bulk_query: all2all query results
TIMER	2.969e+03	2.987e+03	3.009e+03	2	desa_construct: Lc naive construct
TIMER	3.306e+04	3.306e+04	3.306e+04	1	construct idx
