== Node distribution == 
== p=192 processes on 4 nodes ==
--  Node: 'c478-072.stampede2.tacc.utexas.edu' (48/192)
        Ranks: 0, 1, 2, 3, 4, 5, 6, 7, 8, 9, 10, 11, 12, 13, 14, 15, 16, 17, 18, 19, 20, 21, 22, 23, 24, 25, 26, 27, 28, 29, 30, 31, 32, 33, 34, 35, 36, 37, 38, 39, 40, 41, 42, 43, 44, 45, 46, 47
--  Node: 'c498-094.stampede2.tacc.utexas.edu' (48/192)
        Ranks: 48, 49, 50, 51, 52, 53, 54, 55, 56, 57, 58, 59, 60, 61, 62, 63, 64, 65, 66, 67, 68, 69, 70, 71, 72, 73, 74, 75, 76, 77, 78, 79, 80, 81, 82, 83, 84, 85, 86, 87, 88, 89, 90, 91, 92, 93, 94, 95
--  Node: 'c498-102.stampede2.tacc.utexas.edu' (48/192)
        Ranks: 96, 97, 98, 99, 100, 101, 102, 103, 104, 105, 106, 107, 108, 109, 110, 111, 112, 113, 114, 115, 116, 117, 118, 119, 120, 121, 122, 123, 124, 125, 126, 127, 128, 129, 130, 131, 132, 133, 134, 135, 136, 137, 138, 139, 140, 141, 142, 143
--  Node: 'c504-064.stampede2.tacc.utexas.edu' (48/192)
        Ranks: 144, 145, 146, 147, 148, 149, 150, 151, 152, 153, 154, 155, 156, 157, 158, 159, 160, 161, 162, 163, 164, 165, 166, 167, 168, 169, 170, 171, 172, 173, 174, 175, 176, 177, 178, 179, 180, 181, 182, 183, 184, 185, 186, 187, 188, 189, 190, 191
TIMER	6.547e+01	2.917e+02	5.446e+02	1	read input file
TIMER	1.303e+01	1.304e+01	1.304e+01	2	desa_construct: cpy str
Alphabet: {sigma=4, l=3, A=[A, C, G, T]}
TIMER	1.332e+01	1.332e+01	1.336e+01	3	get alphabet
TIMER	1.521e+02	1.578e+02	1.654e+02	4	kmer-gen
TIMER	1.687e+02	1.766e+02	2.034e+02	5	shift-buckets
TIMER	6.872e+03	6.885e+03	6.908e+03	5	ISA-to-SA
TIMER	2.751e+02	2.831e+02	2.945e+02	5	init-lcp
iteration 21: unfinished buckets = 51313051, unfinished elements = 252565165
TIMER	1.465e+02	1.489e+02	1.511e+02	5	rebucket
TIMER	2.562e+03	2.599e+03	2.624e+03	5	SA-to-ISA
TIMER	1.018e+04	1.018e+04	1.018e+04	5	sac-iteration
Starting Bucket chasing algorithm
unresolved = 252565180, unfinished = 51313051
TIMER	7.942e+01	7.942e+01	7.946e+01	5	get active elements
TIMER	7.206e-02	8.998e-02	1.282e-01	6	bulk_query: get recv_counts
TIMER	5.991e+01	6.625e+01	6.955e+01	6	bulk_query: all2all queries
Avg queries: 1.315e+06, max queries on proc 102: 7318853
Inbalance factor: 5.564e+00x
TIMER	1.772e+01	2.969e+01	1.099e+02	6	bulk_query: local query
TIMER	5.069e+01	5.412e+01	5.598e+01	6	bulk_query: all2all query results
TIMER	7.522e+02	7.663e+02	7.978e+02	7	resolve_next_lcp: bulk_rmq
TIMER	1.011e+01	1.494e+01	2.042e+01	7	resolve_next_lcp: set LCP
TIMER	8.185e+02	8.185e+02	8.185e+02	7	LCP update
unresolved = 83264472, unfinished = 25014138
TIMER	1.896e+03	1.896e+03	1.897e+03	5	bucket-chaising iteration
TIMER	6.167e-02	8.017e-02	1.169e-01	6	bulk_query: get recv_counts
TIMER	4.002e+01	4.091e+01	4.197e+01	6	bulk_query: all2all queries
Avg queries: 4.337e+05, max queries on proc 102: 5585353
Inbalance factor: 1.288e+01x
TIMER	1.882e+00	6.315e+00	7.192e+01	6	bulk_query: local query
TIMER	3.019e+01	3.187e+01	3.282e+01	6	bulk_query: all2all query results
TIMER	3.079e+02	3.096e+02	3.126e+02	7	resolve_next_lcp: bulk_rmq
TIMER	4.691e+00	5.744e+00	6.845e+00	7	resolve_next_lcp: set LCP
TIMER	3.213e+02	3.213e+02	3.214e+02	7	LCP update
unresolved = 39125110, unfinished = 14728266
TIMER	7.796e+02	7.799e+02	7.832e+02	5	bucket-chaising iteration
TIMER	6.643e-02	8.579e-02	1.102e-01	6	bulk_query: get recv_counts
TIMER	1.619e+01	1.671e+01	1.761e+01	6	bulk_query: all2all queries
Avg queries: 2.038e+05, max queries on proc 102: 4113032
Inbalance factor: 2.018e+01x
TIMER	2.506e-01	2.081e+00	4.698e+01	6	bulk_query: local query
TIMER	1.424e+01	1.487e+01	1.541e+01	6	bulk_query: all2all query results
TIMER	2.453e+02	2.457e+02	2.465e+02	7	resolve_next_lcp: bulk_rmq
TIMER	2.399e+00	2.835e+00	3.448e+00	7	resolve_next_lcp: set LCP
TIMER	2.502e+02	2.502e+02	2.502e+02	7	LCP update
unresolved = 21253898, unfinished = 9155159
TIMER	5.203e+02	5.203e+02	5.226e+02	5	bucket-chaising iteration
TIMER	8.127e-02	9.899e-02	1.254e-01	6	bulk_query: get recv_counts
TIMER	9.839e+00	1.046e+01	1.183e+01	6	bulk_query: all2all queries
Avg queries: 1.107e+05, max queries on proc 191: 3062473
Inbalance factor: 2.767e+01x
TIMER	8.994e-02	9.708e-01	2.726e+01	6	bulk_query: local query
TIMER	8.345e+00	9.298e+00	9.631e+00	6	bulk_query: all2all query results
TIMER	2.125e+02	2.126e+02	2.128e+02	7	resolve_next_lcp: bulk_rmq
TIMER	1.272e+00	1.487e+00	1.730e+00	7	resolve_next_lcp: set LCP
TIMER	2.148e+02	2.148e+02	2.148e+02	7	LCP update
unresolved = 12458753, unfinished = 5704526
TIMER	3.696e+02	3.696e+02	3.697e+02	5	bucket-chaising iteration
TIMER	6.726e-02	8.112e-02	1.136e-01	6	bulk_query: get recv_counts
TIMER	7.893e+00	8.723e+00	9.583e+00	6	bulk_query: all2all queries
Avg queries: 6.489e+04, max queries on proc 191: 2232622
Inbalance factor: 3.441e+01x
TIMER	5.733e-02	5.062e-01	1.720e+01	6	bulk_query: local query
TIMER	4.488e+00	4.761e+00	5.136e+00	6	bulk_query: all2all query results
TIMER	2.047e+02	2.048e+02	2.050e+02	7	resolve_next_lcp: bulk_rmq
TIMER	6.870e-01	8.232e-01	9.913e-01	7	resolve_next_lcp: set LCP
TIMER	2.062e+02	2.062e+02	2.062e+02	7	LCP update
unresolved = 7057961, unfinished = 3349572
TIMER	3.006e+02	3.006e+02	3.007e+02	5	bucket-chaising iteration
TIMER	6.162e-02	8.265e-02	1.156e-01	6	bulk_query: get recv_counts
TIMER	2.404e+00	4.361e+00	5.708e+00	6	bulk_query: all2all queries
Avg queries: 3.676e+04, max queries on proc 191: 1516559
Inbalance factor: 4.126e+01x
TIMER	5.373e-02	2.793e-01	1.105e+01	6	bulk_query: local query
TIMER	2.442e+00	2.634e+00	2.984e+00	6	bulk_query: all2all query results
TIMER	2.055e+02	2.055e+02	2.056e+02	7	resolve_next_lcp: bulk_rmq
TIMER	3.481e-01	4.407e-01	5.455e-01	7	resolve_next_lcp: set LCP
TIMER	2.064e+02	2.064e+02	2.064e+02	7	LCP update
unresolved = 3830919, unfinished = 1858430
TIMER	2.644e+02	2.644e+02	2.645e+02	5	bucket-chaising iteration
TIMER	5.842e-02	7.870e-02	1.039e-01	6	bulk_query: get recv_counts
TIMER	1.352e+00	2.396e+00	3.368e+00	6	bulk_query: all2all queries
Avg queries: 1.995e+04, max queries on proc 191: 932599
Inbalance factor: 4.674e+01x
TIMER	5.228e-02	1.582e-01	5.972e+00	6	bulk_query: local query
TIMER	1.275e+00	1.398e+00	1.644e+00	6	bulk_query: all2all query results
TIMER	2.009e+02	2.010e+02	2.010e+02	7	resolve_next_lcp: bulk_rmq
TIMER	1.840e-01	2.409e-01	3.404e-01	7	resolve_next_lcp: set LCP
TIMER	2.016e+02	2.016e+02	2.016e+02	7	LCP update
unresolved = 1897267, unfinished = 927479
TIMER	2.334e+02	2.334e+02	2.334e+02	5	bucket-chaising iteration
TIMER	5.335e-02	6.794e-02	8.678e-02	6	bulk_query: get recv_counts
TIMER	6.655e-01	1.123e+00	1.709e+00	6	bulk_query: all2all queries
Avg queries: 9.882e+03, max queries on proc 191: 444407
Inbalance factor: 4.497e+01x
TIMER	5.414e-02	1.165e-01	2.410e+00	6	bulk_query: local query
TIMER	5.711e-01	7.060e-01	9.191e-01	6	bulk_query: all2all query results
TIMER	2.049e+02	2.055e+02	2.062e+02	7	resolve_next_lcp: bulk_rmq
TIMER	7.953e-02	1.137e-01	1.710e-01	7	resolve_next_lcp: set LCP
TIMER	2.068e+02	2.068e+02	2.068e+02	7	LCP update
unresolved = 887691, unfinished = 430529
TIMER	2.224e+02	2.224e+02	2.224e+02	5	bucket-chaising iteration
TIMER	4.428e-02	8.820e-02	1.422e-01	6	bulk_query: get recv_counts
TIMER	3.466e-01	4.855e-01	7.173e-01	6	bulk_query: all2all queries
Avg queries: 4.623e+03, max queries on proc 191: 206909
Inbalance factor: 4.475e+01x
TIMER	8.225e-02	1.152e-01	8.961e-01	6	bulk_query: local query
TIMER	3.066e-01	3.613e-01	4.290e-01	6	bulk_query: all2all query results
TIMER	1.997e+02	1.997e+02	1.997e+02	7	resolve_next_lcp: bulk_rmq
TIMER	4.006e-02	5.264e-02	7.742e-02	7	resolve_next_lcp: set LCP
TIMER	2.000e+02	2.000e+02	2.000e+02	7	LCP update
unresolved = 397767, unfinished = 190943
TIMER	2.075e+02	2.076e+02	2.076e+02	5	bucket-chaising iteration
TIMER	4.946e-02	6.973e-02	1.062e-01	6	bulk_query: get recv_counts
TIMER	2.011e-01	2.911e-01	4.615e-01	6	bulk_query: all2all queries
Avg queries: 2.072e+03, max queries on proc 191: 113284
Inbalance factor: 5.468e+01x
TIMER	5.399e-02	6.411e-02	4.335e-01	6	bulk_query: local query
TIMER	1.589e-01	2.295e-01	2.708e-01	6	bulk_query: all2all query results
TIMER	1.998e+02	1.998e+02	1.998e+02	7	resolve_next_lcp: bulk_rmq
TIMER	2.582e-02	3.198e-02	3.895e-02	7	resolve_next_lcp: set LCP
TIMER	2.000e+02	2.000e+02	2.000e+02	7	LCP update
unresolved = 91070, unfinished = 45535
TIMER	2.041e+02	2.041e+02	2.041e+02	5	bucket-chaising iteration
TIMER	4.508e-02	7.255e-02	1.006e-01	6	bulk_query: get recv_counts
TIMER	1.078e-01	1.775e-01	2.949e-01	6	bulk_query: all2all queries
Avg queries: 4.743e+02, max queries on proc 6: 49248
Inbalance factor: 1.038e+02x
TIMER	5.911e-02	6.522e-02	2.489e-01	6	bulk_query: local query
TIMER	7.729e-02	1.086e-01	1.631e-01	6	bulk_query: all2all query results
TIMER	2.004e+02	2.004e+02	2.004e+02	7	resolve_next_lcp: bulk_rmq
TIMER	4.773e-03	1.076e-02	2.221e-02	7	resolve_next_lcp: set LCP
TIMER	2.006e+02	2.006e+02	2.006e+02	7	LCP update
unresolved = 0, unfinished = 0
TIMER	2.030e+02	2.030e+02	2.030e+02	5	bucket-chaising iteration
TIMER	5.295e+03	5.295e+03	5.295e+03	4	construct-msgs
TIMER	5.795e+01	6.288e+01	6.782e+01	4	fix-isa
TIMER	1.573e+04	1.573e+04	1.573e+04	2	desa_construct: SA/LCP construct
TIMER	3.265e+02	3.266e+02	3.267e+02	2	desa_construct: TLI construct
TIMER	3.162e-02	3.639e-02	6.418e-02	3	repartition: 1D-partition
TIMER	3.913e-01	3.926e-01	3.961e-01	2	desa_construct: 1-D partition
TIMER	4.965e+02	4.967e+02	4.970e+02	3	repartition: redistribute
TIMER	4.971e+02	4.971e+02	4.977e+02	2	desa_construct: repartition
TIMER	1.911e+02	1.948e+02	1.982e+02	2	desa_construct: RMQ construct
TIMER	6.251e-02	7.765e-02	1.030e-01	3	bulk_query: get recv_counts
TIMER	4.963e+02	5.094e+02	5.203e+02	3	bulk_query: all2all queries
Avg queries: 1.492e+07, max queries on proc 173: 14920893
Inbalance factor: 1.000e+00x
TIMER	2.312e+02	2.600e+02	2.738e+02	3	bulk_query: local query
TIMER	6.183e+01	6.407e+01	6.496e+01	3	bulk_query: all2all query results
TIMER	1.664e+03	1.676e+03	1.700e+03	2	desa_construct: Lc naive construct
TIMER	1.847e+04	1.847e+04	1.847e+04	1	construct idx
