== Node distribution == 
== p=192 processes on 4 nodes ==
--  Node: 'c476-134.stampede2.tacc.utexas.edu' (48/192)
        Ranks: 0, 1, 2, 3, 4, 5, 6, 7, 8, 9, 10, 11, 12, 13, 14, 15, 16, 17, 18, 19, 20, 21, 22, 23, 24, 25, 26, 27, 28, 29, 30, 31, 32, 33, 34, 35, 36, 37, 38, 39, 40, 41, 42, 43, 44, 45, 46, 47
--  Node: 'c477-003.stampede2.tacc.utexas.edu' (48/192)
        Ranks: 48, 49, 50, 51, 52, 53, 54, 55, 56, 57, 58, 59, 60, 61, 62, 63, 64, 65, 66, 67, 68, 69, 70, 71, 72, 73, 74, 75, 76, 77, 78, 79, 80, 81, 82, 83, 84, 85, 86, 87, 88, 89, 90, 91, 92, 93, 94, 95
--  Node: 'c477-004.stampede2.tacc.utexas.edu' (48/192)
        Ranks: 96, 97, 98, 99, 100, 101, 102, 103, 104, 105, 106, 107, 108, 109, 110, 111, 112, 113, 114, 115, 116, 117, 118, 119, 120, 121, 122, 123, 124, 125, 126, 127, 128, 129, 130, 131, 132, 133, 134, 135, 136, 137, 138, 139, 140, 141, 142, 143
--  Node: 'c477-012.stampede2.tacc.utexas.edu' (48/192)
        Ranks: 144, 145, 146, 147, 148, 149, 150, 151, 152, 153, 154, 155, 156, 157, 158, 159, 160, 161, 162, 163, 164, 165, 166, 167, 168, 169, 170, 171, 172, 173, 174, 175, 176, 177, 178, 179, 180, 181, 182, 183, 184, 185, 186, 187, 188, 189, 190, 191
TIMER	6.912e+01	2.888e+02	5.112e+02	1	read input file
TIMER	1.295e+01	1.296e+01	1.296e+01	2	desa_construct: cpy str
Alphabet: {sigma=4, l=3, A=[A, C, G, T]}
TIMER	1.326e+01	1.326e+01	1.330e+01	3	get alphabet
TIMER	1.510e+02	1.562e+02	1.648e+02	4	kmer-gen
TIMER	1.692e+02	1.766e+02	1.994e+02	5	shift-buckets
TIMER	6.887e+03	6.904e+03	6.918e+03	5	ISA-to-SA
TIMER	2.746e+02	2.834e+02	2.928e+02	5	init-lcp
iteration 21: unfinished buckets = 51313051, unfinished elements = 252565165
TIMER	1.468e+02	1.487e+02	1.512e+02	5	rebucket
TIMER	2.562e+03	2.600e+03	2.633e+03	5	SA-to-ISA
TIMER	1.020e+04	1.020e+04	1.020e+04	5	sac-iteration
Starting Bucket chasing algorithm
unresolved = 252565180, unfinished = 51313051
TIMER	6.462e+01	6.638e+01	6.641e+01	5	get active elements
TIMER	8.070e-02	1.605e+00	2.096e+00	6	bulk_query: get recv_counts
TIMER	6.180e+01	6.450e+01	6.682e+01	6	bulk_query: all2all queries
Avg queries: 1.315e+06, max queries on proc 102: 7318853
Inbalance factor: 5.564e+00x
TIMER	1.768e+01	2.958e+01	1.041e+02	6	bulk_query: local query
TIMER	5.784e+01	5.959e+01	6.072e+01	6	bulk_query: all2all query results
TIMER	7.502e+02	7.633e+02	7.940e+02	7	resolve_next_lcp: bulk_rmq
TIMER	1.037e+01	1.493e+01	2.072e+01	7	resolve_next_lcp: set LCP
TIMER	8.149e+02	8.149e+02	8.149e+02	7	LCP update
unresolved = 83264472, unfinished = 25014138
TIMER	1.885e+03	1.886e+03	1.886e+03	5	bucket-chaising iteration
TIMER	6.021e-02	2.043e-01	5.881e-01	6	bulk_query: get recv_counts
TIMER	3.865e+01	4.053e+01	4.193e+01	6	bulk_query: all2all queries
Avg queries: 4.337e+05, max queries on proc 102: 5585353
Inbalance factor: 1.288e+01x
TIMER	1.929e+00	6.226e+00	6.816e+01	6	bulk_query: local query
TIMER	3.033e+01	3.211e+01	3.305e+01	6	bulk_query: all2all query results
TIMER	3.076e+02	3.092e+02	3.121e+02	7	resolve_next_lcp: bulk_rmq
TIMER	4.758e+00	5.748e+00	6.880e+00	7	resolve_next_lcp: set LCP
TIMER	3.192e+02	3.192e+02	3.192e+02	7	LCP update
unresolved = 39125110, unfinished = 14728266
TIMER	7.642e+02	7.645e+02	7.676e+02	5	bucket-chaising iteration
TIMER	7.515e-02	1.321e-01	1.492e-01	6	bulk_query: get recv_counts
TIMER	2.421e+01	2.521e+01	2.592e+01	6	bulk_query: all2all queries
Avg queries: 2.038e+05, max queries on proc 102: 4113032
Inbalance factor: 2.018e+01x
TIMER	2.808e-01	2.075e+00	4.538e+01	6	bulk_query: local query
TIMER	1.474e+01	1.628e+01	1.689e+01	6	bulk_query: all2all query results
TIMER	2.426e+02	2.430e+02	2.438e+02	7	resolve_next_lcp: bulk_rmq
TIMER	2.476e+00	2.849e+00	5.457e+00	7	resolve_next_lcp: set LCP
TIMER	2.496e+02	2.496e+02	2.496e+02	7	LCP update
unresolved = 21253898, unfinished = 9155159
TIMER	5.252e+02	5.252e+02	5.272e+02	5	bucket-chaising iteration
TIMER	6.558e-02	8.302e-02	1.171e-01	6	bulk_query: get recv_counts
TIMER	1.454e+01	1.540e+01	1.672e+01	6	bulk_query: all2all queries
Avg queries: 1.107e+05, max queries on proc 191: 3062473
Inbalance factor: 2.767e+01x
TIMER	8.548e-02	9.741e-01	2.704e+01	6	bulk_query: local query
TIMER	8.929e+00	9.437e+00	9.982e+00	6	bulk_query: all2all query results
TIMER	2.124e+02	2.126e+02	2.128e+02	7	resolve_next_lcp: bulk_rmq
TIMER	1.300e+00	1.488e+00	1.729e+00	7	resolve_next_lcp: set LCP
TIMER	2.147e+02	2.147e+02	2.147e+02	7	LCP update
unresolved = 12458753, unfinished = 5704526
TIMER	3.743e+02	3.744e+02	3.769e+02	5	bucket-chaising iteration
TIMER	6.952e-02	9.234e-02	1.246e-01	6	bulk_query: get recv_counts
TIMER	1.115e+01	1.224e+01	1.338e+01	6	bulk_query: all2all queries
Avg queries: 6.489e+04, max queries on proc 191: 2232622
Inbalance factor: 3.441e+01x
TIMER	5.911e-02	5.086e-01	1.699e+01	6	bulk_query: local query
TIMER	5.063e+00	5.600e+00	6.090e+00	6	bulk_query: all2all query results
TIMER	2.071e+02	2.071e+02	2.073e+02	7	resolve_next_lcp: bulk_rmq
TIMER	6.887e-01	8.297e-01	1.002e+00	7	resolve_next_lcp: set LCP
TIMER	2.085e+02	2.085e+02	2.085e+02	7	LCP update
unresolved = 7057961, unfinished = 3349572
TIMER	3.128e+02	3.128e+02	3.128e+02	5	bucket-chaising iteration
TIMER	1.027e-01	2.501e-01	4.013e-01	6	bulk_query: get recv_counts
TIMER	2.228e+00	5.626e+00	7.402e+00	6	bulk_query: all2all queries
Avg queries: 3.676e+04, max queries on proc 191: 1516559
Inbalance factor: 4.126e+01x
TIMER	5.755e-02	2.807e-01	1.105e+01	6	bulk_query: local query
TIMER	2.424e+00	2.682e+00	3.394e+00	6	bulk_query: all2all query results
TIMER	2.050e+02	2.051e+02	2.052e+02	7	resolve_next_lcp: bulk_rmq
TIMER	3.571e-01	4.424e-01	5.681e-01	7	resolve_next_lcp: set LCP
TIMER	2.059e+02	2.059e+02	2.059e+02	7	LCP update
unresolved = 3830919, unfinished = 1858430
TIMER	2.701e+02	2.701e+02	2.701e+02	5	bucket-chaising iteration
TIMER	5.167e-02	6.874e-02	1.034e-01	6	bulk_query: get recv_counts
TIMER	1.502e+00	2.369e+00	3.439e+00	6	bulk_query: all2all queries
Avg queries: 1.995e+04, max queries on proc 191: 932599
Inbalance factor: 4.674e+01x
TIMER	5.615e-02	1.609e-01	6.061e+00	6	bulk_query: local query
TIMER	1.311e+00	1.440e+00	1.702e+00	6	bulk_query: all2all query results
TIMER	2.013e+02	2.014e+02	2.014e+02	7	resolve_next_lcp: bulk_rmq
TIMER	1.867e-01	2.414e-01	3.150e-01	7	resolve_next_lcp: set LCP
TIMER	2.019e+02	2.019e+02	2.019e+02	7	LCP update
unresolved = 1897267, unfinished = 927479
TIMER	2.393e+02	2.393e+02	2.394e+02	5	bucket-chaising iteration
TIMER	5.637e-02	6.851e-02	9.681e-02	6	bulk_query: get recv_counts
TIMER	6.685e-01	1.117e+00	1.688e+00	6	bulk_query: all2all queries
Avg queries: 9.882e+03, max queries on proc 191: 444407
Inbalance factor: 4.497e+01x
TIMER	5.094e-02	9.785e-02	2.343e+00	6	bulk_query: local query
TIMER	5.963e-01	7.595e-01	9.893e-01	6	bulk_query: all2all query results
TIMER	2.004e+02	2.004e+02	2.005e+02	7	resolve_next_lcp: bulk_rmq
TIMER	7.790e-02	1.128e-01	1.749e-01	7	resolve_next_lcp: set LCP
TIMER	2.008e+02	2.008e+02	2.008e+02	7	LCP update
unresolved = 887691, unfinished = 430529
TIMER	2.163e+02	2.163e+02	2.163e+02	5	bucket-chaising iteration
TIMER	5.030e-02	8.624e-02	1.192e-01	6	bulk_query: get recv_counts
TIMER	3.297e-01	4.724e-01	6.893e-01	6	bulk_query: all2all queries
Avg queries: 4.623e+03, max queries on proc 191: 206909
Inbalance factor: 4.475e+01x
TIMER	5.477e-02	7.455e-02	9.375e-01	6	bulk_query: local query
TIMER	3.049e-01	3.598e-01	4.249e-01	6	bulk_query: all2all query results
TIMER	2.002e+02	2.002e+02	2.003e+02	7	resolve_next_lcp: bulk_rmq
TIMER	3.890e-02	5.261e-02	8.049e-02	7	resolve_next_lcp: set LCP
TIMER	2.005e+02	2.005e+02	2.005e+02	7	LCP update
unresolved = 397767, unfinished = 190943
TIMER	2.076e+02	2.076e+02	2.076e+02	5	bucket-chaising iteration
TIMER	5.051e-02	7.266e-02	1.007e-01	6	bulk_query: get recv_counts
TIMER	1.724e-01	2.709e-01	4.280e-01	6	bulk_query: all2all queries
Avg queries: 2.072e+03, max queries on proc 191: 113284
Inbalance factor: 5.468e+01x
TIMER	4.943e-02	6.048e-02	4.925e-01	6	bulk_query: local query
TIMER	1.517e-01	2.103e-01	2.648e-01	6	bulk_query: all2all query results
TIMER	2.007e+02	2.007e+02	2.008e+02	7	resolve_next_lcp: bulk_rmq
TIMER	2.646e-02	3.232e-02	3.869e-02	7	resolve_next_lcp: set LCP
TIMER	2.010e+02	2.010e+02	2.010e+02	7	LCP update
unresolved = 91070, unfinished = 45535
TIMER	2.050e+02	2.050e+02	2.050e+02	5	bucket-chaising iteration
TIMER	5.010e-02	5.773e-02	8.546e-02	6	bulk_query: get recv_counts
TIMER	9.766e-02	1.750e-01	2.824e-01	6	bulk_query: all2all queries
Avg queries: 4.743e+02, max queries on proc 6: 49248
Inbalance factor: 1.038e+02x
TIMER	4.934e-02	5.378e-02	2.211e-01	6	bulk_query: local query
TIMER	7.495e-02	1.053e-01	1.492e-01	6	bulk_query: all2all query results
TIMER	2.080e+02	2.080e+02	2.080e+02	7	resolve_next_lcp: bulk_rmq
TIMER	6.539e-03	1.107e-02	6.001e-02	7	resolve_next_lcp: set LCP
TIMER	2.082e+02	2.082e+02	2.082e+02	7	LCP update
unresolved = 0, unfinished = 0
TIMER	2.105e+02	2.105e+02	2.105e+02	5	bucket-chaising iteration
TIMER	5.294e+03	5.294e+03	5.294e+03	4	construct-msgs
TIMER	5.812e+01	6.248e+01	6.647e+01	4	fix-isa
TIMER	1.574e+04	1.574e+04	1.574e+04	2	desa_construct: SA/LCP construct
TIMER	3.170e+02	3.170e+02	3.171e+02	2	desa_construct: TLI construct
TIMER	3.197e-02	3.638e-02	6.363e-02	3	repartition: 1D-partition
TIMER	3.892e-01	3.902e-01	3.942e-01	2	desa_construct: 1-D partition
TIMER	4.969e+02	4.971e+02	4.973e+02	3	repartition: redistribute
TIMER	4.975e+02	4.975e+02	4.982e+02	2	desa_construct: repartition
TIMER	1.912e+02	1.948e+02	1.984e+02	2	desa_construct: RMQ construct
TIMER	7.814e-02	1.482e-01	2.328e-01	3	bulk_query: get recv_counts
TIMER	5.211e+02	5.350e+02	5.399e+02	3	bulk_query: all2all queries
Avg queries: 1.492e+07, max queries on proc 173: 14920893
Inbalance factor: 1.000e+00x
TIMER	2.347e+02	2.581e+02	2.723e+02	3	bulk_query: local query
TIMER	5.967e+01	6.094e+01	6.159e+01	3	bulk_query: all2all query results
TIMER	1.680e+03	1.692e+03	1.719e+03	2	desa_construct: Lc naive construct
TIMER	1.849e+04	1.849e+04	1.849e+04	1	construct idx
