== Node distribution == 
== p=96 processes on 2 nodes ==
--  Node: 'c478-072.stampede2.tacc.utexas.edu' (48/96)
        Ranks: 0, 1, 2, 3, 4, 5, 6, 7, 8, 9, 10, 11, 12, 13, 14, 15, 16, 17, 18, 19, 20, 21, 22, 23, 24, 25, 26, 27, 28, 29, 30, 31, 32, 33, 34, 35, 36, 37, 38, 39, 40, 41, 42, 43, 44, 45, 46, 47
--  Node: 'c498-094.stampede2.tacc.utexas.edu' (48/96)
        Ranks: 48, 49, 50, 51, 52, 53, 54, 55, 56, 57, 58, 59, 60, 61, 62, 63, 64, 65, 66, 67, 68, 69, 70, 71, 72, 73, 74, 75, 76, 77, 78, 79, 80, 81, 82, 83, 84, 85, 86, 87, 88, 89, 90, 91, 92, 93, 94, 95
TIMER	1.274e+02	1.559e+02	1.629e+02	1	read input file
TIMER	2.630e+01	2.630e+01	2.631e+01	2	desa_construct: cpy str
Alphabet: {sigma=4, l=3, A=[A, C, G, T]}
TIMER	2.594e+01	2.594e+01	2.597e+01	3	get alphabet
TIMER	3.036e+02	3.149e+02	3.274e+02	4	kmer-gen
TIMER	3.456e+02	3.492e+02	3.631e+02	5	shift-buckets
TIMER	1.240e+04	1.242e+04	1.244e+04	5	ISA-to-SA
TIMER	5.532e+02	5.644e+02	5.802e+02	5	init-lcp
iteration 21: unfinished buckets = 51313051, unfinished elements = 252565175
TIMER	2.913e+02	2.945e+02	2.976e+02	5	rebucket
TIMER	4.493e+03	4.587e+03	4.641e+03	5	SA-to-ISA
TIMER	1.833e+04	1.833e+04	1.833e+04	5	sac-iteration
Starting Bucket chasing algorithm
unresolved = 252565180, unfinished = 51313051
TIMER	1.198e+02	1.225e+02	1.226e+02	5	get active elements
TIMER	5.811e-02	7.041e-02	9.479e-02	6	bulk_query: get recv_counts
TIMER	7.918e+01	8.336e+01	8.615e+01	6	bulk_query: all2all queries
Avg queries: 2.631e+06, max queries on proc 51: 10370837
Inbalance factor: 3.942e+00x
TIMER	4.286e+01	6.428e+01	1.686e+02	6	bulk_query: local query
TIMER	6.481e+01	6.719e+01	6.919e+01	6	bulk_query: all2all query results
TIMER	1.212e+03	1.234e+03	1.269e+03	7	resolve_next_lcp: bulk_rmq
TIMER	2.279e+01	3.004e+01	3.644e+01	7	resolve_next_lcp: set LCP
TIMER	1.307e+03	1.307e+03	1.307e+03	7	LCP update
unresolved = 83264472, unfinished = 25014138
TIMER	3.009e+03	3.010e+03	3.012e+03	5	bucket-chaising iteration
TIMER	5.190e-02	6.157e-02	8.732e-02	6	bulk_query: get recv_counts
TIMER	3.243e+01	3.483e+01	3.830e+01	6	bulk_query: all2all queries
Avg queries: 8.673e+05, max queries on proc 51: 7565031
Inbalance factor: 8.722e+00x
TIMER	5.961e+00	1.521e+01	9.557e+01	6	bulk_query: local query
TIMER	1.868e+01	2.243e+01	2.391e+01	6	bulk_query: all2all query results
TIMER	5.371e+02	5.431e+02	5.495e+02	7	resolve_next_lcp: bulk_rmq
TIMER	1.004e+01	1.158e+01	1.283e+01	7	resolve_next_lcp: set LCP
TIMER	5.627e+02	5.627e+02	5.627e+02	7	LCP update
unresolved = 39125110, unfinished = 14728266
TIMER	1.206e+03	1.206e+03	1.212e+03	5	bucket-chaising iteration
TIMER	4.532e-02	5.223e-02	6.920e-02	6	bulk_query: get recv_counts
TIMER	2.329e+01	2.476e+01	2.608e+01	6	bulk_query: all2all queries
Avg queries: 4.076e+05, max queries on proc 51: 5381275
Inbalance factor: 1.320e+01x
TIMER	1.017e+00	5.003e+00	5.927e+01	6	bulk_query: local query
TIMER	1.228e+01	1.420e+01	1.490e+01	6	bulk_query: all2all query results
TIMER	4.551e+02	4.557e+02	4.566e+02	7	resolve_next_lcp: bulk_rmq
TIMER	5.214e+00	5.778e+00	6.384e+00	7	resolve_next_lcp: set LCP
TIMER	4.631e+02	4.631e+02	4.631e+02	7	LCP update
unresolved = 21253898, unfinished = 9155159
TIMER	8.321e+02	8.338e+02	8.395e+02	5	bucket-chaising iteration
TIMER	4.717e-02	5.596e-02	7.849e-02	6	bulk_query: get recv_counts
TIMER	1.464e+01	1.562e+01	1.652e+01	6	bulk_query: all2all queries
Avg queries: 2.214e+05, max queries on proc 51: 3387786
Inbalance factor: 1.530e+01x
TIMER	1.347e-01	2.085e+00	3.393e+01	6	bulk_query: local query
TIMER	7.537e+00	8.343e+00	9.172e+00	6	bulk_query: all2all query results
TIMER	4.203e+02	4.207e+02	4.233e+02	7	resolve_next_lcp: bulk_rmq
TIMER	2.937e+00	3.230e+00	3.866e+00	7	resolve_next_lcp: set LCP
TIMER	4.274e+02	4.274e+02	4.274e+02	7	LCP update
unresolved = 12458753, unfinished = 5704526
TIMER	6.391e+02	6.400e+02	6.460e+02	5	bucket-chaising iteration
TIMER	4.619e-02	5.246e-02	7.013e-02	6	bulk_query: get recv_counts
TIMER	1.084e+01	1.150e+01	1.214e+01	6	bulk_query: all2all queries
Avg queries: 1.298e+05, max queries on proc 95: 2369254
Inbalance factor: 1.826e+01x
TIMER	6.576e-02	1.090e+00	2.206e+01	6	bulk_query: local query
TIMER	5.624e+00	5.960e+00	6.216e+00	6	bulk_query: all2all query results
TIMER	4.131e+02	4.135e+02	4.174e+02	7	resolve_next_lcp: bulk_rmq
TIMER	1.744e+00	1.937e+00	2.161e+00	7	resolve_next_lcp: set LCP
TIMER	4.197e+02	4.198e+02	4.198e+02	7	LCP update
unresolved = 7057961, unfinished = 3349572
TIMER	5.511e+02	5.512e+02	5.536e+02	5	bucket-chaising iteration
TIMER	4.326e-02	5.334e-02	8.090e-02	6	bulk_query: get recv_counts
TIMER	6.322e+00	7.598e+00	8.376e+00	6	bulk_query: all2all queries
Avg queries: 7.352e+04, max queries on proc 95: 1565624
Inbalance factor: 2.130e+01x
TIMER	4.284e-02	5.594e-01	1.388e+01	6	bulk_query: local query
TIMER	2.818e+00	3.063e+00	3.404e+00	6	bulk_query: all2all query results
TIMER	4.090e+02	4.093e+02	4.128e+02	7	resolve_next_lcp: bulk_rmq
TIMER	8.884e-01	1.034e+00	1.195e+00	7	resolve_next_lcp: set LCP
TIMER	4.142e+02	4.142e+02	4.142e+02	7	LCP update
unresolved = 3830919, unfinished = 1858430
TIMER	4.943e+02	4.944e+02	4.969e+02	5	bucket-chaising iteration
TIMER	4.255e-02	5.256e-02	6.476e-02	6	bulk_query: get recv_counts
TIMER	4.616e+00	5.721e+00	6.337e+00	6	bulk_query: all2all queries
Avg queries: 3.991e+04, max queries on proc 95: 948434
Inbalance factor: 2.377e+01x
TIMER	4.104e-02	2.833e-01	7.908e+00	6	bulk_query: local query
TIMER	1.286e+00	1.552e+00	1.754e+00	6	bulk_query: all2all query results
TIMER	4.077e+02	4.079e+02	4.117e+02	7	resolve_next_lcp: bulk_rmq
TIMER	4.636e-01	5.501e-01	6.542e-01	7	resolve_next_lcp: set LCP
TIMER	4.126e+02	4.126e+02	4.126e+02	7	LCP update
unresolved = 1897267, unfinished = 927479
TIMER	4.578e+02	4.578e+02	4.598e+02	5	bucket-chaising iteration
TIMER	4.103e-02	4.998e-02	6.342e-02	6	bulk_query: get recv_counts
TIMER	1.902e+00	2.616e+00	3.615e+00	6	bulk_query: all2all queries
Avg queries: 1.976e+04, max queries on proc 95: 447515
Inbalance factor: 2.264e+01x
TIMER	4.506e-02	1.501e-01	3.945e+00	6	bulk_query: local query
TIMER	4.283e-01	6.011e-01	7.874e-01	6	bulk_query: all2all query results
TIMER	4.069e+02	4.072e+02	4.106e+02	7	resolve_next_lcp: bulk_rmq
TIMER	1.968e-01	2.547e-01	3.311e-01	7	resolve_next_lcp: set LCP
TIMER	4.111e+02	4.111e+02	4.111e+02	7	LCP update
unresolved = 887691, unfinished = 430529
TIMER	4.346e+02	4.346e+02	4.346e+02	5	bucket-chaising iteration
TIMER	3.783e-02	4.879e-02	6.302e-02	6	bulk_query: get recv_counts
TIMER	5.486e-01	7.938e-01	9.866e-01	6	bulk_query: all2all queries
Avg queries: 9.247e+03, max queries on proc 95: 206909
Inbalance factor: 2.238e+01x
TIMER	3.757e-02	7.700e-02	8.957e-01	6	bulk_query: local query
TIMER	2.566e-01	3.351e-01	4.119e-01	6	bulk_query: all2all query results
TIMER	4.055e+02	4.057e+02	4.091e+02	7	resolve_next_lcp: bulk_rmq
TIMER	8.686e-02	1.102e-01	1.575e-01	7	resolve_next_lcp: set LCP
TIMER	4.094e+02	4.094e+02	4.094e+02	7	LCP update
unresolved = 397767, unfinished = 190943
TIMER	4.183e+02	4.183e+02	4.183e+02	5	bucket-chaising iteration
TIMER	3.736e-02	4.579e-02	5.763e-02	6	bulk_query: get recv_counts
TIMER	1.927e-01	2.630e-01	4.027e-01	6	bulk_query: all2all queries
Avg queries: 4.143e+03, max queries on proc 95: 113284
Inbalance factor: 2.734e+01x
TIMER	3.796e-02	5.494e-02	4.446e-01	6	bulk_query: local query
TIMER	1.133e-01	1.711e-01	2.234e-01	6	bulk_query: all2all query results
TIMER	4.042e+02	4.044e+02	4.078e+02	7	resolve_next_lcp: bulk_rmq
TIMER	5.432e-02	6.456e-02	1.602e-01	7	resolve_next_lcp: set LCP
TIMER	4.081e+02	4.081e+02	4.081e+02	7	LCP update
unresolved = 91070, unfinished = 45535
TIMER	4.125e+02	4.125e+02	4.153e+02	5	bucket-chaising iteration
TIMER	3.880e-02	5.113e-02	7.764e-02	6	bulk_query: get recv_counts
TIMER	8.202e-02	1.125e-01	1.907e-01	6	bulk_query: all2all queries
Avg queries: 9.486e+02, max queries on proc 3: 49248
Inbalance factor: 5.191e+01x
TIMER	3.724e-02	4.306e-02	2.300e-01	6	bulk_query: local query
TIMER	4.254e-02	7.432e-02	1.076e-01	6	bulk_query: all2all query results
TIMER	4.045e+02	4.047e+02	4.081e+02	7	resolve_next_lcp: bulk_rmq
TIMER	1.131e-02	2.325e-02	7.287e-02	7	resolve_next_lcp: set LCP
TIMER	4.083e+02	4.083e+02	4.083e+02	7	LCP update
unresolved = 0, unfinished = 0
TIMER	4.104e+02	4.104e+02	4.104e+02	5	bucket-chaising iteration
TIMER	9.030e+03	9.030e+03	9.030e+03	4	construct-msgs
TIMER	1.202e+02	1.256e+02	1.308e+02	4	fix-isa
TIMER	2.785e+04	2.785e+04	2.785e+04	2	desa_construct: SA/LCP construct
TIMER	6.340e+02	6.340e+02	6.340e+02	2	desa_construct: TLI construct
TIMER	1.659e-02	2.246e-02	3.321e-02	3	repartition: 1D-partition
TIMER	2.620e-01	2.639e-01	2.684e-01	2	desa_construct: 1-D partition
TIMER	9.766e+02	9.779e+02	9.785e+02	3	repartition: redistribute
TIMER	9.786e+02	9.786e+02	9.790e+02	2	desa_construct: repartition
TIMER	3.846e+02	3.930e+02	4.020e+02	2	desa_construct: RMQ construct
TIMER	5.724e-02	6.520e-02	8.493e-02	3	bulk_query: get recv_counts
TIMER	6.863e+02	7.367e+02	7.584e+02	3	bulk_query: all2all queries
Avg queries: 2.984e+07, max queries on proc 71: 29841642
Inbalance factor: 1.000e+00x
TIMER	5.286e+02	5.635e+02	5.904e+02	3	bulk_query: local query
TIMER	9.121e+01	9.334e+01	9.426e+01	3	bulk_query: all2all query results
TIMER	2.971e+03	2.989e+03	3.041e+03	2	desa_construct: Lc naive construct
TIMER	3.294e+04	3.294e+04	3.294e+04	1	construct idx
