== Node distribution == 
== p=384 processes on 8 nodes ==
--  Node: 'c476-134.stampede2.tacc.utexas.edu' (48/384)
        Ranks: 0, 1, 2, 3, 4, 5, 6, 7, 8, 9, 10, 11, 12, 13, 14, 15, 16, 17, 18, 19, 20, 21, 22, 23, 24, 25, 26, 27, 28, 29, 30, 31, 32, 33, 34, 35, 36, 37, 38, 39, 40, 41, 42, 43, 44, 45, 46, 47
--  Node: 'c477-003.stampede2.tacc.utexas.edu' (48/384)
        Ranks: 48, 49, 50, 51, 52, 53, 54, 55, 56, 57, 58, 59, 60, 61, 62, 63, 64, 65, 66, 67, 68, 69, 70, 71, 72, 73, 74, 75, 76, 77, 78, 79, 80, 81, 82, 83, 84, 85, 86, 87, 88, 89, 90, 91, 92, 93, 94, 95
--  Node: 'c477-004.stampede2.tacc.utexas.edu' (48/384)
        Ranks: 96, 97, 98, 99, 100, 101, 102, 103, 104, 105, 106, 107, 108, 109, 110, 111, 112, 113, 114, 115, 116, 117, 118, 119, 120, 121, 122, 123, 124, 125, 126, 127, 128, 129, 130, 131, 132, 133, 134, 135, 136, 137, 138, 139, 140, 141, 142, 143
--  Node: 'c477-012.stampede2.tacc.utexas.edu' (48/384)
        Ranks: 144, 145, 146, 147, 148, 149, 150, 151, 152, 153, 154, 155, 156, 157, 158, 159, 160, 161, 162, 163, 164, 165, 166, 167, 168, 169, 170, 171, 172, 173, 174, 175, 176, 177, 178, 179, 180, 181, 182, 183, 184, 185, 186, 187, 188, 189, 190, 191
--  Node: 'c477-013.stampede2.tacc.utexas.edu' (48/384)
        Ranks: 192, 193, 194, 195, 196, 197, 198, 199, 200, 201, 202, 203, 204, 205, 206, 207, 208, 209, 210, 211, 212, 213, 214, 215, 216, 217, 218, 219, 220, 221, 222, 223, 224, 225, 226, 227, 228, 229, 230, 231, 232, 233, 234, 235, 236, 237, 238, 239
--  Node: 'c477-014.stampede2.tacc.utexas.edu' (48/384)
        Ranks: 240, 241, 242, 243, 244, 245, 246, 247, 248, 249, 250, 251, 252, 253, 254, 255, 256, 257, 258, 259, 260, 261, 262, 263, 264, 265, 266, 267, 268, 269, 270, 271, 272, 273, 274, 275, 276, 277, 278, 279, 280, 281, 282, 283, 284, 285, 286, 287
--  Node: 'c477-041.stampede2.tacc.utexas.edu' (48/384)
        Ranks: 288, 289, 290, 291, 292, 293, 294, 295, 296, 297, 298, 299, 300, 301, 302, 303, 304, 305, 306, 307, 308, 309, 310, 311, 312, 313, 314, 315, 316, 317, 318, 319, 320, 321, 322, 323, 324, 325, 326, 327, 328, 329, 330, 331, 332, 333, 334, 335
--  Node: 'c477-051.stampede2.tacc.utexas.edu' (48/384)
        Ranks: 336, 337, 338, 339, 340, 341, 342, 343, 344, 345, 346, 347, 348, 349, 350, 351, 352, 353, 354, 355, 356, 357, 358, 359, 360, 361, 362, 363, 364, 365, 366, 367, 368, 369, 370, 371, 372, 373, 374, 375, 376, 377, 378, 379, 380, 381, 382, 383
TIMER	3.542e+01	5.100e+01	8.418e+01	1	read input file
TIMER	6.893e+00	6.897e+00	6.902e+00	2	desa_construct: cpy str
Alphabet: {sigma=4, l=3, A=[A, C, G, T]}
TIMER	7.011e+00	7.014e+00	7.049e+00	3	get alphabet
TIMER	7.510e+01	7.757e+01	8.219e+01	4	kmer-gen
TIMER	8.331e+01	8.727e+01	1.024e+02	5	shift-buckets
TIMER	3.612e+03	3.628e+03	3.643e+03	5	ISA-to-SA
TIMER	1.360e+02	1.414e+02	1.489e+02	5	init-lcp
iteration 21: unfinished buckets = 51313051, unfinished elements = 252565151
TIMER	7.383e+01	7.499e+01	7.649e+01	5	rebucket
TIMER	1.384e+03	1.398e+03	1.417e+03	5	SA-to-ISA
TIMER	5.391e+03	5.391e+03	5.392e+03	5	sac-iteration
Starting Bucket chasing algorithm
unresolved = 252565180, unfinished = 51313051
TIMER	3.382e+01	3.503e+01	3.571e+01	5	get active elements
TIMER	9.433e-02	1.231e-01	1.563e-01	6	bulk_query: get recv_counts
TIMER	7.472e+01	7.796e+01	8.028e+01	6	bulk_query: all2all queries
Avg queries: 6.577e+05, max queries on proc 205: 5686338
Inbalance factor: 8.646e+00x
TIMER	7.667e+00	1.518e+01	7.375e+01	6	bulk_query: local query
TIMER	6.805e+01	6.947e+01	7.072e+01	6	bulk_query: all2all query results
TIMER	5.060e+02	5.145e+02	5.444e+02	7	resolve_next_lcp: bulk_rmq
TIMER	4.930e+00	7.433e+00	1.145e+01	7	resolve_next_lcp: set LCP
TIMER	5.561e+02	5.561e+02	5.561e+02	7	LCP update
unresolved = 83264472, unfinished = 25014138
TIMER	1.323e+03	1.324e+03	1.325e+03	5	bucket-chaising iteration
TIMER	9.227e-02	1.151e-01	1.421e-01	6	bulk_query: get recv_counts
TIMER	3.137e+01	3.220e+01	3.299e+01	6	bulk_query: all2all queries
Avg queries: 2.168e+05, max queries on proc 205: 4553617
Inbalance factor: 2.100e+01x
TIMER	6.051e-01	2.618e+00	4.971e+01	6	bulk_query: local query
TIMER	2.182e+01	2.299e+01	2.399e+01	6	bulk_query: all2all query results
TIMER	1.689e+02	1.701e+02	1.718e+02	7	resolve_next_lcp: bulk_rmq
TIMER	1.924e+00	2.842e+00	3.592e+00	7	resolve_next_lcp: set LCP
TIMER	1.756e+02	1.756e+02	1.756e+02	7	LCP update
unresolved = 39125110, unfinished = 14728266
TIMER	4.906e+02	4.906e+02	4.920e+02	5	bucket-chaising iteration
TIMER	9.343e-02	1.203e-01	1.662e-01	6	bulk_query: get recv_counts
TIMER	1.851e+01	1.904e+01	1.966e+01	6	bulk_query: all2all queries
Avg queries: 1.019e+05, max queries on proc 205: 3302336
Inbalance factor: 3.241e+01x
TIMER	1.293e-01	9.092e-01	3.212e+01	6	bulk_query: local query
TIMER	1.155e+01	1.218e+01	1.283e+01	6	bulk_query: all2all query results
TIMER	1.241e+02	1.243e+02	1.249e+02	7	resolve_next_lcp: bulk_rmq
TIMER	1.053e+00	1.309e+00	1.648e+00	7	resolve_next_lcp: set LCP
TIMER	1.267e+02	1.267e+02	1.267e+02	7	LCP update
unresolved = 21253898, unfinished = 9155159
TIMER	3.055e+02	3.055e+02	3.064e+02	5	bucket-chaising iteration
TIMER	9.105e-02	1.187e-01	1.518e-01	6	bulk_query: get recv_counts
TIMER	8.726e+00	9.108e+00	9.602e+00	6	bulk_query: all2all queries
Avg queries: 5.535e+04, max queries on proc 205: 2117007
Inbalance factor: 3.825e+01x
TIMER	6.746e-02	4.541e-01	1.607e+01	6	bulk_query: local query
TIMER	6.031e+00	6.432e+00	6.787e+00	6	bulk_query: all2all query results
TIMER	1.236e+02	1.236e+02	1.238e+02	7	resolve_next_lcp: bulk_rmq
TIMER	5.192e-01	6.349e-01	8.161e-01	7	resolve_next_lcp: set LCP
TIMER	1.248e+02	1.248e+02	1.248e+02	7	LCP update
unresolved = 12458753, unfinished = 5704526
TIMER	2.224e+02	2.224e+02	2.234e+02	5	bucket-chaising iteration
TIMER	9.420e-02	1.215e-01	1.492e-01	6	bulk_query: get recv_counts
TIMER	2.020e+00	4.829e+00	5.440e+00	6	bulk_query: all2all queries
Avg queries: 3.244e+04, max queries on proc 382: 1196893
Inbalance factor: 3.689e+01x
TIMER	7.678e-02	2.834e-01	9.177e+00	6	bulk_query: local query
TIMER	3.299e+00	3.456e+00	3.700e+00	6	bulk_query: all2all query results
TIMER	1.042e+02	1.042e+02	1.043e+02	7	resolve_next_lcp: bulk_rmq
TIMER	2.877e-01	3.572e-01	4.558e-01	7	resolve_next_lcp: set LCP
TIMER	1.050e+02	1.050e+02	1.050e+02	7	LCP update
unresolved = 7057961, unfinished = 3349572
TIMER	1.579e+02	1.580e+02	1.580e+02	5	bucket-chaising iteration
TIMER	8.705e-02	1.086e-01	1.310e-01	6	bulk_query: get recv_counts
TIMER	1.481e+00	2.427e+00	3.424e+00	6	bulk_query: all2all queries
Avg queries: 1.838e+04, max queries on proc 382: 796743
Inbalance factor: 4.335e+01x
TIMER	5.632e-02	1.638e-01	5.686e+00	6	bulk_query: local query
TIMER	1.761e+00	1.951e+00	2.282e+00	6	bulk_query: all2all query results
TIMER	1.018e+02	1.018e+02	1.019e+02	7	resolve_next_lcp: bulk_rmq
TIMER	1.425e-01	1.965e-01	2.606e-01	7	resolve_next_lcp: set LCP
TIMER	1.023e+02	1.023e+02	1.024e+02	7	LCP update
unresolved = 3830919, unfinished = 1858430
TIMER	1.353e+02	1.353e+02	1.353e+02	5	bucket-chaising iteration
TIMER	8.263e-02	1.089e-01	1.349e-01	6	bulk_query: get recv_counts
TIMER	8.295e-01	1.425e+00	2.226e+00	6	bulk_query: all2all queries
Avg queries: 9.976e+03, max queries on proc 383: 514056
Inbalance factor: 5.153e+01x
TIMER	6.385e-02	1.151e-01	3.220e+00	6	bulk_query: local query
TIMER	1.066e+00	1.162e+00	1.339e+00	6	bulk_query: all2all query results
TIMER	1.007e+02	1.007e+02	1.007e+02	7	resolve_next_lcp: bulk_rmq
TIMER	7.797e-02	1.123e-01	1.521e-01	7	resolve_next_lcp: set LCP
TIMER	1.011e+02	1.011e+02	1.011e+02	7	LCP update
unresolved = 1897267, unfinished = 927479
TIMER	1.210e+02	1.210e+02	1.210e+02	5	bucket-chaising iteration
TIMER	8.768e-02	1.157e-01	1.324e-01	6	bulk_query: get recv_counts
TIMER	5.200e-01	8.353e-01	1.407e+00	6	bulk_query: all2all queries
Avg queries: 4.941e+03, max queries on proc 383: 333922
Inbalance factor: 6.758e+01x
TIMER	6.047e-02	8.421e-02	1.658e+00	6	bulk_query: local query
TIMER	5.972e-01	6.647e-01	7.684e-01	6	bulk_query: all2all query results
TIMER	1.009e+02	1.009e+02	1.009e+02	7	resolve_next_lcp: bulk_rmq
TIMER	3.205e-02	5.635e-02	3.031e-01	7	resolve_next_lcp: set LCP
TIMER	1.014e+02	1.014e+02	1.014e+02	7	LCP update
unresolved = 887691, unfinished = 430529
TIMER	1.128e+02	1.128e+02	1.129e+02	5	bucket-chaising iteration
TIMER	8.165e-02	1.069e-01	1.302e-01	6	bulk_query: get recv_counts
TIMER	3.354e-01	5.379e-01	9.038e-01	6	bulk_query: all2all queries
Avg queries: 2.312e+03, max queries on proc 383: 205310
Inbalance factor: 8.881e+01x
TIMER	6.786e-02	8.431e-02	8.684e-01	6	bulk_query: local query
TIMER	3.387e-01	4.153e-01	4.864e-01	6	bulk_query: all2all query results
TIMER	1.027e+02	1.027e+02	1.027e+02	7	resolve_next_lcp: bulk_rmq
TIMER	1.694e-02	3.003e-02	2.336e-01	7	resolve_next_lcp: set LCP
TIMER	1.032e+02	1.032e+02	1.032e+02	7	LCP update
unresolved = 397767, unfinished = 190943
TIMER	1.102e+02	1.102e+02	1.102e+02	5	bucket-chaising iteration
TIMER	7.942e-02	1.060e-01	1.305e-01	6	bulk_query: get recv_counts
TIMER	1.851e-01	4.028e-01	6.935e-01	6	bulk_query: all2all queries
Avg queries: 1.036e+03, max queries on proc 383: 113284
Inbalance factor: 1.094e+02x
TIMER	5.310e-02	6.010e-02	5.122e-01	6	bulk_query: local query
TIMER	1.650e-01	2.601e-01	3.303e-01	6	bulk_query: all2all query results
TIMER	1.034e+02	1.034e+02	1.034e+02	7	resolve_next_lcp: bulk_rmq
TIMER	1.169e-02	1.946e-02	1.538e-01	7	resolve_next_lcp: set LCP
TIMER	1.037e+02	1.037e+02	1.037e+02	7	LCP update
unresolved = 91070, unfinished = 45535
TIMER	1.083e+02	1.083e+02	1.083e+02	5	bucket-chaising iteration
TIMER	7.625e-02	9.697e-02	1.327e-01	6	bulk_query: get recv_counts
TIMER	1.471e-01	2.787e-01	4.701e-01	6	bulk_query: all2all queries
Avg queries: 2.372e+02, max queries on proc 13: 49248
Inbalance factor: 2.077e+02x
TIMER	5.181e-02	5.651e-02	2.042e-01	6	bulk_query: local query
TIMER	1.269e-01	1.824e-01	2.300e-01	6	bulk_query: all2all query results
TIMER	1.047e+02	1.047e+02	1.048e+02	7	resolve_next_lcp: bulk_rmq
TIMER	2.694e-03	6.738e-03	6.398e-02	7	resolve_next_lcp: set LCP
TIMER	1.050e+02	1.050e+02	1.050e+02	7	LCP update
unresolved = 0, unfinished = 0
TIMER	1.079e+02	1.079e+02	1.079e+02	5	bucket-chaising iteration
TIMER	3.242e+03	3.242e+03	3.242e+03	4	construct-msgs
TIMER	3.017e+01	3.358e+01	3.600e+01	4	fix-isa
TIMER	8.761e+03	8.762e+03	8.763e+03	2	desa_construct: SA/LCP construct
TIMER	1.859e+02	1.871e+02	1.884e+02	2	desa_construct: TLI construct
TIMER	8.259e-02	9.414e-02	1.188e-01	3	repartition: 1D-partition
TIMER	1.376e+00	1.381e+00	1.388e+00	2	desa_construct: 1-D partition
TIMER	2.616e+02	2.623e+02	2.641e+02	3	repartition: redistribute
TIMER	2.643e+02	2.643e+02	2.654e+02	2	desa_construct: repartition
TIMER	9.356e+01	9.648e+01	9.891e+01	2	desa_construct: RMQ construct
TIMER	1.176e-01	1.365e-01	1.603e-01	3	bulk_query: get recv_counts
TIMER	2.789e+02	2.901e+02	3.061e+02	3	bulk_query: all2all queries
Avg queries: 7.460e+06, max queries on proc 205: 7460730
Inbalance factor: 1.000e+00x
TIMER	9.715e+01	1.139e+02	1.317e+02	3	bulk_query: local query
TIMER	4.513e+01	4.590e+01	4.701e+01	3	bulk_query: all2all query results
TIMER	8.492e+02	8.522e+02	8.622e+02	2	desa_construct: Lc naive construct
TIMER	1.019e+04	1.019e+04	1.019e+04	1	construct idx
