== Node distribution == 
== p=768 processes on 16 nodes ==
--  Node: 'c476-134.stampede2.tacc.utexas.edu' (48/768)
        Ranks: 0, 1, 2, 3, 4, 5, 6, 7, 8, 9, 10, 11, 12, 13, 14, 15, 16, 17, 18, 19, 20, 21, 22, 23, 24, 25, 26, 27, 28, 29, 30, 31, 32, 33, 34, 35, 36, 37, 38, 39, 40, 41, 42, 43, 44, 45, 46, 47
--  Node: 'c477-003.stampede2.tacc.utexas.edu' (48/768)
        Ranks: 48, 49, 50, 51, 52, 53, 54, 55, 56, 57, 58, 59, 60, 61, 62, 63, 64, 65, 66, 67, 68, 69, 70, 71, 72, 73, 74, 75, 76, 77, 78, 79, 80, 81, 82, 83, 84, 85, 86, 87, 88, 89, 90, 91, 92, 93, 94, 95
--  Node: 'c477-004.stampede2.tacc.utexas.edu' (48/768)
        Ranks: 96, 97, 98, 99, 100, 101, 102, 103, 104, 105, 106, 107, 108, 109, 110, 111, 112, 113, 114, 115, 116, 117, 118, 119, 120, 121, 122, 123, 124, 125, 126, 127, 128, 129, 130, 131, 132, 133, 134, 135, 136, 137, 138, 139, 140, 141, 142, 143
--  Node: 'c477-012.stampede2.tacc.utexas.edu' (48/768)
        Ranks: 144, 145, 146, 147, 148, 149, 150, 151, 152, 153, 154, 155, 156, 157, 158, 159, 160, 161, 162, 163, 164, 165, 166, 167, 168, 169, 170, 171, 172, 173, 174, 175, 176, 177, 178, 179, 180, 181, 182, 183, 184, 185, 186, 187, 188, 189, 190, 191
--  Node: 'c477-013.stampede2.tacc.utexas.edu' (48/768)
        Ranks: 192, 193, 194, 195, 196, 197, 198, 199, 200, 201, 202, 203, 204, 205, 206, 207, 208, 209, 210, 211, 212, 213, 214, 215, 216, 217, 218, 219, 220, 221, 222, 223, 224, 225, 226, 227, 228, 229, 230, 231, 232, 233, 234, 235, 236, 237, 238, 239
--  Node: 'c477-014.stampede2.tacc.utexas.edu' (48/768)
        Ranks: 240, 241, 242, 243, 244, 245, 246, 247, 248, 249, 250, 251, 252, 253, 254, 255, 256, 257, 258, 259, 260, 261, 262, 263, 264, 265, 266, 267, 268, 269, 270, 271, 272, 273, 274, 275, 276, 277, 278, 279, 280, 281, 282, 283, 284, 285, 286, 287
--  Node: 'c477-041.stampede2.tacc.utexas.edu' (48/768)
        Ranks: 288, 289, 290, 291, 292, 293, 294, 295, 296, 297, 298, 299, 300, 301, 302, 303, 304, 305, 306, 307, 308, 309, 310, 311, 312, 313, 314, 315, 316, 317, 318, 319, 320, 321, 322, 323, 324, 325, 326, 327, 328, 329, 330, 331, 332, 333, 334, 335
--  Node: 'c477-051.stampede2.tacc.utexas.edu' (48/768)
        Ranks: 336, 337, 338, 339, 340, 341, 342, 343, 344, 345, 346, 347, 348, 349, 350, 351, 352, 353, 354, 355, 356, 357, 358, 359, 360, 361, 362, 363, 364, 365, 366, 367, 368, 369, 370, 371, 372, 373, 374, 375, 376, 377, 378, 379, 380, 381, 382, 383
--  Node: 'c477-111.stampede2.tacc.utexas.edu' (48/768)
        Ranks: 384, 385, 386, 387, 388, 389, 390, 391, 392, 393, 394, 395, 396, 397, 398, 399, 400, 401, 402, 403, 404, 405, 406, 407, 408, 409, 410, 411, 412, 413, 414, 415, 416, 417, 418, 419, 420, 421, 422, 423, 424, 425, 426, 427, 428, 429, 430, 431
--  Node: 'c477-112.stampede2.tacc.utexas.edu' (48/768)
        Ranks: 432, 433, 434, 435, 436, 437, 438, 439, 440, 441, 442, 443, 444, 445, 446, 447, 448, 449, 450, 451, 452, 453, 454, 455, 456, 457, 458, 459, 460, 461, 462, 463, 464, 465, 466, 467, 468, 469, 470, 471, 472, 473, 474, 475, 476, 477, 478, 479
--  Node: 'c477-114.stampede2.tacc.utexas.edu' (48/768)
        Ranks: 480, 481, 482, 483, 484, 485, 486, 487, 488, 489, 490, 491, 492, 493, 494, 495, 496, 497, 498, 499, 500, 501, 502, 503, 504, 505, 506, 507, 508, 509, 510, 511, 512, 513, 514, 515, 516, 517, 518, 519, 520, 521, 522, 523, 524, 525, 526, 527
--  Node: 'c477-122.stampede2.tacc.utexas.edu' (48/768)
        Ranks: 528, 529, 530, 531, 532, 533, 534, 535, 536, 537, 538, 539, 540, 541, 542, 543, 544, 545, 546, 547, 548, 549, 550, 551, 552, 553, 554, 555, 556, 557, 558, 559, 560, 561, 562, 563, 564, 565, 566, 567, 568, 569, 570, 571, 572, 573, 574, 575
--  Node: 'c492-101.stampede2.tacc.utexas.edu' (48/768)
        Ranks: 576, 577, 578, 579, 580, 581, 582, 583, 584, 585, 586, 587, 588, 589, 590, 591, 592, 593, 594, 595, 596, 597, 598, 599, 600, 601, 602, 603, 604, 605, 606, 607, 608, 609, 610, 611, 612, 613, 614, 615, 616, 617, 618, 619, 620, 621, 622, 623
--  Node: 'c493-084.stampede2.tacc.utexas.edu' (48/768)
        Ranks: 624, 625, 626, 627, 628, 629, 630, 631, 632, 633, 634, 635, 636, 637, 638, 639, 640, 641, 642, 643, 644, 645, 646, 647, 648, 649, 650, 651, 652, 653, 654, 655, 656, 657, 658, 659, 660, 661, 662, 663, 664, 665, 666, 667, 668, 669, 670, 671
--  Node: 'c494-071.stampede2.tacc.utexas.edu' (48/768)
        Ranks: 672, 673, 674, 675, 676, 677, 678, 679, 680, 681, 682, 683, 684, 685, 686, 687, 688, 689, 690, 691, 692, 693, 694, 695, 696, 697, 698, 699, 700, 701, 702, 703, 704, 705, 706, 707, 708, 709, 710, 711, 712, 713, 714, 715, 716, 717, 718, 719
--  Node: 'c495-022.stampede2.tacc.utexas.edu' (48/768)
        Ranks: 720, 721, 722, 723, 724, 725, 726, 727, 728, 729, 730, 731, 732, 733, 734, 735, 736, 737, 738, 739, 740, 741, 742, 743, 744, 745, 746, 747, 748, 749, 750, 751, 752, 753, 754, 755, 756, 757, 758, 759, 760, 761, 762, 763, 764, 765, 766, 767
TIMER	1.932e+01	3.944e+01	9.164e+01	1	read input file
TIMER	3.737e+00	3.743e+00	3.750e+00	2	desa_construct: cpy str
Alphabet: {sigma=4, l=3, A=[A, C, G, T]}
TIMER	3.773e+00	3.777e+00	3.805e+00	3	get alphabet
TIMER	3.624e+01	3.845e+01	4.188e+01	4	kmer-gen
TIMER	4.041e+01	4.357e+01	4.936e+01	5	shift-buckets
TIMER	2.020e+03	2.031e+03	2.049e+03	5	ISA-to-SA
TIMER	6.284e+01	6.710e+01	7.073e+01	5	init-lcp
iteration 21: unfinished buckets = 51313051, unfinished elements = 252565122
TIMER	3.774e+01	3.847e+01	3.954e+01	5	rebucket
TIMER	7.998e+02	8.095e+02	8.202e+02	5	SA-to-ISA
TIMER	3.029e+03	3.029e+03	3.029e+03	5	sac-iteration
Starting Bucket chasing algorithm
unresolved = 252565180, unfinished = 51313051
TIMER	1.687e+01	1.687e+01	1.689e+01	5	get active elements
TIMER	1.686e-01	1.906e-01	2.136e-01	6	bulk_query: get recv_counts
TIMER	3.194e+01	3.350e+01	3.484e+01	6	bulk_query: all2all queries
Avg queries: 3.289e+05, max queries on proc 411: 2919817
Inbalance factor: 8.879e+00x
TIMER	2.534e+00	5.323e+00	3.557e+01	6	bulk_query: local query
TIMER	4.152e+01	4.362e+01	4.513e+01	6	bulk_query: all2all query results
TIMER	3.053e+02	3.099e+02	3.344e+02	7	resolve_next_lcp: bulk_rmq
TIMER	2.226e+00	3.643e+00	6.792e+00	7	resolve_next_lcp: set LCP
TIMER	3.414e+02	3.414e+02	3.414e+02	7	LCP update
unresolved = 83264472, unfinished = 25014138
TIMER	8.248e+02	8.248e+02	8.248e+02	5	bucket-chaising iteration
TIMER	1.693e-01	2.046e-01	6.371e-01	6	bulk_query: get recv_counts
TIMER	1.448e+01	1.527e+01	1.580e+01	6	bulk_query: all2all queries
Avg queries: 1.084e+05, max queries on proc 411: 2375599
Inbalance factor: 2.191e+01x
TIMER	2.358e-01	1.079e+00	2.510e+01	6	bulk_query: local query
TIMER	1.407e+01	1.512e+01	1.590e+01	6	bulk_query: all2all query results
TIMER	8.873e+01	8.969e+01	9.109e+01	7	resolve_next_lcp: bulk_rmq
TIMER	6.158e-01	1.332e+00	1.841e+00	7	resolve_next_lcp: set LCP
TIMER	9.311e+01	9.311e+01	9.313e+01	7	LCP update
unresolved = 39125110, unfinished = 14728266
TIMER	2.653e+02	2.653e+02	2.653e+02	5	bucket-chaising iteration
TIMER	1.566e-01	1.812e-01	2.067e-01	6	bulk_query: get recv_counts
TIMER	8.449e+00	8.949e+00	9.291e+00	6	bulk_query: all2all queries
Avg queries: 5.094e+04, max queries on proc 411: 1762394
Inbalance factor: 3.459e+01x
TIMER	8.202e-02	4.503e-01	1.649e+01	6	bulk_query: local query
TIMER	6.562e+00	6.872e+00	7.314e+00	6	bulk_query: all2all query results
TIMER	2.287e+02	2.290e+02	2.295e+02	7	resolve_next_lcp: bulk_rmq
TIMER	3.435e-01	5.619e-01	7.455e-01	7	resolve_next_lcp: set LCP
TIMER	2.304e+02	2.304e+02	2.304e+02	7	LCP update
unresolved = 21253898, unfinished = 9155159
TIMER	3.246e+02	3.246e+02	3.246e+02	5	bucket-chaising iteration
TIMER	1.585e-01	1.784e-01	1.976e-01	6	bulk_query: get recv_counts
TIMER	2.605e+00	5.883e+00	6.288e+00	6	bulk_query: all2all queries
Avg queries: 2.767e+04, max queries on proc 765: 1404879
Inbalance factor: 5.076e+01x
TIMER	7.444e-02	2.507e-01	1.101e+01	6	bulk_query: local query
TIMER	4.135e+00	4.467e+00	4.804e+00	6	bulk_query: all2all query results
TIMER	5.765e+01	5.788e+01	5.805e+01	7	resolve_next_lcp: bulk_rmq
TIMER	2.131e-01	2.834e-01	3.830e-01	7	resolve_next_lcp: set LCP
TIMER	5.862e+01	5.862e+01	5.863e+01	7	LCP update
unresolved = 12458753, unfinished = 5704526
TIMER	1.189e+02	1.189e+02	1.189e+02	5	bucket-chaising iteration
TIMER	1.509e-01	1.773e-01	2.097e-01	6	bulk_query: get recv_counts
TIMER	1.690e+00	3.952e+00	5.154e+00	6	bulk_query: all2all queries
Avg queries: 1.622e+04, max queries on proc 765: 1091160
Inbalance factor: 6.726e+01x
TIMER	5.640e-02	1.505e-01	8.184e+00	6	bulk_query: local query
TIMER	2.750e+00	2.934e+00	3.199e+00	6	bulk_query: all2all query results
TIMER	5.483e+01	5.486e+01	5.491e+01	7	resolve_next_lcp: bulk_rmq
TIMER	1.160e-01	1.644e-01	2.167e-01	7	resolve_next_lcp: set LCP
TIMER	5.530e+01	5.530e+01	5.530e+01	7	LCP update
unresolved = 7057961, unfinished = 3349572
TIMER	9.854e+01	9.855e+01	9.857e+01	5	bucket-chaising iteration
TIMER	1.532e-01	1.731e-01	2.041e-01	6	bulk_query: get recv_counts
TIMER	1.335e+00	2.231e+00	3.551e+00	6	bulk_query: all2all queries
Avg queries: 9.190e+03, max queries on proc 765: 726439
Inbalance factor: 7.905e+01x
TIMER	6.602e-02	1.170e-01	4.769e+00	6	bulk_query: local query
TIMER	1.731e+00	1.883e+00	2.057e+00	6	bulk_query: all2all query results
TIMER	5.581e+01	5.614e+01	5.624e+01	7	resolve_next_lcp: bulk_rmq
TIMER	6.286e-02	9.432e-02	1.363e-01	7	resolve_next_lcp: set LCP
TIMER	5.662e+01	5.664e+01	5.667e+01	7	LCP update
unresolved = 3830919, unfinished = 1858430
TIMER	2.419e+02	2.419e+02	2.419e+02	5	bucket-chaising iteration
TIMER	1.566e-01	1.745e-01	1.926e-01	6	bulk_query: get recv_counts
TIMER	8.696e-01	1.310e+00	2.136e+00	6	bulk_query: all2all queries
Avg queries: 4.988e+03, max queries on proc 765: 376813
Inbalance factor: 7.554e+01x
TIMER	6.353e-02	9.685e-02	2.235e+00	6	bulk_query: local query
TIMER	9.808e-01	1.129e+00	1.260e+00	6	bulk_query: all2all query results
TIMER	5.276e+01	5.278e+01	5.281e+01	7	resolve_next_lcp: bulk_rmq
TIMER	3.697e-02	5.404e-02	7.774e-02	7	resolve_next_lcp: set LCP
TIMER	5.312e+01	5.313e+01	5.313e+01	7	LCP update
unresolved = 1897267, unfinished = 927479
TIMER	6.881e+01	6.881e+01	6.883e+01	5	bucket-chaising iteration
TIMER	1.547e-01	1.716e-01	1.943e-01	6	bulk_query: get recv_counts
TIMER	5.938e-01	9.398e-01	1.496e+00	6	bulk_query: all2all queries
Avg queries: 2.470e+03, max queries on proc 767: 197599
Inbalance factor: 7.999e+01x
TIMER	7.362e-02	9.227e-02	9.831e-01	6	bulk_query: local query
TIMER	3.265e+00	3.358e+00	3.436e+00	6	bulk_query: all2all query results
TIMER	5.339e+01	5.343e+01	5.348e+01	7	resolve_next_lcp: bulk_rmq
TIMER	1.268e-02	3.018e-02	5.631e-02	7	resolve_next_lcp: set LCP
TIMER	5.379e+01	5.380e+01	5.381e+01	7	LCP update
unresolved = 887691, unfinished = 430529
TIMER	6.544e+01	6.544e+01	6.546e+01	5	bucket-chaising iteration
TIMER	1.463e-01	1.757e-01	2.018e-01	6	bulk_query: get recv_counts
TIMER	4.951e-01	8.149e-01	1.275e+00	6	bulk_query: all2all queries
Avg queries: 1.156e+03, max queries on proc 767: 150161
Inbalance factor: 1.299e+02x
TIMER	5.290e-02	6.546e-02	7.026e-01	6	bulk_query: local query
TIMER	4.319e-01	5.244e-01	5.935e-01	6	bulk_query: all2all query results
TIMER	5.105e+01	5.106e+01	5.108e+01	7	resolve_next_lcp: bulk_rmq
TIMER	9.687e-03	1.514e-02	2.255e-02	7	resolve_next_lcp: set LCP
TIMER	5.126e+01	5.127e+01	5.127e+01	7	LCP update
unresolved = 397767, unfinished = 190943
TIMER	5.820e+01	5.820e+01	5.822e+01	5	bucket-chaising iteration
TIMER	1.450e-01	1.749e-01	1.968e-01	6	bulk_query: get recv_counts
TIMER	2.570e-01	6.631e-01	1.130e+00	6	bulk_query: all2all queries
Avg queries: 5.179e+02, max queries on proc 411: 92531
Inbalance factor: 1.787e+02x
TIMER	5.316e-02	6.893e-02	3.662e-01	6	bulk_query: local query
TIMER	2.716e-01	4.465e-01	5.461e-01	6	bulk_query: all2all query results
TIMER	5.174e+01	5.175e+01	5.177e+01	7	resolve_next_lcp: bulk_rmq
TIMER	5.755e-03	9.498e-03	1.453e-02	7	resolve_next_lcp: set LCP
TIMER	5.195e+01	5.195e+01	5.196e+01	7	LCP update
unresolved = 91070, unfinished = 45535
TIMER	5.864e+01	5.866e+01	5.867e+01	5	bucket-chaising iteration
TIMER	1.571e-01	1.765e-01	1.960e-01	6	bulk_query: get recv_counts
TIMER	8.769e-02	5.721e-01	1.001e+00	6	bulk_query: all2all queries
Avg queries: 1.186e+02, max queries on proc 27: 49248
Inbalance factor: 4.153e+02x
TIMER	4.912e-02	5.991e-02	2.432e-01	6	bulk_query: local query
TIMER	2.414e-01	3.391e-01	4.340e-01	6	bulk_query: all2all query results
TIMER	5.213e+01	5.215e+01	5.216e+01	7	resolve_next_lcp: bulk_rmq
TIMER	1.671e-03	3.697e-03	3.488e-02	7	resolve_next_lcp: set LCP
TIMER	5.235e+01	5.236e+01	5.236e+01	7	LCP update
unresolved = 0, unfinished = 0
TIMER	5.685e+01	5.685e+01	5.686e+01	5	bucket-chaising iteration
TIMER	2.200e+03	2.200e+03	2.200e+03	4	construct-msgs
TIMER	1.321e+01	1.491e+01	1.626e+01	4	fix-isa
TIMER	5.293e+03	5.298e+03	5.301e+03	2	desa_construct: SA/LCP construct
TIMER	1.208e+02	1.211e+02	1.215e+02	2	desa_construct: TLI construct
TIMER	2.624e-01	3.376e-01	3.993e-01	3	repartition: 1D-partition
TIMER	2.974e+00	2.976e+00	2.984e+00	2	desa_construct: 1-D partition
TIMER	1.224e+02	1.225e+02	1.228e+02	3	repartition: redistribute
TIMER	1.229e+02	1.229e+02	1.250e+02	2	desa_construct: repartition
TIMER	4.590e+01	4.757e+01	4.940e+01	2	desa_construct: RMQ construct
TIMER	1.654e-01	1.970e-01	2.355e-01	3	bulk_query: get recv_counts
TIMER	2.040e+02	2.070e+02	2.088e+02	3	bulk_query: all2all queries
Avg queries: 3.730e+06, max queries on proc 8: 3730589
Inbalance factor: 1.000e+00x
TIMER	3.584e+01	4.585e+01	4.915e+01	3	bulk_query: local query
TIMER	2.797e+01	2.845e+01	2.869e+01	3	bulk_query: all2all query results
TIMER	4.467e+02	4.488e+02	4.524e+02	2	desa_construct: Lc naive construct
TIMER	6.057e+03	6.057e+03	6.057e+03	1	construct idx
