== Node distribution == 
== p=96 processes on 2 nodes ==
--  Node: 'c478-072.stampede2.tacc.utexas.edu' (48/96)
        Ranks: 0, 1, 2, 3, 4, 5, 6, 7, 8, 9, 10, 11, 12, 13, 14, 15, 16, 17, 18, 19, 20, 21, 22, 23, 24, 25, 26, 27, 28, 29, 30, 31, 32, 33, 34, 35, 36, 37, 38, 39, 40, 41, 42, 43, 44, 45, 46, 47
--  Node: 'c498-094.stampede2.tacc.utexas.edu' (48/96)
        Ranks: 48, 49, 50, 51, 52, 53, 54, 55, 56, 57, 58, 59, 60, 61, 62, 63, 64, 65, 66, 67, 68, 69, 70, 71, 72, 73, 74, 75, 76, 77, 78, 79, 80, 81, 82, 83, 84, 85, 86, 87, 88, 89, 90, 91, 92, 93, 94, 95
TIMER	1.397e+02	3.635e+02	6.956e+02	1	read input file
TIMER	2.603e+01	2.604e+01	2.604e+01	2	desa_construct: cpy str
Alphabet: {sigma=4, l=3, A=[A, C, G, T]}
TIMER	2.593e+01	2.593e+01	2.597e+01	3	get alphabet
TIMER	3.049e+02	3.153e+02	3.289e+02	4	kmer-gen
TIMER	3.453e+02	3.492e+02	3.562e+02	5	shift-buckets
TIMER	1.257e+04	1.260e+04	1.262e+04	5	ISA-to-SA
TIMER	5.526e+02	5.639e+02	5.778e+02	5	init-lcp
iteration 21: unfinished buckets = 51313051, unfinished elements = 252565175
TIMER	2.914e+02	2.944e+02	2.978e+02	5	rebucket
TIMER	4.515e+03	4.597e+03	4.628e+03	5	SA-to-ISA
TIMER	1.849e+04	1.849e+04	1.849e+04	5	sac-iteration
Starting Bucket chasing algorithm
unresolved = 252565180, unfinished = 51313051
TIMER	1.230e+02	1.258e+02	1.275e+02	5	get active elements
TIMER	4.864e-02	5.691e-02	7.629e-02	6	bulk_query: get recv_counts
TIMER	7.995e+01	8.229e+01	8.346e+01	6	bulk_query: all2all queries
Avg queries: 2.631e+06, max queries on proc 51: 10370837
Inbalance factor: 3.942e+00x
TIMER	4.294e+01	6.437e+01	1.727e+02	6	bulk_query: local query
TIMER	6.114e+01	6.616e+01	7.127e+01	6	bulk_query: all2all query results
TIMER	1.207e+03	1.230e+03	1.265e+03	7	resolve_next_lcp: bulk_rmq
TIMER	2.256e+01	3.004e+01	3.633e+01	7	resolve_next_lcp: set LCP
TIMER	1.303e+03	1.303e+03	1.303e+03	7	LCP update
unresolved = 83264472, unfinished = 25014138
TIMER	3.012e+03	3.013e+03	3.013e+03	5	bucket-chaising iteration
TIMER	4.645e-02	5.430e-02	7.191e-02	6	bulk_query: get recv_counts
TIMER	3.309e+01	3.493e+01	3.689e+01	6	bulk_query: all2all queries
Avg queries: 8.673e+05, max queries on proc 51: 7565031
Inbalance factor: 8.722e+00x
TIMER	5.953e+00	1.534e+01	9.607e+01	6	bulk_query: local query
TIMER	1.880e+01	2.329e+01	2.494e+01	6	bulk_query: all2all query results
TIMER	5.349e+02	5.415e+02	5.486e+02	7	resolve_next_lcp: bulk_rmq
TIMER	1.007e+01	1.156e+01	1.290e+01	7	resolve_next_lcp: set LCP
TIMER	5.617e+02	5.617e+02	5.617e+02	7	LCP update
unresolved = 39125110, unfinished = 14728266
TIMER	1.206e+03	1.207e+03	1.211e+03	5	bucket-chaising iteration
TIMER	4.598e-02	5.287e-02	6.965e-02	6	bulk_query: get recv_counts
TIMER	2.293e+01	2.446e+01	2.594e+01	6	bulk_query: all2all queries
Avg queries: 4.076e+05, max queries on proc 51: 5381275
Inbalance factor: 1.320e+01x
TIMER	1.046e+00	5.022e+00	5.932e+01	6	bulk_query: local query
TIMER	1.198e+01	1.468e+01	1.574e+01	6	bulk_query: all2all query results
TIMER	4.543e+02	4.547e+02	4.556e+02	7	resolve_next_lcp: bulk_rmq
TIMER	5.228e+00	5.772e+00	6.391e+00	7	resolve_next_lcp: set LCP
TIMER	4.621e+02	4.621e+02	4.621e+02	7	LCP update
unresolved = 21253898, unfinished = 9155159
TIMER	8.312e+02	8.329e+02	8.386e+02	5	bucket-chaising iteration
TIMER	4.640e-02	5.469e-02	7.645e-02	6	bulk_query: get recv_counts
TIMER	1.808e+01	1.914e+01	2.122e+01	6	bulk_query: all2all queries
Avg queries: 2.214e+05, max queries on proc 51: 3387786
Inbalance factor: 1.530e+01x
TIMER	1.366e-01	2.118e+00	3.262e+01	6	bulk_query: local query
TIMER	6.913e+00	8.400e+00	9.122e+00	6	bulk_query: all2all query results
TIMER	4.203e+02	4.206e+02	4.238e+02	7	resolve_next_lcp: bulk_rmq
TIMER	2.929e+00	3.226e+00	3.552e+00	7	resolve_next_lcp: set LCP
TIMER	4.275e+02	4.275e+02	4.275e+02	7	LCP update
unresolved = 12458753, unfinished = 5704526
TIMER	6.525e+02	6.536e+02	6.593e+02	5	bucket-chaising iteration
TIMER	4.412e-02	6.355e-02	9.202e-02	6	bulk_query: get recv_counts
TIMER	8.599e+00	9.307e+00	1.007e+01	6	bulk_query: all2all queries
Avg queries: 1.298e+05, max queries on proc 95: 2369254
Inbalance factor: 1.826e+01x
TIMER	4.836e-02	1.064e+00	1.947e+01	6	bulk_query: local query
TIMER	4.773e+00	5.144e+00	5.456e+00	6	bulk_query: all2all query results
TIMER	4.128e+02	4.132e+02	4.167e+02	7	resolve_next_lcp: bulk_rmq
TIMER	1.738e+00	1.937e+00	2.181e+00	7	resolve_next_lcp: set LCP
TIMER	4.190e+02	4.190e+02	4.190e+02	7	LCP update
unresolved = 7057961, unfinished = 3349572
TIMER	5.518e+02	5.520e+02	5.545e+02	5	bucket-chaising iteration
TIMER	4.203e-02	5.289e-02	8.096e-02	6	bulk_query: get recv_counts
TIMER	5.933e+00	7.545e+00	8.584e+00	6	bulk_query: all2all queries
Avg queries: 7.352e+04, max queries on proc 95: 1565624
Inbalance factor: 2.130e+01x
TIMER	4.616e-02	5.729e-01	1.211e+01	6	bulk_query: local query
TIMER	2.598e+00	3.035e+00	3.477e+00	6	bulk_query: all2all query results
TIMER	4.093e+02	4.097e+02	4.139e+02	7	resolve_next_lcp: bulk_rmq
TIMER	9.078e-01	1.039e+00	1.214e+00	7	resolve_next_lcp: set LCP
TIMER	4.153e+02	4.153e+02	4.153e+02	7	LCP update
unresolved = 3830919, unfinished = 1858430
TIMER	4.964e+02	4.964e+02	4.983e+02	5	bucket-chaising iteration
TIMER	4.272e-02	5.380e-02	7.168e-02	6	bulk_query: get recv_counts
TIMER	2.494e+00	5.098e+00	6.074e+00	6	bulk_query: all2all queries
Avg queries: 3.991e+04, max queries on proc 95: 948434
Inbalance factor: 2.377e+01x
TIMER	4.129e-02	2.825e-01	6.860e+00	6	bulk_query: local query
TIMER	1.234e+00	1.409e+00	1.608e+00	6	bulk_query: all2all query results
TIMER	4.068e+02	4.072e+02	4.114e+02	7	resolve_next_lcp: bulk_rmq
TIMER	4.650e-01	5.499e-01	6.522e-01	7	resolve_next_lcp: set LCP
TIMER	4.122e+02	4.122e+02	4.122e+02	7	LCP update
unresolved = 1897267, unfinished = 927479
TIMER	4.579e+02	4.579e+02	4.579e+02	5	bucket-chaising iteration
TIMER	3.925e-02	5.238e-02	6.569e-02	6	bulk_query: get recv_counts
TIMER	9.626e-01	1.238e+00	1.732e+00	6	bulk_query: all2all queries
Avg queries: 1.976e+04, max queries on proc 95: 447515
Inbalance factor: 2.264e+01x
TIMER	3.970e-02	1.323e-01	2.518e+00	6	bulk_query: local query
TIMER	4.372e-01	6.054e-01	7.894e-01	6	bulk_query: all2all query results
TIMER	4.058e+02	4.061e+02	4.101e+02	7	resolve_next_lcp: bulk_rmq
TIMER	2.013e-01	2.562e-01	3.371e-01	7	resolve_next_lcp: set LCP
TIMER	4.106e+02	4.106e+02	4.106e+02	7	LCP update
unresolved = 887691, unfinished = 430529
TIMER	4.297e+02	4.297e+02	4.323e+02	5	bucket-chaising iteration
TIMER	4.397e-02	5.138e-02	6.503e-02	6	bulk_query: get recv_counts
TIMER	1.106e+00	1.449e+00	1.620e+00	6	bulk_query: all2all queries
Avg queries: 9.247e+03, max queries on proc 95: 206909
Inbalance factor: 2.238e+01x
TIMER	3.711e-02	7.981e-02	1.360e+00	6	bulk_query: local query
TIMER	2.958e-01	3.707e-01	4.460e-01	6	bulk_query: all2all query results
TIMER	4.036e+02	4.038e+02	4.078e+02	7	resolve_next_lcp: bulk_rmq
TIMER	9.034e-02	1.105e-01	1.375e-01	7	resolve_next_lcp: set LCP
TIMER	4.080e+02	4.080e+02	4.080e+02	7	LCP update
unresolved = 397767, unfinished = 190943
TIMER	4.180e+02	4.180e+02	4.180e+02	5	bucket-chaising iteration
TIMER	3.824e-02	4.509e-02	5.417e-02	6	bulk_query: get recv_counts
TIMER	1.895e-01	2.621e-01	3.630e-01	6	bulk_query: all2all queries
Avg queries: 4.143e+03, max queries on proc 95: 113284
Inbalance factor: 2.734e+01x
TIMER	3.875e-02	5.435e-02	4.288e-01	6	bulk_query: local query
TIMER	1.250e-01	1.842e-01	2.396e-01	6	bulk_query: all2all query results
TIMER	4.016e+02	4.019e+02	4.058e+02	7	resolve_next_lcp: bulk_rmq
TIMER	5.387e-02	6.488e-02	1.741e-01	7	resolve_next_lcp: set LCP
TIMER	4.061e+02	4.061e+02	4.061e+02	7	LCP update
unresolved = 91070, unfinished = 45535
TIMER	4.104e+02	4.104e+02	4.104e+02	5	bucket-chaising iteration
TIMER	3.397e-02	4.560e-02	5.524e-02	6	bulk_query: get recv_counts
TIMER	7.976e-02	1.089e-01	1.832e-01	6	bulk_query: all2all queries
Avg queries: 9.486e+02, max queries on proc 3: 49248
Inbalance factor: 5.191e+01x
TIMER	3.881e-02	4.431e-02	1.938e-01	6	bulk_query: local query
TIMER	4.203e-02	7.358e-02	1.073e-01	6	bulk_query: all2all query results
TIMER	4.017e+02	4.019e+02	4.058e+02	7	resolve_next_lcp: bulk_rmq
TIMER	1.374e-02	2.074e-02	5.685e-02	7	resolve_next_lcp: set LCP
TIMER	4.060e+02	4.060e+02	4.060e+02	7	LCP update
unresolved = 0, unfinished = 0
TIMER	4.079e+02	4.079e+02	4.079e+02	5	bucket-chaising iteration
TIMER	9.042e+03	9.042e+03	9.042e+03	4	construct-msgs
TIMER	1.193e+02	1.256e+02	1.298e+02	4	fix-isa
TIMER	2.802e+04	2.802e+04	2.802e+04	2	desa_construct: SA/LCP construct
TIMER	6.318e+02	6.318e+02	6.319e+02	2	desa_construct: TLI construct
TIMER	1.668e-02	1.871e-02	2.594e-02	3	repartition: 1D-partition
TIMER	2.637e-01	2.661e-01	2.702e-01	2	desa_construct: 1-D partition
TIMER	9.830e+02	9.842e+02	9.847e+02	3	repartition: redistribute
TIMER	9.848e+02	9.848e+02	9.851e+02	2	desa_construct: repartition
TIMER	3.876e+02	3.934e+02	3.983e+02	2	desa_construct: RMQ construct
TIMER	5.002e-02	6.020e-02	8.023e-02	3	bulk_query: get recv_counts
TIMER	6.608e+02	7.158e+02	7.480e+02	3	bulk_query: all2all queries
Avg queries: 2.984e+07, max queries on proc 71: 29841642
Inbalance factor: 1.000e+00x
TIMER	5.379e+02	5.605e+02	5.784e+02	3	bulk_query: local query
TIMER	8.889e+01	9.285e+01	9.604e+01	3	bulk_query: all2all query results
TIMER	2.948e+03	2.968e+03	3.035e+03	2	desa_construct: Lc naive construct
TIMER	3.310e+04	3.310e+04	3.310e+04	1	construct idx
