== Node distribution == 
== p=192 processes on 4 nodes ==
--  Node: 'c476-134.stampede2.tacc.utexas.edu' (48/192)
        Ranks: 0, 1, 2, 3, 4, 5, 6, 7, 8, 9, 10, 11, 12, 13, 14, 15, 16, 17, 18, 19, 20, 21, 22, 23, 24, 25, 26, 27, 28, 29, 30, 31, 32, 33, 34, 35, 36, 37, 38, 39, 40, 41, 42, 43, 44, 45, 46, 47
--  Node: 'c477-003.stampede2.tacc.utexas.edu' (48/192)
        Ranks: 48, 49, 50, 51, 52, 53, 54, 55, 56, 57, 58, 59, 60, 61, 62, 63, 64, 65, 66, 67, 68, 69, 70, 71, 72, 73, 74, 75, 76, 77, 78, 79, 80, 81, 82, 83, 84, 85, 86, 87, 88, 89, 90, 91, 92, 93, 94, 95
--  Node: 'c477-004.stampede2.tacc.utexas.edu' (48/192)
        Ranks: 96, 97, 98, 99, 100, 101, 102, 103, 104, 105, 106, 107, 108, 109, 110, 111, 112, 113, 114, 115, 116, 117, 118, 119, 120, 121, 122, 123, 124, 125, 126, 127, 128, 129, 130, 131, 132, 133, 134, 135, 136, 137, 138, 139, 140, 141, 142, 143
--  Node: 'c477-012.stampede2.tacc.utexas.edu' (48/192)
        Ranks: 144, 145, 146, 147, 148, 149, 150, 151, 152, 153, 154, 155, 156, 157, 158, 159, 160, 161, 162, 163, 164, 165, 166, 167, 168, 169, 170, 171, 172, 173, 174, 175, 176, 177, 178, 179, 180, 181, 182, 183, 184, 185, 186, 187, 188, 189, 190, 191
TIMER	6.497e+01	8.372e+01	9.001e+01	1	read input file
TIMER	1.285e+01	1.285e+01	1.286e+01	2	desa_construct: cpy str
Alphabet: {sigma=4, l=3, A=[A, C, G, T]}
TIMER	1.328e+01	1.329e+01	1.332e+01	3	get alphabet
TIMER	1.510e+02	1.559e+02	1.626e+02	4	kmer-gen
TIMER	1.689e+02	1.758e+02	2.034e+02	5	shift-buckets
TIMER	6.878e+03	6.895e+03	6.925e+03	5	ISA-to-SA
TIMER	2.740e+02	2.829e+02	2.922e+02	5	init-lcp
iteration 21: unfinished buckets = 51313051, unfinished elements = 252565165
TIMER	1.474e+02	1.494e+02	1.512e+02	5	rebucket
TIMER	2.665e+03	2.687e+03	2.712e+03	5	SA-to-ISA
TIMER	1.029e+04	1.029e+04	1.029e+04	5	sac-iteration
Starting Bucket chasing algorithm
unresolved = 252565180, unfinished = 51313051
TIMER	6.408e+01	6.408e+01	6.410e+01	5	get active elements
TIMER	6.353e-02	1.933e+00	4.271e+00	6	bulk_query: get recv_counts
TIMER	5.921e+01	6.507e+01	6.836e+01	6	bulk_query: all2all queries
Avg queries: 1.315e+06, max queries on proc 102: 7318853
Inbalance factor: 5.564e+00x
TIMER	1.789e+01	2.950e+01	1.031e+02	6	bulk_query: local query
TIMER	4.946e+01	5.210e+01	5.340e+01	6	bulk_query: all2all query results
TIMER	7.536e+02	7.663e+02	7.970e+02	7	resolve_next_lcp: bulk_rmq
TIMER	1.038e+01	1.494e+01	2.058e+01	7	resolve_next_lcp: set LCP
TIMER	8.185e+02	8.185e+02	8.185e+02	7	LCP update
unresolved = 83264472, unfinished = 25014138
TIMER	1.875e+03	1.876e+03	1.876e+03	5	bucket-chaising iteration
TIMER	6.196e-02	8.180e-02	1.220e-01	6	bulk_query: get recv_counts
TIMER	4.054e+01	4.116e+01	4.269e+01	6	bulk_query: all2all queries
Avg queries: 4.337e+05, max queries on proc 102: 5585353
Inbalance factor: 1.288e+01x
TIMER	1.839e+00	6.240e+00	6.735e+01	6	bulk_query: local query
TIMER	3.108e+01	3.200e+01	3.271e+01	6	bulk_query: all2all query results
TIMER	3.193e+02	3.209e+02	3.238e+02	7	resolve_next_lcp: bulk_rmq
TIMER	4.760e+00	5.755e+00	6.864e+00	7	resolve_next_lcp: set LCP
TIMER	3.308e+02	3.309e+02	3.309e+02	7	LCP update
unresolved = 39125110, unfinished = 14728266
TIMER	7.798e+02	7.800e+02	7.826e+02	5	bucket-chaising iteration
TIMER	6.078e-02	7.732e-02	1.150e-01	6	bulk_query: get recv_counts
TIMER	2.389e+01	2.444e+01	2.687e+01	6	bulk_query: all2all queries
Avg queries: 2.038e+05, max queries on proc 102: 4113032
Inbalance factor: 2.018e+01x
TIMER	2.887e-01	2.062e+00	4.324e+01	6	bulk_query: local query
TIMER	1.483e+01	1.552e+01	1.628e+01	6	bulk_query: all2all query results
TIMER	2.463e+02	2.467e+02	2.475e+02	7	resolve_next_lcp: bulk_rmq
TIMER	2.442e+00	2.853e+00	5.047e+00	7	resolve_next_lcp: set LCP
TIMER	2.528e+02	2.528e+02	2.528e+02	7	LCP update
unresolved = 21253898, unfinished = 9155159
TIMER	5.178e+02	5.179e+02	5.207e+02	5	bucket-chaising iteration
TIMER	6.651e-02	8.304e-02	1.056e-01	6	bulk_query: get recv_counts
TIMER	1.092e+01	1.217e+01	1.359e+01	6	bulk_query: all2all queries
Avg queries: 1.107e+05, max queries on proc 191: 3062473
Inbalance factor: 2.767e+01x
TIMER	7.432e-02	9.579e-01	2.859e+01	6	bulk_query: local query
TIMER	8.473e+00	9.211e+00	1.013e+01	6	bulk_query: all2all query results
TIMER	2.145e+02	2.146e+02	2.149e+02	7	resolve_next_lcp: bulk_rmq
TIMER	1.286e+00	1.490e+00	1.730e+00	7	resolve_next_lcp: set LCP
TIMER	2.168e+02	2.168e+02	2.168e+02	7	LCP update
unresolved = 12458753, unfinished = 5704526
TIMER	3.836e+02	3.836e+02	3.836e+02	5	bucket-chaising iteration
TIMER	6.484e-02	8.853e-02	1.328e-01	6	bulk_query: get recv_counts
TIMER	7.480e+00	8.922e+00	1.003e+01	6	bulk_query: all2all queries
Avg queries: 6.489e+04, max queries on proc 191: 2232622
Inbalance factor: 3.441e+01x
TIMER	4.589e-02	4.904e-01	1.693e+01	6	bulk_query: local query
TIMER	5.723e+00	6.847e+00	7.419e+00	6	bulk_query: all2all query results
TIMER	2.078e+02	2.079e+02	2.080e+02	7	resolve_next_lcp: bulk_rmq
TIMER	6.825e-01	8.317e-01	1.011e+00	7	resolve_next_lcp: set LCP
TIMER	2.092e+02	2.092e+02	2.092e+02	7	LCP update
unresolved = 7057961, unfinished = 3349572
TIMER	3.123e+02	3.123e+02	3.123e+02	5	bucket-chaising iteration
TIMER	5.429e-02	7.170e-02	1.021e-01	6	bulk_query: get recv_counts
TIMER	2.397e+00	5.388e+00	6.935e+00	6	bulk_query: all2all queries
Avg queries: 3.676e+04, max queries on proc 191: 1516559
Inbalance factor: 4.126e+01x
TIMER	4.572e-02	2.689e-01	1.088e+01	6	bulk_query: local query
TIMER	2.442e+00	2.642e+00	2.984e+00	6	bulk_query: all2all query results
TIMER	2.024e+02	2.025e+02	2.026e+02	7	resolve_next_lcp: bulk_rmq
TIMER	3.588e-01	4.357e-01	5.661e-01	7	resolve_next_lcp: set LCP
TIMER	2.033e+02	2.033e+02	2.033e+02	7	LCP update
unresolved = 3830919, unfinished = 1858430
TIMER	2.625e+02	2.625e+02	2.625e+02	5	bucket-chaising iteration
TIMER	5.658e-02	7.998e-02	1.050e-01	6	bulk_query: get recv_counts
TIMER	1.574e+00	2.556e+00	3.401e+00	6	bulk_query: all2all queries
Avg queries: 1.995e+04, max queries on proc 191: 932599
Inbalance factor: 4.674e+01x
TIMER	5.538e-02	1.643e-01	5.841e+00	6	bulk_query: local query
TIMER	1.269e+00	1.402e+00	1.635e+00	6	bulk_query: all2all query results
TIMER	2.068e+02	2.068e+02	2.069e+02	7	resolve_next_lcp: bulk_rmq
TIMER	1.892e-01	2.450e-01	3.953e-01	7	resolve_next_lcp: set LCP
TIMER	2.074e+02	2.074e+02	2.074e+02	7	LCP update
unresolved = 1897267, unfinished = 927479
TIMER	2.393e+02	2.393e+02	2.393e+02	5	bucket-chaising iteration
TIMER	6.287e-02	8.223e-02	1.025e-01	6	bulk_query: get recv_counts
TIMER	6.304e-01	1.058e+00	1.564e+00	6	bulk_query: all2all queries
Avg queries: 9.882e+03, max queries on proc 191: 444407
Inbalance factor: 4.497e+01x
TIMER	4.442e-02	8.918e-02	2.306e+00	6	bulk_query: local query
TIMER	1.004e+00	1.142e+00	1.419e+00	6	bulk_query: all2all query results
TIMER	2.087e+02	2.088e+02	2.088e+02	7	resolve_next_lcp: bulk_rmq
TIMER	7.229e-02	1.193e-01	3.153e-01	7	resolve_next_lcp: set LCP
TIMER	2.093e+02	2.093e+02	2.093e+02	7	LCP update
unresolved = 887691, unfinished = 430529
TIMER	2.259e+02	2.259e+02	2.259e+02	5	bucket-chaising iteration
TIMER	8.184e-02	1.117e-01	1.428e-01	6	bulk_query: get recv_counts
TIMER	5.539e-01	7.459e-01	9.783e-01	6	bulk_query: all2all queries
Avg queries: 4.623e+03, max queries on proc 191: 206909
Inbalance factor: 4.475e+01x
TIMER	5.361e-02	7.396e-02	8.806e-01	6	bulk_query: local query
TIMER	3.303e-01	3.819e-01	4.300e-01	6	bulk_query: all2all query results
TIMER	2.026e+02	2.026e+02	2.027e+02	7	resolve_next_lcp: bulk_rmq
TIMER	4.136e-02	6.458e-02	2.153e-01	7	resolve_next_lcp: set LCP
TIMER	2.030e+02	2.030e+02	2.030e+02	7	LCP update
unresolved = 397767, unfinished = 190943
TIMER	2.135e+02	2.135e+02	2.135e+02	5	bucket-chaising iteration
TIMER	4.743e-02	7.021e-02	9.143e-02	6	bulk_query: get recv_counts
TIMER	1.717e-01	2.906e-01	4.445e-01	6	bulk_query: all2all queries
Avg queries: 2.072e+03, max queries on proc 191: 113284
Inbalance factor: 5.468e+01x
TIMER	4.062e-02	5.036e-02	4.428e-01	6	bulk_query: local query
TIMER	1.558e-01	2.160e-01	2.612e-01	6	bulk_query: all2all query results
TIMER	2.026e+02	2.026e+02	2.026e+02	7	resolve_next_lcp: bulk_rmq
TIMER	2.423e-02	4.372e-02	1.574e-01	7	resolve_next_lcp: set LCP
TIMER	2.029e+02	2.029e+02	2.029e+02	7	LCP update
unresolved = 91070, unfinished = 45535
TIMER	2.069e+02	2.069e+02	2.069e+02	5	bucket-chaising iteration
TIMER	4.186e-02	5.461e-02	7.710e-02	6	bulk_query: get recv_counts
TIMER	1.053e-01	1.764e-01	3.047e-01	6	bulk_query: all2all queries
Avg queries: 4.743e+02, max queries on proc 6: 49248
Inbalance factor: 1.038e+02x
TIMER	3.770e-02	4.177e-02	2.163e-01	6	bulk_query: local query
TIMER	6.930e-02	1.040e-01	1.483e-01	6	bulk_query: all2all query results
TIMER	2.014e+02	2.014e+02	2.014e+02	7	resolve_next_lcp: bulk_rmq
TIMER	6.858e-03	1.666e-02	8.197e-02	7	resolve_next_lcp: set LCP
TIMER	2.016e+02	2.016e+02	2.016e+02	7	LCP update
unresolved = 0, unfinished = 0
TIMER	2.038e+02	2.038e+02	2.039e+02	5	bucket-chaising iteration
TIMER	5.299e+03	5.299e+03	5.299e+03	4	construct-msgs
TIMER	5.910e+01	6.213e+01	6.537e+01	4	fix-isa
TIMER	1.583e+04	1.583e+04	1.583e+04	2	desa_construct: SA/LCP construct
TIMER	3.111e+02	3.112e+02	3.113e+02	2	desa_construct: TLI construct
TIMER	3.100e-02	3.641e-02	4.815e-02	3	repartition: 1D-partition
TIMER	4.113e-01	4.132e-01	4.179e-01	2	desa_construct: 1-D partition
TIMER	4.945e+02	4.949e+02	4.953e+02	3	repartition: redistribute
TIMER	4.955e+02	4.955e+02	4.960e+02	2	desa_construct: repartition
TIMER	1.908e+02	1.950e+02	1.988e+02	2	desa_construct: RMQ construct
TIMER	5.895e-02	7.509e-02	1.223e-01	3	bulk_query: get recv_counts
TIMER	5.239e+02	5.429e+02	5.512e+02	3	bulk_query: all2all queries
Avg queries: 1.492e+07, max queries on proc 173: 14920893
Inbalance factor: 1.000e+00x
TIMER	2.366e+02	2.588e+02	2.754e+02	3	bulk_query: local query
TIMER	6.401e+01	6.587e+01	6.757e+01	3	bulk_query: all2all query results
TIMER	1.697e+03	1.709e+03	1.732e+03	2	desa_construct: Lc naive construct
TIMER	1.858e+04	1.858e+04	1.858e+04	1	construct idx
