== Node distribution == 
== p=1536 processes on 32 nodes ==
--  Node: 'c476-134.stampede2.tacc.utexas.edu' (48/1536)
        Ranks: 0, 1, 2, 3, 4, 5, 6, 7, 8, 9, 10, 11, 12, 13, 14, 15, 16, 17, 18, 19, 20, 21, 22, 23, 24, 25, 26, 27, 28, 29, 30, 31, 32, 33, 34, 35, 36, 37, 38, 39, 40, 41, 42, 43, 44, 45, 46, 47
--  Node: 'c477-003.stampede2.tacc.utexas.edu' (48/1536)
        Ranks: 48, 49, 50, 51, 52, 53, 54, 55, 56, 57, 58, 59, 60, 61, 62, 63, 64, 65, 66, 67, 68, 69, 70, 71, 72, 73, 74, 75, 76, 77, 78, 79, 80, 81, 82, 83, 84, 85, 86, 87, 88, 89, 90, 91, 92, 93, 94, 95
--  Node: 'c477-004.stampede2.tacc.utexas.edu' (48/1536)
        Ranks: 96, 97, 98, 99, 100, 101, 102, 103, 104, 105, 106, 107, 108, 109, 110, 111, 112, 113, 114, 115, 116, 117, 118, 119, 120, 121, 122, 123, 124, 125, 126, 127, 128, 129, 130, 131, 132, 133, 134, 135, 136, 137, 138, 139, 140, 141, 142, 143
--  Node: 'c477-012.stampede2.tacc.utexas.edu' (48/1536)
        Ranks: 144, 145, 146, 147, 148, 149, 150, 151, 152, 153, 154, 155, 156, 157, 158, 159, 160, 161, 162, 163, 164, 165, 166, 167, 168, 169, 170, 171, 172, 173, 174, 175, 176, 177, 178, 179, 180, 181, 182, 183, 184, 185, 186, 187, 188, 189, 190, 191
--  Node: 'c477-013.stampede2.tacc.utexas.edu' (48/1536)
        Ranks: 192, 193, 194, 195, 196, 197, 198, 199, 200, 201, 202, 203, 204, 205, 206, 207, 208, 209, 210, 211, 212, 213, 214, 215, 216, 217, 218, 219, 220, 221, 222, 223, 224, 225, 226, 227, 228, 229, 230, 231, 232, 233, 234, 235, 236, 237, 238, 239
--  Node: 'c477-014.stampede2.tacc.utexas.edu' (48/1536)
        Ranks: 240, 241, 242, 243, 244, 245, 246, 247, 248, 249, 250, 251, 252, 253, 254, 255, 256, 257, 258, 259, 260, 261, 262, 263, 264, 265, 266, 267, 268, 269, 270, 271, 272, 273, 274, 275, 276, 277, 278, 279, 280, 281, 282, 283, 284, 285, 286, 287
--  Node: 'c477-041.stampede2.tacc.utexas.edu' (48/1536)
        Ranks: 288, 289, 290, 291, 292, 293, 294, 295, 296, 297, 298, 299, 300, 301, 302, 303, 304, 305, 306, 307, 308, 309, 310, 311, 312, 313, 314, 315, 316, 317, 318, 319, 320, 321, 322, 323, 324, 325, 326, 327, 328, 329, 330, 331, 332, 333, 334, 335
--  Node: 'c477-051.stampede2.tacc.utexas.edu' (48/1536)
        Ranks: 336, 337, 338, 339, 340, 341, 342, 343, 344, 345, 346, 347, 348, 349, 350, 351, 352, 353, 354, 355, 356, 357, 358, 359, 360, 361, 362, 363, 364, 365, 366, 367, 368, 369, 370, 371, 372, 373, 374, 375, 376, 377, 378, 379, 380, 381, 382, 383
--  Node: 'c477-111.stampede2.tacc.utexas.edu' (48/1536)
        Ranks: 384, 385, 386, 387, 388, 389, 390, 391, 392, 393, 394, 395, 396, 397, 398, 399, 400, 401, 402, 403, 404, 405, 406, 407, 408, 409, 410, 411, 412, 413, 414, 415, 416, 417, 418, 419, 420, 421, 422, 423, 424, 425, 426, 427, 428, 429, 430, 431
--  Node: 'c477-112.stampede2.tacc.utexas.edu' (48/1536)
        Ranks: 432, 433, 434, 435, 436, 437, 438, 439, 440, 441, 442, 443, 444, 445, 446, 447, 448, 449, 450, 451, 452, 453, 454, 455, 456, 457, 458, 459, 460, 461, 462, 463, 464, 465, 466, 467, 468, 469, 470, 471, 472, 473, 474, 475, 476, 477, 478, 479
--  Node: 'c477-114.stampede2.tacc.utexas.edu' (48/1536)
        Ranks: 480, 481, 482, 483, 484, 485, 486, 487, 488, 489, 490, 491, 492, 493, 494, 495, 496, 497, 498, 499, 500, 501, 502, 503, 504, 505, 506, 507, 508, 509, 510, 511, 512, 513, 514, 515, 516, 517, 518, 519, 520, 521, 522, 523, 524, 525, 526, 527
--  Node: 'c477-122.stampede2.tacc.utexas.edu' (48/1536)
        Ranks: 528, 529, 530, 531, 532, 533, 534, 535, 536, 537, 538, 539, 540, 541, 542, 543, 544, 545, 546, 547, 548, 549, 550, 551, 552, 553, 554, 555, 556, 557, 558, 559, 560, 561, 562, 563, 564, 565, 566, 567, 568, 569, 570, 571, 572, 573, 574, 575
--  Node: 'c492-101.stampede2.tacc.utexas.edu' (48/1536)
        Ranks: 576, 577, 578, 579, 580, 581, 582, 583, 584, 585, 586, 587, 588, 589, 590, 591, 592, 593, 594, 595, 596, 597, 598, 599, 600, 601, 602, 603, 604, 605, 606, 607, 608, 609, 610, 611, 612, 613, 614, 615, 616, 617, 618, 619, 620, 621, 622, 623
--  Node: 'c493-084.stampede2.tacc.utexas.edu' (48/1536)
        Ranks: 624, 625, 626, 627, 628, 629, 630, 631, 632, 633, 634, 635, 636, 637, 638, 639, 640, 641, 642, 643, 644, 645, 646, 647, 648, 649, 650, 651, 652, 653, 654, 655, 656, 657, 658, 659, 660, 661, 662, 663, 664, 665, 666, 667, 668, 669, 670, 671
--  Node: 'c494-071.stampede2.tacc.utexas.edu' (48/1536)
        Ranks: 672, 673, 674, 675, 676, 677, 678, 679, 680, 681, 682, 683, 684, 685, 686, 687, 688, 689, 690, 691, 692, 693, 694, 695, 696, 697, 698, 699, 700, 701, 702, 703, 704, 705, 706, 707, 708, 709, 710, 711, 712, 713, 714, 715, 716, 717, 718, 719
--  Node: 'c495-022.stampede2.tacc.utexas.edu' (48/1536)
        Ranks: 720, 721, 722, 723, 724, 725, 726, 727, 728, 729, 730, 731, 732, 733, 734, 735, 736, 737, 738, 739, 740, 741, 742, 743, 744, 745, 746, 747, 748, 749, 750, 751, 752, 753, 754, 755, 756, 757, 758, 759, 760, 761, 762, 763, 764, 765, 766, 767
--  Node: 'c495-023.stampede2.tacc.utexas.edu' (48/1536)
        Ranks: 768, 769, 770, 771, 772, 773, 774, 775, 776, 777, 778, 779, 780, 781, 782, 783, 784, 785, 786, 787, 788, 789, 790, 791, 792, 793, 794, 795, 796, 797, 798, 799, 800, 801, 802, 803, 804, 805, 806, 807, 808, 809, 810, 811, 812, 813, 814, 815
--  Node: 'c495-033.stampede2.tacc.utexas.edu' (48/1536)
        Ranks: 816, 817, 818, 819, 820, 821, 822, 823, 824, 825, 826, 827, 828, 829, 830, 831, 832, 833, 834, 835, 836, 837, 838, 839, 840, 841, 842, 843, 844, 845, 846, 847, 848, 849, 850, 851, 852, 853, 854, 855, 856, 857, 858, 859, 860, 861, 862, 863
--  Node: 'c495-034.stampede2.tacc.utexas.edu' (48/1536)
        Ranks: 864, 865, 866, 867, 868, 869, 870, 871, 872, 873, 874, 875, 876, 877, 878, 879, 880, 881, 882, 883, 884, 885, 886, 887, 888, 889, 890, 891, 892, 893, 894, 895, 896, 897, 898, 899, 900, 901, 902, 903, 904, 905, 906, 907, 908, 909, 910, 911
--  Node: 'c495-041.stampede2.tacc.utexas.edu' (48/1536)
        Ranks: 912, 913, 914, 915, 916, 917, 918, 919, 920, 921, 922, 923, 924, 925, 926, 927, 928, 929, 930, 931, 932, 933, 934, 935, 936, 937, 938, 939, 940, 941, 942, 943, 944, 945, 946, 947, 948, 949, 950, 951, 952, 953, 954, 955, 956, 957, 958, 959
--  Node: 'c495-091.stampede2.tacc.utexas.edu' (48/1536)
        Ranks: 960, 961, 962, 963, 964, 965, 966, 967, 968, 969, 970, 971, 972, 973, 974, 975, 976, 977, 978, 979, 980, 981, 982, 983, 984, 985, 986, 987, 988, 989, 990, 991, 992, 993, 994, 995, 996, 997, 998, 999, 1000, 1001, 1002, 1003, 1004, 1005, 1006, 1007
--  Node: 'c495-092.stampede2.tacc.utexas.edu' (48/1536)
        Ranks: 1008, 1009, 1010, 1011, 1012, 1013, 1014, 1015, 1016, 1017, 1018, 1019, 1020, 1021, 1022, 1023, 1024, 1025, 1026, 1027, 1028, 1029, 1030, 1031, 1032, 1033, 1034, 1035, 1036, 1037, 1038, 1039, 1040, 1041, 1042, 1043, 1044, 1045, 1046, 1047, 1048, 1049, 1050, 1051, 1052, 1053, 1054, 1055
--  Node: 'c506-101.stampede2.tacc.utexas.edu' (48/1536)
        Ranks: 1056, 1057, 1058, 1059, 1060, 1061, 1062, 1063, 1064, 1065, 1066, 1067, 1068, 1069, 1070, 1071, 1072, 1073, 1074, 1075, 1076, 1077, 1078, 1079, 1080, 1081, 1082, 1083, 1084, 1085, 1086, 1087, 1088, 1089, 1090, 1091, 1092, 1093, 1094, 1095, 1096, 1097, 1098, 1099, 1100, 1101, 1102, 1103
--  Node: 'c506-102.stampede2.tacc.utexas.edu' (48/1536)
        Ranks: 1104, 1105, 1106, 1107, 1108, 1109, 1110, 1111, 1112, 1113, 1114, 1115, 1116, 1117, 1118, 1119, 1120, 1121, 1122, 1123, 1124, 1125, 1126, 1127, 1128, 1129, 1130, 1131, 1132, 1133, 1134, 1135, 1136, 1137, 1138, 1139, 1140, 1141, 1142, 1143, 1144, 1145, 1146, 1147, 1148, 1149, 1150, 1151
--  Node: 'c506-103.stampede2.tacc.utexas.edu' (48/1536)
        Ranks: 1152, 1153, 1154, 1155, 1156, 1157, 1158, 1159, 1160, 1161, 1162, 1163, 1164, 1165, 1166, 1167, 1168, 1169, 1170, 1171, 1172, 1173, 1174, 1175, 1176, 1177, 1178, 1179, 1180, 1181, 1182, 1183, 1184, 1185, 1186, 1187, 1188, 1189, 1190, 1191, 1192, 1193, 1194, 1195, 1196, 1197, 1198, 1199
--  Node: 'c506-104.stampede2.tacc.utexas.edu' (48/1536)
        Ranks: 1200, 1201, 1202, 1203, 1204, 1205, 1206, 1207, 1208, 1209, 1210, 1211, 1212, 1213, 1214, 1215, 1216, 1217, 1218, 1219, 1220, 1221, 1222, 1223, 1224, 1225, 1226, 1227, 1228, 1229, 1230, 1231, 1232, 1233, 1234, 1235, 1236, 1237, 1238, 1239, 1240, 1241, 1242, 1243, 1244, 1245, 1246, 1247
--  Node: 'c506-111.stampede2.tacc.utexas.edu' (48/1536)
        Ranks: 1248, 1249, 1250, 1251, 1252, 1253, 1254, 1255, 1256, 1257, 1258, 1259, 1260, 1261, 1262, 1263, 1264, 1265, 1266, 1267, 1268, 1269, 1270, 1271, 1272, 1273, 1274, 1275, 1276, 1277, 1278, 1279, 1280, 1281, 1282, 1283, 1284, 1285, 1286, 1287, 1288, 1289, 1290, 1291, 1292, 1293, 1294, 1295
--  Node: 'c506-112.stampede2.tacc.utexas.edu' (48/1536)
        Ranks: 1296, 1297, 1298, 1299, 1300, 1301, 1302, 1303, 1304, 1305, 1306, 1307, 1308, 1309, 1310, 1311, 1312, 1313, 1314, 1315, 1316, 1317, 1318, 1319, 1320, 1321, 1322, 1323, 1324, 1325, 1326, 1327, 1328, 1329, 1330, 1331, 1332, 1333, 1334, 1335, 1336, 1337, 1338, 1339, 1340, 1341, 1342, 1343
--  Node: 'c506-123.stampede2.tacc.utexas.edu' (48/1536)
        Ranks: 1344, 1345, 1346, 1347, 1348, 1349, 1350, 1351, 1352, 1353, 1354, 1355, 1356, 1357, 1358, 1359, 1360, 1361, 1362, 1363, 1364, 1365, 1366, 1367, 1368, 1369, 1370, 1371, 1372, 1373, 1374, 1375, 1376, 1377, 1378, 1379, 1380, 1381, 1382, 1383, 1384, 1385, 1386, 1387, 1388, 1389, 1390, 1391
--  Node: 'c506-124.stampede2.tacc.utexas.edu' (48/1536)
        Ranks: 1392, 1393, 1394, 1395, 1396, 1397, 1398, 1399, 1400, 1401, 1402, 1403, 1404, 1405, 1406, 1407, 1408, 1409, 1410, 1411, 1412, 1413, 1414, 1415, 1416, 1417, 1418, 1419, 1420, 1421, 1422, 1423, 1424, 1425, 1426, 1427, 1428, 1429, 1430, 1431, 1432, 1433, 1434, 1435, 1436, 1437, 1438, 1439
--  Node: 'c506-131.stampede2.tacc.utexas.edu' (48/1536)
        Ranks: 1440, 1441, 1442, 1443, 1444, 1445, 1446, 1447, 1448, 1449, 1450, 1451, 1452, 1453, 1454, 1455, 1456, 1457, 1458, 1459, 1460, 1461, 1462, 1463, 1464, 1465, 1466, 1467, 1468, 1469, 1470, 1471, 1472, 1473, 1474, 1475, 1476, 1477, 1478, 1479, 1480, 1481, 1482, 1483, 1484, 1485, 1486, 1487
--  Node: 'c506-132.stampede2.tacc.utexas.edu' (48/1536)
        Ranks: 1488, 1489, 1490, 1491, 1492, 1493, 1494, 1495, 1496, 1497, 1498, 1499, 1500, 1501, 1502, 1503, 1504, 1505, 1506, 1507, 1508, 1509, 1510, 1511, 1512, 1513, 1514, 1515, 1516, 1517, 1518, 1519, 1520, 1521, 1522, 1523, 1524, 1525, 1526, 1527, 1528, 1529, 1530, 1531, 1532, 1533, 1534, 1535
TIMER	1.320e+01	4.627e+01	6.696e+01	1	read input file
TIMER	1.650e+00	1.655e+00	1.660e+00	2	desa_construct: cpy str
Alphabet: {sigma=4, l=3, A=[A, C, G, T]}
TIMER	2.216e+00	2.224e+00	2.256e+00	3	get alphabet
TIMER	1.702e+01	1.872e+01	2.063e+01	4	kmer-gen
TIMER	1.862e+01	2.140e+01	2.586e+01	5	shift-buckets
TIMER	1.171e+03	1.179e+03	1.200e+03	5	ISA-to-SA
TIMER	2.938e+01	3.371e+01	4.234e+01	5	init-lcp
iteration 21: unfinished buckets = 51313051, unfinished elements = 252565073
TIMER	1.924e+01	1.964e+01	2.042e+01	5	rebucket
TIMER	5.054e+02	5.102e+02	5.168e+02	5	SA-to-ISA
TIMER	1.808e+03	1.808e+03	1.808e+03	5	sac-iteration
Starting Bucket chasing algorithm
unresolved = 252565180, unfinished = 51313051
TIMER	1.027e+01	1.090e+01	1.135e+01	5	get active elements
TIMER	3.387e-01	3.900e-01	4.494e-01	6	bulk_query: get recv_counts
TIMER	1.822e+02	1.825e+02	1.828e+02	6	bulk_query: all2all queries
Avg queries: 1.644e+05, max queries on proc 822: 1503985
Inbalance factor: 9.147e+00x
TIMER	7.432e-01	2.329e+00	1.890e+01	6	bulk_query: local query
TIMER	3.332e+02	3.339e+02	3.344e+02	6	bulk_query: all2all query results
TIMER	1.868e+02	1.897e+02	2.083e+02	7	resolve_next_lcp: bulk_rmq
TIMER	8.561e-01	1.741e+00	3.988e+00	7	resolve_next_lcp: set LCP
TIMER	2.125e+02	2.125e+02	2.125e+02	7	LCP update
unresolved = 83264472, unfinished = 25014138
TIMER	1.135e+03	1.135e+03	1.135e+03	5	bucket-chaising iteration
TIMER	3.035e-01	3.513e-01	3.902e-01	6	bulk_query: get recv_counts
TIMER	1.710e+02	1.711e+02	1.714e+02	6	bulk_query: all2all queries
Avg queries: 5.421e+04, max queries on proc 489: 1286198
Inbalance factor: 2.373e+01x
TIMER	1.276e-01	5.207e-01	1.412e+01	6	bulk_query: local query
TIMER	8.287e+00	8.543e+00	8.798e+00	6	bulk_query: all2all query results
TIMER	5.145e+01	5.201e+01	5.336e+01	7	resolve_next_lcp: bulk_rmq
TIMER	2.478e-01	5.895e-01	9.437e-01	7	resolve_next_lcp: set LCP
TIMER	5.452e+01	5.452e+01	5.453e+01	7	LCP update
unresolved = 39125110, unfinished = 14728266
TIMER	6.298e+02	6.298e+02	6.298e+02	5	bucket-chaising iteration
TIMER	3.068e-01	3.397e-01	3.830e-01	6	bulk_query: get recv_counts
TIMER	6.609e+00	6.820e+00	7.041e+00	6	bulk_query: all2all queries
Avg queries: 2.547e+04, max queries on proc 489: 1125098
Inbalance factor: 4.417e+01x
TIMER	7.923e-02	2.702e-01	9.727e+00	6	bulk_query: local query
TIMER	5.838e+00	6.311e+00	6.811e+00	6	bulk_query: all2all query results
TIMER	4.061e+01	4.116e+01	4.164e+01	7	resolve_next_lcp: bulk_rmq
TIMER	1.564e-01	2.647e-01	3.658e-01	7	resolve_next_lcp: set LCP
TIMER	4.223e+01	4.223e+01	4.224e+01	7	LCP update
unresolved = 21253898, unfinished = 9155159
TIMER	1.045e+02	1.046e+02	1.046e+02	5	bucket-chaising iteration
TIMER	2.896e-01	3.390e-01	4.000e-01	6	bulk_query: get recv_counts
TIMER	1.675e+00	5.155e+00	5.492e+00	6	bulk_query: all2all queries
Avg queries: 1.384e+04, max queries on proc 489: 910485
Inbalance factor: 6.580e+01x
TIMER	5.504e-02	1.464e-01	7.077e+00	6	bulk_query: local query
TIMER	3.699e+00	3.845e+00	4.039e+00	6	bulk_query: all2all query results
TIMER	3.292e+01	3.298e+01	3.305e+01	7	resolve_next_lcp: bulk_rmq
TIMER	1.047e-01	1.384e-01	1.823e-01	7	resolve_next_lcp: set LCP
TIMER	3.343e+01	3.344e+01	3.345e+01	7	LCP update
unresolved = 12458753, unfinished = 5704526
TIMER	7.472e+01	7.472e+01	7.475e+01	5	bucket-chaising iteration
TIMER	2.806e-01	3.295e-01	3.674e-01	6	bulk_query: get recv_counts
TIMER	1.779e+00	3.304e+00	4.785e+00	6	bulk_query: all2all queries
Avg queries: 8.111e+03, max queries on proc 1530: 678853
Inbalance factor: 8.369e+01x
TIMER	1.330e-01	2.460e-01	5.282e+00	6	bulk_query: local query
TIMER	2.684e+00	2.813e+00	2.939e+00	6	bulk_query: all2all query results
TIMER	4.107e+01	4.113e+01	4.128e+01	7	resolve_next_lcp: bulk_rmq
TIMER	5.029e-02	9.504e-02	9.114e-01	7	resolve_next_lcp: set LCP
TIMER	4.273e+01	4.273e+01	4.275e+01	7	LCP update
unresolved = 7057961, unfinished = 3349572
TIMER	7.602e+01	7.602e+01	7.604e+01	5	bucket-chaising iteration
TIMER	2.921e-01	3.317e-01	3.623e-01	6	bulk_query: get recv_counts
TIMER	1.447e+00	2.273e+00	3.786e+00	6	bulk_query: all2all queries
Avg queries: 4.595e+03, max queries on proc 1530: 446754
Inbalance factor: 9.723e+01x
TIMER	5.556e-02	8.721e-02	3.201e+00	6	bulk_query: local query
TIMER	1.623e+00	1.802e+00	1.946e+00	6	bulk_query: all2all query results
TIMER	3.434e+01	3.447e+01	3.455e+01	7	resolve_next_lcp: bulk_rmq
TIMER	3.207e-02	4.800e-02	1.149e-01	7	resolve_next_lcp: set LCP
TIMER	3.499e+01	3.500e+01	3.501e+01	7	LCP update
unresolved = 3830919, unfinished = 1858430
TIMER	5.663e+01	5.665e+01	5.669e+01	5	bucket-chaising iteration
TIMER	2.855e-01	3.375e-01	4.631e-01	6	bulk_query: get recv_counts
TIMER	1.064e+00	1.748e+00	2.917e+00	6	bulk_query: all2all queries
Avg queries: 2.494e+03, max queries on proc 1530: 229958
Inbalance factor: 9.220e+01x
TIMER	6.191e-02	7.926e-02	1.522e+00	6	bulk_query: local query
TIMER	1.313e+00	1.501e+00	1.743e+00	6	bulk_query: all2all query results
TIMER	2.891e+01	2.894e+01	2.899e+01	7	resolve_next_lcp: bulk_rmq
TIMER	2.015e-02	2.934e-02	4.323e-02	7	resolve_next_lcp: set LCP
TIMER	2.922e+01	2.922e+01	2.923e+01	7	LCP update
unresolved = 1897267, unfinished = 927479
TIMER	4.487e+01	4.487e+01	4.489e+01	5	bucket-chaising iteration
TIMER	2.921e-01	3.376e-01	3.860e-01	6	bulk_query: get recv_counts
TIMER	8.203e-01	1.499e+00	2.493e+00	6	bulk_query: all2all queries
Avg queries: 1.235e+03, max queries on proc 822: 175391
Inbalance factor: 1.420e+02x
TIMER	6.221e-02	7.953e-02	7.768e-01	6	bulk_query: local query
TIMER	8.782e-01	1.010e+00	1.123e+00	6	bulk_query: all2all query results
TIMER	3.036e+01	3.040e+01	3.045e+01	7	resolve_next_lcp: bulk_rmq
TIMER	8.673e-03	1.707e-02	1.169e-01	7	resolve_next_lcp: set LCP
TIMER	3.124e+01	3.125e+01	3.126e+01	7	LCP update
unresolved = 887691, unfinished = 430529
TIMER	4.364e+01	4.364e+01	4.366e+01	5	bucket-chaising iteration
TIMER	2.673e-01	3.351e-01	3.745e-01	6	bulk_query: get recv_counts
TIMER	6.567e-01	1.378e+00	2.335e+00	6	bulk_query: all2all queries
Avg queries: 5.779e+02, max queries on proc 822: 146291
Inbalance factor: 2.531e+02x
TIMER	7.790e-02	9.143e-02	7.244e-01	6	bulk_query: local query
TIMER	6.576e-01	8.101e-01	9.243e-01	6	bulk_query: all2all query results
TIMER	2.630e+01	2.631e+01	2.633e+01	7	resolve_next_lcp: bulk_rmq
TIMER	4.294e-03	9.017e-03	2.353e-02	7	resolve_next_lcp: set LCP
TIMER	2.656e+01	2.657e+01	2.658e+01	7	LCP update
unresolved = 397767, unfinished = 190943
TIMER	3.665e+01	3.666e+01	3.668e+01	5	bucket-chaising iteration
TIMER	2.937e-01	3.326e-01	3.603e-01	6	bulk_query: get recv_counts
TIMER	5.668e-01	1.278e+00	2.045e+00	6	bulk_query: all2all queries
Avg queries: 2.590e+02, max queries on proc 822: 92531
Inbalance factor: 3.573e+02x
TIMER	6.929e-02	7.791e-02	3.974e-01	6	bulk_query: local query
TIMER	4.282e-01	6.611e-01	8.289e-01	6	bulk_query: all2all query results
TIMER	2.740e+01	2.742e+01	2.744e+01	7	resolve_next_lcp: bulk_rmq
TIMER	2.909e-03	5.656e-03	1.637e-02	7	resolve_next_lcp: set LCP
TIMER	2.768e+01	2.769e+01	2.770e+01	7	LCP update
unresolved = 91070, unfinished = 45535
TIMER	3.631e+01	3.632e+01	3.634e+01	5	bucket-chaising iteration
TIMER	2.945e-01	3.328e-01	3.770e-01	6	bulk_query: get recv_counts
TIMER	7.321e-02	9.222e-01	1.871e+00	6	bulk_query: all2all queries
Avg queries: 5.929e+01, max queries on proc 55: 49248
Inbalance factor: 8.306e+02x
TIMER	5.726e-02	6.963e-02	2.471e-01	6	bulk_query: local query
TIMER	3.873e-01	5.641e-01	7.310e-01	6	bulk_query: all2all query results
TIMER	2.547e+01	2.551e+01	2.552e+01	7	resolve_next_lcp: bulk_rmq
TIMER	9.330e-04	2.214e-03	6.168e-03	7	resolve_next_lcp: set LCP
TIMER	2.594e+01	2.595e+01	2.596e+01	7	LCP update
unresolved = 0, unfinished = 0
TIMER	3.369e+01	3.370e+01	3.372e+01	5	bucket-chaising iteration
TIMER	2.287e+03	2.288e+03	2.288e+03	4	construct-msgs
TIMER	5.688e+00	7.270e+00	1.014e+01	4	fix-isa
TIMER	4.131e+03	4.134e+03	4.136e+03	2	desa_construct: SA/LCP construct
TIMER	7.446e+01	7.516e+01	7.780e+01	2	desa_construct: TLI construct
TIMER	5.432e-01	8.277e-01	9.486e-01	3	repartition: 1D-partition
TIMER	6.663e+00	6.666e+00	6.672e+00	2	desa_construct: 1-D partition
TIMER	6.386e+01	6.393e+01	6.400e+01	3	repartition: redistribute
TIMER	6.419e+01	6.420e+01	6.921e+01	2	desa_construct: repartition
TIMER	2.232e+01	2.321e+01	2.426e+01	2	desa_construct: RMQ construct
TIMER	2.864e-01	3.387e-01	3.776e-01	3	bulk_query: get recv_counts
TIMER	1.568e+02	1.581e+02	1.600e+02	3	bulk_query: all2all queries
Avg queries: 1.865e+06, max queries on proc 1403: 1866463
Inbalance factor: 1.001e+00x
TIMER	9.642e+00	1.420e+01	1.600e+01	3	bulk_query: local query
TIMER	1.964e+01	2.024e+01	2.051e+01	3	bulk_query: all2all query results
TIMER	2.987e+02	2.996e+02	3.020e+02	2	desa_construct: Lc naive construct
TIMER	4.619e+03	4.619e+03	4.619e+03	1	construct idx
