== Node distribution == 
== p=192 processes on 4 nodes ==
--  Node: 'c478-072.stampede2.tacc.utexas.edu' (48/192)
        Ranks: 0, 1, 2, 3, 4, 5, 6, 7, 8, 9, 10, 11, 12, 13, 14, 15, 16, 17, 18, 19, 20, 21, 22, 23, 24, 25, 26, 27, 28, 29, 30, 31, 32, 33, 34, 35, 36, 37, 38, 39, 40, 41, 42, 43, 44, 45, 46, 47
--  Node: 'c498-094.stampede2.tacc.utexas.edu' (48/192)
        Ranks: 48, 49, 50, 51, 52, 53, 54, 55, 56, 57, 58, 59, 60, 61, 62, 63, 64, 65, 66, 67, 68, 69, 70, 71, 72, 73, 74, 75, 76, 77, 78, 79, 80, 81, 82, 83, 84, 85, 86, 87, 88, 89, 90, 91, 92, 93, 94, 95
--  Node: 'c498-102.stampede2.tacc.utexas.edu' (48/192)
        Ranks: 96, 97, 98, 99, 100, 101, 102, 103, 104, 105, 106, 107, 108, 109, 110, 111, 112, 113, 114, 115, 116, 117, 118, 119, 120, 121, 122, 123, 124, 125, 126, 127, 128, 129, 130, 131, 132, 133, 134, 135, 136, 137, 138, 139, 140, 141, 142, 143
--  Node: 'c504-064.stampede2.tacc.utexas.edu' (48/192)
        Ranks: 144, 145, 146, 147, 148, 149, 150, 151, 152, 153, 154, 155, 156, 157, 158, 159, 160, 161, 162, 163, 164, 165, 166, 167, 168, 169, 170, 171, 172, 173, 174, 175, 176, 177, 178, 179, 180, 181, 182, 183, 184, 185, 186, 187, 188, 189, 190, 191
TIMER	6.456e+01	8.438e+01	9.374e+01	1	read input file
TIMER	1.293e+01	1.293e+01	1.294e+01	2	desa_construct: cpy str
Alphabet: {sigma=4, l=3, A=[A, C, G, T]}
TIMER	1.325e+01	1.326e+01	1.329e+01	3	get alphabet
TIMER	1.515e+02	1.575e+02	1.638e+02	4	kmer-gen
TIMER	1.696e+02	1.774e+02	1.996e+02	5	shift-buckets
TIMER	6.877e+03	6.891e+03	6.925e+03	5	ISA-to-SA
TIMER	2.736e+02	2.831e+02	3.006e+02	5	init-lcp
iteration 21: unfinished buckets = 51313051, unfinished elements = 252565165
TIMER	1.473e+02	1.491e+02	1.512e+02	5	rebucket
TIMER	2.571e+03	2.625e+03	2.654e+03	5	SA-to-ISA
TIMER	1.023e+04	1.023e+04	1.023e+04	5	sac-iteration
Starting Bucket chasing algorithm
unresolved = 252565180, unfinished = 51313051
TIMER	6.442e+01	6.580e+01	6.704e+01	5	get active elements
TIMER	5.328e-02	2.147e-01	2.374e-01	6	bulk_query: get recv_counts
TIMER	6.222e+01	6.680e+01	6.939e+01	6	bulk_query: all2all queries
Avg queries: 1.315e+06, max queries on proc 102: 7318853
Inbalance factor: 5.564e+00x
TIMER	1.734e+01	2.964e+01	1.035e+02	6	bulk_query: local query
TIMER	5.456e+01	5.666e+01	5.805e+01	6	bulk_query: all2all query results
TIMER	7.548e+02	7.699e+02	8.009e+02	7	resolve_next_lcp: bulk_rmq
TIMER	1.026e+01	1.490e+01	2.058e+01	7	resolve_next_lcp: set LCP
TIMER	8.216e+02	8.216e+02	8.216e+02	7	LCP update
unresolved = 83264472, unfinished = 25014138
TIMER	1.891e+03	1.892e+03	1.892e+03	5	bucket-chaising iteration
TIMER	6.053e-02	7.842e-02	9.719e-02	6	bulk_query: get recv_counts
TIMER	4.026e+01	4.175e+01	4.324e+01	6	bulk_query: all2all queries
Avg queries: 4.337e+05, max queries on proc 102: 5585353
Inbalance factor: 1.288e+01x
TIMER	1.940e+00	6.217e+00	6.734e+01	6	bulk_query: local query
TIMER	2.876e+01	3.048e+01	3.152e+01	6	bulk_query: all2all query results
TIMER	3.066e+02	3.083e+02	3.112e+02	7	resolve_next_lcp: bulk_rmq
TIMER	4.645e+00	5.736e+00	7.228e+00	7	resolve_next_lcp: set LCP
TIMER	3.187e+02	3.187e+02	3.187e+02	7	LCP update
unresolved = 39125110, unfinished = 14728266
TIMER	7.627e+02	7.631e+02	7.666e+02	5	bucket-chaising iteration
TIMER	6.652e-02	9.034e-02	1.373e-01	6	bulk_query: get recv_counts
TIMER	2.444e+01	2.514e+01	2.649e+01	6	bulk_query: all2all queries
Avg queries: 2.038e+05, max queries on proc 102: 4113032
Inbalance factor: 2.018e+01x
TIMER	3.013e-01	2.042e+00	4.410e+01	6	bulk_query: local query
TIMER	1.354e+01	1.482e+01	1.531e+01	6	bulk_query: all2all query results
TIMER	2.391e+02	2.395e+02	2.403e+02	7	resolve_next_lcp: bulk_rmq
TIMER	2.439e+00	2.832e+00	3.702e+00	7	resolve_next_lcp: set LCP
TIMER	2.442e+02	2.442e+02	2.442e+02	7	LCP update
unresolved = 21253898, unfinished = 9155159
TIMER	5.087e+02	5.088e+02	5.113e+02	5	bucket-chaising iteration
TIMER	6.368e-02	8.468e-02	1.107e-01	6	bulk_query: get recv_counts
TIMER	1.272e+01	1.438e+01	1.539e+01	6	bulk_query: all2all queries
Avg queries: 1.107e+05, max queries on proc 191: 3062473
Inbalance factor: 2.767e+01x
TIMER	6.693e-02	9.328e-01	2.558e+01	6	bulk_query: local query
TIMER	9.507e+00	1.166e+01	1.409e+01	6	bulk_query: all2all query results
TIMER	2.194e+02	2.195e+02	2.197e+02	7	resolve_next_lcp: bulk_rmq
TIMER	1.286e+00	1.496e+00	1.729e+00	7	resolve_next_lcp: set LCP
TIMER	2.217e+02	2.217e+02	2.218e+02	7	LCP update
unresolved = 12458753, unfinished = 5704526
TIMER	3.857e+02	3.857e+02	3.857e+02	5	bucket-chaising iteration
TIMER	6.937e-02	9.115e-02	1.319e-01	6	bulk_query: get recv_counts
TIMER	7.226e+00	8.690e+00	9.599e+00	6	bulk_query: all2all queries
Avg queries: 6.489e+04, max queries on proc 191: 2232622
Inbalance factor: 3.441e+01x
TIMER	5.041e-02	5.012e-01	1.688e+01	6	bulk_query: local query
TIMER	5.931e+00	7.078e+00	7.903e+00	6	bulk_query: all2all query results
TIMER	2.102e+02	2.103e+02	2.104e+02	7	resolve_next_lcp: bulk_rmq
TIMER	6.961e-01	8.327e-01	1.455e+00	7	resolve_next_lcp: set LCP
TIMER	2.120e+02	2.120e+02	2.120e+02	7	LCP update
unresolved = 7057961, unfinished = 3349572
TIMER	3.152e+02	3.152e+02	3.152e+02	5	bucket-chaising iteration
TIMER	6.467e-02	8.109e-02	1.097e-01	6	bulk_query: get recv_counts
TIMER	2.758e+00	4.328e+00	5.621e+00	6	bulk_query: all2all queries
Avg queries: 3.676e+04, max queries on proc 191: 1516559
Inbalance factor: 4.126e+01x
TIMER	4.381e-02	2.706e-01	1.091e+01	6	bulk_query: local query
TIMER	2.395e+00	2.666e+00	3.424e+00	6	bulk_query: all2all query results
TIMER	2.045e+02	2.045e+02	2.046e+02	7	resolve_next_lcp: bulk_rmq
TIMER	3.455e-01	4.401e-01	5.632e-01	7	resolve_next_lcp: set LCP
TIMER	2.053e+02	2.053e+02	2.053e+02	7	LCP update
unresolved = 3830919, unfinished = 1858430
TIMER	2.657e+02	2.657e+02	2.658e+02	5	bucket-chaising iteration
TIMER	5.594e-02	7.867e-02	1.184e-01	6	bulk_query: get recv_counts
TIMER	1.358e+00	2.395e+00	3.461e+00	6	bulk_query: all2all queries
Avg queries: 1.995e+04, max queries on proc 191: 932599
Inbalance factor: 4.674e+01x
TIMER	5.474e-02	1.598e-01	6.132e+00	6	bulk_query: local query
TIMER	1.311e+00	1.428e+00	1.666e+00	6	bulk_query: all2all query results
TIMER	2.035e+02	2.035e+02	2.036e+02	7	resolve_next_lcp: bulk_rmq
TIMER	1.809e-01	2.426e-01	3.774e-01	7	resolve_next_lcp: set LCP
TIMER	2.041e+02	2.041e+02	2.041e+02	7	LCP update
unresolved = 1897267, unfinished = 927479
TIMER	2.373e+02	2.373e+02	2.373e+02	5	bucket-chaising iteration
TIMER	6.113e-02	8.156e-02	1.158e-01	6	bulk_query: get recv_counts
TIMER	6.506e-01	1.128e+00	1.746e+00	6	bulk_query: all2all queries
Avg queries: 9.882e+03, max queries on proc 191: 444407
Inbalance factor: 4.497e+01x
TIMER	5.736e-02	1.047e-01	2.492e+00	6	bulk_query: local query
TIMER	5.860e-01	7.220e-01	9.258e-01	6	bulk_query: all2all query results
TIMER	2.017e+02	2.018e+02	2.018e+02	7	resolve_next_lcp: bulk_rmq
TIMER	7.267e-02	1.180e-01	3.238e-01	7	resolve_next_lcp: set LCP
TIMER	2.023e+02	2.023e+02	2.023e+02	7	LCP update
unresolved = 887691, unfinished = 430529
TIMER	2.181e+02	2.181e+02	2.181e+02	5	bucket-chaising iteration
TIMER	5.196e-02	7.024e-02	9.753e-02	6	bulk_query: get recv_counts
TIMER	3.240e-01	4.561e-01	6.808e-01	6	bulk_query: all2all queries
Avg queries: 4.623e+03, max queries on proc 191: 206909
Inbalance factor: 4.475e+01x
TIMER	5.321e-02	7.367e-02	8.899e-01	6	bulk_query: local query
TIMER	3.435e-01	3.881e-01	4.413e-01	6	bulk_query: all2all query results
TIMER	2.032e+02	2.032e+02	2.032e+02	7	resolve_next_lcp: bulk_rmq
TIMER	3.997e-02	6.327e-02	2.177e-01	7	resolve_next_lcp: set LCP
TIMER	2.036e+02	2.036e+02	2.036e+02	7	LCP update
unresolved = 397767, unfinished = 190943
TIMER	2.106e+02	2.106e+02	2.106e+02	5	bucket-chaising iteration
TIMER	5.163e-02	6.717e-02	1.008e-01	6	bulk_query: get recv_counts
TIMER	1.829e-01	2.955e-01	4.666e-01	6	bulk_query: all2all queries
Avg queries: 2.072e+03, max queries on proc 191: 113284
Inbalance factor: 5.468e+01x
TIMER	4.917e-02	6.042e-02	4.427e-01	6	bulk_query: local query
TIMER	1.684e-01	2.324e-01	2.812e-01	6	bulk_query: all2all query results
TIMER	2.024e+02	2.024e+02	2.025e+02	7	resolve_next_lcp: bulk_rmq
TIMER	2.599e-02	4.276e-02	1.463e-01	7	resolve_next_lcp: set LCP
TIMER	2.028e+02	2.028e+02	2.028e+02	7	LCP update
unresolved = 91070, unfinished = 45535
TIMER	2.068e+02	2.068e+02	2.068e+02	5	bucket-chaising iteration
TIMER	4.387e-02	8.591e-02	1.689e-01	6	bulk_query: get recv_counts
TIMER	1.564e-01	2.348e-01	3.245e-01	6	bulk_query: all2all queries
Avg queries: 4.743e+02, max queries on proc 6: 49248
Inbalance factor: 1.038e+02x
TIMER	8.769e-02	9.405e-02	2.781e-01	6	bulk_query: local query
TIMER	1.585e-01	1.946e-01	2.474e-01	6	bulk_query: all2all query results
TIMER	2.068e+02	2.069e+02	2.070e+02	7	resolve_next_lcp: bulk_rmq
TIMER	6.455e-03	1.517e-02	7.641e-02	7	resolve_next_lcp: set LCP
TIMER	2.073e+02	2.073e+02	2.073e+02	7	LCP update
unresolved = 0, unfinished = 0
TIMER	2.104e+02	2.104e+02	2.105e+02	5	bucket-chaising iteration
TIMER	5.294e+03	5.294e+03	5.294e+03	4	construct-msgs
TIMER	5.858e+01	6.265e+01	6.576e+01	4	fix-isa
TIMER	1.577e+04	1.577e+04	1.577e+04	2	desa_construct: SA/LCP construct
TIMER	3.194e+02	3.195e+02	3.196e+02	2	desa_construct: TLI construct
TIMER	3.138e-02	3.643e-02	4.861e-02	3	repartition: 1D-partition
TIMER	4.326e-01	4.338e-01	4.380e-01	2	desa_construct: 1-D partition
TIMER	4.964e+02	4.970e+02	4.975e+02	3	repartition: redistribute
TIMER	4.977e+02	4.977e+02	4.984e+02	2	desa_construct: repartition
TIMER	1.910e+02	1.949e+02	1.985e+02	2	desa_construct: RMQ construct
TIMER	8.897e-02	1.219e-01	1.495e-01	3	bulk_query: get recv_counts
TIMER	5.144e+02	5.249e+02	5.301e+02	3	bulk_query: all2all queries
Avg queries: 1.492e+07, max queries on proc 173: 14920893
Inbalance factor: 1.000e+00x
TIMER	2.408e+02	2.603e+02	2.750e+02	3	bulk_query: local query
TIMER	6.005e+01	6.152e+01	6.286e+01	3	bulk_query: all2all query results
TIMER	1.676e+03	1.688e+03	1.716e+03	2	desa_construct: Lc naive construct
TIMER	1.852e+04	1.852e+04	1.852e+04	1	construct idx
