== Node distribution == 
== p=192 processes on 4 nodes ==
--  Node: 'c476-134.stampede2.tacc.utexas.edu' (48/192)
        Ranks: 0, 1, 2, 3, 4, 5, 6, 7, 8, 9, 10, 11, 12, 13, 14, 15, 16, 17, 18, 19, 20, 21, 22, 23, 24, 25, 26, 27, 28, 29, 30, 31, 32, 33, 34, 35, 36, 37, 38, 39, 40, 41, 42, 43, 44, 45, 46, 47
--  Node: 'c477-003.stampede2.tacc.utexas.edu' (48/192)
        Ranks: 48, 49, 50, 51, 52, 53, 54, 55, 56, 57, 58, 59, 60, 61, 62, 63, 64, 65, 66, 67, 68, 69, 70, 71, 72, 73, 74, 75, 76, 77, 78, 79, 80, 81, 82, 83, 84, 85, 86, 87, 88, 89, 90, 91, 92, 93, 94, 95
--  Node: 'c477-004.stampede2.tacc.utexas.edu' (48/192)
        Ranks: 96, 97, 98, 99, 100, 101, 102, 103, 104, 105, 106, 107, 108, 109, 110, 111, 112, 113, 114, 115, 116, 117, 118, 119, 120, 121, 122, 123, 124, 125, 126, 127, 128, 129, 130, 131, 132, 133, 134, 135, 136, 137, 138, 139, 140, 141, 142, 143
--  Node: 'c477-012.stampede2.tacc.utexas.edu' (48/192)
        Ranks: 144, 145, 146, 147, 148, 149, 150, 151, 152, 153, 154, 155, 156, 157, 158, 159, 160, 161, 162, 163, 164, 165, 166, 167, 168, 169, 170, 171, 172, 173, 174, 175, 176, 177, 178, 179, 180, 181, 182, 183, 184, 185, 186, 187, 188, 189, 190, 191
TIMER	6.639e+01	8.569e+01	9.243e+01	1	read input file
TIMER	1.323e+01	1.323e+01	1.324e+01	2	desa_construct: cpy str
Alphabet: {sigma=4, l=3, A=[A, C, G, T]}
TIMER	1.324e+01	1.324e+01	1.328e+01	3	get alphabet
TIMER	1.510e+02	1.561e+02	1.639e+02	4	kmer-gen
TIMER	1.696e+02	1.766e+02	2.006e+02	5	shift-buckets
TIMER	6.976e+03	6.994e+03	7.020e+03	5	ISA-to-SA
TIMER	2.733e+02	2.834e+02	2.943e+02	5	init-lcp
iteration 21: unfinished buckets = 51313051, unfinished elements = 252565165
TIMER	1.467e+02	1.485e+02	1.504e+02	5	rebucket
TIMER	2.650e+03	2.671e+03	2.697e+03	5	SA-to-ISA
TIMER	1.036e+04	1.036e+04	1.036e+04	5	sac-iteration
Starting Bucket chasing algorithm
unresolved = 252565180, unfinished = 51313051
TIMER	6.227e+01	6.416e+01	6.420e+01	5	get active elements
TIMER	6.252e-02	7.808e-02	1.078e-01	6	bulk_query: get recv_counts
TIMER	6.209e+01	6.588e+01	6.843e+01	6	bulk_query: all2all queries
Avg queries: 1.315e+06, max queries on proc 102: 7318853
Inbalance factor: 5.564e+00x
TIMER	1.778e+01	2.940e+01	1.036e+02	6	bulk_query: local query
TIMER	5.207e+01	5.431e+01	5.596e+01	6	bulk_query: all2all query results
TIMER	7.522e+02	7.669e+02	7.977e+02	7	resolve_next_lcp: bulk_rmq
TIMER	1.032e+01	1.493e+01	2.048e+01	7	resolve_next_lcp: set LCP
TIMER	8.184e+02	8.184e+02	8.184e+02	7	LCP update
unresolved = 83264472, unfinished = 25014138
TIMER	1.881e+03	1.881e+03	1.882e+03	5	bucket-chaising iteration
TIMER	5.793e-02	7.268e-02	1.003e-01	6	bulk_query: get recv_counts
TIMER	3.806e+01	4.004e+01	4.186e+01	6	bulk_query: all2all queries
Avg queries: 4.337e+05, max queries on proc 102: 5585353
Inbalance factor: 1.288e+01x
TIMER	2.057e+00	6.264e+00	6.667e+01	6	bulk_query: local query
TIMER	2.900e+01	3.052e+01	3.116e+01	6	bulk_query: all2all query results
TIMER	3.066e+02	3.082e+02	3.112e+02	7	resolve_next_lcp: bulk_rmq
TIMER	4.686e+00	5.745e+00	6.846e+00	7	resolve_next_lcp: set LCP
TIMER	3.182e+02	3.182e+02	3.182e+02	7	LCP update
unresolved = 39125110, unfinished = 14728266
TIMER	7.619e+02	7.620e+02	7.643e+02	5	bucket-chaising iteration
TIMER	6.361e-02	7.973e-02	1.148e-01	6	bulk_query: get recv_counts
TIMER	2.437e+01	2.494e+01	2.618e+01	6	bulk_query: all2all queries
Avg queries: 2.038e+05, max queries on proc 102: 4113032
Inbalance factor: 2.018e+01x
TIMER	3.062e-01	2.051e+00	4.277e+01	6	bulk_query: local query
TIMER	1.721e+01	1.777e+01	1.822e+01	6	bulk_query: all2all query results
TIMER	2.452e+02	2.456e+02	2.464e+02	7	resolve_next_lcp: bulk_rmq
TIMER	2.442e+00	2.837e+00	3.528e+00	7	resolve_next_lcp: set LCP
TIMER	2.501e+02	2.501e+02	2.501e+02	7	LCP update
unresolved = 21253898, unfinished = 9155159
TIMER	5.169e+02	5.170e+02	5.185e+02	5	bucket-chaising iteration
TIMER	2.694e-01	1.957e+00	4.758e+00	6	bulk_query: get recv_counts
TIMER	1.321e+01	1.397e+01	1.515e+01	6	bulk_query: all2all queries
Avg queries: 1.107e+05, max queries on proc 191: 3062473
Inbalance factor: 2.767e+01x
TIMER	7.551e-02	9.427e-01	2.772e+01	6	bulk_query: local query
TIMER	9.796e+00	1.118e+01	1.291e+01	6	bulk_query: all2all query results
TIMER	2.140e+02	2.141e+02	2.144e+02	7	resolve_next_lcp: bulk_rmq
TIMER	1.292e+00	1.486e+00	1.704e+00	7	resolve_next_lcp: set LCP
TIMER	2.169e+02	2.169e+02	2.169e+02	7	LCP update
unresolved = 12458753, unfinished = 5704526
TIMER	4.039e+02	4.039e+02	4.039e+02	5	bucket-chaising iteration
TIMER	5.961e-02	8.110e-02	1.089e-01	6	bulk_query: get recv_counts
TIMER	9.579e+00	1.074e+01	1.154e+01	6	bulk_query: all2all queries
Avg queries: 6.489e+04, max queries on proc 191: 2232622
Inbalance factor: 3.441e+01x
TIMER	5.757e-02	5.037e-01	1.711e+01	6	bulk_query: local query
TIMER	5.189e+00	5.782e+00	6.290e+00	6	bulk_query: all2all query results
TIMER	2.084e+02	2.084e+02	2.086e+02	7	resolve_next_lcp: bulk_rmq
TIMER	7.053e-01	8.276e-01	9.720e-01	7	resolve_next_lcp: set LCP
TIMER	2.128e+02	2.128e+02	2.128e+02	7	LCP update
unresolved = 7057961, unfinished = 3349572
TIMER	3.177e+02	3.177e+02	3.177e+02	5	bucket-chaising iteration
TIMER	6.048e-02	8.050e-02	1.136e-01	6	bulk_query: get recv_counts
TIMER	2.215e+00	5.640e+00	7.189e+00	6	bulk_query: all2all queries
Avg queries: 3.676e+04, max queries on proc 191: 1516559
Inbalance factor: 4.126e+01x
TIMER	5.045e-02	2.775e-01	1.183e+01	6	bulk_query: local query
TIMER	2.364e+00	2.563e+00	2.883e+00	6	bulk_query: all2all query results
TIMER	2.026e+02	2.027e+02	2.028e+02	7	resolve_next_lcp: bulk_rmq
TIMER	3.562e-01	4.403e-01	5.453e-01	7	resolve_next_lcp: set LCP
TIMER	2.035e+02	2.035e+02	2.035e+02	7	LCP update
unresolved = 3830919, unfinished = 1858430
TIMER	2.657e+02	2.657e+02	2.657e+02	5	bucket-chaising iteration
TIMER	5.286e-02	6.669e-02	9.699e-02	6	bulk_query: get recv_counts
TIMER	1.318e+00	2.421e+00	3.544e+00	6	bulk_query: all2all queries
Avg queries: 1.995e+04, max queries on proc 191: 932599
Inbalance factor: 4.674e+01x
TIMER	6.003e-02	1.669e-01	6.021e+00	6	bulk_query: local query
TIMER	1.266e+00	1.403e+00	1.654e+00	6	bulk_query: all2all query results
TIMER	2.034e+02	2.035e+02	2.035e+02	7	resolve_next_lcp: bulk_rmq
TIMER	1.782e-01	2.425e-01	3.680e-01	7	resolve_next_lcp: set LCP
TIMER	2.041e+02	2.041e+02	2.041e+02	7	LCP update
unresolved = 1897267, unfinished = 927479
TIMER	2.418e+02	2.418e+02	2.418e+02	5	bucket-chaising iteration
TIMER	5.707e-02	1.116e-01	1.504e-01	6	bulk_query: get recv_counts
TIMER	6.758e-01	1.110e+00	1.641e+00	6	bulk_query: all2all queries
Avg queries: 9.882e+03, max queries on proc 191: 444407
Inbalance factor: 4.497e+01x
TIMER	5.435e-02	1.001e-01	2.352e+00	6	bulk_query: local query
TIMER	5.917e-01	7.412e-01	9.691e-01	6	bulk_query: all2all query results
TIMER	2.078e+02	2.082e+02	2.088e+02	7	resolve_next_lcp: bulk_rmq
TIMER	7.655e-02	1.217e-01	4.405e-01	7	resolve_next_lcp: set LCP
TIMER	2.094e+02	2.094e+02	2.094e+02	7	LCP update
unresolved = 887691, unfinished = 430529
TIMER	2.260e+02	2.260e+02	2.261e+02	5	bucket-chaising iteration
TIMER	5.581e-02	7.657e-02	1.025e-01	6	bulk_query: get recv_counts
TIMER	3.279e-01	4.710e-01	7.272e-01	6	bulk_query: all2all queries
Avg queries: 4.623e+03, max queries on proc 191: 206909
Inbalance factor: 4.475e+01x
TIMER	5.521e-02	7.517e-02	9.360e-01	6	bulk_query: local query
TIMER	3.003e-01	3.498e-01	4.162e-01	6	bulk_query: all2all query results
TIMER	2.020e+02	2.020e+02	2.021e+02	7	resolve_next_lcp: bulk_rmq
TIMER	3.878e-02	6.090e-02	2.052e-01	7	resolve_next_lcp: set LCP
TIMER	2.024e+02	2.024e+02	2.024e+02	7	LCP update
unresolved = 397767, unfinished = 190943
TIMER	2.099e+02	2.099e+02	2.099e+02	5	bucket-chaising iteration
TIMER	6.086e-02	8.861e-02	1.137e-01	6	bulk_query: get recv_counts
TIMER	1.903e-01	3.308e-01	5.822e-01	6	bulk_query: all2all queries
Avg queries: 2.072e+03, max queries on proc 191: 113284
Inbalance factor: 5.468e+01x
TIMER	7.907e-02	9.316e-02	5.284e-01	6	bulk_query: local query
TIMER	1.562e-01	2.294e-01	2.840e-01	6	bulk_query: all2all query results
TIMER	2.060e+02	2.072e+02	2.080e+02	7	resolve_next_lcp: bulk_rmq
TIMER	2.358e-02	4.260e-02	1.453e-01	7	resolve_next_lcp: set LCP
TIMER	2.083e+02	2.083e+02	2.083e+02	7	LCP update
unresolved = 91070, unfinished = 45535
TIMER	2.133e+02	2.133e+02	2.134e+02	5	bucket-chaising iteration
TIMER	9.531e-02	1.747e-01	3.102e-01	6	bulk_query: get recv_counts
TIMER	9.949e-02	1.964e-01	3.492e-01	6	bulk_query: all2all queries
Avg queries: 4.743e+02, max queries on proc 6: 49248
Inbalance factor: 1.038e+02x
TIMER	8.201e-02	9.926e-02	2.836e-01	6	bulk_query: local query
TIMER	1.321e-01	2.226e-01	3.073e-01	6	bulk_query: all2all query results
TIMER	2.035e+02	2.035e+02	2.035e+02	7	resolve_next_lcp: bulk_rmq
TIMER	5.780e-03	1.568e-02	5.844e-02	7	resolve_next_lcp: set LCP
TIMER	2.037e+02	2.038e+02	2.038e+02	7	LCP update
unresolved = 0, unfinished = 0
TIMER	2.074e+02	2.074e+02	2.074e+02	5	bucket-chaising iteration
TIMER	5.328e+03	5.328e+03	5.328e+03	4	construct-msgs
TIMER	5.840e+01	6.239e+01	6.472e+01	4	fix-isa
TIMER	1.594e+04	1.594e+04	1.594e+04	2	desa_construct: SA/LCP construct
TIMER	3.157e+02	3.158e+02	3.159e+02	2	desa_construct: TLI construct
TIMER	3.145e-02	3.857e-02	5.665e-02	3	repartition: 1D-partition
TIMER	4.283e-01	4.303e-01	4.344e-01	2	desa_construct: 1-D partition
TIMER	4.952e+02	4.956e+02	4.960e+02	3	repartition: redistribute
TIMER	4.962e+02	4.962e+02	4.969e+02	2	desa_construct: repartition
TIMER	1.912e+02	1.948e+02	1.984e+02	2	desa_construct: RMQ construct
TIMER	5.542e-02	7.304e-02	1.134e-01	3	bulk_query: get recv_counts
TIMER	4.917e+02	5.053e+02	5.141e+02	3	bulk_query: all2all queries
Avg queries: 1.492e+07, max queries on proc 173: 14920893
Inbalance factor: 1.000e+00x
TIMER	2.331e+02	2.596e+02	2.780e+02	3	bulk_query: local query
TIMER	5.854e+01	5.970e+01	6.049e+01	3	bulk_query: all2all query results
TIMER	1.656e+03	1.668e+03	1.697e+03	2	desa_construct: Lc naive construct
TIMER	1.866e+04	1.866e+04	1.866e+04	1	construct idx
