== Node distribution == 
== p=384 processes on 8 nodes ==
--  Node: 'c476-134.stampede2.tacc.utexas.edu' (48/384)
        Ranks: 0, 1, 2, 3, 4, 5, 6, 7, 8, 9, 10, 11, 12, 13, 14, 15, 16, 17, 18, 19, 20, 21, 22, 23, 24, 25, 26, 27, 28, 29, 30, 31, 32, 33, 34, 35, 36, 37, 38, 39, 40, 41, 42, 43, 44, 45, 46, 47
--  Node: 'c477-003.stampede2.tacc.utexas.edu' (48/384)
        Ranks: 48, 49, 50, 51, 52, 53, 54, 55, 56, 57, 58, 59, 60, 61, 62, 63, 64, 65, 66, 67, 68, 69, 70, 71, 72, 73, 74, 75, 76, 77, 78, 79, 80, 81, 82, 83, 84, 85, 86, 87, 88, 89, 90, 91, 92, 93, 94, 95
--  Node: 'c477-004.stampede2.tacc.utexas.edu' (48/384)
        Ranks: 96, 97, 98, 99, 100, 101, 102, 103, 104, 105, 106, 107, 108, 109, 110, 111, 112, 113, 114, 115, 116, 117, 118, 119, 120, 121, 122, 123, 124, 125, 126, 127, 128, 129, 130, 131, 132, 133, 134, 135, 136, 137, 138, 139, 140, 141, 142, 143
--  Node: 'c477-012.stampede2.tacc.utexas.edu' (48/384)
        Ranks: 144, 145, 146, 147, 148, 149, 150, 151, 152, 153, 154, 155, 156, 157, 158, 159, 160, 161, 162, 163, 164, 165, 166, 167, 168, 169, 170, 171, 172, 173, 174, 175, 176, 177, 178, 179, 180, 181, 182, 183, 184, 185, 186, 187, 188, 189, 190, 191
--  Node: 'c477-013.stampede2.tacc.utexas.edu' (48/384)
        Ranks: 192, 193, 194, 195, 196, 197, 198, 199, 200, 201, 202, 203, 204, 205, 206, 207, 208, 209, 210, 211, 212, 213, 214, 215, 216, 217, 218, 219, 220, 221, 222, 223, 224, 225, 226, 227, 228, 229, 230, 231, 232, 233, 234, 235, 236, 237, 238, 239
--  Node: 'c477-014.stampede2.tacc.utexas.edu' (48/384)
        Ranks: 240, 241, 242, 243, 244, 245, 246, 247, 248, 249, 250, 251, 252, 253, 254, 255, 256, 257, 258, 259, 260, 261, 262, 263, 264, 265, 266, 267, 268, 269, 270, 271, 272, 273, 274, 275, 276, 277, 278, 279, 280, 281, 282, 283, 284, 285, 286, 287
--  Node: 'c477-041.stampede2.tacc.utexas.edu' (48/384)
        Ranks: 288, 289, 290, 291, 292, 293, 294, 295, 296, 297, 298, 299, 300, 301, 302, 303, 304, 305, 306, 307, 308, 309, 310, 311, 312, 313, 314, 315, 316, 317, 318, 319, 320, 321, 322, 323, 324, 325, 326, 327, 328, 329, 330, 331, 332, 333, 334, 335
--  Node: 'c477-051.stampede2.tacc.utexas.edu' (48/384)
        Ranks: 336, 337, 338, 339, 340, 341, 342, 343, 344, 345, 346, 347, 348, 349, 350, 351, 352, 353, 354, 355, 356, 357, 358, 359, 360, 361, 362, 363, 364, 365, 366, 367, 368, 369, 370, 371, 372, 373, 374, 375, 376, 377, 378, 379, 380, 381, 382, 383
TIMER	3.475e+01	4.915e+01	7.567e+01	1	read input file
TIMER	7.090e+00	7.094e+00	7.097e+00	2	desa_construct: cpy str
Alphabet: {sigma=4, l=3, A=[A, C, G, T]}
TIMER	6.974e+00	7.000e+00	7.038e+00	3	get alphabet
TIMER	7.453e+01	7.742e+01	8.093e+01	4	kmer-gen
TIMER	8.361e+01	8.734e+01	1.007e+02	5	shift-buckets
TIMER	3.678e+03	3.693e+03	3.704e+03	5	ISA-to-SA
TIMER	1.359e+02	1.416e+02	1.465e+02	5	init-lcp
iteration 21: unfinished buckets = 51313051, unfinished elements = 252565151
TIMER	7.409e+01	7.529e+01	7.695e+01	5	rebucket
TIMER	1.351e+03	1.367e+03	1.391e+03	5	SA-to-ISA
TIMER	5.424e+03	5.424e+03	5.424e+03	5	sac-iteration
Starting Bucket chasing algorithm
unresolved = 252565180, unfinished = 51313051
TIMER	3.478e+01	3.622e+01	3.743e+01	5	get active elements
TIMER	1.000e-01	1.535e+00	2.264e+00	6	bulk_query: get recv_counts
TIMER	7.738e+01	7.993e+01	8.318e+01	6	bulk_query: all2all queries
Avg queries: 6.577e+05, max queries on proc 205: 5686338
Inbalance factor: 8.646e+00x
TIMER	8.799e+00	1.585e+01	7.520e+01	6	bulk_query: local query
TIMER	6.336e+01	6.572e+01	6.813e+01	6	bulk_query: all2all query results
TIMER	5.042e+02	5.124e+02	5.426e+02	7	resolve_next_lcp: bulk_rmq
TIMER	4.976e+00	7.434e+00	1.148e+01	7	resolve_next_lcp: set LCP
TIMER	5.543e+02	5.543e+02	5.543e+02	7	LCP update
unresolved = 83264472, unfinished = 25014138
TIMER	1.327e+03	1.327e+03	1.328e+03	5	bucket-chaising iteration
TIMER	9.010e-02	1.221e-01	1.583e-01	6	bulk_query: get recv_counts
TIMER	3.020e+01	3.060e+01	3.130e+01	6	bulk_query: all2all queries
Avg queries: 2.168e+05, max queries on proc 205: 4553617
Inbalance factor: 2.100e+01x
TIMER	5.824e-01	2.617e+00	5.039e+01	6	bulk_query: local query
TIMER	2.482e+01	2.572e+01	2.670e+01	6	bulk_query: all2all query results
TIMER	1.728e+02	1.739e+02	1.757e+02	7	resolve_next_lcp: bulk_rmq
TIMER	1.889e+00	2.842e+00	3.608e+00	7	resolve_next_lcp: set LCP
TIMER	1.795e+02	1.795e+02	1.796e+02	7	LCP update
unresolved = 39125110, unfinished = 14728266
TIMER	5.046e+02	5.046e+02	5.061e+02	5	bucket-chaising iteration
TIMER	1.006e-01	1.238e-01	1.570e-01	6	bulk_query: get recv_counts
TIMER	1.852e+01	1.922e+01	1.988e+01	6	bulk_query: all2all queries
Avg queries: 1.019e+05, max queries on proc 205: 3302336
Inbalance factor: 3.241e+01x
TIMER	1.246e-01	9.142e-01	3.276e+01	6	bulk_query: local query
TIMER	1.114e+01	1.202e+01	1.265e+01	6	bulk_query: all2all query results
TIMER	1.247e+02	1.249e+02	1.255e+02	7	resolve_next_lcp: bulk_rmq
TIMER	1.019e+00	1.305e+00	1.645e+00	7	resolve_next_lcp: set LCP
TIMER	1.273e+02	1.273e+02	1.273e+02	7	LCP update
unresolved = 21253898, unfinished = 9155159
TIMER	3.074e+02	3.074e+02	3.083e+02	5	bucket-chaising iteration
TIMER	8.904e-02	1.245e-01	1.540e-01	6	bulk_query: get recv_counts
TIMER	7.805e+00	8.199e+00	8.720e+00	6	bulk_query: all2all queries
Avg queries: 5.535e+04, max queries on proc 205: 2117007
Inbalance factor: 3.825e+01x
TIMER	9.213e-02	4.787e-01	1.613e+01	6	bulk_query: local query
TIMER	6.056e+00	6.503e+00	6.899e+00	6	bulk_query: all2all query results
TIMER	1.070e+02	1.070e+02	1.071e+02	7	resolve_next_lcp: bulk_rmq
TIMER	5.145e-01	6.321e-01	7.856e-01	7	resolve_next_lcp: set LCP
TIMER	1.081e+02	1.081e+02	1.081e+02	7	LCP update
unresolved = 12458753, unfinished = 5704526
TIMER	2.047e+02	2.047e+02	2.055e+02	5	bucket-chaising iteration
TIMER	8.944e-02	1.113e-01	1.384e-01	6	bulk_query: get recv_counts
TIMER	1.937e+00	4.517e+00	5.108e+00	6	bulk_query: all2all queries
Avg queries: 3.244e+04, max queries on proc 382: 1196893
Inbalance factor: 3.689e+01x
TIMER	6.804e-02	2.710e-01	9.053e+00	6	bulk_query: local query
TIMER	3.348e+00	3.569e+00	3.825e+00	6	bulk_query: all2all query results
TIMER	1.040e+02	1.040e+02	1.041e+02	7	resolve_next_lcp: bulk_rmq
TIMER	2.910e-01	3.571e-01	4.695e-01	7	resolve_next_lcp: set LCP
TIMER	1.047e+02	1.047e+02	1.048e+02	7	LCP update
unresolved = 7057961, unfinished = 3349572
TIMER	1.569e+02	1.569e+02	1.569e+02	5	bucket-chaising iteration
TIMER	8.997e-02	1.111e-01	1.345e-01	6	bulk_query: get recv_counts
TIMER	1.297e+00	2.502e+00	3.466e+00	6	bulk_query: all2all queries
Avg queries: 1.838e+04, max queries on proc 382: 796743
Inbalance factor: 4.335e+01x
TIMER	6.267e-02	1.645e-01	5.643e+00	6	bulk_query: local query
TIMER	1.775e+00	1.962e+00	2.278e+00	6	bulk_query: all2all query results
TIMER	1.017e+02	1.017e+02	1.018e+02	7	resolve_next_lcp: bulk_rmq
TIMER	1.560e-01	1.969e-01	2.620e-01	7	resolve_next_lcp: set LCP
TIMER	1.022e+02	1.022e+02	1.022e+02	7	LCP update
unresolved = 3830919, unfinished = 1858430
TIMER	1.358e+02	1.358e+02	1.358e+02	5	bucket-chaising iteration
TIMER	8.296e-02	1.197e-01	1.440e-01	6	bulk_query: get recv_counts
TIMER	8.719e-01	1.398e+00	2.208e+00	6	bulk_query: all2all queries
Avg queries: 9.976e+03, max queries on proc 383: 514056
Inbalance factor: 5.153e+01x
TIMER	6.125e-02	1.114e-01	3.147e+00	6	bulk_query: local query
TIMER	1.032e+00	1.142e+00	1.319e+00	6	bulk_query: all2all query results
TIMER	1.013e+02	1.014e+02	1.014e+02	7	resolve_next_lcp: bulk_rmq
TIMER	8.419e-02	1.119e-01	1.565e-01	7	resolve_next_lcp: set LCP
TIMER	1.017e+02	1.017e+02	1.017e+02	7	LCP update
unresolved = 1897267, unfinished = 927479
TIMER	1.215e+02	1.215e+02	1.215e+02	5	bucket-chaising iteration
TIMER	8.029e-02	1.046e-01	1.347e-01	6	bulk_query: get recv_counts
TIMER	5.172e-01	8.350e-01	1.392e+00	6	bulk_query: all2all queries
Avg queries: 4.941e+03, max queries on proc 383: 333922
Inbalance factor: 6.758e+01x
TIMER	5.766e-02	8.925e-02	1.610e+00	6	bulk_query: local query
TIMER	5.877e-01	6.547e-01	7.556e-01	6	bulk_query: all2all query results
TIMER	1.005e+02	1.005e+02	1.006e+02	7	resolve_next_lcp: bulk_rmq
TIMER	3.148e-02	5.609e-02	1.544e-01	7	resolve_next_lcp: set LCP
TIMER	1.009e+02	1.009e+02	1.009e+02	7	LCP update
unresolved = 887691, unfinished = 430529
TIMER	1.125e+02	1.125e+02	1.125e+02	5	bucket-chaising iteration
TIMER	8.457e-02	1.096e-01	1.364e-01	6	bulk_query: get recv_counts
TIMER	3.004e-01	5.148e-01	8.621e-01	6	bulk_query: all2all queries
Avg queries: 2.312e+03, max queries on proc 383: 205310
Inbalance factor: 8.881e+01x
TIMER	5.625e-02	6.657e-02	8.222e-01	6	bulk_query: local query
TIMER	3.297e-01	4.122e-01	4.890e-01	6	bulk_query: all2all query results
TIMER	1.014e+02	1.014e+02	1.014e+02	7	resolve_next_lcp: bulk_rmq
TIMER	1.819e-02	3.080e-02	2.389e-01	7	resolve_next_lcp: set LCP
TIMER	1.018e+02	1.019e+02	1.019e+02	7	LCP update
unresolved = 397767, unfinished = 190943
TIMER	1.087e+02	1.087e+02	1.088e+02	5	bucket-chaising iteration
TIMER	8.221e-02	1.101e-01	1.279e-01	6	bulk_query: get recv_counts
TIMER	1.761e-01	3.939e-01	6.478e-01	6	bulk_query: all2all queries
Avg queries: 1.036e+03, max queries on proc 383: 113284
Inbalance factor: 1.094e+02x
TIMER	5.062e-02	6.032e-02	4.477e-01	6	bulk_query: local query
TIMER	1.653e-01	2.630e-01	3.265e-01	6	bulk_query: all2all query results
TIMER	1.003e+02	1.003e+02	1.003e+02	7	resolve_next_lcp: bulk_rmq
TIMER	1.265e-02	1.880e-02	1.564e-01	7	resolve_next_lcp: set LCP
TIMER	1.007e+02	1.007e+02	1.007e+02	7	LCP update
unresolved = 91070, unfinished = 45535
TIMER	1.051e+02	1.051e+02	1.052e+02	5	bucket-chaising iteration
TIMER	8.426e-02	1.088e-01	1.340e-01	6	bulk_query: get recv_counts
TIMER	1.420e-01	2.995e-01	4.852e-01	6	bulk_query: all2all queries
Avg queries: 2.372e+02, max queries on proc 13: 49248
Inbalance factor: 2.077e+02x
TIMER	5.012e-02	5.482e-02	2.192e-01	6	bulk_query: local query
TIMER	1.236e-01	1.792e-01	2.397e-01	6	bulk_query: all2all query results
TIMER	1.012e+02	1.012e+02	1.013e+02	7	resolve_next_lcp: bulk_rmq
TIMER	3.343e-03	7.256e-03	7.346e-02	7	resolve_next_lcp: set LCP
TIMER	1.015e+02	1.015e+02	1.015e+02	7	LCP update
unresolved = 0, unfinished = 0
TIMER	1.043e+02	1.043e+02	1.044e+02	5	bucket-chaising iteration
TIMER	3.235e+03	3.237e+03	3.237e+03	4	construct-msgs
TIMER	2.806e+01	3.326e+01	3.644e+01	4	fix-isa
TIMER	8.791e+03	8.792e+03	8.794e+03	2	desa_construct: SA/LCP construct
TIMER	1.858e+02	1.859e+02	1.863e+02	2	desa_construct: TLI construct
TIMER	8.386e-02	9.489e-02	1.267e-01	3	repartition: 1D-partition
TIMER	2.949e+00	2.951e+00	2.983e+00	2	desa_construct: 1-D partition
TIMER	2.657e+02	2.665e+02	2.685e+02	3	repartition: redistribute
TIMER	2.689e+02	2.689e+02	2.701e+02	2	desa_construct: repartition
TIMER	9.358e+01	9.652e+01	9.951e+01	2	desa_construct: RMQ construct
TIMER	1.258e-01	1.524e-01	1.789e-01	3	bulk_query: get recv_counts
TIMER	2.800e+02	2.830e+02	2.855e+02	3	bulk_query: all2all queries
Avg queries: 7.460e+06, max queries on proc 205: 7460730
Inbalance factor: 1.000e+00x
TIMER	1.018e+02	1.139e+02	1.260e+02	3	bulk_query: local query
TIMER	3.909e+01	4.055e+01	4.138e+01	3	bulk_query: all2all query results
TIMER	8.143e+02	8.174e+02	8.254e+02	2	desa_construct: Lc naive construct
TIMER	1.019e+04	1.019e+04	1.019e+04	1	construct idx
