== Node distribution == 
== p=96 processes on 2 nodes ==
--  Node: 'c476-134.stampede2.tacc.utexas.edu' (48/96)
        Ranks: 0, 1, 2, 3, 4, 5, 6, 7, 8, 9, 10, 11, 12, 13, 14, 15, 16, 17, 18, 19, 20, 21, 22, 23, 24, 25, 26, 27, 28, 29, 30, 31, 32, 33, 34, 35, 36, 37, 38, 39, 40, 41, 42, 43, 44, 45, 46, 47
--  Node: 'c477-003.stampede2.tacc.utexas.edu' (48/96)
        Ranks: 48, 49, 50, 51, 52, 53, 54, 55, 56, 57, 58, 59, 60, 61, 62, 63, 64, 65, 66, 67, 68, 69, 70, 71, 72, 73, 74, 75, 76, 77, 78, 79, 80, 81, 82, 83, 84, 85, 86, 87, 88, 89, 90, 91, 92, 93, 94, 95
TIMER	1.311e+02	1.559e+02	1.657e+02	1	read input file
TIMER	2.593e+01	2.593e+01	2.594e+01	2	desa_construct: cpy str
Alphabet: {sigma=4, l=3, A=[A, C, G, T]}
TIMER	2.596e+01	2.597e+01	2.600e+01	3	get alphabet
TIMER	3.063e+02	3.110e+02	3.187e+02	4	kmer-gen
TIMER	3.467e+02	3.502e+02	3.597e+02	5	shift-buckets
TIMER	1.223e+04	1.225e+04	1.228e+04	5	ISA-to-SA
TIMER	5.549e+02	5.650e+02	5.796e+02	5	init-lcp
iteration 21: unfinished buckets = 51313051, unfinished elements = 252565175
TIMER	2.893e+02	2.922e+02	2.952e+02	5	rebucket
TIMER	4.579e+03	4.649e+03	4.685e+03	5	SA-to-ISA
TIMER	1.821e+04	1.821e+04	1.821e+04	5	sac-iteration
Starting Bucket chasing algorithm
unresolved = 252565180, unfinished = 51313051
TIMER	1.210e+02	1.239e+02	1.257e+02	5	get active elements
TIMER	1.344e-01	1.797e-01	2.368e-01	6	bulk_query: get recv_counts
TIMER	7.592e+01	7.822e+01	7.955e+01	6	bulk_query: all2all queries
Avg queries: 2.631e+06, max queries on proc 51: 10370837
Inbalance factor: 3.942e+00x
TIMER	4.279e+01	6.401e+01	1.680e+02	6	bulk_query: local query
TIMER	6.307e+01	6.747e+01	7.215e+01	6	bulk_query: all2all query results
TIMER	1.236e+03	1.261e+03	1.296e+03	7	resolve_next_lcp: bulk_rmq
TIMER	2.246e+01	2.998e+01	3.638e+01	7	resolve_next_lcp: set LCP
TIMER	1.336e+03	1.336e+03	1.336e+03	7	LCP update
unresolved = 83264472, unfinished = 25014138
TIMER	3.030e+03	3.030e+03	3.031e+03	5	bucket-chaising iteration
TIMER	5.379e-02	6.177e-02	7.002e-02	6	bulk_query: get recv_counts
TIMER	3.548e+01	3.714e+01	4.002e+01	6	bulk_query: all2all queries
Avg queries: 8.673e+05, max queries on proc 51: 7565031
Inbalance factor: 8.722e+00x
TIMER	5.794e+00	1.531e+01	9.665e+01	6	bulk_query: local query
TIMER	3.938e+01	4.317e+01	4.461e+01	6	bulk_query: all2all query results
TIMER	5.361e+02	5.419e+02	5.483e+02	7	resolve_next_lcp: bulk_rmq
TIMER	1.003e+01	1.157e+01	1.300e+01	7	resolve_next_lcp: set LCP
TIMER	5.622e+02	5.622e+02	5.622e+02	7	LCP update
unresolved = 39125110, unfinished = 14728266
TIMER	1.226e+03	1.227e+03	1.231e+03	5	bucket-chaising iteration
TIMER	4.739e-02	5.468e-02	7.225e-02	6	bulk_query: get recv_counts
TIMER	2.356e+01	2.504e+01	2.638e+01	6	bulk_query: all2all queries
Avg queries: 4.076e+05, max queries on proc 51: 5381275
Inbalance factor: 1.320e+01x
TIMER	1.001e+00	4.996e+00	5.977e+01	6	bulk_query: local query
TIMER	1.119e+01	1.349e+01	1.444e+01	6	bulk_query: all2all query results
TIMER	4.609e+02	4.614e+02	4.623e+02	7	resolve_next_lcp: bulk_rmq
TIMER	5.213e+00	5.770e+00	6.599e+00	7	resolve_next_lcp: set LCP
TIMER	4.690e+02	4.690e+02	4.690e+02	7	LCP update
unresolved = 21253898, unfinished = 9155159
TIMER	8.355e+02	8.374e+02	8.436e+02	5	bucket-chaising iteration
TIMER	4.630e-02	5.595e-02	8.869e-02	6	bulk_query: get recv_counts
TIMER	1.492e+01	1.582e+01	1.679e+01	6	bulk_query: all2all queries
Avg queries: 2.214e+05, max queries on proc 51: 3387786
Inbalance factor: 1.530e+01x
TIMER	1.539e-01	2.124e+00	3.322e+01	6	bulk_query: local query
TIMER	1.071e+01	1.404e+01	1.498e+01	6	bulk_query: all2all query results
TIMER	4.218e+02	4.222e+02	4.252e+02	7	resolve_next_lcp: bulk_rmq
TIMER	2.968e+00	3.230e+00	3.551e+00	7	resolve_next_lcp: set LCP
TIMER	4.289e+02	4.289e+02	4.289e+02	7	LCP update
unresolved = 12458753, unfinished = 5704526
TIMER	6.452e+02	6.460e+02	6.517e+02	5	bucket-chaising iteration
TIMER	4.590e-02	5.468e-02	7.583e-02	6	bulk_query: get recv_counts
TIMER	1.058e+01	1.124e+01	1.186e+01	6	bulk_query: all2all queries
Avg queries: 1.298e+05, max queries on proc 95: 2369254
Inbalance factor: 1.826e+01x
TIMER	4.930e-02	1.081e+00	2.148e+01	6	bulk_query: local query
TIMER	4.315e+00	4.858e+00	5.323e+00	6	bulk_query: all2all query results
TIMER	4.122e+02	4.126e+02	4.164e+02	7	resolve_next_lcp: bulk_rmq
TIMER	1.736e+00	1.943e+00	2.171e+00	7	resolve_next_lcp: set LCP
TIMER	4.188e+02	4.188e+02	4.188e+02	7	LCP update
unresolved = 7057961, unfinished = 3349572
TIMER	5.508e+02	5.508e+02	5.534e+02	5	bucket-chaising iteration
TIMER	4.707e-02	5.350e-02	6.261e-02	6	bulk_query: get recv_counts
TIMER	6.285e+00	7.966e+00	9.451e+00	6	bulk_query: all2all queries
Avg queries: 7.352e+04, max queries on proc 95: 1565624
Inbalance factor: 2.130e+01x
TIMER	4.166e-02	5.488e-01	1.349e+01	6	bulk_query: local query
TIMER	2.749e+00	3.097e+00	3.362e+00	6	bulk_query: all2all query results
TIMER	4.086e+02	4.090e+02	4.134e+02	7	resolve_next_lcp: bulk_rmq
TIMER	9.192e-01	1.040e+00	1.216e+00	7	resolve_next_lcp: set LCP
TIMER	4.148e+02	4.148e+02	4.148e+02	7	LCP update
unresolved = 3830919, unfinished = 1858430
TIMER	4.951e+02	4.951e+02	4.973e+02	5	bucket-chaising iteration
TIMER	4.165e-02	5.415e-02	8.144e-02	6	bulk_query: get recv_counts
TIMER	3.921e+00	5.097e+00	5.722e+00	6	bulk_query: all2all queries
Avg queries: 3.991e+04, max queries on proc 95: 948434
Inbalance factor: 2.377e+01x
TIMER	4.789e-02	3.000e-01	8.640e+00	6	bulk_query: local query
TIMER	1.070e+00	1.277e+00	1.481e+00	6	bulk_query: all2all query results
TIMER	4.107e+02	4.111e+02	4.156e+02	7	resolve_next_lcp: bulk_rmq
TIMER	4.644e-01	5.566e-01	6.889e-01	7	resolve_next_lcp: set LCP
TIMER	4.164e+02	4.164e+02	4.164e+02	7	LCP update
unresolved = 1897267, unfinished = 927479
TIMER	4.614e+02	4.614e+02	4.635e+02	5	bucket-chaising iteration
TIMER	3.761e-02	4.960e-02	7.697e-02	6	bulk_query: get recv_counts
TIMER	2.686e+00	3.328e+00	4.296e+00	6	bulk_query: all2all queries
Avg queries: 1.976e+04, max queries on proc 95: 447515
Inbalance factor: 2.264e+01x
TIMER	3.826e-02	1.448e-01	3.884e+00	6	bulk_query: local query
TIMER	4.358e-01	6.093e-01	7.965e-01	6	bulk_query: all2all query results
TIMER	4.063e+02	4.066e+02	4.108e+02	7	resolve_next_lcp: bulk_rmq
TIMER	2.004e-01	2.563e-01	3.352e-01	7	resolve_next_lcp: set LCP
TIMER	4.113e+02	4.113e+02	4.113e+02	7	LCP update
unresolved = 887691, unfinished = 430529
TIMER	4.352e+02	4.352e+02	4.352e+02	5	bucket-chaising iteration
TIMER	4.290e-02	5.127e-02	7.769e-02	6	bulk_query: get recv_counts
TIMER	5.181e-01	7.639e-01	9.515e-01	6	bulk_query: all2all queries
Avg queries: 9.247e+03, max queries on proc 95: 206909
Inbalance factor: 2.238e+01x
TIMER	4.011e-02	7.888e-02	9.015e-01	6	bulk_query: local query
TIMER	2.848e-01	3.575e-01	4.296e-01	6	bulk_query: all2all query results
TIMER	4.063e+02	4.066e+02	4.106e+02	7	resolve_next_lcp: bulk_rmq
TIMER	8.467e-02	1.158e-01	2.729e-01	7	resolve_next_lcp: set LCP
TIMER	4.110e+02	4.110e+02	4.110e+02	7	LCP update
unresolved = 397767, unfinished = 190943
TIMER	4.198e+02	4.198e+02	4.198e+02	5	bucket-chaising iteration
TIMER	2.982e-02	4.854e-02	7.007e-02	6	bulk_query: get recv_counts
TIMER	1.731e-01	2.507e-01	3.747e-01	6	bulk_query: all2all queries
Avg queries: 4.143e+03, max queries on proc 95: 113284
Inbalance factor: 2.734e+01x
TIMER	3.806e-02	5.593e-02	4.273e-01	6	bulk_query: local query
TIMER	1.392e-01	1.926e-01	2.422e-01	6	bulk_query: all2all query results
TIMER	4.054e+02	4.057e+02	4.095e+02	7	resolve_next_lcp: bulk_rmq
TIMER	5.281e-02	6.976e-02	1.953e-01	7	resolve_next_lcp: set LCP
TIMER	4.100e+02	4.100e+02	4.100e+02	7	LCP update
unresolved = 91070, unfinished = 45535
TIMER	4.145e+02	4.145e+02	4.172e+02	5	bucket-chaising iteration
TIMER	3.285e-02	4.523e-02	5.633e-02	6	bulk_query: get recv_counts
TIMER	7.158e-02	1.029e-01	1.687e-01	6	bulk_query: all2all queries
Avg queries: 9.486e+02, max queries on proc 3: 49248
Inbalance factor: 5.191e+01x
TIMER	3.947e-02	4.492e-02	1.954e-01	6	bulk_query: local query
TIMER	4.268e-02	7.499e-02	1.092e-01	6	bulk_query: all2all query results
TIMER	4.044e+02	4.047e+02	4.086e+02	7	resolve_next_lcp: bulk_rmq
TIMER	1.285e-02	2.698e-02	8.022e-02	7	resolve_next_lcp: set LCP
TIMER	4.088e+02	4.088e+02	4.088e+02	7	LCP update
unresolved = 0, unfinished = 0
TIMER	4.108e+02	4.108e+02	4.108e+02	5	bucket-chaising iteration
TIMER	9.096e+03	9.096e+03	9.096e+03	4	construct-msgs
TIMER	1.195e+02	1.242e+02	1.263e+02	4	fix-isa
TIMER	2.778e+04	2.778e+04	2.778e+04	2	desa_construct: SA/LCP construct
TIMER	6.081e+02	6.082e+02	6.082e+02	2	desa_construct: TLI construct
TIMER	1.678e-02	1.881e-02	3.001e-02	3	repartition: 1D-partition
TIMER	2.619e-01	2.632e-01	2.677e-01	2	desa_construct: 1-D partition
TIMER	9.768e+02	9.786e+02	9.791e+02	3	repartition: redistribute
TIMER	9.792e+02	9.792e+02	9.795e+02	2	desa_construct: repartition
TIMER	3.849e+02	3.924e+02	4.009e+02	2	desa_construct: RMQ construct
TIMER	5.994e-02	7.682e-02	9.533e-02	3	bulk_query: get recv_counts
TIMER	7.368e+02	7.693e+02	7.873e+02	3	bulk_query: all2all queries
Avg queries: 2.984e+07, max queries on proc 71: 29841642
Inbalance factor: 1.000e+00x
TIMER	5.272e+02	5.590e+02	5.824e+02	3	bulk_query: local query
TIMER	8.907e+01	9.144e+01	9.397e+01	3	bulk_query: all2all query results
TIMER	2.992e+03	3.011e+03	3.099e+03	2	desa_construct: Lc naive construct
TIMER	3.289e+04	3.289e+04	3.289e+04	1	construct idx
