== Node distribution == 
== p=96 processes on 2 nodes ==
--  Node: 'c478-072.stampede2.tacc.utexas.edu' (48/96)
        Ranks: 0, 1, 2, 3, 4, 5, 6, 7, 8, 9, 10, 11, 12, 13, 14, 15, 16, 17, 18, 19, 20, 21, 22, 23, 24, 25, 26, 27, 28, 29, 30, 31, 32, 33, 34, 35, 36, 37, 38, 39, 40, 41, 42, 43, 44, 45, 46, 47
--  Node: 'c498-094.stampede2.tacc.utexas.edu' (48/96)
        Ranks: 48, 49, 50, 51, 52, 53, 54, 55, 56, 57, 58, 59, 60, 61, 62, 63, 64, 65, 66, 67, 68, 69, 70, 71, 72, 73, 74, 75, 76, 77, 78, 79, 80, 81, 82, 83, 84, 85, 86, 87, 88, 89, 90, 91, 92, 93, 94, 95
TIMER	1.276e+02	1.544e+02	1.642e+02	1	read input file
TIMER	2.606e+01	2.606e+01	2.607e+01	2	desa_construct: cpy str
Alphabet: {sigma=4, l=3, A=[A, C, G, T]}
TIMER	2.594e+01	2.594e+01	2.598e+01	3	get alphabet
TIMER	3.046e+02	3.153e+02	3.280e+02	4	kmer-gen
TIMER	3.470e+02	3.500e+02	3.540e+02	5	shift-buckets
TIMER	1.240e+04	1.242e+04	1.244e+04	5	ISA-to-SA
TIMER	5.511e+02	5.654e+02	5.809e+02	5	init-lcp
iteration 21: unfinished buckets = 51313051, unfinished elements = 252565175
TIMER	2.920e+02	2.950e+02	2.979e+02	5	rebucket
TIMER	4.528e+03	4.637e+03	4.674e+03	5	SA-to-ISA
TIMER	1.835e+04	1.835e+04	1.835e+04	5	sac-iteration
Starting Bucket chasing algorithm
unresolved = 252565180, unfinished = 51313051
TIMER	1.222e+02	1.233e+02	1.233e+02	5	get active elements
TIMER	5.683e-02	7.311e-02	9.279e-02	6	bulk_query: get recv_counts
TIMER	7.974e+01	8.378e+01	8.636e+01	6	bulk_query: all2all queries
Avg queries: 2.631e+06, max queries on proc 51: 10370837
Inbalance factor: 3.942e+00x
TIMER	4.290e+01	6.447e+01	1.683e+02	6	bulk_query: local query
TIMER	6.246e+01	6.654e+01	7.054e+01	6	bulk_query: all2all query results
TIMER	1.210e+03	1.236e+03	1.271e+03	7	resolve_next_lcp: bulk_rmq
TIMER	2.259e+01	3.006e+01	3.644e+01	7	resolve_next_lcp: set LCP
TIMER	1.309e+03	1.309e+03	1.309e+03	7	LCP update
unresolved = 83264472, unfinished = 25014138
TIMER	3.006e+03	3.007e+03	3.007e+03	5	bucket-chaising iteration
TIMER	4.841e-02	5.565e-02	7.449e-02	6	bulk_query: get recv_counts
TIMER	3.425e+01	3.551e+01	3.801e+01	6	bulk_query: all2all queries
Avg queries: 8.673e+05, max queries on proc 51: 7565031
Inbalance factor: 8.722e+00x
TIMER	5.966e+00	1.533e+01	9.591e+01	6	bulk_query: local query
TIMER	1.803e+01	2.147e+01	2.287e+01	6	bulk_query: all2all query results
TIMER	5.367e+02	5.426e+02	5.489e+02	7	resolve_next_lcp: bulk_rmq
TIMER	1.009e+01	1.158e+01	1.289e+01	7	resolve_next_lcp: set LCP
TIMER	5.621e+02	5.621e+02	5.621e+02	7	LCP update
unresolved = 39125110, unfinished = 14728266
TIMER	1.201e+03	1.202e+03	1.208e+03	5	bucket-chaising iteration
TIMER	4.602e-02	5.314e-02	6.211e-02	6	bulk_query: get recv_counts
TIMER	2.369e+01	2.509e+01	2.647e+01	6	bulk_query: all2all queries
Avg queries: 4.076e+05, max queries on proc 51: 5381275
Inbalance factor: 1.320e+01x
TIMER	1.038e+00	4.992e+00	5.942e+01	6	bulk_query: local query
TIMER	1.183e+01	1.413e+01	1.511e+01	6	bulk_query: all2all query results
TIMER	4.591e+02	4.597e+02	4.630e+02	7	resolve_next_lcp: bulk_rmq
TIMER	5.191e+00	5.780e+00	6.406e+00	7	resolve_next_lcp: set LCP
TIMER	4.696e+02	4.696e+02	4.696e+02	7	LCP update
unresolved = 21253898, unfinished = 9155159
TIMER	8.371e+02	8.388e+02	8.453e+02	5	bucket-chaising iteration
TIMER	4.790e-02	5.578e-02	9.136e-02	6	bulk_query: get recv_counts
TIMER	1.513e+01	1.625e+01	1.724e+01	6	bulk_query: all2all queries
Avg queries: 2.214e+05, max queries on proc 51: 3387786
Inbalance factor: 1.530e+01x
TIMER	1.532e-01	2.101e+00	3.357e+01	6	bulk_query: local query
TIMER	7.483e+00	8.805e+00	9.571e+00	6	bulk_query: all2all query results
TIMER	4.203e+02	4.207e+02	4.238e+02	7	resolve_next_lcp: bulk_rmq
TIMER	2.933e+00	3.237e+00	3.565e+00	7	resolve_next_lcp: set LCP
TIMER	4.275e+02	4.275e+02	4.275e+02	7	LCP update
unresolved = 12458753, unfinished = 5704526
TIMER	6.404e+02	6.414e+02	6.467e+02	5	bucket-chaising iteration
TIMER	4.563e-02	5.691e-02	7.151e-02	6	bulk_query: get recv_counts
TIMER	1.113e+01	1.172e+01	1.233e+01	6	bulk_query: all2all queries
Avg queries: 1.298e+05, max queries on proc 95: 2369254
Inbalance factor: 1.826e+01x
TIMER	5.147e-02	1.082e+00	2.156e+01	6	bulk_query: local query
TIMER	5.236e+00	5.826e+00	6.283e+00	6	bulk_query: all2all query results
TIMER	4.128e+02	4.132e+02	4.170e+02	7	resolve_next_lcp: bulk_rmq
TIMER	1.733e+00	1.944e+00	2.202e+00	7	resolve_next_lcp: set LCP
TIMER	4.194e+02	4.194e+02	4.194e+02	7	LCP update
unresolved = 7057961, unfinished = 3349572
TIMER	5.520e+02	5.521e+02	5.551e+02	5	bucket-chaising iteration
TIMER	4.211e-02	5.011e-02	7.231e-02	6	bulk_query: get recv_counts
TIMER	6.073e+00	7.686e+00	8.535e+00	6	bulk_query: all2all queries
Avg queries: 7.352e+04, max queries on proc 95: 1565624
Inbalance factor: 2.130e+01x
TIMER	4.242e-02	5.548e-01	1.369e+01	6	bulk_query: local query
TIMER	2.734e+00	3.084e+00	3.337e+00	6	bulk_query: all2all query results
TIMER	4.093e+02	4.097e+02	4.142e+02	7	resolve_next_lcp: bulk_rmq
TIMER	9.145e-01	1.041e+00	1.198e+00	7	resolve_next_lcp: set LCP
TIMER	4.155e+02	4.155e+02	4.155e+02	7	LCP update
unresolved = 3830919, unfinished = 1858430
TIMER	4.983e+02	4.984e+02	5.010e+02	5	bucket-chaising iteration
TIMER	4.474e-02	5.057e-02	7.693e-02	6	bulk_query: get recv_counts
TIMER	3.978e+00	5.017e+00	5.624e+00	6	bulk_query: all2all queries
Avg queries: 3.991e+04, max queries on proc 95: 948434
Inbalance factor: 2.377e+01x
TIMER	4.301e-02	2.824e-01	7.822e+00	6	bulk_query: local query
TIMER	1.305e+00	1.455e+00	1.660e+00	6	bulk_query: all2all query results
TIMER	4.071e+02	4.074e+02	4.111e+02	7	resolve_next_lcp: bulk_rmq
TIMER	4.576e-01	5.518e-01	6.639e-01	7	resolve_next_lcp: set LCP
TIMER	4.119e+02	4.119e+02	4.120e+02	7	LCP update
unresolved = 1897267, unfinished = 927479
TIMER	4.564e+02	4.565e+02	4.583e+02	5	bucket-chaising iteration
TIMER	4.014e-02	5.024e-02	7.202e-02	6	bulk_query: get recv_counts
TIMER	1.919e+00	2.561e+00	3.468e+00	6	bulk_query: all2all queries
Avg queries: 1.976e+04, max queries on proc 95: 447515
Inbalance factor: 2.264e+01x
TIMER	3.895e-02	1.444e-01	3.949e+00	6	bulk_query: local query
TIMER	4.330e-01	6.164e-01	8.059e-01	6	bulk_query: all2all query results
TIMER	4.046e+02	4.049e+02	4.083e+02	7	resolve_next_lcp: bulk_rmq
TIMER	1.983e-01	2.548e-01	3.357e-01	7	resolve_next_lcp: set LCP
TIMER	4.087e+02	4.087e+02	4.087e+02	7	LCP update
unresolved = 887691, unfinished = 430529
TIMER	4.313e+02	4.313e+02	4.314e+02	5	bucket-chaising iteration
TIMER	3.680e-02	4.675e-02	6.517e-02	6	bulk_query: get recv_counts
TIMER	4.312e-01	7.498e-01	9.333e-01	6	bulk_query: all2all queries
Avg queries: 9.247e+03, max queries on proc 95: 206909
Inbalance factor: 2.238e+01x
TIMER	3.981e-02	7.768e-02	9.004e-01	6	bulk_query: local query
TIMER	3.015e-01	3.924e-01	4.579e-01	6	bulk_query: all2all query results
TIMER	4.052e+02	4.054e+02	4.088e+02	7	resolve_next_lcp: bulk_rmq
TIMER	8.874e-02	1.115e-01	1.399e-01	7	resolve_next_lcp: set LCP
TIMER	4.091e+02	4.091e+02	4.091e+02	7	LCP update
unresolved = 397767, unfinished = 190943
TIMER	4.178e+02	4.178e+02	4.178e+02	5	bucket-chaising iteration
TIMER	3.656e-02	4.629e-02	6.938e-02	6	bulk_query: get recv_counts
TIMER	1.896e-01	2.576e-01	3.949e-01	6	bulk_query: all2all queries
Avg queries: 4.143e+03, max queries on proc 95: 113284
Inbalance factor: 2.734e+01x
TIMER	3.941e-02	5.644e-02	4.350e-01	6	bulk_query: local query
TIMER	1.278e-01	1.829e-01	2.345e-01	6	bulk_query: all2all query results
TIMER	4.055e+02	4.058e+02	4.091e+02	7	resolve_next_lcp: bulk_rmq
TIMER	5.514e-02	6.615e-02	1.742e-01	7	resolve_next_lcp: set LCP
TIMER	4.095e+02	4.095e+02	4.095e+02	7	LCP update
unresolved = 91070, unfinished = 45535
TIMER	4.138e+02	4.139e+02	4.166e+02	5	bucket-chaising iteration
TIMER	3.179e-02	3.872e-02	5.372e-02	6	bulk_query: get recv_counts
TIMER	7.369e-02	1.026e-01	1.749e-01	6	bulk_query: all2all queries
Avg queries: 9.486e+02, max queries on proc 3: 49248
Inbalance factor: 5.191e+01x
TIMER	3.964e-02	4.629e-02	2.032e-01	6	bulk_query: local query
TIMER	4.133e-02	7.708e-02	1.115e-01	6	bulk_query: all2all query results
TIMER	4.052e+02	4.054e+02	4.087e+02	7	resolve_next_lcp: bulk_rmq
TIMER	1.409e-02	2.249e-02	7.811e-02	7	resolve_next_lcp: set LCP
TIMER	4.090e+02	4.090e+02	4.090e+02	7	LCP update
unresolved = 0, unfinished = 0
TIMER	4.111e+02	4.111e+02	4.111e+02	5	bucket-chaising iteration
TIMER	9.034e+03	9.034e+03	9.034e+03	4	construct-msgs
TIMER	1.189e+02	1.262e+02	1.301e+02	4	fix-isa
TIMER	2.787e+04	2.787e+04	2.787e+04	2	desa_construct: SA/LCP construct
TIMER	6.362e+02	6.362e+02	6.363e+02	2	desa_construct: TLI construct
TIMER	1.653e-02	1.873e-02	2.582e-02	3	repartition: 1D-partition
TIMER	2.601e-01	2.611e-01	2.653e-01	2	desa_construct: 1-D partition
TIMER	9.751e+02	9.763e+02	9.768e+02	3	repartition: redistribute
TIMER	9.769e+02	9.769e+02	9.773e+02	2	desa_construct: repartition
TIMER	3.858e+02	3.930e+02	4.003e+02	2	desa_construct: RMQ construct
TIMER	5.394e-02	7.093e-02	1.055e-01	3	bulk_query: get recv_counts
TIMER	6.973e+02	7.261e+02	7.492e+02	3	bulk_query: all2all queries
Avg queries: 2.984e+07, max queries on proc 71: 29841642
Inbalance factor: 1.000e+00x
TIMER	5.335e+02	5.617e+02	5.873e+02	3	bulk_query: local query
TIMER	8.755e+01	9.078e+01	9.226e+01	3	bulk_query: all2all query results
TIMER	2.957e+03	2.975e+03	3.041e+03	2	desa_construct: Lc naive construct
TIMER	3.295e+04	3.295e+04	3.295e+04	1	construct idx
