== Node distribution == 
== p=768 processes on 16 nodes ==
--  Node: 'c476-134.stampede2.tacc.utexas.edu' (48/768)
        Ranks: 0, 1, 2, 3, 4, 5, 6, 7, 8, 9, 10, 11, 12, 13, 14, 15, 16, 17, 18, 19, 20, 21, 22, 23, 24, 25, 26, 27, 28, 29, 30, 31, 32, 33, 34, 35, 36, 37, 38, 39, 40, 41, 42, 43, 44, 45, 46, 47
--  Node: 'c477-003.stampede2.tacc.utexas.edu' (48/768)
        Ranks: 48, 49, 50, 51, 52, 53, 54, 55, 56, 57, 58, 59, 60, 61, 62, 63, 64, 65, 66, 67, 68, 69, 70, 71, 72, 73, 74, 75, 76, 77, 78, 79, 80, 81, 82, 83, 84, 85, 86, 87, 88, 89, 90, 91, 92, 93, 94, 95
--  Node: 'c477-004.stampede2.tacc.utexas.edu' (48/768)
        Ranks: 96, 97, 98, 99, 100, 101, 102, 103, 104, 105, 106, 107, 108, 109, 110, 111, 112, 113, 114, 115, 116, 117, 118, 119, 120, 121, 122, 123, 124, 125, 126, 127, 128, 129, 130, 131, 132, 133, 134, 135, 136, 137, 138, 139, 140, 141, 142, 143
--  Node: 'c477-012.stampede2.tacc.utexas.edu' (48/768)
        Ranks: 144, 145, 146, 147, 148, 149, 150, 151, 152, 153, 154, 155, 156, 157, 158, 159, 160, 161, 162, 163, 164, 165, 166, 167, 168, 169, 170, 171, 172, 173, 174, 175, 176, 177, 178, 179, 180, 181, 182, 183, 184, 185, 186, 187, 188, 189, 190, 191
--  Node: 'c477-013.stampede2.tacc.utexas.edu' (48/768)
        Ranks: 192, 193, 194, 195, 196, 197, 198, 199, 200, 201, 202, 203, 204, 205, 206, 207, 208, 209, 210, 211, 212, 213, 214, 215, 216, 217, 218, 219, 220, 221, 222, 223, 224, 225, 226, 227, 228, 229, 230, 231, 232, 233, 234, 235, 236, 237, 238, 239
--  Node: 'c477-014.stampede2.tacc.utexas.edu' (48/768)
        Ranks: 240, 241, 242, 243, 244, 245, 246, 247, 248, 249, 250, 251, 252, 253, 254, 255, 256, 257, 258, 259, 260, 261, 262, 263, 264, 265, 266, 267, 268, 269, 270, 271, 272, 273, 274, 275, 276, 277, 278, 279, 280, 281, 282, 283, 284, 285, 286, 287
--  Node: 'c477-041.stampede2.tacc.utexas.edu' (48/768)
        Ranks: 288, 289, 290, 291, 292, 293, 294, 295, 296, 297, 298, 299, 300, 301, 302, 303, 304, 305, 306, 307, 308, 309, 310, 311, 312, 313, 314, 315, 316, 317, 318, 319, 320, 321, 322, 323, 324, 325, 326, 327, 328, 329, 330, 331, 332, 333, 334, 335
--  Node: 'c477-051.stampede2.tacc.utexas.edu' (48/768)
        Ranks: 336, 337, 338, 339, 340, 341, 342, 343, 344, 345, 346, 347, 348, 349, 350, 351, 352, 353, 354, 355, 356, 357, 358, 359, 360, 361, 362, 363, 364, 365, 366, 367, 368, 369, 370, 371, 372, 373, 374, 375, 376, 377, 378, 379, 380, 381, 382, 383
--  Node: 'c477-111.stampede2.tacc.utexas.edu' (48/768)
        Ranks: 384, 385, 386, 387, 388, 389, 390, 391, 392, 393, 394, 395, 396, 397, 398, 399, 400, 401, 402, 403, 404, 405, 406, 407, 408, 409, 410, 411, 412, 413, 414, 415, 416, 417, 418, 419, 420, 421, 422, 423, 424, 425, 426, 427, 428, 429, 430, 431
--  Node: 'c477-112.stampede2.tacc.utexas.edu' (48/768)
        Ranks: 432, 433, 434, 435, 436, 437, 438, 439, 440, 441, 442, 443, 444, 445, 446, 447, 448, 449, 450, 451, 452, 453, 454, 455, 456, 457, 458, 459, 460, 461, 462, 463, 464, 465, 466, 467, 468, 469, 470, 471, 472, 473, 474, 475, 476, 477, 478, 479
--  Node: 'c477-114.stampede2.tacc.utexas.edu' (48/768)
        Ranks: 480, 481, 482, 483, 484, 485, 486, 487, 488, 489, 490, 491, 492, 493, 494, 495, 496, 497, 498, 499, 500, 501, 502, 503, 504, 505, 506, 507, 508, 509, 510, 511, 512, 513, 514, 515, 516, 517, 518, 519, 520, 521, 522, 523, 524, 525, 526, 527
--  Node: 'c477-122.stampede2.tacc.utexas.edu' (48/768)
        Ranks: 528, 529, 530, 531, 532, 533, 534, 535, 536, 537, 538, 539, 540, 541, 542, 543, 544, 545, 546, 547, 548, 549, 550, 551, 552, 553, 554, 555, 556, 557, 558, 559, 560, 561, 562, 563, 564, 565, 566, 567, 568, 569, 570, 571, 572, 573, 574, 575
--  Node: 'c492-101.stampede2.tacc.utexas.edu' (48/768)
        Ranks: 576, 577, 578, 579, 580, 581, 582, 583, 584, 585, 586, 587, 588, 589, 590, 591, 592, 593, 594, 595, 596, 597, 598, 599, 600, 601, 602, 603, 604, 605, 606, 607, 608, 609, 610, 611, 612, 613, 614, 615, 616, 617, 618, 619, 620, 621, 622, 623
--  Node: 'c493-084.stampede2.tacc.utexas.edu' (48/768)
        Ranks: 624, 625, 626, 627, 628, 629, 630, 631, 632, 633, 634, 635, 636, 637, 638, 639, 640, 641, 642, 643, 644, 645, 646, 647, 648, 649, 650, 651, 652, 653, 654, 655, 656, 657, 658, 659, 660, 661, 662, 663, 664, 665, 666, 667, 668, 669, 670, 671
--  Node: 'c494-071.stampede2.tacc.utexas.edu' (48/768)
        Ranks: 672, 673, 674, 675, 676, 677, 678, 679, 680, 681, 682, 683, 684, 685, 686, 687, 688, 689, 690, 691, 692, 693, 694, 695, 696, 697, 698, 699, 700, 701, 702, 703, 704, 705, 706, 707, 708, 709, 710, 711, 712, 713, 714, 715, 716, 717, 718, 719
--  Node: 'c495-022.stampede2.tacc.utexas.edu' (48/768)
        Ranks: 720, 721, 722, 723, 724, 725, 726, 727, 728, 729, 730, 731, 732, 733, 734, 735, 736, 737, 738, 739, 740, 741, 742, 743, 744, 745, 746, 747, 748, 749, 750, 751, 752, 753, 754, 755, 756, 757, 758, 759, 760, 761, 762, 763, 764, 765, 766, 767
TIMER	1.910e+01	4.012e+01	4.839e+01	1	read input file
TIMER	3.674e+00	3.679e+00	3.684e+00	2	desa_construct: cpy str
Alphabet: {sigma=4, l=3, A=[A, C, G, T]}
TIMER	3.841e+00	3.847e+00	3.880e+00	3	get alphabet
TIMER	3.613e+01	3.838e+01	4.171e+01	4	kmer-gen
TIMER	4.071e+01	4.363e+01	5.132e+01	5	shift-buckets
TIMER	1.993e+03	2.004e+03	2.021e+03	5	ISA-to-SA
TIMER	6.308e+01	6.712e+01	7.067e+01	5	init-lcp
iteration 21: unfinished buckets = 51313051, unfinished elements = 252565122
TIMER	3.862e+01	3.930e+01	4.064e+01	5	rebucket
TIMER	7.985e+02	8.096e+02	8.200e+02	5	SA-to-ISA
TIMER	3.005e+03	3.005e+03	3.005e+03	5	sac-iteration
Starting Bucket chasing algorithm
unresolved = 252565180, unfinished = 51313051
TIMER	1.678e+01	1.678e+01	1.680e+01	5	get active elements
TIMER	1.700e-01	1.923e-01	2.307e-01	6	bulk_query: get recv_counts
TIMER	3.213e+01	3.381e+01	3.545e+01	6	bulk_query: all2all queries
Avg queries: 3.289e+05, max queries on proc 411: 2919817
Inbalance factor: 8.879e+00x
TIMER	2.506e+00	5.315e+00	3.543e+01	6	bulk_query: local query
TIMER	3.901e+01	4.084e+01	4.219e+01	6	bulk_query: all2all query results
TIMER	3.082e+02	3.128e+02	3.370e+02	7	resolve_next_lcp: bulk_rmq
TIMER	2.262e+00	3.639e+00	6.722e+00	7	resolve_next_lcp: set LCP
TIMER	3.440e+02	3.440e+02	3.440e+02	7	LCP update
unresolved = 83264472, unfinished = 25014138
TIMER	8.254e+02	8.259e+02	8.280e+02	5	bucket-chaising iteration
TIMER	2.927e-01	1.362e+00	3.009e+00	6	bulk_query: get recv_counts
TIMER	1.865e+01	2.076e+01	2.122e+01	6	bulk_query: all2all queries
Avg queries: 1.084e+05, max queries on proc 411: 2375599
Inbalance factor: 2.191e+01x
TIMER	2.499e-01	1.090e+00	2.494e+01	6	bulk_query: local query
TIMER	1.444e+01	1.534e+01	1.591e+01	6	bulk_query: all2all query results
TIMER	9.142e+01	9.241e+01	9.387e+01	7	resolve_next_lcp: bulk_rmq
TIMER	6.769e-01	1.333e+00	1.844e+00	7	resolve_next_lcp: set LCP
TIMER	9.590e+01	9.590e+01	9.591e+01	7	LCP update
unresolved = 39125110, unfinished = 14728266
TIMER	2.795e+02	2.808e+02	2.808e+02	5	bucket-chaising iteration
TIMER	1.569e-01	1.902e-01	2.360e-01	6	bulk_query: get recv_counts
TIMER	8.291e+00	8.719e+00	9.152e+00	6	bulk_query: all2all queries
Avg queries: 5.094e+04, max queries on proc 411: 1762394
Inbalance factor: 3.459e+01x
TIMER	6.627e-02	4.360e-01	1.638e+01	6	bulk_query: local query
TIMER	6.550e+00	6.777e+00	7.158e+00	6	bulk_query: all2all query results
TIMER	6.607e+01	6.631e+01	6.681e+01	7	resolve_next_lcp: bulk_rmq
TIMER	3.763e-01	5.615e-01	1.434e+00	7	resolve_next_lcp: set LCP
TIMER	6.842e+01	6.843e+01	6.843e+01	7	LCP update
unresolved = 21253898, unfinished = 9155159
TIMER	1.623e+02	1.623e+02	1.623e+02	5	bucket-chaising iteration
TIMER	1.469e-01	1.795e-01	1.994e-01	6	bulk_query: get recv_counts
TIMER	2.584e+00	5.943e+00	6.336e+00	6	bulk_query: all2all queries
Avg queries: 2.767e+04, max queries on proc 765: 1404879
Inbalance factor: 5.076e+01x
TIMER	7.311e-02	2.470e-01	1.090e+01	6	bulk_query: local query
TIMER	4.124e+00	4.432e+00	4.791e+00	6	bulk_query: all2all query results
TIMER	5.605e+01	5.610e+01	5.619e+01	7	resolve_next_lcp: bulk_rmq
TIMER	2.188e-01	2.814e-01	3.639e-01	7	resolve_next_lcp: set LCP
TIMER	5.674e+01	5.675e+01	5.675e+01	7	LCP update
unresolved = 12458753, unfinished = 5704526
TIMER	1.160e+02	1.160e+02	1.160e+02	5	bucket-chaising iteration
TIMER	1.581e-01	1.801e-01	2.022e-01	6	bulk_query: get recv_counts
TIMER	1.743e+00	3.925e+00	5.094e+00	6	bulk_query: all2all queries
Avg queries: 1.622e+04, max queries on proc 765: 1091160
Inbalance factor: 6.726e+01x
TIMER	5.972e-02	1.606e-01	7.960e+00	6	bulk_query: local query
TIMER	2.689e+00	2.927e+00	3.169e+00	6	bulk_query: all2all query results
TIMER	5.501e+01	5.504e+01	5.509e+01	7	resolve_next_lcp: bulk_rmq
TIMER	1.150e-01	1.643e-01	2.158e-01	7	resolve_next_lcp: set LCP
TIMER	5.550e+01	5.550e+01	5.551e+01	7	LCP update
unresolved = 7057961, unfinished = 3349572
TIMER	9.814e+01	9.814e+01	9.817e+01	5	bucket-chaising iteration
TIMER	1.565e-01	1.784e-01	2.091e-01	6	bulk_query: get recv_counts
TIMER	1.321e+00	2.246e+00	3.577e+00	6	bulk_query: all2all queries
Avg queries: 9.190e+03, max queries on proc 765: 726439
Inbalance factor: 7.905e+01x
TIMER	5.153e-02	1.003e-01	4.891e+00	6	bulk_query: local query
TIMER	1.735e+00	1.882e+00	2.061e+00	6	bulk_query: all2all query results
TIMER	5.316e+01	5.319e+01	5.324e+01	7	resolve_next_lcp: bulk_rmq
TIMER	6.232e-02	9.206e-02	1.312e-01	7	resolve_next_lcp: set LCP
TIMER	5.353e+01	5.354e+01	5.354e+01	7	LCP update
unresolved = 3830919, unfinished = 1858430
TIMER	8.160e+01	8.160e+01	8.161e+01	5	bucket-chaising iteration
TIMER	1.567e-01	1.740e-01	1.932e-01	6	bulk_query: get recv_counts
TIMER	8.425e-01	1.332e+00	2.218e+00	6	bulk_query: all2all queries
Avg queries: 4.988e+03, max queries on proc 765: 376813
Inbalance factor: 7.554e+01x
TIMER	5.729e-02	8.258e-02	2.245e+00	6	bulk_query: local query
TIMER	9.799e-01	1.121e+00	1.251e+00	6	bulk_query: all2all query results
TIMER	5.693e+01	5.702e+01	5.713e+01	7	resolve_next_lcp: bulk_rmq
TIMER	3.738e-02	5.392e-02	7.821e-02	7	resolve_next_lcp: set LCP
TIMER	5.737e+01	5.737e+01	5.738e+01	7	LCP update
unresolved = 1897267, unfinished = 927479
TIMER	7.297e+01	7.298e+01	7.300e+01	5	bucket-chaising iteration
TIMER	1.524e-01	1.713e-01	1.924e-01	6	bulk_query: get recv_counts
TIMER	5.746e-01	9.213e-01	1.446e+00	6	bulk_query: all2all queries
Avg queries: 2.470e+03, max queries on proc 767: 197599
Inbalance factor: 7.999e+01x
TIMER	6.933e-02	8.797e-02	9.377e-01	6	bulk_query: local query
TIMER	5.941e-01	6.694e-01	7.582e-01	6	bulk_query: all2all query results
TIMER	5.146e+01	5.148e+01	5.150e+01	7	resolve_next_lcp: bulk_rmq
TIMER	1.547e-02	2.926e-02	5.319e-02	7	resolve_next_lcp: set LCP
TIMER	5.173e+01	5.174e+01	5.174e+01	7	LCP update
unresolved = 887691, unfinished = 430529
TIMER	6.050e+01	6.051e+01	6.052e+01	5	bucket-chaising iteration
TIMER	1.492e-01	1.733e-01	1.946e-01	6	bulk_query: get recv_counts
TIMER	4.745e-01	7.837e-01	1.235e+00	6	bulk_query: all2all queries
Avg queries: 1.156e+03, max queries on proc 767: 150161
Inbalance factor: 1.299e+02x
TIMER	5.679e-02	7.165e-02	5.947e-01	6	bulk_query: local query
TIMER	4.114e-01	5.108e-01	5.816e-01	6	bulk_query: all2all query results
TIMER	5.175e+01	5.177e+01	5.179e+01	7	resolve_next_lcp: bulk_rmq
TIMER	9.614e-03	1.516e-02	2.431e-02	7	resolve_next_lcp: set LCP
TIMER	5.201e+01	5.201e+01	5.202e+01	7	LCP update
unresolved = 397767, unfinished = 190943
TIMER	5.873e+01	5.874e+01	5.875e+01	5	bucket-chaising iteration
TIMER	1.450e-01	1.742e-01	1.962e-01	6	bulk_query: get recv_counts
TIMER	2.331e-01	6.560e-01	1.127e+00	6	bulk_query: all2all queries
Avg queries: 5.179e+02, max queries on proc 411: 92531
Inbalance factor: 1.787e+02x
TIMER	5.568e-02	6.470e-02	3.936e-01	6	bulk_query: local query
TIMER	2.863e-01	4.328e-01	5.698e-01	6	bulk_query: all2all query results
TIMER	6.220e+01	6.221e+01	6.223e+01	7	resolve_next_lcp: bulk_rmq
TIMER	6.327e-03	1.095e-02	1.854e-01	7	resolve_next_lcp: set LCP
TIMER	6.257e+01	6.258e+01	6.258e+01	7	LCP update
unresolved = 91070, unfinished = 45535
TIMER	7.005e+01	7.005e+01	7.007e+01	5	bucket-chaising iteration
TIMER	1.524e-01	1.721e-01	1.971e-01	6	bulk_query: get recv_counts
TIMER	8.524e-02	5.560e-01	9.910e-01	6	bulk_query: all2all queries
Avg queries: 1.186e+02, max queries on proc 27: 49248
Inbalance factor: 4.153e+02x
TIMER	6.391e-02	7.089e-02	2.555e-01	6	bulk_query: local query
TIMER	2.425e-01	3.405e-01	4.486e-01	6	bulk_query: all2all query results
TIMER	5.437e+01	5.438e+01	5.439e+01	7	resolve_next_lcp: bulk_rmq
TIMER	1.534e-03	4.487e-03	8.858e-02	7	resolve_next_lcp: set LCP
TIMER	5.466e+01	5.466e+01	5.466e+01	7	LCP update
unresolved = 0, unfinished = 0
TIMER	6.140e+01	6.141e+01	6.142e+01	5	bucket-chaising iteration
TIMER	1.915e+03	1.915e+03	1.915e+03	4	construct-msgs
TIMER	1.295e+01	1.488e+01	1.650e+01	4	fix-isa
TIMER	4.982e+03	4.988e+03	4.990e+03	2	desa_construct: SA/LCP construct
TIMER	1.196e+02	1.201e+02	1.208e+02	2	desa_construct: TLI construct
TIMER	2.400e-01	3.340e-01	4.212e-01	3	repartition: 1D-partition
TIMER	3.125e+00	3.127e+00	3.134e+00	2	desa_construct: 1-D partition
TIMER	1.193e+02	1.194e+02	1.198e+02	3	repartition: redistribute
TIMER	1.202e+02	1.202e+02	1.222e+02	2	desa_construct: repartition
TIMER	4.628e+01	4.763e+01	5.014e+01	2	desa_construct: RMQ construct
TIMER	1.622e-01	1.892e-01	2.061e-01	3	bulk_query: get recv_counts
TIMER	2.097e+02	2.132e+02	2.156e+02	3	bulk_query: all2all queries
Avg queries: 3.730e+06, max queries on proc 8: 3730589
Inbalance factor: 1.000e+00x
TIMER	3.386e+01	4.551e+01	4.862e+01	3	bulk_query: local query
TIMER	2.694e+01	2.728e+01	2.751e+01	3	bulk_query: all2all query results
TIMER	4.552e+02	4.571e+02	4.607e+02	2	desa_construct: Lc naive construct
TIMER	5.753e+03	5.753e+03	5.753e+03	1	construct idx
