== Node distribution == 
== p=384 processes on 8 nodes ==
--  Node: 'c478-072.stampede2.tacc.utexas.edu' (48/384)
        Ranks: 0, 1, 2, 3, 4, 5, 6, 7, 8, 9, 10, 11, 12, 13, 14, 15, 16, 17, 18, 19, 20, 21, 22, 23, 24, 25, 26, 27, 28, 29, 30, 31, 32, 33, 34, 35, 36, 37, 38, 39, 40, 41, 42, 43, 44, 45, 46, 47
--  Node: 'c498-094.stampede2.tacc.utexas.edu' (48/384)
        Ranks: 48, 49, 50, 51, 52, 53, 54, 55, 56, 57, 58, 59, 60, 61, 62, 63, 64, 65, 66, 67, 68, 69, 70, 71, 72, 73, 74, 75, 76, 77, 78, 79, 80, 81, 82, 83, 84, 85, 86, 87, 88, 89, 90, 91, 92, 93, 94, 95
--  Node: 'c498-102.stampede2.tacc.utexas.edu' (48/384)
        Ranks: 96, 97, 98, 99, 100, 101, 102, 103, 104, 105, 106, 107, 108, 109, 110, 111, 112, 113, 114, 115, 116, 117, 118, 119, 120, 121, 122, 123, 124, 125, 126, 127, 128, 129, 130, 131, 132, 133, 134, 135, 136, 137, 138, 139, 140, 141, 142, 143
--  Node: 'c504-064.stampede2.tacc.utexas.edu' (48/384)
        Ranks: 144, 145, 146, 147, 148, 149, 150, 151, 152, 153, 154, 155, 156, 157, 158, 159, 160, 161, 162, 163, 164, 165, 166, 167, 168, 169, 170, 171, 172, 173, 174, 175, 176, 177, 178, 179, 180, 181, 182, 183, 184, 185, 186, 187, 188, 189, 190, 191
--  Node: 'c504-071.stampede2.tacc.utexas.edu' (48/384)
        Ranks: 192, 193, 194, 195, 196, 197, 198, 199, 200, 201, 202, 203, 204, 205, 206, 207, 208, 209, 210, 211, 212, 213, 214, 215, 216, 217, 218, 219, 220, 221, 222, 223, 224, 225, 226, 227, 228, 229, 230, 231, 232, 233, 234, 235, 236, 237, 238, 239
--  Node: 'c505-034.stampede2.tacc.utexas.edu' (48/384)
        Ranks: 240, 241, 242, 243, 244, 245, 246, 247, 248, 249, 250, 251, 252, 253, 254, 255, 256, 257, 258, 259, 260, 261, 262, 263, 264, 265, 266, 267, 268, 269, 270, 271, 272, 273, 274, 275, 276, 277, 278, 279, 280, 281, 282, 283, 284, 285, 286, 287
--  Node: 'c506-071.stampede2.tacc.utexas.edu' (48/384)
        Ranks: 288, 289, 290, 291, 292, 293, 294, 295, 296, 297, 298, 299, 300, 301, 302, 303, 304, 305, 306, 307, 308, 309, 310, 311, 312, 313, 314, 315, 316, 317, 318, 319, 320, 321, 322, 323, 324, 325, 326, 327, 328, 329, 330, 331, 332, 333, 334, 335
--  Node: 'c506-091.stampede2.tacc.utexas.edu' (48/384)
        Ranks: 336, 337, 338, 339, 340, 341, 342, 343, 344, 345, 346, 347, 348, 349, 350, 351, 352, 353, 354, 355, 356, 357, 358, 359, 360, 361, 362, 363, 364, 365, 366, 367, 368, 369, 370, 371, 372, 373, 374, 375, 376, 377, 378, 379, 380, 381, 382, 383
TIMER	3.405e+01	5.736e+01	7.690e+01	1	read input file
TIMER	7.020e+00	7.023e+00	7.027e+00	2	desa_construct: cpy str
Alphabet: {sigma=4, l=3, A=[A, C, G, T]}
TIMER	1.154e+01	1.154e+01	1.157e+01	3	get alphabet
TIMER	7.485e+01	7.875e+01	8.412e+01	4	kmer-gen
TIMER	8.443e+01	8.867e+01	1.027e+02	5	shift-buckets
TIMER	3.756e+03	3.769e+03	3.785e+03	5	ISA-to-SA
TIMER	1.367e+02	1.419e+02	1.905e+02	5	init-lcp
iteration 21: unfinished buckets = 51313051, unfinished elements = 252565151
TIMER	7.510e+01	7.635e+01	7.870e+01	5	rebucket
TIMER	1.360e+03	1.377e+03	1.399e+03	5	SA-to-ISA
TIMER	5.558e+03	5.558e+03	5.558e+03	5	sac-iteration
Starting Bucket chasing algorithm
unresolved = 252565180, unfinished = 51313051
TIMER	3.703e+01	3.860e+01	3.864e+01	5	get active elements
TIMER	1.041e-01	1.247e-01	1.543e-01	6	bulk_query: get recv_counts
TIMER	7.054e+01	7.310e+01	7.622e+01	6	bulk_query: all2all queries
Avg queries: 6.577e+05, max queries on proc 205: 5686338
Inbalance factor: 8.646e+00x
TIMER	6.268e+00	1.301e+01	7.166e+01	6	bulk_query: local query
TIMER	6.749e+01	6.956e+01	7.223e+01	6	bulk_query: all2all query results
TIMER	5.215e+02	5.299e+02	5.600e+02	7	resolve_next_lcp: bulk_rmq
TIMER	4.897e+00	7.478e+00	1.156e+01	7	resolve_next_lcp: set LCP
TIMER	5.718e+02	5.719e+02	5.719e+02	7	LCP update
unresolved = 83264472, unfinished = 25014138
TIMER	1.336e+03	1.336e+03	1.337e+03	5	bucket-chaising iteration
TIMER	9.477e-02	1.463e-01	1.909e-01	6	bulk_query: get recv_counts
TIMER	3.085e+01	3.183e+01	3.306e+01	6	bulk_query: all2all queries
Avg queries: 2.168e+05, max queries on proc 205: 4553617
Inbalance factor: 2.100e+01x
TIMER	5.714e-01	2.620e+00	4.978e+01	6	bulk_query: local query
TIMER	2.303e+01	2.413e+01	2.494e+01	6	bulk_query: all2all query results
TIMER	1.844e+02	1.856e+02	1.873e+02	7	resolve_next_lcp: bulk_rmq
TIMER	2.004e+00	2.859e+00	3.624e+00	7	resolve_next_lcp: set LCP
TIMER	1.911e+02	1.911e+02	1.911e+02	7	LCP update
unresolved = 39125110, unfinished = 14728266
TIMER	5.128e+02	5.128e+02	5.141e+02	5	bucket-chaising iteration
TIMER	1.110e-01	1.355e-01	1.770e-01	6	bulk_query: get recv_counts
TIMER	1.947e+01	1.981e+01	2.034e+01	6	bulk_query: all2all queries
Avg queries: 1.019e+05, max queries on proc 205: 3302336
Inbalance factor: 3.241e+01x
TIMER	1.158e-01	9.042e-01	3.181e+01	6	bulk_query: local query
TIMER	1.101e+01	1.160e+01	1.221e+01	6	bulk_query: all2all query results
TIMER	1.424e+02	1.426e+02	1.432e+02	7	resolve_next_lcp: bulk_rmq
TIMER	1.061e+00	1.316e+00	1.649e+00	7	resolve_next_lcp: set LCP
TIMER	1.451e+02	1.451e+02	1.451e+02	7	LCP update
unresolved = 21253898, unfinished = 9155159
TIMER	3.248e+02	3.248e+02	3.258e+02	5	bucket-chaising iteration
TIMER	9.695e-02	1.257e-01	1.540e-01	6	bulk_query: get recv_counts
TIMER	7.798e+00	8.167e+00	8.666e+00	6	bulk_query: all2all queries
Avg queries: 5.535e+04, max queries on proc 205: 2117007
Inbalance factor: 3.825e+01x
TIMER	7.506e-02	4.615e-01	1.606e+01	6	bulk_query: local query
TIMER	6.140e+00	6.634e+00	7.105e+00	6	bulk_query: all2all query results
TIMER	1.226e+02	1.227e+02	1.229e+02	7	resolve_next_lcp: bulk_rmq
TIMER	5.004e-01	6.348e-01	8.006e-01	7	resolve_next_lcp: set LCP
TIMER	1.239e+02	1.239e+02	1.239e+02	7	LCP update
unresolved = 12458753, unfinished = 5704526
TIMER	2.207e+02	2.208e+02	2.208e+02	5	bucket-chaising iteration
TIMER	9.341e-02	1.207e-01	1.421e-01	6	bulk_query: get recv_counts
TIMER	2.093e+00	4.628e+00	5.289e+00	6	bulk_query: all2all queries
Avg queries: 3.244e+04, max queries on proc 382: 1196893
Inbalance factor: 3.689e+01x
TIMER	6.409e-02	2.650e-01	9.105e+00	6	bulk_query: local query
TIMER	3.448e+00	3.606e+00	3.912e+00	6	bulk_query: all2all query results
TIMER	1.160e+02	1.161e+02	1.162e+02	7	resolve_next_lcp: bulk_rmq
TIMER	2.864e-01	3.593e-01	4.532e-01	7	resolve_next_lcp: set LCP
TIMER	1.168e+02	1.168e+02	1.168e+02	7	LCP update
unresolved = 7057961, unfinished = 3349572
TIMER	1.702e+02	1.702e+02	1.703e+02	5	bucket-chaising iteration
TIMER	1.058e-01	1.250e-01	1.530e-01	6	bulk_query: get recv_counts
TIMER	1.282e+00	2.526e+00	3.493e+00	6	bulk_query: all2all queries
Avg queries: 1.838e+04, max queries on proc 382: 796743
Inbalance factor: 4.335e+01x
TIMER	6.190e-02	1.642e-01	5.607e+00	6	bulk_query: local query
TIMER	1.730e+00	1.936e+00	2.278e+00	6	bulk_query: all2all query results
TIMER	1.190e+02	1.191e+02	1.192e+02	7	resolve_next_lcp: bulk_rmq
TIMER	1.426e-01	1.969e-01	2.684e-01	7	resolve_next_lcp: set LCP
TIMER	1.196e+02	1.196e+02	1.196e+02	7	LCP update
unresolved = 3830919, unfinished = 1858430
TIMER	1.525e+02	1.525e+02	1.526e+02	5	bucket-chaising iteration
TIMER	8.086e-02	1.124e-01	1.398e-01	6	bulk_query: get recv_counts
TIMER	8.298e-01	1.362e+00	2.147e+00	6	bulk_query: all2all queries
Avg queries: 9.976e+03, max queries on proc 383: 514056
Inbalance factor: 5.153e+01x
TIMER	6.030e-02	1.140e-01	3.015e+00	6	bulk_query: local query
TIMER	1.054e+00	1.278e+00	1.410e+00	6	bulk_query: all2all query results
TIMER	1.204e+02	1.204e+02	1.205e+02	7	resolve_next_lcp: bulk_rmq
TIMER	8.078e-02	1.164e-01	8.521e-01	7	resolve_next_lcp: set LCP
TIMER	1.215e+02	1.215e+02	1.216e+02	7	LCP update
unresolved = 1897267, unfinished = 927479
TIMER	1.432e+02	1.432e+02	1.433e+02	5	bucket-chaising iteration
TIMER	8.547e-02	1.151e-01	1.421e-01	6	bulk_query: get recv_counts
TIMER	5.441e-01	8.503e-01	1.426e+00	6	bulk_query: all2all queries
Avg queries: 4.941e+03, max queries on proc 383: 333922
Inbalance factor: 6.758e+01x
TIMER	6.388e-02	8.525e-02	1.621e+00	6	bulk_query: local query
TIMER	5.869e-01	6.843e-01	7.937e-01	6	bulk_query: all2all query results
TIMER	1.074e+02	1.074e+02	1.075e+02	7	resolve_next_lcp: bulk_rmq
TIMER	3.463e-02	5.645e-02	2.697e-01	7	resolve_next_lcp: set LCP
TIMER	1.080e+02	1.080e+02	1.080e+02	7	LCP update
unresolved = 887691, unfinished = 430529
TIMER	1.201e+02	1.201e+02	1.201e+02	5	bucket-chaising iteration
TIMER	8.982e-02	1.177e-01	1.406e-01	6	bulk_query: get recv_counts
TIMER	3.588e-01	5.695e-01	9.246e-01	6	bulk_query: all2all queries
Avg queries: 2.312e+03, max queries on proc 383: 205310
Inbalance factor: 8.881e+01x
TIMER	6.284e-02	9.287e-02	8.735e-01	6	bulk_query: local query
TIMER	3.381e-01	4.237e-01	5.016e-01	6	bulk_query: all2all query results
TIMER	1.169e+02	1.169e+02	1.169e+02	7	resolve_next_lcp: bulk_rmq
TIMER	1.944e-02	3.215e-02	2.708e-01	7	resolve_next_lcp: set LCP
TIMER	1.194e+02	1.194e+02	1.194e+02	7	LCP update
unresolved = 397767, unfinished = 190943
TIMER	1.270e+02	1.270e+02	1.271e+02	5	bucket-chaising iteration
TIMER	8.587e-02	1.144e-01	1.463e-01	6	bulk_query: get recv_counts
TIMER	1.747e-01	4.054e-01	6.897e-01	6	bulk_query: all2all queries
Avg queries: 1.036e+03, max queries on proc 383: 113284
Inbalance factor: 1.094e+02x
TIMER	6.360e-02	7.096e-02	5.334e-01	6	bulk_query: local query
TIMER	2.460e-01	3.435e-01	4.152e-01	6	bulk_query: all2all query results
TIMER	1.121e+02	1.121e+02	1.122e+02	7	resolve_next_lcp: bulk_rmq
TIMER	1.280e-02	4.053e-02	2.383e-01	7	resolve_next_lcp: set LCP
TIMER	1.126e+02	1.126e+02	1.126e+02	7	LCP update
unresolved = 91070, unfinished = 45535
TIMER	1.245e+02	1.245e+02	1.245e+02	5	bucket-chaising iteration
TIMER	2.718e-01	1.780e+00	3.071e+00	6	bulk_query: get recv_counts
TIMER	1.646e-01	2.856e-01	5.017e-01	6	bulk_query: all2all queries
Avg queries: 2.372e+02, max queries on proc 13: 49248
Inbalance factor: 2.077e+02x
TIMER	5.807e-02	6.343e-02	2.257e-01	6	bulk_query: local query
TIMER	1.382e-01	1.865e-01	2.362e-01	6	bulk_query: all2all query results
TIMER	1.030e+02	1.030e+02	1.031e+02	7	resolve_next_lcp: bulk_rmq
TIMER	3.439e-03	1.875e-02	8.943e-02	7	resolve_next_lcp: set LCP
TIMER	1.033e+02	1.033e+02	1.033e+02	7	LCP update
unresolved = 0, unfinished = 0
TIMER	1.166e+02	1.166e+02	1.166e+02	5	bucket-chaising iteration
TIMER	3.396e+03	3.396e+03	3.396e+03	4	construct-msgs
TIMER	2.784e+01	3.153e+01	3.406e+01	4	fix-isa
TIMER	9.085e+03	9.086e+03	9.087e+03	2	desa_construct: SA/LCP construct
TIMER	1.990e+02	1.993e+02	2.018e+02	2	desa_construct: TLI construct
TIMER	8.121e-02	9.639e-02	4.154e-01	3	repartition: 1D-partition
TIMER	8.053e+00	8.079e+00	8.109e+00	2	desa_construct: 1-D partition
TIMER	2.629e+02	2.633e+02	2.642e+02	3	repartition: redistribute
TIMER	2.644e+02	2.644e+02	2.656e+02	2	desa_construct: repartition
TIMER	9.392e+01	9.637e+01	1.158e+02	2	desa_construct: RMQ construct
TIMER	1.017e-01	1.299e-01	1.614e-01	3	bulk_query: get recv_counts
TIMER	2.766e+02	2.810e+02	2.834e+02	3	bulk_query: all2all queries
Avg queries: 7.460e+06, max queries on proc 205: 7460730
Inbalance factor: 1.000e+00x
TIMER	9.810e+01	1.145e+02	1.388e+02	3	bulk_query: local query
TIMER	3.853e+01	4.013e+01	4.207e+01	3	bulk_query: all2all query results
TIMER	8.422e+02	8.457e+02	8.968e+02	2	desa_construct: Lc naive construct
TIMER	1.058e+04	1.058e+04	1.058e+04	1	construct idx
